<?xml version="1.0" encoding="UTF-8"?>
<testsuites name="TS1" time="1169" tests="6" failures="0" errors="0">
   <testsuite name="TS1" tests="6" failures="0" errors="0" time="1169" timestamp="2018-08-30 17:37:29" hostname="Trang Nguyen - DESKTOP-G1UHP65" id="Test Suites/TS1">
      <properties>
         <property name="deviceName" value=""/>
         <property name="devicePlatform" value=""/>
         <property name="logFolder" value="E:\\BeautytapAutomation\\beautytapAuto\\Beautytap\\Reports\\TS1\\20180830_173726"/>
         <property name="logFiles" value="E:\\BeautytapAutomation\\beautytapAuto\\Beautytap\\Reports\\TS1\\20180830_173726\\execution0.log"/>
         <property name="attachments" value="E:\\BeautytapAutomation\\beautytapAuto\\Beautytap\\Reports\\TS1\\20180830_173726\\1535625957146.png, E:\\BeautytapAutomation\\beautytapAuto\\Beautytap\\Reports\\TS1\\20180830_173726\\1535625997039.png, E:\\BeautytapAutomation\\beautytapAuto\\Beautytap\\Reports\\TS1\\20180830_173726\\1535626114268.png, E:\\BeautytapAutomation\\beautytapAuto\\Beautytap\\Reports\\TS1\\20180830_173726\\1535626214571.png, E:\\BeautytapAutomation\\beautytapAuto\\Beautytap\\Reports\\TS1\\20180830_173726\\1535626245532.png, E:\\BeautytapAutomation\\beautytapAuto\\Beautytap\\Reports\\TS1\\20180830_173726\\1535626293838.png, E:\\BeautytapAutomation\\beautytapAuto\\Beautytap\\Reports\\TS1\\20180830_173726\\1535626415159.png, E:\\BeautytapAutomation\\beautytapAuto\\Beautytap\\Reports\\TS1\\20180830_173726\\1535626463072.png, E:\\BeautytapAutomation\\beautytapAuto\\Beautytap\\Reports\\TS1\\20180830_173726\\1535626516290.png"/>
         <property name="hostName" value="Trang Nguyen - DESKTOP-G1UHP65"/>
         <property name="os" value="Windows 10 64bit"/>
         <property name="katalonVersion" value="5.5.0.1"/>
         <property name="browser" value="Chrome 68.0.3440.106"/>
         <property name="hostAddress" value="10.0.0.151"/>
         <property name="sessionId" value="199031d88687c0ccc1ebbdc4f4fd847b"/>
         <property name="seleniumVersion" value="3.7.1"/>
         <property name="proxyInformation" value="ProxyInformation{proxyOption=NO_PROXY, proxyServerType=HTTP, password=, proxyServerAddress=, proxyServerPort=0}"/>
         <property name="platform" value="Windows 10"/>
      </properties>
      <testcase name="Test Cases/SignUp_Login_ResetPass/TC01_SignUp_Login_ResetPassword_Via_Email" classname="Test Cases/SignUp_Login_ResetPass/TC01_SignUp_Login_ResetPassword_Via_Email" status="PASSED">
         <system-out><![CDATA[2018-08-30 17:37:29 - [TEST_CASE][PASSED] - Test Cases/SignUp_Login_ResetPass/TC01_SignUp_Login_ResetPassword_Via_Email: Test Cases/SignUp_Login_ResetPass/TC01_SignUp_Login_ResetPassword_Via_Email

2018-08-30 17:37:30 - [TEST_STEP][PASSED] - Statement - r_string = new java.lang.Math().random().toString().substring(2, 8): null

2018-08-30 17:37:30 - [TEST_STEP][PASSED] - Statement - username = "auto" + r_string: null

2018-08-30 17:37:30 - [TEST_STEP][PASSED] - Statement - email = username + "@mailinator.com": null

2018-08-30 17:37:30 - [TEST_STEP][PASSED] - Statement - password = "123456": null

2018-08-30 17:37:30 - [TEST_STEP][PASSED] - Statement - newpassword = "test123": null

2018-08-30 17:37:30 - [TEST_STEP][PASSED] - Statement - name = "Auto User " + r_string: null

2018-08-30 17:37:30 - [TEST_STEP][PASSED] - Statement - birthday = "01/01/1990": null

2018-08-30 17:37:30 - [TEST_STEP][PASSED] - Statement - activation_subject = SITE_TITLE + " Activate your account": null

2018-08-30 17:37:30 - [TEST_STEP][PASSED] - Statement - resetpass_subject = SITE_TITLE + " Password Reset": null

2018-08-30 17:37:30 - [TEST_STEP][PASSED] - beautytap.GeneralAction.openBeautytap: beautytap.GeneralAction.openBeautytap is PASSED

2018-08-30 17:37:50 - [MESSAGE][PASSED] - Browser is opened with url: 'https://stage.beautytap.com'

2018-08-30 17:37:51 - [MESSAGE][PASSED] - Current window maximized

2018-08-30 17:37:55 - [MESSAGE][PASSED] - Refresh successfully

2018-08-30 17:37:55 - [MESSAGE][PASSED] - Wait for page load successfully

2018-08-30 17:37:55 - [MESSAGE][PASSED] - beautytap.GeneralAction.openBeautytap is PASSED

2018-08-30 17:37:55 - [TEST_STEP][PASSED] - beautytap.GeneralAction.clickNavigationMenu: beautytap.GeneralAction.clickNavigationMenu is PASSED

2018-08-30 17:37:57 - [MESSAGE][PASSED] - Object: 'Object Repository/Page_General/link_signup' is clicked on

2018-08-30 17:37:57 - [MESSAGE][PASSED] - Wait for page load successfully

2018-08-30 17:37:57 - [MESSAGE][PASSED] - beautytap.GeneralAction.clickNavigationMenu is PASSED

2018-08-30 17:37:57 - [TEST_STEP][PASSED] - beautytap.GeneralAction.signup: beautytap.GeneralAction.signup is PASSED

2018-08-30 17:37:58 - [MESSAGE][PASSED] - Keys 'auto579670' sent to object: 'Object Repository/Page_Signup/txt_username'

2018-08-30 17:37:58 - [MESSAGE][PASSED] - Keys 'auto579670@mailinator.com' sent to object: 'Object Repository/Page_Signup/txt_email'

2018-08-30 17:37:58 - [MESSAGE][PASSED] - Keys '123456' sent to object: 'Object Repository/Page_Signup/txt_password'

2018-08-30 17:37:58 - [MESSAGE][PASSED] - Keys 'Auto User 579670' sent to object: 'Object Repository/Page_Signup/txt_name'

2018-08-30 17:37:59 - [MESSAGE][PASSED] - Keys '01/01/1990' sent to object: 'Object Repository/Page_Signup/txt_birthday'

2018-08-30 17:37:59 - [MESSAGE][PASSED] - Object: 'Object Repository/Page_Signup/btn_signup' is clicked on

2018-08-30 17:37:59 - [MESSAGE][PASSED] - Wait for page load successfully

2018-08-30 17:37:59 - [MESSAGE][PASSED] - beautytap.GeneralAction.signup is PASSED

2018-08-30 17:37:59 - [TEST_STEP][PASSED] - verifyElementPresent: Object 'Object Repository/Page_Signup/lbl_sucessMessage' is present

2018-08-30 17:38:04 - [MESSAGE][PASSED] - Object 'Object Repository/Page_Signup/lbl_sucessMessage' is present

2018-08-30 17:38:04 - [TEST_STEP][PASSED] - beautytap.GeneralAction.openMailBox: beautytap.GeneralAction.openMailBox is PASSED

2018-08-30 17:38:06 - [MESSAGE][PASSED] - Navigate to 'https://www.mailinator.com' successfully

2018-08-30 17:38:06 - [MESSAGE][PASSED] - Wait for page load successfully

2018-08-30 17:38:06 - [MESSAGE][PASSED] - Keys 'auto579670' sent to object: 'Object Repository/Page_mailinator/txt_email'

2018-08-30 17:38:07 - [MESSAGE][PASSED] - Object: 'Object Repository/Page_mailinator/btn_go' is clicked on

2018-08-30 17:38:07 - [MESSAGE][PASSED] - Wait for page load successfully

2018-08-30 17:38:12 - [MESSAGE][PASSED] - Delayed 5 second(s)

2018-08-30 17:38:13 - [MESSAGE][PASSED] - Object: '' is clicked on

2018-08-30 17:38:13 - [MESSAGE][PASSED] - beautytap.GeneralAction.openMailBox is PASSED

2018-08-30 17:38:13 - [TEST_STEP][PASSED] - beautytap.GeneralAction.verifyEmailExist: beautytap.GeneralAction.verifyEmailExist is PASSED

2018-08-30 17:38:13 - [MESSAGE][PASSED] - Object '' is present

2018-08-30 17:38:13 - [MESSAGE][PASSED] - beautytap.GeneralAction.verifyEmailExist is PASSED

2018-08-30 17:38:13 - [TEST_STEP][PASSED] - beautytap.GeneralAction.openEmail: beautytap.GeneralAction.openEmail is PASSED

2018-08-30 17:38:13 - [MESSAGE][PASSED] - Object: '' is clicked on

2018-08-30 17:38:13 - [MESSAGE][PASSED] - beautytap.GeneralAction.openEmail is PASSED

2018-08-30 17:38:13 - [TEST_STEP][PASSED] - beautytap.GeneralAction.clickEmailLink: beautytap.GeneralAction.clickEmailLink is PASSED

2018-08-30 17:38:14 - [MESSAGE][PASSED] - Text of object '' is: 'https://stage.beautytap.com/activate/cE08l4pyi9DblfrsDCDEcZxE0ayU3t5K/'

2018-08-30 17:38:27 - [MESSAGE][PASSED] - Navigate to 'https://stage.beautytap.com/activate/cE08l4pyi9DblfrsDCDEcZxE0ayU3t5K/' successfully

2018-08-30 17:38:27 - [MESSAGE][PASSED] - beautytap.GeneralAction.clickEmailLink is PASSED

2018-08-30 17:38:27 - [TEST_STEP][PASSED] - waitForPageLoad: Wait for page load successfully

2018-08-30 17:38:27 - [MESSAGE][PASSED] - Wait for page load successfully

2018-08-30 17:38:27 - [TEST_STEP][PASSED] - verifyElementPresent: Object 'Object Repository/Page_General/lbl_activeSuccessMessage' is present

2018-08-30 17:38:27 - [MESSAGE][PASSED] - Object 'Object Repository/Page_General/lbl_activeSuccessMessage' is present

2018-08-30 17:38:27 - [TEST_STEP][PASSED] - beautytap.GeneralAction.clickNavigationMenu: beautytap.GeneralAction.clickNavigationMenu is PASSED

2018-08-30 17:38:30 - [MESSAGE][PASSED] - Object: 'Object Repository/Page_General/link_login' is clicked on

2018-08-30 17:38:30 - [MESSAGE][PASSED] - Wait for page load successfully

2018-08-30 17:38:30 - [MESSAGE][PASSED] - beautytap.GeneralAction.clickNavigationMenu is PASSED

2018-08-30 17:38:30 - [TEST_STEP][PASSED] - beautytap.GeneralAction.login: beautytap.GeneralAction.login is PASSED

2018-08-30 17:38:30 - [MESSAGE][PASSED] - Text of object 'Object Repository/Page_login/txt_username' is cleared

2018-08-30 17:38:30 - [MESSAGE][PASSED] - Keys 'auto579670' sent to object: 'Object Repository/Page_login/txt_username'

2018-08-30 17:38:31 - [MESSAGE][PASSED] - Text of object 'Object Repository/Page_login/txt_password' is cleared

2018-08-30 17:38:31 - [MESSAGE][PASSED] - Keys '123456' sent to object: 'Object Repository/Page_login/txt_password'

2018-08-30 17:38:31 - [MESSAGE][PASSED] - Object: 'Object Repository/Page_login/btn_login' is clicked on

2018-08-30 17:38:31 - [MESSAGE][PASSED] - Wait for page load successfully

2018-08-30 17:38:31 - [MESSAGE][PASSED] - beautytap.GeneralAction.login is PASSED

2018-08-30 17:38:31 - [TEST_STEP][PASSED] - verifyElementPresent: Object 'Object Repository/Page_General/link_avatar' is present

2018-08-30 17:38:39 - [MESSAGE][PASSED] - Object 'Object Repository/Page_General/link_avatar' is present

2018-08-30 17:38:39 - [TEST_STEP][PASSED] - beautytap.GeneralAction.logout: beautytap.GeneralAction.logout is PASSED

2018-08-30 17:38:39 - [MESSAGE][PASSED] - Object: 'Object Repository/Page_General/link_avatar' is clicked on

2018-08-30 17:38:39 - [MESSAGE][PASSED] - Object 'Object Repository/Page_General/menu_logout' is present

2018-08-30 17:38:39 - [MESSAGE][PASSED] - Object: 'Object Repository/Page_General/menu_logout' is clicked on

2018-08-30 17:38:40 - [MESSAGE][PASSED] - Wait for page load successfully

2018-08-30 17:38:40 - [MESSAGE][PASSED] - beautytap.GeneralAction.logout is PASSED

2018-08-30 17:38:40 - [TEST_STEP][PASSED] - beautytap.GeneralAction.clickNavigationMenu: beautytap.GeneralAction.clickNavigationMenu is PASSED

2018-08-30 17:38:46 - [MESSAGE][PASSED] - Object: 'Object Repository/Page_General/link_login' is clicked on

2018-08-30 17:38:46 - [MESSAGE][PASSED] - Wait for page load successfully

2018-08-30 17:38:46 - [MESSAGE][PASSED] - beautytap.GeneralAction.clickNavigationMenu is PASSED

2018-08-30 17:38:46 - [TEST_STEP][PASSED] - beautytap.GeneralAction.login: beautytap.GeneralAction.login is PASSED

2018-08-30 17:38:46 - [MESSAGE][PASSED] - Text of object 'Object Repository/Page_login/txt_username' is cleared

2018-08-30 17:38:46 - [MESSAGE][PASSED] - Keys 'auto579670@mailinator.com' sent to object: 'Object Repository/Page_login/txt_username'

2018-08-30 17:38:47 - [MESSAGE][PASSED] - Text of object 'Object Repository/Page_login/txt_password' is cleared

2018-08-30 17:38:47 - [MESSAGE][PASSED] - Keys '123456' sent to object: 'Object Repository/Page_login/txt_password'

2018-08-30 17:38:47 - [MESSAGE][PASSED] - Object: 'Object Repository/Page_login/btn_login' is clicked on

2018-08-30 17:38:47 - [MESSAGE][PASSED] - Wait for page load successfully

2018-08-30 17:38:47 - [MESSAGE][PASSED] - beautytap.GeneralAction.login is PASSED

2018-08-30 17:38:47 - [TEST_STEP][PASSED] - verifyElementPresent: Object 'Object Repository/Page_General/link_avatar' is present

2018-08-30 17:38:58 - [MESSAGE][PASSED] - Object 'Object Repository/Page_General/link_avatar' is present

2018-08-30 17:38:58 - [TEST_STEP][PASSED] - beautytap.GeneralAction.logout: beautytap.GeneralAction.logout is PASSED

2018-08-30 17:38:58 - [MESSAGE][PASSED] - Object: 'Object Repository/Page_General/link_avatar' is clicked on

2018-08-30 17:38:58 - [MESSAGE][PASSED] - Object 'Object Repository/Page_General/menu_logout' is present

2018-08-30 17:38:58 - [MESSAGE][PASSED] - Object: 'Object Repository/Page_General/menu_logout' is clicked on

2018-08-30 17:38:58 - [MESSAGE][PASSED] - Wait for page load successfully

2018-08-30 17:38:58 - [MESSAGE][PASSED] - beautytap.GeneralAction.logout is PASSED

2018-08-30 17:38:58 - [TEST_STEP][PASSED] - beautytap.GeneralAction.clickNavigationMenu: beautytap.GeneralAction.clickNavigationMenu is PASSED

2018-08-30 17:39:07 - [MESSAGE][PASSED] - Object: 'Object Repository/Page_General/link_login' is clicked on

2018-08-30 17:39:07 - [MESSAGE][PASSED] - Wait for page load successfully

2018-08-30 17:39:07 - [MESSAGE][PASSED] - beautytap.GeneralAction.clickNavigationMenu is PASSED

2018-08-30 17:39:07 - [TEST_STEP][PASSED] - click: Object: 'Object Repository/Page_Login/link_forgotPassword' is clicked on

2018-08-30 17:39:10 - [MESSAGE][PASSED] - Object: 'Object Repository/Page_Login/link_forgotPassword' is clicked on

2018-08-30 17:39:10 - [TEST_STEP][PASSED] - sendKeys: Keys 'auto579670' sent to object: 'Object Repository/Page_ForgotPassword/txt_usernameOrEmail'

2018-08-30 17:39:10 - [MESSAGE][PASSED] - Keys 'auto579670' sent to object: 'Object Repository/Page_ForgotPassword/txt_usernameOrEmail'

2018-08-30 17:39:10 - [TEST_STEP][PASSED] - click: Object: 'Object Repository/Page_ForgotPassword/btn_forgotPassword' is clicked on

2018-08-30 17:39:11 - [MESSAGE][PASSED] - Object: 'Object Repository/Page_ForgotPassword/btn_forgotPassword' is clicked on

2018-08-30 17:39:11 - [TEST_STEP][PASSED] - verifyElementPresent: Object 'Object Repository/Page_ForgotPassword/lbl_sucessMessage' is present

2018-08-30 17:39:14 - [MESSAGE][PASSED] - Object 'Object Repository/Page_ForgotPassword/lbl_sucessMessage' is present

2018-08-30 17:39:14 - [TEST_STEP][PASSED] - beautytap.GeneralAction.openMailBox: beautytap.GeneralAction.openMailBox is PASSED

2018-08-30 17:39:16 - [MESSAGE][PASSED] - Navigate to 'https://www.mailinator.com' successfully

2018-08-30 17:39:16 - [MESSAGE][PASSED] - Wait for page load successfully

2018-08-30 17:39:16 - [MESSAGE][PASSED] - Keys 'auto579670' sent to object: 'Object Repository/Page_mailinator/txt_email'

2018-08-30 17:39:17 - [MESSAGE][PASSED] - Object: 'Object Repository/Page_mailinator/btn_go' is clicked on

2018-08-30 17:39:17 - [MESSAGE][PASSED] - Wait for page load successfully

2018-08-30 17:39:22 - [MESSAGE][PASSED] - Delayed 5 second(s)

2018-08-30 17:39:22 - [MESSAGE][PASSED] - Object: '' is clicked on

2018-08-30 17:39:22 - [MESSAGE][PASSED] - beautytap.GeneralAction.openMailBox is PASSED

2018-08-30 17:39:22 - [TEST_STEP][PASSED] - beautytap.GeneralAction.verifyEmailExist: beautytap.GeneralAction.verifyEmailExist is PASSED

2018-08-30 17:39:23 - [MESSAGE][PASSED] - Object '' is present

2018-08-30 17:39:23 - [MESSAGE][PASSED] - beautytap.GeneralAction.verifyEmailExist is PASSED

2018-08-30 17:39:23 - [TEST_STEP][PASSED] - beautytap.GeneralAction.openEmail: beautytap.GeneralAction.openEmail is PASSED

2018-08-30 17:39:23 - [MESSAGE][PASSED] - Object: '' is clicked on

2018-08-30 17:39:23 - [MESSAGE][PASSED] - beautytap.GeneralAction.openEmail is PASSED

2018-08-30 17:39:23 - [TEST_STEP][PASSED] - beautytap.GeneralAction.clickEmailLink: beautytap.GeneralAction.clickEmailLink is PASSED

2018-08-30 17:39:24 - [MESSAGE][PASSED] - Text of object '' is: 'https://stage.beautytap.com/wp-login.php?action=rp&key=fix7kK7JE4CUrjAL4VVc&login=auto579670'

2018-08-30 17:39:27 - [MESSAGE][PASSED] - Navigate to 'https://stage.beautytap.com/wp-login.php?action=rp&key=fix7kK7JE4CUrjAL4VVc&login=auto579670' successfully

2018-08-30 17:39:28 - [MESSAGE][PASSED] - beautytap.GeneralAction.clickEmailLink is PASSED

2018-08-30 17:39:28 - [TEST_STEP][PASSED] - delay: Delayed 20 second(s)

2018-08-30 17:39:48 - [MESSAGE][PASSED] - Delayed 20 second(s)

2018-08-30 17:39:48 - [TEST_STEP][PASSED] - clearText: Text of object 'Object Repository/Page_ForgotPassword/txt_newPassword' is cleared

2018-08-30 17:39:48 - [MESSAGE][PASSED] - Text of object 'Object Repository/Page_ForgotPassword/txt_newPassword' is cleared

2018-08-30 17:39:48 - [TEST_STEP][PASSED] - sendKeys: Keys 'test123' sent to object: 'Object Repository/Page_ForgotPassword/txt_newPassword'

2018-08-30 17:39:48 - [MESSAGE][PASSED] - Keys 'test123' sent to object: 'Object Repository/Page_ForgotPassword/txt_newPassword'

2018-08-30 17:39:48 - [TEST_STEP][PASSED] - click: Object: 'Object Repository/Page_ForgotPassword/btn_resetPassword' is clicked on

2018-08-30 17:39:53 - [MESSAGE][PASSED] - Object: 'Object Repository/Page_ForgotPassword/btn_resetPassword' is clicked on

2018-08-30 17:39:53 - [TEST_STEP][PASSED] - verifyElementPresent: Object 'Object Repository/Page_ForgotPassword/lbl_resetPasswordMessage' is present

2018-08-30 17:39:53 - [MESSAGE][PASSED] - Object 'Object Repository/Page_ForgotPassword/lbl_resetPasswordMessage' is present

2018-08-30 17:39:53 - [TEST_STEP][PASSED] - beautytap.GeneralAction.clickNavigationMenu: beautytap.GeneralAction.clickNavigationMenu is PASSED

2018-08-30 17:39:56 - [MESSAGE][PASSED] - Object: 'Object Repository/Page_General/link_login' is clicked on

2018-08-30 17:39:56 - [MESSAGE][PASSED] - Wait for page load successfully

2018-08-30 17:39:56 - [MESSAGE][PASSED] - beautytap.GeneralAction.clickNavigationMenu is PASSED

2018-08-30 17:39:56 - [TEST_STEP][PASSED] - beautytap.GeneralAction.login: beautytap.GeneralAction.login is PASSED

2018-08-30 17:39:56 - [MESSAGE][PASSED] - Text of object 'Object Repository/Page_login/txt_username' is cleared

2018-08-30 17:39:56 - [MESSAGE][PASSED] - Keys 'auto579670' sent to object: 'Object Repository/Page_login/txt_username'

2018-08-30 17:39:56 - [MESSAGE][PASSED] - Text of object 'Object Repository/Page_login/txt_password' is cleared

2018-08-30 17:39:56 - [MESSAGE][PASSED] - Keys '123456' sent to object: 'Object Repository/Page_login/txt_password'

2018-08-30 17:39:56 - [MESSAGE][PASSED] - Object: 'Object Repository/Page_login/btn_login' is clicked on

2018-08-30 17:39:56 - [MESSAGE][PASSED] - Wait for page load successfully

2018-08-30 17:39:56 - [MESSAGE][PASSED] - beautytap.GeneralAction.login is PASSED

2018-08-30 17:39:56 - [TEST_STEP][PASSED] - verifyElementText: Actual text and expected text of test object 'Object Repository/Page_Login/lbl_errorMessage' are matched.

2018-08-30 17:39:57 - [MESSAGE][PASSED] - Actual text and expected text of test object 'Object Repository/Page_Login/lbl_errorMessage' are matched.

2018-08-30 17:39:57 - [TEST_STEP][PASSED] - beautytap.GeneralAction.login: beautytap.GeneralAction.login is PASSED

2018-08-30 17:39:57 - [MESSAGE][PASSED] - Text of object 'Object Repository/Page_login/txt_username' is cleared

2018-08-30 17:39:57 - [MESSAGE][PASSED] - Keys 'auto579670' sent to object: 'Object Repository/Page_login/txt_username'

2018-08-30 17:39:57 - [MESSAGE][PASSED] - Text of object 'Object Repository/Page_login/txt_password' is cleared

2018-08-30 17:39:57 - [MESSAGE][PASSED] - Keys 'test123' sent to object: 'Object Repository/Page_login/txt_password'

2018-08-30 17:39:57 - [MESSAGE][PASSED] - Object: 'Object Repository/Page_login/btn_login' is clicked on

2018-08-30 17:39:57 - [MESSAGE][PASSED] - Wait for page load successfully

2018-08-30 17:39:57 - [MESSAGE][PASSED] - beautytap.GeneralAction.login is PASSED

2018-08-30 17:39:57 - [TEST_STEP][PASSED] - verifyElementPresent: Object 'Object Repository/Page_General/link_avatar' is present

2018-08-30 17:40:05 - [MESSAGE][PASSED] - Object 'Object Repository/Page_General/link_avatar' is present

2018-08-30 17:40:05 - [TEST_STEP][PASSED] - beautytap.GeneralAction.logout: beautytap.GeneralAction.logout is PASSED

2018-08-30 17:40:05 - [MESSAGE][PASSED] - Object: 'Object Repository/Page_General/link_avatar' is clicked on

2018-08-30 17:40:05 - [MESSAGE][PASSED] - Object 'Object Repository/Page_General/menu_logout' is present

2018-08-30 17:40:05 - [MESSAGE][PASSED] - Object: 'Object Repository/Page_General/menu_logout' is clicked on

2018-08-30 17:40:05 - [MESSAGE][PASSED] - Wait for page load successfully

2018-08-30 17:40:05 - [MESSAGE][PASSED] - beautytap.GeneralAction.logout is PASSED

2018-08-30 17:40:05 - [TEST_STEP][PASSED] - beautytap.GeneralAction.clickNavigationMenu: beautytap.GeneralAction.clickNavigationMenu is PASSED

2018-08-30 17:40:12 - [MESSAGE][PASSED] - Object: 'Object Repository/Page_General/link_login' is clicked on

2018-08-30 17:40:12 - [MESSAGE][PASSED] - Wait for page load successfully

2018-08-30 17:40:12 - [MESSAGE][PASSED] - beautytap.GeneralAction.clickNavigationMenu is PASSED

2018-08-30 17:40:12 - [TEST_STEP][PASSED] - beautytap.GeneralAction.login: beautytap.GeneralAction.login is PASSED

2018-08-30 17:40:12 - [MESSAGE][PASSED] - Text of object 'Object Repository/Page_login/txt_username' is cleared

2018-08-30 17:40:12 - [MESSAGE][PASSED] - Keys 'auto579670@mailinator.com' sent to object: 'Object Repository/Page_login/txt_username'

2018-08-30 17:40:12 - [MESSAGE][PASSED] - Text of object 'Object Repository/Page_login/txt_password' is cleared

2018-08-30 17:40:12 - [MESSAGE][PASSED] - Keys 'test123' sent to object: 'Object Repository/Page_login/txt_password'

2018-08-30 17:40:12 - [MESSAGE][PASSED] - Object: 'Object Repository/Page_login/btn_login' is clicked on

2018-08-30 17:40:12 - [MESSAGE][PASSED] - Wait for page load successfully

2018-08-30 17:40:12 - [MESSAGE][PASSED] - beautytap.GeneralAction.login is PASSED

2018-08-30 17:40:12 - [TEST_STEP][PASSED] - verifyElementPresent: Object 'Object Repository/Page_General/link_avatar' is present

2018-08-30 17:40:19 - [MESSAGE][PASSED] - Object 'Object Repository/Page_General/link_avatar' is present

2018-08-30 17:40:19 - [TEST_STEP][PASSED] - beautytap.GeneralAction.logout: beautytap.GeneralAction.logout is PASSED

2018-08-30 17:40:19 - [MESSAGE][PASSED] - Object: 'Object Repository/Page_General/link_avatar' is clicked on

2018-08-30 17:40:20 - [MESSAGE][PASSED] - Object 'Object Repository/Page_General/menu_logout' is present

2018-08-30 17:40:20 - [MESSAGE][PASSED] - Object: 'Object Repository/Page_General/menu_logout' is clicked on

2018-08-30 17:40:20 - [MESSAGE][PASSED] - Wait for page load successfully

2018-08-30 17:40:21 - [MESSAGE][PASSED] - Browser is closed

2018-08-30 17:40:21 - [MESSAGE][PASSED] - beautytap.GeneralAction.logout is PASSED]]></system-out>
         <system-err><![CDATA[]]></system-err>
      </testcase>
      <testcase name="Test Cases/SignUp_Login_ResetPass/TC02_SignUp_Login_ViaFacebookEmail_NewUser_OldUser" classname="Test Cases/SignUp_Login_ResetPass/TC02_SignUp_Login_ViaFacebookEmail_NewUser_OldUser" status="PASSED">
         <system-out><![CDATA[2018-08-30 17:40:21 - [TEST_CASE][PASSED] - Test Cases/SignUp_Login_ResetPass/TC02_SignUp_Login_ViaFacebookEmail_NewUser_OldUser: Test Cases/SignUp_Login_ResetPass/TC02_SignUp_Login_ViaFacebookEmail_NewUser_OldUser

2018-08-30 17:40:21 - [TEST_STEP][PASSED] - beautytap.AdminAction.deleteUser: beautytap.AdminAction.deleteUser is PASSED

2018-08-30 17:40:29 - [MESSAGE][PASSED] - Browser is opened with url: 'https://stage.beautytap.com/login'

2018-08-30 17:40:30 - [MESSAGE][PASSED] - Current window maximized

2018-08-30 17:40:30 - [MESSAGE][PASSED] - Text of object 'Object Repository/Page_login/txt_username' is cleared

2018-08-30 17:40:30 - [MESSAGE][PASSED] - Keys 'mrwhite' sent to object: 'Object Repository/Page_login/txt_username'

2018-08-30 17:40:30 - [MESSAGE][PASSED] - Text of object 'Object Repository/Page_login/txt_password' is cleared

2018-08-30 17:40:30 - [MESSAGE][PASSED] - Keys 'kgySM$Im' sent to object: 'Object Repository/Page_login/txt_password'

2018-08-30 17:40:31 - [MESSAGE][PASSED] - Object: 'Object Repository/Page_login/btn_login' is clicked on

2018-08-30 17:40:31 - [MESSAGE][PASSED] - Wait for page load successfully

2018-08-30 17:40:31 - [MESSAGE][PASSED] - Wait for page load successfully

2018-08-30 17:40:37 - [MESSAGE][PASSED] - Navigate to 'https://stage.beautytap.com/admin' successfully

2018-08-30 17:40:37 - [MESSAGE][PASSED] - Wait for page load successfully

2018-08-30 17:40:44 - [MESSAGE][PASSED] - Object: 'Object Repository/Page_Admin/menu_users' is clicked on

2018-08-30 17:40:44 - [MESSAGE][PASSED] - Wait for page load successfully

2018-08-30 17:40:44 - [MESSAGE][PASSED] - Text of object 'Object Repository/Page_Admin/txt_searchBox' is cleared

2018-08-30 17:40:45 - [MESSAGE][PASSED] - Keys 'g5.posiba@gmail.com' sent to object: 'Object Repository/Page_Admin/txt_searchBox'

2018-08-30 17:40:47 - [MESSAGE][PASSED] - Object: 'Object Repository/Page_Admin/btn_searchUser' is clicked on

2018-08-30 17:40:47 - [MESSAGE][PASSED] - Wait for page load successfully

2018-08-30 17:40:47 - [MESSAGE][PASSED] - Text of object '' is: 'g5.posiba@gmail.com'

2018-08-30 17:40:47 - [MESSAGE][PASSED] - Attribute 'id' of object '' is: 'user-64383'

2018-08-30 17:40:47 - [MESSAGE][PASSED] - Object: '' is hovered

2018-08-30 17:40:52 - [MESSAGE][PASSED] - Delayed 5 second(s)

2018-08-30 17:40:52 - [MESSAGE][PASSED] - Object: '' is clicked on

2018-08-30 17:40:53 - [MESSAGE][PASSED] - Alert accepted

2018-08-30 17:40:54 - [MESSAGE][PASSED] - Wait for page load successfully

2018-08-30 17:40:59 - [MESSAGE][PASSED] - Object: 'Object Repository/Page_Admin/btn_confirmDeleteUser' is clicked on

2018-08-30 17:40:59 - [MESSAGE][PASSED] - Wait for page load successfully

2018-08-30 17:41:00 - [MESSAGE][PASSED] - Browser is closed

2018-08-30 17:41:00 - [MESSAGE][PASSED] - beautytap.AdminAction.deleteUser is PASSED

2018-08-30 17:41:00 - [TEST_STEP][PASSED] - beautytap.GeneralAction.openBeautytap: beautytap.GeneralAction.openBeautytap is PASSED

2018-08-30 17:41:17 - [MESSAGE][PASSED] - Browser is opened with url: 'https://stage.beautytap.com'

2018-08-30 17:41:18 - [MESSAGE][PASSED] - Current window maximized

2018-08-30 17:41:21 - [MESSAGE][PASSED] - Refresh successfully

2018-08-30 17:41:21 - [MESSAGE][PASSED] - Wait for page load successfully

2018-08-30 17:41:21 - [MESSAGE][PASSED] - beautytap.GeneralAction.openBeautytap is PASSED

2018-08-30 17:41:21 - [TEST_STEP][PASSED] - beautytap.GeneralAction.clickNavigationMenu: beautytap.GeneralAction.clickNavigationMenu is PASSED

2018-08-30 17:41:24 - [MESSAGE][PASSED] - Object: 'Object Repository/Page_General/link_signup' is clicked on

2018-08-30 17:41:24 - [MESSAGE][PASSED] - Wait for page load successfully

2018-08-30 17:41:24 - [MESSAGE][PASSED] - beautytap.GeneralAction.clickNavigationMenu is PASSED

2018-08-30 17:41:24 - [TEST_STEP][PASSED] - beautytap.GeneralAction.signupViaFacebook: beautytap.GeneralAction.signupViaFacebook is PASSED

2018-08-30 17:41:24 - [MESSAGE][PASSED] - Object: 'Object Repository/Page_Signup/btn_signupFB' is clicked on

2018-08-30 17:41:24 - [MESSAGE][PASSED] - Switched to window with index: '1'

2018-08-30 17:41:26 - [MESSAGE][PASSED] - Keys 'g5.posiba@gmail.com' sent to object: 'Object Repository/Popup_FacebookLogin/txt_email'

2018-08-30 17:41:26 - [MESSAGE][PASSED] - Keys 'posiba123' sent to object: 'Object Repository/Popup_FacebookLogin/txt_password'

2018-08-30 17:41:27 - [MESSAGE][PASSED] - Object: 'Object Repository/Popup_FacebookLogin/btn_login' is clicked on

2018-08-30 17:41:29 - [MESSAGE][WARNING] - Cannot take screenshot

2018-08-30 17:41:29 - [MESSAGE][FAILED] - Unable to get text of object 'Object Repository/Popup_FacebookLogin/btn_confirmPermission' (Root cause: org.openqa.selenium.NoSuchWindowException: no such window: window was already closed
  (Session info: chrome=68.0.3440.106)
  (Driver info: chromedriver=2.35.528161 (5b82f2d2aae0ca24b877009200ced9065a772e73),platform=Windows NT 10.0.17134 x86_64) (WARNING: The server did not provide any stacktrace information)
Command duration or timeout: 0 milliseconds
Build info: version: '3.7.1', revision: '8a0099a', time: '2017-11-06T21:07:36.161Z'
System info: host: 'DESKTOP-G1UHP65', ip: '10.0.0.151', os.name: 'Windows 10', os.arch: 'amd64', os.version: '10.0', java.version: '1.8.0_102'
Driver info: com.kms.katalon.selenium.driver.CChromeDriver
Capabilities {acceptInsecureCerts: false, acceptSslCerts: false, applicationCacheEnabled: false, browserConnectionEnabled: false, browserName: chrome, chrome: {chromedriverVersion: 2.35.528161 (5b82f2d2aae0ca..., userDataDir: C:\Users\TRANGN~1\AppData\L...}, cssSelectorsEnabled: true, databaseEnabled: false, handlesAlerts: true, hasTouchScreen: false, javascriptEnabled: true, locationContextEnabled: true, mobileEmulationEnabled: false, nativeEvents: true, networkConnectionEnabled: false, pageLoadStrategy: normal, platform: XP, platformName: XP, rotatable: false, setWindowRect: true, takesHeapSnapshot: true, takesScreenshot: true, unexpectedAlertBehaviour: , unhandledPromptBehavior: , version: 68.0.3440.106, webStorageEnabled: true}
Session ID: 4124db2e0af52311f116a4cff1fc135c
*** Element info: {Using=xpath, value=//button[contains(@class,'layerConfirm') and contains(@name,'CONFIRM')]})

2018-08-30 17:41:29 - [MESSAGE][PASSED] - Switched to window with index: '0'

2018-08-30 17:41:44 - [MESSAGE][PASSED] - Delayed 15 second(s)

2018-08-30 17:41:50 - [MESSAGE][PASSED] - Wait for page load successfully

2018-08-30 17:41:50 - [MESSAGE][PASSED] - beautytap.GeneralAction.signupViaFacebook is PASSED

2018-08-30 17:41:50 - [TEST_STEP][PASSED] - verifyElementPresent: Object 'Object Repository/Page_General/link_avatar' is present

2018-08-30 17:41:50 - [MESSAGE][PASSED] - Object 'Object Repository/Page_General/link_avatar' is present

2018-08-30 17:41:50 - [TEST_STEP][PASSED] - beautytap.GeneralAction.logout: beautytap.GeneralAction.logout is PASSED

2018-08-30 17:41:50 - [MESSAGE][PASSED] - Object: 'Object Repository/Page_General/link_avatar' is clicked on

2018-08-30 17:41:50 - [MESSAGE][PASSED] - Object 'Object Repository/Page_General/menu_logout' is present

2018-08-30 17:41:51 - [MESSAGE][PASSED] - Object: 'Object Repository/Page_General/menu_logout' is clicked on

2018-08-30 17:41:51 - [MESSAGE][PASSED] - Wait for page load successfully

2018-08-30 17:41:51 - [MESSAGE][PASSED] - Browser is closed

2018-08-30 17:41:51 - [MESSAGE][PASSED] - beautytap.GeneralAction.logout is PASSED

2018-08-30 17:41:51 - [TEST_STEP][PASSED] - beautytap.AdminAction.deleteUser: beautytap.AdminAction.deleteUser is PASSED

2018-08-30 17:41:59 - [MESSAGE][PASSED] - Browser is opened with url: 'https://stage.beautytap.com/login'

2018-08-30 17:42:00 - [MESSAGE][PASSED] - Current window maximized

2018-08-30 17:42:00 - [MESSAGE][PASSED] - Text of object 'Object Repository/Page_login/txt_username' is cleared

2018-08-30 17:42:00 - [MESSAGE][PASSED] - Keys 'mrwhite' sent to object: 'Object Repository/Page_login/txt_username'

2018-08-30 17:42:00 - [MESSAGE][PASSED] - Text of object 'Object Repository/Page_login/txt_password' is cleared

2018-08-30 17:42:00 - [MESSAGE][PASSED] - Keys 'kgySM$Im' sent to object: 'Object Repository/Page_login/txt_password'

2018-08-30 17:42:01 - [MESSAGE][PASSED] - Object: 'Object Repository/Page_login/btn_login' is clicked on

2018-08-30 17:42:01 - [MESSAGE][PASSED] - Wait for page load successfully

2018-08-30 17:42:01 - [MESSAGE][PASSED] - Wait for page load successfully

2018-08-30 17:42:09 - [MESSAGE][PASSED] - Navigate to 'https://stage.beautytap.com/admin' successfully

2018-08-30 17:42:09 - [MESSAGE][PASSED] - Wait for page load successfully

2018-08-30 17:42:14 - [MESSAGE][PASSED] - Object: 'Object Repository/Page_Admin/menu_users' is clicked on

2018-08-30 17:42:14 - [MESSAGE][PASSED] - Wait for page load successfully

2018-08-30 17:42:14 - [MESSAGE][PASSED] - Text of object 'Object Repository/Page_Admin/txt_searchBox' is cleared

2018-08-30 17:42:15 - [MESSAGE][PASSED] - Keys 'g5.posiba@gmail.com' sent to object: 'Object Repository/Page_Admin/txt_searchBox'

2018-08-30 17:42:17 - [MESSAGE][PASSED] - Object: 'Object Repository/Page_Admin/btn_searchUser' is clicked on

2018-08-30 17:42:17 - [MESSAGE][PASSED] - Wait for page load successfully

2018-08-30 17:42:17 - [MESSAGE][PASSED] - Text of object '' is: 'g5.posiba@gmail.com'

2018-08-30 17:42:17 - [MESSAGE][PASSED] - Attribute 'id' of object '' is: 'user-64385'

2018-08-30 17:42:17 - [MESSAGE][PASSED] - Object: '' is hovered

2018-08-30 17:42:22 - [MESSAGE][PASSED] - Delayed 5 second(s)

2018-08-30 17:42:23 - [MESSAGE][PASSED] - Object: '' is clicked on

2018-08-30 17:42:23 - [MESSAGE][PASSED] - Alert accepted

2018-08-30 17:42:24 - [MESSAGE][PASSED] - Wait for page load successfully

2018-08-30 17:42:29 - [MESSAGE][PASSED] - Object: 'Object Repository/Page_Admin/btn_confirmDeleteUser' is clicked on

2018-08-30 17:42:29 - [MESSAGE][PASSED] - Wait for page load successfully

2018-08-30 17:42:30 - [MESSAGE][PASSED] - Browser is closed

2018-08-30 17:42:30 - [MESSAGE][PASSED] - beautytap.AdminAction.deleteUser is PASSED

2018-08-30 17:42:30 - [TEST_STEP][PASSED] - beautytap.GeneralAction.openBeautytap: beautytap.GeneralAction.openBeautytap is PASSED

2018-08-30 17:42:54 - [MESSAGE][PASSED] - Browser is opened with url: 'https://stage.beautytap.com'

2018-08-30 17:42:55 - [MESSAGE][PASSED] - Current window maximized

2018-08-30 17:42:59 - [MESSAGE][PASSED] - Refresh successfully

2018-08-30 17:42:59 - [MESSAGE][PASSED] - Wait for page load successfully

2018-08-30 17:42:59 - [MESSAGE][PASSED] - beautytap.GeneralAction.openBeautytap is PASSED

2018-08-30 17:42:59 - [TEST_STEP][PASSED] - beautytap.GeneralAction.clickNavigationMenu: beautytap.GeneralAction.clickNavigationMenu is PASSED

2018-08-30 17:43:02 - [MESSAGE][PASSED] - Object: 'Object Repository/Page_General/link_login' is clicked on

2018-08-30 17:43:02 - [MESSAGE][PASSED] - Wait for page load successfully

2018-08-30 17:43:02 - [MESSAGE][PASSED] - beautytap.GeneralAction.clickNavigationMenu is PASSED

2018-08-30 17:43:02 - [TEST_STEP][PASSED] - beautytap.GeneralAction.login: beautytap.GeneralAction.login is PASSED

2018-08-30 17:43:02 - [MESSAGE][PASSED] - Object: 'Object Repository/Page_Login/btn_loginFB' is clicked on

2018-08-30 17:43:02 - [MESSAGE][PASSED] - Switched to window with index: '1'

2018-08-30 17:43:03 - [MESSAGE][PASSED] - Object 'Object Repository/Popup_FacebookLogin/txt_email' is visible

2018-08-30 17:43:04 - [MESSAGE][PASSED] - Keys 'g5.posiba@gmail.com' sent to object: 'Object Repository/Popup_FacebookLogin/txt_email'

2018-08-30 17:43:04 - [MESSAGE][PASSED] - Keys 'posiba123' sent to object: 'Object Repository/Popup_FacebookLogin/txt_password'

2018-08-30 17:43:05 - [MESSAGE][PASSED] - Object: 'Object Repository/Popup_FacebookLogin/btn_login' is clicked on

2018-08-30 17:43:05 - [MESSAGE][PASSED] - Switched to window with index: '0'

2018-08-30 17:43:05 - [MESSAGE][PASSED] - Wait for page load successfully

2018-08-30 17:43:05 - [MESSAGE][PASSED] - beautytap.GeneralAction.login is PASSED

2018-08-30 17:43:05 - [TEST_STEP][PASSED] - verifyElementPresent: Object 'Object Repository/Page_General/link_avatar' is present

2018-08-30 17:43:28 - [MESSAGE][PASSED] - Object 'Object Repository/Page_General/link_avatar' is present

2018-08-30 17:43:28 - [TEST_STEP][PASSED] - beautytap.GeneralAction.logout: beautytap.GeneralAction.logout is PASSED

2018-08-30 17:43:28 - [MESSAGE][PASSED] - Object: 'Object Repository/Page_General/link_avatar' is clicked on

2018-08-30 17:43:28 - [MESSAGE][PASSED] - Object 'Object Repository/Page_General/menu_logout' is present

2018-08-30 17:43:28 - [MESSAGE][PASSED] - Object: 'Object Repository/Page_General/menu_logout' is clicked on

2018-08-30 17:43:28 - [MESSAGE][PASSED] - Wait for page load successfully

2018-08-30 17:43:29 - [MESSAGE][PASSED] - Browser is closed

2018-08-30 17:43:29 - [MESSAGE][PASSED] - beautytap.GeneralAction.logout is PASSED

2018-08-30 17:43:29 - [TEST_STEP][PASSED] - beautytap.GeneralAction.openBeautytap: beautytap.GeneralAction.openBeautytap is PASSED

2018-08-30 17:43:52 - [MESSAGE][PASSED] - Browser is opened with url: 'https://stage.beautytap.com'

2018-08-30 17:43:54 - [MESSAGE][PASSED] - Current window maximized

2018-08-30 17:43:57 - [MESSAGE][PASSED] - Refresh successfully

2018-08-30 17:43:57 - [MESSAGE][PASSED] - Wait for page load successfully

2018-08-30 17:43:57 - [MESSAGE][PASSED] - beautytap.GeneralAction.openBeautytap is PASSED

2018-08-30 17:43:57 - [TEST_STEP][PASSED] - beautytap.GeneralAction.clickNavigationMenu: beautytap.GeneralAction.clickNavigationMenu is PASSED

2018-08-30 17:44:00 - [MESSAGE][PASSED] - Object: 'Object Repository/Page_General/link_signup' is clicked on

2018-08-30 17:44:00 - [MESSAGE][PASSED] - Wait for page load successfully

2018-08-30 17:44:00 - [MESSAGE][PASSED] - beautytap.GeneralAction.clickNavigationMenu is PASSED

2018-08-30 17:44:00 - [TEST_STEP][PASSED] - beautytap.GeneralAction.signupViaFacebook: beautytap.GeneralAction.signupViaFacebook is PASSED

2018-08-30 17:44:00 - [MESSAGE][PASSED] - Object: 'Object Repository/Page_Signup/btn_signupFB' is clicked on

2018-08-30 17:44:00 - [MESSAGE][PASSED] - Switched to window with index: '1'

2018-08-30 17:44:02 - [MESSAGE][PASSED] - Keys 'g5.posiba@gmail.com' sent to object: 'Object Repository/Popup_FacebookLogin/txt_email'

2018-08-30 17:44:02 - [MESSAGE][PASSED] - Keys 'posiba123' sent to object: 'Object Repository/Popup_FacebookLogin/txt_password'

2018-08-30 17:44:03 - [MESSAGE][PASSED] - Object: 'Object Repository/Popup_FacebookLogin/btn_login' is clicked on

2018-08-30 17:44:05 - [MESSAGE][WARNING] - Cannot take screenshot

2018-08-30 17:44:05 - [MESSAGE][FAILED] - Unable to get text of object 'Object Repository/Popup_FacebookLogin/btn_confirmPermission' (Root cause: org.openqa.selenium.NoSuchWindowException: no such window: window was already closed
  (Session info: chrome=68.0.3440.106)
  (Driver info: chromedriver=2.35.528161 (5b82f2d2aae0ca24b877009200ced9065a772e73),platform=Windows NT 10.0.17134 x86_64) (WARNING: The server did not provide any stacktrace information)
Command duration or timeout: 0 milliseconds
Build info: version: '3.7.1', revision: '8a0099a', time: '2017-11-06T21:07:36.161Z'
System info: host: 'DESKTOP-G1UHP65', ip: '10.0.0.151', os.name: 'Windows 10', os.arch: 'amd64', os.version: '10.0', java.version: '1.8.0_102'
Driver info: com.kms.katalon.selenium.driver.CChromeDriver
Capabilities {acceptInsecureCerts: false, acceptSslCerts: false, applicationCacheEnabled: false, browserConnectionEnabled: false, browserName: chrome, chrome: {chromedriverVersion: 2.35.528161 (5b82f2d2aae0ca..., userDataDir: C:\Users\TRANGN~1\AppData\L...}, cssSelectorsEnabled: true, databaseEnabled: false, handlesAlerts: true, hasTouchScreen: false, javascriptEnabled: true, locationContextEnabled: true, mobileEmulationEnabled: false, nativeEvents: true, networkConnectionEnabled: false, pageLoadStrategy: normal, platform: XP, platformName: XP, rotatable: false, setWindowRect: true, takesHeapSnapshot: true, takesScreenshot: true, unexpectedAlertBehaviour: , unhandledPromptBehavior: , version: 68.0.3440.106, webStorageEnabled: true}
Session ID: b281e52342688fc4dc8f08df5812ba0e
*** Element info: {Using=xpath, value=//button[contains(@class,'layerConfirm') and contains(@name,'CONFIRM')]})

2018-08-30 17:44:05 - [MESSAGE][PASSED] - Switched to window with index: '0'

2018-08-30 17:44:20 - [MESSAGE][PASSED] - Delayed 15 second(s)

2018-08-30 17:44:20 - [MESSAGE][PASSED] - Wait for page load successfully

2018-08-30 17:44:20 - [MESSAGE][PASSED] - beautytap.GeneralAction.signupViaFacebook is PASSED

2018-08-30 17:44:20 - [TEST_STEP][PASSED] - verifyElementPresent: Object 'Object Repository/Page_General/link_avatar' is present

2018-08-30 17:44:20 - [MESSAGE][PASSED] - Object 'Object Repository/Page_General/link_avatar' is present

2018-08-30 17:44:20 - [TEST_STEP][PASSED] - beautytap.GeneralAction.logout: beautytap.GeneralAction.logout is PASSED

2018-08-30 17:44:21 - [MESSAGE][PASSED] - Object: 'Object Repository/Page_General/link_avatar' is clicked on

2018-08-30 17:44:21 - [MESSAGE][PASSED] - Object 'Object Repository/Page_General/menu_logout' is present

2018-08-30 17:44:21 - [MESSAGE][PASSED] - Object: 'Object Repository/Page_General/menu_logout' is clicked on

2018-08-30 17:44:21 - [MESSAGE][PASSED] - Wait for page load successfully

2018-08-30 17:44:22 - [MESSAGE][PASSED] - Browser is closed

2018-08-30 17:44:22 - [MESSAGE][PASSED] - beautytap.GeneralAction.logout is PASSED

2018-08-30 17:44:22 - [TEST_STEP][PASSED] - beautytap.GeneralAction.openBeautytap: beautytap.GeneralAction.openBeautytap is PASSED

2018-08-30 17:44:32 - [MESSAGE][PASSED] - Browser is opened with url: 'https://stage.beautytap.com'

2018-08-30 17:44:33 - [MESSAGE][PASSED] - Current window maximized

2018-08-30 17:44:37 - [MESSAGE][PASSED] - Refresh successfully

2018-08-30 17:44:37 - [MESSAGE][PASSED] - Wait for page load successfully

2018-08-30 17:44:37 - [MESSAGE][PASSED] - beautytap.GeneralAction.openBeautytap is PASSED

2018-08-30 17:44:37 - [TEST_STEP][PASSED] - beautytap.GeneralAction.clickNavigationMenu: beautytap.GeneralAction.clickNavigationMenu is PASSED

2018-08-30 17:44:40 - [MESSAGE][PASSED] - Object: 'Object Repository/Page_General/link_login' is clicked on

2018-08-30 17:44:40 - [MESSAGE][PASSED] - Wait for page load successfully

2018-08-30 17:44:40 - [MESSAGE][PASSED] - beautytap.GeneralAction.clickNavigationMenu is PASSED

2018-08-30 17:44:40 - [TEST_STEP][PASSED] - beautytap.GeneralAction.login: beautytap.GeneralAction.login is PASSED

2018-08-30 17:44:40 - [MESSAGE][PASSED] - Object: 'Object Repository/Page_Login/btn_loginFB' is clicked on

2018-08-30 17:44:40 - [MESSAGE][PASSED] - Switched to window with index: '1'

2018-08-30 17:44:42 - [MESSAGE][PASSED] - Object 'Object Repository/Popup_FacebookLogin/txt_email' is visible

2018-08-30 17:44:42 - [MESSAGE][PASSED] - Keys 'g5.posiba@gmail.com' sent to object: 'Object Repository/Popup_FacebookLogin/txt_email'

2018-08-30 17:44:42 - [MESSAGE][PASSED] - Keys 'posiba123' sent to object: 'Object Repository/Popup_FacebookLogin/txt_password'

2018-08-30 17:44:43 - [MESSAGE][PASSED] - Object: 'Object Repository/Popup_FacebookLogin/btn_login' is clicked on

2018-08-30 17:44:43 - [MESSAGE][PASSED] - Switched to window with index: '0'

2018-08-30 17:44:43 - [MESSAGE][PASSED] - Wait for page load successfully

2018-08-30 17:44:43 - [MESSAGE][PASSED] - beautytap.GeneralAction.login is PASSED

2018-08-30 17:44:43 - [TEST_STEP][PASSED] - verifyElementPresent: Object 'Object Repository/Page_General/link_avatar' is present

2018-08-30 17:44:52 - [MESSAGE][PASSED] - Object 'Object Repository/Page_General/link_avatar' is present

2018-08-30 17:44:52 - [TEST_STEP][PASSED] - beautytap.GeneralAction.logout: beautytap.GeneralAction.logout is PASSED

2018-08-30 17:44:52 - [MESSAGE][PASSED] - Object: 'Object Repository/Page_General/link_avatar' is clicked on

2018-08-30 17:44:52 - [MESSAGE][PASSED] - Object 'Object Repository/Page_General/menu_logout' is present

2018-08-30 17:44:53 - [MESSAGE][PASSED] - Object: 'Object Repository/Page_General/menu_logout' is clicked on

2018-08-30 17:44:53 - [MESSAGE][PASSED] - Wait for page load successfully

2018-08-30 17:44:54 - [MESSAGE][PASSED] - Browser is closed

2018-08-30 17:44:54 - [MESSAGE][PASSED] - beautytap.GeneralAction.logout is PASSED]]></system-out>
         <system-err><![CDATA[]]></system-err>
      </testcase>
      <testcase name="Test Cases/Shop/TC03_Search_SimpleProduct_Sale_Creditcard_LessThan60_Normal" classname="Test Cases/Shop/TC03_Search_SimpleProduct_Sale_Creditcard_LessThan60_Normal" status="PASSED">
         <system-out><![CDATA[2018-08-30 17:44:54 - [TEST_CASE][PASSED] - Test Cases/Shop/TC03_Search_SimpleProduct_Sale_Creditcard_LessThan60_Normal: Test Cases/Shop/TC03_Search_SimpleProduct_Sale_Creditcard_LessThan60_Normal

2018-08-30 17:44:54 - [TEST_STEP][PASSED] - Statement - productName = SIMPLE_SALE_PRODUCT: null

2018-08-30 17:44:54 - [TEST_STEP][PASSED] - Statement - saleprice = SIMPLE_SALE_PRICE: null

2018-08-30 17:44:54 - [TEST_STEP][PASSED] - Statement - regularprice = SIMPLE_SALE_REGULAR_PRICE: null

2018-08-30 17:44:54 - [TEST_STEP][PASSED] - Statement - r_string = new java.lang.Math().random().toString().substring(2, 8): null

2018-08-30 17:44:54 - [TEST_STEP][PASSED] - Statement - email = "auto" + r_string + "@mailinator.com": null

2018-08-30 17:44:54 - [TEST_STEP][PASSED] - Statement - orderNote = "auto" + r_string + "Order": null

2018-08-30 17:44:54 - [TEST_STEP][PASSED] - Statement - currentNumberItemInCart = <not implemented yet for class: org.codehaus.groovy.ast.expr.EmptyExpression>: null

2018-08-30 17:44:54 - [TEST_STEP][PASSED] - Statement - quantity = 1: null

2018-08-30 17:44:54 - [TEST_STEP][PASSED] - Statement - subtotal = CustomKeywords.beautytap.ShopAction.calculateTotal(quantity, saleprice): beautytap.ShopAction.calculateTotal is PASSED

2018-08-30 17:44:54 - [MESSAGE][PASSED] - beautytap.ShopAction.calculateTotal is PASSED

2018-08-30 17:44:54 - [TEST_STEP][PASSED] - Statement - total = subtotal + SHIPPING_PRICE: null

2018-08-30 17:44:54 - [TEST_STEP][PASSED] - Statement - total = CustomKeywords.beautytap.ShopAction.calculateTotal(1, total): beautytap.ShopAction.calculateTotal is PASSED

2018-08-30 17:44:54 - [MESSAGE][PASSED] - beautytap.ShopAction.calculateTotal is PASSED

2018-08-30 17:44:54 - [TEST_STEP][PASSED] - Statement - products = new org.json.JSONArray((((((([{"productname":" + productName) + ","variation":"","quantity":") + quantity) + ","price":") + saleprice) + "}])): null

2018-08-30 17:44:54 - [TEST_STEP][PASSED] - Statement - billingInformation = new org.json.JSONObject((({"firstname":"Test","lastname":"Automation","country":"United States (US)","address":"123 Testing","city":"New York","state":"New York","zip":"90012","email":" + email) + "})): null

2018-08-30 17:44:54 - [TEST_STEP][PASSED] - Statement - shippingLabel = SHIPPING_LABEL: null

2018-08-30 17:44:54 - [TEST_STEP][PASSED] - Statement - shippingPrice = SHIPPING_PRICE: null

2018-08-30 17:44:54 - [TEST_STEP][PASSED] - Statement - shippingType = "normal": null

2018-08-30 17:44:54 - [TEST_STEP][PASSED] - Statement - paymentMethod = "Credit Card Payment": null

2018-08-30 17:44:54 - [TEST_STEP][PASSED] - beautytap.GeneralAction.openBeautytap: beautytap.GeneralAction.openBeautytap is PASSED

2018-08-30 17:45:05 - [MESSAGE][PASSED] - Browser is opened with url: 'https://stage.beautytap.com'

2018-08-30 17:45:06 - [MESSAGE][PASSED] - Current window maximized

2018-08-30 17:45:10 - [MESSAGE][PASSED] - Refresh successfully

2018-08-30 17:45:10 - [MESSAGE][PASSED] - Wait for page load successfully

2018-08-30 17:45:10 - [MESSAGE][PASSED] - beautytap.GeneralAction.openBeautytap is PASSED

2018-08-30 17:45:10 - [TEST_STEP][PASSED] - beautytap.ShopAction.globalSearch: beautytap.ShopAction.globalSearch is PASSED

2018-08-30 17:45:11 - [MESSAGE][PASSED] - Object: 'Object Repository/Page_General/icon_search' is clicked on

2018-08-30 17:45:16 - [MESSAGE][PASSED] - Delayed 5 second(s)

2018-08-30 17:45:16 - [MESSAGE][PASSED] - Text of object 'Object Repository/Page_General/txt_search' is cleared

2018-08-30 17:45:16 - [MESSAGE][PASSED] - Keys 'CONTROL + v' sent to object: 'Object Repository/Page_General/txt_search'

2018-08-30 17:45:18 - [MESSAGE][PASSED] - Object 'Object Repository/Page_General/div_searchResult' is present

2018-08-30 17:45:18 - [MESSAGE][PASSED] - beautytap.ShopAction.globalSearch is PASSED

2018-08-30 17:45:18 - [TEST_STEP][PASSED] - beautytap.ShopAction.VerifyProductOnSearchResult: Keyword VerifyProductOnSearchResult is Passed

2018-08-30 17:45:18 - [MESSAGE][PASSED] - Object '' is present

2018-08-30 17:45:18 - [MESSAGE][PASSED] - Text of object '' is: '$31.00'

2018-08-30 17:45:18 - [MESSAGE][PASSED] - Get CSS 'color' value on '' successfully: 'rgba(195, 195, 195, 1)'.

2018-08-30 17:45:18 - [MESSAGE][PASSED] - Get CSS 'color' value on '' successfully: 'rgba(195, 195, 195, 1)'.

2018-08-30 17:45:18 - [MESSAGE][PASSED] - Text of object '' is: '$28.25'

2018-08-30 17:45:18 - [MESSAGE][PASSED] - Get CSS 'color' value on '' successfully: 'rgba(255, 35, 134, 1)'.

2018-08-30 17:45:18 - [MESSAGE][PASSED] - Get CSS 'color' value on '' successfully: 'rgba(255, 35, 134, 1)'.

2018-08-30 17:45:18 - [MESSAGE][PASSED] - Keyword VerifyProductOnSearchResult is Passed

2018-08-30 17:45:18 - [TEST_STEP][PASSED] - beautytap.ShopAction.selectProductOnSearchResult: beautytap.ShopAction.selectProductOnSearchResult is PASSED

2018-08-30 17:45:25 - [MESSAGE][PASSED] - Object: '' is clicked on

2018-08-30 17:45:25 - [MESSAGE][PASSED] - Wait for page load successfully

2018-08-30 17:45:25 - [MESSAGE][PASSED] - beautytap.ShopAction.selectProductOnSearchResult is PASSED

2018-08-30 17:45:25 - [TEST_STEP][PASSED] - beautytap.ShopAction.VerifyProductDetails: Keyword VerifyProductDetails is Passed

2018-08-30 17:45:25 - [MESSAGE][PASSED] - Text of object '' is: 'Innisfree Black Green Tea Cream 60ml'

2018-08-30 17:45:25 - [MESSAGE][PASSED] - Text of object '' is: '$31.00'

2018-08-30 17:45:25 - [MESSAGE][PASSED] - Get CSS 'color' value on '' successfully: 'rgba(195, 195, 195, 1)'.

2018-08-30 17:45:25 - [MESSAGE][PASSED] - Text of object '' is: '$28.25'

2018-08-30 17:45:25 - [MESSAGE][PASSED] - Get CSS 'color' value on '' successfully: 'rgba(255, 35, 134, 1)'.

2018-08-30 17:45:25 - [MESSAGE][PASSED] - Keyword VerifyProductDetails is Passed

2018-08-30 17:45:25 - [TEST_STEP][PASSED] - Statement - currentNumberItemInCart = CustomKeywords.beautytap.ShopAction.getNumberItemInCart(): beautytap.ShopAction.getNumberItemInCart is PASSED

2018-08-30 17:45:57 - [MESSAGE][WARNING] - com.kms.katalon.core.webui.exception.WebElementNotFoundException: Web element with id: '' located by 'By.xpath: //div[@class='header-right-top pull-right']/a[@class='shop-cart']/span[@class='number-cart']' not found
[[ATTACHMENT|E:\\BeautytapAutomation\\beautytapAuto\\Beautytap\\Reports\\TS1\\20180830_173726\\1535625957146.png]]

2018-08-30 17:45:57 - [MESSAGE][PASSED] - beautytap.ShopAction.getNumberItemInCart is PASSED

2018-08-30 17:45:57 - [TEST_STEP][PASSED] - beautytap.ShopAction.addProductToCart: beautytap.ShopAction.addProductToCart is PASSED

2018-08-30 17:45:57 - [MESSAGE][PASSED] - Text of object 'Object Repository/Page_Shop/txt_quantity' is cleared

2018-08-30 17:45:57 - [MESSAGE][PASSED] - Keys '1' sent to object: 'Object Repository/Page_Shop/txt_quantity'

2018-08-30 17:45:57 - [MESSAGE][PASSED] - Object: 'Object Repository/Page_Shop/btn_addToCart' is clicked on

2018-08-30 17:45:57 - [MESSAGE][PASSED] - Wait for page load successfully

2018-08-30 17:46:05 - [MESSAGE][PASSED] - Object 'Object Repository/Page_Shop/lbl_message' is present

2018-08-30 17:46:05 - [MESSAGE][PASSED] - beautytap.ShopAction.addProductToCart is PASSED

2018-08-30 17:46:05 - [TEST_STEP][PASSED] - beautytap.ShopAction.VerifyNumberItemInCart: Keyword VerifyNumberItemInCart is Passed, Number item in cart is 1, expected is 1

2018-08-30 17:46:05 - [MESSAGE][PASSED] - Object '' is present

2018-08-30 17:46:05 - [MESSAGE][PASSED] - Text of object '' is: '1'

2018-08-30 17:46:05 - [MESSAGE][PASSED] - Keyword VerifyNumberItemInCart is Passed, Number item in cart is 1, expected is 1

2018-08-30 17:46:05 - [TEST_STEP][PASSED] - beautytap.ShopAction.VerifyProductIsAddedToCart: beautytap.ShopAction.VerifyProductIsAddedToCart is PASSED

2018-08-30 17:46:37 - [MESSAGE][WARNING] - com.kms.katalon.core.webui.exception.WebElementNotFoundException: Web element with id: '' located by 'By.xpath: //div[@class='woocommerce-message' and contains(text(),'Innisfree Black Green Tea Cream 60ml” have been added to your cart.')]' not found
[[ATTACHMENT|E:\\BeautytapAutomation\\beautytapAuto\\Beautytap\\Reports\\TS1\\20180830_173726\\1535625997039.png]]

2018-08-30 17:46:37 - [MESSAGE][PASSED] - beautytap.ShopAction.VerifyProductIsAddedToCart is PASSED

2018-08-30 17:46:37 - [TEST_STEP][PASSED] - beautytap.ShopAction.goToCart: beautytap.ShopAction.goToCart is PASSED

2018-08-30 17:46:42 - [MESSAGE][PASSED] - Object: 'Object Repository/Page_General/icon_cart' is clicked on

2018-08-30 17:46:42 - [MESSAGE][PASSED] - Wait for page load successfully

2018-08-30 17:46:42 - [MESSAGE][PASSED] - beautytap.ShopAction.goToCart is PASSED

2018-08-30 17:46:42 - [TEST_STEP][PASSED] - beautytap.ShopAction.VerifyProductInCart: Keyword VerifyProductInCart is Passed

2018-08-30 17:46:42 - [MESSAGE][PASSED] - Object '' is present

2018-08-30 17:46:42 - [MESSAGE][PASSED] - Text of object '' is: '$28.25'

2018-08-30 17:46:42 - [MESSAGE][PASSED] - Attribute 'value' of object '' is: '1'

2018-08-30 17:46:42 - [MESSAGE][PASSED] - Text of object '' is: '$28.25'

2018-08-30 17:46:42 - [MESSAGE][PASSED] - Keyword VerifyProductInCart is Passed

2018-08-30 17:46:42 - [TEST_STEP][PASSED] - beautytap.ShopAction.processToCheckout: beautytap.ShopAction.processToCheckout is PASSED

2018-08-30 17:46:46 - [MESSAGE][PASSED] - Object: 'Object Repository/Page_Cart/btn_checkout' is clicked on

2018-08-30 17:46:46 - [MESSAGE][PASSED] - Wait for page load successfully

2018-08-30 17:46:46 - [MESSAGE][PASSED] - beautytap.ShopAction.processToCheckout is PASSED

2018-08-30 17:46:46 - [TEST_STEP][PASSED] - beautytap.ShopAction.fillCustomerInformation: beautytap.ShopAction.fillCustomerInformation is PASSED

2018-08-30 17:46:46 - [MESSAGE][PASSED] - Text of object 'Object Repository/Page_Checkout/txt_billingFirstName' is cleared

2018-08-30 17:46:46 - [MESSAGE][PASSED] - Keys 'Test' sent to object: 'Object Repository/Page_Checkout/txt_billingFirstName'

2018-08-30 17:46:46 - [MESSAGE][PASSED] - Text of object 'Object Repository/Page_Checkout/txt_billingLastName' is cleared

2018-08-30 17:46:46 - [MESSAGE][PASSED] - Keys 'Automation' sent to object: 'Object Repository/Page_Checkout/txt_billingLastName'

2018-08-30 17:46:47 - [MESSAGE][PASSED] - All options with label 'United States (US)' are selected in object 'Object Repository/Page_Checkout/drop_billingCountry' 

2018-08-30 17:46:52 - [MESSAGE][PASSED] - Delayed 5 second(s)

2018-08-30 17:46:52 - [MESSAGE][PASSED] - Text of object 'Object Repository/Page_Checkout/txt_billingAddress' is cleared

2018-08-30 17:46:52 - [MESSAGE][PASSED] - Keys '123 Testing' sent to object: 'Object Repository/Page_Checkout/txt_billingAddress'

2018-08-30 17:46:53 - [MESSAGE][PASSED] - Text of object 'Object Repository/Page_Checkout/txt_billingCity' is cleared

2018-08-30 17:46:53 - [MESSAGE][PASSED] - Keys 'New York' sent to object: 'Object Repository/Page_Checkout/txt_billingCity'

2018-08-30 17:46:53 - [MESSAGE][PASSED] - All options with label 'New York' are selected in object 'Object Repository/Page_Checkout/drop_billingState' 

2018-08-30 17:46:53 - [MESSAGE][PASSED] - Text of object 'Object Repository/Page_Checkout/txt_billingZip' is cleared

2018-08-30 17:46:53 - [MESSAGE][PASSED] - Keys '90012' sent to object: 'Object Repository/Page_Checkout/txt_billingZip'

2018-08-30 17:46:53 - [MESSAGE][PASSED] - Text of object 'Object Repository/Page_Checkout/txt_billingEmail' is cleared

2018-08-30 17:46:54 - [MESSAGE][PASSED] - Keys 'auto904694@mailinator.com' sent to object: 'Object Repository/Page_Checkout/txt_billingEmail'

2018-08-30 17:46:54 - [MESSAGE][PASSED] - Object 'Object Repository/Page_Checkout/chk_shipToDifferentAddress' is un-checked

2018-08-30 17:46:54 - [MESSAGE][PASSED] - Text of object 'Object Repository/Page_Checkout/txt_orderNote' is cleared

2018-08-30 17:46:54 - [MESSAGE][PASSED] - Keys 'auto904694Order' sent to object: 'Object Repository/Page_Checkout/txt_orderNote'

2018-08-30 17:46:54 - [MESSAGE][PASSED] - Object 'Object Repository/Page_Checkout/radio_creditCard' is checked

2018-08-30 17:46:59 - [MESSAGE][PASSED] - Delayed 5 second(s)

2018-08-30 17:46:59 - [MESSAGE][PASSED] - beautytap.ShopAction.fillCustomerInformation is PASSED

2018-08-30 17:46:59 - [TEST_STEP][PASSED] - beautytap.ShopAction.VerifyOrderDetailsOnCheckout: Keyword VerifyOrderDetailsOnCheckout is Passed

2018-08-30 17:46:59 - [MESSAGE][PASSED] - Object '' is present

2018-08-30 17:46:59 - [MESSAGE][PASSED] - Text of object '' is: '$28.25'

2018-08-30 17:46:59 - [MESSAGE][PASSED] - Object '' has attribute 'checked'

2018-08-30 17:46:59 - [MESSAGE][PASSED] - Text of object '' is: '($12.50) Pantos (est. 14-25 working days including processing): $12.50'

2018-08-30 17:46:59 - [MESSAGE][PASSED] - Text of object '' is: '$12.50'

2018-08-30 17:47:00 - [MESSAGE][PASSED] - Text of object '' is: '$40.75'

2018-08-30 17:47:00 - [MESSAGE][PASSED] - Keyword VerifyOrderDetailsOnCheckout is Passed

2018-08-30 17:47:00 - [TEST_STEP][PASSED] - beautytap.ShopAction.checkoutViaCreditCard: beautytap.ShopAction.checkoutViaCreditCard is PASSED

2018-08-30 17:47:00 - [MESSAGE][PASSED] - Object 'Object Repository/Page_Checkout/radio_creditCard' is checked

2018-08-30 17:47:10 - [MESSAGE][PASSED] - Delayed 10 second(s)

2018-08-30 17:47:10 - [MESSAGE][PASSED] - Text of object 'Object Repository/Page_Checkout/txt_cardNumber' is cleared

2018-08-30 17:47:10 - [MESSAGE][PASSED] - Keys '4032036248443549' sent to object: 'Object Repository/Page_Checkout/txt_cardNumber'

2018-08-30 17:47:10 - [MESSAGE][PASSED] - All options with label 'Visa' are selected in object 'Object Repository/Page_Checkout/drop_cardType' 

2018-08-30 17:47:10 - [MESSAGE][PASSED] - All options with label '07' are selected in object 'Object Repository/Page_Checkout/drop_expirationMonth' 

2018-08-30 17:47:10 - [MESSAGE][PASSED] - All options with label '2023' are selected in object 'Object Repository/Page_Checkout/drop_expirationYear' 

2018-08-30 17:47:11 - [MESSAGE][PASSED] - Text of object 'Object Repository/Page_Checkout/txt_cardCVV' is cleared

2018-08-30 17:47:11 - [MESSAGE][PASSED] - Keys '123' sent to object: 'Object Repository/Page_Checkout/txt_cardCVV'

2018-08-30 17:47:11 - [MESSAGE][PASSED] - Object 'Object Repository/Page_Checkout/chk_terms' is checked

2018-08-30 17:47:11 - [MESSAGE][PASSED] - Object: 'Object Repository/Page_Checkout/btn_placeOrder' is clicked on

2018-08-30 17:47:25 - [MESSAGE][PASSED] - Object 'Object Repository/Page_Checkout/lbl_orderReceived' is present

2018-08-30 17:47:25 - [MESSAGE][PASSED] - beautytap.ShopAction.checkoutViaCreditCard is PASSED

2018-08-30 17:47:25 - [TEST_STEP][PASSED] - beautytap.ShopAction.VerifyOrderReceivedDetails: Keyword VerifyOrderReceivedDetails is Passed

2018-08-30 17:47:25 - [MESSAGE][PASSED] - Object '' is present

2018-08-30 17:47:25 - [MESSAGE][PASSED] - Text of object '' is: '$28.25'

2018-08-30 17:47:25 - [MESSAGE][PASSED] - Text of object '' is: '$12.50 via ($12.50) Pantos (est. 14-25 working days including processing)'

2018-08-30 17:47:25 - [MESSAGE][PASSED] - Object '' is present

2018-08-30 17:47:25 - [MESSAGE][PASSED] - Text of object '' is: '$12.50'

2018-08-30 17:47:25 - [MESSAGE][PASSED] - Text of object '' is: 'Credit Card Payment'

2018-08-30 17:47:26 - [MESSAGE][PASSED] - Text of object '' is: '$40.75'

2018-08-30 17:47:26 - [MESSAGE][PASSED] - Keyword VerifyOrderReceivedDetails is Passed

2018-08-30 17:47:26 - [TEST_STEP][PASSED] - closeBrowser: Browser is closed

2018-08-30 17:47:26 - [MESSAGE][PASSED] - Browser is closed]]></system-out>
         <system-err><![CDATA[]]></system-err>
      </testcase>
      <testcase name="Test Cases/Shop/TC04_Search_VariationProduct_NotSale_AmazonPay_GreaterThan200" classname="Test Cases/Shop/TC04_Search_VariationProduct_NotSale_AmazonPay_GreaterThan200" status="PASSED">
         <system-out><![CDATA[2018-08-30 17:47:26 - [TEST_CASE][PASSED] - Test Cases/Shop/TC04_Search_VariationProduct_NotSale_AmazonPay_GreaterThan200: Test Cases/Shop/TC04_Search_VariationProduct_NotSale_AmazonPay_GreaterThan200

2018-08-30 17:47:27 - [TEST_STEP][PASSED] - Statement - productName = VARIATION_PRODUCT: null

2018-08-30 17:47:27 - [TEST_STEP][PASSED] - Statement - price = VARIATION_PRICE1: null

2018-08-30 17:47:27 - [TEST_STEP][PASSED] - Statement - variation = VARIATION_NAME1: null

2018-08-30 17:47:27 - [TEST_STEP][PASSED] - Statement - r_string = new java.lang.Math().random().toString().substring(2, 8): null

2018-08-30 17:47:27 - [TEST_STEP][PASSED] - Statement - email = "auto" + r_string + "@mailinator.com": null

2018-08-30 17:47:27 - [TEST_STEP][PASSED] - Statement - orderNote = "auto" + r_string + "Order": null

2018-08-30 17:47:27 - [TEST_STEP][PASSED] - Statement - currentNumberItemInCart = <not implemented yet for class: org.codehaus.groovy.ast.expr.EmptyExpression>: null

2018-08-30 17:47:27 - [TEST_STEP][PASSED] - Statement - quantity = 8: null

2018-08-30 17:47:27 - [TEST_STEP][PASSED] - Statement - subtotal = CustomKeywords.beautytap.ShopAction.calculateTotal(quantity, price): beautytap.ShopAction.calculateTotal is PASSED

2018-08-30 17:47:27 - [MESSAGE][PASSED] - beautytap.ShopAction.calculateTotal is PASSED

2018-08-30 17:47:27 - [TEST_STEP][PASSED] - Statement - total = subtotal: null

2018-08-30 17:47:27 - [TEST_STEP][PASSED] - Statement - total = CustomKeywords.beautytap.ShopAction.calculateTotal(1, total): beautytap.ShopAction.calculateTotal is PASSED

2018-08-30 17:47:27 - [MESSAGE][PASSED] - beautytap.ShopAction.calculateTotal is PASSED

2018-08-30 17:47:27 - [TEST_STEP][PASSED] - Statement - products = new org.json.JSONArray((((((((([{"productname":" + productName) + ","variation":") + variation) + ","quantity":") + quantity) + ","price":") + price) + "}])): null

2018-08-30 17:47:27 - [TEST_STEP][PASSED] - Statement - billingInformation = new org.json.JSONObject((({"firstname":"Test","lastname":"Automation","country":"United States (US)","address":"123 Testing","city":"New York","state":"New York","zip":"90012","email":" + email) + "})): null

2018-08-30 17:47:27 - [TEST_STEP][PASSED] - Statement - shippingLabel = FREE_EMS_SHIPPING_LABEL: null

2018-08-30 17:47:27 - [TEST_STEP][PASSED] - Statement - shippingPrice = 0: null

2018-08-30 17:47:27 - [TEST_STEP][PASSED] - Statement - shippingType = "freeEMS": null

2018-08-30 17:47:27 - [TEST_STEP][PASSED] - Statement - paymentMethod = "Amazon Pay": null

2018-08-30 17:47:27 - [TEST_STEP][PASSED] - beautytap.GeneralAction.openBeautytap: beautytap.GeneralAction.openBeautytap is PASSED

2018-08-30 17:47:39 - [MESSAGE][PASSED] - Browser is opened with url: 'https://stage.beautytap.com'

2018-08-30 17:47:40 - [MESSAGE][PASSED] - Current window maximized

2018-08-30 17:47:44 - [MESSAGE][PASSED] - Refresh successfully

2018-08-30 17:47:44 - [MESSAGE][PASSED] - Wait for page load successfully

2018-08-30 17:47:44 - [MESSAGE][PASSED] - beautytap.GeneralAction.openBeautytap is PASSED

2018-08-30 17:47:44 - [TEST_STEP][PASSED] - beautytap.ShopAction.globalSearch: beautytap.ShopAction.globalSearch is PASSED

2018-08-30 17:47:45 - [MESSAGE][PASSED] - Object: 'Object Repository/Page_General/icon_search' is clicked on

2018-08-30 17:47:50 - [MESSAGE][PASSED] - Delayed 5 second(s)

2018-08-30 17:47:50 - [MESSAGE][PASSED] - Text of object 'Object Repository/Page_General/txt_search' is cleared

2018-08-30 17:47:50 - [MESSAGE][PASSED] - Keys 'CONTROL + v' sent to object: 'Object Repository/Page_General/txt_search'

2018-08-30 17:47:53 - [MESSAGE][PASSED] - Object 'Object Repository/Page_General/div_searchResult' is present

2018-08-30 17:47:53 - [MESSAGE][PASSED] - beautytap.ShopAction.globalSearch is PASSED

2018-08-30 17:47:53 - [TEST_STEP][PASSED] - beautytap.ShopAction.VerifyProductOnSearchResult: Keyword VerifyProductOnSearchResult is Passed

2018-08-30 17:47:53 - [MESSAGE][PASSED] - Object '' is present

2018-08-30 17:47:53 - [MESSAGE][PASSED] - Text of object '' is: '$26.70'

2018-08-30 17:47:53 - [MESSAGE][PASSED] - Get CSS 'color' value on '' successfully: 'rgba(255, 35, 134, 1)'.

2018-08-30 17:47:53 - [MESSAGE][PASSED] - Get CSS 'color' value on '' successfully: 'rgba(255, 35, 134, 1)'.

2018-08-30 17:47:53 - [MESSAGE][PASSED] - Keyword VerifyProductOnSearchResult is Passed

2018-08-30 17:47:53 - [TEST_STEP][PASSED] - beautytap.ShopAction.selectProductOnSearchResult: beautytap.ShopAction.selectProductOnSearchResult is PASSED

2018-08-30 17:48:00 - [MESSAGE][PASSED] - Object: '' is clicked on

2018-08-30 17:48:00 - [MESSAGE][PASSED] - Wait for page load successfully

2018-08-30 17:48:00 - [MESSAGE][PASSED] - beautytap.ShopAction.selectProductOnSearchResult is PASSED

2018-08-30 17:48:00 - [TEST_STEP][PASSED] - beautytap.ShopAction.selectProductVariation: beautytap.ShopAction.selectProductVariation is PASSED

2018-08-30 17:48:00 - [MESSAGE][PASSED] - Object: 'Object Repository/Page_Shop/drop_chooseOption' is clicked on

2018-08-30 17:48:01 - [MESSAGE][PASSED] - Delayed 1 second(s)

2018-08-30 17:48:02 - [MESSAGE][PASSED] - Object: '' is clicked on

2018-08-30 17:48:02 - [MESSAGE][PASSED] - beautytap.ShopAction.selectProductVariation is PASSED

2018-08-30 17:48:02 - [TEST_STEP][PASSED] - beautytap.ShopAction.VerifyProductDetails: Keyword VerifyProductDetails is Passed

2018-08-30 17:48:02 - [MESSAGE][PASSED] - Text of object '' is: 'MeloMELI Unicorn Heart Lake Cushion — 2 Choices'

2018-08-30 17:48:02 - [MESSAGE][PASSED] - All options with label 'Vanilla Beige' are selected in object 'Object Repository/Page_Shop/drop_chooseOption' 

2018-08-30 17:48:02 - [MESSAGE][PASSED] - Text of object '' is: '$26.70'

2018-08-30 17:48:02 - [MESSAGE][PASSED] - Get CSS 'color' value on '' successfully: 'rgba(255, 35, 134, 1)'.

2018-08-30 17:48:02 - [MESSAGE][PASSED] - Keyword VerifyProductDetails is Passed

2018-08-30 17:48:02 - [TEST_STEP][PASSED] - Statement - currentNumberItemInCart = CustomKeywords.beautytap.ShopAction.getNumberItemInCart(): beautytap.ShopAction.getNumberItemInCart is PASSED

2018-08-30 17:48:34 - [MESSAGE][WARNING] - com.kms.katalon.core.webui.exception.WebElementNotFoundException: Web element with id: '' located by 'By.xpath: //div[@class='header-right-top pull-right']/a[@class='shop-cart']/span[@class='number-cart']' not found
[[ATTACHMENT|E:\\BeautytapAutomation\\beautytapAuto\\Beautytap\\Reports\\TS1\\20180830_173726\\1535626114268.png]]

2018-08-30 17:48:34 - [MESSAGE][PASSED] - beautytap.ShopAction.getNumberItemInCart is PASSED

2018-08-30 17:48:34 - [TEST_STEP][PASSED] - beautytap.ShopAction.addProductToCart: beautytap.ShopAction.addProductToCart is PASSED

2018-08-30 17:48:34 - [MESSAGE][PASSED] - Text of object 'Object Repository/Page_Shop/txt_quantity' is cleared

2018-08-30 17:48:34 - [MESSAGE][PASSED] - Keys '8' sent to object: 'Object Repository/Page_Shop/txt_quantity'

2018-08-30 17:48:34 - [MESSAGE][PASSED] - Object: 'Object Repository/Page_Shop/btn_addToCart' is clicked on

2018-08-30 17:48:34 - [MESSAGE][PASSED] - Wait for page load successfully

2018-08-30 17:48:44 - [MESSAGE][PASSED] - Object 'Object Repository/Page_Shop/lbl_message' is present

2018-08-30 17:48:44 - [MESSAGE][PASSED] - beautytap.ShopAction.addProductToCart is PASSED

2018-08-30 17:48:44 - [TEST_STEP][PASSED] - beautytap.ShopAction.VerifyNumberItemInCart: Keyword VerifyNumberItemInCart is Passed, Number item in cart is 8, expected is 8

2018-08-30 17:48:44 - [MESSAGE][PASSED] - Object '' is present

2018-08-30 17:48:44 - [MESSAGE][PASSED] - Text of object '' is: '8'

2018-08-30 17:48:44 - [MESSAGE][PASSED] - Keyword VerifyNumberItemInCart is Passed, Number item in cart is 8, expected is 8

2018-08-30 17:48:44 - [TEST_STEP][PASSED] - beautytap.ShopAction.VerifyProductIsAddedToCart: beautytap.ShopAction.VerifyProductIsAddedToCart is PASSED

2018-08-30 17:48:44 - [MESSAGE][PASSED] - Object '' is present

2018-08-30 17:48:44 - [MESSAGE][PASSED] - beautytap.ShopAction.VerifyProductIsAddedToCart is PASSED

2018-08-30 17:48:44 - [TEST_STEP][PASSED] - beautytap.ShopAction.goToCart: beautytap.ShopAction.goToCart is PASSED

2018-08-30 17:48:49 - [MESSAGE][PASSED] - Object: 'Object Repository/Page_General/icon_cart' is clicked on

2018-08-30 17:48:49 - [MESSAGE][PASSED] - Wait for page load successfully

2018-08-30 17:48:49 - [MESSAGE][PASSED] - beautytap.ShopAction.goToCart is PASSED

2018-08-30 17:48:49 - [TEST_STEP][PASSED] - beautytap.ShopAction.VerifyProductInCart: Keyword VerifyProductInCart is Passed

2018-08-30 17:48:49 - [MESSAGE][PASSED] - Object '' is present

2018-08-30 17:48:49 - [MESSAGE][PASSED] - Text of object '' is: '$26.70'

2018-08-30 17:48:49 - [MESSAGE][PASSED] - Attribute 'value' of object '' is: '8'

2018-08-30 17:48:49 - [MESSAGE][PASSED] - Text of object '' is: '$213.60'

2018-08-30 17:48:49 - [MESSAGE][PASSED] - Keyword VerifyProductInCart is Passed

2018-08-30 17:48:49 - [TEST_STEP][PASSED] - beautytap.ShopAction.processToCheckout: beautytap.ShopAction.processToCheckout is PASSED

2018-08-30 17:48:52 - [MESSAGE][PASSED] - Object: 'Object Repository/Page_Cart/btn_checkout' is clicked on

2018-08-30 17:48:52 - [MESSAGE][PASSED] - Wait for page load successfully

2018-08-30 17:48:52 - [MESSAGE][PASSED] - beautytap.ShopAction.processToCheckout is PASSED

2018-08-30 17:48:52 - [TEST_STEP][PASSED] - beautytap.ShopAction.loginAmazonPay: beautytap.ShopAction.loginAmazonPay is PASSED

2018-08-30 17:48:52 - [MESSAGE][PASSED] - Object: 'Object Repository/Page_Checkout/btn_amazonPay' is clicked on

2018-08-30 17:48:52 - [MESSAGE][PASSED] - Switched to window with index: '1'

2018-08-30 17:48:54 - [MESSAGE][PASSED] - Object 'Object Repository/Popup_Amazon/txt_email' is present

2018-08-30 17:48:54 - [MESSAGE][PASSED] - Text of object 'Object Repository/Popup_Amazon/txt_email' is cleared

2018-08-30 17:48:55 - [MESSAGE][PASSED] - Keys 'amazontest1503@yopmail.com' sent to object: 'Object Repository/Popup_Amazon/txt_email'

2018-08-30 17:48:55 - [MESSAGE][PASSED] - Text of object 'Object Repository/Popup_Amazon/txt_password' is cleared

2018-08-30 17:48:55 - [MESSAGE][PASSED] - Keys '123456' sent to object: 'Object Repository/Popup_Amazon/txt_password'

2018-08-30 17:48:57 - [MESSAGE][PASSED] - Object: 'Object Repository/Popup_Amazon/btn_signin' is clicked on

2018-08-30 17:48:57 - [MESSAGE][PASSED] - Switched to window with index: '0'

2018-08-30 17:49:27 - [MESSAGE][PASSED] - Delayed 30 second(s)

2018-08-30 17:49:27 - [MESSAGE][PASSED] - beautytap.ShopAction.loginAmazonPay is PASSED

2018-08-30 17:49:27 - [TEST_STEP][PASSED] - beautytap.ShopAction.VerifyOrderDetailsOnCheckout: Keyword VerifyOrderDetailsOnCheckout is Passed

2018-08-30 17:49:28 - [MESSAGE][PASSED] - Object '' is present

2018-08-30 17:49:28 - [MESSAGE][PASSED] - Text of object '' is: '$213.60'

2018-08-30 17:49:28 - [MESSAGE][PASSED] - Text of object '' is: 'Free EMS shipping (over $200)
Why does shipping take this long?'

2018-08-30 17:49:28 - [MESSAGE][PASSED] - Text of object '' is: '$213.60'

2018-08-30 17:49:28 - [MESSAGE][PASSED] - Keyword VerifyOrderDetailsOnCheckout is Passed

2018-08-30 17:49:28 - [TEST_STEP][PASSED] - beautytap.ShopAction.checkoutViaAmazonPay: beautytap.ShopAction.checkoutViaAmazonPay is PASSED

2018-08-30 17:49:28 - [MESSAGE][PASSED] - Object 'Object Repository/Page_Checkout/chk_terms' is clickable

2018-08-30 17:49:28 - [MESSAGE][PASSED] - Object 'Object Repository/Page_Checkout/chk_terms' is checked

2018-08-30 17:49:28 - [MESSAGE][PASSED] - Object: 'Object Repository/Page_Checkout/btn_placeOrder' is clicked on

2018-08-30 17:49:43 - [MESSAGE][PASSED] - Object 'Object Repository/Page_Checkout/lbl_orderReceived' is present

2018-08-30 17:49:43 - [MESSAGE][PASSED] - beautytap.ShopAction.checkoutViaAmazonPay is PASSED

2018-08-30 17:49:43 - [TEST_STEP][PASSED] - beautytap.ShopAction.VerifyOrderReceivedDetails: Keyword VerifyOrderReceivedDetails is Passed

2018-08-30 17:49:43 - [MESSAGE][PASSED] - Object '' is present

2018-08-30 17:49:43 - [MESSAGE][PASSED] - Text of object '' is: '$213.60'

2018-08-30 17:49:43 - [MESSAGE][PASSED] - Text of object '' is: 'Free EMS shipping (over $200)'

2018-08-30 17:50:14 - [MESSAGE][WARNING] - com.kms.katalon.core.webui.exception.WebElementNotFoundException: Web element with id: '' located by 'By.xpath: //th[text()='Shipping:']/parent::tr/td/span' not found
[[ATTACHMENT|E:\\BeautytapAutomation\\beautytapAuto\\Beautytap\\Reports\\TS1\\20180830_173726\\1535626214571.png]]

2018-08-30 17:50:14 - [MESSAGE][PASSED] - Text of object '' is: 'Amazon Pay'

2018-08-30 17:50:14 - [MESSAGE][PASSED] - Text of object '' is: '$213.60'

2018-08-30 17:50:14 - [MESSAGE][PASSED] - Keyword VerifyOrderReceivedDetails is Passed

2018-08-30 17:50:14 - [TEST_STEP][PASSED] - closeBrowser: Browser is closed

2018-08-30 17:50:15 - [MESSAGE][PASSED] - Browser is closed]]></system-out>
         <system-err><![CDATA[]]></system-err>
      </testcase>
      <testcase name="Test Cases/Shop/TC05_Browse_SimpleProduct_NotSale_PayPal_GreaterThan60LessThan200" classname="Test Cases/Shop/TC05_Browse_SimpleProduct_NotSale_PayPal_GreaterThan60LessThan200" status="PASSED">
         <system-out><![CDATA[2018-08-30 17:50:15 - [TEST_CASE][PASSED] - Test Cases/Shop/TC05_Browse_SimpleProduct_NotSale_PayPal_GreaterThan60LessThan200: Test Cases/Shop/TC05_Browse_SimpleProduct_NotSale_PayPal_GreaterThan60LessThan200

2018-08-30 17:50:16 - [TEST_STEP][PASSED] - Statement - productName = SIMPLE_PRODUCT: null

2018-08-30 17:50:16 - [TEST_STEP][PASSED] - Statement - price = SIMPLE_PRODUCT_PRICE: null

2018-08-30 17:50:16 - [TEST_STEP][PASSED] - Statement - r_string = new java.lang.Math().random().toString().substring(2, 8): null

2018-08-30 17:50:16 - [TEST_STEP][PASSED] - Statement - email = "auto" + r_string + "@mailinator.com": null

2018-08-30 17:50:16 - [TEST_STEP][PASSED] - Statement - orderNote = "auto" + r_string + "Order": null

2018-08-30 17:50:16 - [TEST_STEP][PASSED] - Statement - currentNumberItemInCart = <not implemented yet for class: org.codehaus.groovy.ast.expr.EmptyExpression>: null

2018-08-30 17:50:16 - [TEST_STEP][PASSED] - Statement - quantity = 3: null

2018-08-30 17:50:16 - [TEST_STEP][PASSED] - Statement - subtotal = CustomKeywords.beautytap.ShopAction.calculateTotal(quantity, price): beautytap.ShopAction.calculateTotal is PASSED

2018-08-30 17:50:16 - [MESSAGE][PASSED] - beautytap.ShopAction.calculateTotal is PASSED

2018-08-30 17:50:16 - [TEST_STEP][PASSED] - Statement - total = subtotal: null

2018-08-30 17:50:16 - [TEST_STEP][PASSED] - Statement - total = CustomKeywords.beautytap.ShopAction.calculateTotal(1, total): beautytap.ShopAction.calculateTotal is PASSED

2018-08-30 17:50:16 - [MESSAGE][PASSED] - beautytap.ShopAction.calculateTotal is PASSED

2018-08-30 17:50:16 - [TEST_STEP][PASSED] - Statement - products = new org.json.JSONArray((((((([{"productname":" + productName) + ","variation":"","quantity":") + quantity) + ","price":") + price) + "}])): null

2018-08-30 17:50:16 - [TEST_STEP][PASSED] - Statement - billingInformation = new org.json.JSONObject((({"firstname":"Test","lastname":"Automation","country":"United States (US)","address":"123 Testing","city":"New York","state":"New York","zip":"90012","email":" + email) + "})): null

2018-08-30 17:50:16 - [TEST_STEP][PASSED] - Statement - shippingLabel = FREE_SHIPPING_LABEL: null

2018-08-30 17:50:16 - [TEST_STEP][PASSED] - Statement - shippingPrice = 0: null

2018-08-30 17:50:16 - [TEST_STEP][PASSED] - Statement - shippingType = "free": null

2018-08-30 17:50:16 - [TEST_STEP][PASSED] - Statement - paymentMethod = "PayPal": null

2018-08-30 17:50:16 - [TEST_STEP][PASSED] - Statement - category = "What's New": null

2018-08-30 17:50:16 - [TEST_STEP][PASSED] - beautytap.GeneralAction.openBeautytap: beautytap.GeneralAction.openBeautytap is PASSED

2018-08-30 17:50:27 - [MESSAGE][PASSED] - Browser is opened with url: 'https://stage.beautytap.com'

2018-08-30 17:50:28 - [MESSAGE][PASSED] - Current window maximized

2018-08-30 17:50:32 - [MESSAGE][PASSED] - Refresh successfully

2018-08-30 17:50:32 - [MESSAGE][PASSED] - Wait for page load successfully

2018-08-30 17:50:32 - [MESSAGE][PASSED] - beautytap.GeneralAction.openBeautytap is PASSED

2018-08-30 17:50:32 - [TEST_STEP][PASSED] - beautytap.ShopAction.selectCategory: beautytap.ShopAction.selectCategory is PASSED

2018-08-30 17:50:40 - [MESSAGE][PASSED] - Object: '' is clicked on

2018-08-30 17:50:40 - [MESSAGE][PASSED] - Wait for page load successfully

2018-08-30 17:50:40 - [MESSAGE][PASSED] - beautytap.ShopAction.selectCategory is PASSED

2018-08-30 17:50:40 - [TEST_STEP][PASSED] - beautytap.ShopAction.findProductOnProductList: beautytap.ShopAction.findProductOnProductList is PASSED

2018-08-30 17:50:40 - [MESSAGE][PASSED] - Text of object '' is: '76'

2018-08-30 17:50:45 - [MESSAGE][WARNING] - com.kms.katalon.core.webui.exception.WebElementNotFoundException: Web element with id: '' located by 'By.xpath: //a[text()='La Muse Correct Care Complete Cushion SPF50+/PA+++']' not found
[[ATTACHMENT|E:\\BeautytapAutomation\\beautytapAuto\\Beautytap\\Reports\\TS1\\20180830_173726\\1535626245532.png]]

2018-08-30 17:50:54 - [MESSAGE][PASSED] - Object: '' is clicked on

2018-08-30 17:50:54 - [MESSAGE][PASSED] - Wait for page load successfully

2018-08-30 17:50:54 - [MESSAGE][PASSED] - Object '' is present

2018-08-30 17:50:54 - [MESSAGE][PASSED] - beautytap.ShopAction.findProductOnProductList is PASSED

2018-08-30 17:50:54 - [TEST_STEP][PASSED] - beautytap.ShopAction.VerifyProductOnProductList: Keyword VerifyProductOnProductList is Passed

2018-08-30 17:50:54 - [MESSAGE][PASSED] - Object '' is present

2018-08-30 17:50:54 - [MESSAGE][PASSED] - Text of object '' is: '$31.80'

2018-08-30 17:50:54 - [MESSAGE][PASSED] - Get CSS 'color' value on '' successfully: 'rgba(255, 35, 134, 1)'.

2018-08-30 17:50:54 - [MESSAGE][PASSED] - Get CSS 'color' value on '' successfully: 'rgba(255, 35, 134, 1)'.

2018-08-30 17:50:54 - [MESSAGE][PASSED] - Keyword VerifyProductOnProductList is Passed

2018-08-30 17:50:54 - [TEST_STEP][PASSED] - beautytap.ShopAction.selectProductOnProductList: beautytap.ShopAction.selectProductOnProductList is PASSED

2018-08-30 17:51:02 - [MESSAGE][PASSED] - Object: '' is clicked on

2018-08-30 17:51:02 - [MESSAGE][PASSED] - Wait for page load successfully

2018-08-30 17:51:02 - [MESSAGE][PASSED] - beautytap.ShopAction.selectProductOnProductList is PASSED

2018-08-30 17:51:02 - [TEST_STEP][PASSED] - beautytap.ShopAction.VerifyProductDetails: Keyword VerifyProductDetails is Passed

2018-08-30 17:51:02 - [MESSAGE][PASSED] - Text of object '' is: 'La Muse Correct Care Complete Cushion SPF50+/PA+++'

2018-08-30 17:51:02 - [MESSAGE][PASSED] - Text of object '' is: '$31.80'

2018-08-30 17:51:02 - [MESSAGE][PASSED] - Get CSS 'color' value on '' successfully: 'rgba(255, 35, 134, 1)'.

2018-08-30 17:51:02 - [MESSAGE][PASSED] - Keyword VerifyProductDetails is Passed

2018-08-30 17:51:02 - [TEST_STEP][PASSED] - Statement - currentNumberItemInCart = CustomKeywords.beautytap.ShopAction.getNumberItemInCart(): beautytap.ShopAction.getNumberItemInCart is PASSED

2018-08-30 17:51:34 - [MESSAGE][WARNING] - com.kms.katalon.core.webui.exception.WebElementNotFoundException: Web element with id: '' located by 'By.xpath: //div[@class='header-right-top pull-right']/a[@class='shop-cart']/span[@class='number-cart']' not found
[[ATTACHMENT|E:\\BeautytapAutomation\\beautytapAuto\\Beautytap\\Reports\\TS1\\20180830_173726\\1535626293838.png]]

2018-08-30 17:51:34 - [MESSAGE][PASSED] - beautytap.ShopAction.getNumberItemInCart is PASSED

2018-08-30 17:51:34 - [TEST_STEP][PASSED] - beautytap.ShopAction.addProductToCart: beautytap.ShopAction.addProductToCart is PASSED

2018-08-30 17:51:34 - [MESSAGE][PASSED] - Text of object 'Object Repository/Page_Shop/txt_quantity' is cleared

2018-08-30 17:51:34 - [MESSAGE][PASSED] - Keys '3' sent to object: 'Object Repository/Page_Shop/txt_quantity'

2018-08-30 17:51:34 - [MESSAGE][PASSED] - Object: 'Object Repository/Page_Shop/btn_addToCart' is clicked on

2018-08-30 17:51:34 - [MESSAGE][PASSED] - Wait for page load successfully

2018-08-30 17:51:41 - [MESSAGE][PASSED] - Object 'Object Repository/Page_Shop/lbl_message' is present

2018-08-30 17:51:41 - [MESSAGE][PASSED] - beautytap.ShopAction.addProductToCart is PASSED

2018-08-30 17:51:41 - [TEST_STEP][PASSED] - beautytap.ShopAction.VerifyNumberItemInCart: Keyword VerifyNumberItemInCart is Passed, Number item in cart is 3, expected is 3

2018-08-30 17:51:41 - [MESSAGE][PASSED] - Object '' is present

2018-08-30 17:51:41 - [MESSAGE][PASSED] - Text of object '' is: '3'

2018-08-30 17:51:41 - [MESSAGE][PASSED] - Keyword VerifyNumberItemInCart is Passed, Number item in cart is 3, expected is 3

2018-08-30 17:51:41 - [TEST_STEP][PASSED] - beautytap.ShopAction.VerifyProductIsAddedToCart: beautytap.ShopAction.VerifyProductIsAddedToCart is PASSED

2018-08-30 17:51:41 - [MESSAGE][PASSED] - Object '' is present

2018-08-30 17:51:41 - [MESSAGE][PASSED] - beautytap.ShopAction.VerifyProductIsAddedToCart is PASSED

2018-08-30 17:51:41 - [TEST_STEP][PASSED] - beautytap.ShopAction.goToCart: beautytap.ShopAction.goToCart is PASSED

2018-08-30 17:51:46 - [MESSAGE][PASSED] - Object: 'Object Repository/Page_General/icon_cart' is clicked on

2018-08-30 17:51:46 - [MESSAGE][PASSED] - Wait for page load successfully

2018-08-30 17:51:46 - [MESSAGE][PASSED] - beautytap.ShopAction.goToCart is PASSED

2018-08-30 17:51:46 - [TEST_STEP][PASSED] - beautytap.ShopAction.VerifyProductInCart: Keyword VerifyProductInCart is Passed

2018-08-30 17:51:46 - [MESSAGE][PASSED] - Object '' is present

2018-08-30 17:51:46 - [MESSAGE][PASSED] - Text of object '' is: '$31.80'

2018-08-30 17:51:46 - [MESSAGE][PASSED] - Attribute 'value' of object '' is: '3'

2018-08-30 17:51:46 - [MESSAGE][PASSED] - Text of object '' is: '$95.40'

2018-08-30 17:51:46 - [MESSAGE][PASSED] - Keyword VerifyProductInCart is Passed

2018-08-30 17:51:46 - [TEST_STEP][PASSED] - beautytap.ShopAction.processToCheckout: beautytap.ShopAction.processToCheckout is PASSED

2018-08-30 17:51:49 - [MESSAGE][PASSED] - Object: 'Object Repository/Page_Cart/btn_checkout' is clicked on

2018-08-30 17:51:49 - [MESSAGE][PASSED] - Wait for page load successfully

2018-08-30 17:51:49 - [MESSAGE][PASSED] - beautytap.ShopAction.processToCheckout is PASSED

2018-08-30 17:51:49 - [TEST_STEP][PASSED] - beautytap.ShopAction.fillCustomerInformation: beautytap.ShopAction.fillCustomerInformation is PASSED

2018-08-30 17:51:49 - [MESSAGE][PASSED] - Text of object 'Object Repository/Page_Checkout/txt_billingFirstName' is cleared

2018-08-30 17:51:49 - [MESSAGE][PASSED] - Keys 'Test' sent to object: 'Object Repository/Page_Checkout/txt_billingFirstName'

2018-08-30 17:51:49 - [MESSAGE][PASSED] - Text of object 'Object Repository/Page_Checkout/txt_billingLastName' is cleared

2018-08-30 17:51:50 - [MESSAGE][PASSED] - Keys 'Automation' sent to object: 'Object Repository/Page_Checkout/txt_billingLastName'

2018-08-30 17:51:50 - [MESSAGE][PASSED] - All options with label 'United States (US)' are selected in object 'Object Repository/Page_Checkout/drop_billingCountry' 

2018-08-30 17:51:55 - [MESSAGE][PASSED] - Delayed 5 second(s)

2018-08-30 17:51:55 - [MESSAGE][PASSED] - Text of object 'Object Repository/Page_Checkout/txt_billingAddress' is cleared

2018-08-30 17:51:56 - [MESSAGE][PASSED] - Keys '123 Testing' sent to object: 'Object Repository/Page_Checkout/txt_billingAddress'

2018-08-30 17:51:56 - [MESSAGE][PASSED] - Text of object 'Object Repository/Page_Checkout/txt_billingCity' is cleared

2018-08-30 17:51:56 - [MESSAGE][PASSED] - Keys 'New York' sent to object: 'Object Repository/Page_Checkout/txt_billingCity'

2018-08-30 17:51:56 - [MESSAGE][PASSED] - All options with label 'New York' are selected in object 'Object Repository/Page_Checkout/drop_billingState' 

2018-08-30 17:51:56 - [MESSAGE][PASSED] - Text of object 'Object Repository/Page_Checkout/txt_billingZip' is cleared

2018-08-30 17:51:57 - [MESSAGE][PASSED] - Keys '90012' sent to object: 'Object Repository/Page_Checkout/txt_billingZip'

2018-08-30 17:51:57 - [MESSAGE][PASSED] - Text of object 'Object Repository/Page_Checkout/txt_billingEmail' is cleared

2018-08-30 17:51:57 - [MESSAGE][PASSED] - Keys 'auto164291@mailinator.com' sent to object: 'Object Repository/Page_Checkout/txt_billingEmail'

2018-08-30 17:51:57 - [MESSAGE][PASSED] - Object 'Object Repository/Page_Checkout/chk_shipToDifferentAddress' is un-checked

2018-08-30 17:51:58 - [MESSAGE][PASSED] - Text of object 'Object Repository/Page_Checkout/txt_orderNote' is cleared

2018-08-30 17:51:58 - [MESSAGE][PASSED] - Keys 'auto164291Order' sent to object: 'Object Repository/Page_Checkout/txt_orderNote'

2018-08-30 17:51:58 - [MESSAGE][PASSED] - Object 'Object Repository/Page_Checkout/radio_creditCard' is checked

2018-08-30 17:52:03 - [MESSAGE][PASSED] - Delayed 5 second(s)

2018-08-30 17:52:03 - [MESSAGE][PASSED] - beautytap.ShopAction.fillCustomerInformation is PASSED

2018-08-30 17:52:03 - [TEST_STEP][PASSED] - beautytap.ShopAction.VerifyOrderDetailsOnCheckout: Keyword VerifyOrderDetailsOnCheckout is Passed

2018-08-30 17:52:03 - [MESSAGE][PASSED] - Object '' is present

2018-08-30 17:52:03 - [MESSAGE][PASSED] - Text of object '' is: '$95.40'

2018-08-30 17:52:03 - [MESSAGE][PASSED] - Text of object '' is: 'Free shipping for orders over $60
Why does shipping take this long?'

2018-08-30 17:52:03 - [MESSAGE][PASSED] - Text of object '' is: '$95.40'

2018-08-30 17:52:03 - [MESSAGE][PASSED] - Keyword VerifyOrderDetailsOnCheckout is Passed

2018-08-30 17:52:03 - [TEST_STEP][PASSED] - beautytap.ShopAction.checkoutViaPaypal: beautytap.ShopAction.checkoutViaPaypal is PASSED

2018-08-30 17:52:03 - [MESSAGE][PASSED] - Object 'Object Repository/Page_Checkout/radio_paypal' is checked

2018-08-30 17:52:08 - [MESSAGE][PASSED] - Delayed 5 second(s)

2018-08-30 17:52:08 - [MESSAGE][PASSED] - Object 'Object Repository/Page_Checkout/chk_terms' is checked

2018-08-30 17:52:09 - [MESSAGE][PASSED] - Object: 'Object Repository/Page_Checkout/btn_placeOrder' is clicked on

2018-08-30 17:52:16 - [MESSAGE][PASSED] - Object 'Object Repository/Page_Paypal/txt_email' is present

2018-08-30 17:52:16 - [MESSAGE][PASSED] - Text of object 'Object Repository/Page_Paypal/txt_email' is cleared

2018-08-30 17:52:17 - [MESSAGE][PASSED] - Keys 'g1.posiba@gmail.com' sent to object: 'Object Repository/Page_Paypal/txt_email'

2018-08-30 17:52:17 - [MESSAGE][PASSED] - Text of object 'Object Repository/Page_Paypal/txt_password' is cleared

2018-08-30 17:52:17 - [MESSAGE][PASSED] - Keys 'Tr@ng99%' sent to object: 'Object Repository/Page_Paypal/txt_password'

2018-08-30 17:52:30 - [MESSAGE][PASSED] - Object: 'Object Repository/Page_Paypal/btn_login' is clicked on

2018-08-30 17:52:40 - [MESSAGE][PASSED] - Object 'Object Repository/Page_Paypal/btn_payNow' is present

2018-08-30 17:52:45 - [MESSAGE][PASSED] - Delayed 5 second(s)

2018-08-30 17:52:45 - [MESSAGE][PASSED] - Object: 'Object Repository/Page_Paypal/btn_payNow' is clicked on

2018-08-30 17:53:03 - [MESSAGE][PASSED] - Object 'Object Repository/Page_Checkout/lbl_orderReceived' is present

2018-08-30 17:53:03 - [MESSAGE][PASSED] - beautytap.ShopAction.checkoutViaPaypal is PASSED

2018-08-30 17:53:03 - [TEST_STEP][PASSED] - beautytap.ShopAction.VerifyOrderReceivedDetails: Keyword VerifyOrderReceivedDetails is Passed

2018-08-30 17:53:03 - [MESSAGE][PASSED] - Object '' is present

2018-08-30 17:53:03 - [MESSAGE][PASSED] - Text of object '' is: '$95.40'

2018-08-30 17:53:04 - [MESSAGE][PASSED] - Text of object '' is: 'Free shipping for orders over $60'

2018-08-30 17:53:35 - [MESSAGE][WARNING] - com.kms.katalon.core.webui.exception.WebElementNotFoundException: Web element with id: '' located by 'By.xpath: //th[text()='Shipping:']/parent::tr/td/span' not found
[[ATTACHMENT|E:\\BeautytapAutomation\\beautytapAuto\\Beautytap\\Reports\\TS1\\20180830_173726\\1535626415159.png]]

2018-08-30 17:53:35 - [MESSAGE][PASSED] - Text of object '' is: 'PayPal'

2018-08-30 17:53:35 - [MESSAGE][PASSED] - Text of object '' is: '$95.40'

2018-08-30 17:53:35 - [MESSAGE][PASSED] - Keyword VerifyOrderReceivedDetails is Passed

2018-08-30 17:53:35 - [TEST_STEP][PASSED] - closeBrowser: Browser is closed

2018-08-30 17:53:36 - [MESSAGE][PASSED] - Browser is closed]]></system-out>
         <system-err><![CDATA[]]></system-err>
      </testcase>
      <testcase name="Test Cases/Shop/TC06_Browse_VariationProduct_Sale_AmazonPayAtCart_LessThan60_EMS" classname="Test Cases/Shop/TC06_Browse_VariationProduct_Sale_AmazonPayAtCart_LessThan60_EMS" status="PASSED">
         <system-out><![CDATA[2018-08-30 17:53:36 - [TEST_CASE][PASSED] - Test Cases/Shop/TC06_Browse_VariationProduct_Sale_AmazonPayAtCart_LessThan60_EMS: Test Cases/Shop/TC06_Browse_VariationProduct_Sale_AmazonPayAtCart_LessThan60_EMS

2018-08-30 17:53:36 - [TEST_STEP][PASSED] - Statement - productName = VARIATION_SALE_PRODUCT: null

2018-08-30 17:53:36 - [TEST_STEP][PASSED] - Statement - saleprice = VARIATION_SALE_PRICE1: null

2018-08-30 17:53:36 - [TEST_STEP][PASSED] - Statement - redularprice = VARIATION_SALE_REGULAR_PRICE1: null

2018-08-30 17:53:36 - [TEST_STEP][PASSED] - Statement - variation = VARIATION_SALE_NAME1: null

2018-08-30 17:53:36 - [TEST_STEP][PASSED] - Statement - r_string = new java.lang.Math().random().toString().substring(2, 8): null

2018-08-30 17:53:36 - [TEST_STEP][PASSED] - Statement - email = "auto" + r_string + "@mailinator.com": null

2018-08-30 17:53:36 - [TEST_STEP][PASSED] - Statement - orderNote = "auto" + r_string + "Order": null

2018-08-30 17:53:36 - [TEST_STEP][PASSED] - Statement - currentNumberItemInCart = <not implemented yet for class: org.codehaus.groovy.ast.expr.EmptyExpression>: null

2018-08-30 17:53:36 - [TEST_STEP][PASSED] - Statement - quantity = 5: null

2018-08-30 17:53:36 - [TEST_STEP][PASSED] - Statement - shippingLabel = EMS_SHIPPING_LABEL: null

2018-08-30 17:53:36 - [TEST_STEP][PASSED] - Statement - shippingPrice = EMS_SHIPPING_PRICE: null

2018-08-30 17:53:36 - [TEST_STEP][PASSED] - Statement - subtotal = CustomKeywords.beautytap.ShopAction.calculateTotal(quantity, saleprice): beautytap.ShopAction.calculateTotal is PASSED

2018-08-30 17:53:36 - [MESSAGE][PASSED] - beautytap.ShopAction.calculateTotal is PASSED

2018-08-30 17:53:36 - [TEST_STEP][PASSED] - Statement - total = subtotal + shippingPrice: null

2018-08-30 17:53:36 - [TEST_STEP][PASSED] - Statement - total = CustomKeywords.beautytap.ShopAction.calculateTotal(1, total): beautytap.ShopAction.calculateTotal is PASSED

2018-08-30 17:53:36 - [MESSAGE][PASSED] - beautytap.ShopAction.calculateTotal is PASSED

2018-08-30 17:53:36 - [TEST_STEP][PASSED] - Statement - products = new org.json.JSONArray((((((((([{"productname":" + productName) + ","variation":") + variation) + ","quantity":") + quantity) + ","price":") + saleprice) + "}])): null

2018-08-30 17:53:36 - [TEST_STEP][PASSED] - Statement - billingInformation = new org.json.JSONObject((({"firstname":"Test","lastname":"Automation","country":"United States (US)","address":"123 Testing","city":"New York","state":"New York","zip":"90012","email":" + email) + "})): null

2018-08-30 17:53:36 - [TEST_STEP][PASSED] - Statement - shippingType = "EMS": null

2018-08-30 17:53:36 - [TEST_STEP][PASSED] - Statement - paymentMethod = "Amazon Pay": null

2018-08-30 17:53:36 - [TEST_STEP][PASSED] - Statement - category = "Brands": null

2018-08-30 17:53:36 - [TEST_STEP][PASSED] - Statement - subcategory = "Innisfree": null

2018-08-30 17:53:36 - [TEST_STEP][PASSED] - beautytap.GeneralAction.openBeautytap: beautytap.GeneralAction.openBeautytap is PASSED

2018-08-30 17:53:58 - [MESSAGE][PASSED] - Browser is opened with url: 'https://stage.beautytap.com'

2018-08-30 17:54:00 - [MESSAGE][PASSED] - Current window maximized

2018-08-30 17:54:04 - [MESSAGE][PASSED] - Refresh successfully

2018-08-30 17:54:04 - [MESSAGE][PASSED] - Wait for page load successfully

2018-08-30 17:54:04 - [MESSAGE][PASSED] - beautytap.GeneralAction.openBeautytap is PASSED

2018-08-30 17:54:04 - [TEST_STEP][PASSED] - beautytap.ShopAction.selectCategory: beautytap.ShopAction.selectCategory is PASSED

2018-08-30 17:54:04 - [MESSAGE][PASSED] - Object: '' is clicked on

2018-08-30 17:54:06 - [MESSAGE][PASSED] - Delayed 2 second(s)

2018-08-30 17:54:17 - [MESSAGE][PASSED] - Object: '' is clicked on

2018-08-30 17:54:17 - [MESSAGE][PASSED] - Wait for page load successfully

2018-08-30 17:54:17 - [MESSAGE][PASSED] - beautytap.ShopAction.selectCategory is PASSED

2018-08-30 17:54:17 - [TEST_STEP][PASSED] - beautytap.ShopAction.findProductOnProductList: beautytap.ShopAction.findProductOnProductList is PASSED

2018-08-30 17:54:17 - [MESSAGE][PASSED] - Text of object '' is: '3'

2018-08-30 17:54:23 - [MESSAGE][WARNING] - com.kms.katalon.core.webui.exception.WebElementNotFoundException: Web element with id: '' located by 'By.xpath: //a[text()='Innisfree Eye Contouring Stick Round Shape 0.7g']' not found
[[ATTACHMENT|E:\\BeautytapAutomation\\beautytapAuto\\Beautytap\\Reports\\TS1\\20180830_173726\\1535626463072.png]]

2018-08-30 17:54:32 - [MESSAGE][PASSED] - Object: '' is clicked on

2018-08-30 17:54:32 - [MESSAGE][PASSED] - Wait for page load successfully

2018-08-30 17:54:32 - [MESSAGE][PASSED] - Object '' is present

2018-08-30 17:54:32 - [MESSAGE][PASSED] - beautytap.ShopAction.findProductOnProductList is PASSED

2018-08-30 17:54:32 - [TEST_STEP][PASSED] - beautytap.ShopAction.VerifyProductOnProductList: Keyword VerifyProductOnProductList is Passed

2018-08-30 17:54:32 - [MESSAGE][PASSED] - Object '' is present

2018-08-30 17:54:32 - [MESSAGE][PASSED] - Text of object '' is: '$4.95'

2018-08-30 17:54:32 - [MESSAGE][PASSED] - Get CSS 'color' value on '' successfully: 'rgba(255, 35, 134, 1)'.

2018-08-30 17:54:32 - [MESSAGE][PASSED] - Get CSS 'color' value on '' successfully: 'rgba(255, 35, 134, 1)'.

2018-08-30 17:54:32 - [MESSAGE][PASSED] - Text of object '' is: '$6.50'

2018-08-30 17:54:33 - [MESSAGE][PASSED] - Get CSS 'color' value on '' successfully: 'rgba(255, 35, 134, 1)'.

2018-08-30 17:54:33 - [MESSAGE][PASSED] - Get CSS 'color' value on '' successfully: 'rgba(255, 35, 134, 1)'.

2018-08-30 17:54:33 - [MESSAGE][PASSED] - Keyword VerifyProductOnProductList is Passed

2018-08-30 17:54:33 - [TEST_STEP][PASSED] - beautytap.ShopAction.selectProductOnProductList: beautytap.ShopAction.selectProductOnProductList is PASSED

2018-08-30 17:54:41 - [MESSAGE][PASSED] - Object: '' is clicked on

2018-08-30 17:54:41 - [MESSAGE][PASSED] - Wait for page load successfully

2018-08-30 17:54:41 - [MESSAGE][PASSED] - beautytap.ShopAction.selectProductOnProductList is PASSED

2018-08-30 17:54:41 - [TEST_STEP][PASSED] - beautytap.ShopAction.selectProductVariation: beautytap.ShopAction.selectProductVariation is PASSED

2018-08-30 17:54:41 - [MESSAGE][PASSED] - Object: 'Object Repository/Page_Shop/drop_chooseOption' is clicked on

2018-08-30 17:54:42 - [MESSAGE][PASSED] - Delayed 1 second(s)

2018-08-30 17:54:42 - [MESSAGE][PASSED] - Object: '' is clicked on

2018-08-30 17:54:42 - [MESSAGE][PASSED] - beautytap.ShopAction.selectProductVariation is PASSED

2018-08-30 17:54:42 - [TEST_STEP][PASSED] - beautytap.ShopAction.VerifyProductDetails: Keyword VerifyProductDetails is Passed

2018-08-30 17:54:42 - [MESSAGE][PASSED] - Text of object '' is: 'Innisfree Eye Contouring Stick Round Shape 0.7g'

2018-08-30 17:54:44 - [MESSAGE][PASSED] - All options with label '5' are selected in object 'Object Repository/Page_Shop/drop_chooseOption' 

2018-08-30 17:54:44 - [MESSAGE][PASSED] - Text of object '' is: '$6.50'

2018-08-30 17:54:44 - [MESSAGE][PASSED] - Get CSS 'color' value on '' successfully: 'rgba(195, 195, 195, 1)'.

2018-08-30 17:54:44 - [MESSAGE][PASSED] - Text of object '' is: '$4.95'

2018-08-30 17:54:44 - [MESSAGE][PASSED] - Get CSS 'color' value on '' successfully: 'rgba(255, 35, 134, 1)'.

2018-08-30 17:54:44 - [MESSAGE][PASSED] - Keyword VerifyProductDetails is Passed

2018-08-30 17:54:44 - [TEST_STEP][PASSED] - Statement - currentNumberItemInCart = CustomKeywords.beautytap.ShopAction.getNumberItemInCart(): beautytap.ShopAction.getNumberItemInCart is PASSED

2018-08-30 17:55:16 - [MESSAGE][WARNING] - com.kms.katalon.core.webui.exception.WebElementNotFoundException: Web element with id: '' located by 'By.xpath: //div[@class='header-right-top pull-right']/a[@class='shop-cart']/span[@class='number-cart']' not found
[[ATTACHMENT|E:\\BeautytapAutomation\\beautytapAuto\\Beautytap\\Reports\\TS1\\20180830_173726\\1535626516290.png]]

2018-08-30 17:55:16 - [MESSAGE][PASSED] - beautytap.ShopAction.getNumberItemInCart is PASSED

2018-08-30 17:55:16 - [TEST_STEP][PASSED] - beautytap.ShopAction.addProductToCart: beautytap.ShopAction.addProductToCart is PASSED

2018-08-30 17:55:16 - [MESSAGE][PASSED] - Text of object 'Object Repository/Page_Shop/txt_quantity' is cleared

2018-08-30 17:55:16 - [MESSAGE][PASSED] - Keys '5' sent to object: 'Object Repository/Page_Shop/txt_quantity'

2018-08-30 17:55:18 - [MESSAGE][PASSED] - Object: 'Object Repository/Page_Shop/btn_addToCart' is clicked on

2018-08-30 17:55:18 - [MESSAGE][PASSED] - Wait for page load successfully

2018-08-30 17:55:30 - [MESSAGE][PASSED] - Object 'Object Repository/Page_Shop/lbl_message' is present

2018-08-30 17:55:30 - [MESSAGE][PASSED] - beautytap.ShopAction.addProductToCart is PASSED

2018-08-30 17:55:30 - [TEST_STEP][PASSED] - beautytap.ShopAction.VerifyNumberItemInCart: Keyword VerifyNumberItemInCart is Passed, Number item in cart is 5, expected is 5

2018-08-30 17:55:30 - [MESSAGE][PASSED] - Object '' is present

2018-08-30 17:55:30 - [MESSAGE][PASSED] - Text of object '' is: '5'

2018-08-30 17:55:30 - [MESSAGE][PASSED] - Keyword VerifyNumberItemInCart is Passed, Number item in cart is 5, expected is 5

2018-08-30 17:55:30 - [TEST_STEP][PASSED] - beautytap.ShopAction.VerifyProductIsAddedToCart: beautytap.ShopAction.VerifyProductIsAddedToCart is PASSED

2018-08-30 17:55:30 - [MESSAGE][PASSED] - Object '' is present

2018-08-30 17:55:30 - [MESSAGE][PASSED] - beautytap.ShopAction.VerifyProductIsAddedToCart is PASSED

2018-08-30 17:55:30 - [TEST_STEP][PASSED] - beautytap.ShopAction.goToCart: beautytap.ShopAction.goToCart is PASSED

2018-08-30 17:55:36 - [MESSAGE][PASSED] - Object: 'Object Repository/Page_General/icon_cart' is clicked on

2018-08-30 17:55:36 - [MESSAGE][PASSED] - Wait for page load successfully

2018-08-30 17:55:36 - [MESSAGE][PASSED] - beautytap.ShopAction.goToCart is PASSED

2018-08-30 17:55:36 - [TEST_STEP][PASSED] - beautytap.ShopAction.VerifyProductInCart: Keyword VerifyProductInCart is Passed

2018-08-30 17:55:36 - [MESSAGE][PASSED] - Object '' is present

2018-08-30 17:55:36 - [MESSAGE][PASSED] - Text of object '' is: '$4.95'

2018-08-30 17:55:37 - [MESSAGE][PASSED] - Attribute 'value' of object '' is: '5'

2018-08-30 17:55:37 - [MESSAGE][PASSED] - Text of object '' is: '$24.75'

2018-08-30 17:55:37 - [MESSAGE][PASSED] - Keyword VerifyProductInCart is Passed

2018-08-30 17:55:37 - [TEST_STEP][PASSED] - beautytap.ShopAction.loginAmazonPay: beautytap.ShopAction.loginAmazonPay is PASSED

2018-08-30 17:56:03 - [MESSAGE][PASSED] - Object: 'Object Repository/Page_Cart/btn_payWithAmazon' is clicked on

2018-08-30 17:56:03 - [MESSAGE][PASSED] - Switched to window with index: '1'

2018-08-30 17:56:04 - [MESSAGE][PASSED] - Object 'Object Repository/Popup_Amazon/txt_email' is present

2018-08-30 17:56:04 - [MESSAGE][PASSED] - Text of object 'Object Repository/Popup_Amazon/txt_email' is cleared

2018-08-30 17:56:05 - [MESSAGE][PASSED] - Keys 'amazontest1503@yopmail.com' sent to object: 'Object Repository/Popup_Amazon/txt_email'

2018-08-30 17:56:05 - [MESSAGE][PASSED] - Text of object 'Object Repository/Popup_Amazon/txt_password' is cleared

2018-08-30 17:56:05 - [MESSAGE][PASSED] - Keys '123456' sent to object: 'Object Repository/Popup_Amazon/txt_password'

2018-08-30 17:56:08 - [MESSAGE][PASSED] - Object: 'Object Repository/Popup_Amazon/btn_signin' is clicked on

2018-08-30 17:56:08 - [MESSAGE][PASSED] - Switched to window with index: '0'

2018-08-30 17:56:38 - [MESSAGE][PASSED] - Delayed 30 second(s)

2018-08-30 17:56:38 - [MESSAGE][PASSED] - beautytap.ShopAction.loginAmazonPay is PASSED

2018-08-30 17:56:38 - [TEST_STEP][PASSED] - beautytap.ShopAction.selectShipping: beautytap.ShopAction.selectShipping is PASSED

2018-08-30 17:56:38 - [MESSAGE][PASSED] - Object '' is checked

2018-08-30 17:56:43 - [MESSAGE][PASSED] - Delayed 5 second(s)

2018-08-30 17:56:43 - [MESSAGE][PASSED] - beautytap.ShopAction.selectShipping is PASSED

2018-08-30 17:56:43 - [TEST_STEP][PASSED] - beautytap.ShopAction.VerifyOrderDetailsOnCheckout: Keyword VerifyOrderDetailsOnCheckout is Passed

2018-08-30 17:56:43 - [MESSAGE][PASSED] - Object '' is present

2018-08-30 17:56:43 - [MESSAGE][PASSED] - Text of object '' is: '$24.75'

2018-08-30 17:56:43 - [MESSAGE][PASSED] - Object '' has attribute 'checked'

2018-08-30 17:56:43 - [MESSAGE][PASSED] - Text of object '' is: '($25) - EMS Express shipping (est. 10-14 working days delivery including processing): $25.00'

2018-08-30 17:56:43 - [MESSAGE][PASSED] - Text of object '' is: '$25.00'

2018-08-30 17:56:43 - [MESSAGE][PASSED] - Text of object '' is: '$49.75'

2018-08-30 17:56:43 - [MESSAGE][PASSED] - Keyword VerifyOrderDetailsOnCheckout is Passed

2018-08-30 17:56:43 - [TEST_STEP][PASSED] - beautytap.ShopAction.checkoutViaAmazonPay: beautytap.ShopAction.checkoutViaAmazonPay is PASSED

2018-08-30 17:56:43 - [MESSAGE][PASSED] - Object 'Object Repository/Page_Checkout/chk_terms' is clickable

2018-08-30 17:56:43 - [MESSAGE][PASSED] - Object 'Object Repository/Page_Checkout/chk_terms' is checked

2018-08-30 17:56:43 - [MESSAGE][PASSED] - Object: 'Object Repository/Page_Checkout/btn_placeOrder' is clicked on

2018-08-30 17:56:57 - [MESSAGE][PASSED] - Object 'Object Repository/Page_Checkout/lbl_orderReceived' is present

2018-08-30 17:56:57 - [MESSAGE][PASSED] - beautytap.ShopAction.checkoutViaAmazonPay is PASSED

2018-08-30 17:56:57 - [TEST_STEP][PASSED] - beautytap.ShopAction.VerifyOrderReceivedDetails: Keyword VerifyOrderReceivedDetails is Passed

2018-08-30 17:56:57 - [MESSAGE][PASSED] - Object '' is present

2018-08-30 17:56:58 - [MESSAGE][PASSED] - Text of object '' is: '$24.75'

2018-08-30 17:56:58 - [MESSAGE][PASSED] - Text of object '' is: '$25.00 via ($25) - EMS Express shipping (est. 10-14 working days delivery including processing)'

2018-08-30 17:56:58 - [MESSAGE][PASSED] - Object '' is present

2018-08-30 17:56:58 - [MESSAGE][PASSED] - Text of object '' is: '$25.00'

2018-08-30 17:56:58 - [MESSAGE][PASSED] - Text of object '' is: 'Amazon Pay'

2018-08-30 17:56:58 - [MESSAGE][PASSED] - Text of object '' is: '$49.75'

2018-08-30 17:56:58 - [MESSAGE][PASSED] - Keyword VerifyOrderReceivedDetails is Passed

2018-08-30 17:56:58 - [TEST_STEP][PASSED] - closeBrowser: Browser is closed

2018-08-30 17:56:59 - [MESSAGE][PASSED] - Browser is closed]]></system-out>
         <system-err><![CDATA[]]></system-err>
      </testcase>
      <system-out><![CDATA[2018-08-30 17:37:29 - [TEST_SUITE][PASSED] - TS1: Test Cases/Shop/TC06_Browse_VariationProduct_Sale_AmazonPayAtCart_LessThan60_EMS]]></system-out>
      <system-err><![CDATA[]]></system-err>
   </testsuite>
</testsuites>
