<?xml version="1.0" encoding="UTF-8"?>
<testsuites name="TS1" time="347" tests="2" failures="0" errors="0">
   <testsuite name="TS1" tests="2" failures="0" errors="0" time="347" timestamp="2018-07-27 16:54:47" hostname="Vinasource - TrangNguyen" id="Test Suites/TS1">
      <properties>
         <property name="deviceName" value=""/>
         <property name="devicePlatform" value=""/>
         <property name="logFolder" value="E:\\BeautytapAutomation\\Beautytap\\Reports\\TS1\\20180727_165445"/>
         <property name="logFiles" value="E:\\BeautytapAutomation\\Beautytap\\Reports\\TS1\\20180727_165445\\execution0.log"/>
         <property name="attachments" value=""/>
         <property name="hostName" value="Vinasource - TrangNguyen"/>
         <property name="os" value="Windows 10 64bit"/>
         <property name="katalonVersion" value="5.5.0.1"/>
         <property name="browser" value="Chrome 67.0.3396.99"/>
         <property name="hostAddress" value="10.0.0.151"/>
         <property name="sessionId" value="5d649d2acfbdabb6c2fc98d48c162959"/>
         <property name="seleniumVersion" value="3.7.1"/>
         <property name="proxyInformation" value="ProxyInformation{proxyOption=NO_PROXY, proxyServerType=HTTP, password=, proxyServerAddress=, proxyServerPort=0}"/>
         <property name="platform" value="Windows 10"/>
      </properties>
      <testcase name="Test Cases/SignUp_Login_ResetPass/TC01_SignUp_Login_ResetPassword_Via_Email" classname="Test Cases/SignUp_Login_ResetPass/TC01_SignUp_Login_ResetPassword_Via_Email" status="PASSED">
         <system-out><![CDATA[2018-07-27 16:54:47 - [TEST_CASE][PASSED] - Test Cases/SignUp_Login_ResetPass/TC01_SignUp_Login_ResetPassword_Via_Email: Test Cases/SignUp_Login_ResetPass/TC01_SignUp_Login_ResetPassword_Via_Email

2018-07-27 16:54:48 - [TEST_STEP][PASSED] - Statement - r_string = new java.lang.Math().random().toString().substring(2, 8): null

2018-07-27 16:54:48 - [TEST_STEP][PASSED] - Statement - username = "auto" + r_string: null

2018-07-27 16:54:48 - [TEST_STEP][PASSED] - Statement - email = username + "@mailinator.com": null

2018-07-27 16:54:48 - [TEST_STEP][PASSED] - Statement - password = "123456": null

2018-07-27 16:54:48 - [TEST_STEP][PASSED] - Statement - newpassword = "test123": null

2018-07-27 16:54:48 - [TEST_STEP][PASSED] - Statement - name = "Auto User " + r_string: null

2018-07-27 16:54:48 - [TEST_STEP][PASSED] - Statement - birthday = "01/01/1990": null

2018-07-27 16:54:48 - [TEST_STEP][PASSED] - Statement - activation_subject = SITE_TITLE + " Activate your account": null

2018-07-27 16:54:48 - [TEST_STEP][PASSED] - Statement - resetpass_subject = SITE_TITLE + " Password Reset": null

2018-07-27 16:54:48 - [TEST_STEP][PASSED] - openBrowser: Browser is opened with url: 'https://stage.beautytap.com'

2018-07-27 16:55:11 - [MESSAGE][PASSED] - Browser is opened with url: 'https://stage.beautytap.com'

2018-07-27 16:55:11 - [TEST_STEP][PASSED] - maximizeWindow: Current window maximized

2018-07-27 16:55:12 - [MESSAGE][PASSED] - Current window maximized

2018-07-27 16:55:12 - [TEST_STEP][PASSED] - click: Object: 'Object Repository/Page_General/link_signup' is clicked on

2018-07-27 16:55:17 - [MESSAGE][PASSED] - Object: 'Object Repository/Page_General/link_signup' is clicked on

2018-07-27 16:55:17 - [TEST_STEP][PASSED] - waitForPageLoad: Wait for page load successfully

2018-07-27 16:55:17 - [MESSAGE][PASSED] - Wait for page load successfully

2018-07-27 16:55:17 - [TEST_STEP][PASSED] - beautytap.beautytapAction.signup: beautytap.beautytapAction.signup is PASSED

2018-07-27 16:55:17 - [MESSAGE][PASSED] - Keys 'auto659306' sent to object: 'Object Repository/Page_Signup/txt_username'

2018-07-27 16:55:18 - [MESSAGE][PASSED] - Keys 'auto659306@mailinator.com' sent to object: 'Object Repository/Page_Signup/txt_email'

2018-07-27 16:55:18 - [MESSAGE][PASSED] - Keys '123456' sent to object: 'Object Repository/Page_Signup/txt_password'

2018-07-27 16:55:18 - [MESSAGE][PASSED] - Keys 'Auto User 659306' sent to object: 'Object Repository/Page_Signup/txt_name'

2018-07-27 16:55:19 - [MESSAGE][PASSED] - Keys '01/01/1990' sent to object: 'Object Repository/Page_Signup/txt_birthday'

2018-07-27 16:55:19 - [MESSAGE][PASSED] - Object: 'Object Repository/Page_Signup/btn_signup' is clicked on

2018-07-27 16:55:19 - [MESSAGE][PASSED] - Wait for page load successfully

2018-07-27 16:55:19 - [MESSAGE][PASSED] - beautytap.beautytapAction.signup is PASSED

2018-07-27 16:55:19 - [TEST_STEP][PASSED] - verifyElementPresent: Object 'Object Repository/Page_Signup/lbl_sucessMessage' is present

2018-07-27 16:55:29 - [MESSAGE][PASSED] - Object 'Object Repository/Page_Signup/lbl_sucessMessage' is present

2018-07-27 16:55:29 - [TEST_STEP][PASSED] - beautytap.beautytapAction.openMailBox: beautytap.beautytapAction.openMailBox is PASSED

2018-07-27 16:55:31 - [MESSAGE][PASSED] - Navigate to 'https://www.mailinator.com' successfully

2018-07-27 16:55:31 - [MESSAGE][PASSED] - Wait for page load successfully

2018-07-27 16:55:31 - [MESSAGE][PASSED] - Keys 'auto659306' sent to object: 'Object Repository/Page_mailinator/txt_email'

2018-07-27 16:55:33 - [MESSAGE][PASSED] - Object: 'Object Repository/Page_mailinator/btn_go' is clicked on

2018-07-27 16:55:33 - [MESSAGE][PASSED] - Wait for page load successfully

2018-07-27 16:55:33 - [MESSAGE][PASSED] - Object: '' is clicked on

2018-07-27 16:55:33 - [MESSAGE][PASSED] - beautytap.beautytapAction.openMailBox is PASSED

2018-07-27 16:55:33 - [TEST_STEP][PASSED] - beautytap.beautytapAction.verifyEmailExist: beautytap.beautytapAction.verifyEmailExist is PASSED

2018-07-27 16:55:34 - [MESSAGE][PASSED] - Object '' is present

2018-07-27 16:55:34 - [MESSAGE][PASSED] - beautytap.beautytapAction.verifyEmailExist is PASSED

2018-07-27 16:55:34 - [TEST_STEP][PASSED] - beautytap.beautytapAction.openEmail: beautytap.beautytapAction.openEmail is PASSED

2018-07-27 16:55:34 - [MESSAGE][PASSED] - Object: '' is clicked on

2018-07-27 16:55:34 - [MESSAGE][PASSED] - beautytap.beautytapAction.openEmail is PASSED

2018-07-27 16:55:34 - [TEST_STEP][PASSED] - beautytap.beautytapAction.clickEmailLink: beautytap.beautytapAction.clickEmailLink is PASSED

2018-07-27 16:55:35 - [MESSAGE][PASSED] - Text of object '' is: 'https://stage.beautytap.com/activate/A4cxEf2WwvLaWpwJ0zw7YQN6NN7XSugs/'

2018-07-27 16:56:02 - [MESSAGE][PASSED] - Navigate to 'https://stage.beautytap.com/activate/A4cxEf2WwvLaWpwJ0zw7YQN6NN7XSugs/' successfully

2018-07-27 16:56:02 - [MESSAGE][PASSED] - beautytap.beautytapAction.clickEmailLink is PASSED

2018-07-27 16:56:02 - [TEST_STEP][PASSED] - waitForPageLoad: Wait for page load successfully

2018-07-27 16:56:02 - [MESSAGE][PASSED] - Wait for page load successfully

2018-07-27 16:56:02 - [TEST_STEP][PASSED] - verifyElementPresent: Object 'Object Repository/Page_General/lbl_activeSuccessMessage' is present

2018-07-27 16:56:02 - [MESSAGE][PASSED] - Object 'Object Repository/Page_General/lbl_activeSuccessMessage' is present

2018-07-27 16:56:02 - [TEST_STEP][PASSED] - click: Object: 'Object Repository/Page_General/link_login' is clicked on

2018-07-27 16:56:06 - [MESSAGE][PASSED] - Object: 'Object Repository/Page_General/link_login' is clicked on

2018-07-27 16:56:06 - [TEST_STEP][PASSED] - waitForPageLoad: Wait for page load successfully

2018-07-27 16:56:06 - [MESSAGE][PASSED] - Wait for page load successfully

2018-07-27 16:56:06 - [TEST_STEP][PASSED] - beautytap.beautytapAction.login: beautytap.beautytapAction.login is PASSED

2018-07-27 16:56:06 - [MESSAGE][PASSED] - Text of object 'Object Repository/Page_login/txt_username' is cleared

2018-07-27 16:56:06 - [MESSAGE][PASSED] - Keys 'auto659306' sent to object: 'Object Repository/Page_login/txt_username'

2018-07-27 16:56:06 - [MESSAGE][PASSED] - Text of object 'Object Repository/Page_login/txt_password' is cleared

2018-07-27 16:56:06 - [MESSAGE][PASSED] - Keys '123456' sent to object: 'Object Repository/Page_login/txt_password'

2018-07-27 16:56:06 - [MESSAGE][PASSED] - Object: 'Object Repository/Page_login/btn_login' is clicked on

2018-07-27 16:56:07 - [MESSAGE][PASSED] - Wait for page load successfully

2018-07-27 16:56:07 - [MESSAGE][PASSED] - beautytap.beautytapAction.login is PASSED

2018-07-27 16:56:07 - [TEST_STEP][PASSED] - verifyElementPresent: Object 'Object Repository/Page_General/link_avatar' is present

2018-07-27 16:56:19 - [MESSAGE][PASSED] - Object 'Object Repository/Page_General/link_avatar' is present

2018-07-27 16:56:19 - [TEST_STEP][PASSED] - beautytap.beautytapAction.logout: beautytap.beautytapAction.logout is PASSED

2018-07-27 16:56:19 - [MESSAGE][PASSED] - Object: 'Object Repository/Page_General/link_avatar' is clicked on

2018-07-27 16:56:19 - [MESSAGE][PASSED] - Object 'Object Repository/Page_General/menu_logout' is present

2018-07-27 16:56:19 - [MESSAGE][PASSED] - Object: 'Object Repository/Page_General/menu_logout' is clicked on

2018-07-27 16:56:19 - [MESSAGE][PASSED] - Wait for page load successfully

2018-07-27 16:56:19 - [MESSAGE][PASSED] - beautytap.beautytapAction.logout is PASSED

2018-07-27 16:56:19 - [TEST_STEP][PASSED] - click: Object: 'Object Repository/Page_General/link_login' is clicked on

2018-07-27 16:56:28 - [MESSAGE][PASSED] - Object: 'Object Repository/Page_General/link_login' is clicked on

2018-07-27 16:56:28 - [TEST_STEP][PASSED] - waitForPageLoad: Wait for page load successfully

2018-07-27 16:56:28 - [MESSAGE][PASSED] - Wait for page load successfully

2018-07-27 16:56:28 - [TEST_STEP][PASSED] - beautytap.beautytapAction.login: beautytap.beautytapAction.login is PASSED

2018-07-27 16:56:28 - [MESSAGE][PASSED] - Text of object 'Object Repository/Page_login/txt_username' is cleared

2018-07-27 16:56:29 - [MESSAGE][PASSED] - Keys 'auto659306@mailinator.com' sent to object: 'Object Repository/Page_login/txt_username'

2018-07-27 16:56:29 - [MESSAGE][PASSED] - Text of object 'Object Repository/Page_login/txt_password' is cleared

2018-07-27 16:56:29 - [MESSAGE][PASSED] - Keys '123456' sent to object: 'Object Repository/Page_login/txt_password'

2018-07-27 16:56:29 - [MESSAGE][PASSED] - Object: 'Object Repository/Page_login/btn_login' is clicked on

2018-07-27 16:56:29 - [MESSAGE][PASSED] - Wait for page load successfully

2018-07-27 16:56:29 - [MESSAGE][PASSED] - beautytap.beautytapAction.login is PASSED

2018-07-27 16:56:29 - [TEST_STEP][PASSED] - verifyElementPresent: Object 'Object Repository/Page_General/link_avatar' is present

2018-07-27 16:56:39 - [MESSAGE][PASSED] - Object 'Object Repository/Page_General/link_avatar' is present

2018-07-27 16:56:39 - [TEST_STEP][PASSED] - beautytap.beautytapAction.logout: beautytap.beautytapAction.logout is PASSED

2018-07-27 16:56:39 - [MESSAGE][PASSED] - Object: 'Object Repository/Page_General/link_avatar' is clicked on

2018-07-27 16:56:40 - [MESSAGE][PASSED] - Object 'Object Repository/Page_General/menu_logout' is present

2018-07-27 16:56:40 - [MESSAGE][PASSED] - Object: 'Object Repository/Page_General/menu_logout' is clicked on

2018-07-27 16:56:40 - [MESSAGE][PASSED] - Wait for page load successfully

2018-07-27 16:56:40 - [MESSAGE][PASSED] - beautytap.beautytapAction.logout is PASSED

2018-07-27 16:56:40 - [TEST_STEP][PASSED] - click: Object: 'Object Repository/Page_General/link_login' is clicked on

2018-07-27 16:56:47 - [MESSAGE][PASSED] - Object: 'Object Repository/Page_General/link_login' is clicked on

2018-07-27 16:56:47 - [TEST_STEP][PASSED] - click: Object: 'Object Repository/Page_Login/link_forgotPassword' is clicked on

2018-07-27 16:56:50 - [MESSAGE][PASSED] - Object: 'Object Repository/Page_Login/link_forgotPassword' is clicked on

2018-07-27 16:56:50 - [TEST_STEP][PASSED] - sendKeys: Keys 'auto659306' sent to object: 'Object Repository/Page_ForgotPassword/txt_usernameOrEmail'

2018-07-27 16:56:50 - [MESSAGE][PASSED] - Keys 'auto659306' sent to object: 'Object Repository/Page_ForgotPassword/txt_usernameOrEmail'

2018-07-27 16:56:50 - [TEST_STEP][PASSED] - click: Object: 'Object Repository/Page_ForgotPassword/btn_forgotPassword' is clicked on

2018-07-27 16:56:50 - [MESSAGE][PASSED] - Object: 'Object Repository/Page_ForgotPassword/btn_forgotPassword' is clicked on

2018-07-27 16:56:50 - [TEST_STEP][PASSED] - verifyElementPresent: Object 'Object Repository/Page_ForgotPassword/lbl_sucessMessage' is present

2018-07-27 16:56:56 - [MESSAGE][PASSED] - Object 'Object Repository/Page_ForgotPassword/lbl_sucessMessage' is present

2018-07-27 16:56:56 - [TEST_STEP][PASSED] - beautytap.beautytapAction.openMailBox: beautytap.beautytapAction.openMailBox is PASSED

2018-07-27 16:56:57 - [MESSAGE][PASSED] - Navigate to 'https://www.mailinator.com' successfully

2018-07-27 16:56:57 - [MESSAGE][PASSED] - Wait for page load successfully

2018-07-27 16:56:57 - [MESSAGE][PASSED] - Keys 'auto659306' sent to object: 'Object Repository/Page_mailinator/txt_email'

2018-07-27 16:56:58 - [MESSAGE][PASSED] - Object: 'Object Repository/Page_mailinator/btn_go' is clicked on

2018-07-27 16:56:58 - [MESSAGE][PASSED] - Wait for page load successfully

2018-07-27 16:56:59 - [MESSAGE][PASSED] - Object: '' is clicked on

2018-07-27 16:56:59 - [MESSAGE][PASSED] - beautytap.beautytapAction.openMailBox is PASSED

2018-07-27 16:56:59 - [TEST_STEP][PASSED] - beautytap.beautytapAction.verifyEmailExist: beautytap.beautytapAction.verifyEmailExist is PASSED

2018-07-27 16:57:00 - [MESSAGE][PASSED] - Object '' is present

2018-07-27 16:57:00 - [MESSAGE][PASSED] - beautytap.beautytapAction.verifyEmailExist is PASSED

2018-07-27 16:57:00 - [TEST_STEP][PASSED] - beautytap.beautytapAction.openEmail: beautytap.beautytapAction.openEmail is PASSED

2018-07-27 16:57:00 - [MESSAGE][PASSED] - Object: '' is clicked on

2018-07-27 16:57:00 - [MESSAGE][PASSED] - beautytap.beautytapAction.openEmail is PASSED

2018-07-27 16:57:00 - [TEST_STEP][PASSED] - beautytap.beautytapAction.clickEmailLink: beautytap.beautytapAction.clickEmailLink is PASSED

2018-07-27 16:57:01 - [MESSAGE][PASSED] - Text of object '' is: 'https://stage.beautytap.com/wp-login.php?action=rp&key=GCPx3Xf5IRfjQByPksNk&login=auto659306'

2018-07-27 16:57:06 - [MESSAGE][PASSED] - Navigate to 'https://stage.beautytap.com/wp-login.php?action=rp&key=GCPx3Xf5IRfjQByPksNk&login=auto659306' successfully

2018-07-27 16:57:06 - [MESSAGE][PASSED] - beautytap.beautytapAction.clickEmailLink is PASSED

2018-07-27 16:57:06 - [TEST_STEP][PASSED] - delay: Delayed 20 second(s)

2018-07-27 16:57:26 - [MESSAGE][PASSED] - Delayed 20 second(s)

2018-07-27 16:57:26 - [TEST_STEP][PASSED] - clearText: Text of object 'Object Repository/Page_ForgotPassword/txt_newPassword' is cleared

2018-07-27 16:57:26 - [MESSAGE][PASSED] - Text of object 'Object Repository/Page_ForgotPassword/txt_newPassword' is cleared

2018-07-27 16:57:26 - [TEST_STEP][PASSED] - sendKeys: Keys 'test123' sent to object: 'Object Repository/Page_ForgotPassword/txt_newPassword'

2018-07-27 16:57:26 - [MESSAGE][PASSED] - Keys 'test123' sent to object: 'Object Repository/Page_ForgotPassword/txt_newPassword'

2018-07-27 16:57:26 - [TEST_STEP][PASSED] - click: Object: 'Object Repository/Page_ForgotPassword/btn_resetPassword' is clicked on

2018-07-27 16:57:32 - [MESSAGE][PASSED] - Object: 'Object Repository/Page_ForgotPassword/btn_resetPassword' is clicked on

2018-07-27 16:57:32 - [TEST_STEP][PASSED] - verifyElementPresent: Object 'Object Repository/Page_ForgotPassword/lbl_resetPasswordMessage' is present

2018-07-27 16:57:32 - [MESSAGE][PASSED] - Object 'Object Repository/Page_ForgotPassword/lbl_resetPasswordMessage' is present

2018-07-27 16:57:32 - [TEST_STEP][PASSED] - click: Object: 'Object Repository/Page_General/link_login' is clicked on

2018-07-27 16:57:35 - [MESSAGE][PASSED] - Object: 'Object Repository/Page_General/link_login' is clicked on

2018-07-27 16:57:35 - [TEST_STEP][PASSED] - waitForPageLoad: Wait for page load successfully

2018-07-27 16:57:35 - [MESSAGE][PASSED] - Wait for page load successfully

2018-07-27 16:57:35 - [TEST_STEP][PASSED] - beautytap.beautytapAction.login: beautytap.beautytapAction.login is PASSED

2018-07-27 16:57:35 - [MESSAGE][PASSED] - Text of object 'Object Repository/Page_login/txt_username' is cleared

2018-07-27 16:57:35 - [MESSAGE][PASSED] - Keys 'auto659306' sent to object: 'Object Repository/Page_login/txt_username'

2018-07-27 16:57:35 - [MESSAGE][PASSED] - Text of object 'Object Repository/Page_login/txt_password' is cleared

2018-07-27 16:57:35 - [MESSAGE][PASSED] - Keys '123456' sent to object: 'Object Repository/Page_login/txt_password'

2018-07-27 16:57:35 - [MESSAGE][PASSED] - Object: 'Object Repository/Page_login/btn_login' is clicked on

2018-07-27 16:57:35 - [MESSAGE][PASSED] - Wait for page load successfully

2018-07-27 16:57:35 - [MESSAGE][PASSED] - beautytap.beautytapAction.login is PASSED

2018-07-27 16:57:35 - [TEST_STEP][PASSED] - verifyElementText: Actual text and expected text of test object 'Object Repository/Page_Login/lbl_errorMessage' are matched.

2018-07-27 16:57:36 - [MESSAGE][PASSED] - Actual text and expected text of test object 'Object Repository/Page_Login/lbl_errorMessage' are matched.

2018-07-27 16:57:36 - [TEST_STEP][PASSED] - beautytap.beautytapAction.login: beautytap.beautytapAction.login is PASSED

2018-07-27 16:57:36 - [MESSAGE][PASSED] - Text of object 'Object Repository/Page_login/txt_username' is cleared

2018-07-27 16:57:36 - [MESSAGE][PASSED] - Keys 'auto659306' sent to object: 'Object Repository/Page_login/txt_username'

2018-07-27 16:57:36 - [MESSAGE][PASSED] - Text of object 'Object Repository/Page_login/txt_password' is cleared

2018-07-27 16:57:36 - [MESSAGE][PASSED] - Keys 'test123' sent to object: 'Object Repository/Page_login/txt_password'

2018-07-27 16:57:36 - [MESSAGE][PASSED] - Object: 'Object Repository/Page_login/btn_login' is clicked on

2018-07-27 16:57:36 - [MESSAGE][PASSED] - Wait for page load successfully

2018-07-27 16:57:36 - [MESSAGE][PASSED] - beautytap.beautytapAction.login is PASSED

2018-07-27 16:57:36 - [TEST_STEP][PASSED] - verifyElementPresent: Object 'Object Repository/Page_General/link_avatar' is present

2018-07-27 16:57:46 - [MESSAGE][PASSED] - Object 'Object Repository/Page_General/link_avatar' is present

2018-07-27 16:57:46 - [TEST_STEP][PASSED] - beautytap.beautytapAction.logout: beautytap.beautytapAction.logout is PASSED

2018-07-27 16:57:46 - [MESSAGE][PASSED] - Object: 'Object Repository/Page_General/link_avatar' is clicked on

2018-07-27 16:57:46 - [MESSAGE][PASSED] - Object 'Object Repository/Page_General/menu_logout' is present

2018-07-27 16:57:47 - [MESSAGE][PASSED] - Object: 'Object Repository/Page_General/menu_logout' is clicked on

2018-07-27 16:57:47 - [MESSAGE][PASSED] - Wait for page load successfully

2018-07-27 16:57:47 - [MESSAGE][PASSED] - beautytap.beautytapAction.logout is PASSED

2018-07-27 16:57:47 - [TEST_STEP][PASSED] - click: Object: 'Object Repository/Page_General/link_login' is clicked on

2018-07-27 16:57:53 - [MESSAGE][PASSED] - Object: 'Object Repository/Page_General/link_login' is clicked on

2018-07-27 16:57:53 - [TEST_STEP][PASSED] - waitForPageLoad: Wait for page load successfully

2018-07-27 16:57:53 - [MESSAGE][PASSED] - Wait for page load successfully

2018-07-27 16:57:53 - [TEST_STEP][PASSED] - beautytap.beautytapAction.login: beautytap.beautytapAction.login is PASSED

2018-07-27 16:57:53 - [MESSAGE][PASSED] - Text of object 'Object Repository/Page_login/txt_username' is cleared

2018-07-27 16:57:53 - [MESSAGE][PASSED] - Keys 'auto659306@mailinator.com' sent to object: 'Object Repository/Page_login/txt_username'

2018-07-27 16:57:53 - [MESSAGE][PASSED] - Text of object 'Object Repository/Page_login/txt_password' is cleared

2018-07-27 16:57:54 - [MESSAGE][PASSED] - Keys 'test123' sent to object: 'Object Repository/Page_login/txt_password'

2018-07-27 16:57:54 - [MESSAGE][PASSED] - Object: 'Object Repository/Page_login/btn_login' is clicked on

2018-07-27 16:57:54 - [MESSAGE][PASSED] - Wait for page load successfully

2018-07-27 16:57:54 - [MESSAGE][PASSED] - beautytap.beautytapAction.login is PASSED

2018-07-27 16:57:54 - [TEST_STEP][PASSED] - verifyElementPresent: Object 'Object Repository/Page_General/link_avatar' is present

2018-07-27 16:58:03 - [MESSAGE][PASSED] - Object 'Object Repository/Page_General/link_avatar' is present

2018-07-27 16:58:04 - [TEST_STEP][PASSED] - beautytap.beautytapAction.logout: beautytap.beautytapAction.logout is PASSED

2018-07-27 16:58:04 - [MESSAGE][PASSED] - Object: 'Object Repository/Page_General/link_avatar' is clicked on

2018-07-27 16:58:04 - [MESSAGE][PASSED] - Object 'Object Repository/Page_General/menu_logout' is present

2018-07-27 16:58:04 - [MESSAGE][PASSED] - Object: 'Object Repository/Page_General/menu_logout' is clicked on

2018-07-27 16:58:04 - [MESSAGE][PASSED] - Wait for page load successfully

2018-07-27 16:58:04 - [MESSAGE][PASSED] - beautytap.beautytapAction.logout is PASSED

2018-07-27 16:58:04 - [TEST_STEP][PASSED] - closeBrowser: Browser is closed

2018-07-27 16:58:05 - [MESSAGE][PASSED] - Browser is closed]]></system-out>
         <system-err><![CDATA[]]></system-err>
      </testcase>
      <testcase name="Test Cases/SignUp_Login_ResetPass/TC02_SignUp_Login_ViaFacebook_NewUser" classname="Test Cases/SignUp_Login_ResetPass/TC02_SignUp_Login_ViaFacebook_NewUser" status="PASSED">
         <system-out><![CDATA[2018-07-27 16:58:05 - [TEST_CASE][PASSED] - Test Cases/SignUp_Login_ResetPass/TC02_SignUp_Login_ViaFacebook_NewUser: Test Cases/SignUp_Login_ResetPass/TC02_SignUp_Login_ViaFacebook_NewUser

2018-07-27 16:58:06 - [TEST_STEP][PASSED] - beautytap.beautytapAdminAction.deleteUser: beautytap.beautytapAdminAction.deleteUser is PASSED

2018-07-27 16:58:13 - [MESSAGE][PASSED] - Browser is opened with url: 'https://stage.beautytap.com/login'

2018-07-27 16:58:13 - [MESSAGE][PASSED] - Current window maximized

2018-07-27 16:58:13 - [MESSAGE][PASSED] - Text of object 'Object Repository/Page_login/txt_username' is cleared

2018-07-27 16:58:13 - [MESSAGE][PASSED] - Keys 'mrwhite' sent to object: 'Object Repository/Page_login/txt_username'

2018-07-27 16:58:13 - [MESSAGE][PASSED] - Text of object 'Object Repository/Page_login/txt_password' is cleared

2018-07-27 16:58:13 - [MESSAGE][PASSED] - Keys 'kgySM$Im' sent to object: 'Object Repository/Page_login/txt_password'

2018-07-27 16:58:14 - [MESSAGE][PASSED] - Object: 'Object Repository/Page_login/btn_login' is clicked on

2018-07-27 16:58:14 - [MESSAGE][PASSED] - Wait for page load successfully

2018-07-27 16:58:14 - [MESSAGE][PASSED] - Wait for page load successfully

2018-07-27 16:58:23 - [MESSAGE][PASSED] - Navigate to 'https://stage.beautytap.com/admin' successfully

2018-07-27 16:58:23 - [MESSAGE][PASSED] - Wait for page load successfully

2018-07-27 16:58:31 - [MESSAGE][PASSED] - Object: 'Object Repository/Page_Admin/menu_users' is clicked on

2018-07-27 16:58:31 - [MESSAGE][PASSED] - Wait for page load successfully

2018-07-27 16:58:31 - [MESSAGE][PASSED] - Text of object 'Object Repository/Page_Admin/txt_searchBox' is cleared

2018-07-27 16:58:32 - [MESSAGE][PASSED] - Keys 'g5.posiba@gmail.com' sent to object: 'Object Repository/Page_Admin/txt_searchBox'

2018-07-27 16:58:35 - [MESSAGE][PASSED] - Object: 'Object Repository/Page_Admin/btn_searchUser' is clicked on

2018-07-27 16:58:35 - [MESSAGE][PASSED] - Wait for page load successfully

2018-07-27 16:58:35 - [MESSAGE][PASSED] - Text of object '' is: 'g5.posiba@gmail.com'

2018-07-27 16:58:35 - [MESSAGE][PASSED] - Attribute 'id' of object '' is: 'user-64360'

2018-07-27 16:58:35 - [MESSAGE][PASSED] - Object: '' is hovered

2018-07-27 16:58:40 - [MESSAGE][PASSED] - Delayed 5 second(s)

2018-07-27 16:58:41 - [MESSAGE][PASSED] - Object: '' is clicked on

2018-07-27 16:58:41 - [MESSAGE][PASSED] - Alert accepted

2018-07-27 16:58:42 - [MESSAGE][PASSED] - Wait for page load successfully

2018-07-27 16:58:50 - [MESSAGE][PASSED] - Object: 'Object Repository/Page_Admin/btn_confirmDeleteUser' is clicked on

2018-07-27 16:58:50 - [MESSAGE][PASSED] - Wait for page load successfully

2018-07-27 16:58:50 - [MESSAGE][PASSED] - Browser is closed

2018-07-27 16:58:50 - [MESSAGE][PASSED] - beautytap.beautytapAdminAction.deleteUser is PASSED

2018-07-27 16:58:50 - [TEST_STEP][PASSED] - openBrowser: Browser is opened with url: 'https://stage.beautytap.com'

2018-07-27 16:59:10 - [MESSAGE][PASSED] - Browser is opened with url: 'https://stage.beautytap.com'

2018-07-27 16:59:10 - [TEST_STEP][PASSED] - maximizeWindow: Current window maximized

2018-07-27 16:59:11 - [MESSAGE][PASSED] - Current window maximized

2018-07-27 16:59:11 - [TEST_STEP][PASSED] - click: Object: 'Object Repository/Page_General/link_signup' is clicked on

2018-07-27 16:59:15 - [MESSAGE][PASSED] - Object: 'Object Repository/Page_General/link_signup' is clicked on

2018-07-27 16:59:15 - [TEST_STEP][PASSED] - waitForPageLoad: Wait for page load successfully

2018-07-27 16:59:15 - [MESSAGE][PASSED] - Wait for page load successfully

2018-07-27 16:59:15 - [TEST_STEP][PASSED] - beautytap.beautytapAction.signupViaFacebook: beautytap.beautytapAction.signupViaFacebook is PASSED

2018-07-27 16:59:15 - [MESSAGE][PASSED] - Object: 'Object Repository/Page_Signup/btn_signupFB' is clicked on

2018-07-27 16:59:15 - [MESSAGE][PASSED] - Switched to window with index: '1'

2018-07-27 16:59:18 - [MESSAGE][PASSED] - Keys 'g5.posiba@gmail.com' sent to object: 'Object Repository/Popup_FacebookLogin/txt_email'

2018-07-27 16:59:18 - [MESSAGE][PASSED] - Keys 'posiba123' sent to object: 'Object Repository/Popup_FacebookLogin/txt_password'

2018-07-27 16:59:20 - [MESSAGE][PASSED] - Object: 'Object Repository/Popup_FacebookLogin/btn_login' is clicked on

2018-07-27 16:59:20 - [MESSAGE][WARNING] - Cannot take screenshot

2018-07-27 16:59:20 - [MESSAGE][FAILED] - Unable to get text of object 'Object Repository/Popup_FacebookLogin/btn_confirmPermission' (Root cause: org.openqa.selenium.NoSuchWindowException: no such window: window was already closed
  (Session info: chrome=67.0.3396.99)
  (Driver info: chromedriver=2.35.528161 (5b82f2d2aae0ca24b877009200ced9065a772e73),platform=Windows NT 10.0.17134 x86_64) (WARNING: The server did not provide any stacktrace information)
Command duration or timeout: 0 milliseconds
Build info: version: '3.7.1', revision: '8a0099a', time: '2017-11-06T21:07:36.161Z'
System info: host: 'TRANGNGUYEN', ip: '10.0.0.151', os.name: 'Windows 10', os.arch: 'amd64', os.version: '10.0', java.version: '1.8.0_102'
Driver info: com.kms.katalon.selenium.driver.CChromeDriver
Capabilities {acceptInsecureCerts: false, acceptSslCerts: false, applicationCacheEnabled: false, browserConnectionEnabled: false, browserName: chrome, chrome: {chromedriverVersion: 2.35.528161 (5b82f2d2aae0ca..., userDataDir: C:\Users\VINASO~1\AppData\L...}, cssSelectorsEnabled: true, databaseEnabled: false, handlesAlerts: true, hasTouchScreen: false, javascriptEnabled: true, locationContextEnabled: true, mobileEmulationEnabled: false, nativeEvents: true, networkConnectionEnabled: false, pageLoadStrategy: normal, platform: XP, platformName: XP, rotatable: false, setWindowRect: true, takesHeapSnapshot: true, takesScreenshot: true, unexpectedAlertBehaviour: , unhandledPromptBehavior: , version: 67.0.3396.99, webStorageEnabled: true}
Session ID: 6e874be576f64a8dbe1f6fdb4d5c32f5
*** Element info: {Using=xpath, value=//button[contains(@class,'layerConfirm') and contains(@name,'CONFIRM')]})

2018-07-27 16:59:20 - [MESSAGE][PASSED] - Switched to window with index: '0'

2018-07-27 16:59:50 - [MESSAGE][PASSED] - Delayed 30 second(s)

2018-07-27 17:00:01 - [MESSAGE][PASSED] - Wait for page load successfully

2018-07-27 17:00:01 - [MESSAGE][PASSED] - beautytap.beautytapAction.signupViaFacebook is PASSED

2018-07-27 17:00:01 - [TEST_STEP][PASSED] - verifyElementPresent: Object 'Object Repository/Page_General/link_avatar' is present

2018-07-27 17:00:01 - [MESSAGE][PASSED] - Object 'Object Repository/Page_General/link_avatar' is present

2018-07-27 17:00:01 - [TEST_STEP][PASSED] - beautytap.beautytapAction.logout: beautytap.beautytapAction.logout is PASSED

2018-07-27 17:00:02 - [MESSAGE][PASSED] - Object: 'Object Repository/Page_General/link_avatar' is clicked on

2018-07-27 17:00:02 - [MESSAGE][PASSED] - Object 'Object Repository/Page_General/menu_logout' is present

2018-07-27 17:00:02 - [MESSAGE][PASSED] - Object: 'Object Repository/Page_General/menu_logout' is clicked on

2018-07-27 17:00:02 - [MESSAGE][PASSED] - Wait for page load successfully

2018-07-27 17:00:02 - [MESSAGE][PASSED] - beautytap.beautytapAction.logout is PASSED

2018-07-27 17:00:02 - [TEST_STEP][PASSED] - closeBrowser: Browser is closed

2018-07-27 17:00:03 - [MESSAGE][PASSED] - Browser is closed

2018-07-27 17:00:03 - [TEST_STEP][PASSED] - openBrowser: Browser is opened with url: 'https://stage.beautytap.com'

2018-07-27 17:00:14 - [MESSAGE][PASSED] - Browser is opened with url: 'https://stage.beautytap.com'

2018-07-27 17:00:14 - [TEST_STEP][PASSED] - maximizeWindow: Current window maximized

2018-07-27 17:00:14 - [MESSAGE][PASSED] - Current window maximized

2018-07-27 17:00:14 - [TEST_STEP][PASSED] - click: Object: 'Object Repository/Page_General/link_login' is clicked on

2018-07-27 17:00:18 - [MESSAGE][PASSED] - Object: 'Object Repository/Page_General/link_login' is clicked on

2018-07-27 17:00:18 - [TEST_STEP][PASSED] - waitForPageLoad: Wait for page load successfully

2018-07-27 17:00:18 - [MESSAGE][PASSED] - Wait for page load successfully

2018-07-27 17:00:18 - [TEST_STEP][PASSED] - beautytap.beautytapAction.login: beautytap.beautytapAction.login is PASSED

2018-07-27 17:00:18 - [MESSAGE][PASSED] - Object: 'Object Repository/Page_Login/btn_loginFB' is clicked on

2018-07-27 17:00:18 - [MESSAGE][PASSED] - Switched to window with index: '1'

2018-07-27 17:00:20 - [MESSAGE][PASSED] - Object 'Object Repository/Popup_FacebookLogin/txt_email' is visible

2018-07-27 17:00:20 - [MESSAGE][PASSED] - Keys 'g5.posiba@gmail.com' sent to object: 'Object Repository/Popup_FacebookLogin/txt_email'

2018-07-27 17:00:21 - [MESSAGE][PASSED] - Keys 'posiba123' sent to object: 'Object Repository/Popup_FacebookLogin/txt_password'

2018-07-27 17:00:22 - [MESSAGE][PASSED] - Object: 'Object Repository/Popup_FacebookLogin/btn_login' is clicked on

2018-07-27 17:00:22 - [MESSAGE][PASSED] - Switched to window with index: '0'

2018-07-27 17:00:22 - [MESSAGE][PASSED] - Wait for page load successfully

2018-07-27 17:00:22 - [MESSAGE][PASSED] - beautytap.beautytapAction.login is PASSED

2018-07-27 17:00:22 - [TEST_STEP][PASSED] - verifyElementPresent: Object 'Object Repository/Page_General/link_avatar' is present

2018-07-27 17:00:33 - [MESSAGE][PASSED] - Object 'Object Repository/Page_General/link_avatar' is present

2018-07-27 17:00:33 - [TEST_STEP][PASSED] - beautytap.beautytapAction.logout: beautytap.beautytapAction.logout is PASSED

2018-07-27 17:00:33 - [MESSAGE][PASSED] - Object: 'Object Repository/Page_General/link_avatar' is clicked on

2018-07-27 17:00:34 - [MESSAGE][PASSED] - Object 'Object Repository/Page_General/menu_logout' is present

2018-07-27 17:00:34 - [MESSAGE][PASSED] - Object: 'Object Repository/Page_General/menu_logout' is clicked on

2018-07-27 17:00:34 - [MESSAGE][PASSED] - Wait for page load successfully

2018-07-27 17:00:34 - [MESSAGE][PASSED] - beautytap.beautytapAction.logout is PASSED

2018-07-27 17:00:34 - [TEST_STEP][PASSED] - closeBrowser: Browser is closed

2018-07-27 17:00:34 - [MESSAGE][PASSED] - Browser is closed]]></system-out>
         <system-err><![CDATA[]]></system-err>
      </testcase>
      <system-out><![CDATA[2018-07-27 16:54:47 - [TEST_SUITE][PASSED] - TS1: Test Cases/SignUp_Login_ResetPass/TC02_SignUp_Login_ViaFacebook_NewUser]]></system-out>
      <system-err><![CDATA[]]></system-err>
   </testsuite>
</testsuites>
