<?xml version="1.0" encoding="UTF-8"?>
<testsuites name="Regression" time="4509" tests="8" failures="2" errors="0">
   <testsuite name="Regression" tests="8" failures="2" errors="0" time="4509" timestamp="2018-10-16 21:37:28" hostname="Trang Nguyen - 192.168.1.6" id="Test Suites/Regression">
      <properties>
         <property name="deviceName" value=""/>
         <property name="devicePlatform" value=""/>
         <property name="logFolder" value="E:\\BeautytapAutomation\\beautytapAuto\\Beautytap\\Reports\\Regression\\20181016_213725"/>
         <property name="logFiles" value="E:\\BeautytapAutomation\\beautytapAuto\\Beautytap\\Reports\\Regression\\20181016_213725\\execution0.log"/>
         <property name="attachments" value="E:\\BeautytapAutomation\\beautytapAuto\\Beautytap\\Reports\\Regression\\20181016_213725\\1539700723794.png, E:\\BeautytapAutomation\\beautytapAuto\\Beautytap\\Reports\\Regression\\20181016_213725\\1539701187000.png, E:\\BeautytapAutomation\\beautytapAuto\\Beautytap\\Reports\\Regression\\20181016_213725\\1539702560447.png, E:\\BeautytapAutomation\\beautytapAuto\\Beautytap\\Reports\\Regression\\20181016_213725\\1539702560759.png, E:\\BeautytapAutomation\\beautytapAuto\\Beautytap\\Reports\\Regression\\20181016_213725\\1539703083863.png, E:\\BeautytapAutomation\\beautytapAuto\\Beautytap\\Reports\\Regression\\20181016_213725\\1539703084196.png, E:\\BeautytapAutomation\\beautytapAuto\\Beautytap\\Reports\\Regression\\20181016_213725\\1539703911747.png, E:\\BeautytapAutomation\\beautytapAuto\\Beautytap\\Reports\\Regression\\20181016_213725\\1539704000751.png, E:\\BeautytapAutomation\\beautytapAuto\\Beautytap\\Reports\\Regression\\20181016_213725\\1539704209726.png, E:\\BeautytapAutomation\\beautytapAuto\\Beautytap\\Reports\\Regression\\20181016_213725\\1539704365502.png, E:\\BeautytapAutomation\\beautytapAuto\\Beautytap\\Reports\\Regression\\20181016_213725\\1539704406726.png, E:\\BeautytapAutomation\\beautytapAuto\\Beautytap\\Reports\\Regression\\20181016_213725\\1539704505701.png, E:\\BeautytapAutomation\\beautytapAuto\\Beautytap\\Reports\\Regression\\20181016_213725\\1539704587842.png, E:\\BeautytapAutomation\\beautytapAuto\\Beautytap\\Reports\\Regression\\20181016_213725\\1539704624983.png, E:\\BeautytapAutomation\\beautytapAuto\\Beautytap\\Reports\\Regression\\20181016_213725\\1539704644018.png, E:\\BeautytapAutomation\\beautytapAuto\\Beautytap\\Reports\\Regression\\20181016_213725\\1539704740101.png, E:\\BeautytapAutomation\\beautytapAuto\\Beautytap\\Reports\\Regression\\20181016_213725\\1539704809659.png, E:\\BeautytapAutomation\\beautytapAuto\\Beautytap\\Reports\\Regression\\20181016_213725\\1539704833110.png"/>
         <property name="hostName" value="Trang Nguyen - 192.168.1.6"/>
         <property name="os" value="Windows 10 64bit"/>
         <property name="katalonVersion" value="5.5.0.1"/>
         <property name="browser" value="Chrome 69.0.3497.100"/>
         <property name="hostAddress" value="192.168.1.6"/>
         <property name="sessionId" value="d524e80a6ebc52adcf2c95d3d4c78445"/>
         <property name="seleniumVersion" value="3.7.1"/>
         <property name="proxyInformation" value="ProxyInformation{proxyOption=NO_PROXY, proxyServerType=HTTP, password=, proxyServerAddress=, proxyServerPort=0}"/>
         <property name="platform" value="Windows 10"/>
      </properties>
      <testcase name="Test Cases/Shop/TC09_ScheduleSale_LimitStock_SimpleProduct" classname="Test Cases/Shop/TC09_ScheduleSale_LimitStock_SimpleProduct" status="FAILED">
         <failure type="FAILED" message="Unable to get text of object '' (Root cause: com.kms.katalon.core.webui.exception.WebElementNotFoundException: Web element with id: '' located by 'By.xpath: //h4[@class='price']/span' not found)"/>
         <system-out><![CDATA[2018-10-16 21:37:29 - [TEST_CASE][FAILED] - Test Cases/Shop/TC09_ScheduleSale_LimitStock_SimpleProduct: Test Cases/Shop/TC09_ScheduleSale_LimitStock_SimpleProduct FAILED because (of) Unable to get text of object '' (Root cause: com.kms.katalon.core.webui.exception.WebElementNotFoundException: Web element with id: '' located by 'By.xpath: //h4[@class='price']/span' not found)

2018-10-16 21:37:30 - [TEST_STEP][PASSED] - Statement - productName = SCHEDULE_SIMPLE_PRODUCT: null

2018-10-16 21:37:30 - [TEST_STEP][PASSED] - Statement - regularPrice = SCHEDULE_REGULAR_PRICE: null

2018-10-16 21:37:30 - [TEST_STEP][PASSED] - Statement - salePrice = SCHEDULE_SALE_PRICE: null

2018-10-16 21:37:31 - [TEST_STEP][PASSED] - Statement - quantity = 6: null

2018-10-16 21:37:31 - [TEST_STEP][PASSED] - Statement - subtotalRegular = CustomKeywords.beautytap.ShopAction.calculateTotal(quantity, regularPrice): beautytap.ShopAction.calculateTotal is PASSED

2018-10-16 21:37:31 - [MESSAGE][PASSED] - beautytap.ShopAction.calculateTotal is PASSED

2018-10-16 21:37:31 - [TEST_STEP][PASSED] - Statement - subtotalSale = CustomKeywords.beautytap.ShopAction.calculateTotal(1, salePrice): beautytap.ShopAction.calculateTotal is PASSED

2018-10-16 21:37:31 - [MESSAGE][PASSED] - beautytap.ShopAction.calculateTotal is PASSED

2018-10-16 21:37:31 - [TEST_STEP][PASSED] - Statement - shippingType = "free": null

2018-10-16 21:37:31 - [TEST_STEP][PASSED] - Statement - shippingLabel = FREE_SHIPPING_LABEL: null

2018-10-16 21:37:31 - [TEST_STEP][PASSED] - Statement - shippingTypeSale = "normal": null

2018-10-16 21:37:31 - [TEST_STEP][PASSED] - Statement - shippingLabelSale = SHIPPING_LABEL: null

2018-10-16 21:37:31 - [TEST_STEP][PASSED] - Statement - shippingPriceSale = SHIPPING_PRICE: null

2018-10-16 21:37:31 - [TEST_STEP][PASSED] - Statement - totalSale = java.lang.Float.parseFloat(java.lang.String.format("%.2f", subtotalSale + shippingPriceSale)): null

2018-10-16 21:37:31 - [TEST_STEP][PASSED] - Statement - schedulTimeout = 300: null

2018-10-16 21:37:31 - [TEST_STEP][PASSED] - Statement - limitStockSchedule = "yes": null

2018-10-16 21:37:31 - [TEST_STEP][PASSED] - Statement - variation = new org.json.JSONArray(): null

2018-10-16 21:37:31 - [TEST_STEP][PASSED] - Statement - scheduleDelay = 4: null

2018-10-16 21:37:31 - [TEST_STEP][PASSED] - Statement - scheduleDuration = 4: null

2018-10-16 21:37:31 - [TEST_STEP][PASSED] - Statement - paymentMethod = "Amazon Pay": null

2018-10-16 21:37:31 - [TEST_STEP][PASSED] - beautytap.GeneralAction.openBeautytap: beautytap.GeneralAction.openBeautytap is PASSED

2018-10-16 21:37:43 - [MESSAGE][PASSED] - Browser is opened with url: 'https://staging.beautytap.com/wp-admin'

2018-10-16 21:37:45 - [MESSAGE][PASSED] - Current window maximized

2018-10-16 21:37:48 - [MESSAGE][PASSED] - Refresh successfully

2018-10-16 21:37:48 - [MESSAGE][PASSED] - Wait for page load successfully

2018-10-16 21:37:48 - [MESSAGE][PASSED] - beautytap.GeneralAction.openBeautytap is PASSED

2018-10-16 21:37:48 - [TEST_STEP][PASSED] - beautytap.GeneralAction.login: beautytap.GeneralAction.login is PASSED

2018-10-16 21:37:48 - [MESSAGE][PASSED] - Text of object 'Object Repository/Page_login/txt_username' is cleared

2018-10-16 21:37:48 - [MESSAGE][PASSED] - Keys 'mrwhite' sent to object: 'Object Repository/Page_login/txt_username'

2018-10-16 21:37:49 - [MESSAGE][PASSED] - Text of object 'Object Repository/Page_login/txt_password' is cleared

2018-10-16 21:37:49 - [MESSAGE][PASSED] - Keys 'kgySM$Im' sent to object: 'Object Repository/Page_login/txt_password'

2018-10-16 21:38:04 - [MESSAGE][PASSED] - Object: 'Object Repository/Page_login/btn_login' is clicked on

2018-10-16 21:38:04 - [MESSAGE][PASSED] - Wait for page load successfully

2018-10-16 21:38:04 - [MESSAGE][PASSED] - beautytap.GeneralAction.login is PASSED

2018-10-16 21:38:04 - [TEST_STEP][PASSED] - beautytap.AdminAction.selectAdminMenu: beautytap.AdminAction.selectAdminMenu is PASSED

2018-10-16 21:38:11 - [MESSAGE][PASSED] - Object: '' is clicked on

2018-10-16 21:38:11 - [MESSAGE][PASSED] - Wait for page load successfully

2018-10-16 21:38:11 - [MESSAGE][PASSED] - beautytap.AdminAction.selectAdminMenu is PASSED

2018-10-16 21:38:11 - [TEST_STEP][PASSED] - Statement - datetime = CustomKeywords.beautytap.ShopAction.generateScheduleDateTime(TIMEZONE, scheduleDelay, scheduleDuration): beautytap.ShopAction.generateScheduleDateTime is PASSED

2018-10-16 21:38:11 - [MESSAGE][PASSED] - beautytap.ShopAction.generateScheduleDateTime is PASSED

2018-10-16 21:38:11 - [TEST_STEP][PASSED] - Statement - startDate = datetime.get("startdate"): null

2018-10-16 21:38:11 - [TEST_STEP][PASSED] - Statement - endDate = datetime.get("enddate"): null

2018-10-16 21:38:11 - [TEST_STEP][PASSED] - beautytap.AdminAction.scheduleSaleProduct: beautytap.AdminAction.scheduleSaleProduct is PASSED

2018-10-16 21:38:12 - [MESSAGE][PASSED] - Text of object 'Object Repository/Page_Admin/txt_searchProduct' is cleared

2018-10-16 21:38:13 - [MESSAGE][PASSED] - Keys 'PURITO Defence Barrier pH Cleanser 150ml' sent to object: 'Object Repository/Page_Admin/txt_searchProduct'

2018-10-16 21:38:16 - [MESSAGE][PASSED] - Object: 'Object Repository/Page_Admin/btn_searchProduct' is clicked on

2018-10-16 21:38:28 - [MESSAGE][PASSED] - Object: '' is clicked on

2018-10-16 21:38:38 - [MESSAGE][PASSED] - Delayed 10 second(s)

2018-10-16 21:38:44 - [MESSAGE][WARNING] - com.kms.katalon.core.webui.exception.WebElementNotFoundException: Web element with id: 'Object Repository/Page_Admin/link_schedule' located by 'By.xpath: //a[@class='sale_schedule' and text()='Schedule' and not(@style='display: none;')]' not found
[[ATTACHMENT|E:\\BeautytapAutomation\\beautytapAuto\\Beautytap\\Reports\\Regression\\20181016_213725\\1539700723794.png]]

2018-10-16 21:38:44 - [MESSAGE][PASSED] - Text of object 'Object Repository/Page_Admin/txt_salePrice' is cleared

2018-10-16 21:38:44 - [MESSAGE][PASSED] - Keys '10.8' sent to object: 'Object Repository/Page_Admin/txt_salePrice'

2018-10-16 21:38:45 - [MESSAGE][PASSED] - Text of object 'Object Repository/Page_Admin/txt_salePriceDateFrom' is cleared

2018-10-16 21:38:45 - [MESSAGE][PASSED] - Keys '2018-10-16 14:42:11' sent to object: 'Object Repository/Page_Admin/txt_salePriceDateFrom'

2018-10-16 21:38:46 - [MESSAGE][PASSED] - Text of object 'Object Repository/Page_Admin/txt_salePriceDateTo' is cleared

2018-10-16 21:38:46 - [MESSAGE][PASSED] - Keys '2018-10-16 14:46:11' sent to object: 'Object Repository/Page_Admin/txt_salePriceDateTo'

2018-10-16 21:38:46 - [MESSAGE][PASSED] - Object 'Object Repository/Page_Admin/chk_soldIndividualScheduled' is checked

2018-10-16 21:38:47 - [MESSAGE][PASSED] - Object: 'Object Repository/Page_Admin/txt_productName' is focused

2018-10-16 21:38:57 - [MESSAGE][PASSED] - Delayed 10 second(s)

2018-10-16 21:38:57 - [MESSAGE][PASSED] - Object: 'Object Repository/Page_Admin/btn_updateProduct' is clicked on

2018-10-16 21:39:10 - [MESSAGE][PASSED] - Object 'Object Repository/Page_Admin/lbl_productUpdatedMessage' is present

2018-10-16 21:39:10 - [MESSAGE][PASSED] - Wait for page load successfully

2018-10-16 21:39:10 - [MESSAGE][PASSED] - beautytap.AdminAction.scheduleSaleProduct is PASSED

2018-10-16 21:39:10 - [TEST_STEP][PASSED] - closeBrowser: Browser is closed

2018-10-16 21:39:11 - [MESSAGE][PASSED] - Browser is closed

2018-10-16 21:39:11 - [TEST_STEP][PASSED] - beautytap.GeneralAction.openBeautytap: beautytap.GeneralAction.openBeautytap is PASSED

2018-10-16 21:43:34 - [MESSAGE][PASSED] - Browser is opened with url: 'https://staging.beautytap.com'

2018-10-16 21:43:35 - [MESSAGE][PASSED] - Current window maximized

2018-10-16 21:45:40 - [MESSAGE][PASSED] - Refresh successfully

2018-10-16 21:45:40 - [MESSAGE][PASSED] - Wait for page load successfully

2018-10-16 21:45:40 - [MESSAGE][PASSED] - beautytap.GeneralAction.openBeautytap is PASSED

2018-10-16 21:45:40 - [TEST_STEP][PASSED] - beautytap.ShopAction.globalSearch: beautytap.ShopAction.globalSearch is PASSED

2018-10-16 21:45:40 - [MESSAGE][PASSED] - Object: 'Object Repository/Page_General/icon_search' is clicked on

2018-10-16 21:45:45 - [MESSAGE][PASSED] - Delayed 5 second(s)

2018-10-16 21:45:45 - [MESSAGE][PASSED] - Text of object 'Object Repository/Page_General/txt_search' is cleared

2018-10-16 21:45:46 - [MESSAGE][PASSED] - Keys 'CONTROL + v' sent to object: 'Object Repository/Page_General/txt_search'

2018-10-16 21:45:51 - [MESSAGE][PASSED] - Delayed 5 second(s)

2018-10-16 21:45:51 - [MESSAGE][PASSED] - beautytap.ShopAction.globalSearch is PASSED

2018-10-16 21:45:51 - [TEST_STEP][PASSED] - beautytap.ShopAction.VerifyProductOnSearchResult: beautytap.ShopAction.VerifyProductOnSearchResult is PASSED

2018-10-16 21:45:51 - [MESSAGE][PASSED] - beautytap.ShopAction.VerifyProductOnSearchResult is PASSED

2018-10-16 21:45:51 - [TEST_STEP][PASSED] - beautytap.ShopAction.selectSearchResult: beautytap.ShopAction.selectSearchResult is PASSED

2018-10-16 21:45:51 - [MESSAGE][PASSED] - Text of object '' is: 'PURITO Defence Barrier pH Cleanser 150ml'

2018-10-16 21:45:51 - [MESSAGE][PASSED] - Object '' is present

2018-10-16 21:45:55 - [MESSAGE][PASSED] - Object: '' is clicked on

2018-10-16 21:45:55 - [MESSAGE][PASSED] - Wait for page load successfully

2018-10-16 21:45:55 - [MESSAGE][PASSED] - beautytap.ShopAction.selectSearchResult is PASSED

2018-10-16 21:45:55 - [TEST_STEP][FAILED] - beautytap.ShopAction.VerifyProductDetails: Unable to get text of object '' (Root cause: com.kms.katalon.core.webui.exception.WebElementNotFoundException: Web element with id: '' located by 'By.xpath: //h4[@class='price']/span' not found)

2018-10-16 21:45:55 - [MESSAGE][PASSED] - Text of object '' is: 'PURITO Defence Barrier pH Cleanser 150ml'

2018-10-16 21:46:27 - [MESSAGE][FAILED] - Unable to get text of object '' (Root cause: com.kms.katalon.core.webui.exception.WebElementNotFoundException: Web element with id: '' located by 'By.xpath: //h4[@class='price']/span' not found)
[[ATTACHMENT|E:\\BeautytapAutomation\\beautytapAuto\\Beautytap\\Reports\\Regression\\20181016_213725\\1539701187000.png]]

2018-10-16 21:46:27 - [MESSAGE][FAILED] - Unable to get text of object '' (Root cause: com.kms.katalon.core.webui.exception.WebElementNotFoundException: Web element with id: '' located by 'By.xpath: //h4[@class='price']/span' not found)]]></system-out>
         <system-err><![CDATA[2018-10-16 21:37:29 - [TEST_CASE][FAILED] - Test Cases/Shop/TC09_ScheduleSale_LimitStock_SimpleProduct: Test Cases/Shop/TC09_ScheduleSale_LimitStock_SimpleProduct FAILED because (of) Unable to get text of object '' (Root cause: com.kms.katalon.core.webui.exception.WebElementNotFoundException: Web element with id: '' located by 'By.xpath: //h4[@class='price']/span' not found)]]></system-err>
      </testcase>
      <testcase name="Test Cases/SignUp_Login_ResetPass/TC01_SignUp_Login_ResetPassword_Via_Email" classname="Test Cases/SignUp_Login_ResetPass/TC01_SignUp_Login_ResetPassword_Via_Email" status="PASSED">
         <system-out><![CDATA[2018-10-16 21:46:30 - [TEST_CASE][PASSED] - Test Cases/SignUp_Login_ResetPass/TC01_SignUp_Login_ResetPassword_Via_Email: Test Cases/SignUp_Login_ResetPass/TC01_SignUp_Login_ResetPassword_Via_Email

2018-10-16 21:46:30 - [TEST_STEP][PASSED] - Statement - r_string = new java.lang.Math().random().toString().substring(2, 8): null

2018-10-16 21:46:30 - [TEST_STEP][PASSED] - Statement - username = "auto" + r_string: null

2018-10-16 21:46:30 - [TEST_STEP][PASSED] - Statement - email = username + "@mailinator.com": null

2018-10-16 21:46:30 - [TEST_STEP][PASSED] - Statement - password = "123456": null

2018-10-16 21:46:30 - [TEST_STEP][PASSED] - Statement - newpassword = "test123": null

2018-10-16 21:46:30 - [TEST_STEP][PASSED] - Statement - name = "Auto User " + r_string: null

2018-10-16 21:46:30 - [TEST_STEP][PASSED] - Statement - birthday = "01/01/1990": null

2018-10-16 21:46:30 - [TEST_STEP][PASSED] - Statement - activation_subject = SITE_TITLE + " Activate your account": null

2018-10-16 21:46:30 - [TEST_STEP][PASSED] - Statement - resetpass_subject = SITE_TITLE + " Password Reset": null

2018-10-16 21:46:30 - [TEST_STEP][PASSED] - beautytap.GeneralAction.openBeautytap: beautytap.GeneralAction.openBeautytap is PASSED

2018-10-16 21:46:30 - [MESSAGE][WARNING] - A browser is already opened. Closing browser and opening a new one

2018-10-16 21:48:39 - [MESSAGE][PASSED] - Browser is opened with url: 'https://staging.beautytap.com'

2018-10-16 21:48:40 - [MESSAGE][PASSED] - Current window maximized

2018-10-16 21:50:44 - [MESSAGE][PASSED] - Refresh successfully

2018-10-16 21:50:44 - [MESSAGE][PASSED] - Wait for page load successfully

2018-10-16 21:50:44 - [MESSAGE][PASSED] - beautytap.GeneralAction.openBeautytap is PASSED

2018-10-16 21:50:44 - [TEST_STEP][PASSED] - beautytap.GeneralAction.clickNavigationMenu: beautytap.GeneralAction.clickNavigationMenu is PASSED

2018-10-16 21:50:47 - [MESSAGE][PASSED] - Object: 'Object Repository/Page_General/link_signup' is clicked on

2018-10-16 21:50:47 - [MESSAGE][PASSED] - Wait for page load successfully

2018-10-16 21:50:47 - [MESSAGE][PASSED] - beautytap.GeneralAction.clickNavigationMenu is PASSED

2018-10-16 21:50:47 - [TEST_STEP][PASSED] - beautytap.GeneralAction.signup: beautytap.GeneralAction.signup is PASSED

2018-10-16 21:50:47 - [MESSAGE][PASSED] - Keys 'auto992444' sent to object: 'Object Repository/Page_Signup/txt_username'

2018-10-16 21:50:48 - [MESSAGE][PASSED] - Keys 'auto992444@mailinator.com' sent to object: 'Object Repository/Page_Signup/txt_email'

2018-10-16 21:50:48 - [MESSAGE][PASSED] - Keys '123456' sent to object: 'Object Repository/Page_Signup/txt_password'

2018-10-16 21:50:48 - [MESSAGE][PASSED] - Keys 'Auto User 992444' sent to object: 'Object Repository/Page_Signup/txt_name'

2018-10-16 21:50:49 - [MESSAGE][PASSED] - Keys '01/01/1990' sent to object: 'Object Repository/Page_Signup/txt_birthday'

2018-10-16 21:50:49 - [MESSAGE][PASSED] - Object: 'Object Repository/Page_Signup/btn_signup' is clicked on

2018-10-16 21:50:49 - [MESSAGE][PASSED] - Wait for page load successfully

2018-10-16 21:50:49 - [MESSAGE][PASSED] - beautytap.GeneralAction.signup is PASSED

2018-10-16 21:50:49 - [TEST_STEP][PASSED] - verifyElementPresent: Object 'Object Repository/Page_Signup/lbl_sucessMessage' is present

2018-10-16 21:50:52 - [MESSAGE][PASSED] - Object 'Object Repository/Page_Signup/lbl_sucessMessage' is present

2018-10-16 21:50:52 - [TEST_STEP][PASSED] - beautytap.GeneralAction.openMailBox: beautytap.GeneralAction.openMailBox is PASSED

2018-10-16 21:50:54 - [MESSAGE][PASSED] - Navigate to 'https://www.mailinator.com' successfully

2018-10-16 21:50:54 - [MESSAGE][PASSED] - Wait for page load successfully

2018-10-16 21:50:54 - [MESSAGE][PASSED] - Keys 'auto992444' sent to object: 'Object Repository/Page_mailinator/txt_email'

2018-10-16 21:51:00 - [MESSAGE][PASSED] - Object: 'Object Repository/Page_mailinator/btn_go' is clicked on

2018-10-16 21:51:00 - [MESSAGE][PASSED] - Wait for page load successfully

2018-10-16 21:51:05 - [MESSAGE][PASSED] - Delayed 5 second(s)

2018-10-16 21:51:05 - [MESSAGE][PASSED] - beautytap.GeneralAction.openMailBox is PASSED

2018-10-16 21:51:05 - [TEST_STEP][PASSED] - beautytap.GeneralAction.verifyEmailExist: beautytap.GeneralAction.verifyEmailExist is PASSED

2018-10-16 21:51:05 - [MESSAGE][PASSED] - Object '' is present

2018-10-16 21:51:05 - [MESSAGE][PASSED] - beautytap.GeneralAction.verifyEmailExist is PASSED

2018-10-16 21:51:05 - [TEST_STEP][PASSED] - beautytap.GeneralAction.openEmail: beautytap.GeneralAction.openEmail is PASSED

2018-10-16 21:51:06 - [MESSAGE][PASSED] - Object: '' is clicked on

2018-10-16 21:51:06 - [MESSAGE][PASSED] - beautytap.GeneralAction.openEmail is PASSED

2018-10-16 21:51:06 - [TEST_STEP][PASSED] - beautytap.GeneralAction.clickEmailLink: beautytap.GeneralAction.clickEmailLink is PASSED

2018-10-16 21:51:06 - [MESSAGE][PASSED] - Text of object '' is: 'https://staging.beautytap.com/activate/5HQNuzXCE9uKdcBYS8fhLk2tLD5AkC75/'

2018-10-16 21:51:14 - [MESSAGE][PASSED] - Navigate to 'https://staging.beautytap.com/activate/5HQNuzXCE9uKdcBYS8fhLk2tLD5AkC75/' successfully

2018-10-16 21:51:14 - [MESSAGE][PASSED] - beautytap.GeneralAction.clickEmailLink is PASSED

2018-10-16 21:51:14 - [TEST_STEP][PASSED] - waitForPageLoad: Wait for page load successfully

2018-10-16 21:51:14 - [MESSAGE][PASSED] - Wait for page load successfully

2018-10-16 21:51:14 - [TEST_STEP][PASSED] - verifyElementPresent: Object 'Object Repository/Page_General/lbl_activeSuccessMessage' is present

2018-10-16 21:51:14 - [MESSAGE][PASSED] - Object 'Object Repository/Page_General/lbl_activeSuccessMessage' is present

2018-10-16 21:51:14 - [TEST_STEP][PASSED] - beautytap.GeneralAction.clickNavigationMenu: beautytap.GeneralAction.clickNavigationMenu is PASSED

2018-10-16 21:51:16 - [MESSAGE][PASSED] - Object: 'Object Repository/Page_General/link_login' is clicked on

2018-10-16 21:51:16 - [MESSAGE][PASSED] - Wait for page load successfully

2018-10-16 21:51:16 - [MESSAGE][PASSED] - beautytap.GeneralAction.clickNavigationMenu is PASSED

2018-10-16 21:51:16 - [TEST_STEP][PASSED] - beautytap.GeneralAction.login: beautytap.GeneralAction.login is PASSED

2018-10-16 21:51:17 - [MESSAGE][PASSED] - Text of object 'Object Repository/Page_login/txt_username' is cleared

2018-10-16 21:51:17 - [MESSAGE][PASSED] - Keys 'auto992444' sent to object: 'Object Repository/Page_login/txt_username'

2018-10-16 21:51:17 - [MESSAGE][PASSED] - Text of object 'Object Repository/Page_login/txt_password' is cleared

2018-10-16 21:51:17 - [MESSAGE][PASSED] - Keys '123456' sent to object: 'Object Repository/Page_login/txt_password'

2018-10-16 21:51:17 - [MESSAGE][PASSED] - Object: 'Object Repository/Page_login/btn_login' is clicked on

2018-10-16 21:51:17 - [MESSAGE][PASSED] - Wait for page load successfully

2018-10-16 21:51:17 - [MESSAGE][PASSED] - beautytap.GeneralAction.login is PASSED

2018-10-16 21:51:17 - [TEST_STEP][PASSED] - verifyElementPresent: Object 'Object Repository/Page_General/link_avatar' is present

2018-10-16 21:53:24 - [MESSAGE][PASSED] - Object 'Object Repository/Page_General/link_avatar' is present

2018-10-16 21:53:24 - [TEST_STEP][PASSED] - beautytap.GeneralAction.logout: beautytap.GeneralAction.logout is PASSED

2018-10-16 21:53:24 - [MESSAGE][PASSED] - Object: 'Object Repository/Page_General/link_avatar' is clicked on

2018-10-16 21:53:24 - [MESSAGE][PASSED] - Object 'Object Repository/Page_General/menu_logout' is present

2018-10-16 21:53:25 - [MESSAGE][PASSED] - Object: 'Object Repository/Page_General/menu_logout' is clicked on

2018-10-16 21:53:25 - [MESSAGE][PASSED] - Wait for page load successfully

2018-10-16 21:53:25 - [MESSAGE][PASSED] - beautytap.GeneralAction.logout is PASSED

2018-10-16 21:53:25 - [TEST_STEP][PASSED] - beautytap.GeneralAction.clickNavigationMenu: beautytap.GeneralAction.clickNavigationMenu is PASSED

2018-10-16 21:57:22 - [MESSAGE][PASSED] - Object: 'Object Repository/Page_General/link_login' is clicked on

2018-10-16 21:57:22 - [MESSAGE][PASSED] - Wait for page load successfully

2018-10-16 21:57:22 - [MESSAGE][PASSED] - beautytap.GeneralAction.clickNavigationMenu is PASSED

2018-10-16 21:57:22 - [TEST_STEP][PASSED] - beautytap.GeneralAction.login: beautytap.GeneralAction.login is PASSED

2018-10-16 21:57:22 - [MESSAGE][PASSED] - Text of object 'Object Repository/Page_login/txt_username' is cleared

2018-10-16 21:57:22 - [MESSAGE][PASSED] - Keys 'auto992444@mailinator.com' sent to object: 'Object Repository/Page_login/txt_username'

2018-10-16 21:57:22 - [MESSAGE][PASSED] - Text of object 'Object Repository/Page_login/txt_password' is cleared

2018-10-16 21:57:22 - [MESSAGE][PASSED] - Keys '123456' sent to object: 'Object Repository/Page_login/txt_password'

2018-10-16 21:57:23 - [MESSAGE][PASSED] - Object: 'Object Repository/Page_login/btn_login' is clicked on

2018-10-16 21:57:23 - [MESSAGE][PASSED] - Wait for page load successfully

2018-10-16 21:57:23 - [MESSAGE][PASSED] - beautytap.GeneralAction.login is PASSED

2018-10-16 21:57:23 - [TEST_STEP][PASSED] - verifyElementPresent: Object 'Object Repository/Page_General/link_avatar' is present

2018-10-16 21:59:29 - [MESSAGE][PASSED] - Object 'Object Repository/Page_General/link_avatar' is present

2018-10-16 21:59:29 - [TEST_STEP][PASSED] - beautytap.GeneralAction.logout: beautytap.GeneralAction.logout is PASSED

2018-10-16 21:59:29 - [MESSAGE][PASSED] - Object: 'Object Repository/Page_General/link_avatar' is clicked on

2018-10-16 21:59:29 - [MESSAGE][PASSED] - Object 'Object Repository/Page_General/menu_logout' is present

2018-10-16 21:59:30 - [MESSAGE][PASSED] - Object: 'Object Repository/Page_General/menu_logout' is clicked on

2018-10-16 21:59:30 - [MESSAGE][PASSED] - Wait for page load successfully

2018-10-16 21:59:30 - [MESSAGE][PASSED] - beautytap.GeneralAction.logout is PASSED

2018-10-16 21:59:30 - [TEST_STEP][PASSED] - beautytap.GeneralAction.clickNavigationMenu: beautytap.GeneralAction.clickNavigationMenu is PASSED

2018-10-16 22:01:36 - [MESSAGE][PASSED] - Object: 'Object Repository/Page_General/link_login' is clicked on

2018-10-16 22:01:36 - [MESSAGE][PASSED] - Wait for page load successfully

2018-10-16 22:01:36 - [MESSAGE][PASSED] - beautytap.GeneralAction.clickNavigationMenu is PASSED

2018-10-16 22:01:36 - [TEST_STEP][PASSED] - click: Object: 'Object Repository/Page_Login/link_forgotPassword' is clicked on

2018-10-16 22:01:39 - [MESSAGE][PASSED] - Object: 'Object Repository/Page_Login/link_forgotPassword' is clicked on

2018-10-16 22:01:39 - [TEST_STEP][PASSED] - sendKeys: Keys 'auto992444' sent to object: 'Object Repository/Page_ForgotPassword/txt_usernameOrEmail'

2018-10-16 22:01:39 - [MESSAGE][PASSED] - Keys 'auto992444' sent to object: 'Object Repository/Page_ForgotPassword/txt_usernameOrEmail'

2018-10-16 22:01:39 - [TEST_STEP][PASSED] - click: Object: 'Object Repository/Page_ForgotPassword/btn_forgotPassword' is clicked on

2018-10-16 22:01:39 - [MESSAGE][PASSED] - Object: 'Object Repository/Page_ForgotPassword/btn_forgotPassword' is clicked on

2018-10-16 22:01:39 - [TEST_STEP][PASSED] - verifyElementPresent: Object 'Object Repository/Page_ForgotPassword/lbl_sucessMessage' is present

2018-10-16 22:01:42 - [MESSAGE][PASSED] - Object 'Object Repository/Page_ForgotPassword/lbl_sucessMessage' is present

2018-10-16 22:01:42 - [TEST_STEP][PASSED] - beautytap.GeneralAction.openMailBox: beautytap.GeneralAction.openMailBox is PASSED

2018-10-16 22:01:43 - [MESSAGE][PASSED] - Navigate to 'https://www.mailinator.com' successfully

2018-10-16 22:01:43 - [MESSAGE][PASSED] - Wait for page load successfully

2018-10-16 22:01:44 - [MESSAGE][PASSED] - Keys 'auto992444' sent to object: 'Object Repository/Page_mailinator/txt_email'

2018-10-16 22:01:49 - [MESSAGE][PASSED] - Object: 'Object Repository/Page_mailinator/btn_go' is clicked on

2018-10-16 22:01:49 - [MESSAGE][PASSED] - Wait for page load successfully

2018-10-16 22:01:54 - [MESSAGE][PASSED] - Delayed 5 second(s)

2018-10-16 22:01:54 - [MESSAGE][PASSED] - beautytap.GeneralAction.openMailBox is PASSED

2018-10-16 22:01:54 - [TEST_STEP][PASSED] - beautytap.GeneralAction.verifyEmailExist: beautytap.GeneralAction.verifyEmailExist is PASSED

2018-10-16 22:01:54 - [MESSAGE][PASSED] - Object '' is present

2018-10-16 22:01:54 - [MESSAGE][PASSED] - beautytap.GeneralAction.verifyEmailExist is PASSED

2018-10-16 22:01:54 - [TEST_STEP][PASSED] - beautytap.GeneralAction.openEmail: beautytap.GeneralAction.openEmail is PASSED

2018-10-16 22:01:54 - [MESSAGE][PASSED] - Object: '' is clicked on

2018-10-16 22:01:54 - [MESSAGE][PASSED] - beautytap.GeneralAction.openEmail is PASSED

2018-10-16 22:01:54 - [TEST_STEP][PASSED] - beautytap.GeneralAction.clickEmailLink: beautytap.GeneralAction.clickEmailLink is PASSED

2018-10-16 22:01:55 - [MESSAGE][PASSED] - Text of object '' is: 'https://staging.beautytap.com/wp-login.php?action=rp&key=NgVydo2O4Dham52smML7&login=auto992444'

2018-10-16 22:01:58 - [MESSAGE][PASSED] - Navigate to 'https://staging.beautytap.com/wp-login.php?action=rp&key=NgVydo2O4Dham52smML7&login=auto992444' successfully

2018-10-16 22:01:58 - [MESSAGE][PASSED] - beautytap.GeneralAction.clickEmailLink is PASSED

2018-10-16 22:01:58 - [TEST_STEP][PASSED] - delay: Delayed 20 second(s)

2018-10-16 22:02:18 - [MESSAGE][PASSED] - Delayed 20 second(s)

2018-10-16 22:02:18 - [TEST_STEP][PASSED] - clearText: Text of object 'Object Repository/Page_ForgotPassword/txt_newPassword' is cleared

2018-10-16 22:02:18 - [MESSAGE][PASSED] - Text of object 'Object Repository/Page_ForgotPassword/txt_newPassword' is cleared

2018-10-16 22:02:18 - [TEST_STEP][PASSED] - sendKeys: Keys 'test123' sent to object: 'Object Repository/Page_ForgotPassword/txt_newPassword'

2018-10-16 22:02:18 - [MESSAGE][PASSED] - Keys 'test123' sent to object: 'Object Repository/Page_ForgotPassword/txt_newPassword'

2018-10-16 22:02:18 - [TEST_STEP][PASSED] - click: Object: 'Object Repository/Page_ForgotPassword/btn_resetPassword' is clicked on

2018-10-16 22:02:23 - [MESSAGE][PASSED] - Object: 'Object Repository/Page_ForgotPassword/btn_resetPassword' is clicked on

2018-10-16 22:02:23 - [TEST_STEP][PASSED] - verifyElementPresent: Object 'Object Repository/Page_ForgotPassword/lbl_resetPasswordMessage' is present

2018-10-16 22:02:23 - [MESSAGE][PASSED] - Object 'Object Repository/Page_ForgotPassword/lbl_resetPasswordMessage' is present

2018-10-16 22:02:23 - [TEST_STEP][PASSED] - beautytap.GeneralAction.clickNavigationMenu: beautytap.GeneralAction.clickNavigationMenu is PASSED

2018-10-16 22:02:25 - [MESSAGE][PASSED] - Object: 'Object Repository/Page_General/link_login' is clicked on

2018-10-16 22:02:25 - [MESSAGE][PASSED] - Wait for page load successfully

2018-10-16 22:02:25 - [MESSAGE][PASSED] - beautytap.GeneralAction.clickNavigationMenu is PASSED

2018-10-16 22:02:25 - [TEST_STEP][PASSED] - beautytap.GeneralAction.login: beautytap.GeneralAction.login is PASSED

2018-10-16 22:02:25 - [MESSAGE][PASSED] - Text of object 'Object Repository/Page_login/txt_username' is cleared

2018-10-16 22:02:26 - [MESSAGE][PASSED] - Keys 'auto992444' sent to object: 'Object Repository/Page_login/txt_username'

2018-10-16 22:02:26 - [MESSAGE][PASSED] - Text of object 'Object Repository/Page_login/txt_password' is cleared

2018-10-16 22:02:26 - [MESSAGE][PASSED] - Keys '123456' sent to object: 'Object Repository/Page_login/txt_password'

2018-10-16 22:02:26 - [MESSAGE][PASSED] - Object: 'Object Repository/Page_login/btn_login' is clicked on

2018-10-16 22:02:26 - [MESSAGE][PASSED] - Wait for page load successfully

2018-10-16 22:02:26 - [MESSAGE][PASSED] - beautytap.GeneralAction.login is PASSED

2018-10-16 22:02:26 - [TEST_STEP][PASSED] - verifyElementText: Actual text and expected text of test object 'Object Repository/Page_Login/lbl_errorMessage' are matched.

2018-10-16 22:02:27 - [MESSAGE][PASSED] - Actual text and expected text of test object 'Object Repository/Page_Login/lbl_errorMessage' are matched.

2018-10-16 22:02:27 - [TEST_STEP][PASSED] - beautytap.GeneralAction.login: beautytap.GeneralAction.login is PASSED

2018-10-16 22:02:27 - [MESSAGE][PASSED] - Text of object 'Object Repository/Page_login/txt_username' is cleared

2018-10-16 22:02:27 - [MESSAGE][PASSED] - Keys 'auto992444' sent to object: 'Object Repository/Page_login/txt_username'

2018-10-16 22:02:27 - [MESSAGE][PASSED] - Text of object 'Object Repository/Page_login/txt_password' is cleared

2018-10-16 22:02:27 - [MESSAGE][PASSED] - Keys 'test123' sent to object: 'Object Repository/Page_login/txt_password'

2018-10-16 22:02:27 - [MESSAGE][PASSED] - Object: 'Object Repository/Page_login/btn_login' is clicked on

2018-10-16 22:02:27 - [MESSAGE][PASSED] - Wait for page load successfully

2018-10-16 22:02:27 - [MESSAGE][PASSED] - beautytap.GeneralAction.login is PASSED

2018-10-16 22:02:27 - [TEST_STEP][PASSED] - verifyElementPresent: Object 'Object Repository/Page_General/link_avatar' is present

2018-10-16 22:04:33 - [MESSAGE][PASSED] - Object 'Object Repository/Page_General/link_avatar' is present

2018-10-16 22:04:33 - [TEST_STEP][PASSED] - beautytap.GeneralAction.logout: beautytap.GeneralAction.logout is PASSED

2018-10-16 22:04:33 - [MESSAGE][PASSED] - Object: 'Object Repository/Page_General/link_avatar' is clicked on

2018-10-16 22:04:33 - [MESSAGE][PASSED] - Object 'Object Repository/Page_General/menu_logout' is present

2018-10-16 22:04:34 - [MESSAGE][PASSED] - Object: 'Object Repository/Page_General/menu_logout' is clicked on

2018-10-16 22:04:34 - [MESSAGE][PASSED] - Wait for page load successfully

2018-10-16 22:04:34 - [MESSAGE][PASSED] - beautytap.GeneralAction.logout is PASSED

2018-10-16 22:04:34 - [TEST_STEP][PASSED] - beautytap.GeneralAction.clickNavigationMenu: beautytap.GeneralAction.clickNavigationMenu is PASSED

2018-10-16 22:06:42 - [MESSAGE][PASSED] - Object: 'Object Repository/Page_General/link_login' is clicked on

2018-10-16 22:06:42 - [MESSAGE][PASSED] - Wait for page load successfully

2018-10-16 22:06:42 - [MESSAGE][PASSED] - beautytap.GeneralAction.clickNavigationMenu is PASSED

2018-10-16 22:06:42 - [TEST_STEP][PASSED] - beautytap.GeneralAction.login: beautytap.GeneralAction.login is PASSED

2018-10-16 22:06:42 - [MESSAGE][PASSED] - Text of object 'Object Repository/Page_login/txt_username' is cleared

2018-10-16 22:06:42 - [MESSAGE][PASSED] - Keys 'auto992444@mailinator.com' sent to object: 'Object Repository/Page_login/txt_username'

2018-10-16 22:06:43 - [MESSAGE][PASSED] - Text of object 'Object Repository/Page_login/txt_password' is cleared

2018-10-16 22:06:43 - [MESSAGE][PASSED] - Keys 'test123' sent to object: 'Object Repository/Page_login/txt_password'

2018-10-16 22:06:43 - [MESSAGE][PASSED] - Object: 'Object Repository/Page_login/btn_login' is clicked on

2018-10-16 22:06:43 - [MESSAGE][PASSED] - Wait for page load successfully

2018-10-16 22:06:43 - [MESSAGE][PASSED] - beautytap.GeneralAction.login is PASSED

2018-10-16 22:06:43 - [TEST_STEP][PASSED] - verifyElementPresent: Object 'Object Repository/Page_General/link_avatar' is present

2018-10-16 22:08:31 - [MESSAGE][PASSED] - Object 'Object Repository/Page_General/link_avatar' is present

2018-10-16 22:08:31 - [TEST_STEP][PASSED] - beautytap.GeneralAction.logout: beautytap.GeneralAction.logout is PASSED

2018-10-16 22:08:31 - [MESSAGE][PASSED] - Object: 'Object Repository/Page_General/link_avatar' is clicked on

2018-10-16 22:08:31 - [MESSAGE][PASSED] - Object 'Object Repository/Page_General/menu_logout' is present

2018-10-16 22:08:31 - [MESSAGE][PASSED] - Object: 'Object Repository/Page_General/menu_logout' is clicked on

2018-10-16 22:08:31 - [MESSAGE][PASSED] - Wait for page load successfully

2018-10-16 22:08:32 - [MESSAGE][PASSED] - Browser is closed

2018-10-16 22:08:32 - [MESSAGE][PASSED] - beautytap.GeneralAction.logout is PASSED]]></system-out>
         <system-err><![CDATA[]]></system-err>
      </testcase>
      <testcase name="Test Cases/SignUp_Login_ResetPass/TC02_SignUp_Login_ViaFacebookEmail_NewUser_OldUser" classname="Test Cases/SignUp_Login_ResetPass/TC02_SignUp_Login_ViaFacebookEmail_NewUser_OldUser" status="PASSED">
         <system-out><![CDATA[2018-10-16 22:08:36 - [TEST_CASE][PASSED] - Test Cases/SignUp_Login_ResetPass/TC02_SignUp_Login_ViaFacebookEmail_NewUser_OldUser: Test Cases/SignUp_Login_ResetPass/TC02_SignUp_Login_ViaFacebookEmail_NewUser_OldUser

2018-10-16 22:08:36 - [TEST_STEP][PASSED] - beautytap.AdminAction.deleteUser: beautytap.AdminAction.deleteUser is PASSED

2018-10-16 22:08:45 - [MESSAGE][PASSED] - Browser is opened with url: 'https://staging.beautytap.com/login'

2018-10-16 22:08:46 - [MESSAGE][PASSED] - Current window maximized

2018-10-16 22:08:46 - [MESSAGE][PASSED] - Text of object 'Object Repository/Page_login/txt_username' is cleared

2018-10-16 22:08:47 - [MESSAGE][PASSED] - Keys 'mrwhite' sent to object: 'Object Repository/Page_login/txt_username'

2018-10-16 22:08:47 - [MESSAGE][PASSED] - Text of object 'Object Repository/Page_login/txt_password' is cleared

2018-10-16 22:08:47 - [MESSAGE][PASSED] - Keys 'kgySM$Im' sent to object: 'Object Repository/Page_login/txt_password'

2018-10-16 22:08:47 - [MESSAGE][PASSED] - Object: 'Object Repository/Page_login/btn_login' is clicked on

2018-10-16 22:08:47 - [MESSAGE][PASSED] - Wait for page load successfully

2018-10-16 22:08:47 - [MESSAGE][PASSED] - Wait for page load successfully

2018-10-16 22:09:03 - [MESSAGE][PASSED] - Navigate to 'https://staging.beautytap.com/admin' successfully

2018-10-16 22:09:03 - [MESSAGE][PASSED] - Wait for page load successfully

2018-10-16 22:09:09 - [MESSAGE][PASSED] - Object: 'Object Repository/Page_Admin/menu_users' is clicked on

2018-10-16 22:09:09 - [MESSAGE][PASSED] - Wait for page load successfully

2018-10-16 22:09:10 - [MESSAGE][PASSED] - Text of object 'Object Repository/Page_Admin/txt_searchUser' is cleared

2018-10-16 22:09:10 - [MESSAGE][PASSED] - Keys 'g5.posiba@gmail.com' sent to object: 'Object Repository/Page_Admin/txt_searchUser'

2018-10-16 22:09:13 - [MESSAGE][PASSED] - Object: 'Object Repository/Page_Admin/btn_searchUser' is clicked on

2018-10-16 22:09:13 - [MESSAGE][PASSED] - Wait for page load successfully

2018-10-16 22:09:13 - [MESSAGE][PASSED] - Text of object '' is: 'g5.posiba@gmail.com'

2018-10-16 22:09:13 - [MESSAGE][PASSED] - Attribute 'id' of object '' is: 'user-63464'

2018-10-16 22:09:13 - [MESSAGE][PASSED] - Object: '' is hovered

2018-10-16 22:09:18 - [MESSAGE][PASSED] - Delayed 5 second(s)

2018-10-16 22:09:20 - [MESSAGE][PASSED] - Object: '' is clicked on

2018-10-16 22:09:20 - [MESSAGE][FAILED] - No alert found
[[ATTACHMENT|E:\\BeautytapAutomation\\beautytapAuto\\Beautytap\\Reports\\Regression\\20181016_213725\\1539702560447.png]]

2018-10-16 22:09:21 - [MESSAGE][FAILED] - Unable to accept alert (Root cause: No alert found)
[[ATTACHMENT|E:\\BeautytapAutomation\\beautytapAuto\\Beautytap\\Reports\\Regression\\20181016_213725\\1539702560759.png]]

2018-10-16 22:09:21 - [MESSAGE][PASSED] - Browser is closed

2018-10-16 22:09:21 - [MESSAGE][PASSED] - beautytap.AdminAction.deleteUser is PASSED

2018-10-16 22:09:21 - [TEST_STEP][PASSED] - beautytap.GeneralAction.openBeautytap: beautytap.GeneralAction.openBeautytap is PASSED

2018-10-16 22:13:22 - [MESSAGE][PASSED] - Browser is opened with url: 'https://staging.beautytap.com'

2018-10-16 22:13:23 - [MESSAGE][PASSED] - Current window maximized

2018-10-16 22:15:25 - [MESSAGE][PASSED] - Refresh successfully

2018-10-16 22:15:25 - [MESSAGE][PASSED] - Wait for page load successfully

2018-10-16 22:15:25 - [MESSAGE][PASSED] - beautytap.GeneralAction.openBeautytap is PASSED

2018-10-16 22:15:25 - [TEST_STEP][PASSED] - beautytap.GeneralAction.clickNavigationMenu: beautytap.GeneralAction.clickNavigationMenu is PASSED

2018-10-16 22:15:29 - [MESSAGE][PASSED] - Object: 'Object Repository/Page_General/link_signup' is clicked on

2018-10-16 22:15:29 - [MESSAGE][PASSED] - Wait for page load successfully

2018-10-16 22:15:29 - [MESSAGE][PASSED] - beautytap.GeneralAction.clickNavigationMenu is PASSED

2018-10-16 22:15:29 - [TEST_STEP][PASSED] - beautytap.GeneralAction.signupViaFacebook: beautytap.GeneralAction.signupViaFacebook is PASSED

2018-10-16 22:15:30 - [MESSAGE][PASSED] - Object: 'Object Repository/Page_Signup/btn_signupFB' is clicked on

2018-10-16 22:15:30 - [MESSAGE][PASSED] - Switched to window with index: '1'

2018-10-16 22:15:32 - [MESSAGE][PASSED] - Keys 'g5.posiba@gmail.com' sent to object: 'Object Repository/Popup_FacebookLogin/txt_email'

2018-10-16 22:15:32 - [MESSAGE][PASSED] - Keys 'posiba123' sent to object: 'Object Repository/Popup_FacebookLogin/txt_password'

2018-10-16 22:15:34 - [MESSAGE][PASSED] - Object: 'Object Repository/Popup_FacebookLogin/btn_login' is clicked on

2018-10-16 22:15:36 - [MESSAGE][WARNING] - Cannot take screenshot

2018-10-16 22:15:36 - [MESSAGE][FAILED] - Unable to get text of object 'Object Repository/Popup_FacebookLogin/btn_confirmPermission' (Root cause: org.openqa.selenium.NoSuchWindowException: no such window: window was already closed
  (Session info: chrome=69.0.3497.100)
  (Driver info: chromedriver=2.35.528161 (5b82f2d2aae0ca24b877009200ced9065a772e73),platform=Windows NT 10.0.17134 x86_64) (WARNING: The server did not provide any stacktrace information)
Command duration or timeout: 0 milliseconds
Build info: version: '3.7.1', revision: '8a0099a', time: '2017-11-06T21:07:36.161Z'
System info: host: 'DESKTOP-G1UHP65', ip: '192.168.1.6', os.name: 'Windows 10', os.arch: 'amd64', os.version: '10.0', java.version: '1.8.0_102'
Driver info: com.kms.katalon.selenium.driver.CChromeDriver
Capabilities {acceptInsecureCerts: false, acceptSslCerts: false, applicationCacheEnabled: false, browserConnectionEnabled: false, browserName: chrome, chrome: {chromedriverVersion: 2.35.528161 (5b82f2d2aae0ca..., userDataDir: C:\Users\TRANGN~1\AppData\L...}, cssSelectorsEnabled: true, databaseEnabled: false, handlesAlerts: true, hasTouchScreen: false, javascriptEnabled: true, locationContextEnabled: true, mobileEmulationEnabled: false, nativeEvents: true, networkConnectionEnabled: false, pageLoadStrategy: normal, platform: XP, platformName: XP, rotatable: false, setWindowRect: true, takesHeapSnapshot: true, takesScreenshot: true, unexpectedAlertBehaviour: , unhandledPromptBehavior: , version: 69.0.3497.100, webStorageEnabled: true}
Session ID: 955b49fa2634f8c9b93c271814612dc2
*** Element info: {Using=xpath, value=//button[contains(@class,'layerConfirm') and contains(@name,'CONFIRM')]})

2018-10-16 22:15:36 - [MESSAGE][PASSED] - Switched to window with index: '0'

2018-10-16 22:15:51 - [MESSAGE][PASSED] - Delayed 15 second(s)

2018-10-16 22:17:21 - [MESSAGE][PASSED] - Wait for page load successfully

2018-10-16 22:17:21 - [MESSAGE][PASSED] - beautytap.GeneralAction.signupViaFacebook is PASSED

2018-10-16 22:17:21 - [TEST_STEP][PASSED] - verifyElementPresent: Object 'Object Repository/Page_General/link_avatar' is present

2018-10-16 22:17:21 - [MESSAGE][PASSED] - Object 'Object Repository/Page_General/link_avatar' is present

2018-10-16 22:17:21 - [TEST_STEP][PASSED] - beautytap.GeneralAction.logout: beautytap.GeneralAction.logout is PASSED

2018-10-16 22:17:22 - [MESSAGE][PASSED] - Object: 'Object Repository/Page_General/link_avatar' is clicked on

2018-10-16 22:17:22 - [MESSAGE][PASSED] - Object 'Object Repository/Page_General/menu_logout' is present

2018-10-16 22:17:22 - [MESSAGE][PASSED] - Object: 'Object Repository/Page_General/menu_logout' is clicked on

2018-10-16 22:17:22 - [MESSAGE][PASSED] - Wait for page load successfully

2018-10-16 22:17:23 - [MESSAGE][PASSED] - Browser is closed

2018-10-16 22:17:23 - [MESSAGE][PASSED] - beautytap.GeneralAction.logout is PASSED

2018-10-16 22:17:23 - [TEST_STEP][PASSED] - beautytap.AdminAction.deleteUser: beautytap.AdminAction.deleteUser is PASSED

2018-10-16 22:17:30 - [MESSAGE][PASSED] - Browser is opened with url: 'https://staging.beautytap.com/login'

2018-10-16 22:17:31 - [MESSAGE][PASSED] - Current window maximized

2018-10-16 22:17:31 - [MESSAGE][PASSED] - Text of object 'Object Repository/Page_login/txt_username' is cleared

2018-10-16 22:17:31 - [MESSAGE][PASSED] - Keys 'mrwhite' sent to object: 'Object Repository/Page_login/txt_username'

2018-10-16 22:17:31 - [MESSAGE][PASSED] - Text of object 'Object Repository/Page_login/txt_password' is cleared

2018-10-16 22:17:31 - [MESSAGE][PASSED] - Keys 'kgySM$Im' sent to object: 'Object Repository/Page_login/txt_password'

2018-10-16 22:17:32 - [MESSAGE][PASSED] - Object: 'Object Repository/Page_login/btn_login' is clicked on

2018-10-16 22:17:32 - [MESSAGE][PASSED] - Wait for page load successfully

2018-10-16 22:17:32 - [MESSAGE][PASSED] - Wait for page load successfully

2018-10-16 22:17:48 - [MESSAGE][PASSED] - Navigate to 'https://staging.beautytap.com/admin' successfully

2018-10-16 22:17:48 - [MESSAGE][PASSED] - Wait for page load successfully

2018-10-16 22:17:53 - [MESSAGE][PASSED] - Object: 'Object Repository/Page_Admin/menu_users' is clicked on

2018-10-16 22:17:53 - [MESSAGE][PASSED] - Wait for page load successfully

2018-10-16 22:17:53 - [MESSAGE][PASSED] - Text of object 'Object Repository/Page_Admin/txt_searchUser' is cleared

2018-10-16 22:17:53 - [MESSAGE][PASSED] - Keys 'g5.posiba@gmail.com' sent to object: 'Object Repository/Page_Admin/txt_searchUser'

2018-10-16 22:17:56 - [MESSAGE][PASSED] - Object: 'Object Repository/Page_Admin/btn_searchUser' is clicked on

2018-10-16 22:17:56 - [MESSAGE][PASSED] - Wait for page load successfully

2018-10-16 22:17:56 - [MESSAGE][PASSED] - Text of object '' is: 'g5.posiba@gmail.com'

2018-10-16 22:17:56 - [MESSAGE][PASSED] - Attribute 'id' of object '' is: 'user-63464'

2018-10-16 22:17:56 - [MESSAGE][PASSED] - Object: '' is hovered

2018-10-16 22:18:01 - [MESSAGE][PASSED] - Delayed 5 second(s)

2018-10-16 22:18:03 - [MESSAGE][PASSED] - Object: '' is clicked on

2018-10-16 22:18:04 - [MESSAGE][FAILED] - No alert found
[[ATTACHMENT|E:\\BeautytapAutomation\\beautytapAuto\\Beautytap\\Reports\\Regression\\20181016_213725\\1539703083863.png]]

2018-10-16 22:18:04 - [MESSAGE][FAILED] - Unable to accept alert (Root cause: No alert found)
[[ATTACHMENT|E:\\BeautytapAutomation\\beautytapAuto\\Beautytap\\Reports\\Regression\\20181016_213725\\1539703084196.png]]

2018-10-16 22:18:05 - [MESSAGE][PASSED] - Browser is closed

2018-10-16 22:18:05 - [MESSAGE][PASSED] - beautytap.AdminAction.deleteUser is PASSED

2018-10-16 22:18:05 - [TEST_STEP][PASSED] - beautytap.GeneralAction.openBeautytap: beautytap.GeneralAction.openBeautytap is PASSED

2018-10-16 22:20:34 - [MESSAGE][PASSED] - Browser is opened with url: 'https://staging.beautytap.com'

2018-10-16 22:20:35 - [MESSAGE][PASSED] - Current window maximized

2018-10-16 22:20:42 - [MESSAGE][PASSED] - Refresh successfully

2018-10-16 22:20:42 - [MESSAGE][PASSED] - Wait for page load successfully

2018-10-16 22:20:42 - [MESSAGE][PASSED] - beautytap.GeneralAction.openBeautytap is PASSED

2018-10-16 22:20:42 - [TEST_STEP][PASSED] - beautytap.GeneralAction.clickNavigationMenu: beautytap.GeneralAction.clickNavigationMenu is PASSED

2018-10-16 22:20:44 - [MESSAGE][PASSED] - Object: 'Object Repository/Page_General/link_login' is clicked on

2018-10-16 22:20:44 - [MESSAGE][PASSED] - Wait for page load successfully

2018-10-16 22:20:44 - [MESSAGE][PASSED] - beautytap.GeneralAction.clickNavigationMenu is PASSED

2018-10-16 22:20:44 - [TEST_STEP][PASSED] - beautytap.GeneralAction.login: beautytap.GeneralAction.login is PASSED

2018-10-16 22:20:45 - [MESSAGE][PASSED] - Object: 'Object Repository/Page_Login/btn_loginFB' is clicked on

2018-10-16 22:20:45 - [MESSAGE][PASSED] - Switched to window with index: '1'

2018-10-16 22:20:47 - [MESSAGE][PASSED] - Object 'Object Repository/Popup_FacebookLogin/txt_email' is visible

2018-10-16 22:20:47 - [MESSAGE][PASSED] - Keys 'g5.posiba@gmail.com' sent to object: 'Object Repository/Popup_FacebookLogin/txt_email'

2018-10-16 22:20:47 - [MESSAGE][PASSED] - Keys 'posiba123' sent to object: 'Object Repository/Popup_FacebookLogin/txt_password'

2018-10-16 22:20:49 - [MESSAGE][PASSED] - Object: 'Object Repository/Popup_FacebookLogin/btn_login' is clicked on

2018-10-16 22:20:49 - [MESSAGE][PASSED] - Switched to window with index: '0'

2018-10-16 22:20:49 - [MESSAGE][PASSED] - Wait for page load successfully

2018-10-16 22:20:49 - [MESSAGE][PASSED] - beautytap.GeneralAction.login is PASSED

2018-10-16 22:20:49 - [TEST_STEP][PASSED] - verifyElementPresent: Object 'Object Repository/Page_General/link_avatar' is present

2018-10-16 22:21:00 - [MESSAGE][PASSED] - Object 'Object Repository/Page_General/link_avatar' is present

2018-10-16 22:21:00 - [TEST_STEP][PASSED] - beautytap.GeneralAction.logout: beautytap.GeneralAction.logout is PASSED

2018-10-16 22:21:00 - [MESSAGE][PASSED] - Object: 'Object Repository/Page_General/link_avatar' is clicked on

2018-10-16 22:21:00 - [MESSAGE][PASSED] - Object 'Object Repository/Page_General/menu_logout' is present

2018-10-16 22:21:01 - [MESSAGE][PASSED] - Object: 'Object Repository/Page_General/menu_logout' is clicked on

2018-10-16 22:21:01 - [MESSAGE][PASSED] - Wait for page load successfully

2018-10-16 22:21:01 - [MESSAGE][PASSED] - Browser is closed

2018-10-16 22:21:01 - [MESSAGE][PASSED] - beautytap.GeneralAction.logout is PASSED

2018-10-16 22:21:01 - [TEST_STEP][PASSED] - beautytap.GeneralAction.openBeautytap: beautytap.GeneralAction.openBeautytap is PASSED

2018-10-16 22:23:08 - [MESSAGE][PASSED] - Browser is opened with url: 'https://staging.beautytap.com'

2018-10-16 22:23:09 - [MESSAGE][PASSED] - Current window maximized

2018-10-16 22:25:12 - [MESSAGE][PASSED] - Refresh successfully

2018-10-16 22:25:12 - [MESSAGE][PASSED] - Wait for page load successfully

2018-10-16 22:25:12 - [MESSAGE][PASSED] - beautytap.GeneralAction.openBeautytap is PASSED

2018-10-16 22:25:12 - [TEST_STEP][PASSED] - beautytap.GeneralAction.clickNavigationMenu: beautytap.GeneralAction.clickNavigationMenu is PASSED

2018-10-16 22:25:15 - [MESSAGE][PASSED] - Object: 'Object Repository/Page_General/link_signup' is clicked on

2018-10-16 22:25:15 - [MESSAGE][PASSED] - Wait for page load successfully

2018-10-16 22:25:15 - [MESSAGE][PASSED] - beautytap.GeneralAction.clickNavigationMenu is PASSED

2018-10-16 22:25:15 - [TEST_STEP][PASSED] - beautytap.GeneralAction.signupViaFacebook: beautytap.GeneralAction.signupViaFacebook is PASSED

2018-10-16 22:25:16 - [MESSAGE][PASSED] - Object: 'Object Repository/Page_Signup/btn_signupFB' is clicked on

2018-10-16 22:25:16 - [MESSAGE][PASSED] - Switched to window with index: '1'

2018-10-16 22:25:20 - [MESSAGE][PASSED] - Keys 'g5.posiba@gmail.com' sent to object: 'Object Repository/Popup_FacebookLogin/txt_email'

2018-10-16 22:25:21 - [MESSAGE][PASSED] - Keys 'posiba123' sent to object: 'Object Repository/Popup_FacebookLogin/txt_password'

2018-10-16 22:25:23 - [MESSAGE][PASSED] - Object: 'Object Repository/Popup_FacebookLogin/btn_login' is clicked on

2018-10-16 22:25:25 - [MESSAGE][WARNING] - Cannot take screenshot

2018-10-16 22:25:25 - [MESSAGE][FAILED] - Unable to get text of object 'Object Repository/Popup_FacebookLogin/btn_confirmPermission' (Root cause: org.openqa.selenium.NoSuchWindowException: no such window: window was already closed
  (Session info: chrome=69.0.3497.100)
  (Driver info: chromedriver=2.35.528161 (5b82f2d2aae0ca24b877009200ced9065a772e73),platform=Windows NT 10.0.17134 x86_64) (WARNING: The server did not provide any stacktrace information)
Command duration or timeout: 0 milliseconds
Build info: version: '3.7.1', revision: '8a0099a', time: '2017-11-06T21:07:36.161Z'
System info: host: 'DESKTOP-G1UHP65', ip: '192.168.1.6', os.name: 'Windows 10', os.arch: 'amd64', os.version: '10.0', java.version: '1.8.0_102'
Driver info: com.kms.katalon.selenium.driver.CChromeDriver
Capabilities {acceptInsecureCerts: false, acceptSslCerts: false, applicationCacheEnabled: false, browserConnectionEnabled: false, browserName: chrome, chrome: {chromedriverVersion: 2.35.528161 (5b82f2d2aae0ca..., userDataDir: C:\Users\TRANGN~1\AppData\L...}, cssSelectorsEnabled: true, databaseEnabled: false, handlesAlerts: true, hasTouchScreen: false, javascriptEnabled: true, locationContextEnabled: true, mobileEmulationEnabled: false, nativeEvents: true, networkConnectionEnabled: false, pageLoadStrategy: normal, platform: XP, platformName: XP, rotatable: false, setWindowRect: true, takesHeapSnapshot: true, takesScreenshot: true, unexpectedAlertBehaviour: , unhandledPromptBehavior: , version: 69.0.3497.100, webStorageEnabled: true}
Session ID: 3ffdd4b7fb98213a92b6b97c19df79b7
*** Element info: {Using=xpath, value=//button[contains(@class,'layerConfirm') and contains(@name,'CONFIRM')]})

2018-10-16 22:25:25 - [MESSAGE][PASSED] - Switched to window with index: '0'

2018-10-16 22:25:40 - [MESSAGE][PASSED] - Delayed 15 second(s)

2018-10-16 22:26:33 - [MESSAGE][PASSED] - Wait for page load successfully

2018-10-16 22:26:33 - [MESSAGE][PASSED] - beautytap.GeneralAction.signupViaFacebook is PASSED

2018-10-16 22:26:33 - [TEST_STEP][PASSED] - verifyElementPresent: Object 'Object Repository/Page_General/link_avatar' is present

2018-10-16 22:26:33 - [MESSAGE][PASSED] - Object 'Object Repository/Page_General/link_avatar' is present

2018-10-16 22:26:33 - [TEST_STEP][PASSED] - beautytap.GeneralAction.logout: beautytap.GeneralAction.logout is PASSED

2018-10-16 22:26:33 - [MESSAGE][PASSED] - Object: 'Object Repository/Page_General/link_avatar' is clicked on

2018-10-16 22:26:33 - [MESSAGE][PASSED] - Object 'Object Repository/Page_General/menu_logout' is present

2018-10-16 22:26:34 - [MESSAGE][PASSED] - Object: 'Object Repository/Page_General/menu_logout' is clicked on

2018-10-16 22:26:34 - [MESSAGE][PASSED] - Wait for page load successfully

2018-10-16 22:26:34 - [MESSAGE][PASSED] - Browser is closed

2018-10-16 22:26:34 - [MESSAGE][PASSED] - beautytap.GeneralAction.logout is PASSED

2018-10-16 22:26:34 - [TEST_STEP][PASSED] - beautytap.GeneralAction.openBeautytap: beautytap.GeneralAction.openBeautytap is PASSED

2018-10-16 22:28:40 - [MESSAGE][PASSED] - Browser is opened with url: 'https://staging.beautytap.com'

2018-10-16 22:28:41 - [MESSAGE][PASSED] - Current window maximized

2018-10-16 22:28:49 - [MESSAGE][PASSED] - Refresh successfully

2018-10-16 22:28:49 - [MESSAGE][PASSED] - Wait for page load successfully

2018-10-16 22:28:49 - [MESSAGE][PASSED] - beautytap.GeneralAction.openBeautytap is PASSED

2018-10-16 22:28:49 - [TEST_STEP][PASSED] - beautytap.GeneralAction.clickNavigationMenu: beautytap.GeneralAction.clickNavigationMenu is PASSED

2018-10-16 22:28:52 - [MESSAGE][PASSED] - Object: 'Object Repository/Page_General/link_login' is clicked on

2018-10-16 22:28:52 - [MESSAGE][PASSED] - Wait for page load successfully

2018-10-16 22:28:52 - [MESSAGE][PASSED] - beautytap.GeneralAction.clickNavigationMenu is PASSED

2018-10-16 22:28:52 - [TEST_STEP][PASSED] - beautytap.GeneralAction.login: beautytap.GeneralAction.login is PASSED

2018-10-16 22:28:52 - [MESSAGE][PASSED] - Object: 'Object Repository/Page_Login/btn_loginFB' is clicked on

2018-10-16 22:28:52 - [MESSAGE][PASSED] - Switched to window with index: '1'

2018-10-16 22:28:54 - [MESSAGE][PASSED] - Object 'Object Repository/Popup_FacebookLogin/txt_email' is visible

2018-10-16 22:28:54 - [MESSAGE][PASSED] - Keys 'g5.posiba@gmail.com' sent to object: 'Object Repository/Popup_FacebookLogin/txt_email'

2018-10-16 22:28:55 - [MESSAGE][PASSED] - Keys 'posiba123' sent to object: 'Object Repository/Popup_FacebookLogin/txt_password'

2018-10-16 22:28:57 - [MESSAGE][PASSED] - Object: 'Object Repository/Popup_FacebookLogin/btn_login' is clicked on

2018-10-16 22:28:57 - [MESSAGE][PASSED] - Switched to window with index: '0'

2018-10-16 22:28:57 - [MESSAGE][PASSED] - Wait for page load successfully

2018-10-16 22:28:57 - [MESSAGE][PASSED] - beautytap.GeneralAction.login is PASSED

2018-10-16 22:28:57 - [TEST_STEP][PASSED] - verifyElementPresent: Object 'Object Repository/Page_General/link_avatar' is present

2018-10-16 22:29:09 - [MESSAGE][PASSED] - Object 'Object Repository/Page_General/link_avatar' is present

2018-10-16 22:29:09 - [TEST_STEP][PASSED] - beautytap.GeneralAction.logout: beautytap.GeneralAction.logout is PASSED

2018-10-16 22:29:09 - [MESSAGE][PASSED] - Object: 'Object Repository/Page_General/link_avatar' is clicked on

2018-10-16 22:29:09 - [MESSAGE][PASSED] - Object 'Object Repository/Page_General/menu_logout' is present

2018-10-16 22:29:10 - [MESSAGE][PASSED] - Object: 'Object Repository/Page_General/menu_logout' is clicked on

2018-10-16 22:29:10 - [MESSAGE][PASSED] - Wait for page load successfully

2018-10-16 22:29:10 - [MESSAGE][PASSED] - Browser is closed

2018-10-16 22:29:10 - [MESSAGE][PASSED] - beautytap.GeneralAction.logout is PASSED]]></system-out>
         <system-err><![CDATA[]]></system-err>
      </testcase>
      <testcase name="Test Cases/Shop/TC07_BuyProduct_EarnPendingPoint_EarnRedeemablePoint" classname="Test Cases/Shop/TC07_BuyProduct_EarnPendingPoint_EarnRedeemablePoint" status="FAILED">
         <failure type="FAILED" message="Keyword VerifyNotificationText is Failed"/>
         <system-out><![CDATA[2018-10-16 22:29:14 - [TEST_CASE][FAILED] - Test Cases/Shop/TC07_BuyProduct_EarnPendingPoint_EarnRedeemablePoint: Test Cases/Shop/TC07_BuyProduct_EarnPendingPoint_EarnRedeemablePoint FAILED because (of) Keyword VerifyNotificationText is Failed

2018-10-16 22:29:14 - [TEST_STEP][PASSED] - Statement - username = USER_EMAIL: null

2018-10-16 22:29:14 - [TEST_STEP][PASSED] - Statement - password = USER_PASSWORD: null

2018-10-16 22:29:14 - [TEST_STEP][PASSED] - Statement - productName = SIMPLE_PRODUCT: null

2018-10-16 22:29:14 - [TEST_STEP][PASSED] - Statement - price = SIMPLE_PRODUCT_PRICE: null

2018-10-16 22:29:14 - [TEST_STEP][PASSED] - Statement - quantity = 3: null

2018-10-16 22:29:14 - [TEST_STEP][PASSED] - Statement - shippingLabel = FREE_SHIPPING_LABEL: null

2018-10-16 22:29:14 - [TEST_STEP][PASSED] - Statement - shippingPrice = 0: null

2018-10-16 22:29:14 - [TEST_STEP][PASSED] - Statement - subtotal = CustomKeywords.beautytap.ShopAction.calculateTotal(quantity, price): beautytap.ShopAction.calculateTotal is PASSED

2018-10-16 22:29:14 - [MESSAGE][PASSED] - beautytap.ShopAction.calculateTotal is PASSED

2018-10-16 22:29:14 - [TEST_STEP][PASSED] - Statement - total = subtotal + shippingPrice: null

2018-10-16 22:29:14 - [TEST_STEP][PASSED] - Statement - products = new org.json.JSONArray((((((([{"productname":" + productName) + ","variation":"","quantity":") + quantity) + ","price":") + price) + "}])): null

2018-10-16 22:29:14 - [TEST_STEP][PASSED] - Statement - billingInformation = new org.json.JSONObject((({"firstname":"Test","lastname":"Automation","country":"United States (US)","address":"123 Testing","city":"New York","state":"New York","zip":"90012","email":" + username) + "})): null

2018-10-16 22:29:14 - [TEST_STEP][PASSED] - Statement - paymentMethod = "PayPal": null

2018-10-16 22:29:14 - [TEST_STEP][PASSED] - beautytap.GeneralAction.openBeautytap: beautytap.GeneralAction.openBeautytap is PASSED

2018-10-16 22:29:27 - [MESSAGE][PASSED] - Browser is opened with url: 'https://staging.beautytap.com'

2018-10-16 22:29:28 - [MESSAGE][PASSED] - Current window maximized

2018-10-16 22:29:34 - [MESSAGE][PASSED] - Refresh successfully

2018-10-16 22:29:34 - [MESSAGE][PASSED] - Wait for page load successfully

2018-10-16 22:29:34 - [MESSAGE][PASSED] - beautytap.GeneralAction.openBeautytap is PASSED

2018-10-16 22:29:34 - [TEST_STEP][PASSED] - beautytap.GeneralAction.clickNavigationMenu: beautytap.GeneralAction.clickNavigationMenu is PASSED

2018-10-16 22:29:38 - [MESSAGE][PASSED] - Object: 'Object Repository/Page_General/link_login' is clicked on

2018-10-16 22:29:38 - [MESSAGE][PASSED] - Wait for page load successfully

2018-10-16 22:29:38 - [MESSAGE][PASSED] - beautytap.GeneralAction.clickNavigationMenu is PASSED

2018-10-16 22:29:38 - [TEST_STEP][PASSED] - beautytap.GeneralAction.login: beautytap.GeneralAction.login is PASSED

2018-10-16 22:29:38 - [MESSAGE][PASSED] - Text of object 'Object Repository/Page_login/txt_username' is cleared

2018-10-16 22:29:38 - [MESSAGE][PASSED] - Keys 'trang2408@mailinator.com' sent to object: 'Object Repository/Page_login/txt_username'

2018-10-16 22:29:38 - [MESSAGE][PASSED] - Text of object 'Object Repository/Page_login/txt_password' is cleared

2018-10-16 22:29:38 - [MESSAGE][PASSED] - Keys '123456' sent to object: 'Object Repository/Page_login/txt_password'

2018-10-16 22:29:38 - [MESSAGE][PASSED] - Object: 'Object Repository/Page_login/btn_login' is clicked on

2018-10-16 22:29:38 - [MESSAGE][PASSED] - Wait for page load successfully

2018-10-16 22:29:38 - [MESSAGE][PASSED] - beautytap.GeneralAction.login is PASSED

2018-10-16 22:29:38 - [TEST_STEP][PASSED] - beautytap.GeneralAction.selectProfileMenu: beautytap.GeneralAction.selectProfileMenu is PASSED

2018-10-16 22:29:49 - [MESSAGE][PASSED] - Object: 'Object Repository/Page_General/link_avatar' is clicked on

2018-10-16 22:29:51 - [MESSAGE][PASSED] - Delayed 2 second(s)

2018-10-16 22:29:54 - [MESSAGE][PASSED] - Object: '' is clicked on

2018-10-16 22:29:54 - [MESSAGE][PASSED] - Wait for page load successfully

2018-10-16 22:29:54 - [MESSAGE][PASSED] - beautytap.GeneralAction.selectProfileMenu is PASSED

2018-10-16 22:29:54 - [TEST_STEP][PASSED] - Statement - objReward = CustomKeywords.beautytap.ShopAction.getRewardDetails(): beautytap.ShopAction.getRewardDetails is PASSED

2018-10-16 22:29:54 - [MESSAGE][PASSED] - Text of object '' is: '1 x Rewards Multiplier!'

2018-10-16 22:29:54 - [MESSAGE][PASSED] - Text of object '' is: '1 x Rewards Multiplier!'

2018-10-16 22:29:54 - [MESSAGE][PASSED] - Text of object '' is: '473.00'

2018-10-16 22:29:54 - [MESSAGE][PASSED] - Text of object '' is: '286.20'

2018-10-16 22:29:54 - [MESSAGE][PASSED] - Text of object '' is: '353.00'

2018-10-16 22:29:55 - [MESSAGE][PASSED] - Text of object '' is: '$12.00'

2018-10-16 22:29:55 - [MESSAGE][PASSED] - Text of object '' is: 'Beautista'

2018-10-16 22:29:55 - [MESSAGE][PASSED] - beautytap.ShopAction.getRewardDetails is PASSED

2018-10-16 22:29:55 - [TEST_STEP][PASSED] - Statement - multiplier = java.lang.Float.parseFloat(objReward.get("multiplier")): null

2018-10-16 22:29:55 - [TEST_STEP][PASSED] - Statement - currentlevel = objReward.get("currentlevel"): null

2018-10-16 22:29:55 - [TEST_STEP][PASSED] - Statement - lifetime = java.lang.Float.parseFloat(objReward.get("lifetime")): null

2018-10-16 22:29:55 - [TEST_STEP][PASSED] - Statement - pending = java.lang.Float.parseFloat(objReward.get("pending")): null

2018-10-16 22:29:55 - [TEST_STEP][PASSED] - Statement - redeemable = java.lang.Float.parseFloat(objReward.get("redeemable")): null

2018-10-16 22:29:55 - [TEST_STEP][PASSED] - Statement - pointvalue = java.lang.Float.parseFloat(objReward.get("pointvalue")): null

2018-10-16 22:29:55 - [TEST_STEP][PASSED] - Statement - format = new java.text.DecimalFormat(0.##): null

2018-10-16 22:29:55 - [TEST_STEP][PASSED] - Statement - rewardEarned = java.lang.Float.parseFloat(format.format(multiplier * subtotal)): null

2018-10-16 22:29:55 - [TEST_STEP][PASSED] - Statement - notificationMessage = "You received " + rewardEarned + " redeemable points": null

2018-10-16 22:29:55 - [TEST_STEP][PASSED] - beautytap.ShopAction.globalSearch: beautytap.ShopAction.globalSearch is PASSED

2018-10-16 22:29:55 - [MESSAGE][PASSED] - Object: 'Object Repository/Page_General/icon_search' is clicked on

2018-10-16 22:30:00 - [MESSAGE][PASSED] - Delayed 5 second(s)

2018-10-16 22:30:00 - [MESSAGE][PASSED] - Text of object 'Object Repository/Page_General/txt_search' is cleared

2018-10-16 22:30:00 - [MESSAGE][PASSED] - Keys 'CONTROL + v' sent to object: 'Object Repository/Page_General/txt_search'

2018-10-16 22:30:05 - [MESSAGE][PASSED] - Delayed 5 second(s)

2018-10-16 22:30:05 - [MESSAGE][PASSED] - beautytap.ShopAction.globalSearch is PASSED

2018-10-16 22:30:05 - [TEST_STEP][PASSED] - beautytap.ShopAction.selectSearchResult: beautytap.ShopAction.selectSearchResult is PASSED

2018-10-16 22:30:06 - [MESSAGE][PASSED] - Text of object '' is: 'La Muse Correct Care Complete Cushion SPF50+/PA+++'

2018-10-16 22:30:06 - [MESSAGE][PASSED] - Object '' is present

2018-10-16 22:30:11 - [MESSAGE][PASSED] - Object: '' is clicked on

2018-10-16 22:30:11 - [MESSAGE][PASSED] - Wait for page load successfully

2018-10-16 22:30:11 - [MESSAGE][PASSED] - beautytap.ShopAction.selectSearchResult is PASSED

2018-10-16 22:30:11 - [TEST_STEP][PASSED] - beautytap.ShopAction.addProductToCart: beautytap.ShopAction.addProductToCart is PASSED

2018-10-16 22:30:12 - [MESSAGE][PASSED] - Text of object 'Object Repository/Page_Shop/txt_quantity' is cleared

2018-10-16 22:30:12 - [MESSAGE][PASSED] - Keys '3' sent to object: 'Object Repository/Page_Shop/txt_quantity'

2018-10-16 22:30:12 - [MESSAGE][PASSED] - Object: 'Object Repository/Page_Shop/btn_addToCart' is clicked on

2018-10-16 22:30:12 - [MESSAGE][PASSED] - Wait for page load successfully

2018-10-16 22:30:17 - [MESSAGE][PASSED] - Object 'Object Repository/Page_Shop/lbl_message' is present

2018-10-16 22:30:22 - [MESSAGE][PASSED] - Delayed 5 second(s)

2018-10-16 22:30:22 - [MESSAGE][PASSED] - beautytap.ShopAction.addProductToCart is PASSED

2018-10-16 22:30:22 - [TEST_STEP][PASSED] - beautytap.ShopAction.goToCart: beautytap.ShopAction.goToCart is PASSED

2018-10-16 22:30:22 - [MESSAGE][PASSED] - Object 'Object Repository/Page_General/icon_cart' is present

2018-10-16 22:30:28 - [MESSAGE][PASSED] - Object: 'Object Repository/Page_General/icon_cart' is clicked on

2018-10-16 22:30:28 - [MESSAGE][PASSED] - Wait for page load successfully

2018-10-16 22:30:28 - [MESSAGE][PASSED] - beautytap.ShopAction.goToCart is PASSED

2018-10-16 22:30:28 - [TEST_STEP][PASSED] - beautytap.ShopAction.processToCheckout: beautytap.ShopAction.processToCheckout is PASSED

2018-10-16 22:30:35 - [MESSAGE][PASSED] - Object: 'Object Repository/Page_Cart/btn_checkout' is clicked on

2018-10-16 22:30:35 - [MESSAGE][PASSED] - Wait for page load successfully

2018-10-16 22:30:35 - [MESSAGE][PASSED] - beautytap.ShopAction.processToCheckout is PASSED

2018-10-16 22:30:35 - [TEST_STEP][PASSED] - beautytap.ShopAction.fillCustomerInformation: beautytap.ShopAction.fillCustomerInformation is PASSED

2018-10-16 22:30:35 - [MESSAGE][PASSED] - Text of object 'Object Repository/Page_Checkout/txt_billingFirstName' is cleared

2018-10-16 22:30:35 - [MESSAGE][PASSED] - Keys 'Test' sent to object: 'Object Repository/Page_Checkout/txt_billingFirstName'

2018-10-16 22:30:35 - [MESSAGE][PASSED] - Text of object 'Object Repository/Page_Checkout/txt_billingLastName' is cleared

2018-10-16 22:30:36 - [MESSAGE][PASSED] - Keys 'Automation' sent to object: 'Object Repository/Page_Checkout/txt_billingLastName'

2018-10-16 22:30:36 - [MESSAGE][PASSED] - All options with label 'United States (US)' are selected in object 'Object Repository/Page_Checkout/drop_billingCountry' 

2018-10-16 22:30:41 - [MESSAGE][PASSED] - Delayed 5 second(s)

2018-10-16 22:30:41 - [MESSAGE][PASSED] - Text of object 'Object Repository/Page_Checkout/txt_billingAddress' is cleared

2018-10-16 22:30:41 - [MESSAGE][PASSED] - Keys '123 Testing' sent to object: 'Object Repository/Page_Checkout/txt_billingAddress'

2018-10-16 22:30:41 - [MESSAGE][PASSED] - Text of object 'Object Repository/Page_Checkout/txt_billingCity' is cleared

2018-10-16 22:30:42 - [MESSAGE][PASSED] - Keys 'New York' sent to object: 'Object Repository/Page_Checkout/txt_billingCity'

2018-10-16 22:30:42 - [MESSAGE][PASSED] - All options with label 'New York' are selected in object 'Object Repository/Page_Checkout/drop_billingState' 

2018-10-16 22:30:42 - [MESSAGE][PASSED] - Text of object 'Object Repository/Page_Checkout/txt_billingZip' is cleared

2018-10-16 22:30:42 - [MESSAGE][PASSED] - Keys '90012' sent to object: 'Object Repository/Page_Checkout/txt_billingZip'

2018-10-16 22:30:42 - [MESSAGE][PASSED] - Text of object 'Object Repository/Page_Checkout/txt_billingEmail' is cleared

2018-10-16 22:30:43 - [MESSAGE][PASSED] - Keys 'trang2408@mailinator.com' sent to object: 'Object Repository/Page_Checkout/txt_billingEmail'

2018-10-16 22:30:43 - [MESSAGE][PASSED] - Object 'Object Repository/Page_Checkout/chk_shipToDifferentAddress' is un-checked

2018-10-16 22:30:43 - [MESSAGE][PASSED] - Text of object 'Object Repository/Page_Checkout/txt_orderNote' is cleared

2018-10-16 22:30:43 - [MESSAGE][PASSED] - Keys 'TC07' sent to object: 'Object Repository/Page_Checkout/txt_orderNote'

2018-10-16 22:30:43 - [MESSAGE][PASSED] - Object 'Object Repository/Page_Checkout/radio_creditCard' is checked

2018-10-16 22:30:48 - [MESSAGE][PASSED] - Delayed 5 second(s)

2018-10-16 22:30:48 - [MESSAGE][PASSED] - beautytap.ShopAction.fillCustomerInformation is PASSED

2018-10-16 22:30:48 - [TEST_STEP][PASSED] - beautytap.ShopAction.VerifyOrderDetailsOnCheckout: Keyword VerifyOrderDetailsOnCheckout is Passed

2018-10-16 22:30:48 - [MESSAGE][PASSED] - Object '' is present

2018-10-16 22:30:48 - [MESSAGE][PASSED] - Text of object '' is: '$95.40'

2018-10-16 22:30:49 - [MESSAGE][PASSED] - Text of object '' is: 'Free shipping for orders over $70
Why does shipping take this long?'

2018-10-16 22:30:49 - [MESSAGE][PASSED] - Text of object '' is: '$95.40'

2018-10-16 22:30:49 - [MESSAGE][PASSED] - Keyword VerifyOrderDetailsOnCheckout is Passed

2018-10-16 22:30:49 - [TEST_STEP][PASSED] - beautytap.ShopAction.VerifyRewardEarned: Keyword VerifyRewardEarned is Passed

2018-10-16 22:30:49 - [MESSAGE][PASSED] - Text of object '' is: 'Status: Beautista ( $95.4 x Rewards Multiplier )'

2018-10-16 22:30:49 - [MESSAGE][PASSED] - Text of object '' is: 'Status: Beautista ( $95.4 x Rewards Multiplier )'

2018-10-16 22:30:49 - [MESSAGE][PASSED] - Text of object '' is: 'Status: Beautista ( $95.4 x Rewards Multiplier )'

2018-10-16 22:30:49 - [MESSAGE][PASSED] - Text of object '' is: 'Multiplier: $95.4 x 1'

2018-10-16 22:30:49 - [MESSAGE][PASSED] - Text of object '' is: 'Multiplier: $95.4 x 1'

2018-10-16 22:30:49 - [MESSAGE][PASSED] - Text of object '' is: '95.4 Points!'

2018-10-16 22:30:49 - [MESSAGE][PASSED] - Text of object '' is: '95.4 Points!'

2018-10-16 22:30:49 - [MESSAGE][PASSED] - Text of object '' is: 'Multiplier: $95.4 x 1'

2018-10-16 22:30:49 - [MESSAGE][PASSED] - Text of object '' is: 'Multiplier: $95.4 x 1'

2018-10-16 22:30:49 - [MESSAGE][PASSED] - Text of object '' is: 'Multiplier: $95.4 x 1'

2018-10-16 22:30:49 - [MESSAGE][PASSED] - Keyword VerifyRewardEarned is Passed

2018-10-16 22:30:49 - [TEST_STEP][PASSED] - beautytap.ShopAction.checkoutViaPaypal: beautytap.ShopAction.checkoutViaPaypal is PASSED

2018-10-16 22:30:49 - [MESSAGE][PASSED] - Object 'Object Repository/Page_Checkout/radio_paypal' is checked

2018-10-16 22:30:54 - [MESSAGE][PASSED] - Delayed 5 second(s)

2018-10-16 22:30:55 - [MESSAGE][PASSED] - Object 'Object Repository/Page_Checkout/chk_terms' is checked

2018-10-16 22:30:55 - [MESSAGE][PASSED] - Object: 'Object Repository/Page_Checkout/btn_placeOrder' is clicked on

2018-10-16 22:31:04 - [MESSAGE][PASSED] - Object 'Object Repository/Page_Paypal/txt_email' is present

2018-10-16 22:31:04 - [MESSAGE][PASSED] - Text of object 'Object Repository/Page_Paypal/txt_email' is cleared

2018-10-16 22:31:04 - [MESSAGE][PASSED] - Keys 'g1.posiba@gmail.com' sent to object: 'Object Repository/Page_Paypal/txt_email'

2018-10-16 22:31:04 - [MESSAGE][PASSED] - Text of object 'Object Repository/Page_Paypal/txt_password' is cleared

2018-10-16 22:31:04 - [MESSAGE][PASSED] - Keys 'Tr@ng99%' sent to object: 'Object Repository/Page_Paypal/txt_password'

2018-10-16 22:31:17 - [MESSAGE][PASSED] - Object: 'Object Repository/Page_Paypal/btn_login' is clicked on

2018-10-16 22:31:21 - [MESSAGE][PASSED] - Object 'Object Repository/Page_Paypal/btn_payNow' is present

2018-10-16 22:31:26 - [MESSAGE][PASSED] - Delayed 5 second(s)

2018-10-16 22:31:27 - [MESSAGE][PASSED] - Object: 'Object Repository/Page_Paypal/btn_payNow' is clicked on

2018-10-16 22:31:46 - [MESSAGE][PASSED] - Object 'Object Repository/Page_Checkout/lbl_orderReceived' is present

2018-10-16 22:31:46 - [MESSAGE][PASSED] - beautytap.ShopAction.checkoutViaPaypal is PASSED

2018-10-16 22:31:46 - [TEST_STEP][PASSED] - beautytap.ShopAction.VerifyOrderReceivedDetails: Keyword VerifyOrderReceivedDetails is Passed

2018-10-16 22:31:46 - [MESSAGE][PASSED] - Object '' is present

2018-10-16 22:31:46 - [MESSAGE][PASSED] - Text of object '' is: '$95.40'

2018-10-16 22:31:46 - [MESSAGE][PASSED] - Text of object '' is: 'Free shipping for orders over $70'

2018-10-16 22:31:52 - [MESSAGE][WARNING] - com.kms.katalon.core.webui.exception.WebElementNotFoundException: Web element with id: '' located by 'By.xpath: //th[text()='Shipping:']/parent::tr/td/span' not found
[[ATTACHMENT|E:\\BeautytapAutomation\\beautytapAuto\\Beautytap\\Reports\\Regression\\20181016_213725\\1539703911747.png]]

2018-10-16 22:31:52 - [MESSAGE][PASSED] - Text of object '' is: 'PayPal'

2018-10-16 22:31:52 - [MESSAGE][PASSED] - Text of object '' is: '$95.40'

2018-10-16 22:31:52 - [MESSAGE][PASSED] - Keyword VerifyOrderReceivedDetails is Passed

2018-10-16 22:31:52 - [TEST_STEP][PASSED] - beautytap.ShopAction.VerifyRewardEarned: Keyword VerifyRewardEarned is Passed

2018-10-16 22:31:52 - [MESSAGE][PASSED] - Text of object '' is: 'Status: Beautista ( $95.40 x Rewards Multiplier )'

2018-10-16 22:31:52 - [MESSAGE][PASSED] - Text of object '' is: 'Status: Beautista ( $95.40 x Rewards Multiplier )'

2018-10-16 22:31:52 - [MESSAGE][PASSED] - Text of object '' is: 'Status: Beautista ( $95.40 x Rewards Multiplier )'

2018-10-16 22:31:52 - [MESSAGE][PASSED] - Text of object '' is: 'Multiplier: $95.40 x 1'

2018-10-16 22:31:52 - [MESSAGE][PASSED] - Text of object '' is: 'Multiplier: $95.40 x 1'

2018-10-16 22:31:52 - [MESSAGE][PASSED] - Text of object '' is: '95.4 Points!'

2018-10-16 22:31:52 - [MESSAGE][PASSED] - Text of object '' is: '95.4 Points!'

2018-10-16 22:31:52 - [MESSAGE][PASSED] - Text of object '' is: 'Multiplier: $95.40 x 1'

2018-10-16 22:31:52 - [MESSAGE][PASSED] - Text of object '' is: 'Multiplier: $95.40 x 1'

2018-10-16 22:31:52 - [MESSAGE][PASSED] - Text of object '' is: 'Multiplier: $95.40 x 1'

2018-10-16 22:31:52 - [MESSAGE][PASSED] - Keyword VerifyRewardEarned is Passed

2018-10-16 22:31:52 - [TEST_STEP][PASSED] - Statement - orderInfo = CustomKeywords.beautytap.ShopAction.getOrderInfoOnOrderReceived(): beautytap.ShopAction.getOrderInfoOnOrderReceived is PASSED

2018-10-16 22:31:52 - [MESSAGE][PASSED] - Text of object '' is: '127640'

2018-10-16 22:31:52 - [MESSAGE][PASSED] - Text of object '' is: 'October 16, 2018'

2018-10-16 22:31:52 - [MESSAGE][PASSED] - beautytap.ShopAction.getOrderInfoOnOrderReceived is PASSED

2018-10-16 22:31:52 - [TEST_STEP][PASSED] - Statement - orderNumber = orderInfo.get("ordernumber"): null

2018-10-16 22:31:52 - [TEST_STEP][PASSED] - Statement - orderDate = orderInfo.get("date"): null

2018-10-16 22:31:52 - [TEST_STEP][PASSED] - Statement - completeOrderSubject = "Your " + SITE_TITLE + " order from " + orderDate + " is complete": null

2018-10-16 22:31:52 - [TEST_STEP][PASSED] - Statement - completeOrderSubject = completeOrderSubject.replace("[", "").replace("]", ""): null

2018-10-16 22:31:52 - [TEST_STEP][PASSED] - beautytap.GeneralAction.selectProfileMenu: beautytap.GeneralAction.selectProfileMenu is PASSED

2018-10-16 22:31:53 - [MESSAGE][PASSED] - Object: 'Object Repository/Page_General/link_avatar' is clicked on

2018-10-16 22:31:55 - [MESSAGE][PASSED] - Delayed 2 second(s)

2018-10-16 22:31:58 - [MESSAGE][PASSED] - Object: '' is clicked on

2018-10-16 22:31:58 - [MESSAGE][PASSED] - Wait for page load successfully

2018-10-16 22:31:58 - [MESSAGE][PASSED] - beautytap.GeneralAction.selectProfileMenu is PASSED

2018-10-16 22:31:58 - [TEST_STEP][PASSED] - Statement - newPending = java.lang.Float.parseFloat(java.lang.String.format("%.2f", pending + rewardEarned)): null

2018-10-16 22:31:58 - [TEST_STEP][PASSED] - beautytap.ShopAction.VerifyRewardPointsDetails: Keyword VerifyRewardPoints is Passed

2018-10-16 22:31:58 - [MESSAGE][PASSED] - Text of object '' is: '473.00'

2018-10-16 22:31:58 - [MESSAGE][PASSED] - Text of object '' is: '381.60'

2018-10-16 22:31:58 - [MESSAGE][PASSED] - Text of object '' is: '353.00'

2018-10-16 22:31:58 - [MESSAGE][PASSED] - Text of object '' is: '$12.00'

2018-10-16 22:31:58 - [MESSAGE][PASSED] - Keyword VerifyRewardPoints is Passed

2018-10-16 22:31:58 - [TEST_STEP][PASSED] - beautytap.ShopAction.VerifyRewardHistory: Keyword VerifyRewardHistory is Passed

2018-10-16 22:31:58 - [MESSAGE][PASSED] - Object '' is present

2018-10-16 22:31:58 - [MESSAGE][PASSED] - Text of object '' is: ''

2018-10-16 22:31:58 - [MESSAGE][PASSED] - Text of object '' is: '$95.40'

2018-10-16 22:31:58 - [MESSAGE][PASSED] - Text of object '' is: '1'

2018-10-16 22:31:58 - [MESSAGE][PASSED] - Text of object '' is: '0.00'

2018-10-16 22:31:58 - [MESSAGE][PASSED] - Text of object '' is: '353.00'

2018-10-16 22:31:58 - [MESSAGE][PASSED] - Keyword VerifyRewardHistory is Passed

2018-10-16 22:31:58 - [TEST_STEP][PASSED] - beautytap.ShopAction.VerifyRewardHistory: Keyword VerifyRewardHistory is Passed

2018-10-16 22:31:58 - [MESSAGE][PASSED] - Object '' is present

2018-10-16 22:31:58 - [MESSAGE][PASSED] - Text of object '' is: ''

2018-10-16 22:31:58 - [MESSAGE][PASSED] - Text of object '' is: '$95.40'

2018-10-16 22:31:58 - [MESSAGE][PASSED] - Text of object '' is: '1'

2018-10-16 22:31:59 - [MESSAGE][PASSED] - Text of object '' is: '0.00'

2018-10-16 22:31:59 - [MESSAGE][PASSED] - Text of object '' is: '353.00'

2018-10-16 22:31:59 - [MESSAGE][PASSED] - Keyword VerifyRewardHistory is Passed

2018-10-16 22:31:59 - [TEST_STEP][PASSED] - beautytap.GeneralAction.logout: beautytap.GeneralAction.logout is PASSED

2018-10-16 22:31:59 - [MESSAGE][PASSED] - Object: 'Object Repository/Page_General/link_avatar' is clicked on

2018-10-16 22:31:59 - [MESSAGE][PASSED] - Object 'Object Repository/Page_General/menu_logout' is present

2018-10-16 22:32:00 - [MESSAGE][PASSED] - Object: 'Object Repository/Page_General/menu_logout' is clicked on

2018-10-16 22:32:00 - [MESSAGE][PASSED] - Wait for page load successfully

2018-10-16 22:32:00 - [MESSAGE][PASSED] - beautytap.GeneralAction.logout is PASSED

2018-10-16 22:32:00 - [TEST_STEP][PASSED] - beautytap.GeneralAction.clickNavigationMenu: beautytap.GeneralAction.clickNavigationMenu is PASSED

2018-10-16 22:32:09 - [MESSAGE][PASSED] - Object: 'Object Repository/Page_General/link_login' is clicked on

2018-10-16 22:32:09 - [MESSAGE][PASSED] - Wait for page load successfully

2018-10-16 22:32:09 - [MESSAGE][PASSED] - beautytap.GeneralAction.clickNavigationMenu is PASSED

2018-10-16 22:32:09 - [TEST_STEP][PASSED] - beautytap.GeneralAction.login: beautytap.GeneralAction.login is PASSED

2018-10-16 22:32:09 - [MESSAGE][PASSED] - Text of object 'Object Repository/Page_login/txt_username' is cleared

2018-10-16 22:32:09 - [MESSAGE][PASSED] - Keys 'mrwhite' sent to object: 'Object Repository/Page_login/txt_username'

2018-10-16 22:32:09 - [MESSAGE][PASSED] - Text of object 'Object Repository/Page_login/txt_password' is cleared

2018-10-16 22:32:09 - [MESSAGE][PASSED] - Keys 'kgySM$Im' sent to object: 'Object Repository/Page_login/txt_password'

2018-10-16 22:32:10 - [MESSAGE][PASSED] - Object: 'Object Repository/Page_login/btn_login' is clicked on

2018-10-16 22:32:10 - [MESSAGE][PASSED] - Wait for page load successfully

2018-10-16 22:32:10 - [MESSAGE][PASSED] - beautytap.GeneralAction.login is PASSED

2018-10-16 22:32:10 - [TEST_STEP][PASSED] - navigateToUrl: Navigate to 'https://staging.beautytap.com/admin' successfully

2018-10-16 22:32:26 - [MESSAGE][PASSED] - Navigate to 'https://staging.beautytap.com/admin' successfully

2018-10-16 22:32:26 - [TEST_STEP][PASSED] - beautytap.AdminAction.changeOrderStatus: beautytap.AdminAction.changeOrderStatus is PASSED

2018-10-16 22:32:32 - [MESSAGE][PASSED] - Object: '' is clicked on

2018-10-16 22:32:32 - [MESSAGE][PASSED] - Wait for page load successfully

2018-10-16 22:32:37 - [MESSAGE][PASSED] - Object: '' is clicked on

2018-10-16 22:32:37 - [MESSAGE][PASSED] - Wait for page load successfully

2018-10-16 22:32:37 - [MESSAGE][PASSED] - Text of object 'Object Repository/Page_Admin/txt_searchOrder' is cleared

2018-10-16 22:32:38 - [MESSAGE][PASSED] - Keys '127640' sent to object: 'Object Repository/Page_Admin/txt_searchOrder'

2018-10-16 22:32:41 - [MESSAGE][PASSED] - Object: 'Object Repository/Page_Admin/btn_searchOrder' is clicked on

2018-10-16 22:32:41 - [MESSAGE][PASSED] - Wait for page load successfully

2018-10-16 22:32:49 - [MESSAGE][PASSED] - Object: '' is clicked on

2018-10-16 22:32:49 - [MESSAGE][PASSED] - Wait for page load successfully

2018-10-16 22:32:49 - [MESSAGE][PASSED] - All options with label 'Completed' are selected in object 'Object Repository/Page_Admin/drop_orderStatus' 

2018-10-16 22:32:49 - [MESSAGE][PASSED] - Object: 'Object Repository/Page_Admin/btn_saveOrder' is clicked on

2018-10-16 22:33:01 - [MESSAGE][PASSED] - Object 'Object Repository/Page_Admin/lbl_orderUpdatedMessage' is present

2018-10-16 22:33:01 - [MESSAGE][PASSED] - beautytap.AdminAction.changeOrderStatus is PASSED

2018-10-16 22:33:01 - [TEST_STEP][PASSED] - beautytap.GeneralAction.openMailBox: beautytap.GeneralAction.openMailBox is PASSED

2018-10-16 22:33:03 - [MESSAGE][PASSED] - Navigate to 'https://www.mailinator.com' successfully

2018-10-16 22:33:03 - [MESSAGE][PASSED] - Wait for page load successfully

2018-10-16 22:33:03 - [MESSAGE][PASSED] - Keys 'trang2408@mailinator.com' sent to object: 'Object Repository/Page_mailinator/txt_email'

2018-10-16 22:33:09 - [MESSAGE][PASSED] - Object: 'Object Repository/Page_mailinator/btn_go' is clicked on

2018-10-16 22:33:09 - [MESSAGE][PASSED] - Wait for page load successfully

2018-10-16 22:33:14 - [MESSAGE][PASSED] - Delayed 5 second(s)

2018-10-16 22:33:14 - [MESSAGE][PASSED] - beautytap.GeneralAction.openMailBox is PASSED

2018-10-16 22:33:14 - [TEST_STEP][PASSED] - beautytap.GeneralAction.verifyEmailExist: beautytap.GeneralAction.verifyEmailExist is PASSED

2018-10-16 22:33:14 - [MESSAGE][PASSED] - Object '' is present

2018-10-16 22:33:14 - [MESSAGE][PASSED] - beautytap.GeneralAction.verifyEmailExist is PASSED

2018-10-16 22:33:14 - [TEST_STEP][PASSED] - beautytap.GeneralAction.openEmail: beautytap.GeneralAction.openEmail is PASSED

2018-10-16 22:33:14 - [MESSAGE][PASSED] - Object: '' is clicked on

2018-10-16 22:33:14 - [MESSAGE][PASSED] - beautytap.GeneralAction.openEmail is PASSED

2018-10-16 22:33:14 - [TEST_STEP][PASSED] - beautytap.ShopAction.VerifyOrderCompleteEmail: Keyword VerifyOrderCompleteEmail is Passed

2018-10-16 22:33:15 - [MESSAGE][PASSED] - Object '' is present

2018-10-16 22:33:15 - [MESSAGE][PASSED] - Text of object '' is: 'La Muse Correct Care Complete Cushion SPF50+/PA+++'

2018-10-16 22:33:15 - [MESSAGE][PASSED] - Text of object '' is: '3'

2018-10-16 22:33:15 - [MESSAGE][PASSED] - Text of object '' is: '$95.40'

2018-10-16 22:33:15 - [MESSAGE][PASSED] - Text of object '' is: '$95.40'

2018-10-16 22:33:15 - [MESSAGE][PASSED] - Text of object '' is: 'Free shipping for orders over $70'

2018-10-16 22:33:21 - [MESSAGE][WARNING] - com.kms.katalon.core.webui.exception.WebElementNotFoundException: Web element with id: '' located by 'By.xpath: //th[text()='Shipping:']/parent::tr/td/span' not found
[[ATTACHMENT|E:\\BeautytapAutomation\\beautytapAuto\\Beautytap\\Reports\\Regression\\20181016_213725\\1539704000751.png]]

2018-10-16 22:33:21 - [MESSAGE][PASSED] - Text of object '' is: 'PayPal'

2018-10-16 22:33:21 - [MESSAGE][PASSED] - Text of object '' is: '95.40'

2018-10-16 22:33:21 - [MESSAGE][PASSED] - Text of object '' is: '$95.40'

2018-10-16 22:33:21 - [MESSAGE][PASSED] - Keyword VerifyOrderCompleteEmail is Passed

2018-10-16 22:33:21 - [TEST_STEP][PASSED] - closeBrowser: Browser is closed

2018-10-16 22:33:22 - [MESSAGE][PASSED] - Browser is closed

2018-10-16 22:33:22 - [TEST_STEP][PASSED] - beautytap.GeneralAction.openBeautytap: beautytap.GeneralAction.openBeautytap is PASSED

2018-10-16 22:33:37 - [MESSAGE][PASSED] - Browser is opened with url: 'https://staging.beautytap.com'

2018-10-16 22:33:38 - [MESSAGE][PASSED] - Current window maximized

2018-10-16 22:33:45 - [MESSAGE][PASSED] - Refresh successfully

2018-10-16 22:33:45 - [MESSAGE][PASSED] - Wait for page load successfully

2018-10-16 22:33:45 - [MESSAGE][PASSED] - beautytap.GeneralAction.openBeautytap is PASSED

2018-10-16 22:33:45 - [TEST_STEP][PASSED] - beautytap.GeneralAction.clickNavigationMenu: beautytap.GeneralAction.clickNavigationMenu is PASSED

2018-10-16 22:33:48 - [MESSAGE][PASSED] - Object: 'Object Repository/Page_General/link_login' is clicked on

2018-10-16 22:33:48 - [MESSAGE][PASSED] - Wait for page load successfully

2018-10-16 22:33:48 - [MESSAGE][PASSED] - beautytap.GeneralAction.clickNavigationMenu is PASSED

2018-10-16 22:33:48 - [TEST_STEP][PASSED] - beautytap.GeneralAction.login: beautytap.GeneralAction.login is PASSED

2018-10-16 22:33:48 - [MESSAGE][PASSED] - Text of object 'Object Repository/Page_login/txt_username' is cleared

2018-10-16 22:33:48 - [MESSAGE][PASSED] - Keys 'trang2408@mailinator.com' sent to object: 'Object Repository/Page_login/txt_username'

2018-10-16 22:33:48 - [MESSAGE][PASSED] - Text of object 'Object Repository/Page_login/txt_password' is cleared

2018-10-16 22:33:49 - [MESSAGE][PASSED] - Keys '123456' sent to object: 'Object Repository/Page_login/txt_password'

2018-10-16 22:33:49 - [MESSAGE][PASSED] - Object: 'Object Repository/Page_login/btn_login' is clicked on

2018-10-16 22:33:49 - [MESSAGE][PASSED] - Wait for page load successfully

2018-10-16 22:33:49 - [MESSAGE][PASSED] - beautytap.GeneralAction.login is PASSED

2018-10-16 22:33:49 - [TEST_STEP][FAILED] - beautytap.GeneralAction.VerifyNotificationText: Keyword VerifyNotificationText is Failed

2018-10-16 22:34:01 - [MESSAGE][PASSED] - Object: 'Object Repository/Page_General/link_notificationIcon' is clicked on

2018-10-16 22:34:06 - [MESSAGE][PASSED] - Delayed 5 second(s)

2018-10-16 22:34:06 - [MESSAGE][PASSED] - Text of object '' is: 'You received 95.40 redeemable points'

2018-10-16 22:34:06 - [MESSAGE][FAILED] - Keyword VerifyNotificationText is Failed

2018-10-16 22:34:06 - [TEST_STEP][PASSED] - beautytap.GeneralAction.selectProfileMenu: beautytap.GeneralAction.selectProfileMenu is PASSED

2018-10-16 22:34:07 - [MESSAGE][PASSED] - Object: 'Object Repository/Page_General/link_avatar' is clicked on

2018-10-16 22:34:09 - [MESSAGE][PASSED] - Delayed 2 second(s)

2018-10-16 22:34:12 - [MESSAGE][PASSED] - Object: '' is clicked on

2018-10-16 22:34:12 - [MESSAGE][PASSED] - Wait for page load successfully

2018-10-16 22:34:12 - [MESSAGE][PASSED] - beautytap.GeneralAction.selectProfileMenu is PASSED

2018-10-16 22:34:12 - [TEST_STEP][PASSED] - Statement - newLifetime = java.lang.Float.parseFloat(java.lang.String.format("%.2f", lifetime + rewardEarned)): null

2018-10-16 22:34:12 - [TEST_STEP][PASSED] - Statement - newRedeemable = java.lang.Float.parseFloat(java.lang.String.format("%.2f", redeemable + rewardEarned)): null

2018-10-16 22:34:12 - [TEST_STEP][PASSED] - Statement - newPointValue = CustomKeywords.beautytap.ShopAction.calculateLoyaltyPointValue(newRedeemable): beautytap.ShopAction.calculateLoyaltyPointValue is PASSED

2018-10-16 22:34:12 - [MESSAGE][PASSED] - beautytap.ShopAction.calculateLoyaltyPointValue is PASSED

2018-10-16 22:34:12 - [TEST_STEP][PASSED] - beautytap.ShopAction.VerifyRewardPointsDetails: Keyword VerifyRewardPoints is Passed

2018-10-16 22:34:12 - [MESSAGE][PASSED] - Text of object '' is: '568.40'

2018-10-16 22:34:12 - [MESSAGE][PASSED] - Text of object '' is: '286.20'

2018-10-16 22:34:12 - [MESSAGE][PASSED] - Text of object '' is: '448.40'

2018-10-16 22:34:12 - [MESSAGE][PASSED] - Text of object '' is: '$16.00'

2018-10-16 22:34:12 - [MESSAGE][PASSED] - Keyword VerifyRewardPoints is Passed

2018-10-16 22:34:12 - [TEST_STEP][PASSED] - beautytap.ShopAction.VerifyRewardHistory: Keyword VerifyRewardHistory is Passed

2018-10-16 22:34:12 - [MESSAGE][PASSED] - Object '' is present

2018-10-16 22:34:12 - [MESSAGE][PASSED] - Text of object '' is: ''

2018-10-16 22:34:12 - [MESSAGE][PASSED] - Text of object '' is: '$95.40'

2018-10-16 22:34:12 - [MESSAGE][PASSED] - Text of object '' is: '1'

2018-10-16 22:34:12 - [MESSAGE][PASSED] - Text of object '' is: '95.40'

2018-10-16 22:34:12 - [MESSAGE][PASSED] - Text of object '' is: '448.40'

2018-10-16 22:34:12 - [MESSAGE][PASSED] - Keyword VerifyRewardHistory is Passed

2018-10-16 22:34:12 - [TEST_STEP][PASSED] - beautytap.GeneralAction.logout: beautytap.GeneralAction.logout is PASSED

2018-10-16 22:34:13 - [MESSAGE][PASSED] - Object: 'Object Repository/Page_General/link_avatar' is clicked on

2018-10-16 22:34:13 - [MESSAGE][PASSED] - Object 'Object Repository/Page_General/menu_logout' is present

2018-10-16 22:34:13 - [MESSAGE][PASSED] - Object: 'Object Repository/Page_General/menu_logout' is clicked on

2018-10-16 22:34:13 - [MESSAGE][PASSED] - Wait for page load successfully

2018-10-16 22:34:14 - [MESSAGE][PASSED] - Browser is closed

2018-10-16 22:34:14 - [MESSAGE][PASSED] - beautytap.GeneralAction.logout is PASSED]]></system-out>
         <system-err><![CDATA[2018-10-16 22:29:14 - [TEST_CASE][FAILED] - Test Cases/Shop/TC07_BuyProduct_EarnPendingPoint_EarnRedeemablePoint: Test Cases/Shop/TC07_BuyProduct_EarnPendingPoint_EarnRedeemablePoint FAILED because (of) Keyword VerifyNotificationText is Failed]]></system-err>
      </testcase>
      <testcase name="Test Cases/Shop/TC08_BuyProduct_UsingRewardPoint" classname="Test Cases/Shop/TC08_BuyProduct_UsingRewardPoint" status="PASSED">
         <system-out><![CDATA[2018-10-16 22:34:17 - [TEST_CASE][PASSED] - Test Cases/Shop/TC08_BuyProduct_UsingRewardPoint: Test Cases/Shop/TC08_BuyProduct_UsingRewardPoint

2018-10-16 22:34:17 - [TEST_STEP][PASSED] - Statement - username = USER_EMAIL: null

2018-10-16 22:34:17 - [TEST_STEP][PASSED] - Statement - password = USER_PASSWORD: null

2018-10-16 22:34:17 - [TEST_STEP][PASSED] - Statement - productName = SIMPLE_PRODUCT: null

2018-10-16 22:34:17 - [TEST_STEP][PASSED] - Statement - price = SIMPLE_PRODUCT_PRICE: null

2018-10-16 22:34:17 - [TEST_STEP][PASSED] - Statement - quantity = 3: null

2018-10-16 22:34:17 - [TEST_STEP][PASSED] - Statement - shippingLabel = FREE_SHIPPING_LABEL: null

2018-10-16 22:34:17 - [TEST_STEP][PASSED] - Statement - shippingPrice = 0: null

2018-10-16 22:34:17 - [TEST_STEP][PASSED] - Statement - pointUsed = 60: null

2018-10-16 22:34:17 - [TEST_STEP][PASSED] - Statement - pointValueUsed = 2: null

2018-10-16 22:34:17 - [TEST_STEP][PASSED] - Statement - subtotal = CustomKeywords.beautytap.ShopAction.calculateTotal(quantity, price): beautytap.ShopAction.calculateTotal is PASSED

2018-10-16 22:34:17 - [MESSAGE][PASSED] - beautytap.ShopAction.calculateTotal is PASSED

2018-10-16 22:34:17 - [TEST_STEP][PASSED] - Statement - subtotalApplyReward = java.lang.Float.parseFloat(java.lang.String.format("%.2f", subtotal - pointValueUsed)): null

2018-10-16 22:34:17 - [TEST_STEP][PASSED] - Statement - total = java.lang.Float.parseFloat(java.lang.String.format("%.2f", subtotal - pointValueUsed + shippingPrice)): null

2018-10-16 22:34:17 - [TEST_STEP][PASSED] - Statement - products = new org.json.JSONArray((((((([{"productname":" + productName) + ","variation":"","quantity":") + quantity) + ","price":") + price) + "}])): null

2018-10-16 22:34:17 - [TEST_STEP][PASSED] - Statement - billingInformation = new org.json.JSONObject((({"firstname":"Test","lastname":"Automation","country":"United States (US)","address":"123 Testing","city":"New York","state":"New York","zip":"90012","email":" + username) + "})): null

2018-10-16 22:34:17 - [TEST_STEP][PASSED] - Statement - paymentMethod = "PayPal": null

2018-10-16 22:34:17 - [TEST_STEP][PASSED] - beautytap.GeneralAction.openBeautytap: beautytap.GeneralAction.openBeautytap is PASSED

2018-10-16 22:34:29 - [MESSAGE][PASSED] - Browser is opened with url: 'https://staging.beautytap.com'

2018-10-16 22:34:30 - [MESSAGE][PASSED] - Current window maximized

2018-10-16 22:34:37 - [MESSAGE][PASSED] - Refresh successfully

2018-10-16 22:34:37 - [MESSAGE][PASSED] - Wait for page load successfully

2018-10-16 22:34:37 - [MESSAGE][PASSED] - beautytap.GeneralAction.openBeautytap is PASSED

2018-10-16 22:34:37 - [TEST_STEP][PASSED] - beautytap.GeneralAction.clickNavigationMenu: beautytap.GeneralAction.clickNavigationMenu is PASSED

2018-10-16 22:34:40 - [MESSAGE][PASSED] - Object: 'Object Repository/Page_General/link_login' is clicked on

2018-10-16 22:34:40 - [MESSAGE][PASSED] - Wait for page load successfully

2018-10-16 22:34:40 - [MESSAGE][PASSED] - beautytap.GeneralAction.clickNavigationMenu is PASSED

2018-10-16 22:34:40 - [TEST_STEP][PASSED] - beautytap.GeneralAction.login: beautytap.GeneralAction.login is PASSED

2018-10-16 22:34:40 - [MESSAGE][PASSED] - Text of object 'Object Repository/Page_login/txt_username' is cleared

2018-10-16 22:34:40 - [MESSAGE][PASSED] - Keys 'trang2408@mailinator.com' sent to object: 'Object Repository/Page_login/txt_username'

2018-10-16 22:34:41 - [MESSAGE][PASSED] - Text of object 'Object Repository/Page_login/txt_password' is cleared

2018-10-16 22:34:41 - [MESSAGE][PASSED] - Keys '123456' sent to object: 'Object Repository/Page_login/txt_password'

2018-10-16 22:34:41 - [MESSAGE][PASSED] - Object: 'Object Repository/Page_login/btn_login' is clicked on

2018-10-16 22:34:41 - [MESSAGE][PASSED] - Wait for page load successfully

2018-10-16 22:34:41 - [MESSAGE][PASSED] - beautytap.GeneralAction.login is PASSED

2018-10-16 22:34:41 - [TEST_STEP][PASSED] - beautytap.GeneralAction.selectProfileMenu: beautytap.GeneralAction.selectProfileMenu is PASSED

2018-10-16 22:34:52 - [MESSAGE][PASSED] - Object: 'Object Repository/Page_General/link_avatar' is clicked on

2018-10-16 22:34:54 - [MESSAGE][PASSED] - Delayed 2 second(s)

2018-10-16 22:34:57 - [MESSAGE][PASSED] - Object: '' is clicked on

2018-10-16 22:34:57 - [MESSAGE][PASSED] - Wait for page load successfully

2018-10-16 22:34:57 - [MESSAGE][PASSED] - beautytap.GeneralAction.selectProfileMenu is PASSED

2018-10-16 22:34:57 - [TEST_STEP][PASSED] - Statement - objReward = CustomKeywords.beautytap.ShopAction.getRewardDetails(): beautytap.ShopAction.getRewardDetails is PASSED

2018-10-16 22:34:57 - [MESSAGE][PASSED] - Text of object '' is: '1 x Rewards Multiplier!'

2018-10-16 22:34:57 - [MESSAGE][PASSED] - Text of object '' is: '1 x Rewards Multiplier!'

2018-10-16 22:34:57 - [MESSAGE][PASSED] - Text of object '' is: '568.40'

2018-10-16 22:34:57 - [MESSAGE][PASSED] - Text of object '' is: '286.20'

2018-10-16 22:34:57 - [MESSAGE][PASSED] - Text of object '' is: '448.40'

2018-10-16 22:34:57 - [MESSAGE][PASSED] - Text of object '' is: '$16.00'

2018-10-16 22:34:57 - [MESSAGE][PASSED] - Text of object '' is: 'Beautista'

2018-10-16 22:34:57 - [MESSAGE][PASSED] - beautytap.ShopAction.getRewardDetails is PASSED

2018-10-16 22:34:57 - [TEST_STEP][PASSED] - Statement - multiplier = java.lang.Float.parseFloat(objReward.get("multiplier")): null

2018-10-16 22:34:57 - [TEST_STEP][PASSED] - Statement - currentlevel = objReward.get("currentlevel"): null

2018-10-16 22:34:57 - [TEST_STEP][PASSED] - Statement - lifetime = java.lang.Float.parseFloat(objReward.get("lifetime")): null

2018-10-16 22:34:57 - [TEST_STEP][PASSED] - Statement - pending = java.lang.Float.parseFloat(objReward.get("pending")): null

2018-10-16 22:34:57 - [TEST_STEP][PASSED] - Statement - redeemable = java.lang.Float.parseFloat(objReward.get("redeemable")): null

2018-10-16 22:34:57 - [TEST_STEP][PASSED] - Statement - pointvalue = java.lang.Float.parseFloat(objReward.get("pointvalue")): null

2018-10-16 22:34:57 - [TEST_STEP][PASSED] - Statement - rewardEarned = java.lang.Float.parseFloat(java.lang.String.format("%.2f", multiplier * subtotal - pointValueUsed)): null

2018-10-16 22:34:57 - [TEST_STEP][PASSED] - beautytap.ShopAction.globalSearch: beautytap.ShopAction.globalSearch is PASSED

2018-10-16 22:34:58 - [MESSAGE][PASSED] - Object: 'Object Repository/Page_General/icon_search' is clicked on

2018-10-16 22:35:03 - [MESSAGE][PASSED] - Delayed 5 second(s)

2018-10-16 22:35:03 - [MESSAGE][PASSED] - Text of object 'Object Repository/Page_General/txt_search' is cleared

2018-10-16 22:35:03 - [MESSAGE][PASSED] - Keys 'CONTROL + v' sent to object: 'Object Repository/Page_General/txt_search'

2018-10-16 22:35:08 - [MESSAGE][PASSED] - Delayed 5 second(s)

2018-10-16 22:35:08 - [MESSAGE][PASSED] - beautytap.ShopAction.globalSearch is PASSED

2018-10-16 22:35:08 - [TEST_STEP][PASSED] - beautytap.ShopAction.selectSearchResult: beautytap.ShopAction.selectSearchResult is PASSED

2018-10-16 22:35:08 - [MESSAGE][PASSED] - Text of object '' is: 'La Muse Correct Care Complete Cushion SPF50+/PA+++'

2018-10-16 22:35:08 - [MESSAGE][PASSED] - Object '' is present

2018-10-16 22:35:13 - [MESSAGE][PASSED] - Object: '' is clicked on

2018-10-16 22:35:13 - [MESSAGE][PASSED] - Wait for page load successfully

2018-10-16 22:35:13 - [MESSAGE][PASSED] - beautytap.ShopAction.selectSearchResult is PASSED

2018-10-16 22:35:13 - [TEST_STEP][PASSED] - beautytap.ShopAction.addProductToCart: beautytap.ShopAction.addProductToCart is PASSED

2018-10-16 22:35:13 - [MESSAGE][PASSED] - Text of object 'Object Repository/Page_Shop/txt_quantity' is cleared

2018-10-16 22:35:13 - [MESSAGE][PASSED] - Keys '3' sent to object: 'Object Repository/Page_Shop/txt_quantity'

2018-10-16 22:35:13 - [MESSAGE][PASSED] - Object: 'Object Repository/Page_Shop/btn_addToCart' is clicked on

2018-10-16 22:35:13 - [MESSAGE][PASSED] - Wait for page load successfully

2018-10-16 22:35:18 - [MESSAGE][PASSED] - Object 'Object Repository/Page_Shop/lbl_message' is present

2018-10-16 22:35:23 - [MESSAGE][PASSED] - Delayed 5 second(s)

2018-10-16 22:35:23 - [MESSAGE][PASSED] - beautytap.ShopAction.addProductToCart is PASSED

2018-10-16 22:35:23 - [TEST_STEP][PASSED] - beautytap.ShopAction.goToCart: beautytap.ShopAction.goToCart is PASSED

2018-10-16 22:35:23 - [MESSAGE][PASSED] - Object 'Object Repository/Page_General/icon_cart' is present

2018-10-16 22:35:29 - [MESSAGE][PASSED] - Object: 'Object Repository/Page_General/icon_cart' is clicked on

2018-10-16 22:35:29 - [MESSAGE][PASSED] - Wait for page load successfully

2018-10-16 22:35:29 - [MESSAGE][PASSED] - beautytap.ShopAction.goToCart is PASSED

2018-10-16 22:35:29 - [TEST_STEP][PASSED] - beautytap.ShopAction.processToCheckout: beautytap.ShopAction.processToCheckout is PASSED

2018-10-16 22:35:34 - [MESSAGE][PASSED] - Object: 'Object Repository/Page_Cart/btn_checkout' is clicked on

2018-10-16 22:35:34 - [MESSAGE][PASSED] - Wait for page load successfully

2018-10-16 22:35:34 - [MESSAGE][PASSED] - beautytap.ShopAction.processToCheckout is PASSED

2018-10-16 22:35:34 - [TEST_STEP][PASSED] - beautytap.ShopAction.applyLoyaltyRewardPoint: beautytap.ShopAction.applyLoyaltyRewardPoint is PASSED

2018-10-16 22:35:35 - [MESSAGE][PASSED] - Object: 'Object Repository/Page_Checkout/link_clickToRedeem' is clicked on

2018-10-16 22:35:35 - [MESSAGE][PASSED] - Object '' is checked

2018-10-16 22:35:35 - [MESSAGE][PASSED] - Object '' is present

2018-10-16 22:35:35 - [MESSAGE][PASSED] - beautytap.ShopAction.applyLoyaltyRewardPoint is PASSED

2018-10-16 22:35:35 - [TEST_STEP][PASSED] - beautytap.ShopAction.fillCustomerInformation: beautytap.ShopAction.fillCustomerInformation is PASSED

2018-10-16 22:35:36 - [MESSAGE][PASSED] - Text of object 'Object Repository/Page_Checkout/txt_billingFirstName' is cleared

2018-10-16 22:35:36 - [MESSAGE][PASSED] - Keys 'Test' sent to object: 'Object Repository/Page_Checkout/txt_billingFirstName'

2018-10-16 22:35:36 - [MESSAGE][PASSED] - Text of object 'Object Repository/Page_Checkout/txt_billingLastName' is cleared

2018-10-16 22:35:36 - [MESSAGE][PASSED] - Keys 'Automation' sent to object: 'Object Repository/Page_Checkout/txt_billingLastName'

2018-10-16 22:35:37 - [MESSAGE][PASSED] - All options with label 'United States (US)' are selected in object 'Object Repository/Page_Checkout/drop_billingCountry' 

2018-10-16 22:35:42 - [MESSAGE][PASSED] - Delayed 5 second(s)

2018-10-16 22:35:42 - [MESSAGE][PASSED] - Text of object 'Object Repository/Page_Checkout/txt_billingAddress' is cleared

2018-10-16 22:35:42 - [MESSAGE][PASSED] - Keys '123 Testing' sent to object: 'Object Repository/Page_Checkout/txt_billingAddress'

2018-10-16 22:35:42 - [MESSAGE][PASSED] - Text of object 'Object Repository/Page_Checkout/txt_billingCity' is cleared

2018-10-16 22:35:42 - [MESSAGE][PASSED] - Keys 'New York' sent to object: 'Object Repository/Page_Checkout/txt_billingCity'

2018-10-16 22:35:42 - [MESSAGE][PASSED] - All options with label 'New York' are selected in object 'Object Repository/Page_Checkout/drop_billingState' 

2018-10-16 22:35:43 - [MESSAGE][PASSED] - Text of object 'Object Repository/Page_Checkout/txt_billingZip' is cleared

2018-10-16 22:35:43 - [MESSAGE][PASSED] - Keys '90012' sent to object: 'Object Repository/Page_Checkout/txt_billingZip'

2018-10-16 22:35:43 - [MESSAGE][PASSED] - Text of object 'Object Repository/Page_Checkout/txt_billingEmail' is cleared

2018-10-16 22:35:44 - [MESSAGE][PASSED] - Keys 'trang2408@mailinator.com' sent to object: 'Object Repository/Page_Checkout/txt_billingEmail'

2018-10-16 22:35:44 - [MESSAGE][PASSED] - Object 'Object Repository/Page_Checkout/chk_shipToDifferentAddress' is un-checked

2018-10-16 22:35:44 - [MESSAGE][PASSED] - Text of object 'Object Repository/Page_Checkout/txt_orderNote' is cleared

2018-10-16 22:35:44 - [MESSAGE][PASSED] - Keys 'TC08_checkout with reward' sent to object: 'Object Repository/Page_Checkout/txt_orderNote'

2018-10-16 22:35:44 - [MESSAGE][PASSED] - Object 'Object Repository/Page_Checkout/radio_creditCard' is checked

2018-10-16 22:35:49 - [MESSAGE][PASSED] - Delayed 5 second(s)

2018-10-16 22:35:49 - [MESSAGE][PASSED] - beautytap.ShopAction.fillCustomerInformation is PASSED

2018-10-16 22:35:49 - [TEST_STEP][PASSED] - beautytap.ShopAction.VerifyOrderDetailsOnCheckout: Keyword VerifyOrderDetailsOnCheckout is Passed

2018-10-16 22:35:49 - [MESSAGE][PASSED] - Object '' is present

2018-10-16 22:35:49 - [MESSAGE][PASSED] - Text of object '' is: '$95.40'

2018-10-16 22:35:50 - [MESSAGE][PASSED] - Text of object '' is: '60 points used'

2018-10-16 22:35:50 - [MESSAGE][PASSED] - Text of object '' is: '60 points used'

2018-10-16 22:35:50 - [MESSAGE][PASSED] - Text of object '' is: '$2.00'

2018-10-16 22:35:50 - [MESSAGE][PASSED] - Text of object '' is: 'Free shipping for orders over $70
Why does shipping take this long?'

2018-10-16 22:35:50 - [MESSAGE][PASSED] - Text of object '' is: '$93.40'

2018-10-16 22:35:50 - [MESSAGE][PASSED] - Keyword VerifyOrderDetailsOnCheckout is Passed

2018-10-16 22:35:50 - [TEST_STEP][PASSED] - beautytap.ShopAction.VerifyRewardEarned: Keyword VerifyRewardEarned is Passed

2018-10-16 22:35:50 - [MESSAGE][PASSED] - Text of object '' is: 'Status: Beautista ( $93.4 x Rewards Multiplier )'

2018-10-16 22:35:50 - [MESSAGE][PASSED] - Text of object '' is: 'Status: Beautista ( $93.4 x Rewards Multiplier )'

2018-10-16 22:35:50 - [MESSAGE][PASSED] - Text of object '' is: 'Status: Beautista ( $93.4 x Rewards Multiplier )'

2018-10-16 22:35:50 - [MESSAGE][PASSED] - Text of object '' is: 'Multiplier: $93.4 x 1'

2018-10-16 22:35:50 - [MESSAGE][PASSED] - Text of object '' is: 'Multiplier: $93.4 x 1'

2018-10-16 22:35:50 - [MESSAGE][PASSED] - Text of object '' is: '93.4 Points!'

2018-10-16 22:35:50 - [MESSAGE][PASSED] - Text of object '' is: '93.4 Points!'

2018-10-16 22:35:50 - [MESSAGE][PASSED] - Text of object '' is: 'Multiplier: $93.4 x 1'

2018-10-16 22:35:50 - [MESSAGE][PASSED] - Text of object '' is: 'Multiplier: $93.4 x 1'

2018-10-16 22:35:50 - [MESSAGE][PASSED] - Text of object '' is: 'Multiplier: $93.4 x 1'

2018-10-16 22:35:50 - [MESSAGE][PASSED] - Keyword VerifyRewardEarned is Passed

2018-10-16 22:35:50 - [TEST_STEP][PASSED] - beautytap.ShopAction.checkoutViaPaypal: beautytap.ShopAction.checkoutViaPaypal is PASSED

2018-10-16 22:35:50 - [MESSAGE][PASSED] - Object 'Object Repository/Page_Checkout/radio_paypal' is checked

2018-10-16 22:35:55 - [MESSAGE][PASSED] - Delayed 5 second(s)

2018-10-16 22:35:56 - [MESSAGE][PASSED] - Object 'Object Repository/Page_Checkout/chk_terms' is checked

2018-10-16 22:35:56 - [MESSAGE][PASSED] - Object: 'Object Repository/Page_Checkout/btn_placeOrder' is clicked on

2018-10-16 22:36:03 - [MESSAGE][PASSED] - Object 'Object Repository/Page_Paypal/txt_email' is present

2018-10-16 22:36:03 - [MESSAGE][PASSED] - Text of object 'Object Repository/Page_Paypal/txt_email' is cleared

2018-10-16 22:36:04 - [MESSAGE][PASSED] - Keys 'g1.posiba@gmail.com' sent to object: 'Object Repository/Page_Paypal/txt_email'

2018-10-16 22:36:04 - [MESSAGE][PASSED] - Text of object 'Object Repository/Page_Paypal/txt_password' is cleared

2018-10-16 22:36:04 - [MESSAGE][PASSED] - Keys 'Tr@ng99%' sent to object: 'Object Repository/Page_Paypal/txt_password'

2018-10-16 22:36:13 - [MESSAGE][PASSED] - Object: 'Object Repository/Page_Paypal/btn_login' is clicked on

2018-10-16 22:36:18 - [MESSAGE][PASSED] - Object 'Object Repository/Page_Paypal/btn_payNow' is present

2018-10-16 22:36:23 - [MESSAGE][PASSED] - Delayed 5 second(s)

2018-10-16 22:36:23 - [MESSAGE][PASSED] - Object: 'Object Repository/Page_Paypal/btn_payNow' is clicked on

2018-10-16 22:36:44 - [MESSAGE][PASSED] - Object 'Object Repository/Page_Checkout/lbl_orderReceived' is present

2018-10-16 22:36:44 - [MESSAGE][PASSED] - beautytap.ShopAction.checkoutViaPaypal is PASSED

2018-10-16 22:36:44 - [TEST_STEP][PASSED] - beautytap.ShopAction.VerifyOrderReceivedDetails: Keyword VerifyOrderReceivedDetails is Passed

2018-10-16 22:36:44 - [MESSAGE][PASSED] - Object '' is present

2018-10-16 22:36:44 - [MESSAGE][PASSED] - Text of object '' is: '$95.40'

2018-10-16 22:36:44 - [MESSAGE][PASSED] - Text of object '' is: '60 points used'

2018-10-16 22:36:44 - [MESSAGE][PASSED] - Text of object '' is: '60 points used'

2018-10-16 22:36:44 - [MESSAGE][PASSED] - Text of object '' is: '$2.00'

2018-10-16 22:36:44 - [MESSAGE][PASSED] - Text of object '' is: 'Free shipping for orders over $70'

2018-10-16 22:36:50 - [MESSAGE][WARNING] - com.kms.katalon.core.webui.exception.WebElementNotFoundException: Web element with id: '' located by 'By.xpath: //th[text()='Shipping:']/parent::tr/td/span' not found
[[ATTACHMENT|E:\\BeautytapAutomation\\beautytapAuto\\Beautytap\\Reports\\Regression\\20181016_213725\\1539704209726.png]]

2018-10-16 22:36:50 - [MESSAGE][PASSED] - Text of object '' is: 'PayPal'

2018-10-16 22:36:50 - [MESSAGE][PASSED] - Text of object '' is: '$93.40'

2018-10-16 22:36:50 - [MESSAGE][PASSED] - Keyword VerifyOrderReceivedDetails is Passed

2018-10-16 22:36:50 - [TEST_STEP][PASSED] - Statement - orderInfo = CustomKeywords.beautytap.ShopAction.getOrderInfoOnOrderReceived(): beautytap.ShopAction.getOrderInfoOnOrderReceived is PASSED

2018-10-16 22:36:50 - [MESSAGE][PASSED] - Text of object '' is: '127643'

2018-10-16 22:36:50 - [MESSAGE][PASSED] - Text of object '' is: 'October 16, 2018'

2018-10-16 22:36:50 - [MESSAGE][PASSED] - beautytap.ShopAction.getOrderInfoOnOrderReceived is PASSED

2018-10-16 22:36:50 - [TEST_STEP][PASSED] - Statement - orderNumber = orderInfo.get("ordernumber"): null

2018-10-16 22:36:50 - [TEST_STEP][PASSED] - beautytap.ShopAction.VerifyRewardEarned: Keyword VerifyRewardEarned is Passed

2018-10-16 22:36:50 - [MESSAGE][PASSED] - Text of object '' is: 'Status: Beautista ( $93.40 x Rewards Multiplier )'

2018-10-16 22:36:50 - [MESSAGE][PASSED] - Text of object '' is: 'Status: Beautista ( $93.40 x Rewards Multiplier )'

2018-10-16 22:36:50 - [MESSAGE][PASSED] - Text of object '' is: 'Status: Beautista ( $93.40 x Rewards Multiplier )'

2018-10-16 22:36:50 - [MESSAGE][PASSED] - Text of object '' is: 'Multiplier: $93.40 x 1'

2018-10-16 22:36:50 - [MESSAGE][PASSED] - Text of object '' is: 'Multiplier: $93.40 x 1'

2018-10-16 22:36:50 - [MESSAGE][PASSED] - Text of object '' is: '93.4 Points!'

2018-10-16 22:36:50 - [MESSAGE][PASSED] - Text of object '' is: '93.4 Points!'

2018-10-16 22:36:50 - [MESSAGE][PASSED] - Text of object '' is: 'Multiplier: $93.40 x 1'

2018-10-16 22:36:50 - [MESSAGE][PASSED] - Text of object '' is: 'Multiplier: $93.40 x 1'

2018-10-16 22:36:50 - [MESSAGE][PASSED] - Text of object '' is: 'Multiplier: $93.40 x 1'

2018-10-16 22:36:50 - [MESSAGE][PASSED] - Keyword VerifyRewardEarned is Passed

2018-10-16 22:36:50 - [TEST_STEP][PASSED] - beautytap.GeneralAction.selectProfileMenu: beautytap.GeneralAction.selectProfileMenu is PASSED

2018-10-16 22:36:51 - [MESSAGE][PASSED] - Object: 'Object Repository/Page_General/link_avatar' is clicked on

2018-10-16 22:36:53 - [MESSAGE][PASSED] - Delayed 2 second(s)

2018-10-16 22:36:56 - [MESSAGE][PASSED] - Object: '' is clicked on

2018-10-16 22:36:56 - [MESSAGE][PASSED] - Wait for page load successfully

2018-10-16 22:36:56 - [MESSAGE][PASSED] - beautytap.GeneralAction.selectProfileMenu is PASSED

2018-10-16 22:36:56 - [TEST_STEP][PASSED] - Statement - newPending = java.lang.Float.parseFloat(java.lang.String.format("%.2f", pending + rewardEarned)): null

2018-10-16 22:36:56 - [TEST_STEP][PASSED] - Statement - newRedeemable = java.lang.Float.parseFloat(java.lang.String.format("%.2f", redeemable - pointUsed)): null

2018-10-16 22:36:56 - [TEST_STEP][PASSED] - Statement - newPointValue = CustomKeywords.beautytap.ShopAction.calculateLoyaltyPointValue(newRedeemable): beautytap.ShopAction.calculateLoyaltyPointValue is PASSED

2018-10-16 22:36:56 - [MESSAGE][PASSED] - beautytap.ShopAction.calculateLoyaltyPointValue is PASSED

2018-10-16 22:36:56 - [TEST_STEP][PASSED] - beautytap.ShopAction.VerifyRewardPointsDetails: Keyword VerifyRewardPoints is Passed

2018-10-16 22:36:56 - [MESSAGE][PASSED] - Text of object '' is: '568.40'

2018-10-16 22:36:56 - [MESSAGE][PASSED] - Text of object '' is: '379.60'

2018-10-16 22:36:56 - [MESSAGE][PASSED] - Text of object '' is: '388.40'

2018-10-16 22:36:56 - [MESSAGE][PASSED] - Text of object '' is: '$14.00'

2018-10-16 22:36:56 - [MESSAGE][PASSED] - Keyword VerifyRewardPoints is Passed

2018-10-16 22:36:56 - [TEST_STEP][PASSED] - beautytap.ShopAction.VerifyRewardHistory: Keyword VerifyRewardHistory is Passed

2018-10-16 22:36:56 - [MESSAGE][PASSED] - Object '' is present

2018-10-16 22:36:56 - [MESSAGE][PASSED] - Text of object '' is: '60'

2018-10-16 22:36:56 - [MESSAGE][PASSED] - Text of object '' is: '60'

2018-10-16 22:36:56 - [MESSAGE][PASSED] - Text of object '' is: '$93.40'

2018-10-16 22:36:56 - [MESSAGE][PASSED] - Text of object '' is: '1'

2018-10-16 22:36:57 - [MESSAGE][PASSED] - Text of object '' is: '-60.00'

2018-10-16 22:36:57 - [MESSAGE][PASSED] - Text of object '' is: '388.40'

2018-10-16 22:36:57 - [MESSAGE][PASSED] - Keyword VerifyRewardHistory is Passed

2018-10-16 22:36:57 - [TEST_STEP][PASSED] - beautytap.ShopAction.VerifyRewardHistory: Keyword VerifyRewardHistory is Passed

2018-10-16 22:36:57 - [MESSAGE][PASSED] - Object '' is present

2018-10-16 22:36:57 - [MESSAGE][PASSED] - Text of object '' is: '60'

2018-10-16 22:36:57 - [MESSAGE][PASSED] - Text of object '' is: '60'

2018-10-16 22:36:57 - [MESSAGE][PASSED] - Text of object '' is: '$93.40'

2018-10-16 22:36:57 - [MESSAGE][PASSED] - Text of object '' is: '1'

2018-10-16 22:36:57 - [MESSAGE][PASSED] - Text of object '' is: '0.00'

2018-10-16 22:36:57 - [MESSAGE][PASSED] - Text of object '' is: '388.40'

2018-10-16 22:36:57 - [MESSAGE][PASSED] - Keyword VerifyRewardHistory is Passed

2018-10-16 22:36:57 - [TEST_STEP][PASSED] - beautytap.GeneralAction.logout: beautytap.GeneralAction.logout is PASSED

2018-10-16 22:36:57 - [MESSAGE][PASSED] - Object: 'Object Repository/Page_General/link_avatar' is clicked on

2018-10-16 22:36:58 - [MESSAGE][PASSED] - Object 'Object Repository/Page_General/menu_logout' is present

2018-10-16 22:36:58 - [MESSAGE][PASSED] - Object: 'Object Repository/Page_General/menu_logout' is clicked on

2018-10-16 22:36:58 - [MESSAGE][PASSED] - Wait for page load successfully

2018-10-16 22:36:58 - [MESSAGE][PASSED] - beautytap.GeneralAction.logout is PASSED

2018-10-16 22:36:58 - [TEST_STEP][PASSED] - beautytap.GeneralAction.clickNavigationMenu: beautytap.GeneralAction.clickNavigationMenu is PASSED

2018-10-16 22:37:08 - [MESSAGE][PASSED] - Object: 'Object Repository/Page_General/link_login' is clicked on

2018-10-16 22:37:08 - [MESSAGE][PASSED] - Wait for page load successfully

2018-10-16 22:37:08 - [MESSAGE][PASSED] - beautytap.GeneralAction.clickNavigationMenu is PASSED

2018-10-16 22:37:08 - [TEST_STEP][PASSED] - beautytap.GeneralAction.login: beautytap.GeneralAction.login is PASSED

2018-10-16 22:37:08 - [MESSAGE][PASSED] - Text of object 'Object Repository/Page_login/txt_username' is cleared

2018-10-16 22:37:08 - [MESSAGE][PASSED] - Keys 'mrwhite' sent to object: 'Object Repository/Page_login/txt_username'

2018-10-16 22:37:08 - [MESSAGE][PASSED] - Text of object 'Object Repository/Page_login/txt_password' is cleared

2018-10-16 22:37:08 - [MESSAGE][PASSED] - Keys 'kgySM$Im' sent to object: 'Object Repository/Page_login/txt_password'

2018-10-16 22:37:08 - [MESSAGE][PASSED] - Object: 'Object Repository/Page_login/btn_login' is clicked on

2018-10-16 22:37:08 - [MESSAGE][PASSED] - Wait for page load successfully

2018-10-16 22:37:08 - [MESSAGE][PASSED] - beautytap.GeneralAction.login is PASSED

2018-10-16 22:37:08 - [TEST_STEP][PASSED] - navigateToUrl: Navigate to 'https://staging.beautytap.com/admin' successfully

2018-10-16 22:37:25 - [MESSAGE][PASSED] - Navigate to 'https://staging.beautytap.com/admin' successfully

2018-10-16 22:37:25 - [TEST_STEP][PASSED] - beautytap.AdminAction.changeOrderStatus: beautytap.AdminAction.changeOrderStatus is PASSED

2018-10-16 22:37:31 - [MESSAGE][PASSED] - Object: '' is clicked on

2018-10-16 22:37:31 - [MESSAGE][PASSED] - Wait for page load successfully

2018-10-16 22:37:36 - [MESSAGE][PASSED] - Object: '' is clicked on

2018-10-16 22:37:36 - [MESSAGE][PASSED] - Wait for page load successfully

2018-10-16 22:37:36 - [MESSAGE][PASSED] - Text of object 'Object Repository/Page_Admin/txt_searchOrder' is cleared

2018-10-16 22:37:37 - [MESSAGE][PASSED] - Keys '127643' sent to object: 'Object Repository/Page_Admin/txt_searchOrder'

2018-10-16 22:37:40 - [MESSAGE][PASSED] - Object: 'Object Repository/Page_Admin/btn_searchOrder' is clicked on

2018-10-16 22:37:40 - [MESSAGE][PASSED] - Wait for page load successfully

2018-10-16 22:37:48 - [MESSAGE][PASSED] - Object: '' is clicked on

2018-10-16 22:37:48 - [MESSAGE][PASSED] - Wait for page load successfully

2018-10-16 22:37:48 - [MESSAGE][PASSED] - All options with label 'Completed' are selected in object 'Object Repository/Page_Admin/drop_orderStatus' 

2018-10-16 22:37:48 - [MESSAGE][PASSED] - Object: 'Object Repository/Page_Admin/btn_saveOrder' is clicked on

2018-10-16 22:37:59 - [MESSAGE][PASSED] - Object 'Object Repository/Page_Admin/lbl_orderUpdatedMessage' is present

2018-10-16 22:37:59 - [MESSAGE][PASSED] - beautytap.AdminAction.changeOrderStatus is PASSED

2018-10-16 22:37:59 - [TEST_STEP][PASSED] - closeBrowser: Browser is closed

2018-10-16 22:38:00 - [MESSAGE][PASSED] - Browser is closed

2018-10-16 22:38:00 - [TEST_STEP][PASSED] - beautytap.GeneralAction.openBeautytap: beautytap.GeneralAction.openBeautytap is PASSED

2018-10-16 22:38:14 - [MESSAGE][PASSED] - Browser is opened with url: 'https://staging.beautytap.com'

2018-10-16 22:38:15 - [MESSAGE][PASSED] - Current window maximized

2018-10-16 22:38:21 - [MESSAGE][PASSED] - Refresh successfully

2018-10-16 22:38:21 - [MESSAGE][PASSED] - Wait for page load successfully

2018-10-16 22:38:21 - [MESSAGE][PASSED] - beautytap.GeneralAction.openBeautytap is PASSED

2018-10-16 22:38:21 - [TEST_STEP][PASSED] - beautytap.GeneralAction.clickNavigationMenu: beautytap.GeneralAction.clickNavigationMenu is PASSED

2018-10-16 22:38:24 - [MESSAGE][PASSED] - Object: 'Object Repository/Page_General/link_login' is clicked on

2018-10-16 22:38:24 - [MESSAGE][PASSED] - Wait for page load successfully

2018-10-16 22:38:24 - [MESSAGE][PASSED] - beautytap.GeneralAction.clickNavigationMenu is PASSED

2018-10-16 22:38:24 - [TEST_STEP][PASSED] - beautytap.GeneralAction.login: beautytap.GeneralAction.login is PASSED

2018-10-16 22:38:24 - [MESSAGE][PASSED] - Text of object 'Object Repository/Page_login/txt_username' is cleared

2018-10-16 22:38:24 - [MESSAGE][PASSED] - Keys 'trang2408@mailinator.com' sent to object: 'Object Repository/Page_login/txt_username'

2018-10-16 22:38:24 - [MESSAGE][PASSED] - Text of object 'Object Repository/Page_login/txt_password' is cleared

2018-10-16 22:38:25 - [MESSAGE][PASSED] - Keys '123456' sent to object: 'Object Repository/Page_login/txt_password'

2018-10-16 22:38:25 - [MESSAGE][PASSED] - Object: 'Object Repository/Page_login/btn_login' is clicked on

2018-10-16 22:38:25 - [MESSAGE][PASSED] - Wait for page load successfully

2018-10-16 22:38:25 - [MESSAGE][PASSED] - beautytap.GeneralAction.login is PASSED

2018-10-16 22:38:25 - [TEST_STEP][PASSED] - beautytap.GeneralAction.selectProfileMenu: beautytap.GeneralAction.selectProfileMenu is PASSED

2018-10-16 22:38:35 - [MESSAGE][PASSED] - Object: 'Object Repository/Page_General/link_avatar' is clicked on

2018-10-16 22:38:37 - [MESSAGE][PASSED] - Delayed 2 second(s)

2018-10-16 22:38:40 - [MESSAGE][PASSED] - Object: '' is clicked on

2018-10-16 22:38:40 - [MESSAGE][PASSED] - Wait for page load successfully

2018-10-16 22:38:40 - [MESSAGE][PASSED] - beautytap.GeneralAction.selectProfileMenu is PASSED

2018-10-16 22:38:40 - [TEST_STEP][PASSED] - Statement - newLifetime = java.lang.Float.parseFloat(java.lang.String.format("%.2f", lifetime + rewardEarned)): null

2018-10-16 22:38:40 - [TEST_STEP][PASSED] - Statement - newRedeemable = java.lang.Float.parseFloat(java.lang.String.format("%.2f", newRedeemable + rewardEarned)): null

2018-10-16 22:38:40 - [TEST_STEP][PASSED] - Statement - newPointValue = CustomKeywords.beautytap.ShopAction.calculateLoyaltyPointValue(newRedeemable): beautytap.ShopAction.calculateLoyaltyPointValue is PASSED

2018-10-16 22:38:40 - [MESSAGE][PASSED] - beautytap.ShopAction.calculateLoyaltyPointValue is PASSED

2018-10-16 22:38:40 - [TEST_STEP][PASSED] - beautytap.ShopAction.VerifyRewardPointsDetails: Keyword VerifyRewardPoints is Passed

2018-10-16 22:38:40 - [MESSAGE][PASSED] - Text of object '' is: '661.80'

2018-10-16 22:38:40 - [MESSAGE][PASSED] - Text of object '' is: '286.20'

2018-10-16 22:38:40 - [MESSAGE][PASSED] - Text of object '' is: '481.80'

2018-10-16 22:38:40 - [MESSAGE][PASSED] - Text of object '' is: '$17.00'

2018-10-16 22:38:40 - [MESSAGE][PASSED] - Keyword VerifyRewardPoints is Passed

2018-10-16 22:38:40 - [TEST_STEP][PASSED] - beautytap.ShopAction.VerifyRewardHistory: Keyword VerifyRewardHistory is Passed

2018-10-16 22:38:40 - [MESSAGE][PASSED] - Object '' is present

2018-10-16 22:38:40 - [MESSAGE][PASSED] - Text of object '' is: '60'

2018-10-16 22:38:40 - [MESSAGE][PASSED] - Text of object '' is: '60'

2018-10-16 22:38:40 - [MESSAGE][PASSED] - Text of object '' is: '$93.40'

2018-10-16 22:38:40 - [MESSAGE][PASSED] - Text of object '' is: '1'

2018-10-16 22:38:40 - [MESSAGE][PASSED] - Text of object '' is: '93.40'

2018-10-16 22:38:41 - [MESSAGE][PASSED] - Text of object '' is: '481.80'

2018-10-16 22:38:41 - [MESSAGE][PASSED] - Keyword VerifyRewardHistory is Passed

2018-10-16 22:38:41 - [TEST_STEP][PASSED] - beautytap.GeneralAction.logout: beautytap.GeneralAction.logout is PASSED

2018-10-16 22:38:41 - [MESSAGE][PASSED] - Object: 'Object Repository/Page_General/link_avatar' is clicked on

2018-10-16 22:38:41 - [MESSAGE][PASSED] - Object 'Object Repository/Page_General/menu_logout' is present

2018-10-16 22:38:42 - [MESSAGE][PASSED] - Object: 'Object Repository/Page_General/menu_logout' is clicked on

2018-10-16 22:38:42 - [MESSAGE][PASSED] - Wait for page load successfully

2018-10-16 22:38:42 - [MESSAGE][PASSED] - Browser is closed

2018-10-16 22:38:42 - [MESSAGE][PASSED] - beautytap.GeneralAction.logout is PASSED]]></system-out>
         <system-err><![CDATA[]]></system-err>
      </testcase>
      <testcase name="Test Cases/Shop/TC03_Search_SimpleProduct_Sale_Creditcard_LessThan60_Normal" classname="Test Cases/Shop/TC03_Search_SimpleProduct_Sale_Creditcard_LessThan60_Normal" status="PASSED">
         <system-out><![CDATA[2018-10-16 22:38:45 - [TEST_CASE][PASSED] - Test Cases/Shop/TC03_Search_SimpleProduct_Sale_Creditcard_LessThan60_Normal: Test Cases/Shop/TC03_Search_SimpleProduct_Sale_Creditcard_LessThan60_Normal

2018-10-16 22:38:45 - [TEST_STEP][PASSED] - Statement - productName = SIMPLE_SALE_PRODUCT: null

2018-10-16 22:38:45 - [TEST_STEP][PASSED] - Statement - saleprice = SIMPLE_SALE_PRICE: null

2018-10-16 22:38:45 - [TEST_STEP][PASSED] - Statement - regularprice = SIMPLE_SALE_REGULAR_PRICE: null

2018-10-16 22:38:45 - [TEST_STEP][PASSED] - Statement - r_string = new java.lang.Math().random().toString().substring(2, 8): null

2018-10-16 22:38:45 - [TEST_STEP][PASSED] - Statement - email = "auto" + r_string + "@mailinator.com": null

2018-10-16 22:38:45 - [TEST_STEP][PASSED] - Statement - orderNote = "auto" + r_string + "Order": null

2018-10-16 22:38:45 - [TEST_STEP][PASSED] - Statement - currentNumberItemInCart = <not implemented yet for class: org.codehaus.groovy.ast.expr.EmptyExpression>: null

2018-10-16 22:38:45 - [TEST_STEP][PASSED] - Statement - quantity = 1: null

2018-10-16 22:38:45 - [TEST_STEP][PASSED] - Statement - subtotal = CustomKeywords.beautytap.ShopAction.calculateTotal(quantity, saleprice): beautytap.ShopAction.calculateTotal is PASSED

2018-10-16 22:38:45 - [MESSAGE][PASSED] - beautytap.ShopAction.calculateTotal is PASSED

2018-10-16 22:38:45 - [TEST_STEP][PASSED] - Statement - total = subtotal + SHIPPING_PRICE: null

2018-10-16 22:38:45 - [TEST_STEP][PASSED] - Statement - total = CustomKeywords.beautytap.ShopAction.calculateTotal(1, total): beautytap.ShopAction.calculateTotal is PASSED

2018-10-16 22:38:45 - [MESSAGE][PASSED] - beautytap.ShopAction.calculateTotal is PASSED

2018-10-16 22:38:45 - [TEST_STEP][PASSED] - Statement - products = new org.json.JSONArray((((((([{"productname":" + productName) + ","variation":"","quantity":") + quantity) + ","price":") + saleprice) + "}])): null

2018-10-16 22:38:45 - [TEST_STEP][PASSED] - Statement - billingInformation = new org.json.JSONObject((({"firstname":"Test","lastname":"Automation","country":"United States (US)","address":"123 Testing","city":"New York","state":"New York","zip":"90012","email":" + email) + "})): null

2018-10-16 22:38:45 - [TEST_STEP][PASSED] - Statement - shippingLabel = SHIPPING_LABEL: null

2018-10-16 22:38:45 - [TEST_STEP][PASSED] - Statement - shippingPrice = SHIPPING_PRICE: null

2018-10-16 22:38:45 - [TEST_STEP][PASSED] - Statement - shippingType = "normal": null

2018-10-16 22:38:45 - [TEST_STEP][PASSED] - Statement - paymentMethod = "Credit Card Payment": null

2018-10-16 22:38:45 - [TEST_STEP][PASSED] - beautytap.GeneralAction.openBeautytap: beautytap.GeneralAction.openBeautytap is PASSED

2018-10-16 22:38:57 - [MESSAGE][PASSED] - Browser is opened with url: 'https://staging.beautytap.com'

2018-10-16 22:38:58 - [MESSAGE][PASSED] - Current window maximized

2018-10-16 22:39:05 - [MESSAGE][PASSED] - Refresh successfully

2018-10-16 22:39:05 - [MESSAGE][PASSED] - Wait for page load successfully

2018-10-16 22:39:05 - [MESSAGE][PASSED] - beautytap.GeneralAction.openBeautytap is PASSED

2018-10-16 22:39:05 - [TEST_STEP][PASSED] - beautytap.ShopAction.globalSearch: beautytap.ShopAction.globalSearch is PASSED

2018-10-16 22:39:05 - [MESSAGE][PASSED] - Object: 'Object Repository/Page_General/icon_search' is clicked on

2018-10-16 22:39:10 - [MESSAGE][PASSED] - Delayed 5 second(s)

2018-10-16 22:39:10 - [MESSAGE][PASSED] - Text of object 'Object Repository/Page_General/txt_search' is cleared

2018-10-16 22:39:10 - [MESSAGE][PASSED] - Keys 'CONTROL + v' sent to object: 'Object Repository/Page_General/txt_search'

2018-10-16 22:39:15 - [MESSAGE][PASSED] - Delayed 5 second(s)

2018-10-16 22:39:15 - [MESSAGE][PASSED] - beautytap.ShopAction.globalSearch is PASSED

2018-10-16 22:39:15 - [TEST_STEP][PASSED] - beautytap.ShopAction.VerifyProductOnSearchResult: beautytap.ShopAction.VerifyProductOnSearchResult is PASSED

2018-10-16 22:39:15 - [MESSAGE][PASSED] - beautytap.ShopAction.VerifyProductOnSearchResult is PASSED

2018-10-16 22:39:15 - [TEST_STEP][PASSED] - beautytap.ShopAction.selectSearchResult: beautytap.ShopAction.selectSearchResult is PASSED

2018-10-16 22:39:15 - [MESSAGE][PASSED] - Text of object '' is: 'Innisfree Perfect UV Protection Cream SPF50+/PA+++ (Long-Lasting For Oily Skin) 50ml'

2018-10-16 22:39:15 - [MESSAGE][PASSED] - Object '' is present

2018-10-16 22:39:19 - [MESSAGE][PASSED] - Object: '' is clicked on

2018-10-16 22:39:19 - [MESSAGE][PASSED] - Wait for page load successfully

2018-10-16 22:39:19 - [MESSAGE][PASSED] - beautytap.ShopAction.selectSearchResult is PASSED

2018-10-16 22:39:19 - [TEST_STEP][PASSED] - beautytap.ShopAction.VerifyProductDetails: Keyword VerifyProductDetails is Passed

2018-10-16 22:39:20 - [MESSAGE][PASSED] - Text of object '' is: 'Innisfree Perfect UV Protection Cream SPF50+/PA+++ (Long-Lasting For Oily Skin) 50ml'

2018-10-16 22:39:20 - [MESSAGE][PASSED] - Text of object '' is: '$12.50'

2018-10-16 22:39:20 - [MESSAGE][PASSED] - Get CSS 'color' value on '' successfully: 'rgba(195, 195, 195, 1)'.

2018-10-16 22:39:20 - [MESSAGE][PASSED] - Text of object '' is: '$11.99'

2018-10-16 22:39:20 - [MESSAGE][PASSED] - Get CSS 'color' value on '' successfully: 'rgba(255, 35, 134, 1)'.

2018-10-16 22:39:20 - [MESSAGE][PASSED] - Keyword VerifyProductDetails is Passed

2018-10-16 22:39:20 - [TEST_STEP][PASSED] - Statement - currentNumberItemInCart = CustomKeywords.beautytap.ShopAction.getNumberItemInCart(): beautytap.ShopAction.getNumberItemInCart is PASSED

2018-10-16 22:39:25 - [MESSAGE][WARNING] - com.kms.katalon.core.webui.exception.WebElementNotFoundException: Web element with id: '' located by 'By.xpath: //div[@class='header-right-top pull-right']/a[@class='shop-cart']/span[@class='number-cart']' not found
[[ATTACHMENT|E:\\BeautytapAutomation\\beautytapAuto\\Beautytap\\Reports\\Regression\\20181016_213725\\1539704365502.png]]

2018-10-16 22:39:25 - [MESSAGE][PASSED] - beautytap.ShopAction.getNumberItemInCart is PASSED

2018-10-16 22:39:25 - [TEST_STEP][PASSED] - beautytap.ShopAction.addProductToCart: beautytap.ShopAction.addProductToCart is PASSED

2018-10-16 22:39:25 - [MESSAGE][PASSED] - Text of object 'Object Repository/Page_Shop/txt_quantity' is cleared

2018-10-16 22:39:26 - [MESSAGE][PASSED] - Keys '1' sent to object: 'Object Repository/Page_Shop/txt_quantity'

2018-10-16 22:39:26 - [MESSAGE][PASSED] - Object: 'Object Repository/Page_Shop/btn_addToCart' is clicked on

2018-10-16 22:39:26 - [MESSAGE][PASSED] - Wait for page load successfully

2018-10-16 22:39:30 - [MESSAGE][PASSED] - Object 'Object Repository/Page_Shop/lbl_message' is present

2018-10-16 22:39:35 - [MESSAGE][PASSED] - Delayed 5 second(s)

2018-10-16 22:39:35 - [MESSAGE][PASSED] - beautytap.ShopAction.addProductToCart is PASSED

2018-10-16 22:39:35 - [TEST_STEP][PASSED] - beautytap.ShopAction.VerifyNumberItemInCart: Keyword VerifyNumberItemInCart is Passed, Number item in cart is 1, expected is 1

2018-10-16 22:39:35 - [MESSAGE][PASSED] - Object '' is present

2018-10-16 22:39:35 - [MESSAGE][PASSED] - Text of object '' is: '1'

2018-10-16 22:39:35 - [MESSAGE][PASSED] - Keyword VerifyNumberItemInCart is Passed, Number item in cart is 1, expected is 1

2018-10-16 22:39:35 - [TEST_STEP][PASSED] - beautytap.ShopAction.VerifyProductIsAddedToCart: beautytap.ShopAction.VerifyProductIsAddedToCart is PASSED

2018-10-16 22:40:07 - [MESSAGE][WARNING] - com.kms.katalon.core.webui.exception.WebElementNotFoundException: Web element with id: '' located by 'By.xpath: //div[@class='woocommerce-message' and contains(text(),'Innisfree Perfect UV Protection Cream SPF50+/PA+++ (Long-Lasting For Oily Skin) 50ml” have been added to your cart.')]' not found
[[ATTACHMENT|E:\\BeautytapAutomation\\beautytapAuto\\Beautytap\\Reports\\Regression\\20181016_213725\\1539704406726.png]]

2018-10-16 22:40:07 - [MESSAGE][PASSED] - beautytap.ShopAction.VerifyProductIsAddedToCart is PASSED

2018-10-16 22:40:07 - [TEST_STEP][PASSED] - beautytap.ShopAction.goToCart: beautytap.ShopAction.goToCart is PASSED

2018-10-16 22:40:07 - [MESSAGE][PASSED] - Object 'Object Repository/Page_General/icon_cart' is present

2018-10-16 22:40:12 - [MESSAGE][PASSED] - Object: 'Object Repository/Page_General/icon_cart' is clicked on

2018-10-16 22:40:12 - [MESSAGE][PASSED] - Wait for page load successfully

2018-10-16 22:40:12 - [MESSAGE][PASSED] - beautytap.ShopAction.goToCart is PASSED

2018-10-16 22:40:12 - [TEST_STEP][PASSED] - beautytap.ShopAction.VerifyProductInCart: Keyword VerifyProductInCart is Passed

2018-10-16 22:40:12 - [MESSAGE][PASSED] - Object '' is present

2018-10-16 22:40:12 - [MESSAGE][PASSED] - Object '' is present

2018-10-16 22:40:12 - [MESSAGE][PASSED] - Text of object '' is: '$11.99'

2018-10-16 22:40:12 - [MESSAGE][PASSED] - Attribute 'value' of object '' is: '1'

2018-10-16 22:40:12 - [MESSAGE][PASSED] - Text of object '' is: '$11.99'

2018-10-16 22:40:12 - [MESSAGE][PASSED] - Keyword VerifyProductInCart is Passed

2018-10-16 22:40:12 - [TEST_STEP][PASSED] - beautytap.ShopAction.processToCheckout: beautytap.ShopAction.processToCheckout is PASSED

2018-10-16 22:40:17 - [MESSAGE][PASSED] - Object: 'Object Repository/Page_Cart/btn_checkout' is clicked on

2018-10-16 22:40:17 - [MESSAGE][PASSED] - Wait for page load successfully

2018-10-16 22:40:17 - [MESSAGE][PASSED] - beautytap.ShopAction.processToCheckout is PASSED

2018-10-16 22:40:17 - [TEST_STEP][PASSED] - beautytap.ShopAction.fillCustomerInformation: beautytap.ShopAction.fillCustomerInformation is PASSED

2018-10-16 22:40:17 - [MESSAGE][PASSED] - Text of object 'Object Repository/Page_Checkout/txt_billingFirstName' is cleared

2018-10-16 22:40:18 - [MESSAGE][PASSED] - Keys 'Test' sent to object: 'Object Repository/Page_Checkout/txt_billingFirstName'

2018-10-16 22:40:18 - [MESSAGE][PASSED] - Text of object 'Object Repository/Page_Checkout/txt_billingLastName' is cleared

2018-10-16 22:40:18 - [MESSAGE][PASSED] - Keys 'Automation' sent to object: 'Object Repository/Page_Checkout/txt_billingLastName'

2018-10-16 22:40:19 - [MESSAGE][PASSED] - All options with label 'United States (US)' are selected in object 'Object Repository/Page_Checkout/drop_billingCountry' 

2018-10-16 22:40:24 - [MESSAGE][PASSED] - Delayed 5 second(s)

2018-10-16 22:40:24 - [MESSAGE][PASSED] - Text of object 'Object Repository/Page_Checkout/txt_billingAddress' is cleared

2018-10-16 22:40:24 - [MESSAGE][PASSED] - Keys '123 Testing' sent to object: 'Object Repository/Page_Checkout/txt_billingAddress'

2018-10-16 22:40:24 - [MESSAGE][PASSED] - Text of object 'Object Repository/Page_Checkout/txt_billingCity' is cleared

2018-10-16 22:40:25 - [MESSAGE][PASSED] - Keys 'New York' sent to object: 'Object Repository/Page_Checkout/txt_billingCity'

2018-10-16 22:40:25 - [MESSAGE][PASSED] - All options with label 'New York' are selected in object 'Object Repository/Page_Checkout/drop_billingState' 

2018-10-16 22:40:25 - [MESSAGE][PASSED] - Text of object 'Object Repository/Page_Checkout/txt_billingZip' is cleared

2018-10-16 22:40:25 - [MESSAGE][PASSED] - Keys '90012' sent to object: 'Object Repository/Page_Checkout/txt_billingZip'

2018-10-16 22:40:25 - [MESSAGE][PASSED] - Text of object 'Object Repository/Page_Checkout/txt_billingEmail' is cleared

2018-10-16 22:40:26 - [MESSAGE][PASSED] - Keys 'auto256995@mailinator.com' sent to object: 'Object Repository/Page_Checkout/txt_billingEmail'

2018-10-16 22:40:26 - [MESSAGE][PASSED] - Object 'Object Repository/Page_Checkout/chk_shipToDifferentAddress' is un-checked

2018-10-16 22:40:26 - [MESSAGE][PASSED] - Text of object 'Object Repository/Page_Checkout/txt_orderNote' is cleared

2018-10-16 22:40:27 - [MESSAGE][PASSED] - Keys 'auto256995Order' sent to object: 'Object Repository/Page_Checkout/txt_orderNote'

2018-10-16 22:40:27 - [MESSAGE][PASSED] - Object 'Object Repository/Page_Checkout/radio_creditCard' is checked

2018-10-16 22:40:32 - [MESSAGE][PASSED] - Delayed 5 second(s)

2018-10-16 22:40:32 - [MESSAGE][PASSED] - beautytap.ShopAction.fillCustomerInformation is PASSED

2018-10-16 22:40:32 - [TEST_STEP][PASSED] - beautytap.ShopAction.VerifyOrderDetailsOnCheckout: Keyword VerifyOrderDetailsOnCheckout is Passed

2018-10-16 22:40:32 - [MESSAGE][PASSED] - Object '' is present

2018-10-16 22:40:32 - [MESSAGE][PASSED] - Text of object '' is: '$11.99'

2018-10-16 22:40:32 - [MESSAGE][PASSED] - Text of object '' is: 'Spend $58.01 more & get FREE SHIPPING!
($25) - DHL flat rate shipping: $25.00
Why does shipping take this long?'

2018-10-16 22:40:32 - [MESSAGE][PASSED] - Text of object '' is: '$25.00'

2018-10-16 22:40:32 - [MESSAGE][PASSED] - Text of object '' is: '$36.99'

2018-10-16 22:40:32 - [MESSAGE][PASSED] - Keyword VerifyOrderDetailsOnCheckout is Passed

2018-10-16 22:40:32 - [TEST_STEP][PASSED] - beautytap.ShopAction.checkoutViaCreditCard: beautytap.ShopAction.checkoutViaCreditCard is PASSED

2018-10-16 22:40:32 - [MESSAGE][PASSED] - Object 'Object Repository/Page_Checkout/radio_creditCard' is checked

2018-10-16 22:40:42 - [MESSAGE][PASSED] - Delayed 10 second(s)

2018-10-16 22:40:42 - [MESSAGE][PASSED] - Text of object 'Object Repository/Page_Checkout/txt_cardNumber' is cleared

2018-10-16 22:40:42 - [MESSAGE][PASSED] - Keys '4032036248443549' sent to object: 'Object Repository/Page_Checkout/txt_cardNumber'

2018-10-16 22:40:43 - [MESSAGE][PASSED] - All options with label 'Visa' are selected in object 'Object Repository/Page_Checkout/drop_cardType' 

2018-10-16 22:40:43 - [MESSAGE][PASSED] - All options with label '07' are selected in object 'Object Repository/Page_Checkout/drop_expirationMonth' 

2018-10-16 22:40:43 - [MESSAGE][PASSED] - All options with label '2023' are selected in object 'Object Repository/Page_Checkout/drop_expirationYear' 

2018-10-16 22:40:43 - [MESSAGE][PASSED] - Text of object 'Object Repository/Page_Checkout/txt_cardCVV' is cleared

2018-10-16 22:40:43 - [MESSAGE][PASSED] - Keys '123' sent to object: 'Object Repository/Page_Checkout/txt_cardCVV'

2018-10-16 22:40:43 - [MESSAGE][PASSED] - Object 'Object Repository/Page_Checkout/chk_terms' is checked

2018-10-16 22:40:44 - [MESSAGE][PASSED] - Object: 'Object Repository/Page_Checkout/btn_placeOrder' is clicked on

2018-10-16 22:40:58 - [MESSAGE][PASSED] - Object 'Object Repository/Page_Checkout/lbl_orderReceived' is present

2018-10-16 22:40:58 - [MESSAGE][PASSED] - beautytap.ShopAction.checkoutViaCreditCard is PASSED

2018-10-16 22:40:58 - [TEST_STEP][PASSED] - beautytap.ShopAction.VerifyOrderReceivedDetails: Keyword VerifyOrderReceivedDetails is Passed

2018-10-16 22:40:58 - [MESSAGE][PASSED] - Object '' is present

2018-10-16 22:40:58 - [MESSAGE][PASSED] - Text of object '' is: '$11.99'

2018-10-16 22:40:58 - [MESSAGE][PASSED] - Text of object '' is: '$25.00 via ($25) - DHL flat rate shipping'

2018-10-16 22:40:58 - [MESSAGE][PASSED] - Object '' is present

2018-10-16 22:40:58 - [MESSAGE][PASSED] - Text of object '' is: '$25.00'

2018-10-16 22:40:58 - [MESSAGE][PASSED] - Text of object '' is: 'Credit Card Payment'

2018-10-16 22:40:58 - [MESSAGE][PASSED] - Text of object '' is: '$36.99'

2018-10-16 22:40:58 - [MESSAGE][PASSED] - Keyword VerifyOrderReceivedDetails is Passed

2018-10-16 22:40:58 - [TEST_STEP][PASSED] - closeBrowser: Browser is closed

2018-10-16 22:40:59 - [MESSAGE][PASSED] - Browser is closed]]></system-out>
         <system-err><![CDATA[]]></system-err>
      </testcase>
      <testcase name="Test Cases/Shop/TC04_Search_VariationProduct_NotSale_AmazonPay_GreaterThan200" classname="Test Cases/Shop/TC04_Search_VariationProduct_NotSale_AmazonPay_GreaterThan200" status="PASSED">
         <system-out><![CDATA[2018-10-16 22:41:01 - [TEST_CASE][PASSED] - Test Cases/Shop/TC04_Search_VariationProduct_NotSale_AmazonPay_GreaterThan200: Test Cases/Shop/TC04_Search_VariationProduct_NotSale_AmazonPay_GreaterThan200

2018-10-16 22:41:02 - [TEST_STEP][PASSED] - Statement - productName = VARIATION_PRODUCT: null

2018-10-16 22:41:02 - [TEST_STEP][PASSED] - Statement - price = VARIATION_PRICE1: null

2018-10-16 22:41:02 - [TEST_STEP][PASSED] - Statement - variation = VARIATION_NAME1: null

2018-10-16 22:41:02 - [TEST_STEP][PASSED] - Statement - r_string = new java.lang.Math().random().toString().substring(2, 8): null

2018-10-16 22:41:02 - [TEST_STEP][PASSED] - Statement - email = "auto" + r_string + "@mailinator.com": null

2018-10-16 22:41:02 - [TEST_STEP][PASSED] - Statement - orderNote = "auto" + r_string + "Order": null

2018-10-16 22:41:02 - [TEST_STEP][PASSED] - Statement - currentNumberItemInCart = <not implemented yet for class: org.codehaus.groovy.ast.expr.EmptyExpression>: null

2018-10-16 22:41:02 - [TEST_STEP][PASSED] - Statement - quantity = 8: null

2018-10-16 22:41:02 - [TEST_STEP][PASSED] - Statement - subtotal = CustomKeywords.beautytap.ShopAction.calculateTotal(quantity, price): beautytap.ShopAction.calculateTotal is PASSED

2018-10-16 22:41:02 - [MESSAGE][PASSED] - beautytap.ShopAction.calculateTotal is PASSED

2018-10-16 22:41:02 - [TEST_STEP][PASSED] - Statement - total = subtotal: null

2018-10-16 22:41:02 - [TEST_STEP][PASSED] - Statement - total = CustomKeywords.beautytap.ShopAction.calculateTotal(1, total): beautytap.ShopAction.calculateTotal is PASSED

2018-10-16 22:41:02 - [MESSAGE][PASSED] - beautytap.ShopAction.calculateTotal is PASSED

2018-10-16 22:41:02 - [TEST_STEP][PASSED] - Statement - products = new org.json.JSONArray((((((((([{"productname":" + productName) + ","variation":") + variation) + ","quantity":") + quantity) + ","price":") + price) + "}])): null

2018-10-16 22:41:02 - [TEST_STEP][PASSED] - Statement - shippingLabel = FREE_EMS_SHIPPING_LABEL: null

2018-10-16 22:41:02 - [TEST_STEP][PASSED] - Statement - shippingPrice = 0: null

2018-10-16 22:41:02 - [TEST_STEP][PASSED] - Statement - shippingType = "freeEMS": null

2018-10-16 22:41:02 - [TEST_STEP][PASSED] - Statement - paymentMethod = "Amazon Pay": null

2018-10-16 22:41:02 - [TEST_STEP][PASSED] - Statement - amazonAddress = "Trang N. CMT8 Floor 9th, Hochiminh, 3, 700000, Vietnam": null

2018-10-16 22:41:02 - [TEST_STEP][PASSED] - beautytap.GeneralAction.openBeautytap: beautytap.GeneralAction.openBeautytap is PASSED

2018-10-16 22:41:14 - [MESSAGE][PASSED] - Browser is opened with url: 'https://staging.beautytap.com'

2018-10-16 22:41:15 - [MESSAGE][PASSED] - Current window maximized

2018-10-16 22:41:22 - [MESSAGE][PASSED] - Refresh successfully

2018-10-16 22:41:22 - [MESSAGE][PASSED] - Wait for page load successfully

2018-10-16 22:41:22 - [MESSAGE][PASSED] - beautytap.GeneralAction.openBeautytap is PASSED

2018-10-16 22:41:22 - [TEST_STEP][PASSED] - beautytap.ShopAction.globalSearch: beautytap.ShopAction.globalSearch is PASSED

2018-10-16 22:41:22 - [MESSAGE][PASSED] - Object: 'Object Repository/Page_General/icon_search' is clicked on

2018-10-16 22:41:27 - [MESSAGE][PASSED] - Delayed 5 second(s)

2018-10-16 22:41:27 - [MESSAGE][PASSED] - Text of object 'Object Repository/Page_General/txt_search' is cleared

2018-10-16 22:41:27 - [MESSAGE][PASSED] - Keys 'CONTROL + v' sent to object: 'Object Repository/Page_General/txt_search'

2018-10-16 22:41:32 - [MESSAGE][PASSED] - Delayed 5 second(s)

2018-10-16 22:41:32 - [MESSAGE][PASSED] - beautytap.ShopAction.globalSearch is PASSED

2018-10-16 22:41:32 - [TEST_STEP][PASSED] - beautytap.ShopAction.VerifyProductOnSearchResult: beautytap.ShopAction.VerifyProductOnSearchResult is PASSED

2018-10-16 22:41:32 - [MESSAGE][PASSED] - beautytap.ShopAction.VerifyProductOnSearchResult is PASSED

2018-10-16 22:41:32 - [TEST_STEP][PASSED] - beautytap.ShopAction.selectSearchResult: beautytap.ShopAction.selectSearchResult is PASSED

2018-10-16 22:41:32 - [MESSAGE][PASSED] - Text of object '' is: 'MeloMELI Unicorn Heart Lake Cushion — 2 Choices'

2018-10-16 22:41:33 - [MESSAGE][PASSED] - Object '' is present

2018-10-16 22:41:37 - [MESSAGE][PASSED] - Object: '' is clicked on

2018-10-16 22:41:37 - [MESSAGE][PASSED] - Wait for page load successfully

2018-10-16 22:41:37 - [MESSAGE][PASSED] - beautytap.ShopAction.selectSearchResult is PASSED

2018-10-16 22:41:37 - [TEST_STEP][PASSED] - beautytap.ShopAction.selectProductVariation: beautytap.ShopAction.selectProductVariation is PASSED

2018-10-16 22:41:38 - [MESSAGE][PASSED] - Object: 'Object Repository/Page_Shop/drop_chooseOption' is clicked on

2018-10-16 22:41:39 - [MESSAGE][PASSED] - Delayed 1 second(s)

2018-10-16 22:41:39 - [MESSAGE][PASSED] - Object: '' is clicked on

2018-10-16 22:41:39 - [MESSAGE][PASSED] - beautytap.ShopAction.selectProductVariation is PASSED

2018-10-16 22:41:39 - [TEST_STEP][PASSED] - beautytap.ShopAction.VerifyProductDetails: Keyword VerifyProductDetails is Passed

2018-10-16 22:41:39 - [MESSAGE][PASSED] - Text of object '' is: 'MeloMELI Unicorn Heart Lake Cushion — 2 Choices'

2018-10-16 22:41:40 - [MESSAGE][PASSED] - All options with label 'Vanilla Beige' are selected in object 'Object Repository/Page_Shop/drop_chooseOption' 

2018-10-16 22:41:40 - [MESSAGE][PASSED] - Text of object '' is: '$26.70'

2018-10-16 22:41:40 - [MESSAGE][PASSED] - Get CSS 'color' value on '' successfully: 'rgba(255, 35, 134, 1)'.

2018-10-16 22:41:40 - [MESSAGE][PASSED] - Keyword VerifyProductDetails is Passed

2018-10-16 22:41:40 - [TEST_STEP][PASSED] - Statement - currentNumberItemInCart = CustomKeywords.beautytap.ShopAction.getNumberItemInCart(): beautytap.ShopAction.getNumberItemInCart is PASSED

2018-10-16 22:41:45 - [MESSAGE][WARNING] - com.kms.katalon.core.webui.exception.WebElementNotFoundException: Web element with id: '' located by 'By.xpath: //div[@class='header-right-top pull-right']/a[@class='shop-cart']/span[@class='number-cart']' not found
[[ATTACHMENT|E:\\BeautytapAutomation\\beautytapAuto\\Beautytap\\Reports\\Regression\\20181016_213725\\1539704505701.png]]

2018-10-16 22:41:45 - [MESSAGE][PASSED] - beautytap.ShopAction.getNumberItemInCart is PASSED

2018-10-16 22:41:45 - [TEST_STEP][PASSED] - beautytap.ShopAction.addProductToCart: beautytap.ShopAction.addProductToCart is PASSED

2018-10-16 22:41:46 - [MESSAGE][PASSED] - Text of object 'Object Repository/Page_Shop/txt_quantity' is cleared

2018-10-16 22:41:46 - [MESSAGE][PASSED] - Keys '8' sent to object: 'Object Repository/Page_Shop/txt_quantity'

2018-10-16 22:41:46 - [MESSAGE][PASSED] - Object: 'Object Repository/Page_Shop/btn_addToCart' is clicked on

2018-10-16 22:41:46 - [MESSAGE][PASSED] - Wait for page load successfully

2018-10-16 22:41:51 - [MESSAGE][PASSED] - Object 'Object Repository/Page_Shop/lbl_message' is present

2018-10-16 22:41:56 - [MESSAGE][PASSED] - Delayed 5 second(s)

2018-10-16 22:41:56 - [MESSAGE][PASSED] - beautytap.ShopAction.addProductToCart is PASSED

2018-10-16 22:41:56 - [TEST_STEP][PASSED] - beautytap.ShopAction.VerifyNumberItemInCart: Keyword VerifyNumberItemInCart is Passed, Number item in cart is 8, expected is 8

2018-10-16 22:41:57 - [MESSAGE][PASSED] - Object '' is present

2018-10-16 22:41:57 - [MESSAGE][PASSED] - Text of object '' is: '8'

2018-10-16 22:41:57 - [MESSAGE][PASSED] - Keyword VerifyNumberItemInCart is Passed, Number item in cart is 8, expected is 8

2018-10-16 22:41:57 - [TEST_STEP][PASSED] - beautytap.ShopAction.VerifyProductIsAddedToCart: beautytap.ShopAction.VerifyProductIsAddedToCart is PASSED

2018-10-16 22:41:57 - [MESSAGE][PASSED] - Object '' is present

2018-10-16 22:41:57 - [MESSAGE][PASSED] - beautytap.ShopAction.VerifyProductIsAddedToCart is PASSED

2018-10-16 22:41:57 - [TEST_STEP][PASSED] - beautytap.ShopAction.goToCart: beautytap.ShopAction.goToCart is PASSED

2018-10-16 22:41:57 - [MESSAGE][PASSED] - Object 'Object Repository/Page_General/icon_cart' is present

2018-10-16 22:42:02 - [MESSAGE][PASSED] - Object: 'Object Repository/Page_General/icon_cart' is clicked on

2018-10-16 22:42:02 - [MESSAGE][PASSED] - Wait for page load successfully

2018-10-16 22:42:02 - [MESSAGE][PASSED] - beautytap.ShopAction.goToCart is PASSED

2018-10-16 22:42:02 - [TEST_STEP][PASSED] - beautytap.ShopAction.VerifyProductInCart: Keyword VerifyProductInCart is Passed

2018-10-16 22:42:02 - [MESSAGE][PASSED] - Object '' is present

2018-10-16 22:42:02 - [MESSAGE][PASSED] - Object '' is present

2018-10-16 22:42:02 - [MESSAGE][PASSED] - Text of object '' is: '$26.70'

2018-10-16 22:42:02 - [MESSAGE][PASSED] - Attribute 'value' of object '' is: '8'

2018-10-16 22:42:02 - [MESSAGE][PASSED] - Text of object '' is: '$213.60'

2018-10-16 22:42:02 - [MESSAGE][PASSED] - Keyword VerifyProductInCart is Passed

2018-10-16 22:42:02 - [TEST_STEP][PASSED] - beautytap.ShopAction.processToCheckout: beautytap.ShopAction.processToCheckout is PASSED

2018-10-16 22:42:06 - [MESSAGE][PASSED] - Object: 'Object Repository/Page_Cart/btn_checkout' is clicked on

2018-10-16 22:42:06 - [MESSAGE][PASSED] - Wait for page load successfully

2018-10-16 22:42:06 - [MESSAGE][PASSED] - beautytap.ShopAction.processToCheckout is PASSED

2018-10-16 22:42:06 - [TEST_STEP][PASSED] - beautytap.ShopAction.loginAmazonPay: beautytap.ShopAction.loginAmazonPay is PASSED

2018-10-16 22:42:07 - [MESSAGE][PASSED] - Object: 'Object Repository/Page_Checkout/btn_amazonPay' is clicked on

2018-10-16 22:42:07 - [MESSAGE][PASSED] - Switched to window with index: '1'

2018-10-16 22:42:08 - [MESSAGE][PASSED] - Object 'Object Repository/Popup_Amazon/txt_email' is present

2018-10-16 22:42:08 - [MESSAGE][PASSED] - Text of object 'Object Repository/Popup_Amazon/txt_email' is cleared

2018-10-16 22:42:09 - [MESSAGE][PASSED] - Keys 'amazontest1503@yopmail.com' sent to object: 'Object Repository/Popup_Amazon/txt_email'

2018-10-16 22:42:09 - [MESSAGE][PASSED] - Text of object 'Object Repository/Popup_Amazon/txt_password' is cleared

2018-10-16 22:42:09 - [MESSAGE][PASSED] - Keys '123456' sent to object: 'Object Repository/Popup_Amazon/txt_password'

2018-10-16 22:42:12 - [MESSAGE][PASSED] - Object: 'Object Repository/Popup_Amazon/btn_signin' is clicked on

2018-10-16 22:42:12 - [MESSAGE][PASSED] - Switched to window with index: '0'

2018-10-16 22:42:42 - [MESSAGE][PASSED] - Delayed 30 second(s)

2018-10-16 22:42:42 - [MESSAGE][PASSED] - beautytap.ShopAction.loginAmazonPay is PASSED

2018-10-16 22:42:42 - [TEST_STEP][PASSED] - beautytap.ShopAction.selectAmazonPayAddress: beautytap.ShopAction.selectAmazonPayAddress is PASSED

2018-10-16 22:42:42 - [MESSAGE][PASSED] - Object '' is present

2018-10-16 22:42:42 - [MESSAGE][PASSED] - Text of object '' is: 'trang n. South La Brea Ave, Los Angeles, ca, 90016, United States'

2018-10-16 22:42:42 - [MESSAGE][PASSED] - Object '' is present

2018-10-16 22:42:42 - [MESSAGE][PASSED] - Text of object '' is: 'Trang N. CMT8 Floor 9th, toroto, 3, 70000, United States Minor Outlying Islands'

2018-10-16 22:42:42 - [MESSAGE][PASSED] - Object '' is present

2018-10-16 22:42:42 - [MESSAGE][PASSED] - Text of object '' is: 'Trang N. CMT8 Floor 9th, Hochiminh, 3, 700000, Vietnam'

2018-10-16 22:42:42 - [MESSAGE][PASSED] - Object: '' is clicked on

2018-10-16 22:42:47 - [MESSAGE][PASSED] - Delayed 5 second(s)

2018-10-16 22:42:47 - [MESSAGE][PASSED] - Switched to window with index: '0'

2018-10-16 22:42:47 - [MESSAGE][PASSED] - beautytap.ShopAction.selectAmazonPayAddress is PASSED

2018-10-16 22:42:47 - [TEST_STEP][PASSED] - beautytap.ShopAction.VerifyOrderDetailsOnCheckout: Keyword VerifyOrderDetailsOnCheckout is Passed

2018-10-16 22:42:47 - [MESSAGE][PASSED] - Object '' is present

2018-10-16 22:42:48 - [MESSAGE][PASSED] - Text of object '' is: '$213.60'

2018-10-16 22:42:48 - [MESSAGE][PASSED] - Text of object '' is: 'Free EMS shipping (over $200)
Why does shipping take this long?'

2018-10-16 22:42:48 - [MESSAGE][PASSED] - Text of object '' is: '$213.60'

2018-10-16 22:42:48 - [MESSAGE][PASSED] - Keyword VerifyOrderDetailsOnCheckout is Passed

2018-10-16 22:42:48 - [TEST_STEP][PASSED] - beautytap.ShopAction.checkoutViaAmazonPay: beautytap.ShopAction.checkoutViaAmazonPay is PASSED

2018-10-16 22:42:48 - [MESSAGE][PASSED] - Object 'Object Repository/Page_Checkout/chk_terms' is clickable

2018-10-16 22:42:48 - [MESSAGE][PASSED] - Object 'Object Repository/Page_Checkout/chk_terms' is checked

2018-10-16 22:42:48 - [MESSAGE][PASSED] - Object: 'Object Repository/Page_Checkout/btn_placeOrder' is clicked on

2018-10-16 22:43:02 - [MESSAGE][PASSED] - Object 'Object Repository/Page_Checkout/lbl_orderReceived' is present

2018-10-16 22:43:02 - [MESSAGE][PASSED] - beautytap.ShopAction.checkoutViaAmazonPay is PASSED

2018-10-16 22:43:02 - [TEST_STEP][PASSED] - beautytap.ShopAction.VerifyOrderReceivedDetails: Keyword VerifyOrderReceivedDetails is Passed

2018-10-16 22:43:02 - [MESSAGE][PASSED] - Object '' is present

2018-10-16 22:43:02 - [MESSAGE][PASSED] - Text of object '' is: '$213.60'

2018-10-16 22:43:02 - [MESSAGE][PASSED] - Text of object '' is: 'Free EMS shipping (over $200)'

2018-10-16 22:43:08 - [MESSAGE][WARNING] - com.kms.katalon.core.webui.exception.WebElementNotFoundException: Web element with id: '' located by 'By.xpath: //th[text()='Shipping:']/parent::tr/td/span' not found
[[ATTACHMENT|E:\\BeautytapAutomation\\beautytapAuto\\Beautytap\\Reports\\Regression\\20181016_213725\\1539704587842.png]]

2018-10-16 22:43:08 - [MESSAGE][PASSED] - Text of object '' is: 'Amazon Pay'

2018-10-16 22:43:08 - [MESSAGE][PASSED] - Text of object '' is: '$213.60'

2018-10-16 22:43:08 - [MESSAGE][PASSED] - Keyword VerifyOrderReceivedDetails is Passed

2018-10-16 22:43:08 - [TEST_STEP][PASSED] - closeBrowser: Browser is closed

2018-10-16 22:43:09 - [MESSAGE][PASSED] - Browser is closed]]></system-out>
         <system-err><![CDATA[]]></system-err>
      </testcase>
      <testcase name="Test Cases/Shop/TC05_Browse_SimpleProduct_NotSale_PayPal_GreaterThan60LessThan200" classname="Test Cases/Shop/TC05_Browse_SimpleProduct_NotSale_PayPal_GreaterThan60LessThan200" status="PASSED">
         <system-out><![CDATA[2018-10-16 22:43:11 - [TEST_CASE][PASSED] - Test Cases/Shop/TC05_Browse_SimpleProduct_NotSale_PayPal_GreaterThan60LessThan200: Test Cases/Shop/TC05_Browse_SimpleProduct_NotSale_PayPal_GreaterThan60LessThan200

2018-10-16 22:43:11 - [TEST_STEP][PASSED] - Statement - productName = SIMPLE_PRODUCT: null

2018-10-16 22:43:11 - [TEST_STEP][PASSED] - Statement - price = SIMPLE_PRODUCT_PRICE: null

2018-10-16 22:43:11 - [TEST_STEP][PASSED] - Statement - r_string = new java.lang.Math().random().toString().substring(2, 8): null

2018-10-16 22:43:11 - [TEST_STEP][PASSED] - Statement - email = "auto" + r_string + "@mailinator.com": null

2018-10-16 22:43:11 - [TEST_STEP][PASSED] - Statement - orderNote = "auto" + r_string + "Order": null

2018-10-16 22:43:11 - [TEST_STEP][PASSED] - Statement - currentNumberItemInCart = <not implemented yet for class: org.codehaus.groovy.ast.expr.EmptyExpression>: null

2018-10-16 22:43:11 - [TEST_STEP][PASSED] - Statement - quantity = 3: null

2018-10-16 22:43:11 - [TEST_STEP][PASSED] - Statement - subtotal = CustomKeywords.beautytap.ShopAction.calculateTotal(quantity, price): beautytap.ShopAction.calculateTotal is PASSED

2018-10-16 22:43:11 - [MESSAGE][PASSED] - beautytap.ShopAction.calculateTotal is PASSED

2018-10-16 22:43:11 - [TEST_STEP][PASSED] - Statement - total = subtotal: null

2018-10-16 22:43:11 - [TEST_STEP][PASSED] - Statement - total = CustomKeywords.beautytap.ShopAction.calculateTotal(1, total): beautytap.ShopAction.calculateTotal is PASSED

2018-10-16 22:43:11 - [MESSAGE][PASSED] - beautytap.ShopAction.calculateTotal is PASSED

2018-10-16 22:43:11 - [TEST_STEP][PASSED] - Statement - products = new org.json.JSONArray((((((([{"productname":" + productName) + ","variation":"","quantity":") + quantity) + ","price":") + price) + "}])): null

2018-10-16 22:43:11 - [TEST_STEP][PASSED] - Statement - billingInformation = new org.json.JSONObject((({"firstname":"Test","lastname":"Automation","country":"United States (US)","address":"123 Testing","city":"New York","state":"New York","zip":"90012","email":" + email) + "})): null

2018-10-16 22:43:11 - [TEST_STEP][PASSED] - Statement - shippingLabel = FREE_SHIPPING_LABEL: null

2018-10-16 22:43:11 - [TEST_STEP][PASSED] - Statement - shippingPrice = 0: null

2018-10-16 22:43:11 - [TEST_STEP][PASSED] - Statement - shippingType = "free": null

2018-10-16 22:43:11 - [TEST_STEP][PASSED] - Statement - paymentMethod = "PayPal": null

2018-10-16 22:43:11 - [TEST_STEP][PASSED] - Statement - category = "What's New": null

2018-10-16 22:43:11 - [TEST_STEP][PASSED] - beautytap.GeneralAction.openBeautytap: beautytap.GeneralAction.openBeautytap is PASSED

2018-10-16 22:43:23 - [MESSAGE][PASSED] - Browser is opened with url: 'https://staging.beautytap.com'

2018-10-16 22:43:24 - [MESSAGE][PASSED] - Current window maximized

2018-10-16 22:43:32 - [MESSAGE][PASSED] - Refresh successfully

2018-10-16 22:43:32 - [MESSAGE][PASSED] - Wait for page load successfully

2018-10-16 22:43:32 - [MESSAGE][PASSED] - beautytap.GeneralAction.openBeautytap is PASSED

2018-10-16 22:43:32 - [TEST_STEP][PASSED] - beautytap.ShopAction.selectCategory: beautytap.ShopAction.selectCategory is PASSED

2018-10-16 22:43:39 - [MESSAGE][PASSED] - Object: '' is clicked on

2018-10-16 22:43:39 - [MESSAGE][PASSED] - Wait for page load successfully

2018-10-16 22:43:39 - [MESSAGE][PASSED] - beautytap.ShopAction.selectCategory is PASSED

2018-10-16 22:43:39 - [TEST_STEP][PASSED] - beautytap.ShopAction.findProductOnProductList: beautytap.ShopAction.findProductOnProductList is PASSED

2018-10-16 22:43:39 - [MESSAGE][PASSED] - Text of object '' is: '82'

2018-10-16 22:43:45 - [MESSAGE][WARNING] - com.kms.katalon.core.webui.exception.WebElementNotFoundException: Web element with id: '' located by 'By.xpath: //a[text()='La Muse Correct Care Complete Cushion SPF50+/PA+++']' not found
[[ATTACHMENT|E:\\BeautytapAutomation\\beautytapAuto\\Beautytap\\Reports\\Regression\\20181016_213725\\1539704624983.png]]

2018-10-16 22:43:53 - [MESSAGE][PASSED] - Object: '' is clicked on

2018-10-16 22:43:53 - [MESSAGE][PASSED] - Wait for page load successfully

2018-10-16 22:43:53 - [MESSAGE][PASSED] - Object '' is present

2018-10-16 22:43:53 - [MESSAGE][PASSED] - beautytap.ShopAction.findProductOnProductList is PASSED

2018-10-16 22:43:53 - [TEST_STEP][PASSED] - beautytap.ShopAction.VerifyProductOnProductList: Keyword VerifyProductOnProductList is Passed

2018-10-16 22:43:53 - [MESSAGE][PASSED] - Object '' is present

2018-10-16 22:43:53 - [MESSAGE][PASSED] - Text of object '' is: '$31.80'

2018-10-16 22:43:53 - [MESSAGE][PASSED] - Get CSS 'color' value on '' successfully: 'rgba(255, 35, 134, 1)'.

2018-10-16 22:43:53 - [MESSAGE][PASSED] - Get CSS 'color' value on '' successfully: 'rgba(255, 35, 134, 1)'.

2018-10-16 22:43:53 - [MESSAGE][PASSED] - Keyword VerifyProductOnProductList is Passed

2018-10-16 22:43:53 - [TEST_STEP][PASSED] - beautytap.ShopAction.selectProductOnProductList: beautytap.ShopAction.selectProductOnProductList is PASSED

2018-10-16 22:43:58 - [MESSAGE][PASSED] - Object: '' is clicked on

2018-10-16 22:43:58 - [MESSAGE][PASSED] - Wait for page load successfully

2018-10-16 22:43:58 - [MESSAGE][PASSED] - beautytap.ShopAction.selectProductOnProductList is PASSED

2018-10-16 22:43:58 - [TEST_STEP][PASSED] - beautytap.ShopAction.VerifyProductDetails: Keyword VerifyProductDetails is Passed

2018-10-16 22:43:58 - [MESSAGE][PASSED] - Text of object '' is: 'La Muse Correct Care Complete Cushion SPF50+/PA+++'

2018-10-16 22:43:58 - [MESSAGE][PASSED] - Text of object '' is: '$31.80'

2018-10-16 22:43:58 - [MESSAGE][PASSED] - Get CSS 'color' value on '' successfully: 'rgba(255, 35, 134, 1)'.

2018-10-16 22:43:58 - [MESSAGE][PASSED] - Keyword VerifyProductDetails is Passed

2018-10-16 22:43:58 - [TEST_STEP][PASSED] - Statement - currentNumberItemInCart = CustomKeywords.beautytap.ShopAction.getNumberItemInCart(): beautytap.ShopAction.getNumberItemInCart is PASSED

2018-10-16 22:44:04 - [MESSAGE][WARNING] - com.kms.katalon.core.webui.exception.WebElementNotFoundException: Web element with id: '' located by 'By.xpath: //div[@class='header-right-top pull-right']/a[@class='shop-cart']/span[@class='number-cart']' not found
[[ATTACHMENT|E:\\BeautytapAutomation\\beautytapAuto\\Beautytap\\Reports\\Regression\\20181016_213725\\1539704644018.png]]

2018-10-16 22:44:04 - [MESSAGE][PASSED] - beautytap.ShopAction.getNumberItemInCart is PASSED

2018-10-16 22:44:04 - [TEST_STEP][PASSED] - beautytap.ShopAction.addProductToCart: beautytap.ShopAction.addProductToCart is PASSED

2018-10-16 22:44:04 - [MESSAGE][PASSED] - Text of object 'Object Repository/Page_Shop/txt_quantity' is cleared

2018-10-16 22:44:04 - [MESSAGE][PASSED] - Keys '3' sent to object: 'Object Repository/Page_Shop/txt_quantity'

2018-10-16 22:44:04 - [MESSAGE][PASSED] - Object: 'Object Repository/Page_Shop/btn_addToCart' is clicked on

2018-10-16 22:44:04 - [MESSAGE][PASSED] - Wait for page load successfully

2018-10-16 22:44:10 - [MESSAGE][PASSED] - Object 'Object Repository/Page_Shop/lbl_message' is present

2018-10-16 22:44:15 - [MESSAGE][PASSED] - Delayed 5 second(s)

2018-10-16 22:44:15 - [MESSAGE][PASSED] - beautytap.ShopAction.addProductToCart is PASSED

2018-10-16 22:44:15 - [TEST_STEP][PASSED] - beautytap.ShopAction.VerifyNumberItemInCart: Keyword VerifyNumberItemInCart is Passed, Number item in cart is 3, expected is 3

2018-10-16 22:44:15 - [MESSAGE][PASSED] - Object '' is present

2018-10-16 22:44:15 - [MESSAGE][PASSED] - Text of object '' is: '3'

2018-10-16 22:44:15 - [MESSAGE][PASSED] - Keyword VerifyNumberItemInCart is Passed, Number item in cart is 3, expected is 3

2018-10-16 22:44:15 - [TEST_STEP][PASSED] - beautytap.ShopAction.VerifyProductIsAddedToCart: beautytap.ShopAction.VerifyProductIsAddedToCart is PASSED

2018-10-16 22:44:15 - [MESSAGE][PASSED] - Object '' is present

2018-10-16 22:44:15 - [MESSAGE][PASSED] - beautytap.ShopAction.VerifyProductIsAddedToCart is PASSED

2018-10-16 22:44:15 - [TEST_STEP][PASSED] - beautytap.ShopAction.goToCart: beautytap.ShopAction.goToCart is PASSED

2018-10-16 22:44:15 - [MESSAGE][PASSED] - Object 'Object Repository/Page_General/icon_cart' is present

2018-10-16 22:44:20 - [MESSAGE][PASSED] - Object: 'Object Repository/Page_General/icon_cart' is clicked on

2018-10-16 22:44:20 - [MESSAGE][PASSED] - Wait for page load successfully

2018-10-16 22:44:20 - [MESSAGE][PASSED] - beautytap.ShopAction.goToCart is PASSED

2018-10-16 22:44:20 - [TEST_STEP][PASSED] - beautytap.ShopAction.VerifyProductInCart: Keyword VerifyProductInCart is Passed

2018-10-16 22:44:20 - [MESSAGE][PASSED] - Object '' is present

2018-10-16 22:44:20 - [MESSAGE][PASSED] - Object '' is present

2018-10-16 22:44:20 - [MESSAGE][PASSED] - Text of object '' is: '$31.80'

2018-10-16 22:44:20 - [MESSAGE][PASSED] - Attribute 'value' of object '' is: '3'

2018-10-16 22:44:20 - [MESSAGE][PASSED] - Text of object '' is: '$95.40'

2018-10-16 22:44:20 - [MESSAGE][PASSED] - Keyword VerifyProductInCart is Passed

2018-10-16 22:44:20 - [TEST_STEP][PASSED] - beautytap.ShopAction.processToCheckout: beautytap.ShopAction.processToCheckout is PASSED

2018-10-16 22:44:25 - [MESSAGE][PASSED] - Object: 'Object Repository/Page_Cart/btn_checkout' is clicked on

2018-10-16 22:44:25 - [MESSAGE][PASSED] - Wait for page load successfully

2018-10-16 22:44:25 - [MESSAGE][PASSED] - beautytap.ShopAction.processToCheckout is PASSED

2018-10-16 22:44:25 - [TEST_STEP][PASSED] - beautytap.ShopAction.fillCustomerInformation: beautytap.ShopAction.fillCustomerInformation is PASSED

2018-10-16 22:44:25 - [MESSAGE][PASSED] - Text of object 'Object Repository/Page_Checkout/txt_billingFirstName' is cleared

2018-10-16 22:44:25 - [MESSAGE][PASSED] - Keys 'Test' sent to object: 'Object Repository/Page_Checkout/txt_billingFirstName'

2018-10-16 22:44:25 - [MESSAGE][PASSED] - Text of object 'Object Repository/Page_Checkout/txt_billingLastName' is cleared

2018-10-16 22:44:26 - [MESSAGE][PASSED] - Keys 'Automation' sent to object: 'Object Repository/Page_Checkout/txt_billingLastName'

2018-10-16 22:44:26 - [MESSAGE][PASSED] - All options with label 'United States (US)' are selected in object 'Object Repository/Page_Checkout/drop_billingCountry' 

2018-10-16 22:44:31 - [MESSAGE][PASSED] - Delayed 5 second(s)

2018-10-16 22:44:31 - [MESSAGE][PASSED] - Text of object 'Object Repository/Page_Checkout/txt_billingAddress' is cleared

2018-10-16 22:44:32 - [MESSAGE][PASSED] - Keys '123 Testing' sent to object: 'Object Repository/Page_Checkout/txt_billingAddress'

2018-10-16 22:44:32 - [MESSAGE][PASSED] - Text of object 'Object Repository/Page_Checkout/txt_billingCity' is cleared

2018-10-16 22:44:32 - [MESSAGE][PASSED] - Keys 'New York' sent to object: 'Object Repository/Page_Checkout/txt_billingCity'

2018-10-16 22:44:33 - [MESSAGE][PASSED] - All options with label 'New York' are selected in object 'Object Repository/Page_Checkout/drop_billingState' 

2018-10-16 22:44:33 - [MESSAGE][PASSED] - Text of object 'Object Repository/Page_Checkout/txt_billingZip' is cleared

2018-10-16 22:44:33 - [MESSAGE][PASSED] - Keys '90012' sent to object: 'Object Repository/Page_Checkout/txt_billingZip'

2018-10-16 22:44:33 - [MESSAGE][PASSED] - Text of object 'Object Repository/Page_Checkout/txt_billingEmail' is cleared

2018-10-16 22:44:34 - [MESSAGE][PASSED] - Keys 'auto933583@mailinator.com' sent to object: 'Object Repository/Page_Checkout/txt_billingEmail'

2018-10-16 22:44:34 - [MESSAGE][PASSED] - Object 'Object Repository/Page_Checkout/chk_shipToDifferentAddress' is un-checked

2018-10-16 22:44:35 - [MESSAGE][PASSED] - Text of object 'Object Repository/Page_Checkout/txt_orderNote' is cleared

2018-10-16 22:44:35 - [MESSAGE][PASSED] - Keys 'auto933583Order' sent to object: 'Object Repository/Page_Checkout/txt_orderNote'

2018-10-16 22:44:35 - [MESSAGE][PASSED] - Object 'Object Repository/Page_Checkout/radio_creditCard' is checked

2018-10-16 22:44:40 - [MESSAGE][PASSED] - Delayed 5 second(s)

2018-10-16 22:44:40 - [MESSAGE][PASSED] - beautytap.ShopAction.fillCustomerInformation is PASSED

2018-10-16 22:44:40 - [TEST_STEP][PASSED] - beautytap.ShopAction.VerifyOrderDetailsOnCheckout: Keyword VerifyOrderDetailsOnCheckout is Passed

2018-10-16 22:44:40 - [MESSAGE][PASSED] - Object '' is present

2018-10-16 22:44:40 - [MESSAGE][PASSED] - Text of object '' is: '$95.40'

2018-10-16 22:44:40 - [MESSAGE][PASSED] - Text of object '' is: 'Free shipping for orders over $70
Why does shipping take this long?'

2018-10-16 22:44:40 - [MESSAGE][PASSED] - Text of object '' is: '$95.40'

2018-10-16 22:44:40 - [MESSAGE][PASSED] - Keyword VerifyOrderDetailsOnCheckout is Passed

2018-10-16 22:44:40 - [TEST_STEP][PASSED] - beautytap.ShopAction.checkoutViaPaypal: beautytap.ShopAction.checkoutViaPaypal is PASSED

2018-10-16 22:44:41 - [MESSAGE][PASSED] - Object 'Object Repository/Page_Checkout/radio_paypal' is checked

2018-10-16 22:44:46 - [MESSAGE][PASSED] - Delayed 5 second(s)

2018-10-16 22:44:46 - [MESSAGE][PASSED] - Object 'Object Repository/Page_Checkout/chk_terms' is checked

2018-10-16 22:44:46 - [MESSAGE][PASSED] - Object: 'Object Repository/Page_Checkout/btn_placeOrder' is clicked on

2018-10-16 22:44:54 - [MESSAGE][PASSED] - Object 'Object Repository/Page_Paypal/txt_email' is present

2018-10-16 22:44:54 - [MESSAGE][PASSED] - Text of object 'Object Repository/Page_Paypal/txt_email' is cleared

2018-10-16 22:44:55 - [MESSAGE][PASSED] - Keys 'g1.posiba@gmail.com' sent to object: 'Object Repository/Page_Paypal/txt_email'

2018-10-16 22:44:55 - [MESSAGE][PASSED] - Text of object 'Object Repository/Page_Paypal/txt_password' is cleared

2018-10-16 22:44:55 - [MESSAGE][PASSED] - Keys 'Tr@ng99%' sent to object: 'Object Repository/Page_Paypal/txt_password'

2018-10-16 22:45:07 - [MESSAGE][PASSED] - Object: 'Object Repository/Page_Paypal/btn_login' is clicked on

2018-10-16 22:45:11 - [MESSAGE][PASSED] - Object 'Object Repository/Page_Paypal/btn_payNow' is present

2018-10-16 22:45:16 - [MESSAGE][PASSED] - Delayed 5 second(s)

2018-10-16 22:45:16 - [MESSAGE][PASSED] - Object: 'Object Repository/Page_Paypal/btn_payNow' is clicked on

2018-10-16 22:45:34 - [MESSAGE][PASSED] - Object 'Object Repository/Page_Checkout/lbl_orderReceived' is present

2018-10-16 22:45:34 - [MESSAGE][PASSED] - beautytap.ShopAction.checkoutViaPaypal is PASSED

2018-10-16 22:45:34 - [TEST_STEP][PASSED] - beautytap.ShopAction.VerifyOrderReceivedDetails: Keyword VerifyOrderReceivedDetails is Passed

2018-10-16 22:45:34 - [MESSAGE][PASSED] - Object '' is present

2018-10-16 22:45:34 - [MESSAGE][PASSED] - Text of object '' is: '$95.40'

2018-10-16 22:45:34 - [MESSAGE][PASSED] - Text of object '' is: 'Free shipping for orders over $70'

2018-10-16 22:45:40 - [MESSAGE][WARNING] - com.kms.katalon.core.webui.exception.WebElementNotFoundException: Web element with id: '' located by 'By.xpath: //th[text()='Shipping:']/parent::tr/td/span' not found
[[ATTACHMENT|E:\\BeautytapAutomation\\beautytapAuto\\Beautytap\\Reports\\Regression\\20181016_213725\\1539704740101.png]]

2018-10-16 22:45:40 - [MESSAGE][PASSED] - Text of object '' is: 'PayPal'

2018-10-16 22:45:40 - [MESSAGE][PASSED] - Text of object '' is: '$95.40'

2018-10-16 22:45:40 - [MESSAGE][PASSED] - Keyword VerifyOrderReceivedDetails is Passed

2018-10-16 22:45:40 - [TEST_STEP][PASSED] - closeBrowser: Browser is closed

2018-10-16 22:45:41 - [MESSAGE][PASSED] - Browser is closed]]></system-out>
         <system-err><![CDATA[]]></system-err>
      </testcase>
      <testcase name="Test Cases/Shop/TC06_Browse_VariationProduct_Sale_AmazonPayAtCart_LessThan60_EMS" classname="Test Cases/Shop/TC06_Browse_VariationProduct_Sale_AmazonPayAtCart_LessThan60_EMS" status="PASSED">
         <system-out><![CDATA[2018-10-16 22:45:43 - [TEST_CASE][PASSED] - Test Cases/Shop/TC06_Browse_VariationProduct_Sale_AmazonPayAtCart_LessThan60_EMS: Test Cases/Shop/TC06_Browse_VariationProduct_Sale_AmazonPayAtCart_LessThan60_EMS

2018-10-16 22:45:43 - [TEST_STEP][PASSED] - Statement - productName = VARIATION_SALE_PRODUCT: null

2018-10-16 22:45:43 - [TEST_STEP][PASSED] - Statement - saleprice = VARIATION_SALE_PRICE1: null

2018-10-16 22:45:43 - [TEST_STEP][PASSED] - Statement - redularprice = VARIATION_SALE_REGULAR_PRICE1: null

2018-10-16 22:45:43 - [TEST_STEP][PASSED] - Statement - variation = VARIATION_SALE_NAME1: null

2018-10-16 22:45:43 - [TEST_STEP][PASSED] - Statement - r_string = new java.lang.Math().random().toString().substring(2, 8): null

2018-10-16 22:45:43 - [TEST_STEP][PASSED] - Statement - email = "auto" + r_string + "@mailinator.com": null

2018-10-16 22:45:43 - [TEST_STEP][PASSED] - Statement - orderNote = "auto" + r_string + "Order": null

2018-10-16 22:45:43 - [TEST_STEP][PASSED] - Statement - currentNumberItemInCart = <not implemented yet for class: org.codehaus.groovy.ast.expr.EmptyExpression>: null

2018-10-16 22:45:43 - [TEST_STEP][PASSED] - Statement - quantity = 5: null

2018-10-16 22:45:43 - [TEST_STEP][PASSED] - Statement - shippingLabel = SHIPPING_LABEL: null

2018-10-16 22:45:43 - [TEST_STEP][PASSED] - Statement - shippingPrice = SHIPPING_PRICE: null

2018-10-16 22:45:43 - [TEST_STEP][PASSED] - Statement - subtotal = CustomKeywords.beautytap.ShopAction.calculateTotal(quantity, saleprice): beautytap.ShopAction.calculateTotal is PASSED

2018-10-16 22:45:43 - [MESSAGE][PASSED] - beautytap.ShopAction.calculateTotal is PASSED

2018-10-16 22:45:43 - [TEST_STEP][PASSED] - Statement - total = subtotal + shippingPrice: null

2018-10-16 22:45:43 - [TEST_STEP][PASSED] - Statement - total = CustomKeywords.beautytap.ShopAction.calculateTotal(1, total): beautytap.ShopAction.calculateTotal is PASSED

2018-10-16 22:45:43 - [MESSAGE][PASSED] - beautytap.ShopAction.calculateTotal is PASSED

2018-10-16 22:45:43 - [TEST_STEP][PASSED] - Statement - products = new org.json.JSONArray((((((((([{"productname":" + productName) + ","variation":") + variation) + ","quantity":") + quantity) + ","price":") + saleprice) + "}])): null

2018-10-16 22:45:43 - [TEST_STEP][PASSED] - Statement - billingInformation = new org.json.JSONObject((({"firstname":"Test","lastname":"Automation","country":"United States (US)","address":"123 Testing","city":"New York","state":"New York","zip":"90012","email":" + email) + "})): null

2018-10-16 22:45:43 - [TEST_STEP][PASSED] - Statement - shippingType = "normal": null

2018-10-16 22:45:43 - [TEST_STEP][PASSED] - Statement - paymentMethod = "Amazon Pay": null

2018-10-16 22:45:43 - [TEST_STEP][PASSED] - Statement - category = "Brands": null

2018-10-16 22:45:43 - [TEST_STEP][PASSED] - Statement - subcategory = "Innisfree": null

2018-10-16 22:45:43 - [TEST_STEP][PASSED] - beautytap.GeneralAction.openBeautytap: beautytap.GeneralAction.openBeautytap is PASSED

2018-10-16 22:46:25 - [MESSAGE][PASSED] - Browser is opened with url: 'https://staging.beautytap.com'

2018-10-16 22:46:26 - [MESSAGE][PASSED] - Current window maximized

2018-10-16 22:46:33 - [MESSAGE][PASSED] - Refresh successfully

2018-10-16 22:46:33 - [MESSAGE][PASSED] - Wait for page load successfully

2018-10-16 22:46:33 - [MESSAGE][PASSED] - beautytap.GeneralAction.openBeautytap is PASSED

2018-10-16 22:46:33 - [TEST_STEP][PASSED] - beautytap.ShopAction.selectCategory: beautytap.ShopAction.selectCategory is PASSED

2018-10-16 22:46:33 - [MESSAGE][PASSED] - Object: '' is clicked on

2018-10-16 22:46:35 - [MESSAGE][PASSED] - Delayed 2 second(s)

2018-10-16 22:46:44 - [MESSAGE][PASSED] - Object: '' is clicked on

2018-10-16 22:46:44 - [MESSAGE][PASSED] - Wait for page load successfully

2018-10-16 22:46:44 - [MESSAGE][PASSED] - beautytap.ShopAction.selectCategory is PASSED

2018-10-16 22:46:44 - [TEST_STEP][PASSED] - beautytap.ShopAction.findProductOnProductList: beautytap.ShopAction.findProductOnProductList is PASSED

2018-10-16 22:46:44 - [MESSAGE][PASSED] - Text of object '' is: '4'

2018-10-16 22:46:49 - [MESSAGE][WARNING] - com.kms.katalon.core.webui.exception.WebElementNotFoundException: Web element with id: '' located by 'By.xpath: //a[text()='Innisfree Eye Contouring Stick Round Shape 0.7g']' not found
[[ATTACHMENT|E:\\BeautytapAutomation\\beautytapAuto\\Beautytap\\Reports\\Regression\\20181016_213725\\1539704809659.png]]

2018-10-16 22:46:59 - [MESSAGE][PASSED] - Object: '' is clicked on

2018-10-16 22:46:59 - [MESSAGE][PASSED] - Wait for page load successfully

2018-10-16 22:46:59 - [MESSAGE][PASSED] - Object '' is present

2018-10-16 22:46:59 - [MESSAGE][PASSED] - beautytap.ShopAction.findProductOnProductList is PASSED

2018-10-16 22:46:59 - [TEST_STEP][PASSED] - beautytap.ShopAction.VerifyProductOnProductList: Keyword VerifyProductOnProductList is Passed

2018-10-16 22:46:59 - [MESSAGE][PASSED] - Object '' is present

2018-10-16 22:46:59 - [MESSAGE][PASSED] - Text of object '' is: '$4.95'

2018-10-16 22:46:59 - [MESSAGE][PASSED] - Get CSS 'color' value on '' successfully: 'rgba(255, 35, 134, 1)'.

2018-10-16 22:46:59 - [MESSAGE][PASSED] - Get CSS 'color' value on '' successfully: 'rgba(255, 35, 134, 1)'.

2018-10-16 22:46:59 - [MESSAGE][PASSED] - Text of object '' is: '$6.50'

2018-10-16 22:47:00 - [MESSAGE][PASSED] - Get CSS 'color' value on '' successfully: 'rgba(255, 35, 134, 1)'.

2018-10-16 22:47:00 - [MESSAGE][PASSED] - Get CSS 'color' value on '' successfully: 'rgba(255, 35, 134, 1)'.

2018-10-16 22:47:00 - [MESSAGE][PASSED] - Keyword VerifyProductOnProductList is Passed

2018-10-16 22:47:00 - [TEST_STEP][PASSED] - beautytap.ShopAction.selectProductOnProductList: beautytap.ShopAction.selectProductOnProductList is PASSED

2018-10-16 22:47:05 - [MESSAGE][PASSED] - Object: '' is clicked on

2018-10-16 22:47:05 - [MESSAGE][PASSED] - Wait for page load successfully

2018-10-16 22:47:05 - [MESSAGE][PASSED] - beautytap.ShopAction.selectProductOnProductList is PASSED

2018-10-16 22:47:05 - [TEST_STEP][PASSED] - beautytap.ShopAction.selectProductVariation: beautytap.ShopAction.selectProductVariation is PASSED

2018-10-16 22:47:05 - [MESSAGE][PASSED] - Object: 'Object Repository/Page_Shop/drop_chooseOption' is clicked on

2018-10-16 22:47:06 - [MESSAGE][PASSED] - Delayed 1 second(s)

2018-10-16 22:47:06 - [MESSAGE][PASSED] - Object: '' is clicked on

2018-10-16 22:47:06 - [MESSAGE][PASSED] - beautytap.ShopAction.selectProductVariation is PASSED

2018-10-16 22:47:06 - [TEST_STEP][PASSED] - beautytap.ShopAction.VerifyProductDetails: Keyword VerifyProductDetails is Passed

2018-10-16 22:47:07 - [MESSAGE][PASSED] - Text of object '' is: 'Innisfree Eye Contouring Stick Round Shape 0.7g'

2018-10-16 22:47:07 - [MESSAGE][PASSED] - All options with label '5' are selected in object 'Object Repository/Page_Shop/drop_chooseOption' 

2018-10-16 22:47:07 - [MESSAGE][PASSED] - Text of object '' is: '$6.50'

2018-10-16 22:47:07 - [MESSAGE][PASSED] - Get CSS 'color' value on '' successfully: 'rgba(195, 195, 195, 1)'.

2018-10-16 22:47:07 - [MESSAGE][PASSED] - Text of object '' is: '$4.95'

2018-10-16 22:47:07 - [MESSAGE][PASSED] - Get CSS 'color' value on '' successfully: 'rgba(255, 35, 134, 1)'.

2018-10-16 22:47:07 - [MESSAGE][PASSED] - Keyword VerifyProductDetails is Passed

2018-10-16 22:47:07 - [TEST_STEP][PASSED] - Statement - currentNumberItemInCart = CustomKeywords.beautytap.ShopAction.getNumberItemInCart(): beautytap.ShopAction.getNumberItemInCart is PASSED

2018-10-16 22:47:13 - [MESSAGE][WARNING] - com.kms.katalon.core.webui.exception.WebElementNotFoundException: Web element with id: '' located by 'By.xpath: //div[@class='header-right-top pull-right']/a[@class='shop-cart']/span[@class='number-cart']' not found
[[ATTACHMENT|E:\\BeautytapAutomation\\beautytapAuto\\Beautytap\\Reports\\Regression\\20181016_213725\\1539704833110.png]]

2018-10-16 22:47:13 - [MESSAGE][PASSED] - beautytap.ShopAction.getNumberItemInCart is PASSED

2018-10-16 22:47:13 - [TEST_STEP][PASSED] - beautytap.ShopAction.addProductToCart: beautytap.ShopAction.addProductToCart is PASSED

2018-10-16 22:47:13 - [MESSAGE][PASSED] - Text of object 'Object Repository/Page_Shop/txt_quantity' is cleared

2018-10-16 22:47:13 - [MESSAGE][PASSED] - Keys '5' sent to object: 'Object Repository/Page_Shop/txt_quantity'

2018-10-16 22:47:13 - [MESSAGE][PASSED] - Object: 'Object Repository/Page_Shop/btn_addToCart' is clicked on

2018-10-16 22:47:13 - [MESSAGE][PASSED] - Wait for page load successfully

2018-10-16 22:47:19 - [MESSAGE][PASSED] - Object 'Object Repository/Page_Shop/lbl_message' is present

2018-10-16 22:47:24 - [MESSAGE][PASSED] - Delayed 5 second(s)

2018-10-16 22:47:24 - [MESSAGE][PASSED] - beautytap.ShopAction.addProductToCart is PASSED

2018-10-16 22:47:24 - [TEST_STEP][PASSED] - beautytap.ShopAction.VerifyNumberItemInCart: Keyword VerifyNumberItemInCart is Passed, Number item in cart is 5, expected is 5

2018-10-16 22:47:24 - [MESSAGE][PASSED] - Object '' is present

2018-10-16 22:47:24 - [MESSAGE][PASSED] - Text of object '' is: '5'

2018-10-16 22:47:24 - [MESSAGE][PASSED] - Keyword VerifyNumberItemInCart is Passed, Number item in cart is 5, expected is 5

2018-10-16 22:47:24 - [TEST_STEP][PASSED] - beautytap.ShopAction.VerifyProductIsAddedToCart: beautytap.ShopAction.VerifyProductIsAddedToCart is PASSED

2018-10-16 22:47:24 - [MESSAGE][PASSED] - Object '' is present

2018-10-16 22:47:24 - [MESSAGE][PASSED] - beautytap.ShopAction.VerifyProductIsAddedToCart is PASSED

2018-10-16 22:47:24 - [TEST_STEP][PASSED] - beautytap.ShopAction.goToCart: beautytap.ShopAction.goToCart is PASSED

2018-10-16 22:47:24 - [MESSAGE][PASSED] - Object 'Object Repository/Page_General/icon_cart' is present

2018-10-16 22:47:29 - [MESSAGE][PASSED] - Object: 'Object Repository/Page_General/icon_cart' is clicked on

2018-10-16 22:47:29 - [MESSAGE][PASSED] - Wait for page load successfully

2018-10-16 22:47:29 - [MESSAGE][PASSED] - beautytap.ShopAction.goToCart is PASSED

2018-10-16 22:47:29 - [TEST_STEP][PASSED] - beautytap.ShopAction.VerifyProductInCart: Keyword VerifyProductInCart is Passed

2018-10-16 22:47:29 - [MESSAGE][PASSED] - Object '' is present

2018-10-16 22:47:30 - [MESSAGE][PASSED] - Object '' is present

2018-10-16 22:47:30 - [MESSAGE][PASSED] - Text of object '' is: '$4.95'

2018-10-16 22:47:30 - [MESSAGE][PASSED] - Attribute 'value' of object '' is: '5'

2018-10-16 22:47:30 - [MESSAGE][PASSED] - Text of object '' is: '$24.75'

2018-10-16 22:47:30 - [MESSAGE][PASSED] - Keyword VerifyProductInCart is Passed

2018-10-16 22:47:30 - [TEST_STEP][PASSED] - beautytap.ShopAction.loginAmazonPay: beautytap.ShopAction.loginAmazonPay is PASSED

2018-10-16 22:47:30 - [MESSAGE][PASSED] - Object: 'Object Repository/Page_Cart/btn_payWithAmazon' is clicked on

2018-10-16 22:47:30 - [MESSAGE][PASSED] - Switched to window with index: '1'

2018-10-16 22:47:31 - [MESSAGE][PASSED] - Object 'Object Repository/Popup_Amazon/txt_email' is present

2018-10-16 22:47:31 - [MESSAGE][PASSED] - Text of object 'Object Repository/Popup_Amazon/txt_email' is cleared

2018-10-16 22:47:32 - [MESSAGE][PASSED] - Keys 'amazontest1503@yopmail.com' sent to object: 'Object Repository/Popup_Amazon/txt_email'

2018-10-16 22:47:32 - [MESSAGE][PASSED] - Text of object 'Object Repository/Popup_Amazon/txt_password' is cleared

2018-10-16 22:47:32 - [MESSAGE][PASSED] - Keys '123456' sent to object: 'Object Repository/Popup_Amazon/txt_password'

2018-10-16 22:47:35 - [MESSAGE][PASSED] - Object: 'Object Repository/Popup_Amazon/btn_signin' is clicked on

2018-10-16 22:47:35 - [MESSAGE][PASSED] - Switched to window with index: '0'

2018-10-16 22:48:05 - [MESSAGE][PASSED] - Delayed 30 second(s)

2018-10-16 22:48:05 - [MESSAGE][PASSED] - beautytap.ShopAction.loginAmazonPay is PASSED

2018-10-16 22:48:05 - [TEST_STEP][PASSED] - beautytap.ShopAction.VerifyOrderDetailsOnCheckout: Keyword VerifyOrderDetailsOnCheckout is Passed

2018-10-16 22:48:05 - [MESSAGE][PASSED] - Object '' is present

2018-10-16 22:48:05 - [MESSAGE][PASSED] - Text of object '' is: '$24.75'

2018-10-16 22:48:05 - [MESSAGE][PASSED] - Text of object '' is: 'Spend $45.25 more & get FREE SHIPPING!
($25) - DHL flat rate shipping: $25.00
Why does shipping take this long?'

2018-10-16 22:48:05 - [MESSAGE][PASSED] - Text of object '' is: '$25.00'

2018-10-16 22:48:05 - [MESSAGE][PASSED] - Text of object '' is: '$49.75'

2018-10-16 22:48:05 - [MESSAGE][PASSED] - Keyword VerifyOrderDetailsOnCheckout is Passed

2018-10-16 22:48:05 - [TEST_STEP][PASSED] - beautytap.ShopAction.checkoutViaAmazonPay: beautytap.ShopAction.checkoutViaAmazonPay is PASSED

2018-10-16 22:48:05 - [MESSAGE][PASSED] - Object 'Object Repository/Page_Checkout/chk_terms' is clickable

2018-10-16 22:48:05 - [MESSAGE][PASSED] - Object 'Object Repository/Page_Checkout/chk_terms' is checked

2018-10-16 22:48:06 - [MESSAGE][PASSED] - Object: 'Object Repository/Page_Checkout/btn_placeOrder' is clicked on

2018-10-16 22:48:22 - [MESSAGE][PASSED] - Object 'Object Repository/Page_Checkout/lbl_orderReceived' is present

2018-10-16 22:48:22 - [MESSAGE][PASSED] - beautytap.ShopAction.checkoutViaAmazonPay is PASSED

2018-10-16 22:48:22 - [TEST_STEP][PASSED] - beautytap.ShopAction.VerifyOrderReceivedDetails: Keyword VerifyOrderReceivedDetails is Passed

2018-10-16 22:48:22 - [MESSAGE][PASSED] - Object '' is present

2018-10-16 22:48:22 - [MESSAGE][PASSED] - Text of object '' is: '$24.75'

2018-10-16 22:48:22 - [MESSAGE][PASSED] - Text of object '' is: '$25.00 via ($25) - DHL flat rate shipping'

2018-10-16 22:48:22 - [MESSAGE][PASSED] - Object '' is present

2018-10-16 22:48:22 - [MESSAGE][PASSED] - Text of object '' is: '$25.00'

2018-10-16 22:48:22 - [MESSAGE][PASSED] - Text of object '' is: 'Amazon Pay'

2018-10-16 22:48:22 - [MESSAGE][PASSED] - Text of object '' is: '$49.75'

2018-10-16 22:48:22 - [MESSAGE][PASSED] - Keyword VerifyOrderReceivedDetails is Passed

2018-10-16 22:48:22 - [TEST_STEP][PASSED] - closeBrowser: Browser is closed

2018-10-16 22:48:23 - [MESSAGE][PASSED] - Browser is closed]]></system-out>
         <system-err><![CDATA[]]></system-err>
      </testcase>
      <testcase name="Test Cases/Shop/TC11_HTTPS_Redirect" classname="Test Cases/Shop/TC11_HTTPS_Redirect" status="PASSED">
         <system-out><![CDATA[2018-10-16 22:48:25 - [TEST_CASE][PASSED] - Test Cases/Shop/TC11_HTTPS_Redirect: Test Cases/Shop/TC11_HTTPS_Redirect

2018-10-16 22:48:25 - [TEST_STEP][PASSED] - Statement - httpLink = SITE_URL: null

2018-10-16 22:48:26 - [TEST_STEP][PASSED] - Statement - httpLink = httpLink.replace("https", "http"): null

2018-10-16 22:48:26 - [TEST_STEP][PASSED] - Statement - httpsLink = SITE_URL: null

2018-10-16 22:48:26 - [TEST_STEP][PASSED] - beautytap.GeneralAction.openBeautytap: beautytap.GeneralAction.openBeautytap is PASSED

2018-10-16 22:50:33 - [MESSAGE][PASSED] - Browser is opened with url: 'http://staging.beautytap.com'

2018-10-16 22:50:34 - [MESSAGE][PASSED] - Current window maximized

2018-10-16 22:52:24 - [MESSAGE][PASSED] - Refresh successfully

2018-10-16 22:52:24 - [MESSAGE][PASSED] - Wait for page load successfully

2018-10-16 22:52:24 - [MESSAGE][PASSED] - beautytap.GeneralAction.openBeautytap is PASSED

2018-10-16 22:52:24 - [TEST_STEP][PASSED] - delay: Delayed 10 second(s)

2018-10-16 22:52:34 - [MESSAGE][PASSED] - Delayed 10 second(s)

2018-10-16 22:52:34 - [TEST_STEP][PASSED] - Statement - currentURL = com.kms.katalon.core.webui.keyword.WebUiBuiltInKeywords.getUrl(): Current window's url is: 'https://staging.beautytap.com/'

2018-10-16 22:52:34 - [MESSAGE][PASSED] - Current window's url is: 'https://staging.beautytap.com/'

2018-10-16 22:52:34 - [TEST_STEP][PASSED] - verifyMatch: Actual text 'https://staging.beautytap.com/' and expected text 'https://staging.beautytap.com.*' are matched  using regular expression

2018-10-16 22:52:34 - [MESSAGE][PASSED] - Actual text 'https://staging.beautytap.com/' and expected text 'https://staging.beautytap.com.*' are matched  using regular expression

2018-10-16 22:52:34 - [TEST_STEP][PASSED] - closeBrowser: Browser is closed

2018-10-16 22:52:35 - [MESSAGE][PASSED] - Browser is closed]]></system-out>
         <system-err><![CDATA[]]></system-err>
      </testcase>
      <system-out><![CDATA[2018-10-16 21:37:28 - [TEST_SUITE][FAILED] - Regression: Test Cases/Shop/TC09_ScheduleSale_LimitStock_SimpleProduct FAILED because (of) Unable to get text of object '' (Root cause: com.kms.katalon.core.webui.exception.WebElementNotFoundException: Web element with id: '' located by 'By.xpath: //h4[@class='price']/span' not found)]]></system-out>
      <system-err><![CDATA[2018-10-16 21:37:28 - [TEST_SUITE][FAILED] - Regression: Test Cases/Shop/TC09_ScheduleSale_LimitStock_SimpleProduct FAILED because (of) Unable to get text of object '' (Root cause: com.kms.katalon.core.webui.exception.WebElementNotFoundException: Web element with id: '' located by 'By.xpath: //h4[@class='price']/span' not found)]]></system-err>
   </testsuite>
</testsuites>
