<?xml version="1.0" encoding="UTF-8"?>
<testsuites name="Demo" time="199" tests="1" failures="0" errors="0">
   <testsuite name="Demo" tests="1" failures="0" errors="0" time="199" timestamp="2018-10-01 18:23:08" hostname="Trang Nguyen - DESKTOP-G1UHP65" id="Test Suites/Demo">
      <properties>
         <property name="deviceName" value=""/>
         <property name="devicePlatform" value=""/>
         <property name="logFolder" value="E:\\BeautytapAutomation\\beautytapAuto\\Beautytap\\Reports\\Demo\\20181001_182305"/>
         <property name="logFiles" value="E:\\BeautytapAutomation\\beautytapAuto\\Beautytap\\Reports\\Demo\\20181001_182305\\execution0.log"/>
         <property name="attachments" value=""/>
         <property name="hostName" value="Trang Nguyen - DESKTOP-G1UHP65"/>
         <property name="os" value="Windows 10 64bit"/>
         <property name="katalonVersion" value="5.5.0.1"/>
         <property name="browser" value="Chrome 69.0.3497.100"/>
         <property name="hostAddress" value="10.0.0.146"/>
         <property name="sessionId" value="67a4ff0ba1ceddea99f4bd5ce903731f"/>
         <property name="seleniumVersion" value="3.7.1"/>
         <property name="proxyInformation" value="ProxyInformation{proxyOption=NO_PROXY, proxyServerType=HTTP, password=, proxyServerAddress=, proxyServerPort=0}"/>
         <property name="platform" value="Windows 10"/>
      </properties>
      <testcase name="Test Cases/SignUp_Login_ResetPass/TC01_SignUp_Login_ResetPassword_Via_Email" classname="Test Cases/SignUp_Login_ResetPass/TC01_SignUp_Login_ResetPassword_Via_Email" status="PASSED">
         <system-out><![CDATA[2018-10-01 18:23:08 - [TEST_CASE][PASSED] - Test Cases/SignUp_Login_ResetPass/TC01_SignUp_Login_ResetPassword_Via_Email: Test Cases/SignUp_Login_ResetPass/TC01_SignUp_Login_ResetPassword_Via_Email

2018-10-01 18:23:09 - [TEST_STEP][PASSED] - Statement - r_string = new java.lang.Math().random().toString().substring(2, 8): null

2018-10-01 18:23:10 - [TEST_STEP][PASSED] - Statement - username = "auto" + r_string: null

2018-10-01 18:23:10 - [TEST_STEP][PASSED] - Statement - email = username + "@mailinator.com": null

2018-10-01 18:23:10 - [TEST_STEP][PASSED] - Statement - password = "123456": null

2018-10-01 18:23:10 - [TEST_STEP][PASSED] - Statement - newpassword = "test123": null

2018-10-01 18:23:10 - [TEST_STEP][PASSED] - Statement - name = "Auto User " + r_string: null

2018-10-01 18:23:10 - [TEST_STEP][PASSED] - Statement - birthday = "01/01/1990": null

2018-10-01 18:23:10 - [TEST_STEP][PASSED] - Statement - activation_subject = SITE_TITLE + " Activate your account": null

2018-10-01 18:23:10 - [TEST_STEP][PASSED] - Statement - resetpass_subject = SITE_TITLE + " Password Reset": null

2018-10-01 18:23:10 - [TEST_STEP][PASSED] - beautytap.GeneralAction.openBeautytap: beautytap.GeneralAction.openBeautytap is PASSED

2018-10-01 18:23:33 - [MESSAGE][PASSED] - Browser is opened with url: 'https://stage.beautytap.com'

2018-10-01 18:23:34 - [MESSAGE][PASSED] - Current window maximized

2018-10-01 18:23:40 - [MESSAGE][PASSED] - Refresh successfully

2018-10-01 18:23:40 - [MESSAGE][PASSED] - Wait for page load successfully

2018-10-01 18:23:40 - [MESSAGE][PASSED] - beautytap.GeneralAction.openBeautytap is PASSED

2018-10-01 18:23:40 - [TEST_STEP][PASSED] - beautytap.GeneralAction.clickNavigationMenu: beautytap.GeneralAction.clickNavigationMenu is PASSED

2018-10-01 18:23:43 - [MESSAGE][PASSED] - Object: 'Object Repository/Page_General/link_signup' is clicked on

2018-10-01 18:23:43 - [MESSAGE][PASSED] - Wait for page load successfully

2018-10-01 18:23:43 - [MESSAGE][PASSED] - beautytap.GeneralAction.clickNavigationMenu is PASSED

2018-10-01 18:23:43 - [TEST_STEP][PASSED] - beautytap.GeneralAction.signup: beautytap.GeneralAction.signup is PASSED

2018-10-01 18:23:43 - [MESSAGE][PASSED] - Keys 'auto362655' sent to object: 'Object Repository/Page_Signup/txt_username'

2018-10-01 18:23:44 - [MESSAGE][PASSED] - Keys 'auto362655@mailinator.com' sent to object: 'Object Repository/Page_Signup/txt_email'

2018-10-01 18:23:44 - [MESSAGE][PASSED] - Keys '123456' sent to object: 'Object Repository/Page_Signup/txt_password'

2018-10-01 18:23:44 - [MESSAGE][PASSED] - Keys 'Auto User 362655' sent to object: 'Object Repository/Page_Signup/txt_name'

2018-10-01 18:23:45 - [MESSAGE][PASSED] - Keys '01/01/1990' sent to object: 'Object Repository/Page_Signup/txt_birthday'

2018-10-01 18:23:45 - [MESSAGE][PASSED] - Object: 'Object Repository/Page_Signup/btn_signup' is clicked on

2018-10-01 18:23:45 - [MESSAGE][PASSED] - Wait for page load successfully

2018-10-01 18:23:45 - [MESSAGE][PASSED] - beautytap.GeneralAction.signup is PASSED

2018-10-01 18:23:45 - [TEST_STEP][PASSED] - verifyElementPresent: Object 'Object Repository/Page_Signup/lbl_sucessMessage' is present

2018-10-01 18:23:51 - [MESSAGE][PASSED] - Object 'Object Repository/Page_Signup/lbl_sucessMessage' is present

2018-10-01 18:23:51 - [TEST_STEP][PASSED] - beautytap.GeneralAction.openMailBox: beautytap.GeneralAction.openMailBox is PASSED

2018-10-01 18:23:53 - [MESSAGE][PASSED] - Navigate to 'https://www.mailinator.com' successfully

2018-10-01 18:23:53 - [MESSAGE][PASSED] - Wait for page load successfully

2018-10-01 18:23:53 - [MESSAGE][PASSED] - Keys 'auto362655' sent to object: 'Object Repository/Page_mailinator/txt_email'

2018-10-01 18:24:00 - [MESSAGE][PASSED] - Object: 'Object Repository/Page_mailinator/btn_go' is clicked on

2018-10-01 18:24:00 - [MESSAGE][PASSED] - Wait for page load successfully

2018-10-01 18:24:05 - [MESSAGE][PASSED] - Delayed 5 second(s)

2018-10-01 18:24:05 - [MESSAGE][PASSED] - beautytap.GeneralAction.openMailBox is PASSED

2018-10-01 18:24:05 - [TEST_STEP][PASSED] - beautytap.GeneralAction.verifyEmailExist: beautytap.GeneralAction.verifyEmailExist is PASSED

2018-10-01 18:24:05 - [MESSAGE][PASSED] - Object '' is present

2018-10-01 18:24:05 - [MESSAGE][PASSED] - beautytap.GeneralAction.verifyEmailExist is PASSED

2018-10-01 18:24:05 - [TEST_STEP][PASSED] - beautytap.GeneralAction.openEmail: beautytap.GeneralAction.openEmail is PASSED

2018-10-01 18:24:05 - [MESSAGE][PASSED] - Object: '' is clicked on

2018-10-01 18:24:05 - [MESSAGE][PASSED] - beautytap.GeneralAction.openEmail is PASSED

2018-10-01 18:24:05 - [TEST_STEP][PASSED] - beautytap.GeneralAction.clickEmailLink: beautytap.GeneralAction.clickEmailLink is PASSED

2018-10-01 18:24:06 - [MESSAGE][PASSED] - Text of object '' is: 'https://stage.beautytap.com/activate/TZ4ALTiqNfcMe6DZyZzIUo4cXJvN4whA/'

2018-10-01 18:24:19 - [MESSAGE][PASSED] - Navigate to 'https://stage.beautytap.com/activate/TZ4ALTiqNfcMe6DZyZzIUo4cXJvN4whA/' successfully

2018-10-01 18:24:19 - [MESSAGE][PASSED] - beautytap.GeneralAction.clickEmailLink is PASSED

2018-10-01 18:24:19 - [TEST_STEP][PASSED] - waitForPageLoad: Wait for page load successfully

2018-10-01 18:24:19 - [MESSAGE][PASSED] - Wait for page load successfully

2018-10-01 18:24:19 - [TEST_STEP][PASSED] - verifyElementPresent: Object 'Object Repository/Page_General/lbl_activeSuccessMessage' is present

2018-10-01 18:24:19 - [MESSAGE][PASSED] - Object 'Object Repository/Page_General/lbl_activeSuccessMessage' is present

2018-10-01 18:24:19 - [TEST_STEP][PASSED] - beautytap.GeneralAction.clickNavigationMenu: beautytap.GeneralAction.clickNavigationMenu is PASSED

2018-10-01 18:24:22 - [MESSAGE][PASSED] - Object: 'Object Repository/Page_General/link_login' is clicked on

2018-10-01 18:24:22 - [MESSAGE][PASSED] - Wait for page load successfully

2018-10-01 18:24:22 - [MESSAGE][PASSED] - beautytap.GeneralAction.clickNavigationMenu is PASSED

2018-10-01 18:24:22 - [TEST_STEP][PASSED] - beautytap.GeneralAction.login: beautytap.GeneralAction.login is PASSED

2018-10-01 18:24:22 - [MESSAGE][PASSED] - Text of object 'Object Repository/Page_login/txt_username' is cleared

2018-10-01 18:24:22 - [MESSAGE][PASSED] - Keys 'auto362655' sent to object: 'Object Repository/Page_login/txt_username'

2018-10-01 18:24:22 - [MESSAGE][PASSED] - Text of object 'Object Repository/Page_login/txt_password' is cleared

2018-10-01 18:24:22 - [MESSAGE][PASSED] - Keys '123456' sent to object: 'Object Repository/Page_login/txt_password'

2018-10-01 18:24:23 - [MESSAGE][PASSED] - Object: 'Object Repository/Page_login/btn_login' is clicked on

2018-10-01 18:24:23 - [MESSAGE][PASSED] - Wait for page load successfully

2018-10-01 18:24:23 - [MESSAGE][PASSED] - beautytap.GeneralAction.login is PASSED

2018-10-01 18:24:23 - [TEST_STEP][PASSED] - verifyElementPresent: Object 'Object Repository/Page_General/link_avatar' is present

2018-10-01 18:24:31 - [MESSAGE][PASSED] - Object 'Object Repository/Page_General/link_avatar' is present

2018-10-01 18:24:31 - [TEST_STEP][PASSED] - beautytap.GeneralAction.logout: beautytap.GeneralAction.logout is PASSED

2018-10-01 18:24:31 - [MESSAGE][PASSED] - Object: 'Object Repository/Page_General/link_avatar' is clicked on

2018-10-01 18:24:31 - [MESSAGE][PASSED] - Object 'Object Repository/Page_General/menu_logout' is present

2018-10-01 18:24:32 - [MESSAGE][PASSED] - Object: 'Object Repository/Page_General/menu_logout' is clicked on

2018-10-01 18:24:32 - [MESSAGE][PASSED] - Wait for page load successfully

2018-10-01 18:24:32 - [MESSAGE][PASSED] - beautytap.GeneralAction.logout is PASSED

2018-10-01 18:24:32 - [TEST_STEP][PASSED] - beautytap.GeneralAction.clickNavigationMenu: beautytap.GeneralAction.clickNavigationMenu is PASSED

2018-10-01 18:24:39 - [MESSAGE][PASSED] - Object: 'Object Repository/Page_General/link_login' is clicked on

2018-10-01 18:24:39 - [MESSAGE][PASSED] - Wait for page load successfully

2018-10-01 18:24:39 - [MESSAGE][PASSED] - beautytap.GeneralAction.clickNavigationMenu is PASSED

2018-10-01 18:24:39 - [TEST_STEP][PASSED] - beautytap.GeneralAction.login: beautytap.GeneralAction.login is PASSED

2018-10-01 18:24:39 - [MESSAGE][PASSED] - Text of object 'Object Repository/Page_login/txt_username' is cleared

2018-10-01 18:24:40 - [MESSAGE][PASSED] - Keys 'auto362655@mailinator.com' sent to object: 'Object Repository/Page_login/txt_username'

2018-10-01 18:24:40 - [MESSAGE][PASSED] - Text of object 'Object Repository/Page_login/txt_password' is cleared

2018-10-01 18:24:40 - [MESSAGE][PASSED] - Keys '123456' sent to object: 'Object Repository/Page_login/txt_password'

2018-10-01 18:24:40 - [MESSAGE][PASSED] - Object: 'Object Repository/Page_login/btn_login' is clicked on

2018-10-01 18:24:40 - [MESSAGE][PASSED] - Wait for page load successfully

2018-10-01 18:24:40 - [MESSAGE][PASSED] - beautytap.GeneralAction.login is PASSED

2018-10-01 18:24:40 - [TEST_STEP][PASSED] - verifyElementPresent: Object 'Object Repository/Page_General/link_avatar' is present

2018-10-01 18:24:49 - [MESSAGE][PASSED] - Object 'Object Repository/Page_General/link_avatar' is present

2018-10-01 18:24:49 - [TEST_STEP][PASSED] - beautytap.GeneralAction.logout: beautytap.GeneralAction.logout is PASSED

2018-10-01 18:24:49 - [MESSAGE][PASSED] - Object: 'Object Repository/Page_General/link_avatar' is clicked on

2018-10-01 18:24:49 - [MESSAGE][PASSED] - Object 'Object Repository/Page_General/menu_logout' is present

2018-10-01 18:24:50 - [MESSAGE][PASSED] - Object: 'Object Repository/Page_General/menu_logout' is clicked on

2018-10-01 18:24:50 - [MESSAGE][PASSED] - Wait for page load successfully

2018-10-01 18:24:50 - [MESSAGE][PASSED] - beautytap.GeneralAction.logout is PASSED

2018-10-01 18:24:50 - [TEST_STEP][PASSED] - beautytap.GeneralAction.clickNavigationMenu: beautytap.GeneralAction.clickNavigationMenu is PASSED

2018-10-01 18:24:57 - [MESSAGE][PASSED] - Object: 'Object Repository/Page_General/link_login' is clicked on

2018-10-01 18:24:57 - [MESSAGE][PASSED] - Wait for page load successfully

2018-10-01 18:24:57 - [MESSAGE][PASSED] - beautytap.GeneralAction.clickNavigationMenu is PASSED

2018-10-01 18:24:57 - [TEST_STEP][PASSED] - click: Object: 'Object Repository/Page_Login/link_forgotPassword' is clicked on

2018-10-01 18:24:59 - [MESSAGE][PASSED] - Object: 'Object Repository/Page_Login/link_forgotPassword' is clicked on

2018-10-01 18:24:59 - [TEST_STEP][PASSED] - sendKeys: Keys 'auto362655' sent to object: 'Object Repository/Page_ForgotPassword/txt_usernameOrEmail'

2018-10-01 18:24:59 - [MESSAGE][PASSED] - Keys 'auto362655' sent to object: 'Object Repository/Page_ForgotPassword/txt_usernameOrEmail'

2018-10-01 18:24:59 - [TEST_STEP][PASSED] - click: Object: 'Object Repository/Page_ForgotPassword/btn_forgotPassword' is clicked on

2018-10-01 18:25:00 - [MESSAGE][PASSED] - Object: 'Object Repository/Page_ForgotPassword/btn_forgotPassword' is clicked on

2018-10-01 18:25:00 - [TEST_STEP][PASSED] - verifyElementPresent: Object 'Object Repository/Page_ForgotPassword/lbl_sucessMessage' is present

2018-10-01 18:25:03 - [MESSAGE][PASSED] - Object 'Object Repository/Page_ForgotPassword/lbl_sucessMessage' is present

2018-10-01 18:25:03 - [TEST_STEP][PASSED] - beautytap.GeneralAction.openMailBox: beautytap.GeneralAction.openMailBox is PASSED

2018-10-01 18:25:05 - [MESSAGE][PASSED] - Navigate to 'https://www.mailinator.com' successfully

2018-10-01 18:25:05 - [MESSAGE][PASSED] - Wait for page load successfully

2018-10-01 18:25:05 - [MESSAGE][PASSED] - Keys 'auto362655' sent to object: 'Object Repository/Page_mailinator/txt_email'

2018-10-01 18:25:11 - [MESSAGE][PASSED] - Object: 'Object Repository/Page_mailinator/btn_go' is clicked on

2018-10-01 18:25:11 - [MESSAGE][PASSED] - Wait for page load successfully

2018-10-01 18:25:16 - [MESSAGE][PASSED] - Delayed 5 second(s)

2018-10-01 18:25:16 - [MESSAGE][PASSED] - beautytap.GeneralAction.openMailBox is PASSED

2018-10-01 18:25:16 - [TEST_STEP][PASSED] - beautytap.GeneralAction.verifyEmailExist: beautytap.GeneralAction.verifyEmailExist is PASSED

2018-10-01 18:25:16 - [MESSAGE][PASSED] - Object '' is present

2018-10-01 18:25:16 - [MESSAGE][PASSED] - beautytap.GeneralAction.verifyEmailExist is PASSED

2018-10-01 18:25:16 - [TEST_STEP][PASSED] - beautytap.GeneralAction.openEmail: beautytap.GeneralAction.openEmail is PASSED

2018-10-01 18:25:16 - [MESSAGE][PASSED] - Object: '' is clicked on

2018-10-01 18:25:16 - [MESSAGE][PASSED] - beautytap.GeneralAction.openEmail is PASSED

2018-10-01 18:25:16 - [TEST_STEP][PASSED] - beautytap.GeneralAction.clickEmailLink: beautytap.GeneralAction.clickEmailLink is PASSED

2018-10-01 18:25:17 - [MESSAGE][PASSED] - Text of object '' is: 'https://stage.beautytap.com/wp-login.php?action=rp&key=Bum5NPVaGskgKIT0czWf&login=auto362655'

2018-10-01 18:25:25 - [MESSAGE][PASSED] - Navigate to 'https://stage.beautytap.com/wp-login.php?action=rp&key=Bum5NPVaGskgKIT0czWf&login=auto362655' successfully

2018-10-01 18:25:25 - [MESSAGE][PASSED] - beautytap.GeneralAction.clickEmailLink is PASSED

2018-10-01 18:25:25 - [TEST_STEP][PASSED] - delay: Delayed 20 second(s)

2018-10-01 18:25:45 - [MESSAGE][PASSED] - Delayed 20 second(s)

2018-10-01 18:25:45 - [TEST_STEP][PASSED] - clearText: Text of object 'Object Repository/Page_ForgotPassword/txt_newPassword' is cleared

2018-10-01 18:25:45 - [MESSAGE][PASSED] - Text of object 'Object Repository/Page_ForgotPassword/txt_newPassword' is cleared

2018-10-01 18:25:45 - [TEST_STEP][PASSED] - sendKeys: Keys 'test123' sent to object: 'Object Repository/Page_ForgotPassword/txt_newPassword'

2018-10-01 18:25:45 - [MESSAGE][PASSED] - Keys 'test123' sent to object: 'Object Repository/Page_ForgotPassword/txt_newPassword'

2018-10-01 18:25:45 - [TEST_STEP][PASSED] - click: Object: 'Object Repository/Page_ForgotPassword/btn_resetPassword' is clicked on

2018-10-01 18:25:51 - [MESSAGE][PASSED] - Object: 'Object Repository/Page_ForgotPassword/btn_resetPassword' is clicked on

2018-10-01 18:25:51 - [TEST_STEP][PASSED] - verifyElementPresent: Object 'Object Repository/Page_ForgotPassword/lbl_resetPasswordMessage' is present

2018-10-01 18:25:51 - [MESSAGE][PASSED] - Object 'Object Repository/Page_ForgotPassword/lbl_resetPasswordMessage' is present

2018-10-01 18:25:51 - [TEST_STEP][PASSED] - beautytap.GeneralAction.clickNavigationMenu: beautytap.GeneralAction.clickNavigationMenu is PASSED

2018-10-01 18:25:53 - [MESSAGE][PASSED] - Object: 'Object Repository/Page_General/link_login' is clicked on

2018-10-01 18:25:53 - [MESSAGE][PASSED] - Wait for page load successfully

2018-10-01 18:25:53 - [MESSAGE][PASSED] - beautytap.GeneralAction.clickNavigationMenu is PASSED

2018-10-01 18:25:53 - [TEST_STEP][PASSED] - beautytap.GeneralAction.login: beautytap.GeneralAction.login is PASSED

2018-10-01 18:25:53 - [MESSAGE][PASSED] - Text of object 'Object Repository/Page_login/txt_username' is cleared

2018-10-01 18:25:54 - [MESSAGE][PASSED] - Keys 'auto362655' sent to object: 'Object Repository/Page_login/txt_username'

2018-10-01 18:25:54 - [MESSAGE][PASSED] - Text of object 'Object Repository/Page_login/txt_password' is cleared

2018-10-01 18:25:54 - [MESSAGE][PASSED] - Keys '123456' sent to object: 'Object Repository/Page_login/txt_password'

2018-10-01 18:25:54 - [MESSAGE][PASSED] - Object: 'Object Repository/Page_login/btn_login' is clicked on

2018-10-01 18:25:54 - [MESSAGE][PASSED] - Wait for page load successfully

2018-10-01 18:25:54 - [MESSAGE][PASSED] - beautytap.GeneralAction.login is PASSED

2018-10-01 18:25:54 - [TEST_STEP][PASSED] - verifyElementText: Actual text and expected text of test object 'Object Repository/Page_Login/lbl_errorMessage' are matched.

2018-10-01 18:25:55 - [MESSAGE][PASSED] - Actual text and expected text of test object 'Object Repository/Page_Login/lbl_errorMessage' are matched.

2018-10-01 18:25:55 - [TEST_STEP][PASSED] - beautytap.GeneralAction.login: beautytap.GeneralAction.login is PASSED

2018-10-01 18:25:55 - [MESSAGE][PASSED] - Text of object 'Object Repository/Page_login/txt_username' is cleared

2018-10-01 18:25:55 - [MESSAGE][PASSED] - Keys 'auto362655' sent to object: 'Object Repository/Page_login/txt_username'

2018-10-01 18:25:55 - [MESSAGE][PASSED] - Text of object 'Object Repository/Page_login/txt_password' is cleared

2018-10-01 18:25:55 - [MESSAGE][PASSED] - Keys 'test123' sent to object: 'Object Repository/Page_login/txt_password'

2018-10-01 18:25:55 - [MESSAGE][PASSED] - Object: 'Object Repository/Page_login/btn_login' is clicked on

2018-10-01 18:25:55 - [MESSAGE][PASSED] - Wait for page load successfully

2018-10-01 18:25:55 - [MESSAGE][PASSED] - beautytap.GeneralAction.login is PASSED

2018-10-01 18:25:55 - [TEST_STEP][PASSED] - verifyElementPresent: Object 'Object Repository/Page_General/link_avatar' is present

2018-10-01 18:26:06 - [MESSAGE][PASSED] - Object 'Object Repository/Page_General/link_avatar' is present

2018-10-01 18:26:06 - [TEST_STEP][PASSED] - beautytap.GeneralAction.logout: beautytap.GeneralAction.logout is PASSED

2018-10-01 18:26:06 - [MESSAGE][PASSED] - Object: 'Object Repository/Page_General/link_avatar' is clicked on

2018-10-01 18:26:07 - [MESSAGE][PASSED] - Object 'Object Repository/Page_General/menu_logout' is present

2018-10-01 18:26:07 - [MESSAGE][PASSED] - Object: 'Object Repository/Page_General/menu_logout' is clicked on

2018-10-01 18:26:07 - [MESSAGE][PASSED] - Wait for page load successfully

2018-10-01 18:26:07 - [MESSAGE][PASSED] - beautytap.GeneralAction.logout is PASSED

2018-10-01 18:26:07 - [TEST_STEP][PASSED] - beautytap.GeneralAction.clickNavigationMenu: beautytap.GeneralAction.clickNavigationMenu is PASSED

2018-10-01 18:26:14 - [MESSAGE][PASSED] - Object: 'Object Repository/Page_General/link_login' is clicked on

2018-10-01 18:26:14 - [MESSAGE][PASSED] - Wait for page load successfully

2018-10-01 18:26:14 - [MESSAGE][PASSED] - beautytap.GeneralAction.clickNavigationMenu is PASSED

2018-10-01 18:26:14 - [TEST_STEP][PASSED] - beautytap.GeneralAction.login: beautytap.GeneralAction.login is PASSED

2018-10-01 18:26:14 - [MESSAGE][PASSED] - Text of object 'Object Repository/Page_login/txt_username' is cleared

2018-10-01 18:26:14 - [MESSAGE][PASSED] - Keys 'auto362655@mailinator.com' sent to object: 'Object Repository/Page_login/txt_username'

2018-10-01 18:26:14 - [MESSAGE][PASSED] - Text of object 'Object Repository/Page_login/txt_password' is cleared

2018-10-01 18:26:15 - [MESSAGE][PASSED] - Keys 'test123' sent to object: 'Object Repository/Page_login/txt_password'

2018-10-01 18:26:15 - [MESSAGE][PASSED] - Object: 'Object Repository/Page_login/btn_login' is clicked on

2018-10-01 18:26:15 - [MESSAGE][PASSED] - Wait for page load successfully

2018-10-01 18:26:15 - [MESSAGE][PASSED] - beautytap.GeneralAction.login is PASSED

2018-10-01 18:26:15 - [TEST_STEP][PASSED] - verifyElementPresent: Object 'Object Repository/Page_General/link_avatar' is present

2018-10-01 18:26:23 - [MESSAGE][PASSED] - Object 'Object Repository/Page_General/link_avatar' is present

2018-10-01 18:26:23 - [TEST_STEP][PASSED] - beautytap.GeneralAction.logout: beautytap.GeneralAction.logout is PASSED

2018-10-01 18:26:23 - [MESSAGE][PASSED] - Object: 'Object Repository/Page_General/link_avatar' is clicked on

2018-10-01 18:26:24 - [MESSAGE][PASSED] - Object 'Object Repository/Page_General/menu_logout' is present

2018-10-01 18:26:24 - [MESSAGE][PASSED] - Object: 'Object Repository/Page_General/menu_logout' is clicked on

2018-10-01 18:26:24 - [MESSAGE][PASSED] - Wait for page load successfully

2018-10-01 18:26:25 - [MESSAGE][PASSED] - Browser is closed

2018-10-01 18:26:25 - [MESSAGE][PASSED] - beautytap.GeneralAction.logout is PASSED]]></system-out>
         <system-err><![CDATA[]]></system-err>
      </testcase>
      <system-out><![CDATA[2018-10-01 18:23:08 - [TEST_SUITE][PASSED] - Demo: Test Cases/SignUp_Login_ResetPass/TC01_SignUp_Login_ResetPassword_Via_Email]]></system-out>
      <system-err><![CDATA[]]></system-err>
   </testsuite>
</testsuites>
