<?xml version="1.0" encoding="UTF-8"?>
<testsuites name="TS1" time="176" tests="1" failures="0" errors="0">
   <testsuite name="TS1" tests="1" failures="0" errors="0" time="176" timestamp="2018-09-20 17:24:40" hostname="Trang Nguyen - DESKTOP-G1UHP65" id="Test Suites/TS1">
      <properties>
         <property name="deviceName" value=""/>
         <property name="devicePlatform" value=""/>
         <property name="logFolder" value="E:\\BeautytapAutomation\\beautytapAuto\\Beautytap\\Reports\\TS1\\20180920_172433"/>
         <property name="logFiles" value="E:\\BeautytapAutomation\\beautytapAuto\\Beautytap\\Reports\\TS1\\20180920_172433\\execution0.log"/>
         <property name="attachments" value="E:\\BeautytapAutomation\\beautytapAuto\\Beautytap\\Reports\\TS1\\20180920_172433\\1537439182723.png, E:\\BeautytapAutomation\\beautytapAuto\\Beautytap\\Reports\\TS1\\20180920_172433\\1537439253449.png"/>
         <property name="hostName" value="Trang Nguyen - DESKTOP-G1UHP65"/>
         <property name="os" value="Windows 10 64bit"/>
         <property name="katalonVersion" value="5.5.0.1"/>
         <property name="browser" value="Chrome 69.0.3497.100"/>
         <property name="hostAddress" value="10.0.0.86"/>
         <property name="sessionId" value="a2204243b68b7aaa3a88dfb89fedf351"/>
         <property name="seleniumVersion" value="3.7.1"/>
         <property name="proxyInformation" value="ProxyInformation{proxyOption=NO_PROXY, proxyServerType=HTTP, password=, proxyServerAddress=, proxyServerPort=0}"/>
         <property name="platform" value="Windows 10"/>
      </properties>
      <testcase name="Test Cases/Shop/TC04_Search_VariationProduct_NotSale_AmazonPay_GreaterThan200" classname="Test Cases/Shop/TC04_Search_VariationProduct_NotSale_AmazonPay_GreaterThan200" status="PASSED">
         <system-out><![CDATA[2018-09-20 17:24:42 - [TEST_CASE][PASSED] - Test Cases/Shop/TC04_Search_VariationProduct_NotSale_AmazonPay_GreaterThan200: Test Cases/Shop/TC04_Search_VariationProduct_NotSale_AmazonPay_GreaterThan200

2018-09-20 17:24:47 - [TEST_STEP][PASSED] - Statement - productName = VARIATION_PRODUCT: null

2018-09-20 17:24:47 - [TEST_STEP][PASSED] - Statement - price = VARIATION_PRICE1: null

2018-09-20 17:24:48 - [TEST_STEP][PASSED] - Statement - variation = VARIATION_NAME1: null

2018-09-20 17:24:48 - [TEST_STEP][PASSED] - Statement - r_string = new java.lang.Math().random().toString().substring(2, 8): null

2018-09-20 17:24:48 - [TEST_STEP][PASSED] - Statement - email = "auto" + r_string + "@mailinator.com": null

2018-09-20 17:24:48 - [TEST_STEP][PASSED] - Statement - orderNote = "auto" + r_string + "Order": null

2018-09-20 17:24:48 - [TEST_STEP][PASSED] - Statement - currentNumberItemInCart = <not implemented yet for class: org.codehaus.groovy.ast.expr.EmptyExpression>: null

2018-09-20 17:24:48 - [TEST_STEP][PASSED] - Statement - quantity = 8: null

2018-09-20 17:24:48 - [TEST_STEP][PASSED] - Statement - subtotal = CustomKeywords.beautytap.ShopAction.calculateTotal(quantity, price): beautytap.ShopAction.calculateTotal is PASSED

2018-09-20 17:24:49 - [MESSAGE][PASSED] - beautytap.ShopAction.calculateTotal is PASSED

2018-09-20 17:24:49 - [TEST_STEP][PASSED] - Statement - total = subtotal: null

2018-09-20 17:24:49 - [TEST_STEP][PASSED] - Statement - total = CustomKeywords.beautytap.ShopAction.calculateTotal(1, total): beautytap.ShopAction.calculateTotal is PASSED

2018-09-20 17:24:49 - [MESSAGE][PASSED] - beautytap.ShopAction.calculateTotal is PASSED

2018-09-20 17:24:49 - [TEST_STEP][PASSED] - Statement - products = new org.json.JSONArray((((((((([{"productname":" + productName) + ","variation":") + variation) + ","quantity":") + quantity) + ","price":") + price) + "}])): null

2018-09-20 17:24:49 - [TEST_STEP][PASSED] - Statement - billingInformation = new org.json.JSONObject((({"firstname":"Test","lastname":"Automation","country":"United States (US)","address":"123 Testing","city":"New York","state":"New York","zip":"90012","email":" + email) + "})): null

2018-09-20 17:24:49 - [TEST_STEP][PASSED] - Statement - shippingLabel = FREE_EMS_SHIPPING_LABEL: null

2018-09-20 17:24:49 - [TEST_STEP][PASSED] - Statement - shippingPrice = 0: null

2018-09-20 17:24:49 - [TEST_STEP][PASSED] - Statement - shippingType = "freeEMS": null

2018-09-20 17:24:49 - [TEST_STEP][PASSED] - Statement - paymentMethod = "Amazon Pay": null

2018-09-20 17:24:49 - [TEST_STEP][PASSED] - beautytap.GeneralAction.openBeautytap: beautytap.GeneralAction.openBeautytap is PASSED

2018-09-20 17:25:24 - [MESSAGE][PASSED] - Browser is opened with url: 'https://stage.beautytap.com'

2018-09-20 17:25:25 - [MESSAGE][PASSED] - Current window maximized

2018-09-20 17:25:31 - [MESSAGE][PASSED] - Refresh successfully

2018-09-20 17:25:31 - [MESSAGE][PASSED] - Wait for page load successfully

2018-09-20 17:25:31 - [MESSAGE][PASSED] - beautytap.GeneralAction.openBeautytap is PASSED

2018-09-20 17:25:31 - [TEST_STEP][PASSED] - beautytap.ShopAction.globalSearch: beautytap.ShopAction.globalSearch is PASSED

2018-09-20 17:25:33 - [MESSAGE][PASSED] - Object: 'Object Repository/Page_General/icon_search' is clicked on

2018-09-20 17:25:38 - [MESSAGE][PASSED] - Delayed 5 second(s)

2018-09-20 17:25:39 - [MESSAGE][PASSED] - Text of object 'Object Repository/Page_General/txt_search' is cleared

2018-09-20 17:25:39 - [MESSAGE][PASSED] - Keys 'CONTROL + v' sent to object: 'Object Repository/Page_General/txt_search'

2018-09-20 17:25:42 - [MESSAGE][PASSED] - Object 'Object Repository/Page_General/div_searchResult' is present

2018-09-20 17:25:42 - [MESSAGE][PASSED] - beautytap.ShopAction.globalSearch is PASSED

2018-09-20 17:25:42 - [TEST_STEP][PASSED] - beautytap.ShopAction.VerifyProductOnSearchResult: Keyword VerifyProductOnSearchResult is Passed

2018-09-20 17:25:43 - [MESSAGE][PASSED] - Object '' is present

2018-09-20 17:25:43 - [MESSAGE][PASSED] - Text of object '' is: '$26.70'

2018-09-20 17:25:43 - [MESSAGE][PASSED] - Get CSS 'color' value on '' successfully: 'rgba(255, 35, 134, 1)'.

2018-09-20 17:25:43 - [MESSAGE][PASSED] - Get CSS 'color' value on '' successfully: 'rgba(255, 35, 134, 1)'.

2018-09-20 17:25:43 - [MESSAGE][PASSED] - Keyword VerifyProductOnSearchResult is Passed

2018-09-20 17:25:43 - [TEST_STEP][PASSED] - beautytap.ShopAction.selectProductOnSearchResult: beautytap.ShopAction.selectProductOnSearchResult is PASSED

2018-09-20 17:25:48 - [MESSAGE][PASSED] - Object: '' is clicked on

2018-09-20 17:25:48 - [MESSAGE][PASSED] - Wait for page load successfully

2018-09-20 17:25:48 - [MESSAGE][PASSED] - beautytap.ShopAction.selectProductOnSearchResult is PASSED

2018-09-20 17:25:48 - [TEST_STEP][PASSED] - beautytap.ShopAction.selectProductVariation: beautytap.ShopAction.selectProductVariation is PASSED

2018-09-20 17:25:49 - [MESSAGE][PASSED] - Object: 'Object Repository/Page_Shop/drop_chooseOption' is clicked on

2018-09-20 17:25:50 - [MESSAGE][PASSED] - Delayed 1 second(s)

2018-09-20 17:25:50 - [MESSAGE][PASSED] - Object: '' is clicked on

2018-09-20 17:25:50 - [MESSAGE][PASSED] - beautytap.ShopAction.selectProductVariation is PASSED

2018-09-20 17:25:50 - [TEST_STEP][PASSED] - beautytap.ShopAction.VerifyProductDetails: Keyword VerifyProductDetails is Passed

2018-09-20 17:25:50 - [MESSAGE][PASSED] - Text of object '' is: 'MeloMELI Unicorn Heart Lake Cushion â€” 2 Choices'

2018-09-20 17:25:51 - [MESSAGE][PASSED] - All options with label 'Vanilla Beige' are selected in object 'Object Repository/Page_Shop/drop_chooseOption' 

2018-09-20 17:25:51 - [MESSAGE][PASSED] - Text of object '' is: '$26.70'

2018-09-20 17:25:51 - [MESSAGE][PASSED] - Get CSS 'color' value on '' successfully: 'rgba(255, 35, 134, 1)'.

2018-09-20 17:25:51 - [MESSAGE][PASSED] - Keyword VerifyProductDetails is Passed

2018-09-20 17:25:51 - [TEST_STEP][PASSED] - Statement - currentNumberItemInCart = CustomKeywords.beautytap.ShopAction.getNumberItemInCart(): beautytap.ShopAction.getNumberItemInCart is PASSED

2018-09-20 17:26:23 - [MESSAGE][WARNING] - com.kms.katalon.core.webui.exception.WebElementNotFoundException: Web element with id: '' located by 'By.xpath: //div[@class='header-right-top pull-right']/a[@class='shop-cart']/span[@class='number-cart']' not found
[[ATTACHMENT|E:\\BeautytapAutomation\\beautytapAuto\\Beautytap\\Reports\\TS1\\20180920_172433\\1537439182723.png]]

2018-09-20 17:26:23 - [MESSAGE][PASSED] - beautytap.ShopAction.getNumberItemInCart is PASSED

2018-09-20 17:26:23 - [TEST_STEP][PASSED] - beautytap.ShopAction.addProductToCart: beautytap.ShopAction.addProductToCart is PASSED

2018-09-20 17:26:23 - [MESSAGE][PASSED] - Text of object 'Object Repository/Page_Shop/txt_quantity' is cleared

2018-09-20 17:26:23 - [MESSAGE][PASSED] - Keys '8' sent to object: 'Object Repository/Page_Shop/txt_quantity'

2018-09-20 17:26:23 - [MESSAGE][PASSED] - Object: 'Object Repository/Page_Shop/btn_addToCart' is clicked on

2018-09-20 17:26:23 - [MESSAGE][PASSED] - Wait for page load successfully

2018-09-20 17:26:28 - [MESSAGE][PASSED] - Object 'Object Repository/Page_Shop/lbl_message' is present

2018-09-20 17:26:28 - [MESSAGE][PASSED] - beautytap.ShopAction.addProductToCart is PASSED

2018-09-20 17:26:28 - [TEST_STEP][PASSED] - beautytap.ShopAction.VerifyNumberItemInCart: Keyword VerifyNumberItemInCart is Passed, Number item in cart is 8, expected is 8

2018-09-20 17:26:28 - [MESSAGE][PASSED] - Object '' is present

2018-09-20 17:26:29 - [MESSAGE][PASSED] - Text of object '' is: '8'

2018-09-20 17:26:29 - [MESSAGE][PASSED] - Keyword VerifyNumberItemInCart is Passed, Number item in cart is 8, expected is 8

2018-09-20 17:26:29 - [TEST_STEP][PASSED] - beautytap.ShopAction.VerifyProductIsAddedToCart: beautytap.ShopAction.VerifyProductIsAddedToCart is PASSED

2018-09-20 17:26:29 - [MESSAGE][PASSED] - Object '' is present

2018-09-20 17:26:29 - [MESSAGE][PASSED] - beautytap.ShopAction.VerifyProductIsAddedToCart is PASSED

2018-09-20 17:26:29 - [TEST_STEP][PASSED] - beautytap.ShopAction.goToCart: beautytap.ShopAction.goToCart is PASSED

2018-09-20 17:26:34 - [MESSAGE][PASSED] - Object: 'Object Repository/Page_General/icon_cart' is clicked on

2018-09-20 17:26:34 - [MESSAGE][PASSED] - Wait for page load successfully

2018-09-20 17:26:34 - [MESSAGE][PASSED] - beautytap.ShopAction.goToCart is PASSED

2018-09-20 17:26:34 - [TEST_STEP][PASSED] - beautytap.ShopAction.VerifyProductInCart: Keyword VerifyProductInCart is Passed

2018-09-20 17:26:34 - [MESSAGE][PASSED] - Object '' is present

2018-09-20 17:26:34 - [MESSAGE][PASSED] - Text of object '' is: '$26.70'

2018-09-20 17:26:34 - [MESSAGE][PASSED] - Attribute 'value' of object '' is: '8'

2018-09-20 17:26:34 - [MESSAGE][PASSED] - Text of object '' is: '$213.60'

2018-09-20 17:26:34 - [MESSAGE][PASSED] - Keyword VerifyProductInCart is Passed

2018-09-20 17:26:34 - [TEST_STEP][PASSED] - beautytap.ShopAction.processToCheckout: beautytap.ShopAction.processToCheckout is PASSED

2018-09-20 17:26:38 - [MESSAGE][PASSED] - Object: 'Object Repository/Page_Cart/btn_checkout' is clicked on

2018-09-20 17:26:38 - [MESSAGE][PASSED] - Wait for page load successfully

2018-09-20 17:26:38 - [MESSAGE][PASSED] - beautytap.ShopAction.processToCheckout is PASSED

2018-09-20 17:26:38 - [TEST_STEP][PASSED] - beautytap.ShopAction.loginAmazonPay: beautytap.ShopAction.loginAmazonPay is PASSED

2018-09-20 17:26:38 - [MESSAGE][PASSED] - Object: 'Object Repository/Page_Checkout/btn_amazonPay' is clicked on

2018-09-20 17:26:38 - [MESSAGE][PASSED] - Switched to window with index: '1'

2018-09-20 17:26:40 - [MESSAGE][PASSED] - Object 'Object Repository/Popup_Amazon/txt_email' is present

2018-09-20 17:26:40 - [MESSAGE][PASSED] - Text of object 'Object Repository/Popup_Amazon/txt_email' is cleared

2018-09-20 17:26:40 - [MESSAGE][PASSED] - Keys 'amazontest1503@yopmail.com' sent to object: 'Object Repository/Popup_Amazon/txt_email'

2018-09-20 17:26:40 - [MESSAGE][PASSED] - Text of object 'Object Repository/Popup_Amazon/txt_password' is cleared

2018-09-20 17:26:40 - [MESSAGE][PASSED] - Keys '123456' sent to object: 'Object Repository/Popup_Amazon/txt_password'

2018-09-20 17:26:43 - [MESSAGE][PASSED] - Object: 'Object Repository/Popup_Amazon/btn_signin' is clicked on

2018-09-20 17:26:43 - [MESSAGE][PASSED] - Switched to window with index: '0'

2018-09-20 17:27:13 - [MESSAGE][PASSED] - Delayed 30 second(s)

2018-09-20 17:27:13 - [MESSAGE][PASSED] - beautytap.ShopAction.loginAmazonPay is PASSED

2018-09-20 17:27:13 - [TEST_STEP][PASSED] - beautytap.ShopAction.VerifyOrderDetailsOnCheckout: Keyword VerifyOrderDetailsOnCheckout is Passed

2018-09-20 17:27:13 - [MESSAGE][PASSED] - Object '' is present

2018-09-20 17:27:13 - [MESSAGE][PASSED] - Text of object '' is: '$213.60'

2018-09-20 17:27:13 - [MESSAGE][PASSED] - Text of object '' is: 'Free EMS shipping (over $200)
Why does shipping take this long?'

2018-09-20 17:27:13 - [MESSAGE][PASSED] - Text of object '' is: '$213.60'

2018-09-20 17:27:13 - [MESSAGE][PASSED] - Keyword VerifyOrderDetailsOnCheckout is Passed

2018-09-20 17:27:13 - [TEST_STEP][PASSED] - beautytap.ShopAction.checkoutViaAmazonPay: beautytap.ShopAction.checkoutViaAmazonPay is PASSED

2018-09-20 17:27:13 - [MESSAGE][PASSED] - Object 'Object Repository/Page_Checkout/chk_terms' is clickable

2018-09-20 17:27:13 - [MESSAGE][PASSED] - Object 'Object Repository/Page_Checkout/chk_terms' is checked

2018-09-20 17:27:14 - [MESSAGE][PASSED] - Object: 'Object Repository/Page_Checkout/btn_placeOrder' is clicked on

2018-09-20 17:27:28 - [MESSAGE][PASSED] - Object 'Object Repository/Page_Checkout/lbl_orderReceived' is present

2018-09-20 17:27:28 - [MESSAGE][PASSED] - beautytap.ShopAction.checkoutViaAmazonPay is PASSED

2018-09-20 17:27:28 - [TEST_STEP][PASSED] - beautytap.ShopAction.VerifyOrderReceivedDetails: Keyword VerifyOrderReceivedDetails is Passed

2018-09-20 17:27:28 - [MESSAGE][PASSED] - Object '' is present

2018-09-20 17:27:28 - [MESSAGE][PASSED] - Text of object '' is: '$213.60'

2018-09-20 17:27:28 - [MESSAGE][PASSED] - Text of object '' is: 'Free EMS shipping (over $200)'

2018-09-20 17:27:33 - [MESSAGE][WARNING] - com.kms.katalon.core.webui.exception.WebElementNotFoundException: Web element with id: '' located by 'By.xpath: //th[text()='Shipping:']/parent::tr/td/span' not found
[[ATTACHMENT|E:\\BeautytapAutomation\\beautytapAuto\\Beautytap\\Reports\\TS1\\20180920_172433\\1537439253449.png]]

2018-09-20 17:27:33 - [MESSAGE][PASSED] - Text of object '' is: 'Amazon Pay'

2018-09-20 17:27:33 - [MESSAGE][PASSED] - Text of object '' is: '$213.60'

2018-09-20 17:27:33 - [MESSAGE][PASSED] - Keyword VerifyOrderReceivedDetails is Passed

2018-09-20 17:27:33 - [TEST_STEP][PASSED] - closeBrowser: Browser is closed

2018-09-20 17:27:34 - [MESSAGE][PASSED] - Browser is closed]]></system-out>
         <system-err><![CDATA[]]></system-err>
      </testcase>
      <system-out><![CDATA[2018-09-20 17:24:40 - [TEST_SUITE][PASSED] - TS1: Test Cases/Shop/TC04_Search_VariationProduct_NotSale_AmazonPay_GreaterThan200]]></system-out>
      <system-err><![CDATA[]]></system-err>
   </testsuite>
</testsuites>
