<?xml version="1.0" encoding="UTF-8"?>
<testsuites name="TS1" time="1202" tests="6" failures="0" errors="0">
   <testsuite name="TS1" tests="6" failures="0" errors="0" time="1202" timestamp="2018-09-05 15:14:02" hostname="Trang Nguyen - DESKTOP-G1UHP65" id="Test Suites/TS1">
      <properties>
         <property name="deviceName" value=""/>
         <property name="devicePlatform" value=""/>
         <property name="logFolder" value="E:\\BeautytapAutomation\\beautytapAuto\\Beautytap\\Reports\\TS1\\20180905_151359"/>
         <property name="logFiles" value="E:\\BeautytapAutomation\\beautytapAuto\\Beautytap\\Reports\\TS1\\20180905_151359\\execution0.log"/>
         <property name="attachments" value="E:\\BeautytapAutomation\\beautytapAuto\\Beautytap\\Reports\\TS1\\20180905_151359\\1536135796579.png, E:\\BeautytapAutomation\\beautytapAuto\\Beautytap\\Reports\\TS1\\20180905_151359\\1536135834946.png, E:\\BeautytapAutomation\\beautytapAuto\\Beautytap\\Reports\\TS1\\20180905_151359\\1536135956742.png, E:\\BeautytapAutomation\\beautytapAuto\\Beautytap\\Reports\\TS1\\20180905_151359\\1536136057655.png, E:\\BeautytapAutomation\\beautytapAuto\\Beautytap\\Reports\\TS1\\20180905_151359\\1536136098235.png, E:\\BeautytapAutomation\\beautytapAuto\\Beautytap\\Reports\\TS1\\20180905_151359\\1536136144718.png, E:\\BeautytapAutomation\\beautytapAuto\\Beautytap\\Reports\\TS1\\20180905_151359\\1536136273226.png, E:\\BeautytapAutomation\\beautytapAuto\\Beautytap\\Reports\\TS1\\20180905_151359\\1536136321690.png, E:\\BeautytapAutomation\\beautytapAuto\\Beautytap\\Reports\\TS1\\20180905_151359\\1536136372069.png"/>
         <property name="hostName" value="Trang Nguyen - DESKTOP-G1UHP65"/>
         <property name="os" value="Windows 10 64bit"/>
         <property name="katalonVersion" value="5.5.0.1"/>
         <property name="browser" value="Chrome 68.0.3440.106"/>
         <property name="hostAddress" value="10.0.0.64"/>
         <property name="sessionId" value="62428583bfa8ea19e1a931c6b8c0151e"/>
         <property name="seleniumVersion" value="3.7.1"/>
         <property name="proxyInformation" value="ProxyInformation{proxyOption=NO_PROXY, proxyServerType=HTTP, password=, proxyServerAddress=, proxyServerPort=0}"/>
         <property name="platform" value="Windows 10"/>
      </properties>
      <testcase name="Test Cases/SignUp_Login_ResetPass/TC01_SignUp_Login_ResetPassword_Via_Email" classname="Test Cases/SignUp_Login_ResetPass/TC01_SignUp_Login_ResetPassword_Via_Email" status="PASSED">
         <system-out><![CDATA[2018-09-05 15:14:02 - [TEST_CASE][PASSED] - Test Cases/SignUp_Login_ResetPass/TC01_SignUp_Login_ResetPassword_Via_Email: Test Cases/SignUp_Login_ResetPass/TC01_SignUp_Login_ResetPassword_Via_Email

2018-09-05 15:14:03 - [TEST_STEP][PASSED] - Statement - r_string = new java.lang.Math().random().toString().substring(2, 8): null

2018-09-05 15:14:03 - [TEST_STEP][PASSED] - Statement - username = "auto" + r_string: null

2018-09-05 15:14:03 - [TEST_STEP][PASSED] - Statement - email = username + "@mailinator.com": null

2018-09-05 15:14:03 - [TEST_STEP][PASSED] - Statement - password = "123456": null

2018-09-05 15:14:03 - [TEST_STEP][PASSED] - Statement - newpassword = "test123": null

2018-09-05 15:14:03 - [TEST_STEP][PASSED] - Statement - name = "Auto User " + r_string: null

2018-09-05 15:14:03 - [TEST_STEP][PASSED] - Statement - birthday = "01/01/1990": null

2018-09-05 15:14:04 - [TEST_STEP][PASSED] - Statement - activation_subject = SITE_TITLE + " Activate your account": null

2018-09-05 15:14:04 - [TEST_STEP][PASSED] - Statement - resetpass_subject = SITE_TITLE + " Password Reset": null

2018-09-05 15:14:04 - [TEST_STEP][PASSED] - beautytap.GeneralAction.openBeautytap: beautytap.GeneralAction.openBeautytap is PASSED

2018-09-05 15:14:28 - [MESSAGE][PASSED] - Browser is opened with url: 'https://stage.beautytap.com'

2018-09-05 15:14:29 - [MESSAGE][PASSED] - Current window maximized

2018-09-05 15:14:32 - [MESSAGE][PASSED] - Refresh successfully

2018-09-05 15:14:32 - [MESSAGE][PASSED] - Wait for page load successfully

2018-09-05 15:14:32 - [MESSAGE][PASSED] - beautytap.GeneralAction.openBeautytap is PASSED

2018-09-05 15:14:32 - [TEST_STEP][PASSED] - beautytap.GeneralAction.clickNavigationMenu: beautytap.GeneralAction.clickNavigationMenu is PASSED

2018-09-05 15:14:35 - [MESSAGE][PASSED] - Object: 'Object Repository/Page_General/link_signup' is clicked on

2018-09-05 15:14:35 - [MESSAGE][PASSED] - Wait for page load successfully

2018-09-05 15:14:35 - [MESSAGE][PASSED] - beautytap.GeneralAction.clickNavigationMenu is PASSED

2018-09-05 15:14:35 - [TEST_STEP][PASSED] - beautytap.GeneralAction.signup: beautytap.GeneralAction.signup is PASSED

2018-09-05 15:14:35 - [MESSAGE][PASSED] - Keys 'auto745913' sent to object: 'Object Repository/Page_Signup/txt_username'

2018-09-05 15:14:36 - [MESSAGE][PASSED] - Keys 'auto745913@mailinator.com' sent to object: 'Object Repository/Page_Signup/txt_email'

2018-09-05 15:14:36 - [MESSAGE][PASSED] - Keys '123456' sent to object: 'Object Repository/Page_Signup/txt_password'

2018-09-05 15:14:36 - [MESSAGE][PASSED] - Keys 'Auto User 745913' sent to object: 'Object Repository/Page_Signup/txt_name'

2018-09-05 15:14:37 - [MESSAGE][PASSED] - Keys '01/01/1990' sent to object: 'Object Repository/Page_Signup/txt_birthday'

2018-09-05 15:14:37 - [MESSAGE][PASSED] - Object: 'Object Repository/Page_Signup/btn_signup' is clicked on

2018-09-05 15:14:37 - [MESSAGE][PASSED] - Wait for page load successfully

2018-09-05 15:14:37 - [MESSAGE][PASSED] - beautytap.GeneralAction.signup is PASSED

2018-09-05 15:14:37 - [TEST_STEP][PASSED] - verifyElementPresent: Object 'Object Repository/Page_Signup/lbl_sucessMessage' is present

2018-09-05 15:14:43 - [MESSAGE][PASSED] - Object 'Object Repository/Page_Signup/lbl_sucessMessage' is present

2018-09-05 15:14:43 - [TEST_STEP][PASSED] - beautytap.GeneralAction.openMailBox: beautytap.GeneralAction.openMailBox is PASSED

2018-09-05 15:14:45 - [MESSAGE][PASSED] - Navigate to 'https://www.mailinator.com' successfully

2018-09-05 15:14:45 - [MESSAGE][PASSED] - Wait for page load successfully

2018-09-05 15:14:45 - [MESSAGE][PASSED] - Keys 'auto745913' sent to object: 'Object Repository/Page_mailinator/txt_email'

2018-09-05 15:14:47 - [MESSAGE][PASSED] - Object: 'Object Repository/Page_mailinator/btn_go' is clicked on

2018-09-05 15:14:47 - [MESSAGE][PASSED] - Wait for page load successfully

2018-09-05 15:14:52 - [MESSAGE][PASSED] - Delayed 5 second(s)

2018-09-05 15:14:52 - [MESSAGE][PASSED] - Object: '' is clicked on

2018-09-05 15:14:52 - [MESSAGE][PASSED] - beautytap.GeneralAction.openMailBox is PASSED

2018-09-05 15:14:52 - [TEST_STEP][PASSED] - beautytap.GeneralAction.verifyEmailExist: beautytap.GeneralAction.verifyEmailExist is PASSED

2018-09-05 15:14:53 - [MESSAGE][PASSED] - Object '' is present

2018-09-05 15:14:53 - [MESSAGE][PASSED] - beautytap.GeneralAction.verifyEmailExist is PASSED

2018-09-05 15:14:53 - [TEST_STEP][PASSED] - beautytap.GeneralAction.openEmail: beautytap.GeneralAction.openEmail is PASSED

2018-09-05 15:14:53 - [MESSAGE][PASSED] - Object: '' is clicked on

2018-09-05 15:14:53 - [MESSAGE][PASSED] - beautytap.GeneralAction.openEmail is PASSED

2018-09-05 15:14:53 - [TEST_STEP][PASSED] - beautytap.GeneralAction.clickEmailLink: beautytap.GeneralAction.clickEmailLink is PASSED

2018-09-05 15:14:54 - [MESSAGE][PASSED] - Text of object '' is: 'https://stage.beautytap.com/activate/rh4YniQAfFN9GkMKzj3lV5sSy56dN0Te/'

2018-09-05 15:15:07 - [MESSAGE][PASSED] - Navigate to 'https://stage.beautytap.com/activate/rh4YniQAfFN9GkMKzj3lV5sSy56dN0Te/' successfully

2018-09-05 15:15:07 - [MESSAGE][PASSED] - beautytap.GeneralAction.clickEmailLink is PASSED

2018-09-05 15:15:07 - [TEST_STEP][PASSED] - waitForPageLoad: Wait for page load successfully

2018-09-05 15:15:07 - [MESSAGE][PASSED] - Wait for page load successfully

2018-09-05 15:15:07 - [TEST_STEP][PASSED] - verifyElementPresent: Object 'Object Repository/Page_General/lbl_activeSuccessMessage' is present

2018-09-05 15:15:07 - [MESSAGE][PASSED] - Object 'Object Repository/Page_General/lbl_activeSuccessMessage' is present

2018-09-05 15:15:07 - [TEST_STEP][PASSED] - beautytap.GeneralAction.clickNavigationMenu: beautytap.GeneralAction.clickNavigationMenu is PASSED

2018-09-05 15:15:10 - [MESSAGE][PASSED] - Object: 'Object Repository/Page_General/link_login' is clicked on

2018-09-05 15:15:10 - [MESSAGE][PASSED] - Wait for page load successfully

2018-09-05 15:15:10 - [MESSAGE][PASSED] - beautytap.GeneralAction.clickNavigationMenu is PASSED

2018-09-05 15:15:10 - [TEST_STEP][PASSED] - beautytap.GeneralAction.login: beautytap.GeneralAction.login is PASSED

2018-09-05 15:15:10 - [MESSAGE][PASSED] - Text of object 'Object Repository/Page_login/txt_username' is cleared

2018-09-05 15:15:10 - [MESSAGE][PASSED] - Keys 'auto745913' sent to object: 'Object Repository/Page_login/txt_username'

2018-09-05 15:15:10 - [MESSAGE][PASSED] - Text of object 'Object Repository/Page_login/txt_password' is cleared

2018-09-05 15:15:11 - [MESSAGE][PASSED] - Keys '123456' sent to object: 'Object Repository/Page_login/txt_password'

2018-09-05 15:15:11 - [MESSAGE][PASSED] - Object: 'Object Repository/Page_login/btn_login' is clicked on

2018-09-05 15:15:11 - [MESSAGE][PASSED] - Wait for page load successfully

2018-09-05 15:15:11 - [MESSAGE][PASSED] - beautytap.GeneralAction.login is PASSED

2018-09-05 15:15:11 - [TEST_STEP][PASSED] - verifyElementPresent: Object 'Object Repository/Page_General/link_avatar' is present

2018-09-05 15:15:19 - [MESSAGE][PASSED] - Object 'Object Repository/Page_General/link_avatar' is present

2018-09-05 15:15:19 - [TEST_STEP][PASSED] - beautytap.GeneralAction.logout: beautytap.GeneralAction.logout is PASSED

2018-09-05 15:15:19 - [MESSAGE][PASSED] - Object: 'Object Repository/Page_General/link_avatar' is clicked on

2018-09-05 15:15:19 - [MESSAGE][PASSED] - Object 'Object Repository/Page_General/menu_logout' is present

2018-09-05 15:15:20 - [MESSAGE][PASSED] - Object: 'Object Repository/Page_General/menu_logout' is clicked on

2018-09-05 15:15:20 - [MESSAGE][PASSED] - Wait for page load successfully

2018-09-05 15:15:20 - [MESSAGE][PASSED] - beautytap.GeneralAction.logout is PASSED

2018-09-05 15:15:20 - [TEST_STEP][PASSED] - beautytap.GeneralAction.clickNavigationMenu: beautytap.GeneralAction.clickNavigationMenu is PASSED

2018-09-05 15:15:26 - [MESSAGE][PASSED] - Object: 'Object Repository/Page_General/link_login' is clicked on

2018-09-05 15:15:26 - [MESSAGE][PASSED] - Wait for page load successfully

2018-09-05 15:15:26 - [MESSAGE][PASSED] - beautytap.GeneralAction.clickNavigationMenu is PASSED

2018-09-05 15:15:26 - [TEST_STEP][PASSED] - beautytap.GeneralAction.login: beautytap.GeneralAction.login is PASSED

2018-09-05 15:15:27 - [MESSAGE][PASSED] - Text of object 'Object Repository/Page_login/txt_username' is cleared

2018-09-05 15:15:27 - [MESSAGE][PASSED] - Keys 'auto745913@mailinator.com' sent to object: 'Object Repository/Page_login/txt_username'

2018-09-05 15:15:27 - [MESSAGE][PASSED] - Text of object 'Object Repository/Page_login/txt_password' is cleared

2018-09-05 15:15:27 - [MESSAGE][PASSED] - Keys '123456' sent to object: 'Object Repository/Page_login/txt_password'

2018-09-05 15:15:27 - [MESSAGE][PASSED] - Object: 'Object Repository/Page_login/btn_login' is clicked on

2018-09-05 15:15:27 - [MESSAGE][PASSED] - Wait for page load successfully

2018-09-05 15:15:27 - [MESSAGE][PASSED] - beautytap.GeneralAction.login is PASSED

2018-09-05 15:15:27 - [TEST_STEP][PASSED] - verifyElementPresent: Object 'Object Repository/Page_General/link_avatar' is present

2018-09-05 15:15:35 - [MESSAGE][PASSED] - Object 'Object Repository/Page_General/link_avatar' is present

2018-09-05 15:15:35 - [TEST_STEP][PASSED] - beautytap.GeneralAction.logout: beautytap.GeneralAction.logout is PASSED

2018-09-05 15:15:36 - [MESSAGE][PASSED] - Object: 'Object Repository/Page_General/link_avatar' is clicked on

2018-09-05 15:15:36 - [MESSAGE][PASSED] - Object 'Object Repository/Page_General/menu_logout' is present

2018-09-05 15:15:36 - [MESSAGE][PASSED] - Object: 'Object Repository/Page_General/menu_logout' is clicked on

2018-09-05 15:15:36 - [MESSAGE][PASSED] - Wait for page load successfully

2018-09-05 15:15:36 - [MESSAGE][PASSED] - beautytap.GeneralAction.logout is PASSED

2018-09-05 15:15:36 - [TEST_STEP][PASSED] - beautytap.GeneralAction.clickNavigationMenu: beautytap.GeneralAction.clickNavigationMenu is PASSED

2018-09-05 15:15:43 - [MESSAGE][PASSED] - Object: 'Object Repository/Page_General/link_login' is clicked on

2018-09-05 15:15:43 - [MESSAGE][PASSED] - Wait for page load successfully

2018-09-05 15:15:43 - [MESSAGE][PASSED] - beautytap.GeneralAction.clickNavigationMenu is PASSED

2018-09-05 15:15:43 - [TEST_STEP][PASSED] - click: Object: 'Object Repository/Page_Login/link_forgotPassword' is clicked on

2018-09-05 15:15:46 - [MESSAGE][PASSED] - Object: 'Object Repository/Page_Login/link_forgotPassword' is clicked on

2018-09-05 15:15:46 - [TEST_STEP][PASSED] - sendKeys: Keys 'auto745913' sent to object: 'Object Repository/Page_ForgotPassword/txt_usernameOrEmail'

2018-09-05 15:15:46 - [MESSAGE][PASSED] - Keys 'auto745913' sent to object: 'Object Repository/Page_ForgotPassword/txt_usernameOrEmail'

2018-09-05 15:15:46 - [TEST_STEP][PASSED] - click: Object: 'Object Repository/Page_ForgotPassword/btn_forgotPassword' is clicked on

2018-09-05 15:15:47 - [MESSAGE][PASSED] - Object: 'Object Repository/Page_ForgotPassword/btn_forgotPassword' is clicked on

2018-09-05 15:15:47 - [TEST_STEP][PASSED] - verifyElementPresent: Object 'Object Repository/Page_ForgotPassword/lbl_sucessMessage' is present

2018-09-05 15:15:50 - [MESSAGE][PASSED] - Object 'Object Repository/Page_ForgotPassword/lbl_sucessMessage' is present

2018-09-05 15:15:50 - [TEST_STEP][PASSED] - beautytap.GeneralAction.openMailBox: beautytap.GeneralAction.openMailBox is PASSED

2018-09-05 15:15:52 - [MESSAGE][PASSED] - Navigate to 'https://www.mailinator.com' successfully

2018-09-05 15:15:52 - [MESSAGE][PASSED] - Wait for page load successfully

2018-09-05 15:15:52 - [MESSAGE][PASSED] - Keys 'auto745913' sent to object: 'Object Repository/Page_mailinator/txt_email'

2018-09-05 15:15:53 - [MESSAGE][PASSED] - Object: 'Object Repository/Page_mailinator/btn_go' is clicked on

2018-09-05 15:15:53 - [MESSAGE][PASSED] - Wait for page load successfully

2018-09-05 15:15:58 - [MESSAGE][PASSED] - Delayed 5 second(s)

2018-09-05 15:15:58 - [MESSAGE][PASSED] - Object: '' is clicked on

2018-09-05 15:15:58 - [MESSAGE][PASSED] - beautytap.GeneralAction.openMailBox is PASSED

2018-09-05 15:15:58 - [TEST_STEP][PASSED] - beautytap.GeneralAction.verifyEmailExist: beautytap.GeneralAction.verifyEmailExist is PASSED

2018-09-05 15:15:59 - [MESSAGE][PASSED] - Object '' is present

2018-09-05 15:15:59 - [MESSAGE][PASSED] - beautytap.GeneralAction.verifyEmailExist is PASSED

2018-09-05 15:15:59 - [TEST_STEP][PASSED] - beautytap.GeneralAction.openEmail: beautytap.GeneralAction.openEmail is PASSED

2018-09-05 15:15:59 - [MESSAGE][PASSED] - Object: '' is clicked on

2018-09-05 15:15:59 - [MESSAGE][PASSED] - beautytap.GeneralAction.openEmail is PASSED

2018-09-05 15:15:59 - [TEST_STEP][PASSED] - beautytap.GeneralAction.clickEmailLink: beautytap.GeneralAction.clickEmailLink is PASSED

2018-09-05 15:15:59 - [MESSAGE][PASSED] - Text of object '' is: 'https://stage.beautytap.com/wp-login.php?action=rp&key=tEYwTt19lCTgbIDYssmo&login=auto745913'

2018-09-05 15:16:03 - [MESSAGE][PASSED] - Navigate to 'https://stage.beautytap.com/wp-login.php?action=rp&key=tEYwTt19lCTgbIDYssmo&login=auto745913' successfully

2018-09-05 15:16:03 - [MESSAGE][PASSED] - beautytap.GeneralAction.clickEmailLink is PASSED

2018-09-05 15:16:03 - [TEST_STEP][PASSED] - delay: Delayed 20 second(s)

2018-09-05 15:16:23 - [MESSAGE][PASSED] - Delayed 20 second(s)

2018-09-05 15:16:23 - [TEST_STEP][PASSED] - clearText: Text of object 'Object Repository/Page_ForgotPassword/txt_newPassword' is cleared

2018-09-05 15:16:23 - [MESSAGE][PASSED] - Text of object 'Object Repository/Page_ForgotPassword/txt_newPassword' is cleared

2018-09-05 15:16:23 - [TEST_STEP][PASSED] - sendKeys: Keys 'test123' sent to object: 'Object Repository/Page_ForgotPassword/txt_newPassword'

2018-09-05 15:16:23 - [MESSAGE][PASSED] - Keys 'test123' sent to object: 'Object Repository/Page_ForgotPassword/txt_newPassword'

2018-09-05 15:16:23 - [TEST_STEP][PASSED] - click: Object: 'Object Repository/Page_ForgotPassword/btn_resetPassword' is clicked on

2018-09-05 15:16:29 - [MESSAGE][PASSED] - Object: 'Object Repository/Page_ForgotPassword/btn_resetPassword' is clicked on

2018-09-05 15:16:29 - [TEST_STEP][PASSED] - verifyElementPresent: Object 'Object Repository/Page_ForgotPassword/lbl_resetPasswordMessage' is present

2018-09-05 15:16:29 - [MESSAGE][PASSED] - Object 'Object Repository/Page_ForgotPassword/lbl_resetPasswordMessage' is present

2018-09-05 15:16:29 - [TEST_STEP][PASSED] - beautytap.GeneralAction.clickNavigationMenu: beautytap.GeneralAction.clickNavigationMenu is PASSED

2018-09-05 15:16:32 - [MESSAGE][PASSED] - Object: 'Object Repository/Page_General/link_login' is clicked on

2018-09-05 15:16:32 - [MESSAGE][PASSED] - Wait for page load successfully

2018-09-05 15:16:32 - [MESSAGE][PASSED] - beautytap.GeneralAction.clickNavigationMenu is PASSED

2018-09-05 15:16:32 - [TEST_STEP][PASSED] - beautytap.GeneralAction.login: beautytap.GeneralAction.login is PASSED

2018-09-05 15:16:32 - [MESSAGE][PASSED] - Text of object 'Object Repository/Page_login/txt_username' is cleared

2018-09-05 15:16:32 - [MESSAGE][PASSED] - Keys 'auto745913' sent to object: 'Object Repository/Page_login/txt_username'

2018-09-05 15:16:32 - [MESSAGE][PASSED] - Text of object 'Object Repository/Page_login/txt_password' is cleared

2018-09-05 15:16:32 - [MESSAGE][PASSED] - Keys '123456' sent to object: 'Object Repository/Page_login/txt_password'

2018-09-05 15:16:33 - [MESSAGE][PASSED] - Object: 'Object Repository/Page_login/btn_login' is clicked on

2018-09-05 15:16:33 - [MESSAGE][PASSED] - Wait for page load successfully

2018-09-05 15:16:33 - [MESSAGE][PASSED] - beautytap.GeneralAction.login is PASSED

2018-09-05 15:16:33 - [TEST_STEP][PASSED] - verifyElementText: Actual text and expected text of test object 'Object Repository/Page_Login/lbl_errorMessage' are matched.

2018-09-05 15:16:33 - [MESSAGE][PASSED] - Actual text and expected text of test object 'Object Repository/Page_Login/lbl_errorMessage' are matched.

2018-09-05 15:16:33 - [TEST_STEP][PASSED] - beautytap.GeneralAction.login: beautytap.GeneralAction.login is PASSED

2018-09-05 15:16:33 - [MESSAGE][PASSED] - Text of object 'Object Repository/Page_login/txt_username' is cleared

2018-09-05 15:16:33 - [MESSAGE][PASSED] - Keys 'auto745913' sent to object: 'Object Repository/Page_login/txt_username'

2018-09-05 15:16:33 - [MESSAGE][PASSED] - Text of object 'Object Repository/Page_login/txt_password' is cleared

2018-09-05 15:16:34 - [MESSAGE][PASSED] - Keys 'test123' sent to object: 'Object Repository/Page_login/txt_password'

2018-09-05 15:16:34 - [MESSAGE][PASSED] - Object: 'Object Repository/Page_login/btn_login' is clicked on

2018-09-05 15:16:34 - [MESSAGE][PASSED] - Wait for page load successfully

2018-09-05 15:16:34 - [MESSAGE][PASSED] - beautytap.GeneralAction.login is PASSED

2018-09-05 15:16:34 - [TEST_STEP][PASSED] - verifyElementPresent: Object 'Object Repository/Page_General/link_avatar' is present

2018-09-05 15:16:42 - [MESSAGE][PASSED] - Object 'Object Repository/Page_General/link_avatar' is present

2018-09-05 15:16:42 - [TEST_STEP][PASSED] - beautytap.GeneralAction.logout: beautytap.GeneralAction.logout is PASSED

2018-09-05 15:16:42 - [MESSAGE][PASSED] - Object: 'Object Repository/Page_General/link_avatar' is clicked on

2018-09-05 15:16:42 - [MESSAGE][PASSED] - Object 'Object Repository/Page_General/menu_logout' is present

2018-09-05 15:16:43 - [MESSAGE][PASSED] - Object: 'Object Repository/Page_General/menu_logout' is clicked on

2018-09-05 15:16:43 - [MESSAGE][PASSED] - Wait for page load successfully

2018-09-05 15:16:43 - [MESSAGE][PASSED] - beautytap.GeneralAction.logout is PASSED

2018-09-05 15:16:43 - [TEST_STEP][PASSED] - beautytap.GeneralAction.clickNavigationMenu: beautytap.GeneralAction.clickNavigationMenu is PASSED

2018-09-05 15:16:50 - [MESSAGE][PASSED] - Object: 'Object Repository/Page_General/link_login' is clicked on

2018-09-05 15:16:50 - [MESSAGE][PASSED] - Wait for page load successfully

2018-09-05 15:16:50 - [MESSAGE][PASSED] - beautytap.GeneralAction.clickNavigationMenu is PASSED

2018-09-05 15:16:50 - [TEST_STEP][PASSED] - beautytap.GeneralAction.login: beautytap.GeneralAction.login is PASSED

2018-09-05 15:16:50 - [MESSAGE][PASSED] - Text of object 'Object Repository/Page_login/txt_username' is cleared

2018-09-05 15:16:50 - [MESSAGE][PASSED] - Keys 'auto745913@mailinator.com' sent to object: 'Object Repository/Page_login/txt_username'

2018-09-05 15:16:50 - [MESSAGE][PASSED] - Text of object 'Object Repository/Page_login/txt_password' is cleared

2018-09-05 15:16:50 - [MESSAGE][PASSED] - Keys 'test123' sent to object: 'Object Repository/Page_login/txt_password'

2018-09-05 15:16:50 - [MESSAGE][PASSED] - Object: 'Object Repository/Page_login/btn_login' is clicked on

2018-09-05 15:16:50 - [MESSAGE][PASSED] - Wait for page load successfully

2018-09-05 15:16:50 - [MESSAGE][PASSED] - beautytap.GeneralAction.login is PASSED

2018-09-05 15:16:50 - [TEST_STEP][PASSED] - verifyElementPresent: Object 'Object Repository/Page_General/link_avatar' is present

2018-09-05 15:16:58 - [MESSAGE][PASSED] - Object 'Object Repository/Page_General/link_avatar' is present

2018-09-05 15:16:58 - [TEST_STEP][PASSED] - beautytap.GeneralAction.logout: beautytap.GeneralAction.logout is PASSED

2018-09-05 15:16:59 - [MESSAGE][PASSED] - Object: 'Object Repository/Page_General/link_avatar' is clicked on

2018-09-05 15:16:59 - [MESSAGE][PASSED] - Object 'Object Repository/Page_General/menu_logout' is present

2018-09-05 15:16:59 - [MESSAGE][PASSED] - Object: 'Object Repository/Page_General/menu_logout' is clicked on

2018-09-05 15:16:59 - [MESSAGE][PASSED] - Wait for page load successfully

2018-09-05 15:17:00 - [MESSAGE][PASSED] - Browser is closed

2018-09-05 15:17:00 - [MESSAGE][PASSED] - beautytap.GeneralAction.logout is PASSED]]></system-out>
         <system-err><![CDATA[]]></system-err>
      </testcase>
      <testcase name="Test Cases/SignUp_Login_ResetPass/TC02_SignUp_Login_ViaFacebookEmail_NewUser_OldUser" classname="Test Cases/SignUp_Login_ResetPass/TC02_SignUp_Login_ViaFacebookEmail_NewUser_OldUser" status="PASSED">
         <system-out><![CDATA[2018-09-05 15:17:02 - [TEST_CASE][PASSED] - Test Cases/SignUp_Login_ResetPass/TC02_SignUp_Login_ViaFacebookEmail_NewUser_OldUser: Test Cases/SignUp_Login_ResetPass/TC02_SignUp_Login_ViaFacebookEmail_NewUser_OldUser

2018-09-05 15:17:03 - [TEST_STEP][PASSED] - beautytap.AdminAction.deleteUser: beautytap.AdminAction.deleteUser is PASSED

2018-09-05 15:17:09 - [MESSAGE][PASSED] - Browser is opened with url: 'https://stage.beautytap.com/login'

2018-09-05 15:17:11 - [MESSAGE][PASSED] - Current window maximized

2018-09-05 15:17:11 - [MESSAGE][PASSED] - Text of object 'Object Repository/Page_login/txt_username' is cleared

2018-09-05 15:17:11 - [MESSAGE][PASSED] - Keys 'mrwhite' sent to object: 'Object Repository/Page_login/txt_username'

2018-09-05 15:17:11 - [MESSAGE][PASSED] - Text of object 'Object Repository/Page_login/txt_password' is cleared

2018-09-05 15:17:11 - [MESSAGE][PASSED] - Keys 'kgySM$Im' sent to object: 'Object Repository/Page_login/txt_password'

2018-09-05 15:17:11 - [MESSAGE][PASSED] - Object: 'Object Repository/Page_login/btn_login' is clicked on

2018-09-05 15:17:11 - [MESSAGE][PASSED] - Wait for page load successfully

2018-09-05 15:17:11 - [MESSAGE][PASSED] - Wait for page load successfully

2018-09-05 15:17:18 - [MESSAGE][PASSED] - Navigate to 'https://stage.beautytap.com/admin' successfully

2018-09-05 15:17:18 - [MESSAGE][PASSED] - Wait for page load successfully

2018-09-05 15:17:25 - [MESSAGE][PASSED] - Object: 'Object Repository/Page_Admin/menu_users' is clicked on

2018-09-05 15:17:25 - [MESSAGE][PASSED] - Wait for page load successfully

2018-09-05 15:17:25 - [MESSAGE][PASSED] - Text of object 'Object Repository/Page_Admin/txt_searchBox' is cleared

2018-09-05 15:17:26 - [MESSAGE][PASSED] - Keys 'g5.posiba@gmail.com' sent to object: 'Object Repository/Page_Admin/txt_searchBox'

2018-09-05 15:17:29 - [MESSAGE][PASSED] - Object: 'Object Repository/Page_Admin/btn_searchUser' is clicked on

2018-09-05 15:17:29 - [MESSAGE][PASSED] - Wait for page load successfully

2018-09-05 15:17:29 - [MESSAGE][PASSED] - Text of object '' is: 'g5.posiba@gmail.com'

2018-09-05 15:17:29 - [MESSAGE][PASSED] - Attribute 'id' of object '' is: 'user-64390'

2018-09-05 15:17:29 - [MESSAGE][PASSED] - Object: '' is hovered

2018-09-05 15:17:34 - [MESSAGE][PASSED] - Delayed 5 second(s)

2018-09-05 15:17:34 - [MESSAGE][PASSED] - Object: '' is clicked on

2018-09-05 15:17:34 - [MESSAGE][PASSED] - Alert accepted

2018-09-05 15:17:36 - [MESSAGE][PASSED] - Wait for page load successfully

2018-09-05 15:17:42 - [MESSAGE][PASSED] - Object: 'Object Repository/Page_Admin/btn_confirmDeleteUser' is clicked on

2018-09-05 15:17:42 - [MESSAGE][PASSED] - Wait for page load successfully

2018-09-05 15:17:43 - [MESSAGE][PASSED] - Browser is closed

2018-09-05 15:17:43 - [MESSAGE][PASSED] - beautytap.AdminAction.deleteUser is PASSED

2018-09-05 15:17:43 - [TEST_STEP][PASSED] - beautytap.GeneralAction.openBeautytap: beautytap.GeneralAction.openBeautytap is PASSED

2018-09-05 15:17:56 - [MESSAGE][PASSED] - Browser is opened with url: 'https://stage.beautytap.com'

2018-09-05 15:17:57 - [MESSAGE][PASSED] - Current window maximized

2018-09-05 15:18:02 - [MESSAGE][PASSED] - Refresh successfully

2018-09-05 15:18:02 - [MESSAGE][PASSED] - Wait for page load successfully

2018-09-05 15:18:02 - [MESSAGE][PASSED] - beautytap.GeneralAction.openBeautytap is PASSED

2018-09-05 15:18:02 - [TEST_STEP][PASSED] - beautytap.GeneralAction.clickNavigationMenu: beautytap.GeneralAction.clickNavigationMenu is PASSED

2018-09-05 15:18:05 - [MESSAGE][PASSED] - Object: 'Object Repository/Page_General/link_signup' is clicked on

2018-09-05 15:18:05 - [MESSAGE][PASSED] - Wait for page load successfully

2018-09-05 15:18:05 - [MESSAGE][PASSED] - beautytap.GeneralAction.clickNavigationMenu is PASSED

2018-09-05 15:18:05 - [TEST_STEP][PASSED] - beautytap.GeneralAction.signupViaFacebook: beautytap.GeneralAction.signupViaFacebook is PASSED

2018-09-05 15:18:06 - [MESSAGE][PASSED] - Object: 'Object Repository/Page_Signup/btn_signupFB' is clicked on

2018-09-05 15:18:06 - [MESSAGE][PASSED] - Switched to window with index: '1'

2018-09-05 15:18:07 - [MESSAGE][PASSED] - Keys 'g5.posiba@gmail.com' sent to object: 'Object Repository/Popup_FacebookLogin/txt_email'

2018-09-05 15:18:08 - [MESSAGE][PASSED] - Keys 'posiba123' sent to object: 'Object Repository/Popup_FacebookLogin/txt_password'

2018-09-05 15:18:10 - [MESSAGE][PASSED] - Object: 'Object Repository/Popup_FacebookLogin/btn_login' is clicked on

2018-09-05 15:18:12 - [MESSAGE][WARNING] - Cannot take screenshot

2018-09-05 15:18:12 - [MESSAGE][FAILED] - Unable to get text of object 'Object Repository/Popup_FacebookLogin/btn_confirmPermission' (Root cause: org.openqa.selenium.NoSuchWindowException: no such window: window was already closed
  (Session info: chrome=68.0.3440.106)
  (Driver info: chromedriver=2.35.528161 (5b82f2d2aae0ca24b877009200ced9065a772e73),platform=Windows NT 10.0.17134 x86_64) (WARNING: The server did not provide any stacktrace information)
Command duration or timeout: 0 milliseconds
Build info: version: '3.7.1', revision: '8a0099a', time: '2017-11-06T21:07:36.161Z'
System info: host: 'DESKTOP-G1UHP65', ip: '10.0.0.64', os.name: 'Windows 10', os.arch: 'amd64', os.version: '10.0', java.version: '1.8.0_102'
Driver info: com.kms.katalon.selenium.driver.CChromeDriver
Capabilities {acceptInsecureCerts: false, acceptSslCerts: false, applicationCacheEnabled: false, browserConnectionEnabled: false, browserName: chrome, chrome: {chromedriverVersion: 2.35.528161 (5b82f2d2aae0ca..., userDataDir: C:\Users\TRANGN~1\AppData\L...}, cssSelectorsEnabled: true, databaseEnabled: false, handlesAlerts: true, hasTouchScreen: false, javascriptEnabled: true, locationContextEnabled: true, mobileEmulationEnabled: false, nativeEvents: true, networkConnectionEnabled: false, pageLoadStrategy: normal, platform: XP, platformName: XP, rotatable: false, setWindowRect: true, takesHeapSnapshot: true, takesScreenshot: true, unexpectedAlertBehaviour: , unhandledPromptBehavior: , version: 68.0.3440.106, webStorageEnabled: true}
Session ID: fd2c4c56598e83dcf9dc798dbb6d7189
*** Element info: {Using=xpath, value=//button[contains(@class,'layerConfirm') and contains(@name,'CONFIRM')]})

2018-09-05 15:18:12 - [MESSAGE][PASSED] - Switched to window with index: '0'

2018-09-05 15:18:27 - [MESSAGE][PASSED] - Delayed 15 second(s)

2018-09-05 15:18:34 - [MESSAGE][PASSED] - Wait for page load successfully

2018-09-05 15:18:34 - [MESSAGE][PASSED] - beautytap.GeneralAction.signupViaFacebook is PASSED

2018-09-05 15:18:34 - [TEST_STEP][PASSED] - verifyElementPresent: Object 'Object Repository/Page_General/link_avatar' is present

2018-09-05 15:18:34 - [MESSAGE][PASSED] - Object 'Object Repository/Page_General/link_avatar' is present

2018-09-05 15:18:34 - [TEST_STEP][PASSED] - beautytap.GeneralAction.logout: beautytap.GeneralAction.logout is PASSED

2018-09-05 15:18:35 - [MESSAGE][PASSED] - Object: 'Object Repository/Page_General/link_avatar' is clicked on

2018-09-05 15:18:35 - [MESSAGE][PASSED] - Object 'Object Repository/Page_General/menu_logout' is present

2018-09-05 15:18:36 - [MESSAGE][PASSED] - Object: 'Object Repository/Page_General/menu_logout' is clicked on

2018-09-05 15:18:36 - [MESSAGE][PASSED] - Wait for page load successfully

2018-09-05 15:18:37 - [MESSAGE][PASSED] - Browser is closed

2018-09-05 15:18:37 - [MESSAGE][PASSED] - beautytap.GeneralAction.logout is PASSED

2018-09-05 15:18:37 - [TEST_STEP][PASSED] - beautytap.AdminAction.deleteUser: beautytap.AdminAction.deleteUser is PASSED

2018-09-05 15:18:43 - [MESSAGE][PASSED] - Browser is opened with url: 'https://stage.beautytap.com/login'

2018-09-05 15:18:45 - [MESSAGE][PASSED] - Current window maximized

2018-09-05 15:18:45 - [MESSAGE][PASSED] - Text of object 'Object Repository/Page_login/txt_username' is cleared

2018-09-05 15:18:45 - [MESSAGE][PASSED] - Keys 'mrwhite' sent to object: 'Object Repository/Page_login/txt_username'

2018-09-05 15:18:45 - [MESSAGE][PASSED] - Text of object 'Object Repository/Page_login/txt_password' is cleared

2018-09-05 15:18:46 - [MESSAGE][PASSED] - Keys 'kgySM$Im' sent to object: 'Object Repository/Page_login/txt_password'

2018-09-05 15:18:46 - [MESSAGE][PASSED] - Object: 'Object Repository/Page_login/btn_login' is clicked on

2018-09-05 15:18:46 - [MESSAGE][PASSED] - Wait for page load successfully

2018-09-05 15:18:46 - [MESSAGE][PASSED] - Wait for page load successfully

2018-09-05 15:18:53 - [MESSAGE][PASSED] - Navigate to 'https://stage.beautytap.com/admin' successfully

2018-09-05 15:18:53 - [MESSAGE][PASSED] - Wait for page load successfully

2018-09-05 15:18:59 - [MESSAGE][PASSED] - Object: 'Object Repository/Page_Admin/menu_users' is clicked on

2018-09-05 15:18:59 - [MESSAGE][PASSED] - Wait for page load successfully

2018-09-05 15:18:59 - [MESSAGE][PASSED] - Text of object 'Object Repository/Page_Admin/txt_searchBox' is cleared

2018-09-05 15:18:59 - [MESSAGE][PASSED] - Keys 'g5.posiba@gmail.com' sent to object: 'Object Repository/Page_Admin/txt_searchBox'

2018-09-05 15:19:02 - [MESSAGE][PASSED] - Object: 'Object Repository/Page_Admin/btn_searchUser' is clicked on

2018-09-05 15:19:02 - [MESSAGE][PASSED] - Wait for page load successfully

2018-09-05 15:19:02 - [MESSAGE][PASSED] - Text of object '' is: 'g5.posiba@gmail.com'

2018-09-05 15:19:02 - [MESSAGE][PASSED] - Attribute 'id' of object '' is: 'user-64392'

2018-09-05 15:19:02 - [MESSAGE][PASSED] - Object: '' is hovered

2018-09-05 15:19:07 - [MESSAGE][PASSED] - Delayed 5 second(s)

2018-09-05 15:19:07 - [MESSAGE][PASSED] - Object: '' is clicked on

2018-09-05 15:19:07 - [MESSAGE][PASSED] - Alert accepted

2018-09-05 15:19:08 - [MESSAGE][PASSED] - Wait for page load successfully

2018-09-05 15:19:14 - [MESSAGE][PASSED] - Object: 'Object Repository/Page_Admin/btn_confirmDeleteUser' is clicked on

2018-09-05 15:19:14 - [MESSAGE][PASSED] - Wait for page load successfully

2018-09-05 15:19:15 - [MESSAGE][PASSED] - Browser is closed

2018-09-05 15:19:15 - [MESSAGE][PASSED] - beautytap.AdminAction.deleteUser is PASSED

2018-09-05 15:19:15 - [TEST_STEP][PASSED] - beautytap.GeneralAction.openBeautytap: beautytap.GeneralAction.openBeautytap is PASSED

2018-09-05 15:19:36 - [MESSAGE][PASSED] - Browser is opened with url: 'https://stage.beautytap.com'

2018-09-05 15:19:38 - [MESSAGE][PASSED] - Current window maximized

2018-09-05 15:19:41 - [MESSAGE][PASSED] - Refresh successfully

2018-09-05 15:19:41 - [MESSAGE][PASSED] - Wait for page load successfully

2018-09-05 15:19:41 - [MESSAGE][PASSED] - beautytap.GeneralAction.openBeautytap is PASSED

2018-09-05 15:19:41 - [TEST_STEP][PASSED] - beautytap.GeneralAction.clickNavigationMenu: beautytap.GeneralAction.clickNavigationMenu is PASSED

2018-09-05 15:19:44 - [MESSAGE][PASSED] - Object: 'Object Repository/Page_General/link_login' is clicked on

2018-09-05 15:19:44 - [MESSAGE][PASSED] - Wait for page load successfully

2018-09-05 15:19:44 - [MESSAGE][PASSED] - beautytap.GeneralAction.clickNavigationMenu is PASSED

2018-09-05 15:19:44 - [TEST_STEP][PASSED] - beautytap.GeneralAction.login: beautytap.GeneralAction.login is PASSED

2018-09-05 15:19:44 - [MESSAGE][PASSED] - Object: 'Object Repository/Page_Login/btn_loginFB' is clicked on

2018-09-05 15:19:44 - [MESSAGE][PASSED] - Switched to window with index: '1'

2018-09-05 15:19:46 - [MESSAGE][PASSED] - Object 'Object Repository/Popup_FacebookLogin/txt_email' is visible

2018-09-05 15:19:46 - [MESSAGE][PASSED] - Keys 'g5.posiba@gmail.com' sent to object: 'Object Repository/Popup_FacebookLogin/txt_email'

2018-09-05 15:19:46 - [MESSAGE][PASSED] - Keys 'posiba123' sent to object: 'Object Repository/Popup_FacebookLogin/txt_password'

2018-09-05 15:19:47 - [MESSAGE][PASSED] - Object: 'Object Repository/Popup_FacebookLogin/btn_login' is clicked on

2018-09-05 15:19:48 - [MESSAGE][PASSED] - Switched to window with index: '0'

2018-09-05 15:19:48 - [MESSAGE][PASSED] - Wait for page load successfully

2018-09-05 15:19:48 - [MESSAGE][PASSED] - beautytap.GeneralAction.login is PASSED

2018-09-05 15:19:48 - [TEST_STEP][PASSED] - verifyElementPresent: Object 'Object Repository/Page_General/link_avatar' is present

2018-09-05 15:20:11 - [MESSAGE][PASSED] - Object 'Object Repository/Page_General/link_avatar' is present

2018-09-05 15:20:11 - [TEST_STEP][PASSED] - beautytap.GeneralAction.logout: beautytap.GeneralAction.logout is PASSED

2018-09-05 15:20:12 - [MESSAGE][PASSED] - Object: 'Object Repository/Page_General/link_avatar' is clicked on

2018-09-05 15:20:12 - [MESSAGE][PASSED] - Object 'Object Repository/Page_General/menu_logout' is present

2018-09-05 15:20:12 - [MESSAGE][PASSED] - Object: 'Object Repository/Page_General/menu_logout' is clicked on

2018-09-05 15:20:12 - [MESSAGE][PASSED] - Wait for page load successfully

2018-09-05 15:20:13 - [MESSAGE][PASSED] - Browser is closed

2018-09-05 15:20:13 - [MESSAGE][PASSED] - beautytap.GeneralAction.logout is PASSED

2018-09-05 15:20:13 - [TEST_STEP][PASSED] - beautytap.GeneralAction.openBeautytap: beautytap.GeneralAction.openBeautytap is PASSED

2018-09-05 15:20:42 - [MESSAGE][PASSED] - Browser is opened with url: 'https://stage.beautytap.com'

2018-09-05 15:20:43 - [MESSAGE][PASSED] - Current window maximized

2018-09-05 15:20:46 - [MESSAGE][PASSED] - Refresh successfully

2018-09-05 15:20:46 - [MESSAGE][PASSED] - Wait for page load successfully

2018-09-05 15:20:46 - [MESSAGE][PASSED] - beautytap.GeneralAction.openBeautytap is PASSED

2018-09-05 15:20:46 - [TEST_STEP][PASSED] - beautytap.GeneralAction.clickNavigationMenu: beautytap.GeneralAction.clickNavigationMenu is PASSED

2018-09-05 15:20:49 - [MESSAGE][PASSED] - Object: 'Object Repository/Page_General/link_signup' is clicked on

2018-09-05 15:20:49 - [MESSAGE][PASSED] - Wait for page load successfully

2018-09-05 15:20:49 - [MESSAGE][PASSED] - beautytap.GeneralAction.clickNavigationMenu is PASSED

2018-09-05 15:20:49 - [TEST_STEP][PASSED] - beautytap.GeneralAction.signupViaFacebook: beautytap.GeneralAction.signupViaFacebook is PASSED

2018-09-05 15:20:49 - [MESSAGE][PASSED] - Object: 'Object Repository/Page_Signup/btn_signupFB' is clicked on

2018-09-05 15:20:49 - [MESSAGE][PASSED] - Switched to window with index: '1'

2018-09-05 15:20:51 - [MESSAGE][PASSED] - Keys 'g5.posiba@gmail.com' sent to object: 'Object Repository/Popup_FacebookLogin/txt_email'

2018-09-05 15:20:51 - [MESSAGE][PASSED] - Keys 'posiba123' sent to object: 'Object Repository/Popup_FacebookLogin/txt_password'

2018-09-05 15:20:52 - [MESSAGE][PASSED] - Object: 'Object Repository/Popup_FacebookLogin/btn_login' is clicked on

2018-09-05 15:20:54 - [MESSAGE][WARNING] - Cannot take screenshot

2018-09-05 15:20:54 - [MESSAGE][FAILED] - Unable to get text of object 'Object Repository/Popup_FacebookLogin/btn_confirmPermission' (Root cause: org.openqa.selenium.NoSuchWindowException: no such window: window was already closed
  (Session info: chrome=68.0.3440.106)
  (Driver info: chromedriver=2.35.528161 (5b82f2d2aae0ca24b877009200ced9065a772e73),platform=Windows NT 10.0.17134 x86_64) (WARNING: The server did not provide any stacktrace information)
Command duration or timeout: 0 milliseconds
Build info: version: '3.7.1', revision: '8a0099a', time: '2017-11-06T21:07:36.161Z'
System info: host: 'DESKTOP-G1UHP65', ip: '10.0.0.64', os.name: 'Windows 10', os.arch: 'amd64', os.version: '10.0', java.version: '1.8.0_102'
Driver info: com.kms.katalon.selenium.driver.CChromeDriver
Capabilities {acceptInsecureCerts: false, acceptSslCerts: false, applicationCacheEnabled: false, browserConnectionEnabled: false, browserName: chrome, chrome: {chromedriverVersion: 2.35.528161 (5b82f2d2aae0ca..., userDataDir: C:\Users\TRANGN~1\AppData\L...}, cssSelectorsEnabled: true, databaseEnabled: false, handlesAlerts: true, hasTouchScreen: false, javascriptEnabled: true, locationContextEnabled: true, mobileEmulationEnabled: false, nativeEvents: true, networkConnectionEnabled: false, pageLoadStrategy: normal, platform: XP, platformName: XP, rotatable: false, setWindowRect: true, takesHeapSnapshot: true, takesScreenshot: true, unexpectedAlertBehaviour: , unhandledPromptBehavior: , version: 68.0.3440.106, webStorageEnabled: true}
Session ID: 57fd99e8ec6afbd45efe0d4453b0548e
*** Element info: {Using=xpath, value=//button[contains(@class,'layerConfirm') and contains(@name,'CONFIRM')]})

2018-09-05 15:20:54 - [MESSAGE][PASSED] - Switched to window with index: '0'

2018-09-05 15:21:09 - [MESSAGE][PASSED] - Delayed 15 second(s)

2018-09-05 15:21:09 - [MESSAGE][PASSED] - Wait for page load successfully

2018-09-05 15:21:09 - [MESSAGE][PASSED] - beautytap.GeneralAction.signupViaFacebook is PASSED

2018-09-05 15:21:09 - [TEST_STEP][PASSED] - verifyElementPresent: Object 'Object Repository/Page_General/link_avatar' is present

2018-09-05 15:21:09 - [MESSAGE][PASSED] - Object 'Object Repository/Page_General/link_avatar' is present

2018-09-05 15:21:09 - [TEST_STEP][PASSED] - beautytap.GeneralAction.logout: beautytap.GeneralAction.logout is PASSED

2018-09-05 15:21:10 - [MESSAGE][PASSED] - Object: 'Object Repository/Page_General/link_avatar' is clicked on

2018-09-05 15:21:10 - [MESSAGE][PASSED] - Object 'Object Repository/Page_General/menu_logout' is present

2018-09-05 15:21:10 - [MESSAGE][PASSED] - Object: 'Object Repository/Page_General/menu_logout' is clicked on

2018-09-05 15:21:10 - [MESSAGE][PASSED] - Wait for page load successfully

2018-09-05 15:21:11 - [MESSAGE][PASSED] - Browser is closed

2018-09-05 15:21:11 - [MESSAGE][PASSED] - beautytap.GeneralAction.logout is PASSED

2018-09-05 15:21:11 - [TEST_STEP][PASSED] - beautytap.GeneralAction.openBeautytap: beautytap.GeneralAction.openBeautytap is PASSED

2018-09-05 15:21:32 - [MESSAGE][PASSED] - Browser is opened with url: 'https://stage.beautytap.com'

2018-09-05 15:21:33 - [MESSAGE][PASSED] - Current window maximized

2018-09-05 15:21:37 - [MESSAGE][PASSED] - Refresh successfully

2018-09-05 15:21:37 - [MESSAGE][PASSED] - Wait for page load successfully

2018-09-05 15:21:37 - [MESSAGE][PASSED] - beautytap.GeneralAction.openBeautytap is PASSED

2018-09-05 15:21:37 - [TEST_STEP][PASSED] - beautytap.GeneralAction.clickNavigationMenu: beautytap.GeneralAction.clickNavigationMenu is PASSED

2018-09-05 15:21:39 - [MESSAGE][PASSED] - Object: 'Object Repository/Page_General/link_login' is clicked on

2018-09-05 15:21:39 - [MESSAGE][PASSED] - Wait for page load successfully

2018-09-05 15:21:39 - [MESSAGE][PASSED] - beautytap.GeneralAction.clickNavigationMenu is PASSED

2018-09-05 15:21:39 - [TEST_STEP][PASSED] - beautytap.GeneralAction.login: beautytap.GeneralAction.login is PASSED

2018-09-05 15:21:39 - [MESSAGE][PASSED] - Object: 'Object Repository/Page_Login/btn_loginFB' is clicked on

2018-09-05 15:21:39 - [MESSAGE][PASSED] - Switched to window with index: '1'

2018-09-05 15:21:41 - [MESSAGE][PASSED] - Object 'Object Repository/Popup_FacebookLogin/txt_email' is visible

2018-09-05 15:21:41 - [MESSAGE][PASSED] - Keys 'g5.posiba@gmail.com' sent to object: 'Object Repository/Popup_FacebookLogin/txt_email'

2018-09-05 15:21:41 - [MESSAGE][PASSED] - Keys 'posiba123' sent to object: 'Object Repository/Popup_FacebookLogin/txt_password'

2018-09-05 15:21:46 - [MESSAGE][PASSED] - Object: 'Object Repository/Popup_FacebookLogin/btn_login' is clicked on

2018-09-05 15:21:46 - [MESSAGE][PASSED] - Switched to window with index: '0'

2018-09-05 15:21:46 - [MESSAGE][PASSED] - Wait for page load successfully

2018-09-05 15:21:46 - [MESSAGE][PASSED] - beautytap.GeneralAction.login is PASSED

2018-09-05 15:21:46 - [TEST_STEP][PASSED] - verifyElementPresent: Object 'Object Repository/Page_General/link_avatar' is present

2018-09-05 15:21:55 - [MESSAGE][PASSED] - Object 'Object Repository/Page_General/link_avatar' is present

2018-09-05 15:21:55 - [TEST_STEP][PASSED] - beautytap.GeneralAction.logout: beautytap.GeneralAction.logout is PASSED

2018-09-05 15:21:55 - [MESSAGE][PASSED] - Object: 'Object Repository/Page_General/link_avatar' is clicked on

2018-09-05 15:21:55 - [MESSAGE][PASSED] - Object 'Object Repository/Page_General/menu_logout' is present

2018-09-05 15:21:56 - [MESSAGE][PASSED] - Object: 'Object Repository/Page_General/menu_logout' is clicked on

2018-09-05 15:21:56 - [MESSAGE][PASSED] - Wait for page load successfully

2018-09-05 15:21:57 - [MESSAGE][PASSED] - Browser is closed

2018-09-05 15:21:57 - [MESSAGE][PASSED] - beautytap.GeneralAction.logout is PASSED]]></system-out>
         <system-err><![CDATA[]]></system-err>
      </testcase>
      <testcase name="Test Cases/Shop/TC03_Search_SimpleProduct_Sale_Creditcard_LessThan60_Normal" classname="Test Cases/Shop/TC03_Search_SimpleProduct_Sale_Creditcard_LessThan60_Normal" status="PASSED">
         <system-out><![CDATA[2018-09-05 15:21:59 - [TEST_CASE][PASSED] - Test Cases/Shop/TC03_Search_SimpleProduct_Sale_Creditcard_LessThan60_Normal: Test Cases/Shop/TC03_Search_SimpleProduct_Sale_Creditcard_LessThan60_Normal

2018-09-05 15:22:00 - [TEST_STEP][PASSED] - Statement - productName = SIMPLE_SALE_PRODUCT: null

2018-09-05 15:22:00 - [TEST_STEP][PASSED] - Statement - searchName = productName.substring(0, productName.indexOf("/")): null

2018-09-05 15:22:00 - [TEST_STEP][PASSED] - Statement - saleprice = SIMPLE_SALE_PRICE: null

2018-09-05 15:22:00 - [TEST_STEP][PASSED] - Statement - regularprice = SIMPLE_SALE_REGULAR_PRICE: null

2018-09-05 15:22:00 - [TEST_STEP][PASSED] - Statement - r_string = new java.lang.Math().random().toString().substring(2, 8): null

2018-09-05 15:22:00 - [TEST_STEP][PASSED] - Statement - email = "auto" + r_string + "@mailinator.com": null

2018-09-05 15:22:00 - [TEST_STEP][PASSED] - Statement - orderNote = "auto" + r_string + "Order": null

2018-09-05 15:22:00 - [TEST_STEP][PASSED] - Statement - currentNumberItemInCart = <not implemented yet for class: org.codehaus.groovy.ast.expr.EmptyExpression>: null

2018-09-05 15:22:00 - [TEST_STEP][PASSED] - Statement - quantity = 1: null

2018-09-05 15:22:00 - [TEST_STEP][PASSED] - Statement - subtotal = CustomKeywords.beautytap.ShopAction.calculateTotal(quantity, saleprice): beautytap.ShopAction.calculateTotal is PASSED

2018-09-05 15:22:00 - [MESSAGE][PASSED] - beautytap.ShopAction.calculateTotal is PASSED

2018-09-05 15:22:00 - [TEST_STEP][PASSED] - Statement - total = subtotal + SHIPPING_PRICE: null

2018-09-05 15:22:00 - [TEST_STEP][PASSED] - Statement - total = CustomKeywords.beautytap.ShopAction.calculateTotal(1, total): beautytap.ShopAction.calculateTotal is PASSED

2018-09-05 15:22:00 - [MESSAGE][PASSED] - beautytap.ShopAction.calculateTotal is PASSED

2018-09-05 15:22:00 - [TEST_STEP][PASSED] - Statement - products = new org.json.JSONArray((((((([{"productname":" + productName) + ","variation":"","quantity":") + quantity) + ","price":") + saleprice) + "}])): null

2018-09-05 15:22:00 - [TEST_STEP][PASSED] - Statement - billingInformation = new org.json.JSONObject((({"firstname":"Test","lastname":"Automation","country":"United States (US)","address":"123 Testing","city":"New York","state":"New York","zip":"90012","email":" + email) + "})): null

2018-09-05 15:22:00 - [TEST_STEP][PASSED] - Statement - shippingLabel = SHIPPING_LABEL: null

2018-09-05 15:22:00 - [TEST_STEP][PASSED] - Statement - shippingPrice = SHIPPING_PRICE: null

2018-09-05 15:22:00 - [TEST_STEP][PASSED] - Statement - shippingType = "normal": null

2018-09-05 15:22:00 - [TEST_STEP][PASSED] - Statement - paymentMethod = "Credit Card Payment": null

2018-09-05 15:22:00 - [TEST_STEP][PASSED] - beautytap.GeneralAction.openBeautytap: beautytap.GeneralAction.openBeautytap is PASSED

2018-09-05 15:22:25 - [MESSAGE][PASSED] - Browser is opened with url: 'https://stage.beautytap.com'

2018-09-05 15:22:26 - [MESSAGE][PASSED] - Current window maximized

2018-09-05 15:22:30 - [MESSAGE][PASSED] - Refresh successfully

2018-09-05 15:22:30 - [MESSAGE][PASSED] - Wait for page load successfully

2018-09-05 15:22:30 - [MESSAGE][PASSED] - beautytap.GeneralAction.openBeautytap is PASSED

2018-09-05 15:22:30 - [TEST_STEP][PASSED] - beautytap.ShopAction.globalSearch: beautytap.ShopAction.globalSearch is PASSED

2018-09-05 15:22:30 - [MESSAGE][PASSED] - Object: 'Object Repository/Page_General/icon_search' is clicked on

2018-09-05 15:22:35 - [MESSAGE][PASSED] - Delayed 5 second(s)

2018-09-05 15:22:35 - [MESSAGE][PASSED] - Text of object 'Object Repository/Page_General/txt_search' is cleared

2018-09-05 15:22:35 - [MESSAGE][PASSED] - Keys 'CONTROL + v' sent to object: 'Object Repository/Page_General/txt_search'

2018-09-05 15:22:37 - [MESSAGE][PASSED] - Object 'Object Repository/Page_General/div_searchResult' is present

2018-09-05 15:22:37 - [MESSAGE][PASSED] - beautytap.ShopAction.globalSearch is PASSED

2018-09-05 15:22:37 - [TEST_STEP][PASSED] - beautytap.ShopAction.VerifyProductOnSearchResult: Keyword VerifyProductOnSearchResult is Passed

2018-09-05 15:22:37 - [MESSAGE][PASSED] - Object '' is present

2018-09-05 15:22:37 - [MESSAGE][PASSED] - Text of object '' is: '$12.50'

2018-09-05 15:22:38 - [MESSAGE][PASSED] - Get CSS 'color' value on '' successfully: 'rgba(195, 195, 195, 1)'.

2018-09-05 15:22:38 - [MESSAGE][PASSED] - Get CSS 'color' value on '' successfully: 'rgba(195, 195, 195, 1)'.

2018-09-05 15:22:38 - [MESSAGE][PASSED] - Text of object '' is: '$11.99'

2018-09-05 15:22:38 - [MESSAGE][PASSED] - Get CSS 'color' value on '' successfully: 'rgba(255, 35, 134, 1)'.

2018-09-05 15:22:38 - [MESSAGE][PASSED] - Get CSS 'color' value on '' successfully: 'rgba(255, 35, 134, 1)'.

2018-09-05 15:22:38 - [MESSAGE][PASSED] - Keyword VerifyProductOnSearchResult is Passed

2018-09-05 15:22:38 - [TEST_STEP][PASSED] - beautytap.ShopAction.selectProductOnSearchResult: beautytap.ShopAction.selectProductOnSearchResult is PASSED

2018-09-05 15:22:43 - [MESSAGE][PASSED] - Object: '' is clicked on

2018-09-05 15:22:43 - [MESSAGE][PASSED] - Wait for page load successfully

2018-09-05 15:22:43 - [MESSAGE][PASSED] - beautytap.ShopAction.selectProductOnSearchResult is PASSED

2018-09-05 15:22:43 - [TEST_STEP][PASSED] - beautytap.ShopAction.VerifyProductDetails: Keyword VerifyProductDetails is Passed

2018-09-05 15:22:43 - [MESSAGE][PASSED] - Text of object '' is: 'Innisfree Perfect UV Protection Cream SPF50+/PA+++ (Long-Lasting For Oily Skin) 50ml'

2018-09-05 15:22:43 - [MESSAGE][PASSED] - Text of object '' is: '$12.50'

2018-09-05 15:22:44 - [MESSAGE][PASSED] - Get CSS 'color' value on '' successfully: 'rgba(195, 195, 195, 1)'.

2018-09-05 15:22:44 - [MESSAGE][PASSED] - Text of object '' is: '$11.99'

2018-09-05 15:22:44 - [MESSAGE][PASSED] - Get CSS 'color' value on '' successfully: 'rgba(255, 35, 134, 1)'.

2018-09-05 15:22:44 - [MESSAGE][PASSED] - Keyword VerifyProductDetails is Passed

2018-09-05 15:22:44 - [TEST_STEP][PASSED] - Statement - currentNumberItemInCart = CustomKeywords.beautytap.ShopAction.getNumberItemInCart(): beautytap.ShopAction.getNumberItemInCart is PASSED

2018-09-05 15:23:16 - [MESSAGE][WARNING] - com.kms.katalon.core.webui.exception.WebElementNotFoundException: Web element with id: '' located by 'By.xpath: //div[@class='header-right-top pull-right']/a[@class='shop-cart']/span[@class='number-cart']' not found
[[ATTACHMENT|E:\\BeautytapAutomation\\beautytapAuto\\Beautytap\\Reports\\TS1\\20180905_151359\\1536135796579.png]]

2018-09-05 15:23:16 - [MESSAGE][PASSED] - beautytap.ShopAction.getNumberItemInCart is PASSED

2018-09-05 15:23:16 - [TEST_STEP][PASSED] - beautytap.ShopAction.addProductToCart: beautytap.ShopAction.addProductToCart is PASSED

2018-09-05 15:23:17 - [MESSAGE][PASSED] - Text of object 'Object Repository/Page_Shop/txt_quantity' is cleared

2018-09-05 15:23:17 - [MESSAGE][PASSED] - Keys '1' sent to object: 'Object Repository/Page_Shop/txt_quantity'

2018-09-05 15:23:17 - [MESSAGE][PASSED] - Object: 'Object Repository/Page_Shop/btn_addToCart' is clicked on

2018-09-05 15:23:17 - [MESSAGE][PASSED] - Wait for page load successfully

2018-09-05 15:23:23 - [MESSAGE][PASSED] - Object 'Object Repository/Page_Shop/lbl_message' is present

2018-09-05 15:23:23 - [MESSAGE][PASSED] - beautytap.ShopAction.addProductToCart is PASSED

2018-09-05 15:23:23 - [TEST_STEP][PASSED] - beautytap.ShopAction.VerifyNumberItemInCart: Keyword VerifyNumberItemInCart is Passed, Number item in cart is 1, expected is 1

2018-09-05 15:23:23 - [MESSAGE][PASSED] - Object '' is present

2018-09-05 15:23:23 - [MESSAGE][PASSED] - Text of object '' is: '1'

2018-09-05 15:23:23 - [MESSAGE][PASSED] - Keyword VerifyNumberItemInCart is Passed, Number item in cart is 1, expected is 1

2018-09-05 15:23:23 - [TEST_STEP][PASSED] - beautytap.ShopAction.VerifyProductIsAddedToCart: beautytap.ShopAction.VerifyProductIsAddedToCart is PASSED

2018-09-05 15:23:55 - [MESSAGE][WARNING] - com.kms.katalon.core.webui.exception.WebElementNotFoundException: Web element with id: '' located by 'By.xpath: //div[@class='woocommerce-message' and contains(text(),'Innisfree Perfect UV Protection Cream SPF50+/PA+++ (Long-Lasting For Oily Skin) 50ml” have been added to your cart.')]' not found
[[ATTACHMENT|E:\\BeautytapAutomation\\beautytapAuto\\Beautytap\\Reports\\TS1\\20180905_151359\\1536135834946.png]]

2018-09-05 15:23:55 - [MESSAGE][PASSED] - beautytap.ShopAction.VerifyProductIsAddedToCart is PASSED

2018-09-05 15:23:55 - [TEST_STEP][PASSED] - beautytap.ShopAction.goToCart: beautytap.ShopAction.goToCart is PASSED

2018-09-05 15:23:59 - [MESSAGE][PASSED] - Object: 'Object Repository/Page_General/icon_cart' is clicked on

2018-09-05 15:23:59 - [MESSAGE][PASSED] - Wait for page load successfully

2018-09-05 15:23:59 - [MESSAGE][PASSED] - beautytap.ShopAction.goToCart is PASSED

2018-09-05 15:23:59 - [TEST_STEP][PASSED] - beautytap.ShopAction.VerifyProductInCart: Keyword VerifyProductInCart is Passed

2018-09-05 15:23:59 - [MESSAGE][PASSED] - Object '' is present

2018-09-05 15:24:00 - [MESSAGE][PASSED] - Text of object '' is: '$11.99'

2018-09-05 15:24:00 - [MESSAGE][PASSED] - Attribute 'value' of object '' is: '1'

2018-09-05 15:24:00 - [MESSAGE][PASSED] - Text of object '' is: '$11.99'

2018-09-05 15:24:00 - [MESSAGE][PASSED] - Keyword VerifyProductInCart is Passed

2018-09-05 15:24:00 - [TEST_STEP][PASSED] - beautytap.ShopAction.processToCheckout: beautytap.ShopAction.processToCheckout is PASSED

2018-09-05 15:24:03 - [MESSAGE][PASSED] - Object: 'Object Repository/Page_Cart/btn_checkout' is clicked on

2018-09-05 15:24:03 - [MESSAGE][PASSED] - Wait for page load successfully

2018-09-05 15:24:03 - [MESSAGE][PASSED] - beautytap.ShopAction.processToCheckout is PASSED

2018-09-05 15:24:03 - [TEST_STEP][PASSED] - beautytap.ShopAction.fillCustomerInformation: beautytap.ShopAction.fillCustomerInformation is PASSED

2018-09-05 15:24:03 - [MESSAGE][PASSED] - Text of object 'Object Repository/Page_Checkout/txt_billingFirstName' is cleared

2018-09-05 15:24:04 - [MESSAGE][PASSED] - Keys 'Test' sent to object: 'Object Repository/Page_Checkout/txt_billingFirstName'

2018-09-05 15:24:04 - [MESSAGE][PASSED] - Text of object 'Object Repository/Page_Checkout/txt_billingLastName' is cleared

2018-09-05 15:24:04 - [MESSAGE][PASSED] - Keys 'Automation' sent to object: 'Object Repository/Page_Checkout/txt_billingLastName'

2018-09-05 15:24:05 - [MESSAGE][PASSED] - All options with label 'United States (US)' are selected in object 'Object Repository/Page_Checkout/drop_billingCountry' 

2018-09-05 15:24:10 - [MESSAGE][PASSED] - Delayed 5 second(s)

2018-09-05 15:24:10 - [MESSAGE][PASSED] - Text of object 'Object Repository/Page_Checkout/txt_billingAddress' is cleared

2018-09-05 15:24:11 - [MESSAGE][PASSED] - Keys '123 Testing' sent to object: 'Object Repository/Page_Checkout/txt_billingAddress'

2018-09-05 15:24:11 - [MESSAGE][PASSED] - Text of object 'Object Repository/Page_Checkout/txt_billingCity' is cleared

2018-09-05 15:24:11 - [MESSAGE][PASSED] - Keys 'New York' sent to object: 'Object Repository/Page_Checkout/txt_billingCity'

2018-09-05 15:24:12 - [MESSAGE][PASSED] - All options with label 'New York' are selected in object 'Object Repository/Page_Checkout/drop_billingState' 

2018-09-05 15:24:12 - [MESSAGE][PASSED] - Text of object 'Object Repository/Page_Checkout/txt_billingZip' is cleared

2018-09-05 15:24:13 - [MESSAGE][PASSED] - Keys '90012' sent to object: 'Object Repository/Page_Checkout/txt_billingZip'

2018-09-05 15:24:13 - [MESSAGE][PASSED] - Text of object 'Object Repository/Page_Checkout/txt_billingEmail' is cleared

2018-09-05 15:24:14 - [MESSAGE][PASSED] - Keys 'auto609456@mailinator.com' sent to object: 'Object Repository/Page_Checkout/txt_billingEmail'

2018-09-05 15:24:15 - [MESSAGE][PASSED] - Object 'Object Repository/Page_Checkout/chk_shipToDifferentAddress' is un-checked

2018-09-05 15:24:15 - [MESSAGE][PASSED] - Text of object 'Object Repository/Page_Checkout/txt_orderNote' is cleared

2018-09-05 15:24:15 - [MESSAGE][PASSED] - Keys 'auto609456Order' sent to object: 'Object Repository/Page_Checkout/txt_orderNote'

2018-09-05 15:24:15 - [MESSAGE][PASSED] - Object 'Object Repository/Page_Checkout/radio_creditCard' is checked

2018-09-05 15:24:20 - [MESSAGE][PASSED] - Delayed 5 second(s)

2018-09-05 15:24:20 - [MESSAGE][PASSED] - beautytap.ShopAction.fillCustomerInformation is PASSED

2018-09-05 15:24:20 - [TEST_STEP][PASSED] - beautytap.ShopAction.VerifyOrderDetailsOnCheckout: Keyword VerifyOrderDetailsOnCheckout is Passed

2018-09-05 15:24:20 - [MESSAGE][PASSED] - Object '' is present

2018-09-05 15:24:20 - [MESSAGE][PASSED] - Text of object '' is: '$11.99'

2018-09-05 15:24:21 - [MESSAGE][PASSED] - Object '' has attribute 'checked'

2018-09-05 15:24:21 - [MESSAGE][PASSED] - Text of object '' is: '($12.50) Pantos (est. 14-25 working days including processing): $12.50'

2018-09-05 15:24:21 - [MESSAGE][PASSED] - Text of object '' is: '$12.50'

2018-09-05 15:24:21 - [MESSAGE][PASSED] - Text of object '' is: '$24.49'

2018-09-05 15:24:21 - [MESSAGE][PASSED] - Keyword VerifyOrderDetailsOnCheckout is Passed

2018-09-05 15:24:21 - [TEST_STEP][PASSED] - beautytap.ShopAction.checkoutViaCreditCard: beautytap.ShopAction.checkoutViaCreditCard is PASSED

2018-09-05 15:24:21 - [MESSAGE][PASSED] - Object 'Object Repository/Page_Checkout/radio_creditCard' is checked

2018-09-05 15:24:31 - [MESSAGE][PASSED] - Delayed 10 second(s)

2018-09-05 15:24:31 - [MESSAGE][PASSED] - Text of object 'Object Repository/Page_Checkout/txt_cardNumber' is cleared

2018-09-05 15:24:31 - [MESSAGE][PASSED] - Keys '4032036248443549' sent to object: 'Object Repository/Page_Checkout/txt_cardNumber'

2018-09-05 15:24:31 - [MESSAGE][PASSED] - All options with label 'Visa' are selected in object 'Object Repository/Page_Checkout/drop_cardType' 

2018-09-05 15:24:32 - [MESSAGE][PASSED] - All options with label '07' are selected in object 'Object Repository/Page_Checkout/drop_expirationMonth' 

2018-09-05 15:24:32 - [MESSAGE][PASSED] - All options with label '2023' are selected in object 'Object Repository/Page_Checkout/drop_expirationYear' 

2018-09-05 15:24:32 - [MESSAGE][PASSED] - Text of object 'Object Repository/Page_Checkout/txt_cardCVV' is cleared

2018-09-05 15:24:32 - [MESSAGE][PASSED] - Keys '123' sent to object: 'Object Repository/Page_Checkout/txt_cardCVV'

2018-09-05 15:24:32 - [MESSAGE][PASSED] - Object 'Object Repository/Page_Checkout/chk_terms' is checked

2018-09-05 15:24:32 - [MESSAGE][PASSED] - Object: 'Object Repository/Page_Checkout/btn_placeOrder' is clicked on

2018-09-05 15:24:47 - [MESSAGE][PASSED] - Object 'Object Repository/Page_Checkout/lbl_orderReceived' is present

2018-09-05 15:24:47 - [MESSAGE][PASSED] - beautytap.ShopAction.checkoutViaCreditCard is PASSED

2018-09-05 15:24:47 - [TEST_STEP][PASSED] - beautytap.ShopAction.VerifyOrderReceivedDetails: Keyword VerifyOrderReceivedDetails is Passed

2018-09-05 15:24:47 - [MESSAGE][PASSED] - Object '' is present

2018-09-05 15:24:47 - [MESSAGE][PASSED] - Text of object '' is: '$11.99'

2018-09-05 15:24:47 - [MESSAGE][PASSED] - Text of object '' is: '$12.50 via ($12.50) Pantos (est. 14-25 working days including processing)'

2018-09-05 15:24:47 - [MESSAGE][PASSED] - Object '' is present

2018-09-05 15:24:47 - [MESSAGE][PASSED] - Text of object '' is: '$12.50'

2018-09-05 15:24:47 - [MESSAGE][PASSED] - Text of object '' is: 'Credit Card Payment'

2018-09-05 15:24:47 - [MESSAGE][PASSED] - Text of object '' is: '$24.49'

2018-09-05 15:24:47 - [MESSAGE][PASSED] - Keyword VerifyOrderReceivedDetails is Passed

2018-09-05 15:24:47 - [TEST_STEP][PASSED] - closeBrowser: Browser is closed

2018-09-05 15:24:48 - [MESSAGE][PASSED] - Browser is closed]]></system-out>
         <system-err><![CDATA[]]></system-err>
      </testcase>
      <testcase name="Test Cases/Shop/TC04_Search_VariationProduct_NotSale_AmazonPay_GreaterThan200" classname="Test Cases/Shop/TC04_Search_VariationProduct_NotSale_AmazonPay_GreaterThan200" status="PASSED">
         <system-out><![CDATA[2018-09-05 15:24:50 - [TEST_CASE][PASSED] - Test Cases/Shop/TC04_Search_VariationProduct_NotSale_AmazonPay_GreaterThan200: Test Cases/Shop/TC04_Search_VariationProduct_NotSale_AmazonPay_GreaterThan200

2018-09-05 15:24:51 - [TEST_STEP][PASSED] - Statement - productName = VARIATION_PRODUCT: null

2018-09-05 15:24:51 - [TEST_STEP][PASSED] - Statement - price = VARIATION_PRICE1: null

2018-09-05 15:24:51 - [TEST_STEP][PASSED] - Statement - variation = VARIATION_NAME1: null

2018-09-05 15:24:51 - [TEST_STEP][PASSED] - Statement - r_string = new java.lang.Math().random().toString().substring(2, 8): null

2018-09-05 15:24:51 - [TEST_STEP][PASSED] - Statement - email = "auto" + r_string + "@mailinator.com": null

2018-09-05 15:24:51 - [TEST_STEP][PASSED] - Statement - orderNote = "auto" + r_string + "Order": null

2018-09-05 15:24:51 - [TEST_STEP][PASSED] - Statement - currentNumberItemInCart = <not implemented yet for class: org.codehaus.groovy.ast.expr.EmptyExpression>: null

2018-09-05 15:24:51 - [TEST_STEP][PASSED] - Statement - quantity = 8: null

2018-09-05 15:24:51 - [TEST_STEP][PASSED] - Statement - subtotal = CustomKeywords.beautytap.ShopAction.calculateTotal(quantity, price): beautytap.ShopAction.calculateTotal is PASSED

2018-09-05 15:24:51 - [MESSAGE][PASSED] - beautytap.ShopAction.calculateTotal is PASSED

2018-09-05 15:24:51 - [TEST_STEP][PASSED] - Statement - total = subtotal: null

2018-09-05 15:24:51 - [TEST_STEP][PASSED] - Statement - total = CustomKeywords.beautytap.ShopAction.calculateTotal(1, total): beautytap.ShopAction.calculateTotal is PASSED

2018-09-05 15:24:51 - [MESSAGE][PASSED] - beautytap.ShopAction.calculateTotal is PASSED

2018-09-05 15:24:51 - [TEST_STEP][PASSED] - Statement - products = new org.json.JSONArray((((((((([{"productname":" + productName) + ","variation":") + variation) + ","quantity":") + quantity) + ","price":") + price) + "}])): null

2018-09-05 15:24:51 - [TEST_STEP][PASSED] - Statement - billingInformation = new org.json.JSONObject((({"firstname":"Test","lastname":"Automation","country":"United States (US)","address":"123 Testing","city":"New York","state":"New York","zip":"90012","email":" + email) + "})): null

2018-09-05 15:24:51 - [TEST_STEP][PASSED] - Statement - shippingLabel = FREE_EMS_SHIPPING_LABEL: null

2018-09-05 15:24:51 - [TEST_STEP][PASSED] - Statement - shippingPrice = 0: null

2018-09-05 15:24:51 - [TEST_STEP][PASSED] - Statement - shippingType = "freeEMS": null

2018-09-05 15:24:51 - [TEST_STEP][PASSED] - Statement - paymentMethod = "Amazon Pay": null

2018-09-05 15:24:51 - [TEST_STEP][PASSED] - beautytap.GeneralAction.openBeautytap: beautytap.GeneralAction.openBeautytap is PASSED

2018-09-05 15:25:02 - [MESSAGE][PASSED] - Browser is opened with url: 'https://stage.beautytap.com'

2018-09-05 15:25:04 - [MESSAGE][PASSED] - Current window maximized

2018-09-05 15:25:07 - [MESSAGE][PASSED] - Refresh successfully

2018-09-05 15:25:07 - [MESSAGE][PASSED] - Wait for page load successfully

2018-09-05 15:25:07 - [MESSAGE][PASSED] - beautytap.GeneralAction.openBeautytap is PASSED

2018-09-05 15:25:07 - [TEST_STEP][PASSED] - beautytap.ShopAction.globalSearch: beautytap.ShopAction.globalSearch is PASSED

2018-09-05 15:25:08 - [MESSAGE][PASSED] - Object: 'Object Repository/Page_General/icon_search' is clicked on

2018-09-05 15:25:13 - [MESSAGE][PASSED] - Delayed 5 second(s)

2018-09-05 15:25:13 - [MESSAGE][PASSED] - Text of object 'Object Repository/Page_General/txt_search' is cleared

2018-09-05 15:25:13 - [MESSAGE][PASSED] - Keys 'CONTROL + v' sent to object: 'Object Repository/Page_General/txt_search'

2018-09-05 15:25:15 - [MESSAGE][PASSED] - Object 'Object Repository/Page_General/div_searchResult' is present

2018-09-05 15:25:15 - [MESSAGE][PASSED] - beautytap.ShopAction.globalSearch is PASSED

2018-09-05 15:25:15 - [TEST_STEP][PASSED] - beautytap.ShopAction.VerifyProductOnSearchResult: Keyword VerifyProductOnSearchResult is Passed

2018-09-05 15:25:15 - [MESSAGE][PASSED] - Object '' is present

2018-09-05 15:25:15 - [MESSAGE][PASSED] - Text of object '' is: '$26.70'

2018-09-05 15:25:15 - [MESSAGE][PASSED] - Get CSS 'color' value on '' successfully: 'rgba(255, 35, 134, 1)'.

2018-09-05 15:25:15 - [MESSAGE][PASSED] - Get CSS 'color' value on '' successfully: 'rgba(255, 35, 134, 1)'.

2018-09-05 15:25:15 - [MESSAGE][PASSED] - Keyword VerifyProductOnSearchResult is Passed

2018-09-05 15:25:15 - [TEST_STEP][PASSED] - beautytap.ShopAction.selectProductOnSearchResult: beautytap.ShopAction.selectProductOnSearchResult is PASSED

2018-09-05 15:25:23 - [MESSAGE][PASSED] - Object: '' is clicked on

2018-09-05 15:25:23 - [MESSAGE][PASSED] - Wait for page load successfully

2018-09-05 15:25:23 - [MESSAGE][PASSED] - beautytap.ShopAction.selectProductOnSearchResult is PASSED

2018-09-05 15:25:23 - [TEST_STEP][PASSED] - beautytap.ShopAction.selectProductVariation: beautytap.ShopAction.selectProductVariation is PASSED

2018-09-05 15:25:23 - [MESSAGE][PASSED] - Object: 'Object Repository/Page_Shop/drop_chooseOption' is clicked on

2018-09-05 15:25:24 - [MESSAGE][PASSED] - Delayed 1 second(s)

2018-09-05 15:25:24 - [MESSAGE][PASSED] - Object: '' is clicked on

2018-09-05 15:25:24 - [MESSAGE][PASSED] - beautytap.ShopAction.selectProductVariation is PASSED

2018-09-05 15:25:24 - [TEST_STEP][PASSED] - beautytap.ShopAction.VerifyProductDetails: Keyword VerifyProductDetails is Passed

2018-09-05 15:25:24 - [MESSAGE][PASSED] - Text of object '' is: 'MeloMELI Unicorn Heart Lake Cushion — 2 Choices'

2018-09-05 15:25:25 - [MESSAGE][PASSED] - All options with label 'Vanilla Beige' are selected in object 'Object Repository/Page_Shop/drop_chooseOption' 

2018-09-05 15:25:25 - [MESSAGE][PASSED] - Text of object '' is: '$26.70'

2018-09-05 15:25:25 - [MESSAGE][PASSED] - Get CSS 'color' value on '' successfully: 'rgba(255, 35, 134, 1)'.

2018-09-05 15:25:25 - [MESSAGE][PASSED] - Keyword VerifyProductDetails is Passed

2018-09-05 15:25:25 - [TEST_STEP][PASSED] - Statement - currentNumberItemInCart = CustomKeywords.beautytap.ShopAction.getNumberItemInCart(): beautytap.ShopAction.getNumberItemInCart is PASSED

2018-09-05 15:25:57 - [MESSAGE][WARNING] - com.kms.katalon.core.webui.exception.WebElementNotFoundException: Web element with id: '' located by 'By.xpath: //div[@class='header-right-top pull-right']/a[@class='shop-cart']/span[@class='number-cart']' not found
[[ATTACHMENT|E:\\BeautytapAutomation\\beautytapAuto\\Beautytap\\Reports\\TS1\\20180905_151359\\1536135956742.png]]

2018-09-05 15:25:57 - [MESSAGE][PASSED] - beautytap.ShopAction.getNumberItemInCart is PASSED

2018-09-05 15:25:57 - [TEST_STEP][PASSED] - beautytap.ShopAction.addProductToCart: beautytap.ShopAction.addProductToCart is PASSED

2018-09-05 15:25:57 - [MESSAGE][PASSED] - Text of object 'Object Repository/Page_Shop/txt_quantity' is cleared

2018-09-05 15:25:57 - [MESSAGE][PASSED] - Keys '8' sent to object: 'Object Repository/Page_Shop/txt_quantity'

2018-09-05 15:25:57 - [MESSAGE][PASSED] - Object: 'Object Repository/Page_Shop/btn_addToCart' is clicked on

2018-09-05 15:25:57 - [MESSAGE][PASSED] - Wait for page load successfully

2018-09-05 15:26:05 - [MESSAGE][PASSED] - Object 'Object Repository/Page_Shop/lbl_message' is present

2018-09-05 15:26:05 - [MESSAGE][PASSED] - beautytap.ShopAction.addProductToCart is PASSED

2018-09-05 15:26:05 - [TEST_STEP][PASSED] - beautytap.ShopAction.VerifyNumberItemInCart: Keyword VerifyNumberItemInCart is Passed, Number item in cart is 8, expected is 8

2018-09-05 15:26:05 - [MESSAGE][PASSED] - Object '' is present

2018-09-05 15:26:05 - [MESSAGE][PASSED] - Text of object '' is: '8'

2018-09-05 15:26:05 - [MESSAGE][PASSED] - Keyword VerifyNumberItemInCart is Passed, Number item in cart is 8, expected is 8

2018-09-05 15:26:05 - [TEST_STEP][PASSED] - beautytap.ShopAction.VerifyProductIsAddedToCart: beautytap.ShopAction.VerifyProductIsAddedToCart is PASSED

2018-09-05 15:26:05 - [MESSAGE][PASSED] - Object '' is present

2018-09-05 15:26:05 - [MESSAGE][PASSED] - beautytap.ShopAction.VerifyProductIsAddedToCart is PASSED

2018-09-05 15:26:05 - [TEST_STEP][PASSED] - beautytap.ShopAction.goToCart: beautytap.ShopAction.goToCart is PASSED

2018-09-05 15:26:10 - [MESSAGE][PASSED] - Object: 'Object Repository/Page_General/icon_cart' is clicked on

2018-09-05 15:26:10 - [MESSAGE][PASSED] - Wait for page load successfully

2018-09-05 15:26:10 - [MESSAGE][PASSED] - beautytap.ShopAction.goToCart is PASSED

2018-09-05 15:26:10 - [TEST_STEP][PASSED] - beautytap.ShopAction.VerifyProductInCart: Keyword VerifyProductInCart is Passed

2018-09-05 15:26:10 - [MESSAGE][PASSED] - Object '' is present

2018-09-05 15:26:10 - [MESSAGE][PASSED] - Text of object '' is: '$26.70'

2018-09-05 15:26:11 - [MESSAGE][PASSED] - Attribute 'value' of object '' is: '8'

2018-09-05 15:26:11 - [MESSAGE][PASSED] - Text of object '' is: '$213.60'

2018-09-05 15:26:11 - [MESSAGE][PASSED] - Keyword VerifyProductInCart is Passed

2018-09-05 15:26:11 - [TEST_STEP][PASSED] - beautytap.ShopAction.processToCheckout: beautytap.ShopAction.processToCheckout is PASSED

2018-09-05 15:26:14 - [MESSAGE][PASSED] - Object: 'Object Repository/Page_Cart/btn_checkout' is clicked on

2018-09-05 15:26:14 - [MESSAGE][PASSED] - Wait for page load successfully

2018-09-05 15:26:14 - [MESSAGE][PASSED] - beautytap.ShopAction.processToCheckout is PASSED

2018-09-05 15:26:14 - [TEST_STEP][PASSED] - beautytap.ShopAction.loginAmazonPay: beautytap.ShopAction.loginAmazonPay is PASSED

2018-09-05 15:26:15 - [MESSAGE][PASSED] - Object: 'Object Repository/Page_Checkout/btn_amazonPay' is clicked on

2018-09-05 15:26:15 - [MESSAGE][PASSED] - Switched to window with index: '1'

2018-09-05 15:26:16 - [MESSAGE][PASSED] - Object 'Object Repository/Popup_Amazon/txt_email' is present

2018-09-05 15:26:16 - [MESSAGE][PASSED] - Text of object 'Object Repository/Popup_Amazon/txt_email' is cleared

2018-09-05 15:26:17 - [MESSAGE][PASSED] - Keys 'amazontest1503@yopmail.com' sent to object: 'Object Repository/Popup_Amazon/txt_email'

2018-09-05 15:26:17 - [MESSAGE][PASSED] - Text of object 'Object Repository/Popup_Amazon/txt_password' is cleared

2018-09-05 15:26:17 - [MESSAGE][PASSED] - Keys '123456' sent to object: 'Object Repository/Popup_Amazon/txt_password'

2018-09-05 15:26:20 - [MESSAGE][PASSED] - Object: 'Object Repository/Popup_Amazon/btn_signin' is clicked on

2018-09-05 15:26:20 - [MESSAGE][PASSED] - Switched to window with index: '0'

2018-09-05 15:26:50 - [MESSAGE][PASSED] - Delayed 30 second(s)

2018-09-05 15:26:50 - [MESSAGE][PASSED] - beautytap.ShopAction.loginAmazonPay is PASSED

2018-09-05 15:26:50 - [TEST_STEP][PASSED] - beautytap.ShopAction.VerifyOrderDetailsOnCheckout: Keyword VerifyOrderDetailsOnCheckout is Passed

2018-09-05 15:26:50 - [MESSAGE][PASSED] - Object '' is present

2018-09-05 15:26:50 - [MESSAGE][PASSED] - Text of object '' is: '$213.60'

2018-09-05 15:26:50 - [MESSAGE][PASSED] - Text of object '' is: 'Free EMS shipping (over $200)
Why does shipping take this long?'

2018-09-05 15:26:50 - [MESSAGE][PASSED] - Text of object '' is: '$213.60'

2018-09-05 15:26:50 - [MESSAGE][PASSED] - Keyword VerifyOrderDetailsOnCheckout is Passed

2018-09-05 15:26:50 - [TEST_STEP][PASSED] - beautytap.ShopAction.checkoutViaAmazonPay: beautytap.ShopAction.checkoutViaAmazonPay is PASSED

2018-09-05 15:26:50 - [MESSAGE][PASSED] - Object 'Object Repository/Page_Checkout/chk_terms' is clickable

2018-09-05 15:26:50 - [MESSAGE][PASSED] - Object 'Object Repository/Page_Checkout/chk_terms' is checked

2018-09-05 15:26:51 - [MESSAGE][PASSED] - Object: 'Object Repository/Page_Checkout/btn_placeOrder' is clicked on

2018-09-05 15:27:05 - [MESSAGE][PASSED] - Object 'Object Repository/Page_Checkout/lbl_orderReceived' is present

2018-09-05 15:27:05 - [MESSAGE][PASSED] - beautytap.ShopAction.checkoutViaAmazonPay is PASSED

2018-09-05 15:27:05 - [TEST_STEP][PASSED] - beautytap.ShopAction.VerifyOrderReceivedDetails: Keyword VerifyOrderReceivedDetails is Passed

2018-09-05 15:27:05 - [MESSAGE][PASSED] - Object '' is present

2018-09-05 15:27:06 - [MESSAGE][PASSED] - Text of object '' is: '$213.60'

2018-09-05 15:27:06 - [MESSAGE][PASSED] - Text of object '' is: 'Free EMS shipping (over $200)'

2018-09-05 15:27:37 - [MESSAGE][WARNING] - com.kms.katalon.core.webui.exception.WebElementNotFoundException: Web element with id: '' located by 'By.xpath: //th[text()='Shipping:']/parent::tr/td/span' not found
[[ATTACHMENT|E:\\BeautytapAutomation\\beautytapAuto\\Beautytap\\Reports\\TS1\\20180905_151359\\1536136057655.png]]

2018-09-05 15:27:38 - [MESSAGE][PASSED] - Text of object '' is: 'Amazon Pay'

2018-09-05 15:27:38 - [MESSAGE][PASSED] - Text of object '' is: '$213.60'

2018-09-05 15:27:38 - [MESSAGE][PASSED] - Keyword VerifyOrderReceivedDetails is Passed

2018-09-05 15:27:38 - [TEST_STEP][PASSED] - closeBrowser: Browser is closed

2018-09-05 15:27:39 - [MESSAGE][PASSED] - Browser is closed]]></system-out>
         <system-err><![CDATA[]]></system-err>
      </testcase>
      <testcase name="Test Cases/Shop/TC05_Browse_SimpleProduct_NotSale_PayPal_GreaterThan60LessThan200" classname="Test Cases/Shop/TC05_Browse_SimpleProduct_NotSale_PayPal_GreaterThan60LessThan200" status="PASSED">
         <system-out><![CDATA[2018-09-05 15:27:41 - [TEST_CASE][PASSED] - Test Cases/Shop/TC05_Browse_SimpleProduct_NotSale_PayPal_GreaterThan60LessThan200: Test Cases/Shop/TC05_Browse_SimpleProduct_NotSale_PayPal_GreaterThan60LessThan200

2018-09-05 15:27:41 - [TEST_STEP][PASSED] - Statement - productName = SIMPLE_PRODUCT: null

2018-09-05 15:27:41 - [TEST_STEP][PASSED] - Statement - price = SIMPLE_PRODUCT_PRICE: null

2018-09-05 15:27:41 - [TEST_STEP][PASSED] - Statement - r_string = new java.lang.Math().random().toString().substring(2, 8): null

2018-09-05 15:27:41 - [TEST_STEP][PASSED] - Statement - email = "auto" + r_string + "@mailinator.com": null

2018-09-05 15:27:41 - [TEST_STEP][PASSED] - Statement - orderNote = "auto" + r_string + "Order": null

2018-09-05 15:27:41 - [TEST_STEP][PASSED] - Statement - currentNumberItemInCart = <not implemented yet for class: org.codehaus.groovy.ast.expr.EmptyExpression>: null

2018-09-05 15:27:41 - [TEST_STEP][PASSED] - Statement - quantity = 3: null

2018-09-05 15:27:41 - [TEST_STEP][PASSED] - Statement - subtotal = CustomKeywords.beautytap.ShopAction.calculateTotal(quantity, price): beautytap.ShopAction.calculateTotal is PASSED

2018-09-05 15:27:41 - [MESSAGE][PASSED] - beautytap.ShopAction.calculateTotal is PASSED

2018-09-05 15:27:41 - [TEST_STEP][PASSED] - Statement - total = subtotal: null

2018-09-05 15:27:41 - [TEST_STEP][PASSED] - Statement - total = CustomKeywords.beautytap.ShopAction.calculateTotal(1, total): beautytap.ShopAction.calculateTotal is PASSED

2018-09-05 15:27:41 - [MESSAGE][PASSED] - beautytap.ShopAction.calculateTotal is PASSED

2018-09-05 15:27:41 - [TEST_STEP][PASSED] - Statement - products = new org.json.JSONArray((((((([{"productname":" + productName) + ","variation":"","quantity":") + quantity) + ","price":") + price) + "}])): null

2018-09-05 15:27:41 - [TEST_STEP][PASSED] - Statement - billingInformation = new org.json.JSONObject((({"firstname":"Test","lastname":"Automation","country":"United States (US)","address":"123 Testing","city":"New York","state":"New York","zip":"90012","email":" + email) + "})): null

2018-09-05 15:27:41 - [TEST_STEP][PASSED] - Statement - shippingLabel = FREE_SHIPPING_LABEL: null

2018-09-05 15:27:41 - [TEST_STEP][PASSED] - Statement - shippingPrice = 0: null

2018-09-05 15:27:41 - [TEST_STEP][PASSED] - Statement - shippingType = "free": null

2018-09-05 15:27:41 - [TEST_STEP][PASSED] - Statement - paymentMethod = "PayPal": null

2018-09-05 15:27:41 - [TEST_STEP][PASSED] - Statement - category = "What's New": null

2018-09-05 15:27:41 - [TEST_STEP][PASSED] - beautytap.GeneralAction.openBeautytap: beautytap.GeneralAction.openBeautytap is PASSED

2018-09-05 15:28:00 - [MESSAGE][PASSED] - Browser is opened with url: 'https://stage.beautytap.com'

2018-09-05 15:28:01 - [MESSAGE][PASSED] - Current window maximized

2018-09-05 15:28:05 - [MESSAGE][PASSED] - Refresh successfully

2018-09-05 15:28:05 - [MESSAGE][PASSED] - Wait for page load successfully

2018-09-05 15:28:05 - [MESSAGE][PASSED] - beautytap.GeneralAction.openBeautytap is PASSED

2018-09-05 15:28:05 - [TEST_STEP][PASSED] - beautytap.ShopAction.selectCategory: beautytap.ShopAction.selectCategory is PASSED

2018-09-05 15:28:12 - [MESSAGE][PASSED] - Object: '' is clicked on

2018-09-05 15:28:12 - [MESSAGE][PASSED] - Wait for page load successfully

2018-09-05 15:28:12 - [MESSAGE][PASSED] - beautytap.ShopAction.selectCategory is PASSED

2018-09-05 15:28:12 - [TEST_STEP][PASSED] - beautytap.ShopAction.findProductOnProductList: beautytap.ShopAction.findProductOnProductList is PASSED

2018-09-05 15:28:13 - [MESSAGE][PASSED] - Text of object '' is: '76'

2018-09-05 15:28:18 - [MESSAGE][WARNING] - com.kms.katalon.core.webui.exception.WebElementNotFoundException: Web element with id: '' located by 'By.xpath: //a[text()='La Muse Correct Care Complete Cushion SPF50+']' not found
[[ATTACHMENT|E:\\BeautytapAutomation\\beautytapAuto\\Beautytap\\Reports\\TS1\\20180905_151359\\1536136098235.png]]

2018-09-05 15:28:26 - [MESSAGE][PASSED] - Object: '' is clicked on

2018-09-05 15:28:26 - [MESSAGE][PASSED] - Wait for page load successfully

2018-09-05 15:28:26 - [MESSAGE][PASSED] - Object '' is present

2018-09-05 15:28:26 - [MESSAGE][PASSED] - beautytap.ShopAction.findProductOnProductList is PASSED

2018-09-05 15:28:26 - [TEST_STEP][PASSED] - beautytap.ShopAction.VerifyProductOnProductList: Keyword VerifyProductOnProductList is Passed

2018-09-05 15:28:26 - [MESSAGE][PASSED] - Object '' is present

2018-09-05 15:28:27 - [MESSAGE][PASSED] - Text of object '' is: '$31.80'

2018-09-05 15:28:27 - [MESSAGE][PASSED] - Get CSS 'color' value on '' successfully: 'rgba(255, 35, 134, 1)'.

2018-09-05 15:28:27 - [MESSAGE][PASSED] - Get CSS 'color' value on '' successfully: 'rgba(255, 35, 134, 1)'.

2018-09-05 15:28:27 - [MESSAGE][PASSED] - Keyword VerifyProductOnProductList is Passed

2018-09-05 15:28:27 - [TEST_STEP][PASSED] - beautytap.ShopAction.selectProductOnProductList: beautytap.ShopAction.selectProductOnProductList is PASSED

2018-09-05 15:28:33 - [MESSAGE][PASSED] - Object: '' is clicked on

2018-09-05 15:28:33 - [MESSAGE][PASSED] - Wait for page load successfully

2018-09-05 15:28:33 - [MESSAGE][PASSED] - beautytap.ShopAction.selectProductOnProductList is PASSED

2018-09-05 15:28:33 - [TEST_STEP][PASSED] - beautytap.ShopAction.VerifyProductDetails: Keyword VerifyProductDetails is Passed

2018-09-05 15:28:33 - [MESSAGE][PASSED] - Text of object '' is: 'La Muse Correct Care Complete Cushion SPF50+'

2018-09-05 15:28:33 - [MESSAGE][PASSED] - Text of object '' is: '$31.80'

2018-09-05 15:28:33 - [MESSAGE][PASSED] - Get CSS 'color' value on '' successfully: 'rgba(255, 35, 134, 1)'.

2018-09-05 15:28:33 - [MESSAGE][PASSED] - Keyword VerifyProductDetails is Passed

2018-09-05 15:28:33 - [TEST_STEP][PASSED] - Statement - currentNumberItemInCart = CustomKeywords.beautytap.ShopAction.getNumberItemInCart(): beautytap.ShopAction.getNumberItemInCart is PASSED

2018-09-05 15:29:05 - [MESSAGE][WARNING] - com.kms.katalon.core.webui.exception.WebElementNotFoundException: Web element with id: '' located by 'By.xpath: //div[@class='header-right-top pull-right']/a[@class='shop-cart']/span[@class='number-cart']' not found
[[ATTACHMENT|E:\\BeautytapAutomation\\beautytapAuto\\Beautytap\\Reports\\TS1\\20180905_151359\\1536136144718.png]]

2018-09-05 15:29:05 - [MESSAGE][PASSED] - beautytap.ShopAction.getNumberItemInCart is PASSED

2018-09-05 15:29:05 - [TEST_STEP][PASSED] - beautytap.ShopAction.addProductToCart: beautytap.ShopAction.addProductToCart is PASSED

2018-09-05 15:29:05 - [MESSAGE][PASSED] - Text of object 'Object Repository/Page_Shop/txt_quantity' is cleared

2018-09-05 15:29:05 - [MESSAGE][PASSED] - Keys '3' sent to object: 'Object Repository/Page_Shop/txt_quantity'

2018-09-05 15:29:05 - [MESSAGE][PASSED] - Object: 'Object Repository/Page_Shop/btn_addToCart' is clicked on

2018-09-05 15:29:05 - [MESSAGE][PASSED] - Wait for page load successfully

2018-09-05 15:29:14 - [MESSAGE][PASSED] - Object 'Object Repository/Page_Shop/lbl_message' is present

2018-09-05 15:29:14 - [MESSAGE][PASSED] - beautytap.ShopAction.addProductToCart is PASSED

2018-09-05 15:29:14 - [TEST_STEP][PASSED] - beautytap.ShopAction.VerifyNumberItemInCart: Keyword VerifyNumberItemInCart is Passed, Number item in cart is 3, expected is 3

2018-09-05 15:29:14 - [MESSAGE][PASSED] - Object '' is present

2018-09-05 15:29:14 - [MESSAGE][PASSED] - Text of object '' is: '3'

2018-09-05 15:29:14 - [MESSAGE][PASSED] - Keyword VerifyNumberItemInCart is Passed, Number item in cart is 3, expected is 3

2018-09-05 15:29:14 - [TEST_STEP][PASSED] - beautytap.ShopAction.VerifyProductIsAddedToCart: beautytap.ShopAction.VerifyProductIsAddedToCart is PASSED

2018-09-05 15:29:14 - [MESSAGE][PASSED] - Object '' is present

2018-09-05 15:29:14 - [MESSAGE][PASSED] - beautytap.ShopAction.VerifyProductIsAddedToCart is PASSED

2018-09-05 15:29:14 - [TEST_STEP][PASSED] - beautytap.ShopAction.goToCart: beautytap.ShopAction.goToCart is PASSED

2018-09-05 15:29:19 - [MESSAGE][PASSED] - Object: 'Object Repository/Page_General/icon_cart' is clicked on

2018-09-05 15:29:19 - [MESSAGE][PASSED] - Wait for page load successfully

2018-09-05 15:29:19 - [MESSAGE][PASSED] - beautytap.ShopAction.goToCart is PASSED

2018-09-05 15:29:19 - [TEST_STEP][PASSED] - beautytap.ShopAction.VerifyProductInCart: Keyword VerifyProductInCart is Passed

2018-09-05 15:29:19 - [MESSAGE][PASSED] - Object '' is present

2018-09-05 15:29:19 - [MESSAGE][PASSED] - Text of object '' is: '$31.80'

2018-09-05 15:29:19 - [MESSAGE][PASSED] - Attribute 'value' of object '' is: '3'

2018-09-05 15:29:20 - [MESSAGE][PASSED] - Text of object '' is: '$95.40'

2018-09-05 15:29:20 - [MESSAGE][PASSED] - Keyword VerifyProductInCart is Passed

2018-09-05 15:29:20 - [TEST_STEP][PASSED] - beautytap.ShopAction.processToCheckout: beautytap.ShopAction.processToCheckout is PASSED

2018-09-05 15:29:27 - [MESSAGE][PASSED] - Object: 'Object Repository/Page_Cart/btn_checkout' is clicked on

2018-09-05 15:29:27 - [MESSAGE][PASSED] - Wait for page load successfully

2018-09-05 15:29:27 - [MESSAGE][PASSED] - beautytap.ShopAction.processToCheckout is PASSED

2018-09-05 15:29:27 - [TEST_STEP][PASSED] - beautytap.ShopAction.fillCustomerInformation: beautytap.ShopAction.fillCustomerInformation is PASSED

2018-09-05 15:29:27 - [MESSAGE][PASSED] - Text of object 'Object Repository/Page_Checkout/txt_billingFirstName' is cleared

2018-09-05 15:29:27 - [MESSAGE][PASSED] - Keys 'Test' sent to object: 'Object Repository/Page_Checkout/txt_billingFirstName'

2018-09-05 15:29:27 - [MESSAGE][PASSED] - Text of object 'Object Repository/Page_Checkout/txt_billingLastName' is cleared

2018-09-05 15:29:28 - [MESSAGE][PASSED] - Keys 'Automation' sent to object: 'Object Repository/Page_Checkout/txt_billingLastName'

2018-09-05 15:29:28 - [MESSAGE][PASSED] - All options with label 'United States (US)' are selected in object 'Object Repository/Page_Checkout/drop_billingCountry' 

2018-09-05 15:29:33 - [MESSAGE][PASSED] - Delayed 5 second(s)

2018-09-05 15:29:33 - [MESSAGE][PASSED] - Text of object 'Object Repository/Page_Checkout/txt_billingAddress' is cleared

2018-09-05 15:29:34 - [MESSAGE][PASSED] - Keys '123 Testing' sent to object: 'Object Repository/Page_Checkout/txt_billingAddress'

2018-09-05 15:29:34 - [MESSAGE][PASSED] - Text of object 'Object Repository/Page_Checkout/txt_billingCity' is cleared

2018-09-05 15:29:34 - [MESSAGE][PASSED] - Keys 'New York' sent to object: 'Object Repository/Page_Checkout/txt_billingCity'

2018-09-05 15:29:34 - [MESSAGE][PASSED] - All options with label 'New York' are selected in object 'Object Repository/Page_Checkout/drop_billingState' 

2018-09-05 15:29:34 - [MESSAGE][PASSED] - Text of object 'Object Repository/Page_Checkout/txt_billingZip' is cleared

2018-09-05 15:29:34 - [MESSAGE][PASSED] - Keys '90012' sent to object: 'Object Repository/Page_Checkout/txt_billingZip'

2018-09-05 15:29:34 - [MESSAGE][PASSED] - Text of object 'Object Repository/Page_Checkout/txt_billingEmail' is cleared

2018-09-05 15:29:35 - [MESSAGE][PASSED] - Keys 'auto351767@mailinator.com' sent to object: 'Object Repository/Page_Checkout/txt_billingEmail'

2018-09-05 15:29:35 - [MESSAGE][PASSED] - Object 'Object Repository/Page_Checkout/chk_shipToDifferentAddress' is un-checked

2018-09-05 15:29:35 - [MESSAGE][PASSED] - Text of object 'Object Repository/Page_Checkout/txt_orderNote' is cleared

2018-09-05 15:29:36 - [MESSAGE][PASSED] - Keys 'auto351767Order' sent to object: 'Object Repository/Page_Checkout/txt_orderNote'

2018-09-05 15:29:36 - [MESSAGE][PASSED] - Object 'Object Repository/Page_Checkout/radio_creditCard' is checked

2018-09-05 15:29:41 - [MESSAGE][PASSED] - Delayed 5 second(s)

2018-09-05 15:29:41 - [MESSAGE][PASSED] - beautytap.ShopAction.fillCustomerInformation is PASSED

2018-09-05 15:29:41 - [TEST_STEP][PASSED] - beautytap.ShopAction.VerifyOrderDetailsOnCheckout: Keyword VerifyOrderDetailsOnCheckout is Passed

2018-09-05 15:29:41 - [MESSAGE][PASSED] - Object '' is present

2018-09-05 15:29:41 - [MESSAGE][PASSED] - Text of object '' is: '$95.40'

2018-09-05 15:29:41 - [MESSAGE][PASSED] - Text of object '' is: 'Free shipping for orders over $60
Why does shipping take this long?'

2018-09-05 15:29:41 - [MESSAGE][PASSED] - Text of object '' is: '$95.40'

2018-09-05 15:29:41 - [MESSAGE][PASSED] - Keyword VerifyOrderDetailsOnCheckout is Passed

2018-09-05 15:29:41 - [TEST_STEP][PASSED] - beautytap.ShopAction.checkoutViaPaypal: beautytap.ShopAction.checkoutViaPaypal is PASSED

2018-09-05 15:29:41 - [MESSAGE][PASSED] - Object 'Object Repository/Page_Checkout/radio_paypal' is checked

2018-09-05 15:29:46 - [MESSAGE][PASSED] - Delayed 5 second(s)

2018-09-05 15:29:46 - [MESSAGE][PASSED] - Object 'Object Repository/Page_Checkout/chk_terms' is checked

2018-09-05 15:29:46 - [MESSAGE][PASSED] - Object: 'Object Repository/Page_Checkout/btn_placeOrder' is clicked on

2018-09-05 15:29:53 - [MESSAGE][PASSED] - Object 'Object Repository/Page_Paypal/txt_email' is present

2018-09-05 15:29:53 - [MESSAGE][PASSED] - Text of object 'Object Repository/Page_Paypal/txt_email' is cleared

2018-09-05 15:29:54 - [MESSAGE][PASSED] - Keys 'g1.posiba@gmail.com' sent to object: 'Object Repository/Page_Paypal/txt_email'

2018-09-05 15:29:54 - [MESSAGE][PASSED] - Text of object 'Object Repository/Page_Paypal/txt_password' is cleared

2018-09-05 15:29:54 - [MESSAGE][PASSED] - Keys 'Tr@ng99%' sent to object: 'Object Repository/Page_Paypal/txt_password'

2018-09-05 15:30:07 - [MESSAGE][PASSED] - Object: 'Object Repository/Page_Paypal/btn_login' is clicked on

2018-09-05 15:30:16 - [MESSAGE][PASSED] - Object 'Object Repository/Page_Paypal/btn_payNow' is present

2018-09-05 15:30:21 - [MESSAGE][PASSED] - Delayed 5 second(s)

2018-09-05 15:30:21 - [MESSAGE][PASSED] - Object: 'Object Repository/Page_Paypal/btn_payNow' is clicked on

2018-09-05 15:30:42 - [MESSAGE][PASSED] - Object 'Object Repository/Page_Checkout/lbl_orderReceived' is present

2018-09-05 15:30:42 - [MESSAGE][PASSED] - beautytap.ShopAction.checkoutViaPaypal is PASSED

2018-09-05 15:30:42 - [TEST_STEP][PASSED] - beautytap.ShopAction.VerifyOrderReceivedDetails: Keyword VerifyOrderReceivedDetails is Passed

2018-09-05 15:30:42 - [MESSAGE][PASSED] - Object '' is present

2018-09-05 15:30:42 - [MESSAGE][PASSED] - Text of object '' is: '$95.40'

2018-09-05 15:30:42 - [MESSAGE][PASSED] - Text of object '' is: 'Free shipping for orders over $60'

2018-09-05 15:31:13 - [MESSAGE][WARNING] - com.kms.katalon.core.webui.exception.WebElementNotFoundException: Web element with id: '' located by 'By.xpath: //th[text()='Shipping:']/parent::tr/td/span' not found
[[ATTACHMENT|E:\\BeautytapAutomation\\beautytapAuto\\Beautytap\\Reports\\TS1\\20180905_151359\\1536136273226.png]]

2018-09-05 15:31:13 - [MESSAGE][PASSED] - Text of object '' is: 'PayPal'

2018-09-05 15:31:13 - [MESSAGE][PASSED] - Text of object '' is: '$95.40'

2018-09-05 15:31:13 - [MESSAGE][PASSED] - Keyword VerifyOrderReceivedDetails is Passed

2018-09-05 15:31:13 - [TEST_STEP][PASSED] - closeBrowser: Browser is closed

2018-09-05 15:31:14 - [MESSAGE][PASSED] - Browser is closed]]></system-out>
         <system-err><![CDATA[]]></system-err>
      </testcase>
      <testcase name="Test Cases/Shop/TC06_Browse_VariationProduct_Sale_AmazonPayAtCart_LessThan60_EMS" classname="Test Cases/Shop/TC06_Browse_VariationProduct_Sale_AmazonPayAtCart_LessThan60_EMS" status="PASSED">
         <system-out><![CDATA[2018-09-05 15:31:16 - [TEST_CASE][PASSED] - Test Cases/Shop/TC06_Browse_VariationProduct_Sale_AmazonPayAtCart_LessThan60_EMS: Test Cases/Shop/TC06_Browse_VariationProduct_Sale_AmazonPayAtCart_LessThan60_EMS

2018-09-05 15:31:16 - [TEST_STEP][PASSED] - Statement - productName = VARIATION_SALE_PRODUCT: null

2018-09-05 15:31:16 - [TEST_STEP][PASSED] - Statement - saleprice = VARIATION_SALE_PRICE1: null

2018-09-05 15:31:16 - [TEST_STEP][PASSED] - Statement - redularprice = VARIATION_SALE_REGULAR_PRICE1: null

2018-09-05 15:31:17 - [TEST_STEP][PASSED] - Statement - variation = VARIATION_SALE_NAME1: null

2018-09-05 15:31:17 - [TEST_STEP][PASSED] - Statement - r_string = new java.lang.Math().random().toString().substring(2, 8): null

2018-09-05 15:31:17 - [TEST_STEP][PASSED] - Statement - email = "auto" + r_string + "@mailinator.com": null

2018-09-05 15:31:17 - [TEST_STEP][PASSED] - Statement - orderNote = "auto" + r_string + "Order": null

2018-09-05 15:31:17 - [TEST_STEP][PASSED] - Statement - currentNumberItemInCart = <not implemented yet for class: org.codehaus.groovy.ast.expr.EmptyExpression>: null

2018-09-05 15:31:17 - [TEST_STEP][PASSED] - Statement - quantity = 5: null

2018-09-05 15:31:17 - [TEST_STEP][PASSED] - Statement - shippingLabel = EMS_SHIPPING_LABEL: null

2018-09-05 15:31:17 - [TEST_STEP][PASSED] - Statement - shippingPrice = EMS_SHIPPING_PRICE: null

2018-09-05 15:31:17 - [TEST_STEP][PASSED] - Statement - subtotal = CustomKeywords.beautytap.ShopAction.calculateTotal(quantity, saleprice): beautytap.ShopAction.calculateTotal is PASSED

2018-09-05 15:31:17 - [MESSAGE][PASSED] - beautytap.ShopAction.calculateTotal is PASSED

2018-09-05 15:31:17 - [TEST_STEP][PASSED] - Statement - total = subtotal + shippingPrice: null

2018-09-05 15:31:17 - [TEST_STEP][PASSED] - Statement - total = CustomKeywords.beautytap.ShopAction.calculateTotal(1, total): beautytap.ShopAction.calculateTotal is PASSED

2018-09-05 15:31:17 - [MESSAGE][PASSED] - beautytap.ShopAction.calculateTotal is PASSED

2018-09-05 15:31:17 - [TEST_STEP][PASSED] - Statement - products = new org.json.JSONArray((((((((([{"productname":" + productName) + ","variation":") + variation) + ","quantity":") + quantity) + ","price":") + saleprice) + "}])): null

2018-09-05 15:31:17 - [TEST_STEP][PASSED] - Statement - billingInformation = new org.json.JSONObject((({"firstname":"Test","lastname":"Automation","country":"United States (US)","address":"123 Testing","city":"New York","state":"New York","zip":"90012","email":" + email) + "})): null

2018-09-05 15:31:17 - [TEST_STEP][PASSED] - Statement - shippingType = "EMS": null

2018-09-05 15:31:17 - [TEST_STEP][PASSED] - Statement - paymentMethod = "Amazon Pay": null

2018-09-05 15:31:17 - [TEST_STEP][PASSED] - Statement - category = "Brands": null

2018-09-05 15:31:17 - [TEST_STEP][PASSED] - Statement - subcategory = "Innisfree": null

2018-09-05 15:31:17 - [TEST_STEP][PASSED] - beautytap.GeneralAction.openBeautytap: beautytap.GeneralAction.openBeautytap is PASSED

2018-09-05 15:31:38 - [MESSAGE][PASSED] - Browser is opened with url: 'https://stage.beautytap.com'

2018-09-05 15:31:39 - [MESSAGE][PASSED] - Current window maximized

2018-09-05 15:31:44 - [MESSAGE][PASSED] - Refresh successfully

2018-09-05 15:31:44 - [MESSAGE][PASSED] - Wait for page load successfully

2018-09-05 15:31:44 - [MESSAGE][PASSED] - beautytap.GeneralAction.openBeautytap is PASSED

2018-09-05 15:31:44 - [TEST_STEP][PASSED] - beautytap.ShopAction.selectCategory: beautytap.ShopAction.selectCategory is PASSED

2018-09-05 15:31:45 - [MESSAGE][PASSED] - Object: '' is clicked on

2018-09-05 15:31:47 - [MESSAGE][PASSED] - Delayed 2 second(s)

2018-09-05 15:31:56 - [MESSAGE][PASSED] - Object: '' is clicked on

2018-09-05 15:31:56 - [MESSAGE][PASSED] - Wait for page load successfully

2018-09-05 15:31:56 - [MESSAGE][PASSED] - beautytap.ShopAction.selectCategory is PASSED

2018-09-05 15:31:56 - [TEST_STEP][PASSED] - beautytap.ShopAction.findProductOnProductList: beautytap.ShopAction.findProductOnProductList is PASSED

2018-09-05 15:31:56 - [MESSAGE][PASSED] - Text of object '' is: '3'

2018-09-05 15:32:01 - [MESSAGE][WARNING] - com.kms.katalon.core.webui.exception.WebElementNotFoundException: Web element with id: '' located by 'By.xpath: //a[text()='Innisfree Eye Contouring Stick Round Shape 0.7g']' not found
[[ATTACHMENT|E:\\BeautytapAutomation\\beautytapAuto\\Beautytap\\Reports\\TS1\\20180905_151359\\1536136321690.png]]

2018-09-05 15:32:10 - [MESSAGE][PASSED] - Object: '' is clicked on

2018-09-05 15:32:10 - [MESSAGE][PASSED] - Wait for page load successfully

2018-09-05 15:32:10 - [MESSAGE][PASSED] - Object '' is present

2018-09-05 15:32:10 - [MESSAGE][PASSED] - beautytap.ShopAction.findProductOnProductList is PASSED

2018-09-05 15:32:10 - [TEST_STEP][PASSED] - beautytap.ShopAction.VerifyProductOnProductList: Keyword VerifyProductOnProductList is Passed

2018-09-05 15:32:10 - [MESSAGE][PASSED] - Object '' is present

2018-09-05 15:32:11 - [MESSAGE][PASSED] - Text of object '' is: '$4.95'

2018-09-05 15:32:11 - [MESSAGE][PASSED] - Get CSS 'color' value on '' successfully: 'rgba(255, 35, 134, 1)'.

2018-09-05 15:32:11 - [MESSAGE][PASSED] - Get CSS 'color' value on '' successfully: 'rgba(255, 35, 134, 1)'.

2018-09-05 15:32:11 - [MESSAGE][PASSED] - Text of object '' is: '$6.50'

2018-09-05 15:32:11 - [MESSAGE][PASSED] - Get CSS 'color' value on '' successfully: 'rgba(255, 35, 134, 1)'.

2018-09-05 15:32:11 - [MESSAGE][PASSED] - Get CSS 'color' value on '' successfully: 'rgba(255, 35, 134, 1)'.

2018-09-05 15:32:11 - [MESSAGE][PASSED] - Keyword VerifyProductOnProductList is Passed

2018-09-05 15:32:11 - [TEST_STEP][PASSED] - beautytap.ShopAction.selectProductOnProductList: beautytap.ShopAction.selectProductOnProductList is PASSED

2018-09-05 15:32:18 - [MESSAGE][PASSED] - Object: '' is clicked on

2018-09-05 15:32:18 - [MESSAGE][PASSED] - Wait for page load successfully

2018-09-05 15:32:18 - [MESSAGE][PASSED] - beautytap.ShopAction.selectProductOnProductList is PASSED

2018-09-05 15:32:18 - [TEST_STEP][PASSED] - beautytap.ShopAction.selectProductVariation: beautytap.ShopAction.selectProductVariation is PASSED

2018-09-05 15:32:18 - [MESSAGE][PASSED] - Object: 'Object Repository/Page_Shop/drop_chooseOption' is clicked on

2018-09-05 15:32:19 - [MESSAGE][PASSED] - Delayed 1 second(s)

2018-09-05 15:32:20 - [MESSAGE][PASSED] - Object: '' is clicked on

2018-09-05 15:32:20 - [MESSAGE][PASSED] - beautytap.ShopAction.selectProductVariation is PASSED

2018-09-05 15:32:20 - [TEST_STEP][PASSED] - beautytap.ShopAction.VerifyProductDetails: Keyword VerifyProductDetails is Passed

2018-09-05 15:32:20 - [MESSAGE][PASSED] - Text of object '' is: 'Innisfree Eye Contouring Stick Round Shape 0.7g'

2018-09-05 15:32:20 - [MESSAGE][PASSED] - All options with label '5' are selected in object 'Object Repository/Page_Shop/drop_chooseOption' 

2018-09-05 15:32:20 - [MESSAGE][PASSED] - Text of object '' is: '$6.50'

2018-09-05 15:32:20 - [MESSAGE][PASSED] - Get CSS 'color' value on '' successfully: 'rgba(195, 195, 195, 1)'.

2018-09-05 15:32:21 - [MESSAGE][PASSED] - Text of object '' is: '$4.95'

2018-09-05 15:32:21 - [MESSAGE][PASSED] - Get CSS 'color' value on '' successfully: 'rgba(255, 35, 134, 1)'.

2018-09-05 15:32:21 - [MESSAGE][PASSED] - Keyword VerifyProductDetails is Passed

2018-09-05 15:32:21 - [TEST_STEP][PASSED] - Statement - currentNumberItemInCart = CustomKeywords.beautytap.ShopAction.getNumberItemInCart(): beautytap.ShopAction.getNumberItemInCart is PASSED

2018-09-05 15:32:52 - [MESSAGE][WARNING] - com.kms.katalon.core.webui.exception.WebElementNotFoundException: Web element with id: '' located by 'By.xpath: //div[@class='header-right-top pull-right']/a[@class='shop-cart']/span[@class='number-cart']' not found
[[ATTACHMENT|E:\\BeautytapAutomation\\beautytapAuto\\Beautytap\\Reports\\TS1\\20180905_151359\\1536136372069.png]]

2018-09-05 15:32:52 - [MESSAGE][PASSED] - beautytap.ShopAction.getNumberItemInCart is PASSED

2018-09-05 15:32:52 - [TEST_STEP][PASSED] - beautytap.ShopAction.addProductToCart: beautytap.ShopAction.addProductToCart is PASSED

2018-09-05 15:32:52 - [MESSAGE][PASSED] - Text of object 'Object Repository/Page_Shop/txt_quantity' is cleared

2018-09-05 15:32:52 - [MESSAGE][PASSED] - Keys '5' sent to object: 'Object Repository/Page_Shop/txt_quantity'

2018-09-05 15:32:52 - [MESSAGE][PASSED] - Object: 'Object Repository/Page_Shop/btn_addToCart' is clicked on

2018-09-05 15:32:52 - [MESSAGE][PASSED] - Wait for page load successfully

2018-09-05 15:33:00 - [MESSAGE][PASSED] - Object 'Object Repository/Page_Shop/lbl_message' is present

2018-09-05 15:33:00 - [MESSAGE][PASSED] - beautytap.ShopAction.addProductToCart is PASSED

2018-09-05 15:33:00 - [TEST_STEP][PASSED] - beautytap.ShopAction.VerifyNumberItemInCart: Keyword VerifyNumberItemInCart is Passed, Number item in cart is 5, expected is 5

2018-09-05 15:33:00 - [MESSAGE][PASSED] - Object '' is present

2018-09-05 15:33:00 - [MESSAGE][PASSED] - Text of object '' is: '5'

2018-09-05 15:33:00 - [MESSAGE][PASSED] - Keyword VerifyNumberItemInCart is Passed, Number item in cart is 5, expected is 5

2018-09-05 15:33:00 - [TEST_STEP][PASSED] - beautytap.ShopAction.VerifyProductIsAddedToCart: beautytap.ShopAction.VerifyProductIsAddedToCart is PASSED

2018-09-05 15:33:00 - [MESSAGE][PASSED] - Object '' is present

2018-09-05 15:33:00 - [MESSAGE][PASSED] - beautytap.ShopAction.VerifyProductIsAddedToCart is PASSED

2018-09-05 15:33:00 - [TEST_STEP][PASSED] - beautytap.ShopAction.goToCart: beautytap.ShopAction.goToCart is PASSED

2018-09-05 15:33:05 - [MESSAGE][PASSED] - Object: 'Object Repository/Page_General/icon_cart' is clicked on

2018-09-05 15:33:05 - [MESSAGE][PASSED] - Wait for page load successfully

2018-09-05 15:33:05 - [MESSAGE][PASSED] - beautytap.ShopAction.goToCart is PASSED

2018-09-05 15:33:05 - [TEST_STEP][PASSED] - beautytap.ShopAction.VerifyProductInCart: Keyword VerifyProductInCart is Passed

2018-09-05 15:33:05 - [MESSAGE][PASSED] - Object '' is present

2018-09-05 15:33:05 - [MESSAGE][PASSED] - Text of object '' is: '$4.95'

2018-09-05 15:33:05 - [MESSAGE][PASSED] - Attribute 'value' of object '' is: '5'

2018-09-05 15:33:05 - [MESSAGE][PASSED] - Text of object '' is: '$24.75'

2018-09-05 15:33:05 - [MESSAGE][PASSED] - Keyword VerifyProductInCart is Passed

2018-09-05 15:33:05 - [TEST_STEP][PASSED] - beautytap.ShopAction.loginAmazonPay: beautytap.ShopAction.loginAmazonPay is PASSED

2018-09-05 15:33:06 - [MESSAGE][PASSED] - Object: 'Object Repository/Page_Cart/btn_payWithAmazon' is clicked on

2018-09-05 15:33:06 - [MESSAGE][PASSED] - Switched to window with index: '1'

2018-09-05 15:33:08 - [MESSAGE][PASSED] - Object 'Object Repository/Popup_Amazon/txt_email' is present

2018-09-05 15:33:08 - [MESSAGE][PASSED] - Text of object 'Object Repository/Popup_Amazon/txt_email' is cleared

2018-09-05 15:33:08 - [MESSAGE][PASSED] - Keys 'amazontest1503@yopmail.com' sent to object: 'Object Repository/Popup_Amazon/txt_email'

2018-09-05 15:33:08 - [MESSAGE][PASSED] - Text of object 'Object Repository/Popup_Amazon/txt_password' is cleared

2018-09-05 15:33:08 - [MESSAGE][PASSED] - Keys '123456' sent to object: 'Object Repository/Popup_Amazon/txt_password'

2018-09-05 15:33:11 - [MESSAGE][PASSED] - Object: 'Object Repository/Popup_Amazon/btn_signin' is clicked on

2018-09-05 15:33:11 - [MESSAGE][PASSED] - Switched to window with index: '0'

2018-09-05 15:33:41 - [MESSAGE][PASSED] - Delayed 30 second(s)

2018-09-05 15:33:41 - [MESSAGE][PASSED] - beautytap.ShopAction.loginAmazonPay is PASSED

2018-09-05 15:33:41 - [TEST_STEP][PASSED] - beautytap.ShopAction.selectShipping: beautytap.ShopAction.selectShipping is PASSED

2018-09-05 15:33:41 - [MESSAGE][PASSED] - Object '' is checked

2018-09-05 15:33:46 - [MESSAGE][PASSED] - Delayed 5 second(s)

2018-09-05 15:33:46 - [MESSAGE][PASSED] - beautytap.ShopAction.selectShipping is PASSED

2018-09-05 15:33:46 - [TEST_STEP][PASSED] - beautytap.ShopAction.VerifyOrderDetailsOnCheckout: Keyword VerifyOrderDetailsOnCheckout is Passed

2018-09-05 15:33:46 - [MESSAGE][PASSED] - Object '' is present

2018-09-05 15:33:46 - [MESSAGE][PASSED] - Text of object '' is: '$24.75'

2018-09-05 15:33:46 - [MESSAGE][PASSED] - Object '' has attribute 'checked'

2018-09-05 15:33:46 - [MESSAGE][PASSED] - Text of object '' is: '($25) - EMS Express shipping (est. 10-14 working days delivery including processing): $25.00'

2018-09-05 15:33:46 - [MESSAGE][PASSED] - Text of object '' is: '$25.00'

2018-09-05 15:33:46 - [MESSAGE][PASSED] - Text of object '' is: '$49.75'

2018-09-05 15:33:46 - [MESSAGE][PASSED] - Keyword VerifyOrderDetailsOnCheckout is Passed

2018-09-05 15:33:46 - [TEST_STEP][PASSED] - beautytap.ShopAction.checkoutViaAmazonPay: beautytap.ShopAction.checkoutViaAmazonPay is PASSED

2018-09-05 15:33:46 - [MESSAGE][PASSED] - Object 'Object Repository/Page_Checkout/chk_terms' is clickable

2018-09-05 15:33:46 - [MESSAGE][PASSED] - Object 'Object Repository/Page_Checkout/chk_terms' is checked

2018-09-05 15:33:47 - [MESSAGE][PASSED] - Object: 'Object Repository/Page_Checkout/btn_placeOrder' is clicked on

2018-09-05 15:34:00 - [MESSAGE][PASSED] - Object 'Object Repository/Page_Checkout/lbl_orderReceived' is present

2018-09-05 15:34:00 - [MESSAGE][PASSED] - beautytap.ShopAction.checkoutViaAmazonPay is PASSED

2018-09-05 15:34:00 - [TEST_STEP][PASSED] - beautytap.ShopAction.VerifyOrderReceivedDetails: Keyword VerifyOrderReceivedDetails is Passed

2018-09-05 15:34:00 - [MESSAGE][PASSED] - Object '' is present

2018-09-05 15:34:01 - [MESSAGE][PASSED] - Text of object '' is: '$24.75'

2018-09-05 15:34:01 - [MESSAGE][PASSED] - Text of object '' is: '$25.00 via ($25) - EMS Express shipping (est. 10-14 working days delivery including processing)'

2018-09-05 15:34:01 - [MESSAGE][PASSED] - Object '' is present

2018-09-05 15:34:01 - [MESSAGE][PASSED] - Text of object '' is: '$25.00'

2018-09-05 15:34:01 - [MESSAGE][PASSED] - Text of object '' is: 'Amazon Pay'

2018-09-05 15:34:01 - [MESSAGE][PASSED] - Text of object '' is: '$49.75'

2018-09-05 15:34:01 - [MESSAGE][PASSED] - Keyword VerifyOrderReceivedDetails is Passed

2018-09-05 15:34:01 - [TEST_STEP][PASSED] - closeBrowser: Browser is closed

2018-09-05 15:34:02 - [MESSAGE][PASSED] - Browser is closed]]></system-out>
         <system-err><![CDATA[]]></system-err>
      </testcase>
      <system-out><![CDATA[2018-09-05 15:14:02 - [TEST_SUITE][PASSED] - TS1: Test Cases/Shop/TC06_Browse_VariationProduct_Sale_AmazonPayAtCart_LessThan60_EMS]]></system-out>
      <system-err><![CDATA[]]></system-err>
   </testsuite>
</testsuites>
