<?xml version="1.0" encoding="UTF-8"?>
<testsuites name="TS1" time="686" tests="0" failures="2" errors="0">
   <testsuite name="TS1" tests="0" failures="2" errors="0" time="686" timestamp="2018-07-30 11:44:57" hostname="Vinasource - TrangNguyen" id="Test Suites/TS1">
      <properties>
         <property name="deviceName" value=""/>
         <property name="devicePlatform" value=""/>
         <property name="logFolder" value="E:\\BeautytapAutomation\\Beautytap\\Reports\\TS1\\20180730_114453"/>
         <property name="logFiles" value="E:\\BeautytapAutomation\\Beautytap\\Reports\\TS1\\20180730_114453\\execution0.log"/>
         <property name="attachments" value="E:\\BeautytapAutomation\\Beautytap\\Reports\\TS1\\20180730_114453\\1532926029203.png, E:\\BeautytapAutomation\\Beautytap\\Reports\\TS1\\20180730_114453\\1532926196442.png, E:\\BeautytapAutomation\\Beautytap\\Reports\\TS1\\20180730_114453\\1532926196755.png, E:\\BeautytapAutomation\\Beautytap\\Reports\\TS1\\20180730_114453\\1532926462997.png, E:\\BeautytapAutomation\\Beautytap\\Reports\\TS1\\20180730_114453\\1532926463324.png, E:\\BeautytapAutomation\\Beautytap\\Reports\\TS1\\20180730_114453\\1532926582593.png, E:\\BeautytapAutomation\\Beautytap\\Reports\\TS1\\20180730_114453\\1532926582883.png"/>
         <property name="hostName" value="Vinasource - TrangNguyen"/>
         <property name="os" value="Windows 10 64bit"/>
         <property name="katalonVersion" value="5.5.0.1"/>
         <property name="browser" value="Chrome 67.0.3396.99"/>
         <property name="hostAddress" value="69.167.34.77"/>
         <property name="sessionId" value="fa751119ec2fc1fdecca50cdbfffb9ce"/>
         <property name="seleniumVersion" value="3.7.1"/>
         <property name="proxyInformation" value="ProxyInformation{proxyOption=NO_PROXY, proxyServerType=HTTP, password=, proxyServerAddress=, proxyServerPort=0}"/>
         <property name="platform" value="Windows 10"/>
      </properties>
      <testcase name="Test Cases/SignUp_Login_ResetPass/TC01_SignUp_Login_ResetPassword_Via_Email" classname="Test Cases/SignUp_Login_ResetPass/TC01_SignUp_Login_ResetPassword_Via_Email" status="FAILED">
         <failure type="FAILED" message="Unable to click on object '' (Root cause: org.openqa.selenium.StaleElementReferenceException: stale element reference: element is not attached to the page document
  (Session info: chrome=67.0.3396.99)
  (Driver info: chromedriver=2.35.528161 (5b82f2d2aae0ca24b877009200ced9065a772e73),platform=Windows NT 10.0.17134 x86_64) (WARNING: The server did not provide any stacktrace information)
Command duration or timeout: 0 milliseconds
For documentation on this error, please visit: http://seleniumhq.org/exceptions/stale_element_reference.html
Build info: version: '3.7.1', revision: '8a0099a', time: '2017-11-06T21:07:36.161Z'
System info: host: 'TRANGNGUYEN', ip: '69.167.34.77', os.name: 'Windows 10', os.arch: 'amd64', os.version: '10.0', java.version: '1.8.0_102'
Driver info: com.kms.katalon.selenium.driver.CChromeDriver
Capabilities {acceptInsecureCerts: false, acceptSslCerts: false, applicationCacheEnabled: false, browserConnectionEnabled: false, browserName: chrome, chrome: {chromedriverVersion: 2.35.528161 (5b82f2d2aae0ca..., userDataDir: C:\Users\VINASO~1\AppData\L...}, cssSelectorsEnabled: true, databaseEnabled: false, handlesAlerts: true, hasTouchScreen: false, javascriptEnabled: true, locationContextEnabled: true, mobileEmulationEnabled: false, nativeEvents: true, networkConnectionEnabled: false, pageLoadStrategy: normal, platform: XP, platformName: XP, rotatable: false, setWindowRect: true, takesHeapSnapshot: true, takesScreenshot: true, unexpectedAlertBehaviour: , unhandledPromptBehavior: , version: 67.0.3396.99, webStorageEnabled: true}
Session ID: 3c5adb2113f7141f56641a20b70498fd)"/>
         <system-out><![CDATA[2018-07-30 11:44:58 - [TEST_CASE][FAILED] - Test Cases/SignUp_Login_ResetPass/TC01_SignUp_Login_ResetPassword_Via_Email: Test Cases/SignUp_Login_ResetPass/TC01_SignUp_Login_ResetPassword_Via_Email FAILED because (of) Unable to click on object '' (Root cause: org.openqa.selenium.StaleElementReferenceException: stale element reference: element is not attached to the page document
  (Session info: chrome=67.0.3396.99)
  (Driver info: chromedriver=2.35.528161 (5b82f2d2aae0ca24b877009200ced9065a772e73),platform=Windows NT 10.0.17134 x86_64) (WARNING: The server did not provide any stacktrace information)
Command duration or timeout: 0 milliseconds
For documentation on this error, please visit: http://seleniumhq.org/exceptions/stale_element_reference.html
Build info: version: '3.7.1', revision: '8a0099a', time: '2017-11-06T21:07:36.161Z'
System info: host: 'TRANGNGUYEN', ip: '69.167.34.77', os.name: 'Windows 10', os.arch: 'amd64', os.version: '10.0', java.version: '1.8.0_102'
Driver info: com.kms.katalon.selenium.driver.CChromeDriver
Capabilities {acceptInsecureCerts: false, acceptSslCerts: false, applicationCacheEnabled: false, browserConnectionEnabled: false, browserName: chrome, chrome: {chromedriverVersion: 2.35.528161 (5b82f2d2aae0ca..., userDataDir: C:\Users\VINASO~1\AppData\L...}, cssSelectorsEnabled: true, databaseEnabled: false, handlesAlerts: true, hasTouchScreen: false, javascriptEnabled: true, locationContextEnabled: true, mobileEmulationEnabled: false, nativeEvents: true, networkConnectionEnabled: false, pageLoadStrategy: normal, platform: XP, platformName: XP, rotatable: false, setWindowRect: true, takesHeapSnapshot: true, takesScreenshot: true, unexpectedAlertBehaviour: , unhandledPromptBehavior: , version: 67.0.3396.99, webStorageEnabled: true}
Session ID: 3c5adb2113f7141f56641a20b70498fd)

2018-07-30 11:44:58 - [TEST_STEP][PASSED] - Statement - r_string = new java.lang.Math().random().toString().substring(2, 8): null

2018-07-30 11:44:58 - [TEST_STEP][PASSED] - Statement - username = "auto" + r_string: null

2018-07-30 11:44:58 - [TEST_STEP][PASSED] - Statement - email = username + "@mailinator.com": null

2018-07-30 11:44:58 - [TEST_STEP][PASSED] - Statement - password = "123456": null

2018-07-30 11:44:58 - [TEST_STEP][PASSED] - Statement - newpassword = "test123": null

2018-07-30 11:44:58 - [TEST_STEP][PASSED] - Statement - name = "Auto User " + r_string: null

2018-07-30 11:44:58 - [TEST_STEP][PASSED] - Statement - birthday = "01/01/1990": null

2018-07-30 11:44:58 - [TEST_STEP][PASSED] - Statement - activation_subject = SITE_TITLE + " Activate your account": null

2018-07-30 11:44:58 - [TEST_STEP][PASSED] - Statement - resetpass_subject = SITE_TITLE + " Password Reset": null

2018-07-30 11:44:58 - [TEST_STEP][PASSED] - openBrowser: Browser is opened with url: 'https://staging.beautytap.com'

2018-07-30 11:45:18 - [MESSAGE][PASSED] - Browser is opened with url: 'https://staging.beautytap.com'

2018-07-30 11:45:18 - [TEST_STEP][PASSED] - maximizeWindow: Current window maximized

2018-07-30 11:45:19 - [MESSAGE][PASSED] - Current window maximized

2018-07-30 11:45:19 - [TEST_STEP][PASSED] - click: Object: 'Object Repository/Page_General/link_signup' is clicked on

2018-07-30 11:45:25 - [MESSAGE][PASSED] - Object: 'Object Repository/Page_General/link_signup' is clicked on

2018-07-30 11:45:25 - [TEST_STEP][PASSED] - waitForPageLoad: Wait for page load successfully

2018-07-30 11:45:26 - [MESSAGE][PASSED] - Wait for page load successfully

2018-07-30 11:45:26 - [TEST_STEP][PASSED] - beautytap.beautytapAction.signup: beautytap.beautytapAction.signup is PASSED

2018-07-30 11:45:26 - [MESSAGE][PASSED] - Keys 'auto463533' sent to object: 'Object Repository/Page_Signup/txt_username'

2018-07-30 11:45:26 - [MESSAGE][PASSED] - Keys 'auto463533@mailinator.com' sent to object: 'Object Repository/Page_Signup/txt_email'

2018-07-30 11:45:26 - [MESSAGE][PASSED] - Keys '123456' sent to object: 'Object Repository/Page_Signup/txt_password'

2018-07-30 11:45:27 - [MESSAGE][PASSED] - Keys 'Auto User 463533' sent to object: 'Object Repository/Page_Signup/txt_name'

2018-07-30 11:45:27 - [MESSAGE][PASSED] - Keys '01/01/1990' sent to object: 'Object Repository/Page_Signup/txt_birthday'

2018-07-30 11:45:27 - [MESSAGE][PASSED] - Object: 'Object Repository/Page_Signup/btn_signup' is clicked on

2018-07-30 11:45:27 - [MESSAGE][PASSED] - Wait for page load successfully

2018-07-30 11:45:27 - [MESSAGE][PASSED] - beautytap.beautytapAction.signup is PASSED

2018-07-30 11:45:27 - [TEST_STEP][PASSED] - verifyElementPresent: Object 'Object Repository/Page_Signup/lbl_sucessMessage' is present

2018-07-30 11:45:32 - [MESSAGE][PASSED] - Object 'Object Repository/Page_Signup/lbl_sucessMessage' is present

2018-07-30 11:45:32 - [TEST_STEP][PASSED] - beautytap.beautytapAction.openMailBox: beautytap.beautytapAction.openMailBox is PASSED

2018-07-30 11:45:37 - [MESSAGE][PASSED] - Navigate to 'https://www.mailinator.com' successfully

2018-07-30 11:45:37 - [MESSAGE][PASSED] - Wait for page load successfully

2018-07-30 11:45:37 - [MESSAGE][PASSED] - Keys 'auto463533' sent to object: 'Object Repository/Page_mailinator/txt_email'

2018-07-30 11:45:40 - [MESSAGE][PASSED] - Object: 'Object Repository/Page_mailinator/btn_go' is clicked on

2018-07-30 11:45:40 - [MESSAGE][PASSED] - Wait for page load successfully

2018-07-30 11:45:40 - [MESSAGE][PASSED] - Object: '' is clicked on

2018-07-30 11:45:40 - [MESSAGE][PASSED] - beautytap.beautytapAction.openMailBox is PASSED

2018-07-30 11:45:40 - [TEST_STEP][PASSED] - beautytap.beautytapAction.verifyEmailExist: beautytap.beautytapAction.verifyEmailExist is PASSED

2018-07-30 11:45:41 - [MESSAGE][PASSED] - Object '' is present

2018-07-30 11:45:41 - [MESSAGE][PASSED] - beautytap.beautytapAction.verifyEmailExist is PASSED

2018-07-30 11:45:41 - [TEST_STEP][PASSED] - beautytap.beautytapAction.openEmail: beautytap.beautytapAction.openEmail is PASSED

2018-07-30 11:45:41 - [MESSAGE][PASSED] - Object: '' is clicked on

2018-07-30 11:45:41 - [MESSAGE][PASSED] - beautytap.beautytapAction.openEmail is PASSED

2018-07-30 11:45:41 - [TEST_STEP][PASSED] - beautytap.beautytapAction.clickEmailLink: beautytap.beautytapAction.clickEmailLink is PASSED

2018-07-30 11:45:42 - [MESSAGE][PASSED] - Text of object '' is: 'https://staging.beautytap.com/activate/2X6HoQONhAW4QXmwpmeh74CAIGHZRe2g/'

2018-07-30 11:45:59 - [MESSAGE][PASSED] - Navigate to 'https://staging.beautytap.com/activate/2X6HoQONhAW4QXmwpmeh74CAIGHZRe2g/' successfully

2018-07-30 11:45:59 - [MESSAGE][PASSED] - beautytap.beautytapAction.clickEmailLink is PASSED

2018-07-30 11:45:59 - [TEST_STEP][PASSED] - waitForPageLoad: Wait for page load successfully

2018-07-30 11:45:59 - [MESSAGE][PASSED] - Wait for page load successfully

2018-07-30 11:45:59 - [TEST_STEP][PASSED] - verifyElementPresent: Object 'Object Repository/Page_General/lbl_activeSuccessMessage' is present

2018-07-30 11:45:59 - [MESSAGE][PASSED] - Object 'Object Repository/Page_General/lbl_activeSuccessMessage' is present

2018-07-30 11:45:59 - [TEST_STEP][PASSED] - click: Object: 'Object Repository/Page_General/link_login' is clicked on

2018-07-30 11:46:04 - [MESSAGE][PASSED] - Object: 'Object Repository/Page_General/link_login' is clicked on

2018-07-30 11:46:04 - [TEST_STEP][PASSED] - waitForPageLoad: Wait for page load successfully

2018-07-30 11:46:04 - [MESSAGE][PASSED] - Wait for page load successfully

2018-07-30 11:46:04 - [TEST_STEP][PASSED] - beautytap.beautytapAction.login: beautytap.beautytapAction.login is PASSED

2018-07-30 11:46:05 - [MESSAGE][PASSED] - Text of object 'Object Repository/Page_login/txt_username' is cleared

2018-07-30 11:46:05 - [MESSAGE][PASSED] - Keys 'auto463533' sent to object: 'Object Repository/Page_login/txt_username'

2018-07-30 11:46:05 - [MESSAGE][PASSED] - Text of object 'Object Repository/Page_login/txt_password' is cleared

2018-07-30 11:46:05 - [MESSAGE][PASSED] - Keys '123456' sent to object: 'Object Repository/Page_login/txt_password'

2018-07-30 11:46:06 - [MESSAGE][PASSED] - Object: 'Object Repository/Page_login/btn_login' is clicked on

2018-07-30 11:46:06 - [MESSAGE][PASSED] - Wait for page load successfully

2018-07-30 11:46:06 - [MESSAGE][PASSED] - beautytap.beautytapAction.login is PASSED

2018-07-30 11:46:06 - [TEST_STEP][PASSED] - verifyElementPresent: Object 'Object Repository/Page_General/link_avatar' is present

2018-07-30 11:46:18 - [MESSAGE][PASSED] - Object 'Object Repository/Page_General/link_avatar' is present

2018-07-30 11:46:18 - [TEST_STEP][PASSED] - beautytap.beautytapAction.logout: beautytap.beautytapAction.logout is PASSED

2018-07-30 11:46:18 - [MESSAGE][PASSED] - Object: 'Object Repository/Page_General/link_avatar' is clicked on

2018-07-30 11:46:18 - [MESSAGE][PASSED] - Object 'Object Repository/Page_General/menu_logout' is present

2018-07-30 11:46:19 - [MESSAGE][PASSED] - Object: 'Object Repository/Page_General/menu_logout' is clicked on

2018-07-30 11:46:19 - [MESSAGE][PASSED] - Wait for page load successfully

2018-07-30 11:46:19 - [MESSAGE][PASSED] - beautytap.beautytapAction.logout is PASSED

2018-07-30 11:46:19 - [TEST_STEP][PASSED] - click: Object: 'Object Repository/Page_General/link_login' is clicked on

2018-07-30 11:46:33 - [MESSAGE][PASSED] - Object: 'Object Repository/Page_General/link_login' is clicked on

2018-07-30 11:46:33 - [TEST_STEP][PASSED] - waitForPageLoad: Wait for page load successfully

2018-07-30 11:46:33 - [MESSAGE][PASSED] - Wait for page load successfully

2018-07-30 11:46:33 - [TEST_STEP][PASSED] - beautytap.beautytapAction.login: beautytap.beautytapAction.login is PASSED

2018-07-30 11:46:33 - [MESSAGE][PASSED] - Text of object 'Object Repository/Page_login/txt_username' is cleared

2018-07-30 11:46:34 - [MESSAGE][PASSED] - Keys 'auto463533@mailinator.com' sent to object: 'Object Repository/Page_login/txt_username'

2018-07-30 11:46:34 - [MESSAGE][PASSED] - Text of object 'Object Repository/Page_login/txt_password' is cleared

2018-07-30 11:46:34 - [MESSAGE][PASSED] - Keys '123456' sent to object: 'Object Repository/Page_login/txt_password'

2018-07-30 11:46:34 - [MESSAGE][PASSED] - Object: 'Object Repository/Page_login/btn_login' is clicked on

2018-07-30 11:46:34 - [MESSAGE][PASSED] - Wait for page load successfully

2018-07-30 11:46:34 - [MESSAGE][PASSED] - beautytap.beautytapAction.login is PASSED

2018-07-30 11:46:34 - [TEST_STEP][PASSED] - verifyElementPresent: Object 'Object Repository/Page_General/link_avatar' is present

2018-07-30 11:46:45 - [MESSAGE][PASSED] - Object 'Object Repository/Page_General/link_avatar' is present

2018-07-30 11:46:45 - [TEST_STEP][PASSED] - beautytap.beautytapAction.logout: beautytap.beautytapAction.logout is PASSED

2018-07-30 11:46:45 - [MESSAGE][PASSED] - Object: 'Object Repository/Page_General/link_avatar' is clicked on

2018-07-30 11:46:45 - [MESSAGE][PASSED] - Object 'Object Repository/Page_General/menu_logout' is present

2018-07-30 11:46:45 - [MESSAGE][PASSED] - Object: 'Object Repository/Page_General/menu_logout' is clicked on

2018-07-30 11:46:46 - [MESSAGE][PASSED] - Wait for page load successfully

2018-07-30 11:46:46 - [MESSAGE][PASSED] - beautytap.beautytapAction.logout is PASSED

2018-07-30 11:46:46 - [TEST_STEP][PASSED] - click: Object: 'Object Repository/Page_General/link_login' is clicked on

2018-07-30 11:46:56 - [MESSAGE][PASSED] - Object: 'Object Repository/Page_General/link_login' is clicked on

2018-07-30 11:46:56 - [TEST_STEP][PASSED] - click: Object: 'Object Repository/Page_Login/link_forgotPassword' is clicked on

2018-07-30 11:47:01 - [MESSAGE][PASSED] - Object: 'Object Repository/Page_Login/link_forgotPassword' is clicked on

2018-07-30 11:47:01 - [TEST_STEP][PASSED] - sendKeys: Keys 'auto463533' sent to object: 'Object Repository/Page_ForgotPassword/txt_usernameOrEmail'

2018-07-30 11:47:02 - [MESSAGE][PASSED] - Keys 'auto463533' sent to object: 'Object Repository/Page_ForgotPassword/txt_usernameOrEmail'

2018-07-30 11:47:02 - [TEST_STEP][PASSED] - click: Object: 'Object Repository/Page_ForgotPassword/btn_forgotPassword' is clicked on

2018-07-30 11:47:02 - [MESSAGE][PASSED] - Object: 'Object Repository/Page_ForgotPassword/btn_forgotPassword' is clicked on

2018-07-30 11:47:02 - [TEST_STEP][PASSED] - verifyElementPresent: Object 'Object Repository/Page_ForgotPassword/lbl_sucessMessage' is present

2018-07-30 11:47:06 - [MESSAGE][PASSED] - Object 'Object Repository/Page_ForgotPassword/lbl_sucessMessage' is present

2018-07-30 11:47:06 - [TEST_STEP][FAILED] - beautytap.beautytapAction.openMailBox: Unable to click on object '' (Root cause: org.openqa.selenium.StaleElementReferenceException: stale element reference: element is not attached to the page document
  (Session info: chrome=67.0.3396.99)
  (Driver info: chromedriver=2.35.528161 (5b82f2d2aae0ca24b877009200ced9065a772e73),platform=Windows NT 10.0.17134 x86_64) (WARNING: The server did not provide any stacktrace information)
Command duration or timeout: 0 milliseconds
For documentation on this error, please visit: http://seleniumhq.org/exceptions/stale_element_reference.html
Build info: version: '3.7.1', revision: '8a0099a', time: '2017-11-06T21:07:36.161Z'
System info: host: 'TRANGNGUYEN', ip: '69.167.34.77', os.name: 'Windows 10', os.arch: 'amd64', os.version: '10.0', java.version: '1.8.0_102'
Driver info: com.kms.katalon.selenium.driver.CChromeDriver
Capabilities {acceptInsecureCerts: false, acceptSslCerts: false, applicationCacheEnabled: false, browserConnectionEnabled: false, browserName: chrome, chrome: {chromedriverVersion: 2.35.528161 (5b82f2d2aae0ca..., userDataDir: C:\Users\VINASO~1\AppData\L...}, cssSelectorsEnabled: true, databaseEnabled: false, handlesAlerts: true, hasTouchScreen: false, javascriptEnabled: true, locationContextEnabled: true, mobileEmulationEnabled: false, nativeEvents: true, networkConnectionEnabled: false, pageLoadStrategy: normal, platform: XP, platformName: XP, rotatable: false, setWindowRect: true, takesHeapSnapshot: true, takesScreenshot: true, unexpectedAlertBehaviour: , unhandledPromptBehavior: , version: 67.0.3396.99, webStorageEnabled: true}
Session ID: 3c5adb2113f7141f56641a20b70498fd)

2018-07-30 11:47:07 - [MESSAGE][PASSED] - Navigate to 'https://www.mailinator.com' successfully

2018-07-30 11:47:07 - [MESSAGE][PASSED] - Wait for page load successfully

2018-07-30 11:47:07 - [MESSAGE][PASSED] - Keys 'auto463533' sent to object: 'Object Repository/Page_mailinator/txt_email'

2018-07-30 11:47:08 - [MESSAGE][PASSED] - Object: 'Object Repository/Page_mailinator/btn_go' is clicked on

2018-07-30 11:47:08 - [MESSAGE][PASSED] - Wait for page load successfully

2018-07-30 11:47:09 - [MESSAGE][FAILED] - Unable to click on object '' (Root cause: org.openqa.selenium.StaleElementReferenceException: stale element reference: element is not attached to the page document
  (Session info: chrome=67.0.3396.99)
  (Driver info: chromedriver=2.35.528161 (5b82f2d2aae0ca24b877009200ced9065a772e73),platform=Windows NT 10.0.17134 x86_64) (WARNING: The server did not provide any stacktrace information)
Command duration or timeout: 0 milliseconds
For documentation on this error, please visit: http://seleniumhq.org/exceptions/stale_element_reference.html
Build info: version: '3.7.1', revision: '8a0099a', time: '2017-11-06T21:07:36.161Z'
System info: host: 'TRANGNGUYEN', ip: '69.167.34.77', os.name: 'Windows 10', os.arch: 'amd64', os.version: '10.0', java.version: '1.8.0_102'
Driver info: com.kms.katalon.selenium.driver.CChromeDriver
Capabilities {acceptInsecureCerts: false, acceptSslCerts: false, applicationCacheEnabled: false, browserConnectionEnabled: false, browserName: chrome, chrome: {chromedriverVersion: 2.35.528161 (5b82f2d2aae0ca..., userDataDir: C:\Users\VINASO~1\AppData\L...}, cssSelectorsEnabled: true, databaseEnabled: false, handlesAlerts: true, hasTouchScreen: false, javascriptEnabled: true, locationContextEnabled: true, mobileEmulationEnabled: false, nativeEvents: true, networkConnectionEnabled: false, pageLoadStrategy: normal, platform: XP, platformName: XP, rotatable: false, setWindowRect: true, takesHeapSnapshot: true, takesScreenshot: true, unexpectedAlertBehaviour: , unhandledPromptBehavior: , version: 67.0.3396.99, webStorageEnabled: true}
Session ID: 3c5adb2113f7141f56641a20b70498fd)
[[ATTACHMENT|E:\\BeautytapAutomation\\Beautytap\\Reports\\TS1\\20180730_114453\\1532926029203.png]]

2018-07-30 11:47:09 - [MESSAGE][FAILED] - Unable to click on object '' (Root cause: org.openqa.selenium.StaleElementReferenceException: stale element reference: element is not attached to the page document
  (Session info: chrome=67.0.3396.99)
  (Driver info: chromedriver=2.35.528161 (5b82f2d2aae0ca24b877009200ced9065a772e73),platform=Windows NT 10.0.17134 x86_64) (WARNING: The server did not provide any stacktrace information)
Command duration or timeout: 0 milliseconds
For documentation on this error, please visit: http://seleniumhq.org/exceptions/stale_element_reference.html
Build info: version: '3.7.1', revision: '8a0099a', time: '2017-11-06T21:07:36.161Z'
System info: host: 'TRANGNGUYEN', ip: '69.167.34.77', os.name: 'Windows 10', os.arch: 'amd64', os.version: '10.0', java.version: '1.8.0_102'
Driver info: com.kms.katalon.selenium.driver.CChromeDriver
Capabilities {acceptInsecureCerts: false, acceptSslCerts: false, applicationCacheEnabled: false, browserConnectionEnabled: false, browserName: chrome, chrome: {chromedriverVersion: 2.35.528161 (5b82f2d2aae0ca..., userDataDir: C:\Users\VINASO~1\AppData\L...}, cssSelectorsEnabled: true, databaseEnabled: false, handlesAlerts: true, hasTouchScreen: false, javascriptEnabled: true, locationContextEnabled: true, mobileEmulationEnabled: false, nativeEvents: true, networkConnectionEnabled: false, pageLoadStrategy: normal, platform: XP, platformName: XP, rotatable: false, setWindowRect: true, takesHeapSnapshot: true, takesScreenshot: true, unexpectedAlertBehaviour: , unhandledPromptBehavior: , version: 67.0.3396.99, webStorageEnabled: true}
Session ID: 3c5adb2113f7141f56641a20b70498fd)]]></system-out>
         <system-err><![CDATA[2018-07-30 11:44:58 - [TEST_CASE][FAILED] - Test Cases/SignUp_Login_ResetPass/TC01_SignUp_Login_ResetPassword_Via_Email: Test Cases/SignUp_Login_ResetPass/TC01_SignUp_Login_ResetPassword_Via_Email FAILED because (of) Unable to click on object '' (Root cause: org.openqa.selenium.StaleElementReferenceException: stale element reference: element is not attached to the page document
  (Session info: chrome=67.0.3396.99)
  (Driver info: chromedriver=2.35.528161 (5b82f2d2aae0ca24b877009200ced9065a772e73),platform=Windows NT 10.0.17134 x86_64) (WARNING: The server did not provide any stacktrace information)
Command duration or timeout: 0 milliseconds
For documentation on this error, please visit: http://seleniumhq.org/exceptions/stale_element_reference.html
Build info: version: '3.7.1', revision: '8a0099a', time: '2017-11-06T21:07:36.161Z'
System info: host: 'TRANGNGUYEN', ip: '69.167.34.77', os.name: 'Windows 10', os.arch: 'amd64', os.version: '10.0', java.version: '1.8.0_102'
Driver info: com.kms.katalon.selenium.driver.CChromeDriver
Capabilities {acceptInsecureCerts: false, acceptSslCerts: false, applicationCacheEnabled: false, browserConnectionEnabled: false, browserName: chrome, chrome: {chromedriverVersion: 2.35.528161 (5b82f2d2aae0ca..., userDataDir: C:\Users\VINASO~1\AppData\L...}, cssSelectorsEnabled: true, databaseEnabled: false, handlesAlerts: true, hasTouchScreen: false, javascriptEnabled: true, locationContextEnabled: true, mobileEmulationEnabled: false, nativeEvents: true, networkConnectionEnabled: false, pageLoadStrategy: normal, platform: XP, platformName: XP, rotatable: false, setWindowRect: true, takesHeapSnapshot: true, takesScreenshot: true, unexpectedAlertBehaviour: , unhandledPromptBehavior: , version: 67.0.3396.99, webStorageEnabled: true}
Session ID: 3c5adb2113f7141f56641a20b70498fd)]]></system-err>
      </testcase>
      <testcase name="Test Cases/SignUp_Login_ResetPass/TC02_SignUp_Login_ViaFacebookEmail_NewUser_OldUser" classname="Test Cases/SignUp_Login_ResetPass/TC02_SignUp_Login_ViaFacebookEmail_NewUser_OldUser" status="FAILED">
         <failure type="FAILED" message="Unable to verify object 'Object Repository/Page_General/link_avatar' is present (Root cause: com.kms.katalon.core.webui.exception.WebElementNotFoundException: Web element with id: 'Object Repository/Page_General/link_avatar' located by 'By.xpath: //a[@class='user']/img[@alt='Profile picture of ']' not found)"/>
         <system-out><![CDATA[2018-07-30 11:47:09 - [TEST_CASE][FAILED] - Test Cases/SignUp_Login_ResetPass/TC02_SignUp_Login_ViaFacebookEmail_NewUser_OldUser: Test Cases/SignUp_Login_ResetPass/TC02_SignUp_Login_ViaFacebookEmail_NewUser_OldUser FAILED because (of) Unable to verify object 'Object Repository/Page_General/link_avatar' is present (Root cause: com.kms.katalon.core.webui.exception.WebElementNotFoundException: Web element with id: 'Object Repository/Page_General/link_avatar' located by 'By.xpath: //a[@class='user']/img[@alt='Profile picture of ']' not found)

2018-07-30 11:47:09 - [TEST_STEP][PASSED] - beautytap.beautytapAdminAction.deleteUser: beautytap.beautytapAdminAction.deleteUser is PASSED

2018-07-30 11:47:09 - [MESSAGE][WARNING] - A browser is already opened. Closing browser and opening a new one

2018-07-30 11:47:25 - [MESSAGE][PASSED] - Browser is opened with url: 'https://staging.beautytap.com/login'

2018-07-30 11:47:25 - [MESSAGE][PASSED] - Current window maximized

2018-07-30 11:47:25 - [MESSAGE][PASSED] - Text of object 'Object Repository/Page_login/txt_username' is cleared

2018-07-30 11:47:25 - [MESSAGE][PASSED] - Keys 'mrwhite' sent to object: 'Object Repository/Page_login/txt_username'

2018-07-30 11:47:25 - [MESSAGE][PASSED] - Text of object 'Object Repository/Page_login/txt_password' is cleared

2018-07-30 11:47:26 - [MESSAGE][PASSED] - Keys 'kgySM$Im' sent to object: 'Object Repository/Page_login/txt_password'

2018-07-30 11:47:26 - [MESSAGE][PASSED] - Object: 'Object Repository/Page_login/btn_login' is clicked on

2018-07-30 11:47:26 - [MESSAGE][PASSED] - Wait for page load successfully

2018-07-30 11:47:26 - [MESSAGE][PASSED] - Wait for page load successfully

2018-07-30 11:47:45 - [MESSAGE][PASSED] - Navigate to 'https://staging.beautytap.com/admin' successfully

2018-07-30 11:47:45 - [MESSAGE][PASSED] - Wait for page load successfully

2018-07-30 11:47:51 - [MESSAGE][PASSED] - Object: 'Object Repository/Page_Admin/menu_users' is clicked on

2018-07-30 11:47:51 - [MESSAGE][PASSED] - Wait for page load successfully

2018-07-30 11:47:51 - [MESSAGE][PASSED] - Text of object 'Object Repository/Page_Admin/txt_searchBox' is cleared

2018-07-30 11:47:52 - [MESSAGE][PASSED] - Keys 'g5.posiba@gmail.com' sent to object: 'Object Repository/Page_Admin/txt_searchBox'

2018-07-30 11:47:54 - [MESSAGE][PASSED] - Object: 'Object Repository/Page_Admin/btn_searchUser' is clicked on

2018-07-30 11:47:54 - [MESSAGE][PASSED] - Wait for page load successfully

2018-07-30 11:47:54 - [MESSAGE][PASSED] - Text of object '' is: 'g5.posiba@gmail.com'

2018-07-30 11:47:54 - [MESSAGE][PASSED] - Attribute 'id' of object '' is: 'user-63460'

2018-07-30 11:47:54 - [MESSAGE][PASSED] - Object: '' is hovered

2018-07-30 11:47:59 - [MESSAGE][PASSED] - Delayed 5 second(s)

2018-07-30 11:49:56 - [MESSAGE][PASSED] - Object: '' is clicked on

2018-07-30 11:49:56 - [MESSAGE][FAILED] - No alert found
[[ATTACHMENT|E:\\BeautytapAutomation\\Beautytap\\Reports\\TS1\\20180730_114453\\1532926196442.png]]

2018-07-30 11:49:57 - [MESSAGE][FAILED] - Unable to accept alert (Root cause: No alert found)
[[ATTACHMENT|E:\\BeautytapAutomation\\Beautytap\\Reports\\TS1\\20180730_114453\\1532926196755.png]]

2018-07-30 11:49:57 - [MESSAGE][PASSED] - Browser is closed

2018-07-30 11:49:57 - [MESSAGE][PASSED] - beautytap.beautytapAdminAction.deleteUser is PASSED

2018-07-30 11:49:57 - [TEST_STEP][PASSED] - openBrowser: Browser is opened with url: 'https://staging.beautytap.com'

2018-07-30 11:50:12 - [MESSAGE][PASSED] - Browser is opened with url: 'https://staging.beautytap.com'

2018-07-30 11:50:12 - [TEST_STEP][PASSED] - maximizeWindow: Current window maximized

2018-07-30 11:50:12 - [MESSAGE][PASSED] - Current window maximized

2018-07-30 11:50:12 - [TEST_STEP][PASSED] - click: Object: 'Object Repository/Page_General/link_signup' is clicked on

2018-07-30 11:50:34 - [MESSAGE][PASSED] - Object: 'Object Repository/Page_General/link_signup' is clicked on

2018-07-30 11:50:34 - [TEST_STEP][PASSED] - waitForPageLoad: Wait for page load successfully

2018-07-30 11:50:34 - [MESSAGE][PASSED] - Wait for page load successfully

2018-07-30 11:50:34 - [TEST_STEP][PASSED] - beautytap.beautytapAction.signupViaFacebook: beautytap.beautytapAction.signupViaFacebook is PASSED

2018-07-30 11:50:35 - [MESSAGE][PASSED] - Object: 'Object Repository/Page_Signup/btn_signupFB' is clicked on

2018-07-30 11:50:35 - [MESSAGE][PASSED] - Switched to window with index: '1'

2018-07-30 11:50:38 - [MESSAGE][PASSED] - Keys 'g5.posiba@gmail.com' sent to object: 'Object Repository/Popup_FacebookLogin/txt_email'

2018-07-30 11:50:38 - [MESSAGE][PASSED] - Keys 'posiba123' sent to object: 'Object Repository/Popup_FacebookLogin/txt_password'

2018-07-30 11:50:43 - [MESSAGE][PASSED] - Object: 'Object Repository/Popup_FacebookLogin/btn_login' is clicked on

2018-07-30 11:50:43 - [MESSAGE][PASSED] - Text of object 'Object Repository/Popup_FacebookLogin/btn_confirmPermission' is: 'Tiếp tục dưới tên GNam'

2018-07-30 11:50:44 - [MESSAGE][PASSED] - Object: 'Object Repository/Popup_FacebookLogin/btn_confirmPermission' is clicked on

2018-07-30 11:50:44 - [MESSAGE][PASSED] - Switched to window with index: '0'

2018-07-30 11:50:59 - [MESSAGE][PASSED] - Delayed 15 second(s)

2018-07-30 11:51:05 - [MESSAGE][PASSED] - Wait for page load successfully

2018-07-30 11:51:05 - [MESSAGE][PASSED] - beautytap.beautytapAction.signupViaFacebook is PASSED

2018-07-30 11:51:05 - [TEST_STEP][PASSED] - verifyElementPresent: Object 'Object Repository/Page_General/link_avatar' is present

2018-07-30 11:51:05 - [MESSAGE][PASSED] - Object 'Object Repository/Page_General/link_avatar' is present

2018-07-30 11:51:05 - [TEST_STEP][PASSED] - beautytap.beautytapAction.logout: beautytap.beautytapAction.logout is PASSED

2018-07-30 11:51:05 - [MESSAGE][PASSED] - Object: 'Object Repository/Page_General/link_avatar' is clicked on

2018-07-30 11:51:05 - [MESSAGE][PASSED] - Object 'Object Repository/Page_General/menu_logout' is present

2018-07-30 11:51:05 - [MESSAGE][PASSED] - Object: 'Object Repository/Page_General/menu_logout' is clicked on

2018-07-30 11:51:05 - [MESSAGE][PASSED] - Wait for page load successfully

2018-07-30 11:51:05 - [MESSAGE][PASSED] - beautytap.beautytapAction.logout is PASSED

2018-07-30 11:51:05 - [TEST_STEP][PASSED] - closeBrowser: Browser is closed

2018-07-30 11:51:06 - [MESSAGE][PASSED] - Browser is closed

2018-07-30 11:51:06 - [TEST_STEP][PASSED] - beautytap.beautytapAdminAction.deleteUser: beautytap.beautytapAdminAction.deleteUser is PASSED

2018-07-30 11:51:18 - [MESSAGE][PASSED] - Browser is opened with url: 'https://staging.beautytap.com/login'

2018-07-30 11:51:18 - [MESSAGE][PASSED] - Current window maximized

2018-07-30 11:51:19 - [MESSAGE][PASSED] - Text of object 'Object Repository/Page_login/txt_username' is cleared

2018-07-30 11:51:19 - [MESSAGE][PASSED] - Keys 'mrwhite' sent to object: 'Object Repository/Page_login/txt_username'

2018-07-30 11:51:19 - [MESSAGE][PASSED] - Text of object 'Object Repository/Page_login/txt_password' is cleared

2018-07-30 11:51:19 - [MESSAGE][PASSED] - Keys 'kgySM$Im' sent to object: 'Object Repository/Page_login/txt_password'

2018-07-30 11:51:19 - [MESSAGE][PASSED] - Object: 'Object Repository/Page_login/btn_login' is clicked on

2018-07-30 11:51:19 - [MESSAGE][PASSED] - Wait for page load successfully

2018-07-30 11:51:19 - [MESSAGE][PASSED] - Wait for page load successfully

2018-07-30 11:51:48 - [MESSAGE][PASSED] - Navigate to 'https://staging.beautytap.com/admin' successfully

2018-07-30 11:51:49 - [MESSAGE][PASSED] - Wait for page load successfully

2018-07-30 11:52:00 - [MESSAGE][PASSED] - Object: 'Object Repository/Page_Admin/menu_users' is clicked on

2018-07-30 11:52:00 - [MESSAGE][PASSED] - Wait for page load successfully

2018-07-30 11:52:00 - [MESSAGE][PASSED] - Text of object 'Object Repository/Page_Admin/txt_searchBox' is cleared

2018-07-30 11:52:00 - [MESSAGE][PASSED] - Keys 'g5.posiba@gmail.com' sent to object: 'Object Repository/Page_Admin/txt_searchBox'

2018-07-30 11:52:07 - [MESSAGE][PASSED] - Object: 'Object Repository/Page_Admin/btn_searchUser' is clicked on

2018-07-30 11:52:07 - [MESSAGE][PASSED] - Wait for page load successfully

2018-07-30 11:52:07 - [MESSAGE][PASSED] - Text of object '' is: 'g5.posiba@gmail.com'

2018-07-30 11:52:07 - [MESSAGE][PASSED] - Attribute 'id' of object '' is: 'user-63460'

2018-07-30 11:52:13 - [MESSAGE][PASSED] - Object: '' is hovered

2018-07-30 11:52:18 - [MESSAGE][PASSED] - Delayed 5 second(s)

2018-07-30 11:54:22 - [MESSAGE][PASSED] - Object: '' is clicked on

2018-07-30 11:54:23 - [MESSAGE][FAILED] - No alert found
[[ATTACHMENT|E:\\BeautytapAutomation\\Beautytap\\Reports\\TS1\\20180730_114453\\1532926462997.png]]

2018-07-30 11:54:23 - [MESSAGE][FAILED] - Unable to accept alert (Root cause: No alert found)
[[ATTACHMENT|E:\\BeautytapAutomation\\Beautytap\\Reports\\TS1\\20180730_114453\\1532926463324.png]]

2018-07-30 11:54:24 - [MESSAGE][PASSED] - Browser is closed

2018-07-30 11:54:24 - [MESSAGE][PASSED] - beautytap.beautytapAdminAction.deleteUser is PASSED

2018-07-30 11:54:24 - [TEST_STEP][PASSED] - openBrowser: Browser is opened with url: 'https://staging.beautytap.com'

2018-07-30 11:54:35 - [MESSAGE][PASSED] - Browser is opened with url: 'https://staging.beautytap.com'

2018-07-30 11:54:35 - [TEST_STEP][PASSED] - maximizeWindow: Current window maximized

2018-07-30 11:54:36 - [MESSAGE][PASSED] - Current window maximized

2018-07-30 11:54:36 - [TEST_STEP][PASSED] - click: Object: 'Object Repository/Page_General/link_login' is clicked on

2018-07-30 11:54:42 - [MESSAGE][PASSED] - Object: 'Object Repository/Page_General/link_login' is clicked on

2018-07-30 11:54:42 - [TEST_STEP][PASSED] - waitForPageLoad: Wait for page load successfully

2018-07-30 11:54:42 - [MESSAGE][PASSED] - Wait for page load successfully

2018-07-30 11:54:42 - [TEST_STEP][PASSED] - beautytap.beautytapAction.login: beautytap.beautytapAction.login is PASSED

2018-07-30 11:54:42 - [MESSAGE][PASSED] - Object: 'Object Repository/Page_Login/btn_loginFB' is clicked on

2018-07-30 11:54:42 - [MESSAGE][PASSED] - Switched to window with index: '1'

2018-07-30 11:54:46 - [MESSAGE][PASSED] - Object 'Object Repository/Popup_FacebookLogin/txt_email' is visible

2018-07-30 11:54:46 - [MESSAGE][PASSED] - Keys 'g5.posiba@gmail.com' sent to object: 'Object Repository/Popup_FacebookLogin/txt_email'

2018-07-30 11:54:46 - [MESSAGE][PASSED] - Keys 'posiba123' sent to object: 'Object Repository/Popup_FacebookLogin/txt_password'

2018-07-30 11:54:48 - [MESSAGE][PASSED] - Object: 'Object Repository/Popup_FacebookLogin/btn_login' is clicked on

2018-07-30 11:54:48 - [MESSAGE][PASSED] - Switched to window with index: '0'

2018-07-30 11:54:48 - [MESSAGE][PASSED] - Wait for page load successfully

2018-07-30 11:54:48 - [MESSAGE][PASSED] - beautytap.beautytapAction.login is PASSED

2018-07-30 11:54:48 - [TEST_STEP][PASSED] - verifyElementPresent: Object 'Object Repository/Page_General/link_avatar' is present

2018-07-30 11:54:58 - [MESSAGE][PASSED] - Object 'Object Repository/Page_General/link_avatar' is present

2018-07-30 11:54:58 - [TEST_STEP][PASSED] - beautytap.beautytapAction.logout: beautytap.beautytapAction.logout is PASSED

2018-07-30 11:54:58 - [MESSAGE][PASSED] - Object: 'Object Repository/Page_General/link_avatar' is clicked on

2018-07-30 11:54:58 - [MESSAGE][PASSED] - Object 'Object Repository/Page_General/menu_logout' is present

2018-07-30 11:54:59 - [MESSAGE][PASSED] - Object: 'Object Repository/Page_General/menu_logout' is clicked on

2018-07-30 11:54:59 - [MESSAGE][PASSED] - Wait for page load successfully

2018-07-30 11:54:59 - [MESSAGE][PASSED] - beautytap.beautytapAction.logout is PASSED

2018-07-30 11:54:59 - [TEST_STEP][PASSED] - closeBrowser: Browser is closed

2018-07-30 11:54:59 - [MESSAGE][PASSED] - Browser is closed

2018-07-30 11:54:59 - [TEST_STEP][PASSED] - openBrowser: Browser is opened with url: 'https://staging.beautytap.com'

2018-07-30 11:55:16 - [MESSAGE][PASSED] - Browser is opened with url: 'https://staging.beautytap.com'

2018-07-30 11:55:16 - [TEST_STEP][PASSED] - maximizeWindow: Current window maximized

2018-07-30 11:55:16 - [MESSAGE][PASSED] - Current window maximized

2018-07-30 11:55:16 - [TEST_STEP][PASSED] - click: Object: 'Object Repository/Page_General/link_signup' is clicked on

2018-07-30 11:55:22 - [MESSAGE][PASSED] - Object: 'Object Repository/Page_General/link_signup' is clicked on

2018-07-30 11:55:22 - [TEST_STEP][PASSED] - waitForPageLoad: Wait for page load successfully

2018-07-30 11:55:22 - [MESSAGE][PASSED] - Wait for page load successfully

2018-07-30 11:55:22 - [TEST_STEP][PASSED] - beautytap.beautytapAction.signupViaFacebook: beautytap.beautytapAction.signupViaFacebook is PASSED

2018-07-30 11:55:22 - [MESSAGE][PASSED] - Object: 'Object Repository/Page_Signup/btn_signupFB' is clicked on

2018-07-30 11:55:22 - [MESSAGE][PASSED] - Switched to window with index: '1'

2018-07-30 11:55:26 - [MESSAGE][PASSED] - Keys 'g5.posiba@gmail.com' sent to object: 'Object Repository/Popup_FacebookLogin/txt_email'

2018-07-30 11:55:27 - [MESSAGE][PASSED] - Keys 'posiba123' sent to object: 'Object Repository/Popup_FacebookLogin/txt_password'

2018-07-30 11:55:28 - [MESSAGE][PASSED] - Object: 'Object Repository/Popup_FacebookLogin/btn_login' is clicked on

2018-07-30 11:55:28 - [MESSAGE][WARNING] - Cannot take screenshot

2018-07-30 11:55:28 - [MESSAGE][FAILED] - Unable to get text of object 'Object Repository/Popup_FacebookLogin/btn_confirmPermission' (Root cause: org.openqa.selenium.NoSuchWindowException: no such window: window was already closed
  (Session info: chrome=67.0.3396.99)
  (Driver info: chromedriver=2.35.528161 (5b82f2d2aae0ca24b877009200ced9065a772e73),platform=Windows NT 10.0.17134 x86_64) (WARNING: The server did not provide any stacktrace information)
Command duration or timeout: 0 milliseconds
Build info: version: '3.7.1', revision: '8a0099a', time: '2017-11-06T21:07:36.161Z'
System info: host: 'TRANGNGUYEN', ip: '69.167.34.77', os.name: 'Windows 10', os.arch: 'amd64', os.version: '10.0', java.version: '1.8.0_102'
Driver info: com.kms.katalon.selenium.driver.CChromeDriver
Capabilities {acceptInsecureCerts: false, acceptSslCerts: false, applicationCacheEnabled: false, browserConnectionEnabled: false, browserName: chrome, chrome: {chromedriverVersion: 2.35.528161 (5b82f2d2aae0ca..., userDataDir: C:\Users\VINASO~1\AppData\L...}, cssSelectorsEnabled: true, databaseEnabled: false, handlesAlerts: true, hasTouchScreen: false, javascriptEnabled: true, locationContextEnabled: true, mobileEmulationEnabled: false, nativeEvents: true, networkConnectionEnabled: false, pageLoadStrategy: normal, platform: XP, platformName: XP, rotatable: false, setWindowRect: true, takesHeapSnapshot: true, takesScreenshot: true, unexpectedAlertBehaviour: , unhandledPromptBehavior: , version: 67.0.3396.99, webStorageEnabled: true}
Session ID: fa751119ec2fc1fdecca50cdbfffb9ce
*** Element info: {Using=xpath, value=//button[contains(@class,'layerConfirm') and contains(@name,'CONFIRM')]})

2018-07-30 11:55:28 - [MESSAGE][PASSED] - Switched to window with index: '0'

2018-07-30 11:55:43 - [MESSAGE][PASSED] - Delayed 15 second(s)

2018-07-30 11:55:51 - [MESSAGE][PASSED] - Wait for page load successfully

2018-07-30 11:55:51 - [MESSAGE][PASSED] - beautytap.beautytapAction.signupViaFacebook is PASSED

2018-07-30 11:55:51 - [TEST_STEP][FAILED] - verifyElementPresent: Unable to verify object 'Object Repository/Page_General/link_avatar' is present (Root cause: com.kms.katalon.core.webui.exception.WebElementNotFoundException: Web element with id: 'Object Repository/Page_General/link_avatar' located by 'By.xpath: //a[@class='user']/img[@alt='Profile picture of ']' not found)

2018-07-30 11:56:22 - [MESSAGE][FAILED] - com.kms.katalon.core.webui.exception.WebElementNotFoundException: Web element with id: 'Object Repository/Page_General/link_avatar' located by 'By.xpath: //a[@class='user']/img[@alt='Profile picture of ']' not found
[[ATTACHMENT|E:\\BeautytapAutomation\\Beautytap\\Reports\\TS1\\20180730_114453\\1532926582593.png]]

2018-07-30 11:56:23 - [MESSAGE][FAILED] - Unable to verify object 'Object Repository/Page_General/link_avatar' is present (Root cause: com.kms.katalon.core.webui.exception.WebElementNotFoundException: Web element with id: 'Object Repository/Page_General/link_avatar' located by 'By.xpath: //a[@class='user']/img[@alt='Profile picture of ']' not found)
[[ATTACHMENT|E:\\BeautytapAutomation\\Beautytap\\Reports\\TS1\\20180730_114453\\1532926582883.png]]]]></system-out>
         <system-err><![CDATA[2018-07-30 11:47:09 - [TEST_CASE][FAILED] - Test Cases/SignUp_Login_ResetPass/TC02_SignUp_Login_ViaFacebookEmail_NewUser_OldUser: Test Cases/SignUp_Login_ResetPass/TC02_SignUp_Login_ViaFacebookEmail_NewUser_OldUser FAILED because (of) Unable to verify object 'Object Repository/Page_General/link_avatar' is present (Root cause: com.kms.katalon.core.webui.exception.WebElementNotFoundException: Web element with id: 'Object Repository/Page_General/link_avatar' located by 'By.xpath: //a[@class='user']/img[@alt='Profile picture of ']' not found)]]></system-err>
      </testcase>
      <system-out><![CDATA[2018-07-30 11:44:57 - [TEST_SUITE][FAILED] - TS1: Test Cases/SignUp_Login_ResetPass/TC01_SignUp_Login_ResetPassword_Via_Email FAILED because (of) Unable to click on object '' (Root cause: org.openqa.selenium.StaleElementReferenceException: stale element reference: element is not attached to the page document
  (Session info: chrome=67.0.3396.99)
  (Driver info: chromedriver=2.35.528161 (5b82f2d2aae0ca24b877009200ced9065a772e73),platform=Windows NT 10.0.17134 x86_64) (WARNING: The server did not provide any stacktrace information)
Command duration or timeout: 0 milliseconds
For documentation on this error, please visit: http://seleniumhq.org/exceptions/stale_element_reference.html
Build info: version: '3.7.1', revision: '8a0099a', time: '2017-11-06T21:07:36.161Z'
System info: host: 'TRANGNGUYEN', ip: '69.167.34.77', os.name: 'Windows 10', os.arch: 'amd64', os.version: '10.0', java.version: '1.8.0_102'
Driver info: com.kms.katalon.selenium.driver.CChromeDriver
Capabilities {acceptInsecureCerts: false, acceptSslCerts: false, applicationCacheEnabled: false, browserConnectionEnabled: false, browserName: chrome, chrome: {chromedriverVersion: 2.35.528161 (5b82f2d2aae0ca..., userDataDir: C:\Users\VINASO~1\AppData\L...}, cssSelectorsEnabled: true, databaseEnabled: false, handlesAlerts: true, hasTouchScreen: false, javascriptEnabled: true, locationContextEnabled: true, mobileEmulationEnabled: false, nativeEvents: true, networkConnectionEnabled: false, pageLoadStrategy: normal, platform: XP, platformName: XP, rotatable: false, setWindowRect: true, takesHeapSnapshot: true, takesScreenshot: true, unexpectedAlertBehaviour: , unhandledPromptBehavior: , version: 67.0.3396.99, webStorageEnabled: true}
Session ID: 3c5adb2113f7141f56641a20b70498fd)]]></system-out>
      <system-err><![CDATA[2018-07-30 11:44:57 - [TEST_SUITE][FAILED] - TS1: Test Cases/SignUp_Login_ResetPass/TC01_SignUp_Login_ResetPassword_Via_Email FAILED because (of) Unable to click on object '' (Root cause: org.openqa.selenium.StaleElementReferenceException: stale element reference: element is not attached to the page document
  (Session info: chrome=67.0.3396.99)
  (Driver info: chromedriver=2.35.528161 (5b82f2d2aae0ca24b877009200ced9065a772e73),platform=Windows NT 10.0.17134 x86_64) (WARNING: The server did not provide any stacktrace information)
Command duration or timeout: 0 milliseconds
For documentation on this error, please visit: http://seleniumhq.org/exceptions/stale_element_reference.html
Build info: version: '3.7.1', revision: '8a0099a', time: '2017-11-06T21:07:36.161Z'
System info: host: 'TRANGNGUYEN', ip: '69.167.34.77', os.name: 'Windows 10', os.arch: 'amd64', os.version: '10.0', java.version: '1.8.0_102'
Driver info: com.kms.katalon.selenium.driver.CChromeDriver
Capabilities {acceptInsecureCerts: false, acceptSslCerts: false, applicationCacheEnabled: false, browserConnectionEnabled: false, browserName: chrome, chrome: {chromedriverVersion: 2.35.528161 (5b82f2d2aae0ca..., userDataDir: C:\Users\VINASO~1\AppData\L...}, cssSelectorsEnabled: true, databaseEnabled: false, handlesAlerts: true, hasTouchScreen: false, javascriptEnabled: true, locationContextEnabled: true, mobileEmulationEnabled: false, nativeEvents: true, networkConnectionEnabled: false, pageLoadStrategy: normal, platform: XP, platformName: XP, rotatable: false, setWindowRect: true, takesHeapSnapshot: true, takesScreenshot: true, unexpectedAlertBehaviour: , unhandledPromptBehavior: , version: 67.0.3396.99, webStorageEnabled: true}
Session ID: 3c5adb2113f7141f56641a20b70498fd)]]></system-err>
   </testsuite>
</testsuites>
