<?xml version="1.0" encoding="UTF-8"?>
<testsuites name="Regression" time="3107" tests="9" failures="1" errors="0">
   <testsuite name="Regression" tests="9" failures="1" errors="0" time="3107" timestamp="2018-10-16 16:58:10" hostname="Trang Nguyen - DESKTOP-G1UHP65" id="Test Suites/Regression">
      <properties>
         <property name="deviceName" value=""/>
         <property name="devicePlatform" value=""/>
         <property name="logFolder" value="E:\\BeautytapAutomation\\beautytapAuto\\Beautytap\\Reports\\Regression\\20181016_165806"/>
         <property name="logFiles" value="E:\\BeautytapAutomation\\beautytapAuto\\Beautytap\\Reports\\Regression\\20181016_165806\\execution0.log"/>
         <property name="attachments" value="E:\\BeautytapAutomation\\beautytapAuto\\Beautytap\\Reports\\Regression\\20181016_165806\\1539683979123.png, E:\\BeautytapAutomation\\beautytapAuto\\Beautytap\\Reports\\Regression\\20181016_165806\\1539684091086.png, E:\\BeautytapAutomation\\beautytapAuto\\Beautytap\\Reports\\Regression\\20181016_165806\\1539684193452.png, E:\\BeautytapAutomation\\beautytapAuto\\Beautytap\\Reports\\Regression\\20181016_165806\\1539684233452.png, E:\\BeautytapAutomation\\beautytapAuto\\Beautytap\\Reports\\Regression\\20181016_165806\\1539684282836.png, E:\\BeautytapAutomation\\beautytapAuto\\Beautytap\\Reports\\Regression\\20181016_165806\\1539684506151.png, E:\\BeautytapAutomation\\beautytapAuto\\Beautytap\\Reports\\Regression\\20181016_165806\\1539684684471.png, E:\\BeautytapAutomation\\beautytapAuto\\Beautytap\\Reports\\Regression\\20181016_165806\\1539684715757.png, E:\\BeautytapAutomation\\beautytapAuto\\Beautytap\\Reports\\Regression\\20181016_165806\\1539685095335.png, E:\\BeautytapAutomation\\beautytapAuto\\Beautytap\\Reports\\Regression\\20181016_165806\\1539685095671.png, E:\\BeautytapAutomation\\beautytapAuto\\Beautytap\\Reports\\Regression\\20181016_165806\\1539685246593.png, E:\\BeautytapAutomation\\beautytapAuto\\Beautytap\\Reports\\Regression\\20181016_165806\\1539685246909.png, E:\\BeautytapAutomation\\beautytapAuto\\Beautytap\\Reports\\Regression\\20181016_165806\\1539685640746.png, E:\\BeautytapAutomation\\beautytapAuto\\Beautytap\\Reports\\Regression\\20181016_165806\\1539685758647.png, E:\\BeautytapAutomation\\beautytapAuto\\Beautytap\\Reports\\Regression\\20181016_165806\\1539686058909.png, E:\\BeautytapAutomation\\beautytapAuto\\Beautytap\\Reports\\Regression\\20181016_165806\\1539686289977.png, E:\\BeautytapAutomation\\beautytapAuto\\Beautytap\\Reports\\Regression\\20181016_165806\\1539686335128.png, E:\\BeautytapAutomation\\beautytapAuto\\Beautytap\\Reports\\Regression\\20181016_165806\\1539686476968.png, E:\\BeautytapAutomation\\beautytapAuto\\Beautytap\\Reports\\Regression\\20181016_165806\\1539686566724.png, E:\\BeautytapAutomation\\beautytapAuto\\Beautytap\\Reports\\Regression\\20181016_165806\\1539686621966.png, E:\\BeautytapAutomation\\beautytapAuto\\Beautytap\\Reports\\Regression\\20181016_165806\\1539686642278.png, E:\\BeautytapAutomation\\beautytapAuto\\Beautytap\\Reports\\Regression\\20181016_165806\\1539686670698.png, E:\\BeautytapAutomation\\beautytapAuto\\Beautytap\\Reports\\Regression\\20181016_165806\\1539686773042.png, E:\\BeautytapAutomation\\beautytapAuto\\Beautytap\\Reports\\Regression\\20181016_165806\\1539686837749.png, E:\\BeautytapAutomation\\beautytapAuto\\Beautytap\\Reports\\Regression\\20181016_165806\\1539686873868.png"/>
         <property name="hostName" value="Trang Nguyen - DESKTOP-G1UHP65"/>
         <property name="os" value="Windows 10 64bit"/>
         <property name="katalonVersion" value="5.5.0.1"/>
         <property name="browser" value="Chrome 69.0.3497.100"/>
         <property name="hostAddress" value="10.0.0.227"/>
         <property name="sessionId" value="6575e6d44840b436e5245b4d78f58bb3"/>
         <property name="seleniumVersion" value="3.7.1"/>
         <property name="proxyInformation" value="ProxyInformation{proxyOption=NO_PROXY, proxyServerType=HTTP, password=, proxyServerAddress=, proxyServerPort=0}"/>
         <property name="platform" value="Windows 10"/>
      </properties>
      <testcase name="Test Cases/Shop/TC09_ScheduleSale_LimitStock_SimpleProduct" classname="Test Cases/Shop/TC09_ScheduleSale_LimitStock_SimpleProduct" status="FAILED">
         <failure type="FAILED" message="Unable to get text of object '' (Root cause: com.kms.katalon.core.webui.exception.WebElementNotFoundException: Web element with id: '' located by 'By.xpath: //th[text()='Subtotal:']/parent::tr/td/span' not found)"/>
         <system-out><![CDATA[2018-10-16 16:58:10 - [TEST_CASE][FAILED] - Test Cases/Shop/TC09_ScheduleSale_LimitStock_SimpleProduct: Test Cases/Shop/TC09_ScheduleSale_LimitStock_SimpleProduct FAILED because (of) Unable to get text of object '' (Root cause: com.kms.katalon.core.webui.exception.WebElementNotFoundException: Web element with id: '' located by 'By.xpath: //th[text()='Subtotal:']/parent::tr/td/span' not found)

2018-10-16 16:58:12 - [TEST_STEP][PASSED] - Statement - productName = SCHEDULE_SIMPLE_PRODUCT: null

2018-10-16 16:58:12 - [TEST_STEP][PASSED] - Statement - regularPrice = SCHEDULE_REGULAR_PRICE: null

2018-10-16 16:58:12 - [TEST_STEP][PASSED] - Statement - salePrice = SCHEDULE_SALE_PRICE: null

2018-10-16 16:58:12 - [TEST_STEP][PASSED] - Statement - quantity = 6: null

2018-10-16 16:58:12 - [TEST_STEP][PASSED] - Statement - subtotalRegular = CustomKeywords.beautytap.ShopAction.calculateTotal(quantity, regularPrice): beautytap.ShopAction.calculateTotal is PASSED

2018-10-16 16:58:12 - [MESSAGE][PASSED] - beautytap.ShopAction.calculateTotal is PASSED

2018-10-16 16:58:12 - [TEST_STEP][PASSED] - Statement - subtotalSale = CustomKeywords.beautytap.ShopAction.calculateTotal(1, salePrice): beautytap.ShopAction.calculateTotal is PASSED

2018-10-16 16:58:13 - [MESSAGE][PASSED] - beautytap.ShopAction.calculateTotal is PASSED

2018-10-16 16:58:13 - [TEST_STEP][PASSED] - Statement - shippingType = "free": null

2018-10-16 16:58:13 - [TEST_STEP][PASSED] - Statement - shippingLabel = FREE_SHIPPING_LABEL: null

2018-10-16 16:58:13 - [TEST_STEP][PASSED] - Statement - shippingTypeSale = "normal": null

2018-10-16 16:58:13 - [TEST_STEP][PASSED] - Statement - shippingLabelSale = SHIPPING_LABEL: null

2018-10-16 16:58:13 - [TEST_STEP][PASSED] - Statement - shippingPriceSale = SHIPPING_PRICE: null

2018-10-16 16:58:13 - [TEST_STEP][PASSED] - Statement - totalSale = java.lang.Float.parseFloat(java.lang.String.format("%.2f", subtotalSale + shippingPriceSale)): null

2018-10-16 16:58:13 - [TEST_STEP][PASSED] - Statement - schedulTimeout = 300: null

2018-10-16 16:58:13 - [TEST_STEP][PASSED] - Statement - limitStockSchedule = "yes": null

2018-10-16 16:58:13 - [TEST_STEP][PASSED] - Statement - variation = new org.json.JSONArray(): null

2018-10-16 16:58:13 - [TEST_STEP][PASSED] - Statement - scheduleDelay = 4: null

2018-10-16 16:58:13 - [TEST_STEP][PASSED] - Statement - scheduleDuration = 4: null

2018-10-16 16:58:13 - [TEST_STEP][PASSED] - Statement - paymentMethod = "Amazon Pay": null

2018-10-16 16:58:13 - [TEST_STEP][PASSED] - beautytap.GeneralAction.openBeautytap: beautytap.GeneralAction.openBeautytap is PASSED

2018-10-16 16:58:28 - [MESSAGE][PASSED] - Browser is opened with url: 'https://stage.beautytap.com/wp-admin'

2018-10-16 16:58:29 - [MESSAGE][PASSED] - Current window maximized

2018-10-16 16:58:33 - [MESSAGE][PASSED] - Refresh successfully

2018-10-16 16:58:33 - [MESSAGE][PASSED] - Wait for page load successfully

2018-10-16 16:58:33 - [MESSAGE][PASSED] - beautytap.GeneralAction.openBeautytap is PASSED

2018-10-16 16:58:33 - [TEST_STEP][PASSED] - beautytap.GeneralAction.login: beautytap.GeneralAction.login is PASSED

2018-10-16 16:58:33 - [MESSAGE][PASSED] - Text of object 'Object Repository/Page_login/txt_username' is cleared

2018-10-16 16:58:33 - [MESSAGE][PASSED] - Keys 'mrwhite' sent to object: 'Object Repository/Page_login/txt_username'

2018-10-16 16:58:34 - [MESSAGE][PASSED] - Text of object 'Object Repository/Page_login/txt_password' is cleared

2018-10-16 16:58:34 - [MESSAGE][PASSED] - Keys 'kgySM$Im' sent to object: 'Object Repository/Page_login/txt_password'

2018-10-16 16:58:44 - [MESSAGE][PASSED] - Object: 'Object Repository/Page_login/btn_login' is clicked on

2018-10-16 16:58:44 - [MESSAGE][PASSED] - Wait for page load successfully

2018-10-16 16:58:44 - [MESSAGE][PASSED] - beautytap.GeneralAction.login is PASSED

2018-10-16 16:58:44 - [TEST_STEP][PASSED] - beautytap.AdminAction.selectAdminMenu: beautytap.AdminAction.selectAdminMenu is PASSED

2018-10-16 16:58:59 - [MESSAGE][PASSED] - Object: '' is clicked on

2018-10-16 16:58:59 - [MESSAGE][PASSED] - Wait for page load successfully

2018-10-16 16:58:59 - [MESSAGE][PASSED] - beautytap.AdminAction.selectAdminMenu is PASSED

2018-10-16 16:58:59 - [TEST_STEP][PASSED] - Statement - datetime = CustomKeywords.beautytap.ShopAction.generateScheduleDateTime(TIMEZONE, scheduleDelay, scheduleDuration): beautytap.ShopAction.generateScheduleDateTime is PASSED

2018-10-16 16:58:59 - [MESSAGE][PASSED] - beautytap.ShopAction.generateScheduleDateTime is PASSED

2018-10-16 16:58:59 - [TEST_STEP][PASSED] - Statement - startDate = datetime.get("startdate"): null

2018-10-16 16:58:59 - [TEST_STEP][PASSED] - Statement - endDate = datetime.get("enddate"): null

2018-10-16 16:58:59 - [TEST_STEP][PASSED] - beautytap.AdminAction.scheduleSaleProduct: beautytap.AdminAction.scheduleSaleProduct is PASSED

2018-10-16 16:58:59 - [MESSAGE][PASSED] - Text of object 'Object Repository/Page_Admin/txt_searchProduct' is cleared

2018-10-16 16:59:01 - [MESSAGE][PASSED] - Keys 'PURITO Defence Barrier pH Cleanser 150ml' sent to object: 'Object Repository/Page_Admin/txt_searchProduct'

2018-10-16 16:59:06 - [MESSAGE][PASSED] - Object: 'Object Repository/Page_Admin/btn_searchProduct' is clicked on

2018-10-16 16:59:23 - [MESSAGE][PASSED] - Object: '' is clicked on

2018-10-16 16:59:33 - [MESSAGE][PASSED] - Delayed 10 second(s)

2018-10-16 16:59:39 - [MESSAGE][WARNING] - com.kms.katalon.core.webui.exception.WebElementNotFoundException: Web element with id: 'Object Repository/Page_Admin/link_schedule' located by 'By.xpath: //a[@class='sale_schedule' and text()='Schedule' and not(@style='display: none;')]' not found
[[ATTACHMENT|E:\\BeautytapAutomation\\beautytapAuto\\Beautytap\\Reports\\Regression\\20181016_165806\\1539683979123.png]]

2018-10-16 16:59:39 - [MESSAGE][PASSED] - Text of object 'Object Repository/Page_Admin/txt_salePrice' is cleared

2018-10-16 16:59:40 - [MESSAGE][PASSED] - Keys '10.8' sent to object: 'Object Repository/Page_Admin/txt_salePrice'

2018-10-16 16:59:40 - [MESSAGE][PASSED] - Text of object 'Object Repository/Page_Admin/txt_salePriceDateFrom' is cleared

2018-10-16 16:59:41 - [MESSAGE][PASSED] - Keys '2018-10-16 10:02:59' sent to object: 'Object Repository/Page_Admin/txt_salePriceDateFrom'

2018-10-16 16:59:41 - [MESSAGE][PASSED] - Text of object 'Object Repository/Page_Admin/txt_salePriceDateTo' is cleared

2018-10-16 16:59:42 - [MESSAGE][PASSED] - Keys '2018-10-16 10:06:59' sent to object: 'Object Repository/Page_Admin/txt_salePriceDateTo'

2018-10-16 16:59:43 - [MESSAGE][PASSED] - Object 'Object Repository/Page_Admin/chk_soldIndividualScheduled' is checked

2018-10-16 16:59:43 - [MESSAGE][PASSED] - Object: 'Object Repository/Page_Admin/txt_productName' is focused

2018-10-16 16:59:53 - [MESSAGE][PASSED] - Delayed 10 second(s)

2018-10-16 16:59:53 - [MESSAGE][PASSED] - Object: 'Object Repository/Page_Admin/btn_updateProduct' is clicked on

2018-10-16 17:00:14 - [MESSAGE][PASSED] - Object 'Object Repository/Page_Admin/lbl_productUpdatedMessage' is present

2018-10-16 17:00:14 - [MESSAGE][PASSED] - Wait for page load successfully

2018-10-16 17:00:14 - [MESSAGE][PASSED] - beautytap.AdminAction.scheduleSaleProduct is PASSED

2018-10-16 17:00:14 - [TEST_STEP][PASSED] - closeBrowser: Browser is closed

2018-10-16 17:00:15 - [MESSAGE][PASSED] - Browser is closed

2018-10-16 17:00:15 - [TEST_STEP][PASSED] - beautytap.GeneralAction.openBeautytap: beautytap.GeneralAction.openBeautytap is PASSED

2018-10-16 17:00:44 - [MESSAGE][PASSED] - Browser is opened with url: 'https://stage.beautytap.com'

2018-10-16 17:00:45 - [MESSAGE][PASSED] - Current window maximized

2018-10-16 17:00:54 - [MESSAGE][PASSED] - Refresh successfully

2018-10-16 17:00:54 - [MESSAGE][PASSED] - Wait for page load successfully

2018-10-16 17:00:54 - [MESSAGE][PASSED] - beautytap.GeneralAction.openBeautytap is PASSED

2018-10-16 17:00:54 - [TEST_STEP][PASSED] - beautytap.ShopAction.globalSearch: beautytap.ShopAction.globalSearch is PASSED

2018-10-16 17:00:55 - [MESSAGE][PASSED] - Object: 'Object Repository/Page_General/icon_search' is clicked on

2018-10-16 17:01:00 - [MESSAGE][PASSED] - Delayed 5 second(s)

2018-10-16 17:01:00 - [MESSAGE][PASSED] - Text of object 'Object Repository/Page_General/txt_search' is cleared

2018-10-16 17:01:01 - [MESSAGE][PASSED] - Keys 'CONTROL + v' sent to object: 'Object Repository/Page_General/txt_search'

2018-10-16 17:01:06 - [MESSAGE][PASSED] - Delayed 5 second(s)

2018-10-16 17:01:06 - [MESSAGE][PASSED] - beautytap.ShopAction.globalSearch is PASSED

2018-10-16 17:01:06 - [TEST_STEP][PASSED] - beautytap.ShopAction.VerifyProductOnSearchResult: beautytap.ShopAction.VerifyProductOnSearchResult is PASSED

2018-10-16 17:01:06 - [MESSAGE][PASSED] - beautytap.ShopAction.VerifyProductOnSearchResult is PASSED

2018-10-16 17:01:06 - [TEST_STEP][PASSED] - beautytap.ShopAction.selectSearchResult: beautytap.ShopAction.selectSearchResult is PASSED

2018-10-16 17:01:06 - [MESSAGE][PASSED] - Text of object '' is: 'PURITO Defence Barrier pH Cleanser 150ml'

2018-10-16 17:01:06 - [MESSAGE][PASSED] - Object '' is present

2018-10-16 17:01:14 - [MESSAGE][PASSED] - Object: '' is clicked on

2018-10-16 17:01:14 - [MESSAGE][PASSED] - Wait for page load successfully

2018-10-16 17:01:14 - [MESSAGE][PASSED] - beautytap.ShopAction.selectSearchResult is PASSED

2018-10-16 17:01:14 - [TEST_STEP][PASSED] - beautytap.ShopAction.VerifyProductDetails: Keyword VerifyProductDetails is Passed

2018-10-16 17:01:15 - [MESSAGE][PASSED] - Text of object '' is: 'PURITO Defence Barrier pH Cleanser 150ml'

2018-10-16 17:01:15 - [MESSAGE][PASSED] - Text of object '' is: '$12.80'

2018-10-16 17:01:15 - [MESSAGE][PASSED] - Get CSS 'color' value on '' successfully: 'rgba(255, 35, 134, 1)'.

2018-10-16 17:01:15 - [MESSAGE][PASSED] - Keyword VerifyProductDetails is Passed

2018-10-16 17:01:15 - [TEST_STEP][PASSED] - beautytap.ShopAction.selectCategory: beautytap.ShopAction.selectCategory is PASSED

2018-10-16 17:01:25 - [MESSAGE][PASSED] - Object: '' is clicked on

2018-10-16 17:01:25 - [MESSAGE][PASSED] - Wait for page load successfully

2018-10-16 17:01:25 - [MESSAGE][PASSED] - beautytap.ShopAction.selectCategory is PASSED

2018-10-16 17:01:25 - [TEST_STEP][PASSED] - beautytap.ShopAction.findProductOnProductList: beautytap.ShopAction.findProductOnProductList is PASSED

2018-10-16 17:01:25 - [MESSAGE][PASSED] - Text of object '' is: '77'

2018-10-16 17:01:31 - [MESSAGE][WARNING] - com.kms.katalon.core.webui.exception.WebElementNotFoundException: Web element with id: '' located by 'By.xpath: //a[text()='PURITO Defence Barrier pH Cleanser 150ml']' not found
[[ATTACHMENT|E:\\BeautytapAutomation\\beautytapAuto\\Beautytap\\Reports\\Regression\\20181016_165806\\1539684091086.png]]

2018-10-16 17:01:44 - [MESSAGE][PASSED] - Object: '' is clicked on

2018-10-16 17:01:44 - [MESSAGE][PASSED] - Wait for page load successfully

2018-10-16 17:01:44 - [MESSAGE][PASSED] - Object '' is present

2018-10-16 17:01:44 - [MESSAGE][PASSED] - beautytap.ShopAction.findProductOnProductList is PASSED

2018-10-16 17:01:44 - [TEST_STEP][PASSED] - beautytap.ShopAction.VerifyProductOnProductList: Keyword VerifyProductOnProductList is Passed

2018-10-16 17:01:44 - [MESSAGE][PASSED] - Object '' is present

2018-10-16 17:01:44 - [MESSAGE][PASSED] - Text of object '' is: '$12.80'

2018-10-16 17:01:44 - [MESSAGE][PASSED] - Get CSS 'color' value on '' successfully: 'rgba(255, 35, 134, 1)'.

2018-10-16 17:01:44 - [MESSAGE][PASSED] - Get CSS 'color' value on '' successfully: 'rgba(255, 35, 134, 1)'.

2018-10-16 17:01:44 - [MESSAGE][PASSED] - Keyword VerifyProductOnProductList is Passed

2018-10-16 17:01:44 - [TEST_STEP][PASSED] - beautytap.ShopAction.selectProductOnProductList: beautytap.ShopAction.selectProductOnProductList is PASSED

2018-10-16 17:01:52 - [MESSAGE][PASSED] - Object: '' is clicked on

2018-10-16 17:01:52 - [MESSAGE][PASSED] - Wait for page load successfully

2018-10-16 17:01:52 - [MESSAGE][PASSED] - beautytap.ShopAction.selectProductOnProductList is PASSED

2018-10-16 17:01:52 - [TEST_STEP][PASSED] - beautytap.ShopAction.addProductToCart: beautytap.ShopAction.addProductToCart is PASSED

2018-10-16 17:01:52 - [MESSAGE][PASSED] - Text of object 'Object Repository/Page_Shop/txt_quantity' is cleared

2018-10-16 17:01:53 - [MESSAGE][PASSED] - Keys '6' sent to object: 'Object Repository/Page_Shop/txt_quantity'

2018-10-16 17:01:53 - [MESSAGE][PASSED] - Object: 'Object Repository/Page_Shop/btn_addToCart' is clicked on

2018-10-16 17:01:53 - [MESSAGE][PASSED] - Wait for page load successfully

2018-10-16 17:02:02 - [MESSAGE][PASSED] - Object 'Object Repository/Page_Shop/lbl_message' is present

2018-10-16 17:02:07 - [MESSAGE][PASSED] - Delayed 5 second(s)

2018-10-16 17:02:07 - [MESSAGE][PASSED] - beautytap.ShopAction.addProductToCart is PASSED

2018-10-16 17:02:07 - [TEST_STEP][PASSED] - beautytap.ShopAction.goToCart: beautytap.ShopAction.goToCart is PASSED

2018-10-16 17:02:07 - [MESSAGE][PASSED] - Object 'Object Repository/Page_General/icon_cart' is present

2018-10-16 17:02:14 - [MESSAGE][PASSED] - Object: 'Object Repository/Page_General/icon_cart' is clicked on

2018-10-16 17:02:14 - [MESSAGE][PASSED] - Wait for page load successfully

2018-10-16 17:02:14 - [MESSAGE][PASSED] - beautytap.ShopAction.goToCart is PASSED

2018-10-16 17:02:14 - [TEST_STEP][PASSED] - beautytap.ShopAction.VerifyProductInCart: Keyword VerifyProductInCart is Passed

2018-10-16 17:02:14 - [MESSAGE][PASSED] - Object '' is present

2018-10-16 17:02:14 - [MESSAGE][PASSED] - Object '' is present

2018-10-16 17:02:14 - [MESSAGE][PASSED] - Text of object '' is: '$12.80'

2018-10-16 17:02:14 - [MESSAGE][PASSED] - Attribute 'value' of object '' is: '6'

2018-10-16 17:02:14 - [MESSAGE][PASSED] - Text of object '' is: '$76.80'

2018-10-16 17:02:14 - [MESSAGE][PASSED] - Keyword VerifyProductInCart is Passed

2018-10-16 17:02:14 - [TEST_STEP][PASSED] - beautytap.ShopAction.loginAmazonPay: beautytap.ShopAction.loginAmazonPay is PASSED

2018-10-16 17:02:14 - [MESSAGE][PASSED] - Object: 'Object Repository/Page_Cart/btn_payWithAmazon' is clicked on

2018-10-16 17:02:15 - [MESSAGE][PASSED] - Switched to window with index: '1'

2018-10-16 17:02:16 - [MESSAGE][PASSED] - Object 'Object Repository/Popup_Amazon/txt_email' is present

2018-10-16 17:02:16 - [MESSAGE][PASSED] - Text of object 'Object Repository/Popup_Amazon/txt_email' is cleared

2018-10-16 17:02:17 - [MESSAGE][PASSED] - Keys 'amazontest1503@yopmail.com' sent to object: 'Object Repository/Popup_Amazon/txt_email'

2018-10-16 17:02:17 - [MESSAGE][PASSED] - Text of object 'Object Repository/Popup_Amazon/txt_password' is cleared

2018-10-16 17:02:17 - [MESSAGE][PASSED] - Keys '123456' sent to object: 'Object Repository/Popup_Amazon/txt_password'

2018-10-16 17:02:20 - [MESSAGE][PASSED] - Object: 'Object Repository/Popup_Amazon/btn_signin' is clicked on

2018-10-16 17:02:20 - [MESSAGE][PASSED] - Switched to window with index: '0'

2018-10-16 17:02:50 - [MESSAGE][PASSED] - Delayed 30 second(s)

2018-10-16 17:02:50 - [MESSAGE][PASSED] - beautytap.ShopAction.loginAmazonPay is PASSED

2018-10-16 17:02:50 - [TEST_STEP][PASSED] - Statement - productArray = "[{"productname":"" + productName + "","variation":"","quantity":"" + quantity + "","price":"" + regularPrice + ""}]": null

2018-10-16 17:02:50 - [TEST_STEP][PASSED] - Statement - products = new org.json.JSONArray(productArray): null

2018-10-16 17:02:50 - [TEST_STEP][PASSED] - beautytap.ShopAction.VerifyOrderDetailsOnCheckout: Keyword VerifyOrderDetailsOnCheckout is Passed

2018-10-16 17:02:50 - [MESSAGE][PASSED] - Object '' is present

2018-10-16 17:02:50 - [MESSAGE][PASSED] - Text of object '' is: '$76.80'

2018-10-16 17:02:50 - [MESSAGE][PASSED] - Text of object '' is: 'Free shipping for orders over $70
Why does shipping take this long?'

2018-10-16 17:02:51 - [MESSAGE][PASSED] - Text of object '' is: '$76.80'

2018-10-16 17:02:51 - [MESSAGE][PASSED] - Keyword VerifyOrderDetailsOnCheckout is Passed

2018-10-16 17:02:51 - [TEST_STEP][PASSED] - beautytap.ShopAction.checkoutViaAmazonPay: beautytap.ShopAction.checkoutViaAmazonPay is PASSED

2018-10-16 17:02:51 - [MESSAGE][PASSED] - Object 'Object Repository/Page_Checkout/chk_terms' is clickable

2018-10-16 17:02:51 - [MESSAGE][PASSED] - Object 'Object Repository/Page_Checkout/chk_terms' is checked

2018-10-16 17:02:51 - [MESSAGE][PASSED] - Object: 'Object Repository/Page_Checkout/btn_placeOrder' is clicked on

2018-10-16 17:03:08 - [MESSAGE][PASSED] - Object 'Object Repository/Page_Checkout/lbl_orderReceived' is present

2018-10-16 17:03:08 - [MESSAGE][PASSED] - beautytap.ShopAction.checkoutViaAmazonPay is PASSED

2018-10-16 17:03:08 - [TEST_STEP][PASSED] - beautytap.ShopAction.VerifyOrderReceivedDetails: Keyword VerifyOrderReceivedDetails is Passed

2018-10-16 17:03:08 - [MESSAGE][PASSED] - Object '' is present

2018-10-16 17:03:08 - [MESSAGE][PASSED] - Text of object '' is: '$76.80'

2018-10-16 17:03:08 - [MESSAGE][PASSED] - Text of object '' is: 'Free shipping for orders over $70'

2018-10-16 17:03:13 - [MESSAGE][WARNING] - com.kms.katalon.core.webui.exception.WebElementNotFoundException: Web element with id: '' located by 'By.xpath: //th[text()='Shipping:']/parent::tr/td/span' not found
[[ATTACHMENT|E:\\BeautytapAutomation\\beautytapAuto\\Beautytap\\Reports\\Regression\\20181016_165806\\1539684193452.png]]

2018-10-16 17:03:13 - [MESSAGE][PASSED] - Text of object '' is: 'Amazon Pay'

2018-10-16 17:03:13 - [MESSAGE][PASSED] - Text of object '' is: '$76.80'

2018-10-16 17:03:13 - [MESSAGE][PASSED] - Keyword VerifyOrderReceivedDetails is Passed

2018-10-16 17:03:13 - [TEST_STEP][PASSED] - beautytap.ShopAction.waitForSchedule: beautytap.ShopAction.waitForSchedule is PASSED

2018-10-16 17:03:13 - [MESSAGE][PASSED] - beautytap.ShopAction.waitForSchedule is PASSED

2018-10-16 17:03:13 - [TEST_STEP][PASSED] - beautytap.ShopAction.globalSearch: beautytap.ShopAction.globalSearch is PASSED

2018-10-16 17:03:14 - [MESSAGE][PASSED] - Object: 'Object Repository/Page_General/icon_search' is clicked on

2018-10-16 17:03:19 - [MESSAGE][PASSED] - Delayed 5 second(s)

2018-10-16 17:03:19 - [MESSAGE][PASSED] - Text of object 'Object Repository/Page_General/txt_search' is cleared

2018-10-16 17:03:19 - [MESSAGE][PASSED] - Keys 'CONTROL + v' sent to object: 'Object Repository/Page_General/txt_search'

2018-10-16 17:03:24 - [MESSAGE][PASSED] - Delayed 5 second(s)

2018-10-16 17:03:24 - [MESSAGE][PASSED] - beautytap.ShopAction.globalSearch is PASSED

2018-10-16 17:03:24 - [TEST_STEP][PASSED] - beautytap.ShopAction.VerifyProductOnSearchResult: beautytap.ShopAction.VerifyProductOnSearchResult is PASSED

2018-10-16 17:03:24 - [MESSAGE][PASSED] - beautytap.ShopAction.VerifyProductOnSearchResult is PASSED

2018-10-16 17:03:24 - [TEST_STEP][PASSED] - beautytap.ShopAction.selectSearchResult: beautytap.ShopAction.selectSearchResult is PASSED

2018-10-16 17:03:24 - [MESSAGE][PASSED] - Text of object '' is: 'PURITO Defence Barrier pH Cleanser 150ml'

2018-10-16 17:03:24 - [MESSAGE][PASSED] - Object '' is present

2018-10-16 17:03:38 - [MESSAGE][PASSED] - Object: '' is clicked on

2018-10-16 17:03:38 - [MESSAGE][PASSED] - Wait for page load successfully

2018-10-16 17:03:38 - [MESSAGE][PASSED] - beautytap.ShopAction.selectSearchResult is PASSED

2018-10-16 17:03:38 - [TEST_STEP][PASSED] - beautytap.ShopAction.VerifyProductDetails: Keyword VerifyProductDetails is Passed

2018-10-16 17:03:38 - [MESSAGE][PASSED] - Text of object '' is: 'PURITO Defence Barrier pH Cleanser 150ml'

2018-10-16 17:03:38 - [MESSAGE][PASSED] - Text of object '' is: '$12.80'

2018-10-16 17:03:38 - [MESSAGE][PASSED] - Get CSS 'color' value on '' successfully: 'rgba(195, 195, 195, 1)'.

2018-10-16 17:03:38 - [MESSAGE][PASSED] - Text of object '' is: '$10.80'

2018-10-16 17:03:38 - [MESSAGE][PASSED] - Get CSS 'color' value on '' successfully: 'rgba(255, 35, 134, 1)'.

2018-10-16 17:03:38 - [MESSAGE][PASSED] - Keyword VerifyProductDetails is Passed

2018-10-16 17:03:38 - [TEST_STEP][PASSED] - beautytap.ShopAction.selectCategory: beautytap.ShopAction.selectCategory is PASSED

2018-10-16 17:03:48 - [MESSAGE][PASSED] - Object: '' is clicked on

2018-10-16 17:03:48 - [MESSAGE][PASSED] - Wait for page load successfully

2018-10-16 17:03:48 - [MESSAGE][PASSED] - beautytap.ShopAction.selectCategory is PASSED

2018-10-16 17:03:48 - [TEST_STEP][PASSED] - beautytap.ShopAction.findProductOnProductList: beautytap.ShopAction.findProductOnProductList is PASSED

2018-10-16 17:03:48 - [MESSAGE][PASSED] - Text of object '' is: '77'

2018-10-16 17:03:53 - [MESSAGE][WARNING] - com.kms.katalon.core.webui.exception.WebElementNotFoundException: Web element with id: '' located by 'By.xpath: //a[text()='PURITO Defence Barrier pH Cleanser 150ml']' not found
[[ATTACHMENT|E:\\BeautytapAutomation\\beautytapAuto\\Beautytap\\Reports\\Regression\\20181016_165806\\1539684233452.png]]

2018-10-16 17:04:06 - [MESSAGE][PASSED] - Object: '' is clicked on

2018-10-16 17:04:06 - [MESSAGE][PASSED] - Wait for page load successfully

2018-10-16 17:04:06 - [MESSAGE][PASSED] - Object '' is present

2018-10-16 17:04:06 - [MESSAGE][PASSED] - beautytap.ShopAction.findProductOnProductList is PASSED

2018-10-16 17:04:06 - [TEST_STEP][PASSED] - beautytap.ShopAction.VerifyProductOnProductList: Keyword VerifyProductOnProductList is Passed

2018-10-16 17:04:07 - [MESSAGE][PASSED] - Object '' is present

2018-10-16 17:04:07 - [MESSAGE][PASSED] - Text of object '' is: '$12.80'

2018-10-16 17:04:08 - [MESSAGE][PASSED] - Get CSS 'color' value on '' successfully: 'rgba(195, 195, 195, 1)'.

2018-10-16 17:04:08 - [MESSAGE][PASSED] - Get CSS 'color' value on '' successfully: 'rgba(195, 195, 195, 1)'.

2018-10-16 17:04:08 - [MESSAGE][PASSED] - Text of object '' is: '$10.80'

2018-10-16 17:04:08 - [MESSAGE][PASSED] - Get CSS 'color' value on '' successfully: 'rgba(255, 35, 134, 1)'.

2018-10-16 17:04:08 - [MESSAGE][PASSED] - Get CSS 'color' value on '' successfully: 'rgba(255, 35, 134, 1)'.

2018-10-16 17:04:08 - [MESSAGE][PASSED] - Keyword VerifyProductOnProductList is Passed

2018-10-16 17:04:08 - [TEST_STEP][PASSED] - verifyElementNotPresent: Web element with id: 'Object Repository/Page_Shop/txt_quantity' located by 'By.xpath: //input[@name='quantity']' is not present after '5' second(s)

2018-10-16 17:04:08 - [MESSAGE][PASSED] - Web element with id: 'Object Repository/Page_Shop/txt_quantity' located by 'By.xpath: //input[@name='quantity']' is not present after '5' second(s)

2018-10-16 17:04:08 - [TEST_STEP][PASSED] - beautytap.ShopAction.selectProductOnProductList: beautytap.ShopAction.selectProductOnProductList is PASSED

2018-10-16 17:04:17 - [MESSAGE][PASSED] - Object: '' is clicked on

2018-10-16 17:04:17 - [MESSAGE][PASSED] - Wait for page load successfully

2018-10-16 17:04:17 - [MESSAGE][PASSED] - beautytap.ShopAction.selectProductOnProductList is PASSED

2018-10-16 17:04:17 - [TEST_STEP][PASSED] - beautytap.ShopAction.addProductToCart: beautytap.ShopAction.addProductToCart is PASSED

2018-10-16 17:04:17 - [MESSAGE][PASSED] - Object: 'Object Repository/Page_Shop/btn_addToCart' is clicked on

2018-10-16 17:04:18 - [MESSAGE][PASSED] - Wait for page load successfully

2018-10-16 17:04:26 - [MESSAGE][PASSED] - Object 'Object Repository/Page_Shop/lbl_message' is present

2018-10-16 17:04:31 - [MESSAGE][PASSED] - Delayed 5 second(s)

2018-10-16 17:04:31 - [MESSAGE][PASSED] - beautytap.ShopAction.addProductToCart is PASSED

2018-10-16 17:04:31 - [TEST_STEP][PASSED] - beautytap.ShopAction.goToCart: beautytap.ShopAction.goToCart is PASSED

2018-10-16 17:04:31 - [MESSAGE][PASSED] - Object 'Object Repository/Page_General/icon_cart' is present

2018-10-16 17:04:37 - [MESSAGE][PASSED] - Object: 'Object Repository/Page_General/icon_cart' is clicked on

2018-10-16 17:04:37 - [MESSAGE][PASSED] - Wait for page load successfully

2018-10-16 17:04:37 - [MESSAGE][PASSED] - beautytap.ShopAction.goToCart is PASSED

2018-10-16 17:04:37 - [TEST_STEP][PASSED] - beautytap.ShopAction.VerifyProductInCart: Keyword VerifyProductInCart is Passed

2018-10-16 17:04:43 - [MESSAGE][WARNING] - com.kms.katalon.core.webui.exception.WebElementNotFoundException: Web element with id: '' located by 'By.xpath: //a[text()='PURITO Defence Barrier pH Cleanser 150ml']/ancestor::tr/td[5]/div/input' not found
[[ATTACHMENT|E:\\BeautytapAutomation\\beautytapAuto\\Beautytap\\Reports\\Regression\\20181016_165806\\1539684282836.png]]

2018-10-16 17:04:43 - [MESSAGE][PASSED] - Object '' is present

2018-10-16 17:04:43 - [MESSAGE][PASSED] - Text of object '' is: '$10.80'

2018-10-16 17:04:43 - [MESSAGE][PASSED] - Text of object '' is: '1'

2018-10-16 17:04:43 - [MESSAGE][PASSED] - Text of object '' is: '$10.80'

2018-10-16 17:04:43 - [MESSAGE][PASSED] - Keyword VerifyProductInCart is Passed

2018-10-16 17:04:43 - [TEST_STEP][PASSED] - beautytap.ShopAction.processToCheckout: beautytap.ShopAction.processToCheckout is PASSED

2018-10-16 17:04:52 - [MESSAGE][PASSED] - Object: 'Object Repository/Page_Cart/btn_checkout' is clicked on

2018-10-16 17:04:52 - [MESSAGE][PASSED] - Wait for page load successfully

2018-10-16 17:04:52 - [MESSAGE][PASSED] - beautytap.ShopAction.processToCheckout is PASSED

2018-10-16 17:04:52 - [TEST_STEP][PASSED] - beautytap.ShopAction.loginAmazonPay: beautytap.ShopAction.loginAmazonPay is PASSED

2018-10-16 17:04:53 - [MESSAGE][PASSED] - Object: 'Object Repository/Page_Checkout/btn_amazonPay' is clicked on

2018-10-16 17:04:53 - [MESSAGE][PASSED] - Switched to window with index: '1'

2018-10-16 17:04:54 - [MESSAGE][PASSED] - Object 'Object Repository/Popup_Amazon/txt_email' is present

2018-10-16 17:04:54 - [MESSAGE][PASSED] - Text of object 'Object Repository/Popup_Amazon/txt_email' is cleared

2018-10-16 17:04:54 - [MESSAGE][PASSED] - Keys 'amazontest1503@yopmail.com' sent to object: 'Object Repository/Popup_Amazon/txt_email'

2018-10-16 17:04:54 - [MESSAGE][PASSED] - Text of object 'Object Repository/Popup_Amazon/txt_password' is cleared

2018-10-16 17:04:55 - [MESSAGE][PASSED] - Keys '123456' sent to object: 'Object Repository/Popup_Amazon/txt_password'

2018-10-16 17:04:57 - [MESSAGE][PASSED] - Object: 'Object Repository/Popup_Amazon/btn_signin' is clicked on

2018-10-16 17:04:57 - [MESSAGE][PASSED] - Switched to window with index: '0'

2018-10-16 17:05:27 - [MESSAGE][PASSED] - Delayed 30 second(s)

2018-10-16 17:05:27 - [MESSAGE][PASSED] - beautytap.ShopAction.loginAmazonPay is PASSED

2018-10-16 17:05:27 - [TEST_STEP][PASSED] - Statement - productArraySale = "[{"productname":"" + productName + "","variation":"","quantity":"1","price":"" + salePrice + ""}]": null

2018-10-16 17:05:27 - [TEST_STEP][PASSED] - Statement - productSale = new org.json.JSONArray(productArraySale): null

2018-10-16 17:05:27 - [TEST_STEP][PASSED] - beautytap.ShopAction.VerifyOrderDetailsOnCheckout: Keyword VerifyOrderDetailsOnCheckout is Passed

2018-10-16 17:05:28 - [MESSAGE][PASSED] - Object '' is present

2018-10-16 17:05:28 - [MESSAGE][PASSED] - Text of object '' is: '$10.80'

2018-10-16 17:05:28 - [MESSAGE][PASSED] - Text of object '' is: 'Spend $59.20 more & get FREE SHIPPING!
($25) - DHL flat rate shipping: $25.00
Why does shipping take this long?'

2018-10-16 17:05:28 - [MESSAGE][PASSED] - Text of object '' is: '$25.00'

2018-10-16 17:05:28 - [MESSAGE][PASSED] - Text of object '' is: '$35.80'

2018-10-16 17:05:28 - [MESSAGE][PASSED] - Keyword VerifyOrderDetailsOnCheckout is Passed

2018-10-16 17:05:28 - [TEST_STEP][PASSED] - beautytap.ShopAction.checkoutViaAmazonPay: beautytap.ShopAction.checkoutViaAmazonPay is PASSED

2018-10-16 17:05:28 - [MESSAGE][PASSED] - Object 'Object Repository/Page_Checkout/chk_terms' is clickable

2018-10-16 17:05:28 - [MESSAGE][PASSED] - Object 'Object Repository/Page_Checkout/chk_terms' is checked

2018-10-16 17:05:29 - [MESSAGE][PASSED] - Object: 'Object Repository/Page_Checkout/btn_placeOrder' is clicked on

2018-10-16 17:05:44 - [MESSAGE][PASSED] - Object 'Object Repository/Page_Checkout/lbl_orderReceived' is present

2018-10-16 17:05:44 - [MESSAGE][PASSED] - beautytap.ShopAction.checkoutViaAmazonPay is PASSED

2018-10-16 17:05:44 - [TEST_STEP][PASSED] - beautytap.ShopAction.VerifyOrderReceivedDetails: Keyword VerifyOrderReceivedDetails is Passed

2018-10-16 17:05:44 - [MESSAGE][PASSED] - Object '' is present

2018-10-16 17:05:44 - [MESSAGE][PASSED] - Text of object '' is: '$10.80'

2018-10-16 17:05:44 - [MESSAGE][PASSED] - Text of object '' is: '$25.00 via ($25) - DHL flat rate shipping'

2018-10-16 17:05:44 - [MESSAGE][PASSED] - Object '' is present

2018-10-16 17:05:44 - [MESSAGE][PASSED] - Text of object '' is: '$25.00'

2018-10-16 17:05:44 - [MESSAGE][PASSED] - Text of object '' is: 'Amazon Pay'

2018-10-16 17:05:44 - [MESSAGE][PASSED] - Text of object '' is: '$35.80'

2018-10-16 17:05:44 - [MESSAGE][PASSED] - Keyword VerifyOrderReceivedDetails is Passed

2018-10-16 17:05:44 - [TEST_STEP][PASSED] - beautytap.ShopAction.waitForSchedule: beautytap.ShopAction.waitForSchedule is PASSED

2018-10-16 17:06:14 - [MESSAGE][PASSED] - Delayed 30 second(s)

2018-10-16 17:06:44 - [MESSAGE][PASSED] - Delayed 30 second(s)

2018-10-16 17:07:14 - [MESSAGE][PASSED] - Delayed 30 second(s)

2018-10-16 17:07:14 - [MESSAGE][PASSED] - beautytap.ShopAction.waitForSchedule is PASSED

2018-10-16 17:07:14 - [TEST_STEP][PASSED] - beautytap.GeneralAction.openBeautytap: beautytap.GeneralAction.openBeautytap is PASSED

2018-10-16 17:07:14 - [MESSAGE][WARNING] - A browser is already opened. Closing browser and opening a new one

2018-10-16 17:07:37 - [MESSAGE][PASSED] - Browser is opened with url: 'https://stage.beautytap.com'

2018-10-16 17:07:38 - [MESSAGE][PASSED] - Current window maximized

2018-10-16 17:07:46 - [MESSAGE][PASSED] - Refresh successfully

2018-10-16 17:07:46 - [MESSAGE][PASSED] - Wait for page load successfully

2018-10-16 17:07:46 - [MESSAGE][PASSED] - beautytap.GeneralAction.openBeautytap is PASSED

2018-10-16 17:07:46 - [TEST_STEP][PASSED] - beautytap.ShopAction.globalSearch: beautytap.ShopAction.globalSearch is PASSED

2018-10-16 17:07:47 - [MESSAGE][PASSED] - Object: 'Object Repository/Page_General/icon_search' is clicked on

2018-10-16 17:07:52 - [MESSAGE][PASSED] - Delayed 5 second(s)

2018-10-16 17:07:52 - [MESSAGE][PASSED] - Text of object 'Object Repository/Page_General/txt_search' is cleared

2018-10-16 17:07:52 - [MESSAGE][PASSED] - Keys 'CONTROL + v' sent to object: 'Object Repository/Page_General/txt_search'

2018-10-16 17:07:57 - [MESSAGE][PASSED] - Delayed 5 second(s)

2018-10-16 17:07:57 - [MESSAGE][PASSED] - beautytap.ShopAction.globalSearch is PASSED

2018-10-16 17:07:57 - [TEST_STEP][PASSED] - beautytap.ShopAction.VerifyProductOnSearchResult: beautytap.ShopAction.VerifyProductOnSearchResult is PASSED

2018-10-16 17:07:57 - [MESSAGE][PASSED] - beautytap.ShopAction.VerifyProductOnSearchResult is PASSED

2018-10-16 17:07:57 - [TEST_STEP][PASSED] - beautytap.ShopAction.selectSearchResult: beautytap.ShopAction.selectSearchResult is PASSED

2018-10-16 17:07:57 - [MESSAGE][PASSED] - Text of object '' is: 'PURITO Defence Barrier pH Cleanser 150ml'

2018-10-16 17:07:57 - [MESSAGE][PASSED] - Object '' is present

2018-10-16 17:08:11 - [MESSAGE][PASSED] - Object: '' is clicked on

2018-10-16 17:08:11 - [MESSAGE][PASSED] - Wait for page load successfully

2018-10-16 17:08:11 - [MESSAGE][PASSED] - beautytap.ShopAction.selectSearchResult is PASSED

2018-10-16 17:08:11 - [TEST_STEP][PASSED] - beautytap.ShopAction.VerifyProductDetails: Keyword VerifyProductDetails is Passed

2018-10-16 17:08:11 - [MESSAGE][PASSED] - Text of object '' is: 'PURITO Defence Barrier pH Cleanser 150ml'

2018-10-16 17:08:11 - [MESSAGE][PASSED] - Text of object '' is: '$12.80'

2018-10-16 17:08:11 - [MESSAGE][PASSED] - Get CSS 'color' value on '' successfully: 'rgba(255, 35, 134, 1)'.

2018-10-16 17:08:11 - [MESSAGE][PASSED] - Keyword VerifyProductDetails is Passed

2018-10-16 17:08:11 - [TEST_STEP][PASSED] - beautytap.ShopAction.selectCategory: beautytap.ShopAction.selectCategory is PASSED

2018-10-16 17:08:20 - [MESSAGE][PASSED] - Object: '' is clicked on

2018-10-16 17:08:20 - [MESSAGE][PASSED] - Wait for page load successfully

2018-10-16 17:08:20 - [MESSAGE][PASSED] - beautytap.ShopAction.selectCategory is PASSED

2018-10-16 17:08:20 - [TEST_STEP][PASSED] - beautytap.ShopAction.findProductOnProductList: beautytap.ShopAction.findProductOnProductList is PASSED

2018-10-16 17:08:20 - [MESSAGE][PASSED] - Text of object '' is: '77'

2018-10-16 17:08:26 - [MESSAGE][WARNING] - com.kms.katalon.core.webui.exception.WebElementNotFoundException: Web element with id: '' located by 'By.xpath: //a[text()='PURITO Defence Barrier pH Cleanser 150ml']' not found
[[ATTACHMENT|E:\\BeautytapAutomation\\beautytapAuto\\Beautytap\\Reports\\Regression\\20181016_165806\\1539684506151.png]]

2018-10-16 17:08:40 - [MESSAGE][PASSED] - Object: '' is clicked on

2018-10-16 17:08:40 - [MESSAGE][PASSED] - Wait for page load successfully

2018-10-16 17:08:40 - [MESSAGE][PASSED] - Object '' is present

2018-10-16 17:08:40 - [MESSAGE][PASSED] - beautytap.ShopAction.findProductOnProductList is PASSED

2018-10-16 17:08:40 - [TEST_STEP][PASSED] - beautytap.ShopAction.VerifyProductOnProductList: Keyword VerifyProductOnProductList is Passed

2018-10-16 17:08:40 - [MESSAGE][PASSED] - Object '' is present

2018-10-16 17:08:40 - [MESSAGE][PASSED] - Text of object '' is: '$12.80'

2018-10-16 17:08:40 - [MESSAGE][PASSED] - Get CSS 'color' value on '' successfully: 'rgba(255, 35, 134, 1)'.

2018-10-16 17:08:40 - [MESSAGE][PASSED] - Get CSS 'color' value on '' successfully: 'rgba(255, 35, 134, 1)'.

2018-10-16 17:08:40 - [MESSAGE][PASSED] - Keyword VerifyProductOnProductList is Passed

2018-10-16 17:08:40 - [TEST_STEP][PASSED] - beautytap.ShopAction.selectProductOnProductList: beautytap.ShopAction.selectProductOnProductList is PASSED

2018-10-16 17:08:48 - [MESSAGE][PASSED] - Object: '' is clicked on

2018-10-16 17:08:48 - [MESSAGE][PASSED] - Wait for page load successfully

2018-10-16 17:08:48 - [MESSAGE][PASSED] - beautytap.ShopAction.selectProductOnProductList is PASSED

2018-10-16 17:08:48 - [TEST_STEP][PASSED] - beautytap.ShopAction.addProductToCart: beautytap.ShopAction.addProductToCart is PASSED

2018-10-16 17:08:48 - [MESSAGE][PASSED] - Text of object 'Object Repository/Page_Shop/txt_quantity' is cleared

2018-10-16 17:08:49 - [MESSAGE][PASSED] - Keys '6' sent to object: 'Object Repository/Page_Shop/txt_quantity'

2018-10-16 17:08:49 - [MESSAGE][PASSED] - Object: 'Object Repository/Page_Shop/btn_addToCart' is clicked on

2018-10-16 17:08:49 - [MESSAGE][PASSED] - Wait for page load successfully

2018-10-16 17:08:57 - [MESSAGE][PASSED] - Object 'Object Repository/Page_Shop/lbl_message' is present

2018-10-16 17:09:02 - [MESSAGE][PASSED] - Delayed 5 second(s)

2018-10-16 17:09:02 - [MESSAGE][PASSED] - beautytap.ShopAction.addProductToCart is PASSED

2018-10-16 17:09:02 - [TEST_STEP][PASSED] - beautytap.ShopAction.goToCart: beautytap.ShopAction.goToCart is PASSED

2018-10-16 17:09:02 - [MESSAGE][PASSED] - Object 'Object Repository/Page_General/icon_cart' is present

2018-10-16 17:09:09 - [MESSAGE][PASSED] - Object: 'Object Repository/Page_General/icon_cart' is clicked on

2018-10-16 17:09:09 - [MESSAGE][PASSED] - Wait for page load successfully

2018-10-16 17:09:09 - [MESSAGE][PASSED] - beautytap.ShopAction.goToCart is PASSED

2018-10-16 17:09:09 - [TEST_STEP][PASSED] - beautytap.ShopAction.VerifyProductInCart: Keyword VerifyProductInCart is Passed

2018-10-16 17:09:09 - [MESSAGE][PASSED] - Object '' is present

2018-10-16 17:09:09 - [MESSAGE][PASSED] - Object '' is present

2018-10-16 17:09:09 - [MESSAGE][PASSED] - Text of object '' is: '$12.80'

2018-10-16 17:09:09 - [MESSAGE][PASSED] - Attribute 'value' of object '' is: '6'

2018-10-16 17:09:09 - [MESSAGE][PASSED] - Text of object '' is: '$76.80'

2018-10-16 17:09:09 - [MESSAGE][PASSED] - Keyword VerifyProductInCart is Passed

2018-10-16 17:09:09 - [TEST_STEP][PASSED] - beautytap.ShopAction.loginAmazonPay: beautytap.ShopAction.loginAmazonPay is PASSED

2018-10-16 17:09:10 - [MESSAGE][PASSED] - Object: 'Object Repository/Page_Cart/btn_payWithAmazon' is clicked on

2018-10-16 17:09:10 - [MESSAGE][PASSED] - Switched to window with index: '1'

2018-10-16 17:09:12 - [MESSAGE][PASSED] - Object 'Object Repository/Popup_Amazon/txt_email' is present

2018-10-16 17:09:12 - [MESSAGE][PASSED] - Text of object 'Object Repository/Popup_Amazon/txt_email' is cleared

2018-10-16 17:09:13 - [MESSAGE][PASSED] - Keys 'amazontest1503@yopmail.com' sent to object: 'Object Repository/Popup_Amazon/txt_email'

2018-10-16 17:09:13 - [MESSAGE][PASSED] - Text of object 'Object Repository/Popup_Amazon/txt_password' is cleared

2018-10-16 17:09:13 - [MESSAGE][PASSED] - Keys '123456' sent to object: 'Object Repository/Popup_Amazon/txt_password'

2018-10-16 17:09:16 - [MESSAGE][PASSED] - Object: 'Object Repository/Popup_Amazon/btn_signin' is clicked on

2018-10-16 17:09:16 - [MESSAGE][PASSED] - Switched to window with index: '0'

2018-10-16 17:09:46 - [MESSAGE][PASSED] - Delayed 30 second(s)

2018-10-16 17:09:46 - [MESSAGE][PASSED] - beautytap.ShopAction.loginAmazonPay is PASSED

2018-10-16 17:09:46 - [TEST_STEP][PASSED] - Statement - productArrayAfter = "[{"productname":"" + productName + "","variation":"","quantity":"" + quantity + "","price":"" + regularPrice + ""}]": null

2018-10-16 17:09:46 - [TEST_STEP][PASSED] - Statement - productsAfter = new org.json.JSONArray(productArrayAfter): null

2018-10-16 17:09:46 - [TEST_STEP][PASSED] - beautytap.ShopAction.VerifyOrderDetailsOnCheckout: Keyword VerifyOrderDetailsOnCheckout is Passed

2018-10-16 17:09:47 - [MESSAGE][PASSED] - Object '' is present

2018-10-16 17:09:47 - [MESSAGE][PASSED] - Text of object '' is: '$76.80'

2018-10-16 17:09:47 - [MESSAGE][PASSED] - Text of object '' is: 'Free shipping for orders over $70
Why does shipping take this long?'

2018-10-16 17:09:48 - [MESSAGE][PASSED] - Text of object '' is: '$76.80'

2018-10-16 17:09:48 - [MESSAGE][PASSED] - Keyword VerifyOrderDetailsOnCheckout is Passed

2018-10-16 17:09:48 - [TEST_STEP][PASSED] - beautytap.ShopAction.checkoutViaAmazonPay: beautytap.ShopAction.checkoutViaAmazonPay is PASSED

2018-10-16 17:09:48 - [MESSAGE][PASSED] - Object 'Object Repository/Page_Checkout/chk_terms' is clickable

2018-10-16 17:09:49 - [MESSAGE][PASSED] - Object 'Object Repository/Page_Checkout/chk_terms' is checked

2018-10-16 17:09:50 - [MESSAGE][PASSED] - Object: 'Object Repository/Page_Checkout/btn_placeOrder' is clicked on

2018-10-16 17:10:53 - [MESSAGE][WARNING] - Object 'Object Repository/Page_Checkout/lbl_orderReceived' is not present after 60 second(s)

2018-10-16 17:10:53 - [MESSAGE][PASSED] - beautytap.ShopAction.checkoutViaAmazonPay is PASSED

2018-10-16 17:10:53 - [TEST_STEP][FAILED] - beautytap.ShopAction.VerifyOrderReceivedDetails: Unable to get text of object '' (Root cause: com.kms.katalon.core.webui.exception.WebElementNotFoundException: Web element with id: '' located by 'By.xpath: //th[text()='Subtotal:']/parent::tr/td/span' not found)

2018-10-16 17:11:24 - [MESSAGE][WARNING] - com.kms.katalon.core.webui.exception.WebElementNotFoundException: Web element with id: '' located by 'By.xpath: //td[@class='woocommerce-table__product-name product-name']/a[contains(text(),'PURITO Defence Barrier pH Cleanser 150ml')]/following-sibling::strong[text()='× 6']/parent::td/parent::tr/td[@class='woocommerce-table__product-total product-total']/span[starts-with(text(),'76.8')]' not found
[[ATTACHMENT|E:\\BeautytapAutomation\\beautytapAuto\\Beautytap\\Reports\\Regression\\20181016_165806\\1539684684471.png]]

2018-10-16 17:11:56 - [MESSAGE][FAILED] - Unable to get text of object '' (Root cause: com.kms.katalon.core.webui.exception.WebElementNotFoundException: Web element with id: '' located by 'By.xpath: //th[text()='Subtotal:']/parent::tr/td/span' not found)
[[ATTACHMENT|E:\\BeautytapAutomation\\beautytapAuto\\Beautytap\\Reports\\Regression\\20181016_165806\\1539684715757.png]]

2018-10-16 17:11:56 - [MESSAGE][FAILED] - Unable to get text of object '' (Root cause: com.kms.katalon.core.webui.exception.WebElementNotFoundException: Web element with id: '' located by 'By.xpath: //th[text()='Subtotal:']/parent::tr/td/span' not found)]]></system-out>
         <system-err><![CDATA[2018-10-16 16:58:10 - [TEST_CASE][FAILED] - Test Cases/Shop/TC09_ScheduleSale_LimitStock_SimpleProduct: Test Cases/Shop/TC09_ScheduleSale_LimitStock_SimpleProduct FAILED because (of) Unable to get text of object '' (Root cause: com.kms.katalon.core.webui.exception.WebElementNotFoundException: Web element with id: '' located by 'By.xpath: //th[text()='Subtotal:']/parent::tr/td/span' not found)]]></system-err>
      </testcase>
      <testcase name="Test Cases/SignUp_Login_ResetPass/TC01_SignUp_Login_ResetPassword_Via_Email" classname="Test Cases/SignUp_Login_ResetPass/TC01_SignUp_Login_ResetPassword_Via_Email" status="PASSED">
         <system-out><![CDATA[2018-10-16 17:11:59 - [TEST_CASE][PASSED] - Test Cases/SignUp_Login_ResetPass/TC01_SignUp_Login_ResetPassword_Via_Email: Test Cases/SignUp_Login_ResetPass/TC01_SignUp_Login_ResetPassword_Via_Email

2018-10-16 17:11:59 - [TEST_STEP][PASSED] - Statement - r_string = new java.lang.Math().random().toString().substring(2, 8): null

2018-10-16 17:11:59 - [TEST_STEP][PASSED] - Statement - username = "auto" + r_string: null

2018-10-16 17:11:59 - [TEST_STEP][PASSED] - Statement - email = username + "@mailinator.com": null

2018-10-16 17:11:59 - [TEST_STEP][PASSED] - Statement - password = "123456": null

2018-10-16 17:11:59 - [TEST_STEP][PASSED] - Statement - newpassword = "test123": null

2018-10-16 17:11:59 - [TEST_STEP][PASSED] - Statement - name = "Auto User " + r_string: null

2018-10-16 17:11:59 - [TEST_STEP][PASSED] - Statement - birthday = "01/01/1990": null

2018-10-16 17:11:59 - [TEST_STEP][PASSED] - Statement - activation_subject = SITE_TITLE + " Activate your account": null

2018-10-16 17:11:59 - [TEST_STEP][PASSED] - Statement - resetpass_subject = SITE_TITLE + " Password Reset": null

2018-10-16 17:11:59 - [TEST_STEP][PASSED] - beautytap.GeneralAction.openBeautytap: beautytap.GeneralAction.openBeautytap is PASSED

2018-10-16 17:11:59 - [MESSAGE][WARNING] - A browser is already opened. Closing browser and opening a new one

2018-10-16 17:12:35 - [MESSAGE][PASSED] - Browser is opened with url: 'https://stage.beautytap.com'

2018-10-16 17:12:36 - [MESSAGE][PASSED] - Current window maximized

2018-10-16 17:12:44 - [MESSAGE][PASSED] - Refresh successfully

2018-10-16 17:12:44 - [MESSAGE][PASSED] - Wait for page load successfully

2018-10-16 17:12:44 - [MESSAGE][PASSED] - beautytap.GeneralAction.openBeautytap is PASSED

2018-10-16 17:12:44 - [TEST_STEP][PASSED] - beautytap.GeneralAction.clickNavigationMenu: beautytap.GeneralAction.clickNavigationMenu is PASSED

2018-10-16 17:12:49 - [MESSAGE][PASSED] - Object: 'Object Repository/Page_General/link_signup' is clicked on

2018-10-16 17:12:49 - [MESSAGE][PASSED] - Wait for page load successfully

2018-10-16 17:12:49 - [MESSAGE][PASSED] - beautytap.GeneralAction.clickNavigationMenu is PASSED

2018-10-16 17:12:49 - [TEST_STEP][PASSED] - beautytap.GeneralAction.signup: beautytap.GeneralAction.signup is PASSED

2018-10-16 17:12:49 - [MESSAGE][PASSED] - Keys 'auto010710' sent to object: 'Object Repository/Page_Signup/txt_username'

2018-10-16 17:12:49 - [MESSAGE][PASSED] - Keys 'auto010710@mailinator.com' sent to object: 'Object Repository/Page_Signup/txt_email'

2018-10-16 17:12:50 - [MESSAGE][PASSED] - Keys '123456' sent to object: 'Object Repository/Page_Signup/txt_password'

2018-10-16 17:12:50 - [MESSAGE][PASSED] - Keys 'Auto User 010710' sent to object: 'Object Repository/Page_Signup/txt_name'

2018-10-16 17:12:50 - [MESSAGE][PASSED] - Keys '01/01/1990' sent to object: 'Object Repository/Page_Signup/txt_birthday'

2018-10-16 17:12:51 - [MESSAGE][PASSED] - Object: 'Object Repository/Page_Signup/btn_signup' is clicked on

2018-10-16 17:12:51 - [MESSAGE][PASSED] - Wait for page load successfully

2018-10-16 17:12:51 - [MESSAGE][PASSED] - beautytap.GeneralAction.signup is PASSED

2018-10-16 17:12:51 - [TEST_STEP][PASSED] - verifyElementPresent: Object 'Object Repository/Page_Signup/lbl_sucessMessage' is present

2018-10-16 17:13:01 - [MESSAGE][PASSED] - Object 'Object Repository/Page_Signup/lbl_sucessMessage' is present

2018-10-16 17:13:01 - [TEST_STEP][PASSED] - beautytap.GeneralAction.openMailBox: beautytap.GeneralAction.openMailBox is PASSED

2018-10-16 17:13:05 - [MESSAGE][PASSED] - Navigate to 'https://www.mailinator.com' successfully

2018-10-16 17:13:05 - [MESSAGE][PASSED] - Wait for page load successfully

2018-10-16 17:13:05 - [MESSAGE][PASSED] - Keys 'auto010710' sent to object: 'Object Repository/Page_mailinator/txt_email'

2018-10-16 17:13:19 - [MESSAGE][PASSED] - Object: 'Object Repository/Page_mailinator/btn_go' is clicked on

2018-10-16 17:13:19 - [MESSAGE][PASSED] - Wait for page load successfully

2018-10-16 17:13:24 - [MESSAGE][PASSED] - Delayed 5 second(s)

2018-10-16 17:13:24 - [MESSAGE][PASSED] - beautytap.GeneralAction.openMailBox is PASSED

2018-10-16 17:13:24 - [TEST_STEP][PASSED] - beautytap.GeneralAction.verifyEmailExist: beautytap.GeneralAction.verifyEmailExist is PASSED

2018-10-16 17:13:24 - [MESSAGE][PASSED] - Object '' is present

2018-10-16 17:13:24 - [MESSAGE][PASSED] - beautytap.GeneralAction.verifyEmailExist is PASSED

2018-10-16 17:13:24 - [TEST_STEP][PASSED] - beautytap.GeneralAction.openEmail: beautytap.GeneralAction.openEmail is PASSED

2018-10-16 17:13:24 - [MESSAGE][PASSED] - Object: '' is clicked on

2018-10-16 17:13:24 - [MESSAGE][PASSED] - beautytap.GeneralAction.openEmail is PASSED

2018-10-16 17:13:24 - [TEST_STEP][PASSED] - beautytap.GeneralAction.clickEmailLink: beautytap.GeneralAction.clickEmailLink is PASSED

2018-10-16 17:13:25 - [MESSAGE][PASSED] - Text of object '' is: 'https://stage.beautytap.com/activate/B9pujqpon3QRgCKvOT9r44SKV3qc59M6/'

2018-10-16 17:13:53 - [MESSAGE][PASSED] - Navigate to 'https://stage.beautytap.com/activate/B9pujqpon3QRgCKvOT9r44SKV3qc59M6/' successfully

2018-10-16 17:13:53 - [MESSAGE][PASSED] - beautytap.GeneralAction.clickEmailLink is PASSED

2018-10-16 17:13:53 - [TEST_STEP][PASSED] - waitForPageLoad: Wait for page load successfully

2018-10-16 17:13:53 - [MESSAGE][PASSED] - Wait for page load successfully

2018-10-16 17:13:53 - [TEST_STEP][PASSED] - verifyElementPresent: Object 'Object Repository/Page_General/lbl_activeSuccessMessage' is present

2018-10-16 17:13:53 - [MESSAGE][PASSED] - Object 'Object Repository/Page_General/lbl_activeSuccessMessage' is present

2018-10-16 17:13:53 - [TEST_STEP][PASSED] - beautytap.GeneralAction.clickNavigationMenu: beautytap.GeneralAction.clickNavigationMenu is PASSED

2018-10-16 17:13:57 - [MESSAGE][PASSED] - Object: 'Object Repository/Page_General/link_login' is clicked on

2018-10-16 17:13:57 - [MESSAGE][PASSED] - Wait for page load successfully

2018-10-16 17:13:57 - [MESSAGE][PASSED] - beautytap.GeneralAction.clickNavigationMenu is PASSED

2018-10-16 17:13:57 - [TEST_STEP][PASSED] - beautytap.GeneralAction.login: beautytap.GeneralAction.login is PASSED

2018-10-16 17:13:57 - [MESSAGE][PASSED] - Text of object 'Object Repository/Page_login/txt_username' is cleared

2018-10-16 17:13:58 - [MESSAGE][PASSED] - Keys 'auto010710' sent to object: 'Object Repository/Page_login/txt_username'

2018-10-16 17:13:58 - [MESSAGE][PASSED] - Text of object 'Object Repository/Page_login/txt_password' is cleared

2018-10-16 17:13:58 - [MESSAGE][PASSED] - Keys '123456' sent to object: 'Object Repository/Page_login/txt_password'

2018-10-16 17:13:58 - [MESSAGE][PASSED] - Object: 'Object Repository/Page_login/btn_login' is clicked on

2018-10-16 17:13:58 - [MESSAGE][PASSED] - Wait for page load successfully

2018-10-16 17:13:58 - [MESSAGE][PASSED] - beautytap.GeneralAction.login is PASSED

2018-10-16 17:13:58 - [TEST_STEP][PASSED] - verifyElementPresent: Object 'Object Repository/Page_General/link_avatar' is present

2018-10-16 17:14:20 - [MESSAGE][PASSED] - Object 'Object Repository/Page_General/link_avatar' is present

2018-10-16 17:14:20 - [TEST_STEP][PASSED] - beautytap.GeneralAction.logout: beautytap.GeneralAction.logout is PASSED

2018-10-16 17:14:20 - [MESSAGE][PASSED] - Object: 'Object Repository/Page_General/link_avatar' is clicked on

2018-10-16 17:14:20 - [MESSAGE][PASSED] - Object 'Object Repository/Page_General/menu_logout' is present

2018-10-16 17:14:20 - [MESSAGE][PASSED] - Object: 'Object Repository/Page_General/menu_logout' is clicked on

2018-10-16 17:14:20 - [MESSAGE][PASSED] - Wait for page load successfully

2018-10-16 17:14:20 - [MESSAGE][PASSED] - beautytap.GeneralAction.logout is PASSED

2018-10-16 17:14:20 - [TEST_STEP][PASSED] - beautytap.GeneralAction.clickNavigationMenu: beautytap.GeneralAction.clickNavigationMenu is PASSED

2018-10-16 17:14:34 - [MESSAGE][PASSED] - Object: 'Object Repository/Page_General/link_login' is clicked on

2018-10-16 17:14:34 - [MESSAGE][PASSED] - Wait for page load successfully

2018-10-16 17:14:34 - [MESSAGE][PASSED] - beautytap.GeneralAction.clickNavigationMenu is PASSED

2018-10-16 17:14:34 - [TEST_STEP][PASSED] - beautytap.GeneralAction.login: beautytap.GeneralAction.login is PASSED

2018-10-16 17:14:34 - [MESSAGE][PASSED] - Text of object 'Object Repository/Page_login/txt_username' is cleared

2018-10-16 17:14:34 - [MESSAGE][PASSED] - Keys 'auto010710@mailinator.com' sent to object: 'Object Repository/Page_login/txt_username'

2018-10-16 17:14:34 - [MESSAGE][PASSED] - Text of object 'Object Repository/Page_login/txt_password' is cleared

2018-10-16 17:14:35 - [MESSAGE][PASSED] - Keys '123456' sent to object: 'Object Repository/Page_login/txt_password'

2018-10-16 17:14:35 - [MESSAGE][PASSED] - Object: 'Object Repository/Page_login/btn_login' is clicked on

2018-10-16 17:14:35 - [MESSAGE][PASSED] - Wait for page load successfully

2018-10-16 17:14:35 - [MESSAGE][PASSED] - beautytap.GeneralAction.login is PASSED

2018-10-16 17:14:35 - [TEST_STEP][PASSED] - verifyElementPresent: Object 'Object Repository/Page_General/link_avatar' is present

2018-10-16 17:14:57 - [MESSAGE][PASSED] - Object 'Object Repository/Page_General/link_avatar' is present

2018-10-16 17:14:57 - [TEST_STEP][PASSED] - beautytap.GeneralAction.logout: beautytap.GeneralAction.logout is PASSED

2018-10-16 17:14:57 - [MESSAGE][PASSED] - Object: 'Object Repository/Page_General/link_avatar' is clicked on

2018-10-16 17:14:57 - [MESSAGE][PASSED] - Object 'Object Repository/Page_General/menu_logout' is present

2018-10-16 17:14:58 - [MESSAGE][PASSED] - Object: 'Object Repository/Page_General/menu_logout' is clicked on

2018-10-16 17:14:58 - [MESSAGE][PASSED] - Wait for page load successfully

2018-10-16 17:14:58 - [MESSAGE][PASSED] - beautytap.GeneralAction.logout is PASSED

2018-10-16 17:14:58 - [TEST_STEP][PASSED] - beautytap.GeneralAction.clickNavigationMenu: beautytap.GeneralAction.clickNavigationMenu is PASSED

2018-10-16 17:15:16 - [MESSAGE][PASSED] - Object: 'Object Repository/Page_General/link_login' is clicked on

2018-10-16 17:15:16 - [MESSAGE][PASSED] - Wait for page load successfully

2018-10-16 17:15:16 - [MESSAGE][PASSED] - beautytap.GeneralAction.clickNavigationMenu is PASSED

2018-10-16 17:15:16 - [TEST_STEP][PASSED] - click: Object: 'Object Repository/Page_Login/link_forgotPassword' is clicked on

2018-10-16 17:15:20 - [MESSAGE][PASSED] - Object: 'Object Repository/Page_Login/link_forgotPassword' is clicked on

2018-10-16 17:15:20 - [TEST_STEP][PASSED] - sendKeys: Keys 'auto010710' sent to object: 'Object Repository/Page_ForgotPassword/txt_usernameOrEmail'

2018-10-16 17:15:20 - [MESSAGE][PASSED] - Keys 'auto010710' sent to object: 'Object Repository/Page_ForgotPassword/txt_usernameOrEmail'

2018-10-16 17:15:20 - [TEST_STEP][PASSED] - click: Object: 'Object Repository/Page_ForgotPassword/btn_forgotPassword' is clicked on

2018-10-16 17:15:20 - [MESSAGE][PASSED] - Object: 'Object Repository/Page_ForgotPassword/btn_forgotPassword' is clicked on

2018-10-16 17:15:20 - [TEST_STEP][PASSED] - verifyElementPresent: Object 'Object Repository/Page_ForgotPassword/lbl_sucessMessage' is present

2018-10-16 17:15:26 - [MESSAGE][PASSED] - Object 'Object Repository/Page_ForgotPassword/lbl_sucessMessage' is present

2018-10-16 17:15:26 - [TEST_STEP][PASSED] - beautytap.GeneralAction.openMailBox: beautytap.GeneralAction.openMailBox is PASSED

2018-10-16 17:15:28 - [MESSAGE][PASSED] - Navigate to 'https://www.mailinator.com' successfully

2018-10-16 17:15:28 - [MESSAGE][PASSED] - Wait for page load successfully

2018-10-16 17:15:29 - [MESSAGE][PASSED] - Keys 'auto010710' sent to object: 'Object Repository/Page_mailinator/txt_email'

2018-10-16 17:15:35 - [MESSAGE][PASSED] - Object: 'Object Repository/Page_mailinator/btn_go' is clicked on

2018-10-16 17:15:35 - [MESSAGE][PASSED] - Wait for page load successfully

2018-10-16 17:15:40 - [MESSAGE][PASSED] - Delayed 5 second(s)

2018-10-16 17:15:40 - [MESSAGE][PASSED] - beautytap.GeneralAction.openMailBox is PASSED

2018-10-16 17:15:40 - [TEST_STEP][PASSED] - beautytap.GeneralAction.verifyEmailExist: beautytap.GeneralAction.verifyEmailExist is PASSED

2018-10-16 17:15:40 - [MESSAGE][PASSED] - Object '' is present

2018-10-16 17:15:40 - [MESSAGE][PASSED] - beautytap.GeneralAction.verifyEmailExist is PASSED

2018-10-16 17:15:40 - [TEST_STEP][PASSED] - beautytap.GeneralAction.openEmail: beautytap.GeneralAction.openEmail is PASSED

2018-10-16 17:15:40 - [MESSAGE][PASSED] - Object: '' is clicked on

2018-10-16 17:15:40 - [MESSAGE][PASSED] - beautytap.GeneralAction.openEmail is PASSED

2018-10-16 17:15:40 - [TEST_STEP][PASSED] - beautytap.GeneralAction.clickEmailLink: beautytap.GeneralAction.clickEmailLink is PASSED

2018-10-16 17:15:42 - [MESSAGE][PASSED] - Text of object '' is: 'https://stage.beautytap.com/wp-login.php?action=rp&key=DuTIbXFceYQw8199Sq7E&login=auto010710'

2018-10-16 17:15:46 - [MESSAGE][PASSED] - Navigate to 'https://stage.beautytap.com/wp-login.php?action=rp&key=DuTIbXFceYQw8199Sq7E&login=auto010710' successfully

2018-10-16 17:15:46 - [MESSAGE][PASSED] - beautytap.GeneralAction.clickEmailLink is PASSED

2018-10-16 17:15:46 - [TEST_STEP][PASSED] - delay: Delayed 20 second(s)

2018-10-16 17:16:06 - [MESSAGE][PASSED] - Delayed 20 second(s)

2018-10-16 17:16:06 - [TEST_STEP][PASSED] - clearText: Text of object 'Object Repository/Page_ForgotPassword/txt_newPassword' is cleared

2018-10-16 17:16:07 - [MESSAGE][PASSED] - Text of object 'Object Repository/Page_ForgotPassword/txt_newPassword' is cleared

2018-10-16 17:16:07 - [TEST_STEP][PASSED] - sendKeys: Keys 'test123' sent to object: 'Object Repository/Page_ForgotPassword/txt_newPassword'

2018-10-16 17:16:07 - [MESSAGE][PASSED] - Keys 'test123' sent to object: 'Object Repository/Page_ForgotPassword/txt_newPassword'

2018-10-16 17:16:07 - [TEST_STEP][PASSED] - click: Object: 'Object Repository/Page_ForgotPassword/btn_resetPassword' is clicked on

2018-10-16 17:16:13 - [MESSAGE][PASSED] - Object: 'Object Repository/Page_ForgotPassword/btn_resetPassword' is clicked on

2018-10-16 17:16:13 - [TEST_STEP][PASSED] - verifyElementPresent: Object 'Object Repository/Page_ForgotPassword/lbl_resetPasswordMessage' is present

2018-10-16 17:16:13 - [MESSAGE][PASSED] - Object 'Object Repository/Page_ForgotPassword/lbl_resetPasswordMessage' is present

2018-10-16 17:16:13 - [TEST_STEP][PASSED] - beautytap.GeneralAction.clickNavigationMenu: beautytap.GeneralAction.clickNavigationMenu is PASSED

2018-10-16 17:16:18 - [MESSAGE][PASSED] - Object: 'Object Repository/Page_General/link_login' is clicked on

2018-10-16 17:16:18 - [MESSAGE][PASSED] - Wait for page load successfully

2018-10-16 17:16:18 - [MESSAGE][PASSED] - beautytap.GeneralAction.clickNavigationMenu is PASSED

2018-10-16 17:16:18 - [TEST_STEP][PASSED] - beautytap.GeneralAction.login: beautytap.GeneralAction.login is PASSED

2018-10-16 17:16:19 - [MESSAGE][PASSED] - Text of object 'Object Repository/Page_login/txt_username' is cleared

2018-10-16 17:16:19 - [MESSAGE][PASSED] - Keys 'auto010710' sent to object: 'Object Repository/Page_login/txt_username'

2018-10-16 17:16:19 - [MESSAGE][PASSED] - Text of object 'Object Repository/Page_login/txt_password' is cleared

2018-10-16 17:16:19 - [MESSAGE][PASSED] - Keys '123456' sent to object: 'Object Repository/Page_login/txt_password'

2018-10-16 17:16:20 - [MESSAGE][PASSED] - Object: 'Object Repository/Page_login/btn_login' is clicked on

2018-10-16 17:16:20 - [MESSAGE][PASSED] - Wait for page load successfully

2018-10-16 17:16:20 - [MESSAGE][PASSED] - beautytap.GeneralAction.login is PASSED

2018-10-16 17:16:20 - [TEST_STEP][PASSED] - verifyElementText: Actual text and expected text of test object 'Object Repository/Page_Login/lbl_errorMessage' are matched.

2018-10-16 17:16:21 - [MESSAGE][PASSED] - Actual text and expected text of test object 'Object Repository/Page_Login/lbl_errorMessage' are matched.

2018-10-16 17:16:21 - [TEST_STEP][PASSED] - beautytap.GeneralAction.login: beautytap.GeneralAction.login is PASSED

2018-10-16 17:16:21 - [MESSAGE][PASSED] - Text of object 'Object Repository/Page_login/txt_username' is cleared

2018-10-16 17:16:21 - [MESSAGE][PASSED] - Keys 'auto010710' sent to object: 'Object Repository/Page_login/txt_username'

2018-10-16 17:16:21 - [MESSAGE][PASSED] - Text of object 'Object Repository/Page_login/txt_password' is cleared

2018-10-16 17:16:22 - [MESSAGE][PASSED] - Keys 'test123' sent to object: 'Object Repository/Page_login/txt_password'

2018-10-16 17:16:22 - [MESSAGE][PASSED] - Object: 'Object Repository/Page_login/btn_login' is clicked on

2018-10-16 17:16:22 - [MESSAGE][PASSED] - Wait for page load successfully

2018-10-16 17:16:22 - [MESSAGE][PASSED] - beautytap.GeneralAction.login is PASSED

2018-10-16 17:16:22 - [TEST_STEP][PASSED] - verifyElementPresent: Object 'Object Repository/Page_General/link_avatar' is present

2018-10-16 17:16:44 - [MESSAGE][PASSED] - Object 'Object Repository/Page_General/link_avatar' is present

2018-10-16 17:16:44 - [TEST_STEP][PASSED] - beautytap.GeneralAction.logout: beautytap.GeneralAction.logout is PASSED

2018-10-16 17:16:45 - [MESSAGE][PASSED] - Object: 'Object Repository/Page_General/link_avatar' is clicked on

2018-10-16 17:16:46 - [MESSAGE][PASSED] - Object 'Object Repository/Page_General/menu_logout' is present

2018-10-16 17:16:46 - [MESSAGE][PASSED] - Object: 'Object Repository/Page_General/menu_logout' is clicked on

2018-10-16 17:16:46 - [MESSAGE][PASSED] - Wait for page load successfully

2018-10-16 17:16:46 - [MESSAGE][PASSED] - beautytap.GeneralAction.logout is PASSED

2018-10-16 17:16:46 - [TEST_STEP][PASSED] - beautytap.GeneralAction.clickNavigationMenu: beautytap.GeneralAction.clickNavigationMenu is PASSED

2018-10-16 17:16:59 - [MESSAGE][PASSED] - Object: 'Object Repository/Page_General/link_login' is clicked on

2018-10-16 17:16:59 - [MESSAGE][PASSED] - Wait for page load successfully

2018-10-16 17:16:59 - [MESSAGE][PASSED] - beautytap.GeneralAction.clickNavigationMenu is PASSED

2018-10-16 17:16:59 - [TEST_STEP][PASSED] - beautytap.GeneralAction.login: beautytap.GeneralAction.login is PASSED

2018-10-16 17:16:59 - [MESSAGE][PASSED] - Text of object 'Object Repository/Page_login/txt_username' is cleared

2018-10-16 17:16:59 - [MESSAGE][PASSED] - Keys 'auto010710@mailinator.com' sent to object: 'Object Repository/Page_login/txt_username'

2018-10-16 17:16:59 - [MESSAGE][PASSED] - Text of object 'Object Repository/Page_login/txt_password' is cleared

2018-10-16 17:17:00 - [MESSAGE][PASSED] - Keys 'test123' sent to object: 'Object Repository/Page_login/txt_password'

2018-10-16 17:17:00 - [MESSAGE][PASSED] - Object: 'Object Repository/Page_login/btn_login' is clicked on

2018-10-16 17:17:00 - [MESSAGE][PASSED] - Wait for page load successfully

2018-10-16 17:17:00 - [MESSAGE][PASSED] - beautytap.GeneralAction.login is PASSED

2018-10-16 17:17:00 - [TEST_STEP][PASSED] - verifyElementPresent: Object 'Object Repository/Page_General/link_avatar' is present

2018-10-16 17:17:21 - [MESSAGE][PASSED] - Object 'Object Repository/Page_General/link_avatar' is present

2018-10-16 17:17:21 - [TEST_STEP][PASSED] - beautytap.GeneralAction.logout: beautytap.GeneralAction.logout is PASSED

2018-10-16 17:17:22 - [MESSAGE][PASSED] - Object: 'Object Repository/Page_General/link_avatar' is clicked on

2018-10-16 17:17:23 - [MESSAGE][PASSED] - Object 'Object Repository/Page_General/menu_logout' is present

2018-10-16 17:17:24 - [MESSAGE][PASSED] - Object: 'Object Repository/Page_General/menu_logout' is clicked on

2018-10-16 17:17:24 - [MESSAGE][PASSED] - Wait for page load successfully

2018-10-16 17:17:25 - [MESSAGE][PASSED] - Browser is closed

2018-10-16 17:17:25 - [MESSAGE][PASSED] - beautytap.GeneralAction.logout is PASSED]]></system-out>
         <system-err><![CDATA[]]></system-err>
      </testcase>
      <testcase name="Test Cases/SignUp_Login_ResetPass/TC02_SignUp_Login_ViaFacebookEmail_NewUser_OldUser" classname="Test Cases/SignUp_Login_ResetPass/TC02_SignUp_Login_ViaFacebookEmail_NewUser_OldUser" status="PASSED">
         <system-out><![CDATA[2018-10-16 17:17:27 - [TEST_CASE][PASSED] - Test Cases/SignUp_Login_ResetPass/TC02_SignUp_Login_ViaFacebookEmail_NewUser_OldUser: Test Cases/SignUp_Login_ResetPass/TC02_SignUp_Login_ViaFacebookEmail_NewUser_OldUser

2018-10-16 17:17:28 - [TEST_STEP][PASSED] - beautytap.AdminAction.deleteUser: beautytap.AdminAction.deleteUser is PASSED

2018-10-16 17:17:40 - [MESSAGE][PASSED] - Browser is opened with url: 'https://stage.beautytap.com/login'

2018-10-16 17:17:41 - [MESSAGE][PASSED] - Current window maximized

2018-10-16 17:17:41 - [MESSAGE][PASSED] - Text of object 'Object Repository/Page_login/txt_username' is cleared

2018-10-16 17:17:42 - [MESSAGE][PASSED] - Keys 'mrwhite' sent to object: 'Object Repository/Page_login/txt_username'

2018-10-16 17:17:42 - [MESSAGE][PASSED] - Text of object 'Object Repository/Page_login/txt_password' is cleared

2018-10-16 17:17:42 - [MESSAGE][PASSED] - Keys 'kgySM$Im' sent to object: 'Object Repository/Page_login/txt_password'

2018-10-16 17:17:43 - [MESSAGE][PASSED] - Object: 'Object Repository/Page_login/btn_login' is clicked on

2018-10-16 17:17:43 - [MESSAGE][PASSED] - Wait for page load successfully

2018-10-16 17:17:43 - [MESSAGE][PASSED] - Wait for page load successfully

2018-10-16 17:17:54 - [MESSAGE][PASSED] - Navigate to 'https://stage.beautytap.com/admin' successfully

2018-10-16 17:17:54 - [MESSAGE][PASSED] - Wait for page load successfully

2018-10-16 17:18:02 - [MESSAGE][PASSED] - Object: 'Object Repository/Page_Admin/menu_users' is clicked on

2018-10-16 17:18:02 - [MESSAGE][PASSED] - Wait for page load successfully

2018-10-16 17:18:02 - [MESSAGE][PASSED] - Text of object 'Object Repository/Page_Admin/txt_searchUser' is cleared

2018-10-16 17:18:02 - [MESSAGE][PASSED] - Keys 'g5.posiba@gmail.com' sent to object: 'Object Repository/Page_Admin/txt_searchUser'

2018-10-16 17:18:06 - [MESSAGE][PASSED] - Object: 'Object Repository/Page_Admin/btn_searchUser' is clicked on

2018-10-16 17:18:06 - [MESSAGE][PASSED] - Wait for page load successfully

2018-10-16 17:18:07 - [MESSAGE][PASSED] - Text of object '' is: 'g5.posiba@gmail.com'

2018-10-16 17:18:07 - [MESSAGE][PASSED] - Attribute 'id' of object '' is: 'user-64405'

2018-10-16 17:18:07 - [MESSAGE][PASSED] - Object: '' is hovered

2018-10-16 17:18:12 - [MESSAGE][PASSED] - Delayed 5 second(s)

2018-10-16 17:18:15 - [MESSAGE][PASSED] - Object: '' is clicked on

2018-10-16 17:18:15 - [MESSAGE][FAILED] - No alert found
[[ATTACHMENT|E:\\BeautytapAutomation\\beautytapAuto\\Beautytap\\Reports\\Regression\\20181016_165806\\1539685095335.png]]

2018-10-16 17:18:15 - [MESSAGE][FAILED] - Unable to accept alert (Root cause: No alert found)
[[ATTACHMENT|E:\\BeautytapAutomation\\beautytapAuto\\Beautytap\\Reports\\Regression\\20181016_165806\\1539685095671.png]]

2018-10-16 17:18:16 - [MESSAGE][PASSED] - Browser is closed

2018-10-16 17:18:16 - [MESSAGE][PASSED] - beautytap.AdminAction.deleteUser is PASSED

2018-10-16 17:18:16 - [TEST_STEP][PASSED] - beautytap.GeneralAction.openBeautytap: beautytap.GeneralAction.openBeautytap is PASSED

2018-10-16 17:18:43 - [MESSAGE][PASSED] - Browser is opened with url: 'https://stage.beautytap.com'

2018-10-16 17:18:44 - [MESSAGE][PASSED] - Current window maximized

2018-10-16 17:18:51 - [MESSAGE][PASSED] - Refresh successfully

2018-10-16 17:18:51 - [MESSAGE][PASSED] - Wait for page load successfully

2018-10-16 17:18:51 - [MESSAGE][PASSED] - beautytap.GeneralAction.openBeautytap is PASSED

2018-10-16 17:18:51 - [TEST_STEP][PASSED] - beautytap.GeneralAction.clickNavigationMenu: beautytap.GeneralAction.clickNavigationMenu is PASSED

2018-10-16 17:18:55 - [MESSAGE][PASSED] - Object: 'Object Repository/Page_General/link_signup' is clicked on

2018-10-16 17:18:55 - [MESSAGE][PASSED] - Wait for page load successfully

2018-10-16 17:18:55 - [MESSAGE][PASSED] - beautytap.GeneralAction.clickNavigationMenu is PASSED

2018-10-16 17:18:55 - [TEST_STEP][PASSED] - beautytap.GeneralAction.signupViaFacebook: beautytap.GeneralAction.signupViaFacebook is PASSED

2018-10-16 17:18:55 - [MESSAGE][PASSED] - Object: 'Object Repository/Page_Signup/btn_signupFB' is clicked on

2018-10-16 17:18:55 - [MESSAGE][PASSED] - Switched to window with index: '1'

2018-10-16 17:18:58 - [MESSAGE][PASSED] - Keys 'g5.posiba@gmail.com' sent to object: 'Object Repository/Popup_FacebookLogin/txt_email'

2018-10-16 17:18:58 - [MESSAGE][PASSED] - Keys 'posiba123' sent to object: 'Object Repository/Popup_FacebookLogin/txt_password'

2018-10-16 17:18:59 - [MESSAGE][PASSED] - Object: 'Object Repository/Popup_FacebookLogin/btn_login' is clicked on

2018-10-16 17:19:01 - [MESSAGE][WARNING] - Cannot take screenshot

2018-10-16 17:19:01 - [MESSAGE][FAILED] - Unable to get text of object 'Object Repository/Popup_FacebookLogin/btn_confirmPermission' (Root cause: org.openqa.selenium.NoSuchWindowException: no such window: window was already closed
  (Session info: chrome=69.0.3497.100)
  (Driver info: chromedriver=2.35.528161 (5b82f2d2aae0ca24b877009200ced9065a772e73),platform=Windows NT 10.0.17134 x86_64) (WARNING: The server did not provide any stacktrace information)
Command duration or timeout: 0 milliseconds
Build info: version: '3.7.1', revision: '8a0099a', time: '2017-11-06T21:07:36.161Z'
System info: host: 'DESKTOP-G1UHP65', ip: '10.0.0.227', os.name: 'Windows 10', os.arch: 'amd64', os.version: '10.0', java.version: '1.8.0_102'
Driver info: com.kms.katalon.selenium.driver.CChromeDriver
Capabilities {acceptInsecureCerts: false, acceptSslCerts: false, applicationCacheEnabled: false, browserConnectionEnabled: false, browserName: chrome, chrome: {chromedriverVersion: 2.35.528161 (5b82f2d2aae0ca..., userDataDir: C:\Users\TRANGN~1\AppData\L...}, cssSelectorsEnabled: true, databaseEnabled: false, handlesAlerts: true, hasTouchScreen: false, javascriptEnabled: true, locationContextEnabled: true, mobileEmulationEnabled: false, nativeEvents: true, networkConnectionEnabled: false, pageLoadStrategy: normal, platform: XP, platformName: XP, rotatable: false, setWindowRect: true, takesHeapSnapshot: true, takesScreenshot: true, unexpectedAlertBehaviour: , unhandledPromptBehavior: , version: 69.0.3497.100, webStorageEnabled: true}
Session ID: cf8636178e3d799d2b65506dfd73fd65
*** Element info: {Using=xpath, value=//button[contains(@class,'layerConfirm') and contains(@name,'CONFIRM')]})

2018-10-16 17:19:01 - [MESSAGE][PASSED] - Switched to window with index: '0'

2018-10-16 17:19:16 - [MESSAGE][PASSED] - Delayed 15 second(s)

2018-10-16 17:19:25 - [MESSAGE][PASSED] - Wait for page load successfully

2018-10-16 17:19:25 - [MESSAGE][PASSED] - beautytap.GeneralAction.signupViaFacebook is PASSED

2018-10-16 17:19:25 - [TEST_STEP][PASSED] - verifyElementPresent: Object 'Object Repository/Page_General/link_avatar' is present

2018-10-16 17:19:25 - [MESSAGE][PASSED] - Object 'Object Repository/Page_General/link_avatar' is present

2018-10-16 17:19:25 - [TEST_STEP][PASSED] - beautytap.GeneralAction.logout: beautytap.GeneralAction.logout is PASSED

2018-10-16 17:19:26 - [MESSAGE][PASSED] - Object: 'Object Repository/Page_General/link_avatar' is clicked on

2018-10-16 17:19:26 - [MESSAGE][PASSED] - Object 'Object Repository/Page_General/menu_logout' is present

2018-10-16 17:19:27 - [MESSAGE][PASSED] - Object: 'Object Repository/Page_General/menu_logout' is clicked on

2018-10-16 17:19:27 - [MESSAGE][PASSED] - Wait for page load successfully

2018-10-16 17:19:28 - [MESSAGE][PASSED] - Browser is closed

2018-10-16 17:19:28 - [MESSAGE][PASSED] - beautytap.GeneralAction.logout is PASSED

2018-10-16 17:19:28 - [TEST_STEP][PASSED] - beautytap.AdminAction.deleteUser: beautytap.AdminAction.deleteUser is PASSED

2018-10-16 17:19:37 - [MESSAGE][PASSED] - Browser is opened with url: 'https://stage.beautytap.com/login'

2018-10-16 17:19:39 - [MESSAGE][PASSED] - Current window maximized

2018-10-16 17:19:39 - [MESSAGE][PASSED] - Text of object 'Object Repository/Page_login/txt_username' is cleared

2018-10-16 17:19:40 - [MESSAGE][PASSED] - Keys 'mrwhite' sent to object: 'Object Repository/Page_login/txt_username'

2018-10-16 17:19:40 - [MESSAGE][PASSED] - Text of object 'Object Repository/Page_login/txt_password' is cleared

2018-10-16 17:19:41 - [MESSAGE][PASSED] - Keys 'kgySM$Im' sent to object: 'Object Repository/Page_login/txt_password'

2018-10-16 17:19:42 - [MESSAGE][PASSED] - Object: 'Object Repository/Page_login/btn_login' is clicked on

2018-10-16 17:20:14 - [MESSAGE][PASSED] - Wait for page load successfully

2018-10-16 17:20:14 - [MESSAGE][PASSED] - Wait for page load successfully

2018-10-16 17:20:25 - [MESSAGE][PASSED] - Navigate to 'https://stage.beautytap.com/admin' successfully

2018-10-16 17:20:25 - [MESSAGE][PASSED] - Wait for page load successfully

2018-10-16 17:20:33 - [MESSAGE][PASSED] - Object: 'Object Repository/Page_Admin/menu_users' is clicked on

2018-10-16 17:20:33 - [MESSAGE][PASSED] - Wait for page load successfully

2018-10-16 17:20:33 - [MESSAGE][PASSED] - Text of object 'Object Repository/Page_Admin/txt_searchUser' is cleared

2018-10-16 17:20:34 - [MESSAGE][PASSED] - Keys 'g5.posiba@gmail.com' sent to object: 'Object Repository/Page_Admin/txt_searchUser'

2018-10-16 17:20:38 - [MESSAGE][PASSED] - Object: 'Object Repository/Page_Admin/btn_searchUser' is clicked on

2018-10-16 17:20:38 - [MESSAGE][PASSED] - Wait for page load successfully

2018-10-16 17:20:38 - [MESSAGE][PASSED] - Text of object '' is: 'g5.posiba@gmail.com'

2018-10-16 17:20:38 - [MESSAGE][PASSED] - Attribute 'id' of object '' is: 'user-64405'

2018-10-16 17:20:38 - [MESSAGE][PASSED] - Object: '' is hovered

2018-10-16 17:20:43 - [MESSAGE][PASSED] - Delayed 5 second(s)

2018-10-16 17:20:46 - [MESSAGE][PASSED] - Object: '' is clicked on

2018-10-16 17:20:46 - [MESSAGE][FAILED] - No alert found
[[ATTACHMENT|E:\\BeautytapAutomation\\beautytapAuto\\Beautytap\\Reports\\Regression\\20181016_165806\\1539685246593.png]]

2018-10-16 17:20:47 - [MESSAGE][FAILED] - Unable to accept alert (Root cause: No alert found)
[[ATTACHMENT|E:\\BeautytapAutomation\\beautytapAuto\\Beautytap\\Reports\\Regression\\20181016_165806\\1539685246909.png]]

2018-10-16 17:20:48 - [MESSAGE][PASSED] - Browser is closed

2018-10-16 17:20:48 - [MESSAGE][PASSED] - beautytap.AdminAction.deleteUser is PASSED

2018-10-16 17:20:48 - [TEST_STEP][PASSED] - beautytap.GeneralAction.openBeautytap: beautytap.GeneralAction.openBeautytap is PASSED

2018-10-16 17:21:12 - [MESSAGE][PASSED] - Browser is opened with url: 'https://stage.beautytap.com'

2018-10-16 17:21:13 - [MESSAGE][PASSED] - Current window maximized

2018-10-16 17:21:24 - [MESSAGE][PASSED] - Refresh successfully

2018-10-16 17:21:24 - [MESSAGE][PASSED] - Wait for page load successfully

2018-10-16 17:21:24 - [MESSAGE][PASSED] - beautytap.GeneralAction.openBeautytap is PASSED

2018-10-16 17:21:24 - [TEST_STEP][PASSED] - beautytap.GeneralAction.clickNavigationMenu: beautytap.GeneralAction.clickNavigationMenu is PASSED

2018-10-16 17:21:27 - [MESSAGE][PASSED] - Object: 'Object Repository/Page_General/link_login' is clicked on

2018-10-16 17:21:27 - [MESSAGE][PASSED] - Wait for page load successfully

2018-10-16 17:21:27 - [MESSAGE][PASSED] - beautytap.GeneralAction.clickNavigationMenu is PASSED

2018-10-16 17:21:27 - [TEST_STEP][PASSED] - beautytap.GeneralAction.login: beautytap.GeneralAction.login is PASSED

2018-10-16 17:21:27 - [MESSAGE][PASSED] - Object: 'Object Repository/Page_Login/btn_loginFB' is clicked on

2018-10-16 17:21:27 - [MESSAGE][PASSED] - Switched to window with index: '1'

2018-10-16 17:21:29 - [MESSAGE][PASSED] - Object 'Object Repository/Popup_FacebookLogin/txt_email' is visible

2018-10-16 17:21:30 - [MESSAGE][PASSED] - Keys 'g5.posiba@gmail.com' sent to object: 'Object Repository/Popup_FacebookLogin/txt_email'

2018-10-16 17:21:30 - [MESSAGE][PASSED] - Keys 'posiba123' sent to object: 'Object Repository/Popup_FacebookLogin/txt_password'

2018-10-16 17:21:32 - [MESSAGE][PASSED] - Object: 'Object Repository/Popup_FacebookLogin/btn_login' is clicked on

2018-10-16 17:21:32 - [MESSAGE][PASSED] - Switched to window with index: '0'

2018-10-16 17:21:32 - [MESSAGE][PASSED] - Wait for page load successfully

2018-10-16 17:21:32 - [MESSAGE][PASSED] - beautytap.GeneralAction.login is PASSED

2018-10-16 17:21:32 - [TEST_STEP][PASSED] - verifyElementPresent: Object 'Object Repository/Page_General/link_avatar' is present

2018-10-16 17:21:55 - [MESSAGE][PASSED] - Object 'Object Repository/Page_General/link_avatar' is present

2018-10-16 17:21:55 - [TEST_STEP][PASSED] - beautytap.GeneralAction.logout: beautytap.GeneralAction.logout is PASSED

2018-10-16 17:21:55 - [MESSAGE][PASSED] - Object: 'Object Repository/Page_General/link_avatar' is clicked on

2018-10-16 17:21:55 - [MESSAGE][PASSED] - Object 'Object Repository/Page_General/menu_logout' is present

2018-10-16 17:21:56 - [MESSAGE][PASSED] - Object: 'Object Repository/Page_General/menu_logout' is clicked on

2018-10-16 17:21:56 - [MESSAGE][PASSED] - Wait for page load successfully

2018-10-16 17:21:57 - [MESSAGE][PASSED] - Browser is closed

2018-10-16 17:21:57 - [MESSAGE][PASSED] - beautytap.GeneralAction.logout is PASSED

2018-10-16 17:21:57 - [TEST_STEP][PASSED] - beautytap.GeneralAction.openBeautytap: beautytap.GeneralAction.openBeautytap is PASSED

2018-10-16 17:22:13 - [MESSAGE][PASSED] - Browser is opened with url: 'https://stage.beautytap.com'

2018-10-16 17:22:14 - [MESSAGE][PASSED] - Current window maximized

2018-10-16 17:22:22 - [MESSAGE][PASSED] - Refresh successfully

2018-10-16 17:22:22 - [MESSAGE][PASSED] - Wait for page load successfully

2018-10-16 17:22:22 - [MESSAGE][PASSED] - beautytap.GeneralAction.openBeautytap is PASSED

2018-10-16 17:22:22 - [TEST_STEP][PASSED] - beautytap.GeneralAction.clickNavigationMenu: beautytap.GeneralAction.clickNavigationMenu is PASSED

2018-10-16 17:22:25 - [MESSAGE][PASSED] - Object: 'Object Repository/Page_General/link_signup' is clicked on

2018-10-16 17:22:25 - [MESSAGE][PASSED] - Wait for page load successfully

2018-10-16 17:22:25 - [MESSAGE][PASSED] - beautytap.GeneralAction.clickNavigationMenu is PASSED

2018-10-16 17:22:25 - [TEST_STEP][PASSED] - beautytap.GeneralAction.signupViaFacebook: beautytap.GeneralAction.signupViaFacebook is PASSED

2018-10-16 17:22:26 - [MESSAGE][PASSED] - Object: 'Object Repository/Page_Signup/btn_signupFB' is clicked on

2018-10-16 17:22:26 - [MESSAGE][PASSED] - Switched to window with index: '1'

2018-10-16 17:22:28 - [MESSAGE][PASSED] - Keys 'g5.posiba@gmail.com' sent to object: 'Object Repository/Popup_FacebookLogin/txt_email'

2018-10-16 17:22:28 - [MESSAGE][PASSED] - Keys 'posiba123' sent to object: 'Object Repository/Popup_FacebookLogin/txt_password'

2018-10-16 17:22:30 - [MESSAGE][PASSED] - Object: 'Object Repository/Popup_FacebookLogin/btn_login' is clicked on

2018-10-16 17:22:32 - [MESSAGE][WARNING] - Cannot take screenshot

2018-10-16 17:22:32 - [MESSAGE][FAILED] - Unable to get text of object 'Object Repository/Popup_FacebookLogin/btn_confirmPermission' (Root cause: org.openqa.selenium.NoSuchWindowException: no such window: window was already closed
  (Session info: chrome=69.0.3497.100)
  (Driver info: chromedriver=2.35.528161 (5b82f2d2aae0ca24b877009200ced9065a772e73),platform=Windows NT 10.0.17134 x86_64) (WARNING: The server did not provide any stacktrace information)
Command duration or timeout: 0 milliseconds
Build info: version: '3.7.1', revision: '8a0099a', time: '2017-11-06T21:07:36.161Z'
System info: host: 'DESKTOP-G1UHP65', ip: '10.0.0.227', os.name: 'Windows 10', os.arch: 'amd64', os.version: '10.0', java.version: '1.8.0_102'
Driver info: com.kms.katalon.selenium.driver.CChromeDriver
Capabilities {acceptInsecureCerts: false, acceptSslCerts: false, applicationCacheEnabled: false, browserConnectionEnabled: false, browserName: chrome, chrome: {chromedriverVersion: 2.35.528161 (5b82f2d2aae0ca..., userDataDir: C:\Users\TRANGN~1\AppData\L...}, cssSelectorsEnabled: true, databaseEnabled: false, handlesAlerts: true, hasTouchScreen: false, javascriptEnabled: true, locationContextEnabled: true, mobileEmulationEnabled: false, nativeEvents: true, networkConnectionEnabled: false, pageLoadStrategy: normal, platform: XP, platformName: XP, rotatable: false, setWindowRect: true, takesHeapSnapshot: true, takesScreenshot: true, unexpectedAlertBehaviour: , unhandledPromptBehavior: , version: 69.0.3497.100, webStorageEnabled: true}
Session ID: 8dfc2655fdd5c02c663170e0cb9f5eb9
*** Element info: {Using=xpath, value=//button[contains(@class,'layerConfirm') and contains(@name,'CONFIRM')]})

2018-10-16 17:22:32 - [MESSAGE][PASSED] - Switched to window with index: '0'

2018-10-16 17:22:47 - [MESSAGE][PASSED] - Delayed 15 second(s)

2018-10-16 17:22:52 - [MESSAGE][PASSED] - Wait for page load successfully

2018-10-16 17:22:52 - [MESSAGE][PASSED] - beautytap.GeneralAction.signupViaFacebook is PASSED

2018-10-16 17:22:52 - [TEST_STEP][PASSED] - verifyElementPresent: Object 'Object Repository/Page_General/link_avatar' is present

2018-10-16 17:22:52 - [MESSAGE][PASSED] - Object 'Object Repository/Page_General/link_avatar' is present

2018-10-16 17:22:52 - [TEST_STEP][PASSED] - beautytap.GeneralAction.logout: beautytap.GeneralAction.logout is PASSED

2018-10-16 17:22:53 - [MESSAGE][PASSED] - Object: 'Object Repository/Page_General/link_avatar' is clicked on

2018-10-16 17:22:53 - [MESSAGE][PASSED] - Object 'Object Repository/Page_General/menu_logout' is present

2018-10-16 17:22:53 - [MESSAGE][PASSED] - Object: 'Object Repository/Page_General/menu_logout' is clicked on

2018-10-16 17:22:53 - [MESSAGE][PASSED] - Wait for page load successfully

2018-10-16 17:22:54 - [MESSAGE][PASSED] - Browser is closed

2018-10-16 17:22:54 - [MESSAGE][PASSED] - beautytap.GeneralAction.logout is PASSED

2018-10-16 17:22:54 - [TEST_STEP][PASSED] - beautytap.GeneralAction.openBeautytap: beautytap.GeneralAction.openBeautytap is PASSED

2018-10-16 17:23:15 - [MESSAGE][PASSED] - Browser is opened with url: 'https://stage.beautytap.com'

2018-10-16 17:23:16 - [MESSAGE][PASSED] - Current window maximized

2018-10-16 17:23:28 - [MESSAGE][PASSED] - Refresh successfully

2018-10-16 17:23:28 - [MESSAGE][PASSED] - Wait for page load successfully

2018-10-16 17:23:28 - [MESSAGE][PASSED] - beautytap.GeneralAction.openBeautytap is PASSED

2018-10-16 17:23:28 - [TEST_STEP][PASSED] - beautytap.GeneralAction.clickNavigationMenu: beautytap.GeneralAction.clickNavigationMenu is PASSED

2018-10-16 17:23:33 - [MESSAGE][PASSED] - Object: 'Object Repository/Page_General/link_login' is clicked on

2018-10-16 17:23:33 - [MESSAGE][PASSED] - Wait for page load successfully

2018-10-16 17:23:33 - [MESSAGE][PASSED] - beautytap.GeneralAction.clickNavigationMenu is PASSED

2018-10-16 17:23:33 - [TEST_STEP][PASSED] - beautytap.GeneralAction.login: beautytap.GeneralAction.login is PASSED

2018-10-16 17:23:34 - [MESSAGE][PASSED] - Object: 'Object Repository/Page_Login/btn_loginFB' is clicked on

2018-10-16 17:23:34 - [MESSAGE][PASSED] - Switched to window with index: '1'

2018-10-16 17:23:36 - [MESSAGE][PASSED] - Object 'Object Repository/Popup_FacebookLogin/txt_email' is visible

2018-10-16 17:23:36 - [MESSAGE][PASSED] - Keys 'g5.posiba@gmail.com' sent to object: 'Object Repository/Popup_FacebookLogin/txt_email'

2018-10-16 17:23:37 - [MESSAGE][PASSED] - Keys 'posiba123' sent to object: 'Object Repository/Popup_FacebookLogin/txt_password'

2018-10-16 17:23:38 - [MESSAGE][PASSED] - Object: 'Object Repository/Popup_FacebookLogin/btn_login' is clicked on

2018-10-16 17:23:38 - [MESSAGE][PASSED] - Switched to window with index: '0'

2018-10-16 17:23:38 - [MESSAGE][PASSED] - Wait for page load successfully

2018-10-16 17:23:38 - [MESSAGE][PASSED] - beautytap.GeneralAction.login is PASSED

2018-10-16 17:23:38 - [TEST_STEP][PASSED] - verifyElementPresent: Object 'Object Repository/Page_General/link_avatar' is present

2018-10-16 17:24:01 - [MESSAGE][PASSED] - Object 'Object Repository/Page_General/link_avatar' is present

2018-10-16 17:24:01 - [TEST_STEP][PASSED] - beautytap.GeneralAction.logout: beautytap.GeneralAction.logout is PASSED

2018-10-16 17:24:01 - [MESSAGE][PASSED] - Object: 'Object Repository/Page_General/link_avatar' is clicked on

2018-10-16 17:24:01 - [MESSAGE][PASSED] - Object 'Object Repository/Page_General/menu_logout' is present

2018-10-16 17:24:01 - [MESSAGE][PASSED] - Object: 'Object Repository/Page_General/menu_logout' is clicked on

2018-10-16 17:24:01 - [MESSAGE][PASSED] - Wait for page load successfully

2018-10-16 17:24:02 - [MESSAGE][PASSED] - Browser is closed

2018-10-16 17:24:02 - [MESSAGE][PASSED] - beautytap.GeneralAction.logout is PASSED]]></system-out>
         <system-err><![CDATA[]]></system-err>
      </testcase>
      <testcase name="Test Cases/Shop/TC07_BuyProduct_EarnPendingPoint_EarnRedeemablePoint" classname="Test Cases/Shop/TC07_BuyProduct_EarnPendingPoint_EarnRedeemablePoint" status="PASSED">
         <system-out><![CDATA[2018-10-16 17:24:05 - [TEST_CASE][PASSED] - Test Cases/Shop/TC07_BuyProduct_EarnPendingPoint_EarnRedeemablePoint: Test Cases/Shop/TC07_BuyProduct_EarnPendingPoint_EarnRedeemablePoint

2018-10-16 17:24:05 - [TEST_STEP][PASSED] - Statement - username = USER_EMAIL: null

2018-10-16 17:24:05 - [TEST_STEP][PASSED] - Statement - password = USER_PASSWORD: null

2018-10-16 17:24:05 - [TEST_STEP][PASSED] - Statement - productName = SIMPLE_PRODUCT: null

2018-10-16 17:24:05 - [TEST_STEP][PASSED] - Statement - price = SIMPLE_PRODUCT_PRICE: null

2018-10-16 17:24:06 - [TEST_STEP][PASSED] - Statement - quantity = 3: null

2018-10-16 17:24:06 - [TEST_STEP][PASSED] - Statement - shippingLabel = FREE_SHIPPING_LABEL: null

2018-10-16 17:24:06 - [TEST_STEP][PASSED] - Statement - shippingPrice = 0: null

2018-10-16 17:24:06 - [TEST_STEP][PASSED] - Statement - subtotal = CustomKeywords.beautytap.ShopAction.calculateTotal(quantity, price): beautytap.ShopAction.calculateTotal is PASSED

2018-10-16 17:24:06 - [MESSAGE][PASSED] - beautytap.ShopAction.calculateTotal is PASSED

2018-10-16 17:24:06 - [TEST_STEP][PASSED] - Statement - total = subtotal + shippingPrice: null

2018-10-16 17:24:06 - [TEST_STEP][PASSED] - Statement - products = new org.json.JSONArray((((((([{"productname":" + productName) + ","variation":"","quantity":") + quantity) + ","price":") + price) + "}])): null

2018-10-16 17:24:06 - [TEST_STEP][PASSED] - Statement - billingInformation = new org.json.JSONObject((({"firstname":"Test","lastname":"Automation","country":"United States (US)","address":"123 Testing","city":"New York","state":"New York","zip":"90012","email":" + username) + "})): null

2018-10-16 17:24:06 - [TEST_STEP][PASSED] - Statement - paymentMethod = "PayPal": null

2018-10-16 17:24:06 - [TEST_STEP][PASSED] - beautytap.GeneralAction.openBeautytap: beautytap.GeneralAction.openBeautytap is PASSED

2018-10-16 17:24:26 - [MESSAGE][PASSED] - Browser is opened with url: 'https://stage.beautytap.com'

2018-10-16 17:24:27 - [MESSAGE][PASSED] - Current window maximized

2018-10-16 17:24:40 - [MESSAGE][PASSED] - Refresh successfully

2018-10-16 17:24:40 - [MESSAGE][PASSED] - Wait for page load successfully

2018-10-16 17:24:40 - [MESSAGE][PASSED] - beautytap.GeneralAction.openBeautytap is PASSED

2018-10-16 17:24:40 - [TEST_STEP][PASSED] - beautytap.GeneralAction.clickNavigationMenu: beautytap.GeneralAction.clickNavigationMenu is PASSED

2018-10-16 17:24:44 - [MESSAGE][PASSED] - Object: 'Object Repository/Page_General/link_login' is clicked on

2018-10-16 17:24:44 - [MESSAGE][PASSED] - Wait for page load successfully

2018-10-16 17:24:44 - [MESSAGE][PASSED] - beautytap.GeneralAction.clickNavigationMenu is PASSED

2018-10-16 17:24:44 - [TEST_STEP][PASSED] - beautytap.GeneralAction.login: beautytap.GeneralAction.login is PASSED

2018-10-16 17:24:44 - [MESSAGE][PASSED] - Text of object 'Object Repository/Page_login/txt_username' is cleared

2018-10-16 17:24:44 - [MESSAGE][PASSED] - Keys 'trang2408@mailinator.com' sent to object: 'Object Repository/Page_login/txt_username'

2018-10-16 17:24:44 - [MESSAGE][PASSED] - Text of object 'Object Repository/Page_login/txt_password' is cleared

2018-10-16 17:24:45 - [MESSAGE][PASSED] - Keys '123456' sent to object: 'Object Repository/Page_login/txt_password'

2018-10-16 17:24:45 - [MESSAGE][PASSED] - Object: 'Object Repository/Page_login/btn_login' is clicked on

2018-10-16 17:24:45 - [MESSAGE][PASSED] - Wait for page load successfully

2018-10-16 17:24:45 - [MESSAGE][PASSED] - beautytap.GeneralAction.login is PASSED

2018-10-16 17:24:45 - [TEST_STEP][PASSED] - beautytap.GeneralAction.selectProfileMenu: beautytap.GeneralAction.selectProfileMenu is PASSED

2018-10-16 17:25:06 - [MESSAGE][PASSED] - Object: 'Object Repository/Page_General/link_avatar' is clicked on

2018-10-16 17:25:08 - [MESSAGE][PASSED] - Delayed 2 second(s)

2018-10-16 17:25:12 - [MESSAGE][PASSED] - Object: '' is clicked on

2018-10-16 17:25:12 - [MESSAGE][PASSED] - Wait for page load successfully

2018-10-16 17:25:12 - [MESSAGE][PASSED] - beautytap.GeneralAction.selectProfileMenu is PASSED

2018-10-16 17:25:12 - [TEST_STEP][PASSED] - Statement - objReward = CustomKeywords.beautytap.ShopAction.getRewardDetails(): beautytap.ShopAction.getRewardDetails is PASSED

2018-10-16 17:25:12 - [MESSAGE][PASSED] - Text of object '' is: '1.2 x Rewards Multiplier!'

2018-10-16 17:25:12 - [MESSAGE][PASSED] - Text of object '' is: '1.2 x Rewards Multiplier!'

2018-10-16 17:25:12 - [MESSAGE][PASSED] - Text of object '' is: '13546.43'

2018-10-16 17:25:12 - [MESSAGE][PASSED] - Text of object '' is: '3475.00'

2018-10-16 17:25:12 - [MESSAGE][PASSED] - Text of object '' is: '9556.43'

2018-10-16 17:25:12 - [MESSAGE][PASSED] - Text of object '' is: '$515.00'

2018-10-16 17:25:13 - [MESSAGE][PASSED] - Text of object '' is: 'BB Boss'

2018-10-16 17:25:13 - [MESSAGE][PASSED] - beautytap.ShopAction.getRewardDetails is PASSED

2018-10-16 17:25:13 - [TEST_STEP][PASSED] - Statement - multiplier = java.lang.Float.parseFloat(objReward.get("multiplier")): null

2018-10-16 17:25:13 - [TEST_STEP][PASSED] - Statement - currentlevel = objReward.get("currentlevel"): null

2018-10-16 17:25:13 - [TEST_STEP][PASSED] - Statement - lifetime = java.lang.Float.parseFloat(objReward.get("lifetime")): null

2018-10-16 17:25:13 - [TEST_STEP][PASSED] - Statement - pending = java.lang.Float.parseFloat(objReward.get("pending")): null

2018-10-16 17:25:13 - [TEST_STEP][PASSED] - Statement - redeemable = java.lang.Float.parseFloat(objReward.get("redeemable")): null

2018-10-16 17:25:13 - [TEST_STEP][PASSED] - Statement - pointvalue = java.lang.Float.parseFloat(objReward.get("pointvalue")): null

2018-10-16 17:25:13 - [TEST_STEP][PASSED] - Statement - format = new java.text.DecimalFormat(0.##): null

2018-10-16 17:25:13 - [TEST_STEP][PASSED] - Statement - rewardEarned = java.lang.Float.parseFloat(format.format(multiplier * subtotal)): null

2018-10-16 17:25:13 - [TEST_STEP][PASSED] - Statement - notificationMessage = "You received " + rewardEarned + " redeemable points": null

2018-10-16 17:25:13 - [TEST_STEP][PASSED] - beautytap.ShopAction.globalSearch: beautytap.ShopAction.globalSearch is PASSED

2018-10-16 17:25:13 - [MESSAGE][PASSED] - Object: 'Object Repository/Page_General/icon_search' is clicked on

2018-10-16 17:25:18 - [MESSAGE][PASSED] - Delayed 5 second(s)

2018-10-16 17:25:18 - [MESSAGE][PASSED] - Text of object 'Object Repository/Page_General/txt_search' is cleared

2018-10-16 17:25:18 - [MESSAGE][PASSED] - Keys 'CONTROL + v' sent to object: 'Object Repository/Page_General/txt_search'

2018-10-16 17:25:23 - [MESSAGE][PASSED] - Delayed 5 second(s)

2018-10-16 17:25:23 - [MESSAGE][PASSED] - beautytap.ShopAction.globalSearch is PASSED

2018-10-16 17:25:23 - [TEST_STEP][PASSED] - beautytap.ShopAction.selectSearchResult: beautytap.ShopAction.selectSearchResult is PASSED

2018-10-16 17:25:23 - [MESSAGE][PASSED] - Text of object '' is: 'La Muse Correct Care Complete Cushion SPF50+'

2018-10-16 17:25:23 - [MESSAGE][PASSED] - Object '' is present

2018-10-16 17:25:33 - [MESSAGE][PASSED] - Object: '' is clicked on

2018-10-16 17:25:33 - [MESSAGE][PASSED] - Wait for page load successfully

2018-10-16 17:25:33 - [MESSAGE][PASSED] - beautytap.ShopAction.selectSearchResult is PASSED

2018-10-16 17:25:33 - [TEST_STEP][PASSED] - beautytap.ShopAction.addProductToCart: beautytap.ShopAction.addProductToCart is PASSED

2018-10-16 17:25:33 - [MESSAGE][PASSED] - Text of object 'Object Repository/Page_Shop/txt_quantity' is cleared

2018-10-16 17:25:33 - [MESSAGE][PASSED] - Keys '3' sent to object: 'Object Repository/Page_Shop/txt_quantity'

2018-10-16 17:25:34 - [MESSAGE][PASSED] - Object: 'Object Repository/Page_Shop/btn_addToCart' is clicked on

2018-10-16 17:25:34 - [MESSAGE][PASSED] - Wait for page load successfully

2018-10-16 17:25:41 - [MESSAGE][PASSED] - Object 'Object Repository/Page_Shop/lbl_message' is present

2018-10-16 17:25:46 - [MESSAGE][PASSED] - Delayed 5 second(s)

2018-10-16 17:25:46 - [MESSAGE][PASSED] - beautytap.ShopAction.addProductToCart is PASSED

2018-10-16 17:25:46 - [TEST_STEP][PASSED] - beautytap.ShopAction.goToCart: beautytap.ShopAction.goToCart is PASSED

2018-10-16 17:25:46 - [MESSAGE][PASSED] - Object 'Object Repository/Page_General/icon_cart' is present

2018-10-16 17:25:53 - [MESSAGE][PASSED] - Object: 'Object Repository/Page_General/icon_cart' is clicked on

2018-10-16 17:25:53 - [MESSAGE][PASSED] - Wait for page load successfully

2018-10-16 17:25:53 - [MESSAGE][PASSED] - beautytap.ShopAction.goToCart is PASSED

2018-10-16 17:25:53 - [TEST_STEP][PASSED] - beautytap.ShopAction.processToCheckout: beautytap.ShopAction.processToCheckout is PASSED

2018-10-16 17:26:02 - [MESSAGE][PASSED] - Object: 'Object Repository/Page_Cart/btn_checkout' is clicked on

2018-10-16 17:26:02 - [MESSAGE][PASSED] - Wait for page load successfully

2018-10-16 17:26:02 - [MESSAGE][PASSED] - beautytap.ShopAction.processToCheckout is PASSED

2018-10-16 17:26:02 - [TEST_STEP][PASSED] - beautytap.ShopAction.fillCustomerInformation: beautytap.ShopAction.fillCustomerInformation is PASSED

2018-10-16 17:26:02 - [MESSAGE][PASSED] - Text of object 'Object Repository/Page_Checkout/txt_billingFirstName' is cleared

2018-10-16 17:26:02 - [MESSAGE][PASSED] - Keys 'Test' sent to object: 'Object Repository/Page_Checkout/txt_billingFirstName'

2018-10-16 17:26:02 - [MESSAGE][PASSED] - Text of object 'Object Repository/Page_Checkout/txt_billingLastName' is cleared

2018-10-16 17:26:02 - [MESSAGE][PASSED] - Keys 'Automation' sent to object: 'Object Repository/Page_Checkout/txt_billingLastName'

2018-10-16 17:26:03 - [MESSAGE][PASSED] - All options with label 'United States (US)' are selected in object 'Object Repository/Page_Checkout/drop_billingCountry' 

2018-10-16 17:26:08 - [MESSAGE][PASSED] - Delayed 5 second(s)

2018-10-16 17:26:08 - [MESSAGE][PASSED] - Text of object 'Object Repository/Page_Checkout/txt_billingAddress' is cleared

2018-10-16 17:26:08 - [MESSAGE][PASSED] - Keys '123 Testing' sent to object: 'Object Repository/Page_Checkout/txt_billingAddress'

2018-10-16 17:26:08 - [MESSAGE][PASSED] - Text of object 'Object Repository/Page_Checkout/txt_billingCity' is cleared

2018-10-16 17:26:09 - [MESSAGE][PASSED] - Keys 'New York' sent to object: 'Object Repository/Page_Checkout/txt_billingCity'

2018-10-16 17:26:09 - [MESSAGE][PASSED] - All options with label 'New York' are selected in object 'Object Repository/Page_Checkout/drop_billingState' 

2018-10-16 17:26:09 - [MESSAGE][PASSED] - Text of object 'Object Repository/Page_Checkout/txt_billingZip' is cleared

2018-10-16 17:26:09 - [MESSAGE][PASSED] - Keys '90012' sent to object: 'Object Repository/Page_Checkout/txt_billingZip'

2018-10-16 17:26:09 - [MESSAGE][PASSED] - Text of object 'Object Repository/Page_Checkout/txt_billingEmail' is cleared

2018-10-16 17:26:10 - [MESSAGE][PASSED] - Keys 'trang2408@mailinator.com' sent to object: 'Object Repository/Page_Checkout/txt_billingEmail'

2018-10-16 17:26:11 - [MESSAGE][PASSED] - Object 'Object Repository/Page_Checkout/chk_shipToDifferentAddress' is un-checked

2018-10-16 17:26:11 - [MESSAGE][PASSED] - Text of object 'Object Repository/Page_Checkout/txt_orderNote' is cleared

2018-10-16 17:26:11 - [MESSAGE][PASSED] - Keys 'TC07' sent to object: 'Object Repository/Page_Checkout/txt_orderNote'

2018-10-16 17:26:11 - [MESSAGE][PASSED] - Object 'Object Repository/Page_Checkout/radio_creditCard' is checked

2018-10-16 17:26:16 - [MESSAGE][PASSED] - Delayed 5 second(s)

2018-10-16 17:26:16 - [MESSAGE][PASSED] - beautytap.ShopAction.fillCustomerInformation is PASSED

2018-10-16 17:26:16 - [TEST_STEP][PASSED] - beautytap.ShopAction.VerifyOrderDetailsOnCheckout: Keyword VerifyOrderDetailsOnCheckout is Passed

2018-10-16 17:26:16 - [MESSAGE][PASSED] - Object '' is present

2018-10-16 17:26:16 - [MESSAGE][PASSED] - Text of object '' is: '$95.40'

2018-10-16 17:26:16 - [MESSAGE][PASSED] - Text of object '' is: 'Free shipping for orders over $70
Why does shipping take this long?'

2018-10-16 17:26:16 - [MESSAGE][PASSED] - Text of object '' is: '$95.40'

2018-10-16 17:26:16 - [MESSAGE][PASSED] - Keyword VerifyOrderDetailsOnCheckout is Passed

2018-10-16 17:26:16 - [TEST_STEP][PASSED] - beautytap.ShopAction.VerifyRewardEarned: Keyword VerifyRewardEarned is Passed

2018-10-16 17:26:16 - [MESSAGE][PASSED] - Text of object '' is: 'Status: BB Boss ( $95.4 x Rewards Multiplier )'

2018-10-16 17:26:16 - [MESSAGE][PASSED] - Text of object '' is: 'Status: BB Boss ( $95.4 x Rewards Multiplier )'

2018-10-16 17:26:16 - [MESSAGE][PASSED] - Text of object '' is: 'Status: BB Boss ( $95.4 x Rewards Multiplier )'

2018-10-16 17:26:17 - [MESSAGE][PASSED] - Text of object '' is: 'Multiplier: $95.4 x 1.2'

2018-10-16 17:26:17 - [MESSAGE][PASSED] - Text of object '' is: 'Multiplier: $95.4 x 1.2'

2018-10-16 17:26:17 - [MESSAGE][PASSED] - Text of object '' is: '114.5 Points!'

2018-10-16 17:26:17 - [MESSAGE][PASSED] - Text of object '' is: '114.5 Points!'

2018-10-16 17:26:17 - [MESSAGE][PASSED] - Text of object '' is: 'Multiplier: $95.4 x 1.2'

2018-10-16 17:26:17 - [MESSAGE][PASSED] - Text of object '' is: 'Multiplier: $95.4 x 1.2'

2018-10-16 17:26:17 - [MESSAGE][PASSED] - Text of object '' is: 'Multiplier: $95.4 x 1.2'

2018-10-16 17:26:17 - [MESSAGE][PASSED] - Keyword VerifyRewardEarned is Passed

2018-10-16 17:26:17 - [TEST_STEP][PASSED] - beautytap.ShopAction.checkoutViaPaypal: beautytap.ShopAction.checkoutViaPaypal is PASSED

2018-10-16 17:26:17 - [MESSAGE][PASSED] - Object 'Object Repository/Page_Checkout/radio_paypal' is checked

2018-10-16 17:26:22 - [MESSAGE][PASSED] - Delayed 5 second(s)

2018-10-16 17:26:22 - [MESSAGE][PASSED] - Object 'Object Repository/Page_Checkout/chk_terms' is checked

2018-10-16 17:26:23 - [MESSAGE][PASSED] - Object: 'Object Repository/Page_Checkout/btn_placeOrder' is clicked on

2018-10-16 17:26:32 - [MESSAGE][PASSED] - Object 'Object Repository/Page_Paypal/txt_email' is present

2018-10-16 17:26:32 - [MESSAGE][PASSED] - Text of object 'Object Repository/Page_Paypal/txt_email' is cleared

2018-10-16 17:26:32 - [MESSAGE][PASSED] - Keys 'g1.posiba@gmail.com' sent to object: 'Object Repository/Page_Paypal/txt_email'

2018-10-16 17:26:32 - [MESSAGE][PASSED] - Text of object 'Object Repository/Page_Paypal/txt_password' is cleared

2018-10-16 17:26:33 - [MESSAGE][PASSED] - Keys 'Tr@ng99%' sent to object: 'Object Repository/Page_Paypal/txt_password'

2018-10-16 17:26:46 - [MESSAGE][PASSED] - Object: 'Object Repository/Page_Paypal/btn_login' is clicked on

2018-10-16 17:26:49 - [MESSAGE][PASSED] - Object 'Object Repository/Page_Paypal/btn_payNow' is present

2018-10-16 17:26:54 - [MESSAGE][PASSED] - Delayed 5 second(s)

2018-10-16 17:26:54 - [MESSAGE][PASSED] - Object: 'Object Repository/Page_Paypal/btn_payNow' is clicked on

2018-10-16 17:27:15 - [MESSAGE][PASSED] - Object 'Object Repository/Page_Checkout/lbl_orderReceived' is present

2018-10-16 17:27:15 - [MESSAGE][PASSED] - beautytap.ShopAction.checkoutViaPaypal is PASSED

2018-10-16 17:27:15 - [TEST_STEP][PASSED] - beautytap.ShopAction.VerifyOrderReceivedDetails: Keyword VerifyOrderReceivedDetails is Passed

2018-10-16 17:27:15 - [MESSAGE][PASSED] - Object '' is present

2018-10-16 17:27:15 - [MESSAGE][PASSED] - Text of object '' is: '$95.40'

2018-10-16 17:27:15 - [MESSAGE][PASSED] - Text of object '' is: 'Free shipping for orders over $70'

2018-10-16 17:27:21 - [MESSAGE][WARNING] - com.kms.katalon.core.webui.exception.WebElementNotFoundException: Web element with id: '' located by 'By.xpath: //th[text()='Shipping:']/parent::tr/td/span' not found
[[ATTACHMENT|E:\\BeautytapAutomation\\beautytapAuto\\Beautytap\\Reports\\Regression\\20181016_165806\\1539685640746.png]]

2018-10-16 17:27:21 - [MESSAGE][PASSED] - Text of object '' is: 'PayPal'

2018-10-16 17:27:21 - [MESSAGE][PASSED] - Text of object '' is: '$95.40'

2018-10-16 17:27:21 - [MESSAGE][PASSED] - Keyword VerifyOrderReceivedDetails is Passed

2018-10-16 17:27:21 - [TEST_STEP][PASSED] - beautytap.ShopAction.VerifyRewardEarned: Keyword VerifyRewardEarned is Passed

2018-10-16 17:27:21 - [MESSAGE][PASSED] - Text of object '' is: 'Status: BB Boss ( $95.40 x Rewards Multiplier )'

2018-10-16 17:27:21 - [MESSAGE][PASSED] - Text of object '' is: 'Status: BB Boss ( $95.40 x Rewards Multiplier )'

2018-10-16 17:27:21 - [MESSAGE][PASSED] - Text of object '' is: 'Status: BB Boss ( $95.40 x Rewards Multiplier )'

2018-10-16 17:27:21 - [MESSAGE][PASSED] - Text of object '' is: 'Multiplier: $95.40 x 1.2'

2018-10-16 17:27:21 - [MESSAGE][PASSED] - Text of object '' is: 'Multiplier: $95.40 x 1.2'

2018-10-16 17:27:21 - [MESSAGE][PASSED] - Text of object '' is: '114.5 Points!'

2018-10-16 17:27:21 - [MESSAGE][PASSED] - Text of object '' is: '114.5 Points!'

2018-10-16 17:27:21 - [MESSAGE][PASSED] - Text of object '' is: 'Multiplier: $95.40 x 1.2'

2018-10-16 17:27:21 - [MESSAGE][PASSED] - Text of object '' is: 'Multiplier: $95.40 x 1.2'

2018-10-16 17:27:21 - [MESSAGE][PASSED] - Text of object '' is: 'Multiplier: $95.40 x 1.2'

2018-10-16 17:27:21 - [MESSAGE][PASSED] - Keyword VerifyRewardEarned is Passed

2018-10-16 17:27:21 - [TEST_STEP][PASSED] - Statement - orderInfo = CustomKeywords.beautytap.ShopAction.getOrderInfoOnOrderReceived(): beautytap.ShopAction.getOrderInfoOnOrderReceived is PASSED

2018-10-16 17:27:21 - [MESSAGE][PASSED] - Text of object '' is: '137876'

2018-10-16 17:27:21 - [MESSAGE][PASSED] - Text of object '' is: 'October 16, 2018'

2018-10-16 17:27:21 - [MESSAGE][PASSED] - beautytap.ShopAction.getOrderInfoOnOrderReceived is PASSED

2018-10-16 17:27:21 - [TEST_STEP][PASSED] - Statement - orderNumber = orderInfo.get("ordernumber"): null

2018-10-16 17:27:21 - [TEST_STEP][PASSED] - Statement - orderDate = orderInfo.get("date"): null

2018-10-16 17:27:21 - [TEST_STEP][PASSED] - Statement - completeOrderSubject = "Your " + SITE_TITLE + " order from " + orderDate + " is complete": null

2018-10-16 17:27:21 - [TEST_STEP][PASSED] - Statement - completeOrderSubject = completeOrderSubject.replace("[", "").replace("]", ""): null

2018-10-16 17:27:21 - [TEST_STEP][PASSED] - beautytap.GeneralAction.selectProfileMenu: beautytap.GeneralAction.selectProfileMenu is PASSED

2018-10-16 17:27:22 - [MESSAGE][PASSED] - Object: 'Object Repository/Page_General/link_avatar' is clicked on

2018-10-16 17:27:24 - [MESSAGE][PASSED] - Delayed 2 second(s)

2018-10-16 17:27:28 - [MESSAGE][PASSED] - Object: '' is clicked on

2018-10-16 17:27:28 - [MESSAGE][PASSED] - Wait for page load successfully

2018-10-16 17:27:28 - [MESSAGE][PASSED] - beautytap.GeneralAction.selectProfileMenu is PASSED

2018-10-16 17:27:28 - [TEST_STEP][PASSED] - Statement - newPending = java.lang.Float.parseFloat(java.lang.String.format("%.2f", pending + rewardEarned)): null

2018-10-16 17:27:28 - [TEST_STEP][PASSED] - beautytap.ShopAction.VerifyRewardPointsDetails: Keyword VerifyRewardPoints is Passed

2018-10-16 17:27:28 - [MESSAGE][PASSED] - Text of object '' is: '13546.43'

2018-10-16 17:27:29 - [MESSAGE][PASSED] - Text of object '' is: '3589.48'

2018-10-16 17:27:29 - [MESSAGE][PASSED] - Text of object '' is: '9556.43'

2018-10-16 17:27:29 - [MESSAGE][PASSED] - Text of object '' is: '$515.00'

2018-10-16 17:27:29 - [MESSAGE][PASSED] - Keyword VerifyRewardPoints is Passed

2018-10-16 17:27:29 - [TEST_STEP][PASSED] - beautytap.ShopAction.VerifyRewardHistory: Keyword VerifyRewardHistory is Passed

2018-10-16 17:27:29 - [MESSAGE][PASSED] - Object '' is present

2018-10-16 17:27:29 - [MESSAGE][PASSED] - Text of object '' is: ''

2018-10-16 17:27:29 - [MESSAGE][PASSED] - Text of object '' is: '$95.40'

2018-10-16 17:27:29 - [MESSAGE][PASSED] - Text of object '' is: '1.2'

2018-10-16 17:27:29 - [MESSAGE][PASSED] - Text of object '' is: '0.00'

2018-10-16 17:27:29 - [MESSAGE][PASSED] - Text of object '' is: '9556.43'

2018-10-16 17:27:29 - [MESSAGE][PASSED] - Keyword VerifyRewardHistory is Passed

2018-10-16 17:27:29 - [TEST_STEP][PASSED] - beautytap.ShopAction.VerifyRewardHistory: Keyword VerifyRewardHistory is Passed

2018-10-16 17:27:29 - [MESSAGE][PASSED] - Object '' is present

2018-10-16 17:27:29 - [MESSAGE][PASSED] - Text of object '' is: ''

2018-10-16 17:27:29 - [MESSAGE][PASSED] - Text of object '' is: '$95.40'

2018-10-16 17:27:29 - [MESSAGE][PASSED] - Text of object '' is: '1.2'

2018-10-16 17:27:30 - [MESSAGE][PASSED] - Text of object '' is: '0.00'

2018-10-16 17:27:30 - [MESSAGE][PASSED] - Text of object '' is: '9556.43'

2018-10-16 17:27:30 - [MESSAGE][PASSED] - Keyword VerifyRewardHistory is Passed

2018-10-16 17:27:30 - [TEST_STEP][PASSED] - beautytap.GeneralAction.logout: beautytap.GeneralAction.logout is PASSED

2018-10-16 17:27:30 - [MESSAGE][PASSED] - Object: 'Object Repository/Page_General/link_avatar' is clicked on

2018-10-16 17:27:30 - [MESSAGE][PASSED] - Object 'Object Repository/Page_General/menu_logout' is present

2018-10-16 17:27:31 - [MESSAGE][PASSED] - Object: 'Object Repository/Page_General/menu_logout' is clicked on

2018-10-16 17:27:31 - [MESSAGE][PASSED] - Wait for page load successfully

2018-10-16 17:27:31 - [MESSAGE][PASSED] - beautytap.GeneralAction.logout is PASSED

2018-10-16 17:27:31 - [TEST_STEP][PASSED] - beautytap.GeneralAction.clickNavigationMenu: beautytap.GeneralAction.clickNavigationMenu is PASSED

2018-10-16 17:27:45 - [MESSAGE][PASSED] - Object: 'Object Repository/Page_General/link_login' is clicked on

2018-10-16 17:27:45 - [MESSAGE][PASSED] - Wait for page load successfully

2018-10-16 17:27:45 - [MESSAGE][PASSED] - beautytap.GeneralAction.clickNavigationMenu is PASSED

2018-10-16 17:27:45 - [TEST_STEP][PASSED] - beautytap.GeneralAction.login: beautytap.GeneralAction.login is PASSED

2018-10-16 17:27:45 - [MESSAGE][PASSED] - Text of object 'Object Repository/Page_login/txt_username' is cleared

2018-10-16 17:27:45 - [MESSAGE][PASSED] - Keys 'mrwhite' sent to object: 'Object Repository/Page_login/txt_username'

2018-10-16 17:27:45 - [MESSAGE][PASSED] - Text of object 'Object Repository/Page_login/txt_password' is cleared

2018-10-16 17:27:46 - [MESSAGE][PASSED] - Keys 'kgySM$Im' sent to object: 'Object Repository/Page_login/txt_password'

2018-10-16 17:27:46 - [MESSAGE][PASSED] - Object: 'Object Repository/Page_login/btn_login' is clicked on

2018-10-16 17:27:46 - [MESSAGE][PASSED] - Wait for page load successfully

2018-10-16 17:27:46 - [MESSAGE][PASSED] - beautytap.GeneralAction.login is PASSED

2018-10-16 17:27:46 - [TEST_STEP][PASSED] - navigateToUrl: Navigate to 'https://stage.beautytap.com/admin' successfully

2018-10-16 17:27:57 - [MESSAGE][PASSED] - Navigate to 'https://stage.beautytap.com/admin' successfully

2018-10-16 17:27:57 - [TEST_STEP][PASSED] - beautytap.AdminAction.changeOrderStatus: beautytap.AdminAction.changeOrderStatus is PASSED

2018-10-16 17:28:08 - [MESSAGE][PASSED] - Object: '' is clicked on

2018-10-16 17:28:08 - [MESSAGE][PASSED] - Wait for page load successfully

2018-10-16 17:28:15 - [MESSAGE][PASSED] - Object: '' is clicked on

2018-10-16 17:28:15 - [MESSAGE][PASSED] - Wait for page load successfully

2018-10-16 17:28:16 - [MESSAGE][PASSED] - Text of object 'Object Repository/Page_Admin/txt_searchOrder' is cleared

2018-10-16 17:28:16 - [MESSAGE][PASSED] - Keys '137876' sent to object: 'Object Repository/Page_Admin/txt_searchOrder'

2018-10-16 17:28:22 - [MESSAGE][PASSED] - Object: 'Object Repository/Page_Admin/btn_searchOrder' is clicked on

2018-10-16 17:28:22 - [MESSAGE][PASSED] - Wait for page load successfully

2018-10-16 17:28:35 - [MESSAGE][PASSED] - Object: '' is clicked on

2018-10-16 17:28:35 - [MESSAGE][PASSED] - Wait for page load successfully

2018-10-16 17:28:35 - [MESSAGE][PASSED] - All options with label 'Completed' are selected in object 'Object Repository/Page_Admin/drop_orderStatus' 

2018-10-16 17:28:36 - [MESSAGE][PASSED] - Object: 'Object Repository/Page_Admin/btn_saveOrder' is clicked on

2018-10-16 17:28:54 - [MESSAGE][PASSED] - Object 'Object Repository/Page_Admin/lbl_orderUpdatedMessage' is present

2018-10-16 17:28:54 - [MESSAGE][PASSED] - beautytap.AdminAction.changeOrderStatus is PASSED

2018-10-16 17:28:54 - [TEST_STEP][PASSED] - beautytap.GeneralAction.openMailBox: beautytap.GeneralAction.openMailBox is PASSED

2018-10-16 17:28:56 - [MESSAGE][PASSED] - Navigate to 'https://www.mailinator.com' successfully

2018-10-16 17:28:56 - [MESSAGE][PASSED] - Wait for page load successfully

2018-10-16 17:28:57 - [MESSAGE][PASSED] - Keys 'trang2408@mailinator.com' sent to object: 'Object Repository/Page_mailinator/txt_email'

2018-10-16 17:29:05 - [MESSAGE][PASSED] - Object: 'Object Repository/Page_mailinator/btn_go' is clicked on

2018-10-16 17:29:06 - [MESSAGE][PASSED] - Wait for page load successfully

2018-10-16 17:29:11 - [MESSAGE][PASSED] - Delayed 5 second(s)

2018-10-16 17:29:11 - [MESSAGE][PASSED] - beautytap.GeneralAction.openMailBox is PASSED

2018-10-16 17:29:11 - [TEST_STEP][PASSED] - beautytap.GeneralAction.verifyEmailExist: beautytap.GeneralAction.verifyEmailExist is PASSED

2018-10-16 17:29:11 - [MESSAGE][PASSED] - Object '' is present

2018-10-16 17:29:11 - [MESSAGE][PASSED] - beautytap.GeneralAction.verifyEmailExist is PASSED

2018-10-16 17:29:11 - [TEST_STEP][PASSED] - beautytap.GeneralAction.openEmail: beautytap.GeneralAction.openEmail is PASSED

2018-10-16 17:29:11 - [MESSAGE][PASSED] - Object: '' is clicked on

2018-10-16 17:29:11 - [MESSAGE][PASSED] - beautytap.GeneralAction.openEmail is PASSED

2018-10-16 17:29:11 - [TEST_STEP][PASSED] - beautytap.ShopAction.VerifyOrderCompleteEmail: Keyword VerifyOrderCompleteEmail is Passed

2018-10-16 17:29:12 - [MESSAGE][PASSED] - Object '' is present

2018-10-16 17:29:12 - [MESSAGE][PASSED] - Text of object '' is: 'La Muse Correct Care Complete Cushion SPF50+'

2018-10-16 17:29:12 - [MESSAGE][PASSED] - Text of object '' is: '3'

2018-10-16 17:29:13 - [MESSAGE][PASSED] - Text of object '' is: '$95.40'

2018-10-16 17:29:13 - [MESSAGE][PASSED] - Text of object '' is: '$95.40'

2018-10-16 17:29:13 - [MESSAGE][PASSED] - Text of object '' is: 'Free shipping for orders over $70'

2018-10-16 17:29:18 - [MESSAGE][WARNING] - com.kms.katalon.core.webui.exception.WebElementNotFoundException: Web element with id: '' located by 'By.xpath: //th[text()='Shipping:']/parent::tr/td/span' not found
[[ATTACHMENT|E:\\BeautytapAutomation\\beautytapAuto\\Beautytap\\Reports\\Regression\\20181016_165806\\1539685758647.png]]

2018-10-16 17:29:19 - [MESSAGE][PASSED] - Text of object '' is: 'PayPal'

2018-10-16 17:29:19 - [MESSAGE][PASSED] - Text of object '' is: '114.48'

2018-10-16 17:29:19 - [MESSAGE][PASSED] - Text of object '' is: '$95.40'

2018-10-16 17:29:19 - [MESSAGE][PASSED] - Keyword VerifyOrderCompleteEmail is Passed

2018-10-16 17:29:19 - [TEST_STEP][PASSED] - closeBrowser: Browser is closed

2018-10-16 17:29:20 - [MESSAGE][PASSED] - Browser is closed

2018-10-16 17:29:20 - [TEST_STEP][PASSED] - beautytap.GeneralAction.openBeautytap: beautytap.GeneralAction.openBeautytap is PASSED

2018-10-16 17:29:49 - [MESSAGE][PASSED] - Browser is opened with url: 'https://stage.beautytap.com'

2018-10-16 17:29:50 - [MESSAGE][PASSED] - Current window maximized

2018-10-16 17:29:59 - [MESSAGE][PASSED] - Refresh successfully

2018-10-16 17:29:59 - [MESSAGE][PASSED] - Wait for page load successfully

2018-10-16 17:29:59 - [MESSAGE][PASSED] - beautytap.GeneralAction.openBeautytap is PASSED

2018-10-16 17:29:59 - [TEST_STEP][PASSED] - beautytap.GeneralAction.clickNavigationMenu: beautytap.GeneralAction.clickNavigationMenu is PASSED

2018-10-16 17:30:03 - [MESSAGE][PASSED] - Object: 'Object Repository/Page_General/link_login' is clicked on

2018-10-16 17:30:03 - [MESSAGE][PASSED] - Wait for page load successfully

2018-10-16 17:30:03 - [MESSAGE][PASSED] - beautytap.GeneralAction.clickNavigationMenu is PASSED

2018-10-16 17:30:03 - [TEST_STEP][PASSED] - beautytap.GeneralAction.login: beautytap.GeneralAction.login is PASSED

2018-10-16 17:30:03 - [MESSAGE][PASSED] - Text of object 'Object Repository/Page_login/txt_username' is cleared

2018-10-16 17:30:04 - [MESSAGE][PASSED] - Keys 'trang2408@mailinator.com' sent to object: 'Object Repository/Page_login/txt_username'

2018-10-16 17:30:05 - [MESSAGE][PASSED] - Text of object 'Object Repository/Page_login/txt_password' is cleared

2018-10-16 17:30:05 - [MESSAGE][PASSED] - Keys '123456' sent to object: 'Object Repository/Page_login/txt_password'

2018-10-16 17:30:05 - [MESSAGE][PASSED] - Object: 'Object Repository/Page_login/btn_login' is clicked on

2018-10-16 17:30:05 - [MESSAGE][PASSED] - Wait for page load successfully

2018-10-16 17:30:05 - [MESSAGE][PASSED] - beautytap.GeneralAction.login is PASSED

2018-10-16 17:30:05 - [TEST_STEP][PASSED] - beautytap.GeneralAction.VerifyNotificationText: Keyword VerifyNotificationText is Passed

2018-10-16 17:30:33 - [MESSAGE][PASSED] - Object: 'Object Repository/Page_General/link_notificationIcon' is clicked on

2018-10-16 17:30:38 - [MESSAGE][PASSED] - Delayed 5 second(s)

2018-10-16 17:30:38 - [MESSAGE][PASSED] - Text of object '' is: 'You received 114.48 redeemable points'

2018-10-16 17:30:38 - [MESSAGE][PASSED] - Keyword VerifyNotificationText is Passed

2018-10-16 17:30:38 - [TEST_STEP][PASSED] - beautytap.GeneralAction.selectProfileMenu: beautytap.GeneralAction.selectProfileMenu is PASSED

2018-10-16 17:30:38 - [MESSAGE][PASSED] - Object: 'Object Repository/Page_General/link_avatar' is clicked on

2018-10-16 17:30:40 - [MESSAGE][PASSED] - Delayed 2 second(s)

2018-10-16 17:30:45 - [MESSAGE][PASSED] - Object: '' is clicked on

2018-10-16 17:30:45 - [MESSAGE][PASSED] - Wait for page load successfully

2018-10-16 17:30:45 - [MESSAGE][PASSED] - beautytap.GeneralAction.selectProfileMenu is PASSED

2018-10-16 17:30:45 - [TEST_STEP][PASSED] - Statement - newLifetime = java.lang.Float.parseFloat(java.lang.String.format("%.2f", lifetime + rewardEarned)): null

2018-10-16 17:30:45 - [TEST_STEP][PASSED] - Statement - newRedeemable = java.lang.Float.parseFloat(java.lang.String.format("%.2f", redeemable + rewardEarned)): null

2018-10-16 17:30:45 - [TEST_STEP][PASSED] - Statement - newPointValue = CustomKeywords.beautytap.ShopAction.calculateLoyaltyPointValue(newRedeemable): beautytap.ShopAction.calculateLoyaltyPointValue is PASSED

2018-10-16 17:30:45 - [MESSAGE][PASSED] - beautytap.ShopAction.calculateLoyaltyPointValue is PASSED

2018-10-16 17:30:45 - [TEST_STEP][PASSED] - beautytap.ShopAction.VerifyRewardPointsDetails: Keyword VerifyRewardPoints is Passed

2018-10-16 17:30:45 - [MESSAGE][PASSED] - Text of object '' is: '13660.91'

2018-10-16 17:30:45 - [MESSAGE][PASSED] - Text of object '' is: '3475.00'

2018-10-16 17:30:46 - [MESSAGE][PASSED] - Text of object '' is: '9670.91'

2018-10-16 17:30:46 - [MESSAGE][PASSED] - Text of object '' is: '$520.00'

2018-10-16 17:30:46 - [MESSAGE][PASSED] - Keyword VerifyRewardPoints is Passed

2018-10-16 17:30:46 - [TEST_STEP][PASSED] - beautytap.ShopAction.VerifyRewardHistory: Keyword VerifyRewardHistory is Passed

2018-10-16 17:30:46 - [MESSAGE][PASSED] - Object '' is present

2018-10-16 17:30:46 - [MESSAGE][PASSED] - Text of object '' is: ''

2018-10-16 17:30:46 - [MESSAGE][PASSED] - Text of object '' is: '$95.40'

2018-10-16 17:30:46 - [MESSAGE][PASSED] - Text of object '' is: '1.2'

2018-10-16 17:30:46 - [MESSAGE][PASSED] - Text of object '' is: '114.48'

2018-10-16 17:30:46 - [MESSAGE][PASSED] - Text of object '' is: '9670.91'

2018-10-16 17:30:46 - [MESSAGE][PASSED] - Keyword VerifyRewardHistory is Passed

2018-10-16 17:30:46 - [TEST_STEP][PASSED] - beautytap.GeneralAction.logout: beautytap.GeneralAction.logout is PASSED

2018-10-16 17:30:46 - [MESSAGE][PASSED] - Object: 'Object Repository/Page_General/link_avatar' is clicked on

2018-10-16 17:30:47 - [MESSAGE][PASSED] - Object 'Object Repository/Page_General/menu_logout' is present

2018-10-16 17:30:47 - [MESSAGE][PASSED] - Object: 'Object Repository/Page_General/menu_logout' is clicked on

2018-10-16 17:30:47 - [MESSAGE][PASSED] - Wait for page load successfully

2018-10-16 17:30:48 - [MESSAGE][PASSED] - Browser is closed

2018-10-16 17:30:48 - [MESSAGE][PASSED] - beautytap.GeneralAction.logout is PASSED]]></system-out>
         <system-err><![CDATA[]]></system-err>
      </testcase>
      <testcase name="Test Cases/Shop/TC08_BuyProduct_UsingRewardPoint" classname="Test Cases/Shop/TC08_BuyProduct_UsingRewardPoint" status="PASSED">
         <system-out><![CDATA[2018-10-16 17:30:50 - [TEST_CASE][PASSED] - Test Cases/Shop/TC08_BuyProduct_UsingRewardPoint: Test Cases/Shop/TC08_BuyProduct_UsingRewardPoint

2018-10-16 17:30:51 - [TEST_STEP][PASSED] - Statement - username = USER_EMAIL: null

2018-10-16 17:30:51 - [TEST_STEP][PASSED] - Statement - password = USER_PASSWORD: null

2018-10-16 17:30:51 - [TEST_STEP][PASSED] - Statement - productName = SIMPLE_PRODUCT: null

2018-10-16 17:30:51 - [TEST_STEP][PASSED] - Statement - price = SIMPLE_PRODUCT_PRICE: null

2018-10-16 17:30:51 - [TEST_STEP][PASSED] - Statement - quantity = 3: null

2018-10-16 17:30:51 - [TEST_STEP][PASSED] - Statement - shippingLabel = FREE_SHIPPING_LABEL: null

2018-10-16 17:30:51 - [TEST_STEP][PASSED] - Statement - shippingPrice = 0: null

2018-10-16 17:30:51 - [TEST_STEP][PASSED] - Statement - pointUsed = 60: null

2018-10-16 17:30:51 - [TEST_STEP][PASSED] - Statement - pointValueUsed = 2: null

2018-10-16 17:30:51 - [TEST_STEP][PASSED] - Statement - subtotal = CustomKeywords.beautytap.ShopAction.calculateTotal(quantity, price): beautytap.ShopAction.calculateTotal is PASSED

2018-10-16 17:30:51 - [MESSAGE][PASSED] - beautytap.ShopAction.calculateTotal is PASSED

2018-10-16 17:30:51 - [TEST_STEP][PASSED] - Statement - subtotalApplyReward = java.lang.Float.parseFloat(java.lang.String.format("%.2f", subtotal - pointValueUsed)): null

2018-10-16 17:30:51 - [TEST_STEP][PASSED] - Statement - total = java.lang.Float.parseFloat(java.lang.String.format("%.2f", subtotal - pointValueUsed + shippingPrice)): null

2018-10-16 17:30:51 - [TEST_STEP][PASSED] - Statement - products = new org.json.JSONArray((((((([{"productname":" + productName) + ","variation":"","quantity":") + quantity) + ","price":") + price) + "}])): null

2018-10-16 17:30:51 - [TEST_STEP][PASSED] - Statement - billingInformation = new org.json.JSONObject((({"firstname":"Test","lastname":"Automation","country":"United States (US)","address":"123 Testing","city":"New York","state":"New York","zip":"90012","email":" + username) + "})): null

2018-10-16 17:30:51 - [TEST_STEP][PASSED] - Statement - paymentMethod = "PayPal": null

2018-10-16 17:30:51 - [TEST_STEP][PASSED] - beautytap.GeneralAction.openBeautytap: beautytap.GeneralAction.openBeautytap is PASSED

2018-10-16 17:31:20 - [MESSAGE][PASSED] - Browser is opened with url: 'https://stage.beautytap.com'

2018-10-16 17:31:21 - [MESSAGE][PASSED] - Current window maximized

2018-10-16 17:31:29 - [MESSAGE][PASSED] - Refresh successfully

2018-10-16 17:31:29 - [MESSAGE][PASSED] - Wait for page load successfully

2018-10-16 17:31:29 - [MESSAGE][PASSED] - beautytap.GeneralAction.openBeautytap is PASSED

2018-10-16 17:31:29 - [TEST_STEP][PASSED] - beautytap.GeneralAction.clickNavigationMenu: beautytap.GeneralAction.clickNavigationMenu is PASSED

2018-10-16 17:31:32 - [MESSAGE][PASSED] - Object: 'Object Repository/Page_General/link_login' is clicked on

2018-10-16 17:31:33 - [MESSAGE][PASSED] - Wait for page load successfully

2018-10-16 17:31:33 - [MESSAGE][PASSED] - beautytap.GeneralAction.clickNavigationMenu is PASSED

2018-10-16 17:31:33 - [TEST_STEP][PASSED] - beautytap.GeneralAction.login: beautytap.GeneralAction.login is PASSED

2018-10-16 17:31:33 - [MESSAGE][PASSED] - Text of object 'Object Repository/Page_login/txt_username' is cleared

2018-10-16 17:31:33 - [MESSAGE][PASSED] - Keys 'trang2408@mailinator.com' sent to object: 'Object Repository/Page_login/txt_username'

2018-10-16 17:31:33 - [MESSAGE][PASSED] - Text of object 'Object Repository/Page_login/txt_password' is cleared

2018-10-16 17:31:33 - [MESSAGE][PASSED] - Keys '123456' sent to object: 'Object Repository/Page_login/txt_password'

2018-10-16 17:31:33 - [MESSAGE][PASSED] - Object: 'Object Repository/Page_login/btn_login' is clicked on

2018-10-16 17:31:33 - [MESSAGE][PASSED] - Wait for page load successfully

2018-10-16 17:31:33 - [MESSAGE][PASSED] - beautytap.GeneralAction.login is PASSED

2018-10-16 17:31:33 - [TEST_STEP][PASSED] - beautytap.GeneralAction.selectProfileMenu: beautytap.GeneralAction.selectProfileMenu is PASSED

2018-10-16 17:31:56 - [MESSAGE][PASSED] - Object: 'Object Repository/Page_General/link_avatar' is clicked on

2018-10-16 17:31:58 - [MESSAGE][PASSED] - Delayed 2 second(s)

2018-10-16 17:32:04 - [MESSAGE][PASSED] - Object: '' is clicked on

2018-10-16 17:32:04 - [MESSAGE][PASSED] - Wait for page load successfully

2018-10-16 17:32:04 - [MESSAGE][PASSED] - beautytap.GeneralAction.selectProfileMenu is PASSED

2018-10-16 17:32:04 - [TEST_STEP][PASSED] - Statement - objReward = CustomKeywords.beautytap.ShopAction.getRewardDetails(): beautytap.ShopAction.getRewardDetails is PASSED

2018-10-16 17:32:05 - [MESSAGE][PASSED] - Text of object '' is: '1.2 x Rewards Multiplier!'

2018-10-16 17:32:05 - [MESSAGE][PASSED] - Text of object '' is: '1.2 x Rewards Multiplier!'

2018-10-16 17:32:05 - [MESSAGE][PASSED] - Text of object '' is: '13660.91'

2018-10-16 17:32:05 - [MESSAGE][PASSED] - Text of object '' is: '3475.00'

2018-10-16 17:32:06 - [MESSAGE][PASSED] - Text of object '' is: '9670.91'

2018-10-16 17:32:06 - [MESSAGE][PASSED] - Text of object '' is: '$520.00'

2018-10-16 17:32:06 - [MESSAGE][PASSED] - Text of object '' is: 'BB Boss'

2018-10-16 17:32:06 - [MESSAGE][PASSED] - beautytap.ShopAction.getRewardDetails is PASSED

2018-10-16 17:32:06 - [TEST_STEP][PASSED] - Statement - multiplier = java.lang.Float.parseFloat(objReward.get("multiplier")): null

2018-10-16 17:32:06 - [TEST_STEP][PASSED] - Statement - currentlevel = objReward.get("currentlevel"): null

2018-10-16 17:32:06 - [TEST_STEP][PASSED] - Statement - lifetime = java.lang.Float.parseFloat(objReward.get("lifetime")): null

2018-10-16 17:32:06 - [TEST_STEP][PASSED] - Statement - pending = java.lang.Float.parseFloat(objReward.get("pending")): null

2018-10-16 17:32:06 - [TEST_STEP][PASSED] - Statement - redeemable = java.lang.Float.parseFloat(objReward.get("redeemable")): null

2018-10-16 17:32:06 - [TEST_STEP][PASSED] - Statement - pointvalue = java.lang.Float.parseFloat(objReward.get("pointvalue")): null

2018-10-16 17:32:06 - [TEST_STEP][PASSED] - Statement - rewardEarned = java.lang.Float.parseFloat(java.lang.String.format("%.2f", multiplier * subtotal - pointValueUsed)): null

2018-10-16 17:32:06 - [TEST_STEP][PASSED] - beautytap.ShopAction.globalSearch: beautytap.ShopAction.globalSearch is PASSED

2018-10-16 17:32:07 - [MESSAGE][PASSED] - Object: 'Object Repository/Page_General/icon_search' is clicked on

2018-10-16 17:32:12 - [MESSAGE][PASSED] - Delayed 5 second(s)

2018-10-16 17:32:12 - [MESSAGE][PASSED] - Text of object 'Object Repository/Page_General/txt_search' is cleared

2018-10-16 17:32:12 - [MESSAGE][PASSED] - Keys 'CONTROL + v' sent to object: 'Object Repository/Page_General/txt_search'

2018-10-16 17:32:17 - [MESSAGE][PASSED] - Delayed 5 second(s)

2018-10-16 17:32:17 - [MESSAGE][PASSED] - beautytap.ShopAction.globalSearch is PASSED

2018-10-16 17:32:17 - [TEST_STEP][PASSED] - beautytap.ShopAction.selectSearchResult: beautytap.ShopAction.selectSearchResult is PASSED

2018-10-16 17:32:17 - [MESSAGE][PASSED] - Text of object '' is: 'La Muse Correct Care Complete Cushion SPF50+'

2018-10-16 17:32:17 - [MESSAGE][PASSED] - Object '' is present

2018-10-16 17:32:26 - [MESSAGE][PASSED] - Object: '' is clicked on

2018-10-16 17:32:26 - [MESSAGE][PASSED] - Wait for page load successfully

2018-10-16 17:32:26 - [MESSAGE][PASSED] - beautytap.ShopAction.selectSearchResult is PASSED

2018-10-16 17:32:26 - [TEST_STEP][PASSED] - beautytap.ShopAction.addProductToCart: beautytap.ShopAction.addProductToCart is PASSED

2018-10-16 17:32:26 - [MESSAGE][PASSED] - Text of object 'Object Repository/Page_Shop/txt_quantity' is cleared

2018-10-16 17:32:26 - [MESSAGE][PASSED] - Keys '3' sent to object: 'Object Repository/Page_Shop/txt_quantity'

2018-10-16 17:32:27 - [MESSAGE][PASSED] - Object: 'Object Repository/Page_Shop/btn_addToCart' is clicked on

2018-10-16 17:32:27 - [MESSAGE][PASSED] - Wait for page load successfully

2018-10-16 17:32:33 - [MESSAGE][PASSED] - Object 'Object Repository/Page_Shop/lbl_message' is present

2018-10-16 17:32:38 - [MESSAGE][PASSED] - Delayed 5 second(s)

2018-10-16 17:32:38 - [MESSAGE][PASSED] - beautytap.ShopAction.addProductToCart is PASSED

2018-10-16 17:32:38 - [TEST_STEP][PASSED] - beautytap.ShopAction.goToCart: beautytap.ShopAction.goToCart is PASSED

2018-10-16 17:32:38 - [MESSAGE][PASSED] - Object 'Object Repository/Page_General/icon_cart' is present

2018-10-16 17:32:45 - [MESSAGE][PASSED] - Object: 'Object Repository/Page_General/icon_cart' is clicked on

2018-10-16 17:32:45 - [MESSAGE][PASSED] - Wait for page load successfully

2018-10-16 17:32:45 - [MESSAGE][PASSED] - beautytap.ShopAction.goToCart is PASSED

2018-10-16 17:32:45 - [TEST_STEP][PASSED] - beautytap.ShopAction.processToCheckout: beautytap.ShopAction.processToCheckout is PASSED

2018-10-16 17:32:53 - [MESSAGE][PASSED] - Object: 'Object Repository/Page_Cart/btn_checkout' is clicked on

2018-10-16 17:32:53 - [MESSAGE][PASSED] - Wait for page load successfully

2018-10-16 17:32:53 - [MESSAGE][PASSED] - beautytap.ShopAction.processToCheckout is PASSED

2018-10-16 17:32:53 - [TEST_STEP][PASSED] - beautytap.ShopAction.applyLoyaltyRewardPoint: beautytap.ShopAction.applyLoyaltyRewardPoint is PASSED

2018-10-16 17:32:53 - [MESSAGE][PASSED] - Object: 'Object Repository/Page_Checkout/link_clickToRedeem' is clicked on

2018-10-16 17:32:53 - [MESSAGE][PASSED] - Object '' is checked

2018-10-16 17:32:55 - [MESSAGE][PASSED] - Object '' is present

2018-10-16 17:32:55 - [MESSAGE][PASSED] - beautytap.ShopAction.applyLoyaltyRewardPoint is PASSED

2018-10-16 17:32:55 - [TEST_STEP][PASSED] - beautytap.ShopAction.fillCustomerInformation: beautytap.ShopAction.fillCustomerInformation is PASSED

2018-10-16 17:32:55 - [MESSAGE][PASSED] - Text of object 'Object Repository/Page_Checkout/txt_billingFirstName' is cleared

2018-10-16 17:32:55 - [MESSAGE][PASSED] - Keys 'Test' sent to object: 'Object Repository/Page_Checkout/txt_billingFirstName'

2018-10-16 17:32:56 - [MESSAGE][PASSED] - Text of object 'Object Repository/Page_Checkout/txt_billingLastName' is cleared

2018-10-16 17:32:56 - [MESSAGE][PASSED] - Keys 'Automation' sent to object: 'Object Repository/Page_Checkout/txt_billingLastName'

2018-10-16 17:32:56 - [MESSAGE][PASSED] - All options with label 'United States (US)' are selected in object 'Object Repository/Page_Checkout/drop_billingCountry' 

2018-10-16 17:33:01 - [MESSAGE][PASSED] - Delayed 5 second(s)

2018-10-16 17:33:01 - [MESSAGE][PASSED] - Text of object 'Object Repository/Page_Checkout/txt_billingAddress' is cleared

2018-10-16 17:33:02 - [MESSAGE][PASSED] - Keys '123 Testing' sent to object: 'Object Repository/Page_Checkout/txt_billingAddress'

2018-10-16 17:33:02 - [MESSAGE][PASSED] - Text of object 'Object Repository/Page_Checkout/txt_billingCity' is cleared

2018-10-16 17:33:02 - [MESSAGE][PASSED] - Keys 'New York' sent to object: 'Object Repository/Page_Checkout/txt_billingCity'

2018-10-16 17:33:02 - [MESSAGE][PASSED] - All options with label 'New York' are selected in object 'Object Repository/Page_Checkout/drop_billingState' 

2018-10-16 17:33:03 - [MESSAGE][PASSED] - Text of object 'Object Repository/Page_Checkout/txt_billingZip' is cleared

2018-10-16 17:33:03 - [MESSAGE][PASSED] - Keys '90012' sent to object: 'Object Repository/Page_Checkout/txt_billingZip'

2018-10-16 17:33:03 - [MESSAGE][PASSED] - Text of object 'Object Repository/Page_Checkout/txt_billingEmail' is cleared

2018-10-16 17:33:04 - [MESSAGE][PASSED] - Keys 'trang2408@mailinator.com' sent to object: 'Object Repository/Page_Checkout/txt_billingEmail'

2018-10-16 17:33:04 - [MESSAGE][PASSED] - Object 'Object Repository/Page_Checkout/chk_shipToDifferentAddress' is un-checked

2018-10-16 17:33:04 - [MESSAGE][PASSED] - Text of object 'Object Repository/Page_Checkout/txt_orderNote' is cleared

2018-10-16 17:33:05 - [MESSAGE][PASSED] - Keys 'TC08_checkout with reward' sent to object: 'Object Repository/Page_Checkout/txt_orderNote'

2018-10-16 17:33:05 - [MESSAGE][PASSED] - Object 'Object Repository/Page_Checkout/radio_creditCard' is checked

2018-10-16 17:33:10 - [MESSAGE][PASSED] - Delayed 5 second(s)

2018-10-16 17:33:10 - [MESSAGE][PASSED] - beautytap.ShopAction.fillCustomerInformation is PASSED

2018-10-16 17:33:10 - [TEST_STEP][PASSED] - beautytap.ShopAction.VerifyOrderDetailsOnCheckout: Keyword VerifyOrderDetailsOnCheckout is Passed

2018-10-16 17:33:10 - [MESSAGE][PASSED] - Object '' is present

2018-10-16 17:33:10 - [MESSAGE][PASSED] - Text of object '' is: '$95.40'

2018-10-16 17:33:10 - [MESSAGE][PASSED] - Text of object '' is: '60 points used'

2018-10-16 17:33:10 - [MESSAGE][PASSED] - Text of object '' is: '60 points used'

2018-10-16 17:33:10 - [MESSAGE][PASSED] - Text of object '' is: '$2.00'

2018-10-16 17:33:10 - [MESSAGE][PASSED] - Text of object '' is: 'Free shipping for orders over $70
Why does shipping take this long?'

2018-10-16 17:33:10 - [MESSAGE][PASSED] - Text of object '' is: '$93.40'

2018-10-16 17:33:10 - [MESSAGE][PASSED] - Keyword VerifyOrderDetailsOnCheckout is Passed

2018-10-16 17:33:10 - [TEST_STEP][PASSED] - beautytap.ShopAction.VerifyRewardEarned: Keyword VerifyRewardEarned is Passed

2018-10-16 17:33:10 - [MESSAGE][PASSED] - Text of object '' is: 'Status: BB Boss ( $93.4 x Rewards Multiplier )'

2018-10-16 17:33:10 - [MESSAGE][PASSED] - Text of object '' is: 'Status: BB Boss ( $93.4 x Rewards Multiplier )'

2018-10-16 17:33:11 - [MESSAGE][PASSED] - Text of object '' is: 'Status: BB Boss ( $93.4 x Rewards Multiplier )'

2018-10-16 17:33:11 - [MESSAGE][PASSED] - Text of object '' is: 'Multiplier: $93.4 x 1.2'

2018-10-16 17:33:11 - [MESSAGE][PASSED] - Text of object '' is: 'Multiplier: $93.4 x 1.2'

2018-10-16 17:33:11 - [MESSAGE][PASSED] - Text of object '' is: '112.1 Points!'

2018-10-16 17:33:11 - [MESSAGE][PASSED] - Text of object '' is: '112.1 Points!'

2018-10-16 17:33:11 - [MESSAGE][PASSED] - Text of object '' is: 'Multiplier: $93.4 x 1.2'

2018-10-16 17:33:11 - [MESSAGE][PASSED] - Text of object '' is: 'Multiplier: $93.4 x 1.2'

2018-10-16 17:33:11 - [MESSAGE][PASSED] - Text of object '' is: 'Multiplier: $93.4 x 1.2'

2018-10-16 17:33:11 - [MESSAGE][PASSED] - Keyword VerifyRewardEarned is Passed

2018-10-16 17:33:11 - [TEST_STEP][PASSED] - beautytap.ShopAction.checkoutViaPaypal: beautytap.ShopAction.checkoutViaPaypal is PASSED

2018-10-16 17:33:11 - [MESSAGE][PASSED] - Object 'Object Repository/Page_Checkout/radio_paypal' is checked

2018-10-16 17:33:16 - [MESSAGE][PASSED] - Delayed 5 second(s)

2018-10-16 17:33:16 - [MESSAGE][PASSED] - Object 'Object Repository/Page_Checkout/chk_terms' is checked

2018-10-16 17:33:17 - [MESSAGE][PASSED] - Object: 'Object Repository/Page_Checkout/btn_placeOrder' is clicked on

2018-10-16 17:33:25 - [MESSAGE][PASSED] - Object 'Object Repository/Page_Paypal/txt_email' is present

2018-10-16 17:33:25 - [MESSAGE][PASSED] - Text of object 'Object Repository/Page_Paypal/txt_email' is cleared

2018-10-16 17:33:25 - [MESSAGE][PASSED] - Keys 'g1.posiba@gmail.com' sent to object: 'Object Repository/Page_Paypal/txt_email'

2018-10-16 17:33:25 - [MESSAGE][PASSED] - Text of object 'Object Repository/Page_Paypal/txt_password' is cleared

2018-10-16 17:33:25 - [MESSAGE][PASSED] - Keys 'Tr@ng99%' sent to object: 'Object Repository/Page_Paypal/txt_password'

2018-10-16 17:33:41 - [MESSAGE][PASSED] - Object: 'Object Repository/Page_Paypal/btn_login' is clicked on

2018-10-16 17:33:47 - [MESSAGE][PASSED] - Object 'Object Repository/Page_Paypal/btn_payNow' is present

2018-10-16 17:33:52 - [MESSAGE][PASSED] - Delayed 5 second(s)

2018-10-16 17:33:52 - [MESSAGE][PASSED] - Object: 'Object Repository/Page_Paypal/btn_payNow' is clicked on

2018-10-16 17:34:13 - [MESSAGE][PASSED] - Object 'Object Repository/Page_Checkout/lbl_orderReceived' is present

2018-10-16 17:34:13 - [MESSAGE][PASSED] - beautytap.ShopAction.checkoutViaPaypal is PASSED

2018-10-16 17:34:13 - [TEST_STEP][PASSED] - beautytap.ShopAction.VerifyOrderReceivedDetails: Keyword VerifyOrderReceivedDetails is Passed

2018-10-16 17:34:13 - [MESSAGE][PASSED] - Object '' is present

2018-10-16 17:34:13 - [MESSAGE][PASSED] - Text of object '' is: '$95.40'

2018-10-16 17:34:13 - [MESSAGE][PASSED] - Text of object '' is: '60 points used'

2018-10-16 17:34:13 - [MESSAGE][PASSED] - Text of object '' is: '60 points used'

2018-10-16 17:34:13 - [MESSAGE][PASSED] - Text of object '' is: '$2.00'

2018-10-16 17:34:13 - [MESSAGE][PASSED] - Text of object '' is: 'Free shipping for orders over $70'

2018-10-16 17:34:19 - [MESSAGE][WARNING] - com.kms.katalon.core.webui.exception.WebElementNotFoundException: Web element with id: '' located by 'By.xpath: //th[text()='Shipping:']/parent::tr/td/span' not found
[[ATTACHMENT|E:\\BeautytapAutomation\\beautytapAuto\\Beautytap\\Reports\\Regression\\20181016_165806\\1539686058909.png]]

2018-10-16 17:34:19 - [MESSAGE][PASSED] - Text of object '' is: 'PayPal'

2018-10-16 17:34:19 - [MESSAGE][PASSED] - Text of object '' is: '$93.40'

2018-10-16 17:34:19 - [MESSAGE][PASSED] - Keyword VerifyOrderReceivedDetails is Passed

2018-10-16 17:34:19 - [TEST_STEP][PASSED] - Statement - orderInfo = CustomKeywords.beautytap.ShopAction.getOrderInfoOnOrderReceived(): beautytap.ShopAction.getOrderInfoOnOrderReceived is PASSED

2018-10-16 17:34:19 - [MESSAGE][PASSED] - Text of object '' is: '137880'

2018-10-16 17:34:19 - [MESSAGE][PASSED] - Text of object '' is: 'October 16, 2018'

2018-10-16 17:34:19 - [MESSAGE][PASSED] - beautytap.ShopAction.getOrderInfoOnOrderReceived is PASSED

2018-10-16 17:34:19 - [TEST_STEP][PASSED] - Statement - orderNumber = orderInfo.get("ordernumber"): null

2018-10-16 17:34:19 - [TEST_STEP][PASSED] - beautytap.ShopAction.VerifyRewardEarned: Keyword VerifyRewardEarned is Passed

2018-10-16 17:34:19 - [MESSAGE][PASSED] - Text of object '' is: 'Status: BB Boss ( $93.40 x Rewards Multiplier )'

2018-10-16 17:34:19 - [MESSAGE][PASSED] - Text of object '' is: 'Status: BB Boss ( $93.40 x Rewards Multiplier )'

2018-10-16 17:34:19 - [MESSAGE][PASSED] - Text of object '' is: 'Status: BB Boss ( $93.40 x Rewards Multiplier )'

2018-10-16 17:34:19 - [MESSAGE][PASSED] - Text of object '' is: 'Multiplier: $93.40 x 1.2'

2018-10-16 17:34:19 - [MESSAGE][PASSED] - Text of object '' is: 'Multiplier: $93.40 x 1.2'

2018-10-16 17:34:19 - [MESSAGE][PASSED] - Text of object '' is: '112.1 Points!'

2018-10-16 17:34:19 - [MESSAGE][PASSED] - Text of object '' is: '112.1 Points!'

2018-10-16 17:34:19 - [MESSAGE][PASSED] - Text of object '' is: 'Multiplier: $93.40 x 1.2'

2018-10-16 17:34:19 - [MESSAGE][PASSED] - Text of object '' is: 'Multiplier: $93.40 x 1.2'

2018-10-16 17:34:19 - [MESSAGE][PASSED] - Text of object '' is: 'Multiplier: $93.40 x 1.2'

2018-10-16 17:34:19 - [MESSAGE][PASSED] - Keyword VerifyRewardEarned is Passed

2018-10-16 17:34:19 - [TEST_STEP][PASSED] - beautytap.GeneralAction.selectProfileMenu: beautytap.GeneralAction.selectProfileMenu is PASSED

2018-10-16 17:34:20 - [MESSAGE][PASSED] - Object: 'Object Repository/Page_General/link_avatar' is clicked on

2018-10-16 17:34:22 - [MESSAGE][PASSED] - Delayed 2 second(s)

2018-10-16 17:34:26 - [MESSAGE][PASSED] - Object: '' is clicked on

2018-10-16 17:34:26 - [MESSAGE][PASSED] - Wait for page load successfully

2018-10-16 17:34:26 - [MESSAGE][PASSED] - beautytap.GeneralAction.selectProfileMenu is PASSED

2018-10-16 17:34:26 - [TEST_STEP][PASSED] - Statement - newPending = java.lang.Float.parseFloat(java.lang.String.format("%.2f", pending + rewardEarned)): null

2018-10-16 17:34:26 - [TEST_STEP][PASSED] - Statement - newRedeemable = java.lang.Float.parseFloat(java.lang.String.format("%.2f", redeemable - pointUsed)): null

2018-10-16 17:34:26 - [TEST_STEP][PASSED] - Statement - newPointValue = CustomKeywords.beautytap.ShopAction.calculateLoyaltyPointValue(newRedeemable): beautytap.ShopAction.calculateLoyaltyPointValue is PASSED

2018-10-16 17:34:26 - [MESSAGE][PASSED] - beautytap.ShopAction.calculateLoyaltyPointValue is PASSED

2018-10-16 17:34:26 - [TEST_STEP][PASSED] - beautytap.ShopAction.VerifyRewardPointsDetails: Keyword VerifyRewardPoints is Passed

2018-10-16 17:34:26 - [MESSAGE][PASSED] - Text of object '' is: '13660.91'

2018-10-16 17:34:26 - [MESSAGE][PASSED] - Text of object '' is: '3587.08'

2018-10-16 17:34:26 - [MESSAGE][PASSED] - Text of object '' is: '9610.91'

2018-10-16 17:34:26 - [MESSAGE][PASSED] - Text of object '' is: '$517.00'

2018-10-16 17:34:26 - [MESSAGE][PASSED] - Keyword VerifyRewardPoints is Passed

2018-10-16 17:34:26 - [TEST_STEP][PASSED] - beautytap.ShopAction.VerifyRewardHistory: Keyword VerifyRewardHistory is Passed

2018-10-16 17:34:26 - [MESSAGE][PASSED] - Object '' is present

2018-10-16 17:34:26 - [MESSAGE][PASSED] - Text of object '' is: '60'

2018-10-16 17:34:26 - [MESSAGE][PASSED] - Text of object '' is: '60'

2018-10-16 17:34:26 - [MESSAGE][PASSED] - Text of object '' is: '$93.40'

2018-10-16 17:34:26 - [MESSAGE][PASSED] - Text of object '' is: '1.2'

2018-10-16 17:34:27 - [MESSAGE][PASSED] - Text of object '' is: '-60.00'

2018-10-16 17:34:27 - [MESSAGE][PASSED] - Text of object '' is: '9610.91'

2018-10-16 17:34:27 - [MESSAGE][PASSED] - Keyword VerifyRewardHistory is Passed

2018-10-16 17:34:27 - [TEST_STEP][PASSED] - beautytap.ShopAction.VerifyRewardHistory: Keyword VerifyRewardHistory is Passed

2018-10-16 17:34:27 - [MESSAGE][PASSED] - Object '' is present

2018-10-16 17:34:27 - [MESSAGE][PASSED] - Text of object '' is: '60'

2018-10-16 17:34:27 - [MESSAGE][PASSED] - Text of object '' is: '60'

2018-10-16 17:34:27 - [MESSAGE][PASSED] - Text of object '' is: '$93.40'

2018-10-16 17:34:27 - [MESSAGE][PASSED] - Text of object '' is: '1.2'

2018-10-16 17:34:27 - [MESSAGE][PASSED] - Text of object '' is: '0.00'

2018-10-16 17:34:27 - [MESSAGE][PASSED] - Text of object '' is: '9610.91'

2018-10-16 17:34:27 - [MESSAGE][PASSED] - Keyword VerifyRewardHistory is Passed

2018-10-16 17:34:27 - [TEST_STEP][PASSED] - beautytap.GeneralAction.logout: beautytap.GeneralAction.logout is PASSED

2018-10-16 17:34:27 - [MESSAGE][PASSED] - Object: 'Object Repository/Page_General/link_avatar' is clicked on

2018-10-16 17:34:29 - [MESSAGE][PASSED] - Object 'Object Repository/Page_General/menu_logout' is present

2018-10-16 17:34:29 - [MESSAGE][PASSED] - Object: 'Object Repository/Page_General/menu_logout' is clicked on

2018-10-16 17:34:29 - [MESSAGE][PASSED] - Wait for page load successfully

2018-10-16 17:34:29 - [MESSAGE][PASSED] - beautytap.GeneralAction.logout is PASSED

2018-10-16 17:34:29 - [TEST_STEP][PASSED] - beautytap.GeneralAction.clickNavigationMenu: beautytap.GeneralAction.clickNavigationMenu is PASSED

2018-10-16 17:34:45 - [MESSAGE][PASSED] - Object: 'Object Repository/Page_General/link_login' is clicked on

2018-10-16 17:34:45 - [MESSAGE][PASSED] - Wait for page load successfully

2018-10-16 17:34:45 - [MESSAGE][PASSED] - beautytap.GeneralAction.clickNavigationMenu is PASSED

2018-10-16 17:34:45 - [TEST_STEP][PASSED] - beautytap.GeneralAction.login: beautytap.GeneralAction.login is PASSED

2018-10-16 17:34:46 - [MESSAGE][PASSED] - Text of object 'Object Repository/Page_login/txt_username' is cleared

2018-10-16 17:34:46 - [MESSAGE][PASSED] - Keys 'mrwhite' sent to object: 'Object Repository/Page_login/txt_username'

2018-10-16 17:34:46 - [MESSAGE][PASSED] - Text of object 'Object Repository/Page_login/txt_password' is cleared

2018-10-16 17:34:47 - [MESSAGE][PASSED] - Keys 'kgySM$Im' sent to object: 'Object Repository/Page_login/txt_password'

2018-10-16 17:34:47 - [MESSAGE][PASSED] - Object: 'Object Repository/Page_login/btn_login' is clicked on

2018-10-16 17:34:47 - [MESSAGE][PASSED] - Wait for page load successfully

2018-10-16 17:34:47 - [MESSAGE][PASSED] - beautytap.GeneralAction.login is PASSED

2018-10-16 17:34:47 - [TEST_STEP][PASSED] - navigateToUrl: Navigate to 'https://stage.beautytap.com/admin' successfully

2018-10-16 17:34:58 - [MESSAGE][PASSED] - Navigate to 'https://stage.beautytap.com/admin' successfully

2018-10-16 17:34:58 - [TEST_STEP][PASSED] - beautytap.AdminAction.changeOrderStatus: beautytap.AdminAction.changeOrderStatus is PASSED

2018-10-16 17:35:10 - [MESSAGE][PASSED] - Object: '' is clicked on

2018-10-16 17:35:10 - [MESSAGE][PASSED] - Wait for page load successfully

2018-10-16 17:35:16 - [MESSAGE][PASSED] - Object: '' is clicked on

2018-10-16 17:35:17 - [MESSAGE][PASSED] - Wait for page load successfully

2018-10-16 17:35:17 - [MESSAGE][PASSED] - Text of object 'Object Repository/Page_Admin/txt_searchOrder' is cleared

2018-10-16 17:35:17 - [MESSAGE][PASSED] - Keys '137880' sent to object: 'Object Repository/Page_Admin/txt_searchOrder'

2018-10-16 17:35:22 - [MESSAGE][PASSED] - Object: 'Object Repository/Page_Admin/btn_searchOrder' is clicked on

2018-10-16 17:35:22 - [MESSAGE][PASSED] - Wait for page load successfully

2018-10-16 17:35:36 - [MESSAGE][PASSED] - Object: '' is clicked on

2018-10-16 17:35:36 - [MESSAGE][PASSED] - Wait for page load successfully

2018-10-16 17:35:36 - [MESSAGE][PASSED] - All options with label 'Completed' are selected in object 'Object Repository/Page_Admin/drop_orderStatus' 

2018-10-16 17:35:37 - [MESSAGE][PASSED] - Object: 'Object Repository/Page_Admin/btn_saveOrder' is clicked on

2018-10-16 17:35:53 - [MESSAGE][PASSED] - Object 'Object Repository/Page_Admin/lbl_orderUpdatedMessage' is present

2018-10-16 17:35:53 - [MESSAGE][PASSED] - beautytap.AdminAction.changeOrderStatus is PASSED

2018-10-16 17:35:53 - [TEST_STEP][PASSED] - closeBrowser: Browser is closed

2018-10-16 17:35:55 - [MESSAGE][PASSED] - Browser is closed

2018-10-16 17:35:55 - [TEST_STEP][PASSED] - beautytap.GeneralAction.openBeautytap: beautytap.GeneralAction.openBeautytap is PASSED

2018-10-16 17:36:23 - [MESSAGE][PASSED] - Browser is opened with url: 'https://stage.beautytap.com'

2018-10-16 17:36:24 - [MESSAGE][PASSED] - Current window maximized

2018-10-16 17:36:32 - [MESSAGE][PASSED] - Refresh successfully

2018-10-16 17:36:32 - [MESSAGE][PASSED] - Wait for page load successfully

2018-10-16 17:36:32 - [MESSAGE][PASSED] - beautytap.GeneralAction.openBeautytap is PASSED

2018-10-16 17:36:32 - [TEST_STEP][PASSED] - beautytap.GeneralAction.clickNavigationMenu: beautytap.GeneralAction.clickNavigationMenu is PASSED

2018-10-16 17:36:36 - [MESSAGE][PASSED] - Object: 'Object Repository/Page_General/link_login' is clicked on

2018-10-16 17:36:36 - [MESSAGE][PASSED] - Wait for page load successfully

2018-10-16 17:36:36 - [MESSAGE][PASSED] - beautytap.GeneralAction.clickNavigationMenu is PASSED

2018-10-16 17:36:36 - [TEST_STEP][PASSED] - beautytap.GeneralAction.login: beautytap.GeneralAction.login is PASSED

2018-10-16 17:36:37 - [MESSAGE][PASSED] - Text of object 'Object Repository/Page_login/txt_username' is cleared

2018-10-16 17:36:37 - [MESSAGE][PASSED] - Keys 'trang2408@mailinator.com' sent to object: 'Object Repository/Page_login/txt_username'

2018-10-16 17:36:37 - [MESSAGE][PASSED] - Text of object 'Object Repository/Page_login/txt_password' is cleared

2018-10-16 17:36:37 - [MESSAGE][PASSED] - Keys '123456' sent to object: 'Object Repository/Page_login/txt_password'

2018-10-16 17:36:38 - [MESSAGE][PASSED] - Object: 'Object Repository/Page_login/btn_login' is clicked on

2018-10-16 17:36:38 - [MESSAGE][PASSED] - Wait for page load successfully

2018-10-16 17:36:38 - [MESSAGE][PASSED] - beautytap.GeneralAction.login is PASSED

2018-10-16 17:36:38 - [TEST_STEP][PASSED] - beautytap.GeneralAction.selectProfileMenu: beautytap.GeneralAction.selectProfileMenu is PASSED

2018-10-16 17:36:59 - [MESSAGE][PASSED] - Object: 'Object Repository/Page_General/link_avatar' is clicked on

2018-10-16 17:37:01 - [MESSAGE][PASSED] - Delayed 2 second(s)

2018-10-16 17:37:05 - [MESSAGE][PASSED] - Object: '' is clicked on

2018-10-16 17:37:05 - [MESSAGE][PASSED] - Wait for page load successfully

2018-10-16 17:37:05 - [MESSAGE][PASSED] - beautytap.GeneralAction.selectProfileMenu is PASSED

2018-10-16 17:37:05 - [TEST_STEP][PASSED] - Statement - newLifetime = java.lang.Float.parseFloat(java.lang.String.format("%.2f", lifetime + rewardEarned)): null

2018-10-16 17:37:05 - [TEST_STEP][PASSED] - Statement - newRedeemable = java.lang.Float.parseFloat(java.lang.String.format("%.2f", newRedeemable + rewardEarned)): null

2018-10-16 17:37:05 - [TEST_STEP][PASSED] - Statement - newPointValue = CustomKeywords.beautytap.ShopAction.calculateLoyaltyPointValue(newRedeemable): beautytap.ShopAction.calculateLoyaltyPointValue is PASSED

2018-10-16 17:37:05 - [MESSAGE][PASSED] - beautytap.ShopAction.calculateLoyaltyPointValue is PASSED

2018-10-16 17:37:05 - [TEST_STEP][PASSED] - beautytap.ShopAction.VerifyRewardPointsDetails: Keyword VerifyRewardPoints is Passed

2018-10-16 17:37:05 - [MESSAGE][PASSED] - Text of object '' is: '13772.99'

2018-10-16 17:37:05 - [MESSAGE][PASSED] - Text of object '' is: '3475.00'

2018-10-16 17:37:05 - [MESSAGE][PASSED] - Text of object '' is: '9722.99'

2018-10-16 17:37:05 - [MESSAGE][PASSED] - Text of object '' is: '$522.00'

2018-10-16 17:37:05 - [MESSAGE][PASSED] - Keyword VerifyRewardPoints is Passed

2018-10-16 17:37:05 - [TEST_STEP][PASSED] - beautytap.ShopAction.VerifyRewardHistory: Keyword VerifyRewardHistory is Passed

2018-10-16 17:37:05 - [MESSAGE][PASSED] - Object '' is present

2018-10-16 17:37:06 - [MESSAGE][PASSED] - Text of object '' is: '60'

2018-10-16 17:37:06 - [MESSAGE][PASSED] - Text of object '' is: '60'

2018-10-16 17:37:06 - [MESSAGE][PASSED] - Text of object '' is: '$93.40'

2018-10-16 17:37:06 - [MESSAGE][PASSED] - Text of object '' is: '1.2'

2018-10-16 17:37:06 - [MESSAGE][PASSED] - Text of object '' is: '112.08'

2018-10-16 17:37:06 - [MESSAGE][PASSED] - Text of object '' is: '9722.99'

2018-10-16 17:37:06 - [MESSAGE][PASSED] - Keyword VerifyRewardHistory is Passed

2018-10-16 17:37:06 - [TEST_STEP][PASSED] - beautytap.GeneralAction.logout: beautytap.GeneralAction.logout is PASSED

2018-10-16 17:37:06 - [MESSAGE][PASSED] - Object: 'Object Repository/Page_General/link_avatar' is clicked on

2018-10-16 17:37:07 - [MESSAGE][PASSED] - Object 'Object Repository/Page_General/menu_logout' is present

2018-10-16 17:37:07 - [MESSAGE][PASSED] - Object: 'Object Repository/Page_General/menu_logout' is clicked on

2018-10-16 17:37:07 - [MESSAGE][PASSED] - Wait for page load successfully

2018-10-16 17:37:08 - [MESSAGE][PASSED] - Browser is closed

2018-10-16 17:37:08 - [MESSAGE][PASSED] - beautytap.GeneralAction.logout is PASSED]]></system-out>
         <system-err><![CDATA[]]></system-err>
      </testcase>
      <testcase name="Test Cases/Shop/TC03_Search_SimpleProduct_Sale_Creditcard_LessThan60_Normal" classname="Test Cases/Shop/TC03_Search_SimpleProduct_Sale_Creditcard_LessThan60_Normal" status="PASSED">
         <system-out><![CDATA[2018-10-16 17:37:11 - [TEST_CASE][PASSED] - Test Cases/Shop/TC03_Search_SimpleProduct_Sale_Creditcard_LessThan60_Normal: Test Cases/Shop/TC03_Search_SimpleProduct_Sale_Creditcard_LessThan60_Normal

2018-10-16 17:37:11 - [TEST_STEP][PASSED] - Statement - productName = SIMPLE_SALE_PRODUCT: null

2018-10-16 17:37:11 - [TEST_STEP][PASSED] - Statement - saleprice = SIMPLE_SALE_PRICE: null

2018-10-16 17:37:11 - [TEST_STEP][PASSED] - Statement - regularprice = SIMPLE_SALE_REGULAR_PRICE: null

2018-10-16 17:37:11 - [TEST_STEP][PASSED] - Statement - r_string = new java.lang.Math().random().toString().substring(2, 8): null

2018-10-16 17:37:11 - [TEST_STEP][PASSED] - Statement - email = "auto" + r_string + "@mailinator.com": null

2018-10-16 17:37:11 - [TEST_STEP][PASSED] - Statement - orderNote = "auto" + r_string + "Order": null

2018-10-16 17:37:11 - [TEST_STEP][PASSED] - Statement - currentNumberItemInCart = <not implemented yet for class: org.codehaus.groovy.ast.expr.EmptyExpression>: null

2018-10-16 17:37:11 - [TEST_STEP][PASSED] - Statement - quantity = 1: null

2018-10-16 17:37:11 - [TEST_STEP][PASSED] - Statement - subtotal = CustomKeywords.beautytap.ShopAction.calculateTotal(quantity, saleprice): beautytap.ShopAction.calculateTotal is PASSED

2018-10-16 17:37:11 - [MESSAGE][PASSED] - beautytap.ShopAction.calculateTotal is PASSED

2018-10-16 17:37:11 - [TEST_STEP][PASSED] - Statement - total = subtotal + SHIPPING_PRICE: null

2018-10-16 17:37:11 - [TEST_STEP][PASSED] - Statement - total = CustomKeywords.beautytap.ShopAction.calculateTotal(1, total): beautytap.ShopAction.calculateTotal is PASSED

2018-10-16 17:37:11 - [MESSAGE][PASSED] - beautytap.ShopAction.calculateTotal is PASSED

2018-10-16 17:37:11 - [TEST_STEP][PASSED] - Statement - products = new org.json.JSONArray((((((([{"productname":" + productName) + ","variation":"","quantity":") + quantity) + ","price":") + saleprice) + "}])): null

2018-10-16 17:37:11 - [TEST_STEP][PASSED] - Statement - billingInformation = new org.json.JSONObject((({"firstname":"Test","lastname":"Automation","country":"United States (US)","address":"123 Testing","city":"New York","state":"New York","zip":"90012","email":" + email) + "})): null

2018-10-16 17:37:11 - [TEST_STEP][PASSED] - Statement - shippingLabel = SHIPPING_LABEL: null

2018-10-16 17:37:11 - [TEST_STEP][PASSED] - Statement - shippingPrice = SHIPPING_PRICE: null

2018-10-16 17:37:12 - [TEST_STEP][PASSED] - Statement - shippingType = "normal": null

2018-10-16 17:37:12 - [TEST_STEP][PASSED] - Statement - paymentMethod = "Credit Card Payment": null

2018-10-16 17:37:12 - [TEST_STEP][PASSED] - beautytap.GeneralAction.openBeautytap: beautytap.GeneralAction.openBeautytap is PASSED

2018-10-16 17:37:35 - [MESSAGE][PASSED] - Browser is opened with url: 'https://stage.beautytap.com'

2018-10-16 17:37:36 - [MESSAGE][PASSED] - Current window maximized

2018-10-16 17:37:44 - [MESSAGE][PASSED] - Refresh successfully

2018-10-16 17:37:44 - [MESSAGE][PASSED] - Wait for page load successfully

2018-10-16 17:37:44 - [MESSAGE][PASSED] - beautytap.GeneralAction.openBeautytap is PASSED

2018-10-16 17:37:44 - [TEST_STEP][PASSED] - beautytap.ShopAction.globalSearch: beautytap.ShopAction.globalSearch is PASSED

2018-10-16 17:37:44 - [MESSAGE][PASSED] - Object: 'Object Repository/Page_General/icon_search' is clicked on

2018-10-16 17:37:49 - [MESSAGE][PASSED] - Delayed 5 second(s)

2018-10-16 17:37:49 - [MESSAGE][PASSED] - Text of object 'Object Repository/Page_General/txt_search' is cleared

2018-10-16 17:37:49 - [MESSAGE][PASSED] - Keys 'CONTROL + v' sent to object: 'Object Repository/Page_General/txt_search'

2018-10-16 17:37:54 - [MESSAGE][PASSED] - Delayed 5 second(s)

2018-10-16 17:37:54 - [MESSAGE][PASSED] - beautytap.ShopAction.globalSearch is PASSED

2018-10-16 17:37:54 - [TEST_STEP][PASSED] - beautytap.ShopAction.VerifyProductOnSearchResult: beautytap.ShopAction.VerifyProductOnSearchResult is PASSED

2018-10-16 17:37:54 - [MESSAGE][PASSED] - beautytap.ShopAction.VerifyProductOnSearchResult is PASSED

2018-10-16 17:37:54 - [TEST_STEP][PASSED] - beautytap.ShopAction.selectSearchResult: beautytap.ShopAction.selectSearchResult is PASSED

2018-10-16 17:37:55 - [MESSAGE][PASSED] - Text of object '' is: 'Innisfree Perfect UV Protection Cream SPF50+/PA+++ (Long-Lasting For Oily Skin) 50ml'

2018-10-16 17:37:55 - [MESSAGE][PASSED] - Object '' is present

2018-10-16 17:38:04 - [MESSAGE][PASSED] - Object: '' is clicked on

2018-10-16 17:38:04 - [MESSAGE][PASSED] - Wait for page load successfully

2018-10-16 17:38:04 - [MESSAGE][PASSED] - beautytap.ShopAction.selectSearchResult is PASSED

2018-10-16 17:38:04 - [TEST_STEP][PASSED] - beautytap.ShopAction.VerifyProductDetails: Keyword VerifyProductDetails is Passed

2018-10-16 17:38:04 - [MESSAGE][PASSED] - Text of object '' is: 'Innisfree Perfect UV Protection Cream SPF50+/PA+++ (Long-Lasting For Oily Skin) 50ml'

2018-10-16 17:38:04 - [MESSAGE][PASSED] - Text of object '' is: '$12.50'

2018-10-16 17:38:04 - [MESSAGE][PASSED] - Get CSS 'color' value on '' successfully: 'rgba(195, 195, 195, 1)'.

2018-10-16 17:38:04 - [MESSAGE][PASSED] - Text of object '' is: '$11.99'

2018-10-16 17:38:04 - [MESSAGE][PASSED] - Get CSS 'color' value on '' successfully: 'rgba(255, 35, 134, 1)'.

2018-10-16 17:38:04 - [MESSAGE][PASSED] - Keyword VerifyProductDetails is Passed

2018-10-16 17:38:04 - [TEST_STEP][PASSED] - Statement - currentNumberItemInCart = CustomKeywords.beautytap.ShopAction.getNumberItemInCart(): beautytap.ShopAction.getNumberItemInCart is PASSED

2018-10-16 17:38:10 - [MESSAGE][WARNING] - com.kms.katalon.core.webui.exception.WebElementNotFoundException: Web element with id: '' located by 'By.xpath: //div[@class='header-right-top pull-right']/a[@class='shop-cart']/span[@class='number-cart']' not found
[[ATTACHMENT|E:\\BeautytapAutomation\\beautytapAuto\\Beautytap\\Reports\\Regression\\20181016_165806\\1539686289977.png]]

2018-10-16 17:38:10 - [MESSAGE][PASSED] - beautytap.ShopAction.getNumberItemInCart is PASSED

2018-10-16 17:38:10 - [TEST_STEP][PASSED] - beautytap.ShopAction.addProductToCart: beautytap.ShopAction.addProductToCart is PASSED

2018-10-16 17:38:10 - [MESSAGE][PASSED] - Text of object 'Object Repository/Page_Shop/txt_quantity' is cleared

2018-10-16 17:38:10 - [MESSAGE][PASSED] - Keys '1' sent to object: 'Object Repository/Page_Shop/txt_quantity'

2018-10-16 17:38:10 - [MESSAGE][PASSED] - Object: 'Object Repository/Page_Shop/btn_addToCart' is clicked on

2018-10-16 17:38:10 - [MESSAGE][PASSED] - Wait for page load successfully

2018-10-16 17:38:18 - [MESSAGE][PASSED] - Object 'Object Repository/Page_Shop/lbl_message' is present

2018-10-16 17:38:23 - [MESSAGE][PASSED] - Delayed 5 second(s)

2018-10-16 17:38:23 - [MESSAGE][PASSED] - beautytap.ShopAction.addProductToCart is PASSED

2018-10-16 17:38:23 - [TEST_STEP][PASSED] - beautytap.ShopAction.VerifyNumberItemInCart: Keyword VerifyNumberItemInCart is Passed, Number item in cart is 1, expected is 1

2018-10-16 17:38:23 - [MESSAGE][PASSED] - Object '' is present

2018-10-16 17:38:23 - [MESSAGE][PASSED] - Text of object '' is: '1'

2018-10-16 17:38:23 - [MESSAGE][PASSED] - Keyword VerifyNumberItemInCart is Passed, Number item in cart is 1, expected is 1

2018-10-16 17:38:23 - [TEST_STEP][PASSED] - beautytap.ShopAction.VerifyProductIsAddedToCart: beautytap.ShopAction.VerifyProductIsAddedToCart is PASSED

2018-10-16 17:38:55 - [MESSAGE][WARNING] - com.kms.katalon.core.webui.exception.WebElementNotFoundException: Web element with id: '' located by 'By.xpath: //div[@class='woocommerce-message' and contains(text(),'Innisfree Perfect UV Protection Cream SPF50+/PA+++ (Long-Lasting For Oily Skin) 50ml” have been added to your cart.')]' not found
[[ATTACHMENT|E:\\BeautytapAutomation\\beautytapAuto\\Beautytap\\Reports\\Regression\\20181016_165806\\1539686335128.png]]

2018-10-16 17:38:55 - [MESSAGE][PASSED] - beautytap.ShopAction.VerifyProductIsAddedToCart is PASSED

2018-10-16 17:38:55 - [TEST_STEP][PASSED] - beautytap.ShopAction.goToCart: beautytap.ShopAction.goToCart is PASSED

2018-10-16 17:38:55 - [MESSAGE][PASSED] - Object 'Object Repository/Page_General/icon_cart' is present

2018-10-16 17:39:03 - [MESSAGE][PASSED] - Object: 'Object Repository/Page_General/icon_cart' is clicked on

2018-10-16 17:39:03 - [MESSAGE][PASSED] - Wait for page load successfully

2018-10-16 17:39:03 - [MESSAGE][PASSED] - beautytap.ShopAction.goToCart is PASSED

2018-10-16 17:39:03 - [TEST_STEP][PASSED] - beautytap.ShopAction.VerifyProductInCart: Keyword VerifyProductInCart is Passed

2018-10-16 17:39:03 - [MESSAGE][PASSED] - Object '' is present

2018-10-16 17:39:03 - [MESSAGE][PASSED] - Object '' is present

2018-10-16 17:39:03 - [MESSAGE][PASSED] - Text of object '' is: '$11.99'

2018-10-16 17:39:03 - [MESSAGE][PASSED] - Attribute 'value' of object '' is: '1'

2018-10-16 17:39:03 - [MESSAGE][PASSED] - Text of object '' is: '$11.99'

2018-10-16 17:39:03 - [MESSAGE][PASSED] - Keyword VerifyProductInCart is Passed

2018-10-16 17:39:03 - [TEST_STEP][PASSED] - beautytap.ShopAction.processToCheckout: beautytap.ShopAction.processToCheckout is PASSED

2018-10-16 17:39:11 - [MESSAGE][PASSED] - Object: 'Object Repository/Page_Cart/btn_checkout' is clicked on

2018-10-16 17:39:11 - [MESSAGE][PASSED] - Wait for page load successfully

2018-10-16 17:39:11 - [MESSAGE][PASSED] - beautytap.ShopAction.processToCheckout is PASSED

2018-10-16 17:39:11 - [TEST_STEP][PASSED] - beautytap.ShopAction.fillCustomerInformation: beautytap.ShopAction.fillCustomerInformation is PASSED

2018-10-16 17:39:11 - [MESSAGE][PASSED] - Text of object 'Object Repository/Page_Checkout/txt_billingFirstName' is cleared

2018-10-16 17:39:11 - [MESSAGE][PASSED] - Keys 'Test' sent to object: 'Object Repository/Page_Checkout/txt_billingFirstName'

2018-10-16 17:39:11 - [MESSAGE][PASSED] - Text of object 'Object Repository/Page_Checkout/txt_billingLastName' is cleared

2018-10-16 17:39:12 - [MESSAGE][PASSED] - Keys 'Automation' sent to object: 'Object Repository/Page_Checkout/txt_billingLastName'

2018-10-16 17:39:13 - [MESSAGE][PASSED] - All options with label 'United States (US)' are selected in object 'Object Repository/Page_Checkout/drop_billingCountry' 

2018-10-16 17:39:18 - [MESSAGE][PASSED] - Delayed 5 second(s)

2018-10-16 17:39:18 - [MESSAGE][PASSED] - Text of object 'Object Repository/Page_Checkout/txt_billingAddress' is cleared

2018-10-16 17:39:19 - [MESSAGE][PASSED] - Keys '123 Testing' sent to object: 'Object Repository/Page_Checkout/txt_billingAddress'

2018-10-16 17:39:19 - [MESSAGE][PASSED] - Text of object 'Object Repository/Page_Checkout/txt_billingCity' is cleared

2018-10-16 17:39:20 - [MESSAGE][PASSED] - Keys 'New York' sent to object: 'Object Repository/Page_Checkout/txt_billingCity'

2018-10-16 17:39:21 - [MESSAGE][PASSED] - All options with label 'New York' are selected in object 'Object Repository/Page_Checkout/drop_billingState' 

2018-10-16 17:39:21 - [MESSAGE][PASSED] - Text of object 'Object Repository/Page_Checkout/txt_billingZip' is cleared

2018-10-16 17:39:22 - [MESSAGE][PASSED] - Keys '90012' sent to object: 'Object Repository/Page_Checkout/txt_billingZip'

2018-10-16 17:39:22 - [MESSAGE][PASSED] - Text of object 'Object Repository/Page_Checkout/txt_billingEmail' is cleared

2018-10-16 17:39:24 - [MESSAGE][PASSED] - Keys 'auto154457@mailinator.com' sent to object: 'Object Repository/Page_Checkout/txt_billingEmail'

2018-10-16 17:39:24 - [MESSAGE][PASSED] - Object 'Object Repository/Page_Checkout/chk_shipToDifferentAddress' is un-checked

2018-10-16 17:39:24 - [MESSAGE][PASSED] - Text of object 'Object Repository/Page_Checkout/txt_orderNote' is cleared

2018-10-16 17:39:25 - [MESSAGE][PASSED] - Keys 'auto154457Order' sent to object: 'Object Repository/Page_Checkout/txt_orderNote'

2018-10-16 17:39:25 - [MESSAGE][PASSED] - Object 'Object Repository/Page_Checkout/radio_creditCard' is checked

2018-10-16 17:39:30 - [MESSAGE][PASSED] - Delayed 5 second(s)

2018-10-16 17:39:30 - [MESSAGE][PASSED] - beautytap.ShopAction.fillCustomerInformation is PASSED

2018-10-16 17:39:30 - [TEST_STEP][PASSED] - beautytap.ShopAction.VerifyOrderDetailsOnCheckout: Keyword VerifyOrderDetailsOnCheckout is Passed

2018-10-16 17:39:30 - [MESSAGE][PASSED] - Object '' is present

2018-10-16 17:39:30 - [MESSAGE][PASSED] - Text of object '' is: '$11.99'

2018-10-16 17:39:30 - [MESSAGE][PASSED] - Text of object '' is: 'Spend $58.01 more & get FREE SHIPPING!
($25) - DHL flat rate shipping: $25.00
Why does shipping take this long?'

2018-10-16 17:39:30 - [MESSAGE][PASSED] - Text of object '' is: '$25.00'

2018-10-16 17:39:30 - [MESSAGE][PASSED] - Text of object '' is: '$36.99'

2018-10-16 17:39:30 - [MESSAGE][PASSED] - Keyword VerifyOrderDetailsOnCheckout is Passed

2018-10-16 17:39:30 - [TEST_STEP][PASSED] - beautytap.ShopAction.checkoutViaCreditCard: beautytap.ShopAction.checkoutViaCreditCard is PASSED

2018-10-16 17:39:30 - [MESSAGE][PASSED] - Object 'Object Repository/Page_Checkout/radio_creditCard' is checked

2018-10-16 17:39:40 - [MESSAGE][PASSED] - Delayed 10 second(s)

2018-10-16 17:39:40 - [MESSAGE][PASSED] - Text of object 'Object Repository/Page_Checkout/txt_cardNumber' is cleared

2018-10-16 17:39:42 - [MESSAGE][PASSED] - Keys '4032036248443549' sent to object: 'Object Repository/Page_Checkout/txt_cardNumber'

2018-10-16 17:39:42 - [MESSAGE][PASSED] - All options with label 'Visa' are selected in object 'Object Repository/Page_Checkout/drop_cardType' 

2018-10-16 17:39:42 - [MESSAGE][PASSED] - All options with label '07' are selected in object 'Object Repository/Page_Checkout/drop_expirationMonth' 

2018-10-16 17:39:43 - [MESSAGE][PASSED] - All options with label '2023' are selected in object 'Object Repository/Page_Checkout/drop_expirationYear' 

2018-10-16 17:39:43 - [MESSAGE][PASSED] - Text of object 'Object Repository/Page_Checkout/txt_cardCVV' is cleared

2018-10-16 17:39:43 - [MESSAGE][PASSED] - Keys '123' sent to object: 'Object Repository/Page_Checkout/txt_cardCVV'

2018-10-16 17:39:43 - [MESSAGE][PASSED] - Object 'Object Repository/Page_Checkout/chk_terms' is checked

2018-10-16 17:39:44 - [MESSAGE][PASSED] - Object: 'Object Repository/Page_Checkout/btn_placeOrder' is clicked on

2018-10-16 17:40:03 - [MESSAGE][PASSED] - Object 'Object Repository/Page_Checkout/lbl_orderReceived' is present

2018-10-16 17:40:03 - [MESSAGE][PASSED] - beautytap.ShopAction.checkoutViaCreditCard is PASSED

2018-10-16 17:40:03 - [TEST_STEP][PASSED] - beautytap.ShopAction.VerifyOrderReceivedDetails: Keyword VerifyOrderReceivedDetails is Passed

2018-10-16 17:40:03 - [MESSAGE][PASSED] - Object '' is present

2018-10-16 17:40:03 - [MESSAGE][PASSED] - Text of object '' is: '$11.99'

2018-10-16 17:40:03 - [MESSAGE][PASSED] - Text of object '' is: '$25.00 via ($25) - DHL flat rate shipping'

2018-10-16 17:40:03 - [MESSAGE][PASSED] - Object '' is present

2018-10-16 17:40:03 - [MESSAGE][PASSED] - Text of object '' is: '$25.00'

2018-10-16 17:40:03 - [MESSAGE][PASSED] - Text of object '' is: 'Credit Card Payment'

2018-10-16 17:40:03 - [MESSAGE][PASSED] - Text of object '' is: '$36.99'

2018-10-16 17:40:03 - [MESSAGE][PASSED] - Keyword VerifyOrderReceivedDetails is Passed

2018-10-16 17:40:03 - [TEST_STEP][PASSED] - closeBrowser: Browser is closed

2018-10-16 17:40:04 - [MESSAGE][PASSED] - Browser is closed]]></system-out>
         <system-err><![CDATA[]]></system-err>
      </testcase>
      <testcase name="Test Cases/Shop/TC04_Search_VariationProduct_NotSale_AmazonPay_GreaterThan200" classname="Test Cases/Shop/TC04_Search_VariationProduct_NotSale_AmazonPay_GreaterThan200" status="PASSED">
         <system-out><![CDATA[2018-10-16 17:40:07 - [TEST_CASE][PASSED] - Test Cases/Shop/TC04_Search_VariationProduct_NotSale_AmazonPay_GreaterThan200: Test Cases/Shop/TC04_Search_VariationProduct_NotSale_AmazonPay_GreaterThan200

2018-10-16 17:40:07 - [TEST_STEP][PASSED] - Statement - productName = VARIATION_PRODUCT: null

2018-10-16 17:40:07 - [TEST_STEP][PASSED] - Statement - price = VARIATION_PRICE1: null

2018-10-16 17:40:07 - [TEST_STEP][PASSED] - Statement - variation = VARIATION_NAME1: null

2018-10-16 17:40:07 - [TEST_STEP][PASSED] - Statement - r_string = new java.lang.Math().random().toString().substring(2, 8): null

2018-10-16 17:40:07 - [TEST_STEP][PASSED] - Statement - email = "auto" + r_string + "@mailinator.com": null

2018-10-16 17:40:07 - [TEST_STEP][PASSED] - Statement - orderNote = "auto" + r_string + "Order": null

2018-10-16 17:40:07 - [TEST_STEP][PASSED] - Statement - currentNumberItemInCart = <not implemented yet for class: org.codehaus.groovy.ast.expr.EmptyExpression>: null

2018-10-16 17:40:07 - [TEST_STEP][PASSED] - Statement - quantity = 8: null

2018-10-16 17:40:07 - [TEST_STEP][PASSED] - Statement - subtotal = CustomKeywords.beautytap.ShopAction.calculateTotal(quantity, price): beautytap.ShopAction.calculateTotal is PASSED

2018-10-16 17:40:07 - [MESSAGE][PASSED] - beautytap.ShopAction.calculateTotal is PASSED

2018-10-16 17:40:07 - [TEST_STEP][PASSED] - Statement - total = subtotal: null

2018-10-16 17:40:07 - [TEST_STEP][PASSED] - Statement - total = CustomKeywords.beautytap.ShopAction.calculateTotal(1, total): beautytap.ShopAction.calculateTotal is PASSED

2018-10-16 17:40:07 - [MESSAGE][PASSED] - beautytap.ShopAction.calculateTotal is PASSED

2018-10-16 17:40:07 - [TEST_STEP][PASSED] - Statement - products = new org.json.JSONArray((((((((([{"productname":" + productName) + ","variation":") + variation) + ","quantity":") + quantity) + ","price":") + price) + "}])): null

2018-10-16 17:40:07 - [TEST_STEP][PASSED] - Statement - shippingLabel = FREE_EMS_SHIPPING_LABEL: null

2018-10-16 17:40:07 - [TEST_STEP][PASSED] - Statement - shippingPrice = 0: null

2018-10-16 17:40:07 - [TEST_STEP][PASSED] - Statement - shippingType = "freeEMS": null

2018-10-16 17:40:07 - [TEST_STEP][PASSED] - Statement - paymentMethod = "Amazon Pay": null

2018-10-16 17:40:07 - [TEST_STEP][PASSED] - Statement - amazonAddress = "Trang N. CMT8 Floor 9th, Hochiminh, 3, 700000, Vietnam": null

2018-10-16 17:40:07 - [TEST_STEP][PASSED] - beautytap.GeneralAction.openBeautytap: beautytap.GeneralAction.openBeautytap is PASSED

2018-10-16 17:40:37 - [MESSAGE][PASSED] - Browser is opened with url: 'https://stage.beautytap.com'

2018-10-16 17:40:39 - [MESSAGE][PASSED] - Current window maximized

2018-10-16 17:40:47 - [MESSAGE][PASSED] - Refresh successfully

2018-10-16 17:40:47 - [MESSAGE][PASSED] - Wait for page load successfully

2018-10-16 17:40:47 - [MESSAGE][PASSED] - beautytap.GeneralAction.openBeautytap is PASSED

2018-10-16 17:40:47 - [TEST_STEP][PASSED] - beautytap.ShopAction.globalSearch: beautytap.ShopAction.globalSearch is PASSED

2018-10-16 17:40:48 - [MESSAGE][PASSED] - Object: 'Object Repository/Page_General/icon_search' is clicked on

2018-10-16 17:40:53 - [MESSAGE][PASSED] - Delayed 5 second(s)

2018-10-16 17:40:53 - [MESSAGE][PASSED] - Text of object 'Object Repository/Page_General/txt_search' is cleared

2018-10-16 17:40:53 - [MESSAGE][PASSED] - Keys 'CONTROL + v' sent to object: 'Object Repository/Page_General/txt_search'

2018-10-16 17:40:58 - [MESSAGE][PASSED] - Delayed 5 second(s)

2018-10-16 17:40:58 - [MESSAGE][PASSED] - beautytap.ShopAction.globalSearch is PASSED

2018-10-16 17:40:58 - [TEST_STEP][PASSED] - beautytap.ShopAction.VerifyProductOnSearchResult: beautytap.ShopAction.VerifyProductOnSearchResult is PASSED

2018-10-16 17:40:58 - [MESSAGE][PASSED] - beautytap.ShopAction.VerifyProductOnSearchResult is PASSED

2018-10-16 17:40:58 - [TEST_STEP][PASSED] - beautytap.ShopAction.selectSearchResult: beautytap.ShopAction.selectSearchResult is PASSED

2018-10-16 17:40:58 - [MESSAGE][PASSED] - Text of object '' is: 'MeloMELI Unicorn Heart Lake Cushion — 2 Choices'

2018-10-16 17:40:58 - [MESSAGE][PASSED] - Object '' is present

2018-10-16 17:41:08 - [MESSAGE][PASSED] - Object: '' is clicked on

2018-10-16 17:41:08 - [MESSAGE][PASSED] - Wait for page load successfully

2018-10-16 17:41:08 - [MESSAGE][PASSED] - beautytap.ShopAction.selectSearchResult is PASSED

2018-10-16 17:41:08 - [TEST_STEP][PASSED] - beautytap.ShopAction.selectProductVariation: beautytap.ShopAction.selectProductVariation is PASSED

2018-10-16 17:41:09 - [MESSAGE][PASSED] - Object: 'Object Repository/Page_Shop/drop_chooseOption' is clicked on

2018-10-16 17:41:10 - [MESSAGE][PASSED] - Delayed 1 second(s)

2018-10-16 17:41:10 - [MESSAGE][PASSED] - Object: '' is clicked on

2018-10-16 17:41:10 - [MESSAGE][PASSED] - beautytap.ShopAction.selectProductVariation is PASSED

2018-10-16 17:41:10 - [TEST_STEP][PASSED] - beautytap.ShopAction.VerifyProductDetails: Keyword VerifyProductDetails is Passed

2018-10-16 17:41:11 - [MESSAGE][PASSED] - Text of object '' is: 'MeloMELI Unicorn Heart Lake Cushion — 2 Choices'

2018-10-16 17:41:11 - [MESSAGE][PASSED] - All options with label 'Vanilla Beige' are selected in object 'Object Repository/Page_Shop/drop_chooseOption' 

2018-10-16 17:41:11 - [MESSAGE][PASSED] - Text of object '' is: '$26.70'

2018-10-16 17:41:11 - [MESSAGE][PASSED] - Get CSS 'color' value on '' successfully: 'rgba(255, 35, 134, 1)'.

2018-10-16 17:41:11 - [MESSAGE][PASSED] - Keyword VerifyProductDetails is Passed

2018-10-16 17:41:11 - [TEST_STEP][PASSED] - Statement - currentNumberItemInCart = CustomKeywords.beautytap.ShopAction.getNumberItemInCart(): beautytap.ShopAction.getNumberItemInCart is PASSED

2018-10-16 17:41:17 - [MESSAGE][WARNING] - com.kms.katalon.core.webui.exception.WebElementNotFoundException: Web element with id: '' located by 'By.xpath: //div[@class='header-right-top pull-right']/a[@class='shop-cart']/span[@class='number-cart']' not found
[[ATTACHMENT|E:\\BeautytapAutomation\\beautytapAuto\\Beautytap\\Reports\\Regression\\20181016_165806\\1539686476968.png]]

2018-10-16 17:41:17 - [MESSAGE][PASSED] - beautytap.ShopAction.getNumberItemInCart is PASSED

2018-10-16 17:41:17 - [TEST_STEP][PASSED] - beautytap.ShopAction.addProductToCart: beautytap.ShopAction.addProductToCart is PASSED

2018-10-16 17:41:17 - [MESSAGE][PASSED] - Text of object 'Object Repository/Page_Shop/txt_quantity' is cleared

2018-10-16 17:41:17 - [MESSAGE][PASSED] - Keys '8' sent to object: 'Object Repository/Page_Shop/txt_quantity'

2018-10-16 17:41:17 - [MESSAGE][PASSED] - Object: 'Object Repository/Page_Shop/btn_addToCart' is clicked on

2018-10-16 17:41:17 - [MESSAGE][PASSED] - Wait for page load successfully

2018-10-16 17:41:26 - [MESSAGE][PASSED] - Object 'Object Repository/Page_Shop/lbl_message' is present

2018-10-16 17:41:31 - [MESSAGE][PASSED] - Delayed 5 second(s)

2018-10-16 17:41:31 - [MESSAGE][PASSED] - beautytap.ShopAction.addProductToCart is PASSED

2018-10-16 17:41:31 - [TEST_STEP][PASSED] - beautytap.ShopAction.VerifyNumberItemInCart: Keyword VerifyNumberItemInCart is Passed, Number item in cart is 8, expected is 8

2018-10-16 17:41:31 - [MESSAGE][PASSED] - Object '' is present

2018-10-16 17:41:31 - [MESSAGE][PASSED] - Text of object '' is: '8'

2018-10-16 17:41:31 - [MESSAGE][PASSED] - Keyword VerifyNumberItemInCart is Passed, Number item in cart is 8, expected is 8

2018-10-16 17:41:31 - [TEST_STEP][PASSED] - beautytap.ShopAction.VerifyProductIsAddedToCart: beautytap.ShopAction.VerifyProductIsAddedToCart is PASSED

2018-10-16 17:41:31 - [MESSAGE][PASSED] - Object '' is present

2018-10-16 17:41:31 - [MESSAGE][PASSED] - beautytap.ShopAction.VerifyProductIsAddedToCart is PASSED

2018-10-16 17:41:31 - [TEST_STEP][PASSED] - beautytap.ShopAction.goToCart: beautytap.ShopAction.goToCart is PASSED

2018-10-16 17:41:31 - [MESSAGE][PASSED] - Object 'Object Repository/Page_General/icon_cart' is present

2018-10-16 17:41:38 - [MESSAGE][PASSED] - Object: 'Object Repository/Page_General/icon_cart' is clicked on

2018-10-16 17:41:38 - [MESSAGE][PASSED] - Wait for page load successfully

2018-10-16 17:41:38 - [MESSAGE][PASSED] - beautytap.ShopAction.goToCart is PASSED

2018-10-16 17:41:38 - [TEST_STEP][PASSED] - beautytap.ShopAction.VerifyProductInCart: Keyword VerifyProductInCart is Passed

2018-10-16 17:41:38 - [MESSAGE][PASSED] - Object '' is present

2018-10-16 17:41:38 - [MESSAGE][PASSED] - Object '' is present

2018-10-16 17:41:38 - [MESSAGE][PASSED] - Text of object '' is: '$26.70'

2018-10-16 17:41:38 - [MESSAGE][PASSED] - Attribute 'value' of object '' is: '8'

2018-10-16 17:41:38 - [MESSAGE][PASSED] - Text of object '' is: '$213.60'

2018-10-16 17:41:38 - [MESSAGE][PASSED] - Keyword VerifyProductInCart is Passed

2018-10-16 17:41:38 - [TEST_STEP][PASSED] - beautytap.ShopAction.processToCheckout: beautytap.ShopAction.processToCheckout is PASSED

2018-10-16 17:41:44 - [MESSAGE][PASSED] - Object: 'Object Repository/Page_Cart/btn_checkout' is clicked on

2018-10-16 17:41:44 - [MESSAGE][PASSED] - Wait for page load successfully

2018-10-16 17:41:44 - [MESSAGE][PASSED] - beautytap.ShopAction.processToCheckout is PASSED

2018-10-16 17:41:44 - [TEST_STEP][PASSED] - beautytap.ShopAction.loginAmazonPay: beautytap.ShopAction.loginAmazonPay is PASSED

2018-10-16 17:41:45 - [MESSAGE][PASSED] - Object: 'Object Repository/Page_Checkout/btn_amazonPay' is clicked on

2018-10-16 17:41:45 - [MESSAGE][PASSED] - Switched to window with index: '1'

2018-10-16 17:41:46 - [MESSAGE][PASSED] - Object 'Object Repository/Popup_Amazon/txt_email' is present

2018-10-16 17:41:46 - [MESSAGE][PASSED] - Text of object 'Object Repository/Popup_Amazon/txt_email' is cleared

2018-10-16 17:41:47 - [MESSAGE][PASSED] - Keys 'amazontest1503@yopmail.com' sent to object: 'Object Repository/Popup_Amazon/txt_email'

2018-10-16 17:41:47 - [MESSAGE][PASSED] - Text of object 'Object Repository/Popup_Amazon/txt_password' is cleared

2018-10-16 17:41:47 - [MESSAGE][PASSED] - Keys '123456' sent to object: 'Object Repository/Popup_Amazon/txt_password'

2018-10-16 17:41:50 - [MESSAGE][PASSED] - Object: 'Object Repository/Popup_Amazon/btn_signin' is clicked on

2018-10-16 17:41:50 - [MESSAGE][PASSED] - Switched to window with index: '0'

2018-10-16 17:42:20 - [MESSAGE][PASSED] - Delayed 30 second(s)

2018-10-16 17:42:20 - [MESSAGE][PASSED] - beautytap.ShopAction.loginAmazonPay is PASSED

2018-10-16 17:42:20 - [TEST_STEP][PASSED] - beautytap.ShopAction.selectAmazonPayAddress: beautytap.ShopAction.selectAmazonPayAddress is PASSED

2018-10-16 17:42:20 - [MESSAGE][PASSED] - Object '' is present

2018-10-16 17:42:20 - [MESSAGE][PASSED] - Text of object '' is: 'trang n. South La Brea Ave, Los Angeles, ca, 90016, United States'

2018-10-16 17:42:20 - [MESSAGE][PASSED] - Object '' is present

2018-10-16 17:42:20 - [MESSAGE][PASSED] - Text of object '' is: 'Trang N. CMT8 Floor 9th, toroto, 3, 70000, United States Minor Outlying Islands'

2018-10-16 17:42:20 - [MESSAGE][PASSED] - Object '' is present

2018-10-16 17:42:20 - [MESSAGE][PASSED] - Text of object '' is: 'Trang N. CMT8 Floor 9th, Hochiminh, 3, 700000, Vietnam'

2018-10-16 17:42:20 - [MESSAGE][PASSED] - Object: '' is clicked on

2018-10-16 17:42:25 - [MESSAGE][PASSED] - Delayed 5 second(s)

2018-10-16 17:42:25 - [MESSAGE][PASSED] - Switched to window with index: '0'

2018-10-16 17:42:25 - [MESSAGE][PASSED] - beautytap.ShopAction.selectAmazonPayAddress is PASSED

2018-10-16 17:42:25 - [TEST_STEP][PASSED] - beautytap.ShopAction.VerifyOrderDetailsOnCheckout: Keyword VerifyOrderDetailsOnCheckout is Passed

2018-10-16 17:42:25 - [MESSAGE][PASSED] - Object '' is present

2018-10-16 17:42:25 - [MESSAGE][PASSED] - Text of object '' is: '$213.60'

2018-10-16 17:42:25 - [MESSAGE][PASSED] - Text of object '' is: 'Free EMS shipping (over $200)
Why does shipping take this long?'

2018-10-16 17:42:26 - [MESSAGE][PASSED] - Text of object '' is: '$213.60'

2018-10-16 17:42:26 - [MESSAGE][PASSED] - Keyword VerifyOrderDetailsOnCheckout is Passed

2018-10-16 17:42:26 - [TEST_STEP][PASSED] - beautytap.ShopAction.checkoutViaAmazonPay: beautytap.ShopAction.checkoutViaAmazonPay is PASSED

2018-10-16 17:42:26 - [MESSAGE][PASSED] - Object 'Object Repository/Page_Checkout/chk_terms' is clickable

2018-10-16 17:42:26 - [MESSAGE][PASSED] - Object 'Object Repository/Page_Checkout/chk_terms' is checked

2018-10-16 17:42:26 - [MESSAGE][PASSED] - Object: 'Object Repository/Page_Checkout/btn_placeOrder' is clicked on

2018-10-16 17:42:41 - [MESSAGE][PASSED] - Object 'Object Repository/Page_Checkout/lbl_orderReceived' is present

2018-10-16 17:42:41 - [MESSAGE][PASSED] - beautytap.ShopAction.checkoutViaAmazonPay is PASSED

2018-10-16 17:42:41 - [TEST_STEP][PASSED] - beautytap.ShopAction.VerifyOrderReceivedDetails: Keyword VerifyOrderReceivedDetails is Passed

2018-10-16 17:42:41 - [MESSAGE][PASSED] - Object '' is present

2018-10-16 17:42:41 - [MESSAGE][PASSED] - Text of object '' is: '$213.60'

2018-10-16 17:42:41 - [MESSAGE][PASSED] - Text of object '' is: 'Free EMS shipping (over $200)'

2018-10-16 17:42:47 - [MESSAGE][WARNING] - com.kms.katalon.core.webui.exception.WebElementNotFoundException: Web element with id: '' located by 'By.xpath: //th[text()='Shipping:']/parent::tr/td/span' not found
[[ATTACHMENT|E:\\BeautytapAutomation\\beautytapAuto\\Beautytap\\Reports\\Regression\\20181016_165806\\1539686566724.png]]

2018-10-16 17:42:47 - [MESSAGE][PASSED] - Text of object '' is: 'Amazon Pay'

2018-10-16 17:42:47 - [MESSAGE][PASSED] - Text of object '' is: '$213.60'

2018-10-16 17:42:47 - [MESSAGE][PASSED] - Keyword VerifyOrderReceivedDetails is Passed

2018-10-16 17:42:47 - [TEST_STEP][PASSED] - closeBrowser: Browser is closed

2018-10-16 17:42:48 - [MESSAGE][PASSED] - Browser is closed]]></system-out>
         <system-err><![CDATA[]]></system-err>
      </testcase>
      <testcase name="Test Cases/Shop/TC05_Browse_SimpleProduct_NotSale_PayPal_GreaterThan60LessThan200" classname="Test Cases/Shop/TC05_Browse_SimpleProduct_NotSale_PayPal_GreaterThan60LessThan200" status="PASSED">
         <system-out><![CDATA[2018-10-16 17:42:50 - [TEST_CASE][PASSED] - Test Cases/Shop/TC05_Browse_SimpleProduct_NotSale_PayPal_GreaterThan60LessThan200: Test Cases/Shop/TC05_Browse_SimpleProduct_NotSale_PayPal_GreaterThan60LessThan200

2018-10-16 17:42:50 - [TEST_STEP][PASSED] - Statement - productName = SIMPLE_PRODUCT: null

2018-10-16 17:42:50 - [TEST_STEP][PASSED] - Statement - price = SIMPLE_PRODUCT_PRICE: null

2018-10-16 17:42:50 - [TEST_STEP][PASSED] - Statement - r_string = new java.lang.Math().random().toString().substring(2, 8): null

2018-10-16 17:42:50 - [TEST_STEP][PASSED] - Statement - email = "auto" + r_string + "@mailinator.com": null

2018-10-16 17:42:50 - [TEST_STEP][PASSED] - Statement - orderNote = "auto" + r_string + "Order": null

2018-10-16 17:42:50 - [TEST_STEP][PASSED] - Statement - currentNumberItemInCart = <not implemented yet for class: org.codehaus.groovy.ast.expr.EmptyExpression>: null

2018-10-16 17:42:50 - [TEST_STEP][PASSED] - Statement - quantity = 3: null

2018-10-16 17:42:50 - [TEST_STEP][PASSED] - Statement - subtotal = CustomKeywords.beautytap.ShopAction.calculateTotal(quantity, price): beautytap.ShopAction.calculateTotal is PASSED

2018-10-16 17:42:50 - [MESSAGE][PASSED] - beautytap.ShopAction.calculateTotal is PASSED

2018-10-16 17:42:50 - [TEST_STEP][PASSED] - Statement - total = subtotal: null

2018-10-16 17:42:50 - [TEST_STEP][PASSED] - Statement - total = CustomKeywords.beautytap.ShopAction.calculateTotal(1, total): beautytap.ShopAction.calculateTotal is PASSED

2018-10-16 17:42:50 - [MESSAGE][PASSED] - beautytap.ShopAction.calculateTotal is PASSED

2018-10-16 17:42:50 - [TEST_STEP][PASSED] - Statement - products = new org.json.JSONArray((((((([{"productname":" + productName) + ","variation":"","quantity":") + quantity) + ","price":") + price) + "}])): null

2018-10-16 17:42:50 - [TEST_STEP][PASSED] - Statement - billingInformation = new org.json.JSONObject((({"firstname":"Test","lastname":"Automation","country":"United States (US)","address":"123 Testing","city":"New York","state":"New York","zip":"90012","email":" + email) + "})): null

2018-10-16 17:42:50 - [TEST_STEP][PASSED] - Statement - shippingLabel = FREE_SHIPPING_LABEL: null

2018-10-16 17:42:50 - [TEST_STEP][PASSED] - Statement - shippingPrice = 0: null

2018-10-16 17:42:50 - [TEST_STEP][PASSED] - Statement - shippingType = "free": null

2018-10-16 17:42:50 - [TEST_STEP][PASSED] - Statement - paymentMethod = "PayPal": null

2018-10-16 17:42:50 - [TEST_STEP][PASSED] - Statement - category = "What's New": null

2018-10-16 17:42:50 - [TEST_STEP][PASSED] - beautytap.GeneralAction.openBeautytap: beautytap.GeneralAction.openBeautytap is PASSED

2018-10-16 17:43:11 - [MESSAGE][PASSED] - Browser is opened with url: 'https://stage.beautytap.com'

2018-10-16 17:43:12 - [MESSAGE][PASSED] - Current window maximized

2018-10-16 17:43:21 - [MESSAGE][PASSED] - Refresh successfully

2018-10-16 17:43:21 - [MESSAGE][PASSED] - Wait for page load successfully

2018-10-16 17:43:21 - [MESSAGE][PASSED] - beautytap.GeneralAction.openBeautytap is PASSED

2018-10-16 17:43:21 - [TEST_STEP][PASSED] - beautytap.ShopAction.selectCategory: beautytap.ShopAction.selectCategory is PASSED

2018-10-16 17:43:36 - [MESSAGE][PASSED] - Object: '' is clicked on

2018-10-16 17:43:36 - [MESSAGE][PASSED] - Wait for page load successfully

2018-10-16 17:43:36 - [MESSAGE][PASSED] - beautytap.ShopAction.selectCategory is PASSED

2018-10-16 17:43:36 - [TEST_STEP][PASSED] - beautytap.ShopAction.findProductOnProductList: beautytap.ShopAction.findProductOnProductList is PASSED

2018-10-16 17:43:36 - [MESSAGE][PASSED] - Text of object '' is: '77'

2018-10-16 17:43:42 - [MESSAGE][WARNING] - com.kms.katalon.core.webui.exception.WebElementNotFoundException: Web element with id: '' located by 'By.xpath: //a[text()='La Muse Correct Care Complete Cushion SPF50+']' not found
[[ATTACHMENT|E:\\BeautytapAutomation\\beautytapAuto\\Beautytap\\Reports\\Regression\\20181016_165806\\1539686621966.png]]

2018-10-16 17:43:56 - [MESSAGE][PASSED] - Object: '' is clicked on

2018-10-16 17:43:56 - [MESSAGE][PASSED] - Wait for page load successfully

2018-10-16 17:44:02 - [MESSAGE][WARNING] - com.kms.katalon.core.webui.exception.WebElementNotFoundException: Web element with id: '' located by 'By.xpath: //a[text()='La Muse Correct Care Complete Cushion SPF50+']' not found
[[ATTACHMENT|E:\\BeautytapAutomation\\beautytapAuto\\Beautytap\\Reports\\Regression\\20181016_165806\\1539686642278.png]]

2018-10-16 17:44:15 - [MESSAGE][PASSED] - Object: '' is clicked on

2018-10-16 17:44:15 - [MESSAGE][PASSED] - Wait for page load successfully

2018-10-16 17:44:15 - [MESSAGE][PASSED] - Object '' is present

2018-10-16 17:44:15 - [MESSAGE][PASSED] - beautytap.ShopAction.findProductOnProductList is PASSED

2018-10-16 17:44:15 - [TEST_STEP][PASSED] - beautytap.ShopAction.VerifyProductOnProductList: Keyword VerifyProductOnProductList is Passed

2018-10-16 17:44:15 - [MESSAGE][PASSED] - Object '' is present

2018-10-16 17:44:15 - [MESSAGE][PASSED] - Text of object '' is: '$31.80'

2018-10-16 17:44:15 - [MESSAGE][PASSED] - Get CSS 'color' value on '' successfully: 'rgba(255, 35, 134, 1)'.

2018-10-16 17:44:15 - [MESSAGE][PASSED] - Get CSS 'color' value on '' successfully: 'rgba(255, 35, 134, 1)'.

2018-10-16 17:44:15 - [MESSAGE][PASSED] - Keyword VerifyProductOnProductList is Passed

2018-10-16 17:44:15 - [TEST_STEP][PASSED] - beautytap.ShopAction.selectProductOnProductList: beautytap.ShopAction.selectProductOnProductList is PASSED

2018-10-16 17:44:25 - [MESSAGE][PASSED] - Object: '' is clicked on

2018-10-16 17:44:25 - [MESSAGE][PASSED] - Wait for page load successfully

2018-10-16 17:44:25 - [MESSAGE][PASSED] - beautytap.ShopAction.selectProductOnProductList is PASSED

2018-10-16 17:44:25 - [TEST_STEP][PASSED] - beautytap.ShopAction.VerifyProductDetails: Keyword VerifyProductDetails is Passed

2018-10-16 17:44:25 - [MESSAGE][PASSED] - Text of object '' is: 'La Muse Correct Care Complete Cushion SPF50+'

2018-10-16 17:44:25 - [MESSAGE][PASSED] - Text of object '' is: '$31.80'

2018-10-16 17:44:25 - [MESSAGE][PASSED] - Get CSS 'color' value on '' successfully: 'rgba(255, 35, 134, 1)'.

2018-10-16 17:44:25 - [MESSAGE][PASSED] - Keyword VerifyProductDetails is Passed

2018-10-16 17:44:25 - [TEST_STEP][PASSED] - Statement - currentNumberItemInCart = CustomKeywords.beautytap.ShopAction.getNumberItemInCart(): beautytap.ShopAction.getNumberItemInCart is PASSED

2018-10-16 17:44:30 - [MESSAGE][WARNING] - com.kms.katalon.core.webui.exception.WebElementNotFoundException: Web element with id: '' located by 'By.xpath: //div[@class='header-right-top pull-right']/a[@class='shop-cart']/span[@class='number-cart']' not found
[[ATTACHMENT|E:\\BeautytapAutomation\\beautytapAuto\\Beautytap\\Reports\\Regression\\20181016_165806\\1539686670698.png]]

2018-10-16 17:44:30 - [MESSAGE][PASSED] - beautytap.ShopAction.getNumberItemInCart is PASSED

2018-10-16 17:44:30 - [TEST_STEP][PASSED] - beautytap.ShopAction.addProductToCart: beautytap.ShopAction.addProductToCart is PASSED

2018-10-16 17:44:31 - [MESSAGE][PASSED] - Text of object 'Object Repository/Page_Shop/txt_quantity' is cleared

2018-10-16 17:44:31 - [MESSAGE][PASSED] - Keys '3' sent to object: 'Object Repository/Page_Shop/txt_quantity'

2018-10-16 17:44:31 - [MESSAGE][PASSED] - Object: 'Object Repository/Page_Shop/btn_addToCart' is clicked on

2018-10-16 17:44:31 - [MESSAGE][PASSED] - Wait for page load successfully

2018-10-16 17:44:40 - [MESSAGE][PASSED] - Object 'Object Repository/Page_Shop/lbl_message' is present

2018-10-16 17:44:45 - [MESSAGE][PASSED] - Delayed 5 second(s)

2018-10-16 17:44:45 - [MESSAGE][PASSED] - beautytap.ShopAction.addProductToCart is PASSED

2018-10-16 17:44:45 - [TEST_STEP][PASSED] - beautytap.ShopAction.VerifyNumberItemInCart: Keyword VerifyNumberItemInCart is Passed, Number item in cart is 3, expected is 3

2018-10-16 17:44:45 - [MESSAGE][PASSED] - Object '' is present

2018-10-16 17:44:45 - [MESSAGE][PASSED] - Text of object '' is: '3'

2018-10-16 17:44:45 - [MESSAGE][PASSED] - Keyword VerifyNumberItemInCart is Passed, Number item in cart is 3, expected is 3

2018-10-16 17:44:45 - [TEST_STEP][PASSED] - beautytap.ShopAction.VerifyProductIsAddedToCart: beautytap.ShopAction.VerifyProductIsAddedToCart is PASSED

2018-10-16 17:44:45 - [MESSAGE][PASSED] - Object '' is present

2018-10-16 17:44:45 - [MESSAGE][PASSED] - beautytap.ShopAction.VerifyProductIsAddedToCart is PASSED

2018-10-16 17:44:45 - [TEST_STEP][PASSED] - beautytap.ShopAction.goToCart: beautytap.ShopAction.goToCart is PASSED

2018-10-16 17:44:45 - [MESSAGE][PASSED] - Object 'Object Repository/Page_General/icon_cart' is present

2018-10-16 17:44:51 - [MESSAGE][PASSED] - Object: 'Object Repository/Page_General/icon_cart' is clicked on

2018-10-16 17:44:51 - [MESSAGE][PASSED] - Wait for page load successfully

2018-10-16 17:44:51 - [MESSAGE][PASSED] - beautytap.ShopAction.goToCart is PASSED

2018-10-16 17:44:51 - [TEST_STEP][PASSED] - beautytap.ShopAction.VerifyProductInCart: Keyword VerifyProductInCart is Passed

2018-10-16 17:44:51 - [MESSAGE][PASSED] - Object '' is present

2018-10-16 17:44:51 - [MESSAGE][PASSED] - Object '' is present

2018-10-16 17:44:51 - [MESSAGE][PASSED] - Text of object '' is: '$31.80'

2018-10-16 17:44:52 - [MESSAGE][PASSED] - Attribute 'value' of object '' is: '3'

2018-10-16 17:44:52 - [MESSAGE][PASSED] - Text of object '' is: '$95.40'

2018-10-16 17:44:52 - [MESSAGE][PASSED] - Keyword VerifyProductInCart is Passed

2018-10-16 17:44:52 - [TEST_STEP][PASSED] - beautytap.ShopAction.processToCheckout: beautytap.ShopAction.processToCheckout is PASSED

2018-10-16 17:44:58 - [MESSAGE][PASSED] - Object: 'Object Repository/Page_Cart/btn_checkout' is clicked on

2018-10-16 17:44:58 - [MESSAGE][PASSED] - Wait for page load successfully

2018-10-16 17:44:58 - [MESSAGE][PASSED] - beautytap.ShopAction.processToCheckout is PASSED

2018-10-16 17:44:58 - [TEST_STEP][PASSED] - beautytap.ShopAction.fillCustomerInformation: beautytap.ShopAction.fillCustomerInformation is PASSED

2018-10-16 17:44:58 - [MESSAGE][PASSED] - Text of object 'Object Repository/Page_Checkout/txt_billingFirstName' is cleared

2018-10-16 17:44:58 - [MESSAGE][PASSED] - Keys 'Test' sent to object: 'Object Repository/Page_Checkout/txt_billingFirstName'

2018-10-16 17:44:58 - [MESSAGE][PASSED] - Text of object 'Object Repository/Page_Checkout/txt_billingLastName' is cleared

2018-10-16 17:44:59 - [MESSAGE][PASSED] - Keys 'Automation' sent to object: 'Object Repository/Page_Checkout/txt_billingLastName'

2018-10-16 17:44:59 - [MESSAGE][PASSED] - All options with label 'United States (US)' are selected in object 'Object Repository/Page_Checkout/drop_billingCountry' 

2018-10-16 17:45:04 - [MESSAGE][PASSED] - Delayed 5 second(s)

2018-10-16 17:45:04 - [MESSAGE][PASSED] - Text of object 'Object Repository/Page_Checkout/txt_billingAddress' is cleared

2018-10-16 17:45:05 - [MESSAGE][PASSED] - Keys '123 Testing' sent to object: 'Object Repository/Page_Checkout/txt_billingAddress'

2018-10-16 17:45:05 - [MESSAGE][PASSED] - Text of object 'Object Repository/Page_Checkout/txt_billingCity' is cleared

2018-10-16 17:45:05 - [MESSAGE][PASSED] - Keys 'New York' sent to object: 'Object Repository/Page_Checkout/txt_billingCity'

2018-10-16 17:45:06 - [MESSAGE][PASSED] - All options with label 'New York' are selected in object 'Object Repository/Page_Checkout/drop_billingState' 

2018-10-16 17:45:06 - [MESSAGE][PASSED] - Text of object 'Object Repository/Page_Checkout/txt_billingZip' is cleared

2018-10-16 17:45:06 - [MESSAGE][PASSED] - Keys '90012' sent to object: 'Object Repository/Page_Checkout/txt_billingZip'

2018-10-16 17:45:06 - [MESSAGE][PASSED] - Text of object 'Object Repository/Page_Checkout/txt_billingEmail' is cleared

2018-10-16 17:45:07 - [MESSAGE][PASSED] - Keys 'auto375194@mailinator.com' sent to object: 'Object Repository/Page_Checkout/txt_billingEmail'

2018-10-16 17:45:07 - [MESSAGE][PASSED] - Object 'Object Repository/Page_Checkout/chk_shipToDifferentAddress' is un-checked

2018-10-16 17:45:08 - [MESSAGE][PASSED] - Text of object 'Object Repository/Page_Checkout/txt_orderNote' is cleared

2018-10-16 17:45:08 - [MESSAGE][PASSED] - Keys 'auto375194Order' sent to object: 'Object Repository/Page_Checkout/txt_orderNote'

2018-10-16 17:45:08 - [MESSAGE][PASSED] - Object 'Object Repository/Page_Checkout/radio_creditCard' is checked

2018-10-16 17:45:13 - [MESSAGE][PASSED] - Delayed 5 second(s)

2018-10-16 17:45:13 - [MESSAGE][PASSED] - beautytap.ShopAction.fillCustomerInformation is PASSED

2018-10-16 17:45:13 - [TEST_STEP][PASSED] - beautytap.ShopAction.VerifyOrderDetailsOnCheckout: Keyword VerifyOrderDetailsOnCheckout is Passed

2018-10-16 17:45:13 - [MESSAGE][PASSED] - Object '' is present

2018-10-16 17:45:13 - [MESSAGE][PASSED] - Text of object '' is: '$95.40'

2018-10-16 17:45:13 - [MESSAGE][PASSED] - Text of object '' is: 'Free shipping for orders over $70
Why does shipping take this long?'

2018-10-16 17:45:13 - [MESSAGE][PASSED] - Text of object '' is: '$95.40'

2018-10-16 17:45:13 - [MESSAGE][PASSED] - Keyword VerifyOrderDetailsOnCheckout is Passed

2018-10-16 17:45:13 - [TEST_STEP][PASSED] - beautytap.ShopAction.checkoutViaPaypal: beautytap.ShopAction.checkoutViaPaypal is PASSED

2018-10-16 17:45:13 - [MESSAGE][PASSED] - Object 'Object Repository/Page_Checkout/radio_paypal' is checked

2018-10-16 17:45:18 - [MESSAGE][PASSED] - Delayed 5 second(s)

2018-10-16 17:45:19 - [MESSAGE][PASSED] - Object 'Object Repository/Page_Checkout/chk_terms' is checked

2018-10-16 17:45:19 - [MESSAGE][PASSED] - Object: 'Object Repository/Page_Checkout/btn_placeOrder' is clicked on

2018-10-16 17:45:27 - [MESSAGE][PASSED] - Object 'Object Repository/Page_Paypal/txt_email' is present

2018-10-16 17:45:27 - [MESSAGE][PASSED] - Text of object 'Object Repository/Page_Paypal/txt_email' is cleared

2018-10-16 17:45:27 - [MESSAGE][PASSED] - Keys 'g1.posiba@gmail.com' sent to object: 'Object Repository/Page_Paypal/txt_email'

2018-10-16 17:45:28 - [MESSAGE][PASSED] - Text of object 'Object Repository/Page_Paypal/txt_password' is cleared

2018-10-16 17:45:28 - [MESSAGE][PASSED] - Keys 'Tr@ng99%' sent to object: 'Object Repository/Page_Paypal/txt_password'

2018-10-16 17:45:37 - [MESSAGE][PASSED] - Object: 'Object Repository/Page_Paypal/btn_login' is clicked on

2018-10-16 17:45:40 - [MESSAGE][PASSED] - Object 'Object Repository/Page_Paypal/btn_payNow' is present

2018-10-16 17:45:45 - [MESSAGE][PASSED] - Delayed 5 second(s)

2018-10-16 17:45:45 - [MESSAGE][PASSED] - Object: 'Object Repository/Page_Paypal/btn_payNow' is clicked on

2018-10-16 17:46:07 - [MESSAGE][PASSED] - Object 'Object Repository/Page_Checkout/lbl_orderReceived' is present

2018-10-16 17:46:07 - [MESSAGE][PASSED] - beautytap.ShopAction.checkoutViaPaypal is PASSED

2018-10-16 17:46:07 - [TEST_STEP][PASSED] - beautytap.ShopAction.VerifyOrderReceivedDetails: Keyword VerifyOrderReceivedDetails is Passed

2018-10-16 17:46:07 - [MESSAGE][PASSED] - Object '' is present

2018-10-16 17:46:07 - [MESSAGE][PASSED] - Text of object '' is: '$95.40'

2018-10-16 17:46:07 - [MESSAGE][PASSED] - Text of object '' is: 'Free shipping for orders over $70'

2018-10-16 17:46:13 - [MESSAGE][WARNING] - com.kms.katalon.core.webui.exception.WebElementNotFoundException: Web element with id: '' located by 'By.xpath: //th[text()='Shipping:']/parent::tr/td/span' not found
[[ATTACHMENT|E:\\BeautytapAutomation\\beautytapAuto\\Beautytap\\Reports\\Regression\\20181016_165806\\1539686773042.png]]

2018-10-16 17:46:13 - [MESSAGE][PASSED] - Text of object '' is: 'PayPal'

2018-10-16 17:46:13 - [MESSAGE][PASSED] - Text of object '' is: '$95.40'

2018-10-16 17:46:13 - [MESSAGE][PASSED] - Keyword VerifyOrderReceivedDetails is Passed

2018-10-16 17:46:13 - [TEST_STEP][PASSED] - closeBrowser: Browser is closed

2018-10-16 17:46:14 - [MESSAGE][PASSED] - Browser is closed]]></system-out>
         <system-err><![CDATA[]]></system-err>
      </testcase>
      <testcase name="Test Cases/Shop/TC06_Browse_VariationProduct_Sale_AmazonPayAtCart_LessThan60_EMS" classname="Test Cases/Shop/TC06_Browse_VariationProduct_Sale_AmazonPayAtCart_LessThan60_EMS" status="PASSED">
         <system-out><![CDATA[2018-10-16 17:46:16 - [TEST_CASE][PASSED] - Test Cases/Shop/TC06_Browse_VariationProduct_Sale_AmazonPayAtCart_LessThan60_EMS: Test Cases/Shop/TC06_Browse_VariationProduct_Sale_AmazonPayAtCart_LessThan60_EMS

2018-10-16 17:46:17 - [TEST_STEP][PASSED] - Statement - productName = VARIATION_SALE_PRODUCT: null

2018-10-16 17:46:17 - [TEST_STEP][PASSED] - Statement - saleprice = VARIATION_SALE_PRICE1: null

2018-10-16 17:46:17 - [TEST_STEP][PASSED] - Statement - redularprice = VARIATION_SALE_REGULAR_PRICE1: null

2018-10-16 17:46:17 - [TEST_STEP][PASSED] - Statement - variation = VARIATION_SALE_NAME1: null

2018-10-16 17:46:17 - [TEST_STEP][PASSED] - Statement - r_string = new java.lang.Math().random().toString().substring(2, 8): null

2018-10-16 17:46:17 - [TEST_STEP][PASSED] - Statement - email = "auto" + r_string + "@mailinator.com": null

2018-10-16 17:46:17 - [TEST_STEP][PASSED] - Statement - orderNote = "auto" + r_string + "Order": null

2018-10-16 17:46:17 - [TEST_STEP][PASSED] - Statement - currentNumberItemInCart = <not implemented yet for class: org.codehaus.groovy.ast.expr.EmptyExpression>: null

2018-10-16 17:46:17 - [TEST_STEP][PASSED] - Statement - quantity = 5: null

2018-10-16 17:46:17 - [TEST_STEP][PASSED] - Statement - shippingLabel = SHIPPING_LABEL: null

2018-10-16 17:46:17 - [TEST_STEP][PASSED] - Statement - shippingPrice = SHIPPING_PRICE: null

2018-10-16 17:46:17 - [TEST_STEP][PASSED] - Statement - subtotal = CustomKeywords.beautytap.ShopAction.calculateTotal(quantity, saleprice): beautytap.ShopAction.calculateTotal is PASSED

2018-10-16 17:46:17 - [MESSAGE][PASSED] - beautytap.ShopAction.calculateTotal is PASSED

2018-10-16 17:46:17 - [TEST_STEP][PASSED] - Statement - total = subtotal + shippingPrice: null

2018-10-16 17:46:17 - [TEST_STEP][PASSED] - Statement - total = CustomKeywords.beautytap.ShopAction.calculateTotal(1, total): beautytap.ShopAction.calculateTotal is PASSED

2018-10-16 17:46:17 - [MESSAGE][PASSED] - beautytap.ShopAction.calculateTotal is PASSED

2018-10-16 17:46:17 - [TEST_STEP][PASSED] - Statement - products = new org.json.JSONArray((((((((([{"productname":" + productName) + ","variation":") + variation) + ","quantity":") + quantity) + ","price":") + saleprice) + "}])): null

2018-10-16 17:46:17 - [TEST_STEP][PASSED] - Statement - billingInformation = new org.json.JSONObject((({"firstname":"Test","lastname":"Automation","country":"United States (US)","address":"123 Testing","city":"New York","state":"New York","zip":"90012","email":" + email) + "})): null

2018-10-16 17:46:17 - [TEST_STEP][PASSED] - Statement - shippingType = "normal": null

2018-10-16 17:46:17 - [TEST_STEP][PASSED] - Statement - paymentMethod = "Amazon Pay": null

2018-10-16 17:46:17 - [TEST_STEP][PASSED] - Statement - category = "Brands": null

2018-10-16 17:46:17 - [TEST_STEP][PASSED] - Statement - subcategory = "Innisfree": null

2018-10-16 17:46:17 - [TEST_STEP][PASSED] - beautytap.GeneralAction.openBeautytap: beautytap.GeneralAction.openBeautytap is PASSED

2018-10-16 17:46:41 - [MESSAGE][PASSED] - Browser is opened with url: 'https://stage.beautytap.com'

2018-10-16 17:46:42 - [MESSAGE][PASSED] - Current window maximized

2018-10-16 17:46:49 - [MESSAGE][PASSED] - Refresh successfully

2018-10-16 17:46:49 - [MESSAGE][PASSED] - Wait for page load successfully

2018-10-16 17:46:49 - [MESSAGE][PASSED] - beautytap.GeneralAction.openBeautytap is PASSED

2018-10-16 17:46:49 - [TEST_STEP][PASSED] - beautytap.ShopAction.selectCategory: beautytap.ShopAction.selectCategory is PASSED

2018-10-16 17:46:50 - [MESSAGE][PASSED] - Object: '' is clicked on

2018-10-16 17:46:52 - [MESSAGE][PASSED] - Delayed 2 second(s)

2018-10-16 17:47:12 - [MESSAGE][PASSED] - Object: '' is clicked on

2018-10-16 17:47:12 - [MESSAGE][PASSED] - Wait for page load successfully

2018-10-16 17:47:12 - [MESSAGE][PASSED] - beautytap.ShopAction.selectCategory is PASSED

2018-10-16 17:47:12 - [TEST_STEP][PASSED] - beautytap.ShopAction.findProductOnProductList: beautytap.ShopAction.findProductOnProductList is PASSED

2018-10-16 17:47:12 - [MESSAGE][PASSED] - Text of object '' is: '3'

2018-10-16 17:47:18 - [MESSAGE][WARNING] - com.kms.katalon.core.webui.exception.WebElementNotFoundException: Web element with id: '' located by 'By.xpath: //a[text()='Innisfree Eye Contouring Stick Round Shape 0.7g']' not found
[[ATTACHMENT|E:\\BeautytapAutomation\\beautytapAuto\\Beautytap\\Reports\\Regression\\20181016_165806\\1539686837749.png]]

2018-10-16 17:47:32 - [MESSAGE][PASSED] - Object: '' is clicked on

2018-10-16 17:47:32 - [MESSAGE][PASSED] - Wait for page load successfully

2018-10-16 17:47:32 - [MESSAGE][PASSED] - Object '' is present

2018-10-16 17:47:32 - [MESSAGE][PASSED] - beautytap.ShopAction.findProductOnProductList is PASSED

2018-10-16 17:47:32 - [TEST_STEP][PASSED] - beautytap.ShopAction.VerifyProductOnProductList: Keyword VerifyProductOnProductList is Passed

2018-10-16 17:47:32 - [MESSAGE][PASSED] - Object '' is present

2018-10-16 17:47:32 - [MESSAGE][PASSED] - Text of object '' is: '$4.95'

2018-10-16 17:47:32 - [MESSAGE][PASSED] - Get CSS 'color' value on '' successfully: 'rgba(255, 35, 134, 1)'.

2018-10-16 17:47:32 - [MESSAGE][PASSED] - Get CSS 'color' value on '' successfully: 'rgba(255, 35, 134, 1)'.

2018-10-16 17:47:32 - [MESSAGE][PASSED] - Text of object '' is: '$6.50'

2018-10-16 17:47:32 - [MESSAGE][PASSED] - Get CSS 'color' value on '' successfully: 'rgba(255, 35, 134, 1)'.

2018-10-16 17:47:32 - [MESSAGE][PASSED] - Get CSS 'color' value on '' successfully: 'rgba(255, 35, 134, 1)'.

2018-10-16 17:47:32 - [MESSAGE][PASSED] - Keyword VerifyProductOnProductList is Passed

2018-10-16 17:47:32 - [TEST_STEP][PASSED] - beautytap.ShopAction.selectProductOnProductList: beautytap.ShopAction.selectProductOnProductList is PASSED

2018-10-16 17:47:45 - [MESSAGE][PASSED] - Object: '' is clicked on

2018-10-16 17:47:45 - [MESSAGE][PASSED] - Wait for page load successfully

2018-10-16 17:47:45 - [MESSAGE][PASSED] - beautytap.ShopAction.selectProductOnProductList is PASSED

2018-10-16 17:47:45 - [TEST_STEP][PASSED] - beautytap.ShopAction.selectProductVariation: beautytap.ShopAction.selectProductVariation is PASSED

2018-10-16 17:47:45 - [MESSAGE][PASSED] - Object: 'Object Repository/Page_Shop/drop_chooseOption' is clicked on

2018-10-16 17:47:46 - [MESSAGE][PASSED] - Delayed 1 second(s)

2018-10-16 17:47:47 - [MESSAGE][PASSED] - Object: '' is clicked on

2018-10-16 17:47:47 - [MESSAGE][PASSED] - beautytap.ShopAction.selectProductVariation is PASSED

2018-10-16 17:47:47 - [TEST_STEP][PASSED] - beautytap.ShopAction.VerifyProductDetails: Keyword VerifyProductDetails is Passed

2018-10-16 17:47:47 - [MESSAGE][PASSED] - Text of object '' is: 'Innisfree Eye Contouring Stick Round Shape 0.7g'

2018-10-16 17:47:48 - [MESSAGE][PASSED] - All options with label '5' are selected in object 'Object Repository/Page_Shop/drop_chooseOption' 

2018-10-16 17:47:48 - [MESSAGE][PASSED] - Text of object '' is: '$6.50'

2018-10-16 17:47:48 - [MESSAGE][PASSED] - Get CSS 'color' value on '' successfully: 'rgba(195, 195, 195, 1)'.

2018-10-16 17:47:48 - [MESSAGE][PASSED] - Text of object '' is: '$4.95'

2018-10-16 17:47:48 - [MESSAGE][PASSED] - Get CSS 'color' value on '' successfully: 'rgba(255, 35, 134, 1)'.

2018-10-16 17:47:48 - [MESSAGE][PASSED] - Keyword VerifyProductDetails is Passed

2018-10-16 17:47:48 - [TEST_STEP][PASSED] - Statement - currentNumberItemInCart = CustomKeywords.beautytap.ShopAction.getNumberItemInCart(): beautytap.ShopAction.getNumberItemInCart is PASSED

2018-10-16 17:47:54 - [MESSAGE][WARNING] - com.kms.katalon.core.webui.exception.WebElementNotFoundException: Web element with id: '' located by 'By.xpath: //div[@class='header-right-top pull-right']/a[@class='shop-cart']/span[@class='number-cart']' not found
[[ATTACHMENT|E:\\BeautytapAutomation\\beautytapAuto\\Beautytap\\Reports\\Regression\\20181016_165806\\1539686873868.png]]

2018-10-16 17:47:54 - [MESSAGE][PASSED] - beautytap.ShopAction.getNumberItemInCart is PASSED

2018-10-16 17:47:54 - [TEST_STEP][PASSED] - beautytap.ShopAction.addProductToCart: beautytap.ShopAction.addProductToCart is PASSED

2018-10-16 17:47:54 - [MESSAGE][PASSED] - Text of object 'Object Repository/Page_Shop/txt_quantity' is cleared

2018-10-16 17:47:54 - [MESSAGE][PASSED] - Keys '5' sent to object: 'Object Repository/Page_Shop/txt_quantity'

2018-10-16 17:47:54 - [MESSAGE][PASSED] - Object: 'Object Repository/Page_Shop/btn_addToCart' is clicked on

2018-10-16 17:47:54 - [MESSAGE][PASSED] - Wait for page load successfully

2018-10-16 17:48:03 - [MESSAGE][PASSED] - Object 'Object Repository/Page_Shop/lbl_message' is present

2018-10-16 17:48:08 - [MESSAGE][PASSED] - Delayed 5 second(s)

2018-10-16 17:48:08 - [MESSAGE][PASSED] - beautytap.ShopAction.addProductToCart is PASSED

2018-10-16 17:48:08 - [TEST_STEP][PASSED] - beautytap.ShopAction.VerifyNumberItemInCart: Keyword VerifyNumberItemInCart is Passed, Number item in cart is 5, expected is 5

2018-10-16 17:48:08 - [MESSAGE][PASSED] - Object '' is present

2018-10-16 17:48:08 - [MESSAGE][PASSED] - Text of object '' is: '5'

2018-10-16 17:48:08 - [MESSAGE][PASSED] - Keyword VerifyNumberItemInCart is Passed, Number item in cart is 5, expected is 5

2018-10-16 17:48:08 - [TEST_STEP][PASSED] - beautytap.ShopAction.VerifyProductIsAddedToCart: beautytap.ShopAction.VerifyProductIsAddedToCart is PASSED

2018-10-16 17:48:09 - [MESSAGE][PASSED] - Object '' is present

2018-10-16 17:48:09 - [MESSAGE][PASSED] - beautytap.ShopAction.VerifyProductIsAddedToCart is PASSED

2018-10-16 17:48:09 - [TEST_STEP][PASSED] - beautytap.ShopAction.goToCart: beautytap.ShopAction.goToCart is PASSED

2018-10-16 17:48:09 - [MESSAGE][PASSED] - Object 'Object Repository/Page_General/icon_cart' is present

2018-10-16 17:48:15 - [MESSAGE][PASSED] - Object: 'Object Repository/Page_General/icon_cart' is clicked on

2018-10-16 17:48:15 - [MESSAGE][PASSED] - Wait for page load successfully

2018-10-16 17:48:15 - [MESSAGE][PASSED] - beautytap.ShopAction.goToCart is PASSED

2018-10-16 17:48:15 - [TEST_STEP][PASSED] - beautytap.ShopAction.VerifyProductInCart: Keyword VerifyProductInCart is Passed

2018-10-16 17:48:15 - [MESSAGE][PASSED] - Object '' is present

2018-10-16 17:48:15 - [MESSAGE][PASSED] - Object '' is present

2018-10-16 17:48:16 - [MESSAGE][PASSED] - Text of object '' is: '$4.95'

2018-10-16 17:48:16 - [MESSAGE][PASSED] - Attribute 'value' of object '' is: '5'

2018-10-16 17:48:16 - [MESSAGE][PASSED] - Text of object '' is: '$24.75'

2018-10-16 17:48:16 - [MESSAGE][PASSED] - Keyword VerifyProductInCart is Passed

2018-10-16 17:48:16 - [TEST_STEP][PASSED] - beautytap.ShopAction.loginAmazonPay: beautytap.ShopAction.loginAmazonPay is PASSED

2018-10-16 17:48:16 - [MESSAGE][PASSED] - Object: 'Object Repository/Page_Cart/btn_payWithAmazon' is clicked on

2018-10-16 17:48:16 - [MESSAGE][PASSED] - Switched to window with index: '1'

2018-10-16 17:48:18 - [MESSAGE][PASSED] - Object 'Object Repository/Popup_Amazon/txt_email' is present

2018-10-16 17:48:18 - [MESSAGE][PASSED] - Text of object 'Object Repository/Popup_Amazon/txt_email' is cleared

2018-10-16 17:48:18 - [MESSAGE][PASSED] - Keys 'amazontest1503@yopmail.com' sent to object: 'Object Repository/Popup_Amazon/txt_email'

2018-10-16 17:48:18 - [MESSAGE][PASSED] - Text of object 'Object Repository/Popup_Amazon/txt_password' is cleared

2018-10-16 17:48:19 - [MESSAGE][PASSED] - Keys '123456' sent to object: 'Object Repository/Popup_Amazon/txt_password'

2018-10-16 17:48:21 - [MESSAGE][PASSED] - Object: 'Object Repository/Popup_Amazon/btn_signin' is clicked on

2018-10-16 17:48:22 - [MESSAGE][PASSED] - Switched to window with index: '0'

2018-10-16 17:48:52 - [MESSAGE][PASSED] - Delayed 30 second(s)

2018-10-16 17:48:52 - [MESSAGE][PASSED] - beautytap.ShopAction.loginAmazonPay is PASSED

2018-10-16 17:48:52 - [TEST_STEP][PASSED] - beautytap.ShopAction.VerifyOrderDetailsOnCheckout: Keyword VerifyOrderDetailsOnCheckout is Passed

2018-10-16 17:48:52 - [MESSAGE][PASSED] - Object '' is present

2018-10-16 17:48:52 - [MESSAGE][PASSED] - Text of object '' is: '$24.75'

2018-10-16 17:48:52 - [MESSAGE][PASSED] - Text of object '' is: 'Spend $45.25 more & get FREE SHIPPING!
($25) - DHL flat rate shipping: $25.00
Why does shipping take this long?'

2018-10-16 17:48:52 - [MESSAGE][PASSED] - Text of object '' is: '$25.00'

2018-10-16 17:48:52 - [MESSAGE][PASSED] - Text of object '' is: '$49.75'

2018-10-16 17:48:52 - [MESSAGE][PASSED] - Keyword VerifyOrderDetailsOnCheckout is Passed

2018-10-16 17:48:52 - [TEST_STEP][PASSED] - beautytap.ShopAction.checkoutViaAmazonPay: beautytap.ShopAction.checkoutViaAmazonPay is PASSED

2018-10-16 17:48:52 - [MESSAGE][PASSED] - Object 'Object Repository/Page_Checkout/chk_terms' is clickable

2018-10-16 17:48:53 - [MESSAGE][PASSED] - Object 'Object Repository/Page_Checkout/chk_terms' is checked

2018-10-16 17:48:53 - [MESSAGE][PASSED] - Object: 'Object Repository/Page_Checkout/btn_placeOrder' is clicked on

2018-10-16 17:49:11 - [MESSAGE][PASSED] - Object 'Object Repository/Page_Checkout/lbl_orderReceived' is present

2018-10-16 17:49:11 - [MESSAGE][PASSED] - beautytap.ShopAction.checkoutViaAmazonPay is PASSED

2018-10-16 17:49:11 - [TEST_STEP][PASSED] - beautytap.ShopAction.VerifyOrderReceivedDetails: Keyword VerifyOrderReceivedDetails is Passed

2018-10-16 17:49:11 - [MESSAGE][PASSED] - Object '' is present

2018-10-16 17:49:11 - [MESSAGE][PASSED] - Text of object '' is: '$24.75'

2018-10-16 17:49:11 - [MESSAGE][PASSED] - Text of object '' is: '$25.00 via ($25) - DHL flat rate shipping'

2018-10-16 17:49:11 - [MESSAGE][PASSED] - Object '' is present

2018-10-16 17:49:11 - [MESSAGE][PASSED] - Text of object '' is: '$25.00'

2018-10-16 17:49:11 - [MESSAGE][PASSED] - Text of object '' is: 'Amazon Pay'

2018-10-16 17:49:11 - [MESSAGE][PASSED] - Text of object '' is: '$49.75'

2018-10-16 17:49:11 - [MESSAGE][PASSED] - Keyword VerifyOrderReceivedDetails is Passed

2018-10-16 17:49:11 - [TEST_STEP][PASSED] - closeBrowser: Browser is closed

2018-10-16 17:49:12 - [MESSAGE][PASSED] - Browser is closed]]></system-out>
         <system-err><![CDATA[]]></system-err>
      </testcase>
      <testcase name="Test Cases/Shop/TC11_HTTPS_Redirect" classname="Test Cases/Shop/TC11_HTTPS_Redirect" status="PASSED">
         <system-out><![CDATA[2018-10-16 17:49:14 - [TEST_CASE][PASSED] - Test Cases/Shop/TC11_HTTPS_Redirect: Test Cases/Shop/TC11_HTTPS_Redirect

2018-10-16 17:49:14 - [TEST_STEP][PASSED] - Statement - httpLink = SITE_URL: null

2018-10-16 17:49:14 - [TEST_STEP][PASSED] - Statement - httpLink = httpLink.replace("https", "http"): null

2018-10-16 17:49:14 - [TEST_STEP][PASSED] - Statement - httpsLink = SITE_URL: null

2018-10-16 17:49:14 - [TEST_STEP][PASSED] - beautytap.GeneralAction.openBeautytap: beautytap.GeneralAction.openBeautytap is PASSED

2018-10-16 17:49:30 - [MESSAGE][PASSED] - Browser is opened with url: 'http://stage.beautytap.com'

2018-10-16 17:49:32 - [MESSAGE][PASSED] - Current window maximized

2018-10-16 17:49:44 - [MESSAGE][PASSED] - Refresh successfully

2018-10-16 17:49:44 - [MESSAGE][PASSED] - Wait for page load successfully

2018-10-16 17:49:44 - [MESSAGE][PASSED] - beautytap.GeneralAction.openBeautytap is PASSED

2018-10-16 17:49:44 - [TEST_STEP][PASSED] - delay: Delayed 10 second(s)

2018-10-16 17:49:54 - [MESSAGE][PASSED] - Delayed 10 second(s)

2018-10-16 17:49:54 - [TEST_STEP][PASSED] - Statement - currentURL = com.kms.katalon.core.webui.keyword.WebUiBuiltInKeywords.getUrl(): Current window's url is: 'https://stage.beautytap.com/'

2018-10-16 17:49:54 - [MESSAGE][PASSED] - Current window's url is: 'https://stage.beautytap.com/'

2018-10-16 17:49:54 - [TEST_STEP][PASSED] - verifyMatch: Actual text 'https://stage.beautytap.com/' and expected text 'https://stage.beautytap.com.*' are matched  using regular expression

2018-10-16 17:49:54 - [MESSAGE][PASSED] - Actual text 'https://stage.beautytap.com/' and expected text 'https://stage.beautytap.com.*' are matched  using regular expression

2018-10-16 17:49:54 - [TEST_STEP][PASSED] - closeBrowser: Browser is closed

2018-10-16 17:49:55 - [MESSAGE][PASSED] - Browser is closed]]></system-out>
         <system-err><![CDATA[]]></system-err>
      </testcase>
      <system-out><![CDATA[2018-10-16 16:58:10 - [TEST_SUITE][FAILED] - Regression: Test Cases/Shop/TC09_ScheduleSale_LimitStock_SimpleProduct FAILED because (of) Unable to get text of object '' (Root cause: com.kms.katalon.core.webui.exception.WebElementNotFoundException: Web element with id: '' located by 'By.xpath: //th[text()='Subtotal:']/parent::tr/td/span' not found)]]></system-out>
      <system-err><![CDATA[2018-10-16 16:58:10 - [TEST_SUITE][FAILED] - Regression: Test Cases/Shop/TC09_ScheduleSale_LimitStock_SimpleProduct FAILED because (of) Unable to get text of object '' (Root cause: com.kms.katalon.core.webui.exception.WebElementNotFoundException: Web element with id: '' located by 'By.xpath: //th[text()='Subtotal:']/parent::tr/td/span' not found)]]></system-err>
   </testsuite>
</testsuites>
