<?xml version="1.0" encoding="UTF-8"?>
<testsuites name="TS1" time="1241" tests="6" failures="0" errors="0">
   <testsuite name="TS1" tests="6" failures="0" errors="0" time="1241" timestamp="2018-09-20 10:34:40" hostname="Trang Nguyen - DESKTOP-G1UHP65" id="Test Suites/TS1">
      <properties>
         <property name="deviceName" value=""/>
         <property name="devicePlatform" value=""/>
         <property name="logFolder" value="E:\\BeautytapAutomation\\beautytapAuto\\Beautytap\\Reports\\TS1\\20180920_103436"/>
         <property name="logFiles" value="E:\\BeautytapAutomation\\beautytapAuto\\Beautytap\\Reports\\TS1\\20180920_103436\\execution0.log"/>
         <property name="attachments" value="E:\\BeautytapAutomation\\beautytapAuto\\Beautytap\\Reports\\TS1\\20180920_103436\\1537415044021.png, E:\\BeautytapAutomation\\beautytapAuto\\Beautytap\\Reports\\TS1\\20180920_103436\\1537415081515.png, E:\\BeautytapAutomation\\beautytapAuto\\Beautytap\\Reports\\TS1\\20180920_103436\\1537415120695.png, E:\\BeautytapAutomation\\beautytapAuto\\Beautytap\\Reports\\TS1\\20180920_103436\\1537415244325.png, E:\\BeautytapAutomation\\beautytapAuto\\Beautytap\\Reports\\TS1\\20180920_103436\\1537415317475.png, E:\\BeautytapAutomation\\beautytapAuto\\Beautytap\\Reports\\TS1\\20180920_103436\\1537415371644.png, E:\\BeautytapAutomation\\beautytapAuto\\Beautytap\\Reports\\TS1\\20180920_103436\\1537415386158.png, E:\\BeautytapAutomation\\beautytapAuto\\Beautytap\\Reports\\TS1\\20180920_103436\\1537415439915.png, E:\\BeautytapAutomation\\beautytapAuto\\Beautytap\\Reports\\TS1\\20180920_103436\\1537415532541.png, E:\\BeautytapAutomation\\beautytapAuto\\Beautytap\\Reports\\TS1\\20180920_103436\\1537415590265.png, E:\\BeautytapAutomation\\beautytapAuto\\Beautytap\\Reports\\TS1\\20180920_103436\\1537415647769.png"/>
         <property name="hostName" value="Trang Nguyen - DESKTOP-G1UHP65"/>
         <property name="os" value="Windows 10 64bit"/>
         <property name="katalonVersion" value="5.5.0.1"/>
         <property name="browser" value="Chrome 69.0.3497.100"/>
         <property name="hostAddress" value="10.0.0.86"/>
         <property name="sessionId" value="61743ea66e3f021c91afa2853025b283"/>
         <property name="seleniumVersion" value="3.7.1"/>
         <property name="proxyInformation" value="ProxyInformation{proxyOption=NO_PROXY, proxyServerType=HTTP, password=, proxyServerAddress=, proxyServerPort=0}"/>
         <property name="platform" value="Windows 10"/>
      </properties>
      <testcase name="Test Cases/SignUp_Login_ResetPass/TC01_SignUp_Login_ResetPassword_Via_Email" classname="Test Cases/SignUp_Login_ResetPass/TC01_SignUp_Login_ResetPassword_Via_Email" status="PASSED">
         <system-out><![CDATA[2018-09-20 10:34:40 - [TEST_CASE][PASSED] - Test Cases/SignUp_Login_ResetPass/TC01_SignUp_Login_ResetPassword_Via_Email: Test Cases/SignUp_Login_ResetPass/TC01_SignUp_Login_ResetPassword_Via_Email

2018-09-20 10:34:42 - [TEST_STEP][PASSED] - Statement - r_string = new java.lang.Math().random().toString().substring(2, 8): null

2018-09-20 10:34:42 - [TEST_STEP][PASSED] - Statement - username = "auto" + r_string: null

2018-09-20 10:34:42 - [TEST_STEP][PASSED] - Statement - email = username + "@mailinator.com": null

2018-09-20 10:34:42 - [TEST_STEP][PASSED] - Statement - password = "123456": null

2018-09-20 10:34:42 - [TEST_STEP][PASSED] - Statement - newpassword = "test123": null

2018-09-20 10:34:42 - [TEST_STEP][PASSED] - Statement - name = "Auto User " + r_string: null

2018-09-20 10:34:42 - [TEST_STEP][PASSED] - Statement - birthday = "01/01/1990": null

2018-09-20 10:34:42 - [TEST_STEP][PASSED] - Statement - activation_subject = SITE_TITLE + " Activate your account": null

2018-09-20 10:34:42 - [TEST_STEP][PASSED] - Statement - resetpass_subject = SITE_TITLE + " Password Reset": null

2018-09-20 10:34:42 - [TEST_STEP][PASSED] - beautytap.GeneralAction.openBeautytap: beautytap.GeneralAction.openBeautytap is PASSED

2018-09-20 10:35:20 - [MESSAGE][PASSED] - Browser is opened with url: 'https://stage.beautytap.com'

2018-09-20 10:35:21 - [MESSAGE][PASSED] - Current window maximized

2018-09-20 10:35:25 - [MESSAGE][PASSED] - Refresh successfully

2018-09-20 10:35:25 - [MESSAGE][PASSED] - Wait for page load successfully

2018-09-20 10:35:25 - [MESSAGE][PASSED] - beautytap.GeneralAction.openBeautytap is PASSED

2018-09-20 10:35:25 - [TEST_STEP][PASSED] - beautytap.GeneralAction.clickNavigationMenu: beautytap.GeneralAction.clickNavigationMenu is PASSED

2018-09-20 10:35:28 - [MESSAGE][PASSED] - Object: 'Object Repository/Page_General/link_signup' is clicked on

2018-09-20 10:35:28 - [MESSAGE][PASSED] - Wait for page load successfully

2018-09-20 10:35:28 - [MESSAGE][PASSED] - beautytap.GeneralAction.clickNavigationMenu is PASSED

2018-09-20 10:35:28 - [TEST_STEP][PASSED] - beautytap.GeneralAction.signup: beautytap.GeneralAction.signup is PASSED

2018-09-20 10:35:28 - [MESSAGE][PASSED] - Keys 'auto368136' sent to object: 'Object Repository/Page_Signup/txt_username'

2018-09-20 10:35:29 - [MESSAGE][PASSED] - Keys 'auto368136@mailinator.com' sent to object: 'Object Repository/Page_Signup/txt_email'

2018-09-20 10:35:29 - [MESSAGE][PASSED] - Keys '123456' sent to object: 'Object Repository/Page_Signup/txt_password'

2018-09-20 10:35:29 - [MESSAGE][PASSED] - Keys 'Auto User 368136' sent to object: 'Object Repository/Page_Signup/txt_name'

2018-09-20 10:35:30 - [MESSAGE][PASSED] - Keys '01/01/1990' sent to object: 'Object Repository/Page_Signup/txt_birthday'

2018-09-20 10:35:30 - [MESSAGE][PASSED] - Object: 'Object Repository/Page_Signup/btn_signup' is clicked on

2018-09-20 10:35:30 - [MESSAGE][PASSED] - Wait for page load successfully

2018-09-20 10:35:30 - [MESSAGE][PASSED] - beautytap.GeneralAction.signup is PASSED

2018-09-20 10:35:30 - [TEST_STEP][PASSED] - verifyElementPresent: Object 'Object Repository/Page_Signup/lbl_sucessMessage' is present

2018-09-20 10:35:36 - [MESSAGE][PASSED] - Object 'Object Repository/Page_Signup/lbl_sucessMessage' is present

2018-09-20 10:35:36 - [TEST_STEP][PASSED] - beautytap.GeneralAction.openMailBox: beautytap.GeneralAction.openMailBox is PASSED

2018-09-20 10:35:38 - [MESSAGE][PASSED] - Navigate to 'https://www.mailinator.com' successfully

2018-09-20 10:35:38 - [MESSAGE][PASSED] - Wait for page load successfully

2018-09-20 10:35:38 - [MESSAGE][PASSED] - Keys 'auto368136' sent to object: 'Object Repository/Page_mailinator/txt_email'

2018-09-20 10:35:40 - [MESSAGE][PASSED] - Object: 'Object Repository/Page_mailinator/btn_go' is clicked on

2018-09-20 10:35:40 - [MESSAGE][PASSED] - Wait for page load successfully

2018-09-20 10:35:45 - [MESSAGE][PASSED] - Delayed 5 second(s)

2018-09-20 10:35:45 - [MESSAGE][PASSED] - beautytap.GeneralAction.openMailBox is PASSED

2018-09-20 10:35:45 - [TEST_STEP][PASSED] - beautytap.GeneralAction.verifyEmailExist: beautytap.GeneralAction.verifyEmailExist is PASSED

2018-09-20 10:35:45 - [MESSAGE][PASSED] - Object '' is present

2018-09-20 10:35:45 - [MESSAGE][PASSED] - beautytap.GeneralAction.verifyEmailExist is PASSED

2018-09-20 10:35:45 - [TEST_STEP][PASSED] - beautytap.GeneralAction.openEmail: beautytap.GeneralAction.openEmail is PASSED

2018-09-20 10:35:45 - [MESSAGE][PASSED] - Object: '' is clicked on

2018-09-20 10:35:45 - [MESSAGE][PASSED] - beautytap.GeneralAction.openEmail is PASSED

2018-09-20 10:35:45 - [TEST_STEP][PASSED] - beautytap.GeneralAction.clickEmailLink: beautytap.GeneralAction.clickEmailLink is PASSED

2018-09-20 10:35:46 - [MESSAGE][PASSED] - Text of object '' is: 'https://stage.beautytap.com/activate/qcNfBkmFB43Q6vmL9KsEyOeQSnTbXpFH/'

2018-09-20 10:35:59 - [MESSAGE][PASSED] - Navigate to 'https://stage.beautytap.com/activate/qcNfBkmFB43Q6vmL9KsEyOeQSnTbXpFH/' successfully

2018-09-20 10:35:59 - [MESSAGE][PASSED] - beautytap.GeneralAction.clickEmailLink is PASSED

2018-09-20 10:35:59 - [TEST_STEP][PASSED] - waitForPageLoad: Wait for page load successfully

2018-09-20 10:35:59 - [MESSAGE][PASSED] - Wait for page load successfully

2018-09-20 10:35:59 - [TEST_STEP][PASSED] - verifyElementPresent: Object 'Object Repository/Page_General/lbl_activeSuccessMessage' is present

2018-09-20 10:35:59 - [MESSAGE][PASSED] - Object 'Object Repository/Page_General/lbl_activeSuccessMessage' is present

2018-09-20 10:35:59 - [TEST_STEP][PASSED] - beautytap.GeneralAction.clickNavigationMenu: beautytap.GeneralAction.clickNavigationMenu is PASSED

2018-09-20 10:36:01 - [MESSAGE][PASSED] - Object: 'Object Repository/Page_General/link_login' is clicked on

2018-09-20 10:36:01 - [MESSAGE][PASSED] - Wait for page load successfully

2018-09-20 10:36:01 - [MESSAGE][PASSED] - beautytap.GeneralAction.clickNavigationMenu is PASSED

2018-09-20 10:36:01 - [TEST_STEP][PASSED] - beautytap.GeneralAction.login: beautytap.GeneralAction.login is PASSED

2018-09-20 10:36:01 - [MESSAGE][PASSED] - Text of object 'Object Repository/Page_login/txt_username' is cleared

2018-09-20 10:36:01 - [MESSAGE][PASSED] - Keys 'auto368136' sent to object: 'Object Repository/Page_login/txt_username'

2018-09-20 10:36:01 - [MESSAGE][PASSED] - Text of object 'Object Repository/Page_login/txt_password' is cleared

2018-09-20 10:36:02 - [MESSAGE][PASSED] - Keys '123456' sent to object: 'Object Repository/Page_login/txt_password'

2018-09-20 10:36:02 - [MESSAGE][PASSED] - Object: 'Object Repository/Page_login/btn_login' is clicked on

2018-09-20 10:36:02 - [MESSAGE][PASSED] - Wait for page load successfully

2018-09-20 10:36:02 - [MESSAGE][PASSED] - beautytap.GeneralAction.login is PASSED

2018-09-20 10:36:02 - [TEST_STEP][PASSED] - verifyElementPresent: Object 'Object Repository/Page_General/link_avatar' is present

2018-09-20 10:36:11 - [MESSAGE][PASSED] - Object 'Object Repository/Page_General/link_avatar' is present

2018-09-20 10:36:11 - [TEST_STEP][PASSED] - beautytap.GeneralAction.logout: beautytap.GeneralAction.logout is PASSED

2018-09-20 10:36:11 - [MESSAGE][PASSED] - Object: 'Object Repository/Page_General/link_avatar' is clicked on

2018-09-20 10:36:11 - [MESSAGE][PASSED] - Object 'Object Repository/Page_General/menu_logout' is present

2018-09-20 10:36:12 - [MESSAGE][PASSED] - Object: 'Object Repository/Page_General/menu_logout' is clicked on

2018-09-20 10:36:12 - [MESSAGE][PASSED] - Wait for page load successfully

2018-09-20 10:36:12 - [MESSAGE][PASSED] - beautytap.GeneralAction.logout is PASSED

2018-09-20 10:36:12 - [TEST_STEP][PASSED] - beautytap.GeneralAction.clickNavigationMenu: beautytap.GeneralAction.clickNavigationMenu is PASSED

2018-09-20 10:36:18 - [MESSAGE][PASSED] - Object: 'Object Repository/Page_General/link_login' is clicked on

2018-09-20 10:36:18 - [MESSAGE][PASSED] - Wait for page load successfully

2018-09-20 10:36:18 - [MESSAGE][PASSED] - beautytap.GeneralAction.clickNavigationMenu is PASSED

2018-09-20 10:36:18 - [TEST_STEP][PASSED] - beautytap.GeneralAction.login: beautytap.GeneralAction.login is PASSED

2018-09-20 10:36:18 - [MESSAGE][PASSED] - Text of object 'Object Repository/Page_login/txt_username' is cleared

2018-09-20 10:36:18 - [MESSAGE][PASSED] - Keys 'auto368136@mailinator.com' sent to object: 'Object Repository/Page_login/txt_username'

2018-09-20 10:36:18 - [MESSAGE][PASSED] - Text of object 'Object Repository/Page_login/txt_password' is cleared

2018-09-20 10:36:18 - [MESSAGE][PASSED] - Keys '123456' sent to object: 'Object Repository/Page_login/txt_password'

2018-09-20 10:36:19 - [MESSAGE][PASSED] - Object: 'Object Repository/Page_login/btn_login' is clicked on

2018-09-20 10:36:19 - [MESSAGE][PASSED] - Wait for page load successfully

2018-09-20 10:36:19 - [MESSAGE][PASSED] - beautytap.GeneralAction.login is PASSED

2018-09-20 10:36:19 - [TEST_STEP][PASSED] - verifyElementPresent: Object 'Object Repository/Page_General/link_avatar' is present

2018-09-20 10:36:26 - [MESSAGE][PASSED] - Object 'Object Repository/Page_General/link_avatar' is present

2018-09-20 10:36:26 - [TEST_STEP][PASSED] - beautytap.GeneralAction.logout: beautytap.GeneralAction.logout is PASSED

2018-09-20 10:36:26 - [MESSAGE][PASSED] - Object: 'Object Repository/Page_General/link_avatar' is clicked on

2018-09-20 10:36:26 - [MESSAGE][PASSED] - Object 'Object Repository/Page_General/menu_logout' is present

2018-09-20 10:36:27 - [MESSAGE][PASSED] - Object: 'Object Repository/Page_General/menu_logout' is clicked on

2018-09-20 10:36:27 - [MESSAGE][PASSED] - Wait for page load successfully

2018-09-20 10:36:27 - [MESSAGE][PASSED] - beautytap.GeneralAction.logout is PASSED

2018-09-20 10:36:27 - [TEST_STEP][PASSED] - beautytap.GeneralAction.clickNavigationMenu: beautytap.GeneralAction.clickNavigationMenu is PASSED

2018-09-20 10:36:32 - [MESSAGE][PASSED] - Object: 'Object Repository/Page_General/link_login' is clicked on

2018-09-20 10:36:32 - [MESSAGE][PASSED] - Wait for page load successfully

2018-09-20 10:36:32 - [MESSAGE][PASSED] - beautytap.GeneralAction.clickNavigationMenu is PASSED

2018-09-20 10:36:32 - [TEST_STEP][PASSED] - click: Object: 'Object Repository/Page_Login/link_forgotPassword' is clicked on

2018-09-20 10:36:35 - [MESSAGE][PASSED] - Object: 'Object Repository/Page_Login/link_forgotPassword' is clicked on

2018-09-20 10:36:35 - [TEST_STEP][PASSED] - sendKeys: Keys 'auto368136' sent to object: 'Object Repository/Page_ForgotPassword/txt_usernameOrEmail'

2018-09-20 10:36:35 - [MESSAGE][PASSED] - Keys 'auto368136' sent to object: 'Object Repository/Page_ForgotPassword/txt_usernameOrEmail'

2018-09-20 10:36:35 - [TEST_STEP][PASSED] - click: Object: 'Object Repository/Page_ForgotPassword/btn_forgotPassword' is clicked on

2018-09-20 10:36:36 - [MESSAGE][PASSED] - Object: 'Object Repository/Page_ForgotPassword/btn_forgotPassword' is clicked on

2018-09-20 10:36:36 - [TEST_STEP][PASSED] - verifyElementPresent: Object 'Object Repository/Page_ForgotPassword/lbl_sucessMessage' is present

2018-09-20 10:36:39 - [MESSAGE][PASSED] - Object 'Object Repository/Page_ForgotPassword/lbl_sucessMessage' is present

2018-09-20 10:36:39 - [TEST_STEP][PASSED] - beautytap.GeneralAction.openMailBox: beautytap.GeneralAction.openMailBox is PASSED

2018-09-20 10:36:41 - [MESSAGE][PASSED] - Navigate to 'https://www.mailinator.com' successfully

2018-09-20 10:36:41 - [MESSAGE][PASSED] - Wait for page load successfully

2018-09-20 10:36:41 - [MESSAGE][PASSED] - Keys 'auto368136' sent to object: 'Object Repository/Page_mailinator/txt_email'

2018-09-20 10:36:42 - [MESSAGE][PASSED] - Object: 'Object Repository/Page_mailinator/btn_go' is clicked on

2018-09-20 10:36:42 - [MESSAGE][PASSED] - Wait for page load successfully

2018-09-20 10:36:47 - [MESSAGE][PASSED] - Delayed 5 second(s)

2018-09-20 10:36:47 - [MESSAGE][PASSED] - beautytap.GeneralAction.openMailBox is PASSED

2018-09-20 10:36:47 - [TEST_STEP][PASSED] - beautytap.GeneralAction.verifyEmailExist: beautytap.GeneralAction.verifyEmailExist is PASSED

2018-09-20 10:36:47 - [MESSAGE][PASSED] - Object '' is present

2018-09-20 10:36:47 - [MESSAGE][PASSED] - beautytap.GeneralAction.verifyEmailExist is PASSED

2018-09-20 10:36:47 - [TEST_STEP][PASSED] - beautytap.GeneralAction.openEmail: beautytap.GeneralAction.openEmail is PASSED

2018-09-20 10:36:47 - [MESSAGE][PASSED] - Object: '' is clicked on

2018-09-20 10:36:47 - [MESSAGE][PASSED] - beautytap.GeneralAction.openEmail is PASSED

2018-09-20 10:36:47 - [TEST_STEP][PASSED] - beautytap.GeneralAction.clickEmailLink: beautytap.GeneralAction.clickEmailLink is PASSED

2018-09-20 10:36:48 - [MESSAGE][PASSED] - Text of object '' is: 'https://stage.beautytap.com/wp-login.php?action=rp&key=yhfy4unriWbwZo4eFghU&login=auto368136'

2018-09-20 10:36:51 - [MESSAGE][PASSED] - Navigate to 'https://stage.beautytap.com/wp-login.php?action=rp&key=yhfy4unriWbwZo4eFghU&login=auto368136' successfully

2018-09-20 10:36:51 - [MESSAGE][PASSED] - beautytap.GeneralAction.clickEmailLink is PASSED

2018-09-20 10:36:51 - [TEST_STEP][PASSED] - delay: Delayed 20 second(s)

2018-09-20 10:37:11 - [MESSAGE][PASSED] - Delayed 20 second(s)

2018-09-20 10:37:11 - [TEST_STEP][PASSED] - clearText: Text of object 'Object Repository/Page_ForgotPassword/txt_newPassword' is cleared

2018-09-20 10:37:11 - [MESSAGE][PASSED] - Text of object 'Object Repository/Page_ForgotPassword/txt_newPassword' is cleared

2018-09-20 10:37:11 - [TEST_STEP][PASSED] - sendKeys: Keys 'test123' sent to object: 'Object Repository/Page_ForgotPassword/txt_newPassword'

2018-09-20 10:37:11 - [MESSAGE][PASSED] - Keys 'test123' sent to object: 'Object Repository/Page_ForgotPassword/txt_newPassword'

2018-09-20 10:37:11 - [TEST_STEP][PASSED] - click: Object: 'Object Repository/Page_ForgotPassword/btn_resetPassword' is clicked on

2018-09-20 10:37:17 - [MESSAGE][PASSED] - Object: 'Object Repository/Page_ForgotPassword/btn_resetPassword' is clicked on

2018-09-20 10:37:17 - [TEST_STEP][PASSED] - verifyElementPresent: Object 'Object Repository/Page_ForgotPassword/lbl_resetPasswordMessage' is present

2018-09-20 10:37:17 - [MESSAGE][PASSED] - Object 'Object Repository/Page_ForgotPassword/lbl_resetPasswordMessage' is present

2018-09-20 10:37:17 - [TEST_STEP][PASSED] - beautytap.GeneralAction.clickNavigationMenu: beautytap.GeneralAction.clickNavigationMenu is PASSED

2018-09-20 10:37:20 - [MESSAGE][PASSED] - Object: 'Object Repository/Page_General/link_login' is clicked on

2018-09-20 10:37:20 - [MESSAGE][PASSED] - Wait for page load successfully

2018-09-20 10:37:20 - [MESSAGE][PASSED] - beautytap.GeneralAction.clickNavigationMenu is PASSED

2018-09-20 10:37:20 - [TEST_STEP][PASSED] - beautytap.GeneralAction.login: beautytap.GeneralAction.login is PASSED

2018-09-20 10:37:20 - [MESSAGE][PASSED] - Text of object 'Object Repository/Page_login/txt_username' is cleared

2018-09-20 10:37:20 - [MESSAGE][PASSED] - Keys 'auto368136' sent to object: 'Object Repository/Page_login/txt_username'

2018-09-20 10:37:20 - [MESSAGE][PASSED] - Text of object 'Object Repository/Page_login/txt_password' is cleared

2018-09-20 10:37:20 - [MESSAGE][PASSED] - Keys '123456' sent to object: 'Object Repository/Page_login/txt_password'

2018-09-20 10:37:20 - [MESSAGE][PASSED] - Object: 'Object Repository/Page_login/btn_login' is clicked on

2018-09-20 10:37:20 - [MESSAGE][PASSED] - Wait for page load successfully

2018-09-20 10:37:20 - [MESSAGE][PASSED] - beautytap.GeneralAction.login is PASSED

2018-09-20 10:37:20 - [TEST_STEP][PASSED] - verifyElementText: Actual text and expected text of test object 'Object Repository/Page_Login/lbl_errorMessage' are matched.

2018-09-20 10:37:21 - [MESSAGE][PASSED] - Actual text and expected text of test object 'Object Repository/Page_Login/lbl_errorMessage' are matched.

2018-09-20 10:37:21 - [TEST_STEP][PASSED] - beautytap.GeneralAction.login: beautytap.GeneralAction.login is PASSED

2018-09-20 10:37:21 - [MESSAGE][PASSED] - Text of object 'Object Repository/Page_login/txt_username' is cleared

2018-09-20 10:37:21 - [MESSAGE][PASSED] - Keys 'auto368136' sent to object: 'Object Repository/Page_login/txt_username'

2018-09-20 10:37:21 - [MESSAGE][PASSED] - Text of object 'Object Repository/Page_login/txt_password' is cleared

2018-09-20 10:37:21 - [MESSAGE][PASSED] - Keys 'test123' sent to object: 'Object Repository/Page_login/txt_password'

2018-09-20 10:37:22 - [MESSAGE][PASSED] - Object: 'Object Repository/Page_login/btn_login' is clicked on

2018-09-20 10:37:22 - [MESSAGE][PASSED] - Wait for page load successfully

2018-09-20 10:37:22 - [MESSAGE][PASSED] - beautytap.GeneralAction.login is PASSED

2018-09-20 10:37:22 - [TEST_STEP][PASSED] - verifyElementPresent: Object 'Object Repository/Page_General/link_avatar' is present

2018-09-20 10:37:30 - [MESSAGE][PASSED] - Object 'Object Repository/Page_General/link_avatar' is present

2018-09-20 10:37:30 - [TEST_STEP][PASSED] - beautytap.GeneralAction.logout: beautytap.GeneralAction.logout is PASSED

2018-09-20 10:37:30 - [MESSAGE][PASSED] - Object: 'Object Repository/Page_General/link_avatar' is clicked on

2018-09-20 10:37:30 - [MESSAGE][PASSED] - Object 'Object Repository/Page_General/menu_logout' is present

2018-09-20 10:37:30 - [MESSAGE][PASSED] - Object: 'Object Repository/Page_General/menu_logout' is clicked on

2018-09-20 10:37:30 - [MESSAGE][PASSED] - Wait for page load successfully

2018-09-20 10:37:30 - [MESSAGE][PASSED] - beautytap.GeneralAction.logout is PASSED

2018-09-20 10:37:30 - [TEST_STEP][PASSED] - beautytap.GeneralAction.clickNavigationMenu: beautytap.GeneralAction.clickNavigationMenu is PASSED

2018-09-20 10:37:38 - [MESSAGE][PASSED] - Object: 'Object Repository/Page_General/link_login' is clicked on

2018-09-20 10:37:38 - [MESSAGE][PASSED] - Wait for page load successfully

2018-09-20 10:37:38 - [MESSAGE][PASSED] - beautytap.GeneralAction.clickNavigationMenu is PASSED

2018-09-20 10:37:38 - [TEST_STEP][PASSED] - beautytap.GeneralAction.login: beautytap.GeneralAction.login is PASSED

2018-09-20 10:37:38 - [MESSAGE][PASSED] - Text of object 'Object Repository/Page_login/txt_username' is cleared

2018-09-20 10:37:38 - [MESSAGE][PASSED] - Keys 'auto368136@mailinator.com' sent to object: 'Object Repository/Page_login/txt_username'

2018-09-20 10:37:38 - [MESSAGE][PASSED] - Text of object 'Object Repository/Page_login/txt_password' is cleared

2018-09-20 10:37:38 - [MESSAGE][PASSED] - Keys 'test123' sent to object: 'Object Repository/Page_login/txt_password'

2018-09-20 10:37:38 - [MESSAGE][PASSED] - Object: 'Object Repository/Page_login/btn_login' is clicked on

2018-09-20 10:37:38 - [MESSAGE][PASSED] - Wait for page load successfully

2018-09-20 10:37:38 - [MESSAGE][PASSED] - beautytap.GeneralAction.login is PASSED

2018-09-20 10:37:38 - [TEST_STEP][PASSED] - verifyElementPresent: Object 'Object Repository/Page_General/link_avatar' is present

2018-09-20 10:37:47 - [MESSAGE][PASSED] - Object 'Object Repository/Page_General/link_avatar' is present

2018-09-20 10:37:47 - [TEST_STEP][PASSED] - beautytap.GeneralAction.logout: beautytap.GeneralAction.logout is PASSED

2018-09-20 10:37:47 - [MESSAGE][PASSED] - Object: 'Object Repository/Page_General/link_avatar' is clicked on

2018-09-20 10:37:47 - [MESSAGE][PASSED] - Object 'Object Repository/Page_General/menu_logout' is present

2018-09-20 10:37:47 - [MESSAGE][PASSED] - Object: 'Object Repository/Page_General/menu_logout' is clicked on

2018-09-20 10:37:47 - [MESSAGE][PASSED] - Wait for page load successfully

2018-09-20 10:37:48 - [MESSAGE][PASSED] - Browser is closed

2018-09-20 10:37:48 - [MESSAGE][PASSED] - beautytap.GeneralAction.logout is PASSED]]></system-out>
         <system-err><![CDATA[]]></system-err>
      </testcase>
      <testcase name="Test Cases/SignUp_Login_ResetPass/TC02_SignUp_Login_ViaFacebookEmail_NewUser_OldUser" classname="Test Cases/SignUp_Login_ResetPass/TC02_SignUp_Login_ViaFacebookEmail_NewUser_OldUser" status="PASSED">
         <system-out><![CDATA[2018-09-20 10:37:51 - [TEST_CASE][PASSED] - Test Cases/SignUp_Login_ResetPass/TC02_SignUp_Login_ViaFacebookEmail_NewUser_OldUser: Test Cases/SignUp_Login_ResetPass/TC02_SignUp_Login_ViaFacebookEmail_NewUser_OldUser

2018-09-20 10:37:51 - [TEST_STEP][PASSED] - beautytap.AdminAction.deleteUser: beautytap.AdminAction.deleteUser is PASSED

2018-09-20 10:37:58 - [MESSAGE][PASSED] - Browser is opened with url: 'https://stage.beautytap.com/login'

2018-09-20 10:37:59 - [MESSAGE][PASSED] - Current window maximized

2018-09-20 10:37:59 - [MESSAGE][PASSED] - Text of object 'Object Repository/Page_login/txt_username' is cleared

2018-09-20 10:38:00 - [MESSAGE][PASSED] - Keys 'mrwhite' sent to object: 'Object Repository/Page_login/txt_username'

2018-09-20 10:38:00 - [MESSAGE][PASSED] - Text of object 'Object Repository/Page_login/txt_password' is cleared

2018-09-20 10:38:00 - [MESSAGE][PASSED] - Keys 'kgySM$Im' sent to object: 'Object Repository/Page_login/txt_password'

2018-09-20 10:38:00 - [MESSAGE][PASSED] - Object: 'Object Repository/Page_login/btn_login' is clicked on

2018-09-20 10:38:00 - [MESSAGE][PASSED] - Wait for page load successfully

2018-09-20 10:38:00 - [MESSAGE][PASSED] - Wait for page load successfully

2018-09-20 10:38:09 - [MESSAGE][PASSED] - Navigate to 'https://stage.beautytap.com/admin' successfully

2018-09-20 10:38:09 - [MESSAGE][PASSED] - Wait for page load successfully

2018-09-20 10:38:16 - [MESSAGE][PASSED] - Object: 'Object Repository/Page_Admin/menu_users' is clicked on

2018-09-20 10:38:16 - [MESSAGE][PASSED] - Wait for page load successfully

2018-09-20 10:38:16 - [MESSAGE][PASSED] - Text of object 'Object Repository/Page_Admin/txt_searchUser' is cleared

2018-09-20 10:38:17 - [MESSAGE][PASSED] - Keys 'g5.posiba@gmail.com' sent to object: 'Object Repository/Page_Admin/txt_searchUser'

2018-09-20 10:38:20 - [MESSAGE][PASSED] - Object: 'Object Repository/Page_Admin/btn_searchUser' is clicked on

2018-09-20 10:38:20 - [MESSAGE][PASSED] - Wait for page load successfully

2018-09-20 10:38:20 - [MESSAGE][PASSED] - Text of object '' is: 'g5.posiba@gmail.com'

2018-09-20 10:38:20 - [MESSAGE][PASSED] - Attribute 'id' of object '' is: 'user-64402'

2018-09-20 10:38:20 - [MESSAGE][PASSED] - Object: '' is hovered

2018-09-20 10:38:25 - [MESSAGE][PASSED] - Delayed 5 second(s)

2018-09-20 10:38:25 - [MESSAGE][PASSED] - Object: '' is clicked on

2018-09-20 10:38:25 - [MESSAGE][PASSED] - Alert accepted

2018-09-20 10:38:27 - [MESSAGE][PASSED] - Wait for page load successfully

2018-09-20 10:38:34 - [MESSAGE][PASSED] - Object: 'Object Repository/Page_Admin/btn_confirmDeleteUser' is clicked on

2018-09-20 10:38:34 - [MESSAGE][PASSED] - Wait for page load successfully

2018-09-20 10:38:34 - [MESSAGE][PASSED] - Browser is closed

2018-09-20 10:38:34 - [MESSAGE][PASSED] - beautytap.AdminAction.deleteUser is PASSED

2018-09-20 10:38:34 - [TEST_STEP][PASSED] - beautytap.GeneralAction.openBeautytap: beautytap.GeneralAction.openBeautytap is PASSED

2018-09-20 10:39:04 - [MESSAGE][PASSED] - Browser is opened with url: 'https://stage.beautytap.com'

2018-09-20 10:39:06 - [MESSAGE][PASSED] - Current window maximized

2018-09-20 10:39:12 - [MESSAGE][PASSED] - Refresh successfully

2018-09-20 10:39:12 - [MESSAGE][PASSED] - Wait for page load successfully

2018-09-20 10:39:12 - [MESSAGE][PASSED] - beautytap.GeneralAction.openBeautytap is PASSED

2018-09-20 10:39:12 - [TEST_STEP][PASSED] - beautytap.GeneralAction.clickNavigationMenu: beautytap.GeneralAction.clickNavigationMenu is PASSED

2018-09-20 10:39:15 - [MESSAGE][PASSED] - Object: 'Object Repository/Page_General/link_signup' is clicked on

2018-09-20 10:39:15 - [MESSAGE][PASSED] - Wait for page load successfully

2018-09-20 10:39:15 - [MESSAGE][PASSED] - beautytap.GeneralAction.clickNavigationMenu is PASSED

2018-09-20 10:39:15 - [TEST_STEP][PASSED] - beautytap.GeneralAction.signupViaFacebook: beautytap.GeneralAction.signupViaFacebook is PASSED

2018-09-20 10:39:15 - [MESSAGE][PASSED] - Object: 'Object Repository/Page_Signup/btn_signupFB' is clicked on

2018-09-20 10:39:15 - [MESSAGE][PASSED] - Switched to window with index: '1'

2018-09-20 10:39:17 - [MESSAGE][PASSED] - Keys 'g5.posiba@gmail.com' sent to object: 'Object Repository/Popup_FacebookLogin/txt_email'

2018-09-20 10:39:18 - [MESSAGE][PASSED] - Keys 'posiba123' sent to object: 'Object Repository/Popup_FacebookLogin/txt_password'

2018-09-20 10:39:19 - [MESSAGE][PASSED] - Object: 'Object Repository/Popup_FacebookLogin/btn_login' is clicked on

2018-09-20 10:39:21 - [MESSAGE][WARNING] - Cannot take screenshot

2018-09-20 10:39:21 - [MESSAGE][FAILED] - Unable to get text of object 'Object Repository/Popup_FacebookLogin/btn_confirmPermission' (Root cause: org.openqa.selenium.NoSuchWindowException: no such window: window was already closed
  (Session info: chrome=69.0.3497.100)
  (Driver info: chromedriver=2.35.528161 (5b82f2d2aae0ca24b877009200ced9065a772e73),platform=Windows NT 10.0.17134 x86_64) (WARNING: The server did not provide any stacktrace information)
Command duration or timeout: 0 milliseconds
Build info: version: '3.7.1', revision: '8a0099a', time: '2017-11-06T21:07:36.161Z'
System info: host: 'DESKTOP-G1UHP65', ip: '10.0.0.86', os.name: 'Windows 10', os.arch: 'amd64', os.version: '10.0', java.version: '1.8.0_102'
Driver info: com.kms.katalon.selenium.driver.CChromeDriver
Capabilities {acceptInsecureCerts: false, acceptSslCerts: false, applicationCacheEnabled: false, browserConnectionEnabled: false, browserName: chrome, chrome: {chromedriverVersion: 2.35.528161 (5b82f2d2aae0ca..., userDataDir: C:\Users\TRANGN~1\AppData\L...}, cssSelectorsEnabled: true, databaseEnabled: false, handlesAlerts: true, hasTouchScreen: false, javascriptEnabled: true, locationContextEnabled: true, mobileEmulationEnabled: false, nativeEvents: true, networkConnectionEnabled: false, pageLoadStrategy: normal, platform: XP, platformName: XP, rotatable: false, setWindowRect: true, takesHeapSnapshot: true, takesScreenshot: true, unexpectedAlertBehaviour: , unhandledPromptBehavior: , version: 69.0.3497.100, webStorageEnabled: true}
Session ID: 2e62b016128250c136aef68149f32a70
*** Element info: {Using=xpath, value=//button[contains(@class,'layerConfirm') and contains(@name,'CONFIRM')]})

2018-09-20 10:39:21 - [MESSAGE][PASSED] - Switched to window with index: '0'

2018-09-20 10:39:36 - [MESSAGE][PASSED] - Delayed 15 second(s)

2018-09-20 10:39:43 - [MESSAGE][PASSED] - Wait for page load successfully

2018-09-20 10:39:43 - [MESSAGE][PASSED] - beautytap.GeneralAction.signupViaFacebook is PASSED

2018-09-20 10:39:43 - [TEST_STEP][PASSED] - verifyElementPresent: Object 'Object Repository/Page_General/link_avatar' is present

2018-09-20 10:39:44 - [MESSAGE][PASSED] - Object 'Object Repository/Page_General/link_avatar' is present

2018-09-20 10:39:44 - [TEST_STEP][PASSED] - beautytap.GeneralAction.logout: beautytap.GeneralAction.logout is PASSED

2018-09-20 10:39:44 - [MESSAGE][PASSED] - Object: 'Object Repository/Page_General/link_avatar' is clicked on

2018-09-20 10:39:44 - [MESSAGE][PASSED] - Object 'Object Repository/Page_General/menu_logout' is present

2018-09-20 10:39:44 - [MESSAGE][PASSED] - Object: 'Object Repository/Page_General/menu_logout' is clicked on

2018-09-20 10:39:44 - [MESSAGE][PASSED] - Wait for page load successfully

2018-09-20 10:39:45 - [MESSAGE][PASSED] - Browser is closed

2018-09-20 10:39:45 - [MESSAGE][PASSED] - beautytap.GeneralAction.logout is PASSED

2018-09-20 10:39:45 - [TEST_STEP][PASSED] - beautytap.AdminAction.deleteUser: beautytap.AdminAction.deleteUser is PASSED

2018-09-20 10:39:53 - [MESSAGE][PASSED] - Browser is opened with url: 'https://stage.beautytap.com/login'

2018-09-20 10:39:54 - [MESSAGE][PASSED] - Current window maximized

2018-09-20 10:39:54 - [MESSAGE][PASSED] - Text of object 'Object Repository/Page_login/txt_username' is cleared

2018-09-20 10:39:54 - [MESSAGE][PASSED] - Keys 'mrwhite' sent to object: 'Object Repository/Page_login/txt_username'

2018-09-20 10:39:54 - [MESSAGE][PASSED] - Text of object 'Object Repository/Page_login/txt_password' is cleared

2018-09-20 10:39:54 - [MESSAGE][PASSED] - Keys 'kgySM$Im' sent to object: 'Object Repository/Page_login/txt_password'

2018-09-20 10:39:55 - [MESSAGE][PASSED] - Object: 'Object Repository/Page_login/btn_login' is clicked on

2018-09-20 10:39:55 - [MESSAGE][PASSED] - Wait for page load successfully

2018-09-20 10:39:55 - [MESSAGE][PASSED] - Wait for page load successfully

2018-09-20 10:40:04 - [MESSAGE][PASSED] - Navigate to 'https://stage.beautytap.com/admin' successfully

2018-09-20 10:40:04 - [MESSAGE][PASSED] - Wait for page load successfully

2018-09-20 10:40:10 - [MESSAGE][PASSED] - Object: 'Object Repository/Page_Admin/menu_users' is clicked on

2018-09-20 10:40:10 - [MESSAGE][PASSED] - Wait for page load successfully

2018-09-20 10:40:10 - [MESSAGE][PASSED] - Text of object 'Object Repository/Page_Admin/txt_searchUser' is cleared

2018-09-20 10:40:10 - [MESSAGE][PASSED] - Keys 'g5.posiba@gmail.com' sent to object: 'Object Repository/Page_Admin/txt_searchUser'

2018-09-20 10:40:14 - [MESSAGE][PASSED] - Object: 'Object Repository/Page_Admin/btn_searchUser' is clicked on

2018-09-20 10:40:14 - [MESSAGE][PASSED] - Wait for page load successfully

2018-09-20 10:40:14 - [MESSAGE][PASSED] - Text of object '' is: 'g5.posiba@gmail.com'

2018-09-20 10:40:14 - [MESSAGE][PASSED] - Attribute 'id' of object '' is: 'user-64404'

2018-09-20 10:40:14 - [MESSAGE][PASSED] - Object: '' is hovered

2018-09-20 10:40:19 - [MESSAGE][PASSED] - Delayed 5 second(s)

2018-09-20 10:40:19 - [MESSAGE][PASSED] - Object: '' is clicked on

2018-09-20 10:40:19 - [MESSAGE][PASSED] - Alert accepted

2018-09-20 10:40:21 - [MESSAGE][PASSED] - Wait for page load successfully

2018-09-20 10:40:27 - [MESSAGE][PASSED] - Object: 'Object Repository/Page_Admin/btn_confirmDeleteUser' is clicked on

2018-09-20 10:40:27 - [MESSAGE][PASSED] - Wait for page load successfully

2018-09-20 10:40:28 - [MESSAGE][PASSED] - Browser is closed

2018-09-20 10:40:28 - [MESSAGE][PASSED] - beautytap.AdminAction.deleteUser is PASSED

2018-09-20 10:40:28 - [TEST_STEP][PASSED] - beautytap.GeneralAction.openBeautytap: beautytap.GeneralAction.openBeautytap is PASSED

2018-09-20 10:41:04 - [MESSAGE][PASSED] - Browser is opened with url: 'https://stage.beautytap.com'

2018-09-20 10:41:05 - [MESSAGE][PASSED] - Current window maximized

2018-09-20 10:41:09 - [MESSAGE][PASSED] - Refresh successfully

2018-09-20 10:41:09 - [MESSAGE][PASSED] - Wait for page load successfully

2018-09-20 10:41:09 - [MESSAGE][PASSED] - beautytap.GeneralAction.openBeautytap is PASSED

2018-09-20 10:41:09 - [TEST_STEP][PASSED] - beautytap.GeneralAction.clickNavigationMenu: beautytap.GeneralAction.clickNavigationMenu is PASSED

2018-09-20 10:41:13 - [MESSAGE][PASSED] - Object: 'Object Repository/Page_General/link_login' is clicked on

2018-09-20 10:41:13 - [MESSAGE][PASSED] - Wait for page load successfully

2018-09-20 10:41:13 - [MESSAGE][PASSED] - beautytap.GeneralAction.clickNavigationMenu is PASSED

2018-09-20 10:41:13 - [TEST_STEP][PASSED] - beautytap.GeneralAction.login: beautytap.GeneralAction.login is PASSED

2018-09-20 10:41:13 - [MESSAGE][PASSED] - Object: 'Object Repository/Page_Login/btn_loginFB' is clicked on

2018-09-20 10:41:13 - [MESSAGE][PASSED] - Switched to window with index: '1'

2018-09-20 10:41:16 - [MESSAGE][PASSED] - Object 'Object Repository/Popup_FacebookLogin/txt_email' is visible

2018-09-20 10:41:16 - [MESSAGE][PASSED] - Keys 'g5.posiba@gmail.com' sent to object: 'Object Repository/Popup_FacebookLogin/txt_email'

2018-09-20 10:41:16 - [MESSAGE][PASSED] - Keys 'posiba123' sent to object: 'Object Repository/Popup_FacebookLogin/txt_password'

2018-09-20 10:41:17 - [MESSAGE][PASSED] - Object: 'Object Repository/Popup_FacebookLogin/btn_login' is clicked on

2018-09-20 10:41:17 - [MESSAGE][PASSED] - Switched to window with index: '0'

2018-09-20 10:41:17 - [MESSAGE][PASSED] - Wait for page load successfully

2018-09-20 10:41:17 - [MESSAGE][PASSED] - beautytap.GeneralAction.login is PASSED

2018-09-20 10:41:17 - [TEST_STEP][PASSED] - verifyElementPresent: Object 'Object Repository/Page_General/link_avatar' is present

2018-09-20 10:41:40 - [MESSAGE][PASSED] - Object 'Object Repository/Page_General/link_avatar' is present

2018-09-20 10:41:40 - [TEST_STEP][PASSED] - beautytap.GeneralAction.logout: beautytap.GeneralAction.logout is PASSED

2018-09-20 10:41:41 - [MESSAGE][PASSED] - Object: 'Object Repository/Page_General/link_avatar' is clicked on

2018-09-20 10:41:41 - [MESSAGE][PASSED] - Object 'Object Repository/Page_General/menu_logout' is present

2018-09-20 10:41:41 - [MESSAGE][PASSED] - Object: 'Object Repository/Page_General/menu_logout' is clicked on

2018-09-20 10:41:41 - [MESSAGE][PASSED] - Wait for page load successfully

2018-09-20 10:41:42 - [MESSAGE][PASSED] - Browser is closed

2018-09-20 10:41:42 - [MESSAGE][PASSED] - beautytap.GeneralAction.logout is PASSED

2018-09-20 10:41:42 - [TEST_STEP][PASSED] - beautytap.GeneralAction.openBeautytap: beautytap.GeneralAction.openBeautytap is PASSED

2018-09-20 10:42:06 - [MESSAGE][PASSED] - Browser is opened with url: 'https://stage.beautytap.com'

2018-09-20 10:42:08 - [MESSAGE][PASSED] - Current window maximized

2018-09-20 10:42:11 - [MESSAGE][PASSED] - Refresh successfully

2018-09-20 10:42:11 - [MESSAGE][PASSED] - Wait for page load successfully

2018-09-20 10:42:11 - [MESSAGE][PASSED] - beautytap.GeneralAction.openBeautytap is PASSED

2018-09-20 10:42:11 - [TEST_STEP][PASSED] - beautytap.GeneralAction.clickNavigationMenu: beautytap.GeneralAction.clickNavigationMenu is PASSED

2018-09-20 10:42:14 - [MESSAGE][PASSED] - Object: 'Object Repository/Page_General/link_signup' is clicked on

2018-09-20 10:42:14 - [MESSAGE][PASSED] - Wait for page load successfully

2018-09-20 10:42:15 - [MESSAGE][PASSED] - beautytap.GeneralAction.clickNavigationMenu is PASSED

2018-09-20 10:42:15 - [TEST_STEP][PASSED] - beautytap.GeneralAction.signupViaFacebook: beautytap.GeneralAction.signupViaFacebook is PASSED

2018-09-20 10:42:15 - [MESSAGE][PASSED] - Object: 'Object Repository/Page_Signup/btn_signupFB' is clicked on

2018-09-20 10:42:15 - [MESSAGE][PASSED] - Switched to window with index: '1'

2018-09-20 10:42:17 - [MESSAGE][PASSED] - Keys 'g5.posiba@gmail.com' sent to object: 'Object Repository/Popup_FacebookLogin/txt_email'

2018-09-20 10:42:17 - [MESSAGE][PASSED] - Keys 'posiba123' sent to object: 'Object Repository/Popup_FacebookLogin/txt_password'

2018-09-20 10:42:18 - [MESSAGE][PASSED] - Object: 'Object Repository/Popup_FacebookLogin/btn_login' is clicked on

2018-09-20 10:42:20 - [MESSAGE][WARNING] - Cannot take screenshot

2018-09-20 10:42:20 - [MESSAGE][FAILED] - Unable to get text of object 'Object Repository/Popup_FacebookLogin/btn_confirmPermission' (Root cause: org.openqa.selenium.NoSuchWindowException: no such window: window was already closed
  (Session info: chrome=69.0.3497.100)
  (Driver info: chromedriver=2.35.528161 (5b82f2d2aae0ca24b877009200ced9065a772e73),platform=Windows NT 10.0.17134 x86_64) (WARNING: The server did not provide any stacktrace information)
Command duration or timeout: 0 milliseconds
Build info: version: '3.7.1', revision: '8a0099a', time: '2017-11-06T21:07:36.161Z'
System info: host: 'DESKTOP-G1UHP65', ip: '10.0.0.86', os.name: 'Windows 10', os.arch: 'amd64', os.version: '10.0', java.version: '1.8.0_102'
Driver info: com.kms.katalon.selenium.driver.CChromeDriver
Capabilities {acceptInsecureCerts: false, acceptSslCerts: false, applicationCacheEnabled: false, browserConnectionEnabled: false, browserName: chrome, chrome: {chromedriverVersion: 2.35.528161 (5b82f2d2aae0ca..., userDataDir: C:\Users\TRANGN~1\AppData\L...}, cssSelectorsEnabled: true, databaseEnabled: false, handlesAlerts: true, hasTouchScreen: false, javascriptEnabled: true, locationContextEnabled: true, mobileEmulationEnabled: false, nativeEvents: true, networkConnectionEnabled: false, pageLoadStrategy: normal, platform: XP, platformName: XP, rotatable: false, setWindowRect: true, takesHeapSnapshot: true, takesScreenshot: true, unexpectedAlertBehaviour: , unhandledPromptBehavior: , version: 69.0.3497.100, webStorageEnabled: true}
Session ID: 3bf17adc982b0f6dfb2cb662b72dbcdd
*** Element info: {Using=xpath, value=//button[contains(@class,'layerConfirm') and contains(@name,'CONFIRM')]})

2018-09-20 10:42:20 - [MESSAGE][PASSED] - Switched to window with index: '0'

2018-09-20 10:42:35 - [MESSAGE][PASSED] - Delayed 15 second(s)

2018-09-20 10:42:35 - [MESSAGE][PASSED] - Wait for page load successfully

2018-09-20 10:42:35 - [MESSAGE][PASSED] - beautytap.GeneralAction.signupViaFacebook is PASSED

2018-09-20 10:42:35 - [TEST_STEP][PASSED] - verifyElementPresent: Object 'Object Repository/Page_General/link_avatar' is present

2018-09-20 10:42:35 - [MESSAGE][PASSED] - Object 'Object Repository/Page_General/link_avatar' is present

2018-09-20 10:42:35 - [TEST_STEP][PASSED] - beautytap.GeneralAction.logout: beautytap.GeneralAction.logout is PASSED

2018-09-20 10:42:35 - [MESSAGE][PASSED] - Object: 'Object Repository/Page_General/link_avatar' is clicked on

2018-09-20 10:42:36 - [MESSAGE][PASSED] - Object 'Object Repository/Page_General/menu_logout' is present

2018-09-20 10:42:36 - [MESSAGE][PASSED] - Object: 'Object Repository/Page_General/menu_logout' is clicked on

2018-09-20 10:42:36 - [MESSAGE][PASSED] - Wait for page load successfully

2018-09-20 10:42:37 - [MESSAGE][PASSED] - Browser is closed

2018-09-20 10:42:37 - [MESSAGE][PASSED] - beautytap.GeneralAction.logout is PASSED

2018-09-20 10:42:37 - [TEST_STEP][PASSED] - beautytap.GeneralAction.openBeautytap: beautytap.GeneralAction.openBeautytap is PASSED

2018-09-20 10:42:48 - [MESSAGE][PASSED] - Browser is opened with url: 'https://stage.beautytap.com'

2018-09-20 10:42:49 - [MESSAGE][PASSED] - Current window maximized

2018-09-20 10:42:52 - [MESSAGE][PASSED] - Refresh successfully

2018-09-20 10:42:52 - [MESSAGE][PASSED] - Wait for page load successfully

2018-09-20 10:42:52 - [MESSAGE][PASSED] - beautytap.GeneralAction.openBeautytap is PASSED

2018-09-20 10:42:52 - [TEST_STEP][PASSED] - beautytap.GeneralAction.clickNavigationMenu: beautytap.GeneralAction.clickNavigationMenu is PASSED

2018-09-20 10:42:55 - [MESSAGE][PASSED] - Object: 'Object Repository/Page_General/link_login' is clicked on

2018-09-20 10:42:55 - [MESSAGE][PASSED] - Wait for page load successfully

2018-09-20 10:42:55 - [MESSAGE][PASSED] - beautytap.GeneralAction.clickNavigationMenu is PASSED

2018-09-20 10:42:55 - [TEST_STEP][PASSED] - beautytap.GeneralAction.login: beautytap.GeneralAction.login is PASSED

2018-09-20 10:42:56 - [MESSAGE][PASSED] - Object: 'Object Repository/Page_Login/btn_loginFB' is clicked on

2018-09-20 10:42:56 - [MESSAGE][PASSED] - Switched to window with index: '1'

2018-09-20 10:42:58 - [MESSAGE][PASSED] - Object 'Object Repository/Popup_FacebookLogin/txt_email' is visible

2018-09-20 10:42:58 - [MESSAGE][PASSED] - Keys 'g5.posiba@gmail.com' sent to object: 'Object Repository/Popup_FacebookLogin/txt_email'

2018-09-20 10:42:58 - [MESSAGE][PASSED] - Keys 'posiba123' sent to object: 'Object Repository/Popup_FacebookLogin/txt_password'

2018-09-20 10:42:59 - [MESSAGE][PASSED] - Object: 'Object Repository/Popup_FacebookLogin/btn_login' is clicked on

2018-09-20 10:42:59 - [MESSAGE][PASSED] - Switched to window with index: '0'

2018-09-20 10:42:59 - [MESSAGE][PASSED] - Wait for page load successfully

2018-09-20 10:42:59 - [MESSAGE][PASSED] - beautytap.GeneralAction.login is PASSED

2018-09-20 10:42:59 - [TEST_STEP][PASSED] - verifyElementPresent: Object 'Object Repository/Page_General/link_avatar' is present

2018-09-20 10:43:09 - [MESSAGE][PASSED] - Object 'Object Repository/Page_General/link_avatar' is present

2018-09-20 10:43:09 - [TEST_STEP][PASSED] - beautytap.GeneralAction.logout: beautytap.GeneralAction.logout is PASSED

2018-09-20 10:43:09 - [MESSAGE][PASSED] - Object: 'Object Repository/Page_General/link_avatar' is clicked on

2018-09-20 10:43:10 - [MESSAGE][PASSED] - Object 'Object Repository/Page_General/menu_logout' is present

2018-09-20 10:43:10 - [MESSAGE][PASSED] - Object: 'Object Repository/Page_General/menu_logout' is clicked on

2018-09-20 10:43:10 - [MESSAGE][PASSED] - Wait for page load successfully

2018-09-20 10:43:11 - [MESSAGE][PASSED] - Browser is closed

2018-09-20 10:43:11 - [MESSAGE][PASSED] - beautytap.GeneralAction.logout is PASSED]]></system-out>
         <system-err><![CDATA[]]></system-err>
      </testcase>
      <testcase name="Test Cases/Shop/TC03_Search_SimpleProduct_Sale_Creditcard_LessThan60_Normal" classname="Test Cases/Shop/TC03_Search_SimpleProduct_Sale_Creditcard_LessThan60_Normal" status="PASSED">
         <system-out><![CDATA[2018-09-20 10:43:14 - [TEST_CASE][PASSED] - Test Cases/Shop/TC03_Search_SimpleProduct_Sale_Creditcard_LessThan60_Normal: Test Cases/Shop/TC03_Search_SimpleProduct_Sale_Creditcard_LessThan60_Normal

2018-09-20 10:43:14 - [TEST_STEP][PASSED] - Statement - productName = SIMPLE_SALE_PRODUCT: null

2018-09-20 10:43:14 - [TEST_STEP][PASSED] - Statement - searchName = productName.substring(0, productName.indexOf("/")): null

2018-09-20 10:43:14 - [TEST_STEP][PASSED] - Statement - saleprice = SIMPLE_SALE_PRICE: null

2018-09-20 10:43:14 - [TEST_STEP][PASSED] - Statement - regularprice = SIMPLE_SALE_REGULAR_PRICE: null

2018-09-20 10:43:14 - [TEST_STEP][PASSED] - Statement - r_string = new java.lang.Math().random().toString().substring(2, 8): null

2018-09-20 10:43:14 - [TEST_STEP][PASSED] - Statement - email = "auto" + r_string + "@mailinator.com": null

2018-09-20 10:43:14 - [TEST_STEP][PASSED] - Statement - orderNote = "auto" + r_string + "Order": null

2018-09-20 10:43:14 - [TEST_STEP][PASSED] - Statement - currentNumberItemInCart = <not implemented yet for class: org.codehaus.groovy.ast.expr.EmptyExpression>: null

2018-09-20 10:43:14 - [TEST_STEP][PASSED] - Statement - quantity = 1: null

2018-09-20 10:43:14 - [TEST_STEP][PASSED] - Statement - subtotal = CustomKeywords.beautytap.ShopAction.calculateTotal(quantity, saleprice): beautytap.ShopAction.calculateTotal is PASSED

2018-09-20 10:43:14 - [MESSAGE][PASSED] - beautytap.ShopAction.calculateTotal is PASSED

2018-09-20 10:43:14 - [TEST_STEP][PASSED] - Statement - total = subtotal + SHIPPING_PRICE: null

2018-09-20 10:43:14 - [TEST_STEP][PASSED] - Statement - total = CustomKeywords.beautytap.ShopAction.calculateTotal(1, total): beautytap.ShopAction.calculateTotal is PASSED

2018-09-20 10:43:14 - [MESSAGE][PASSED] - beautytap.ShopAction.calculateTotal is PASSED

2018-09-20 10:43:14 - [TEST_STEP][PASSED] - Statement - products = new org.json.JSONArray((((((([{"productname":" + productName) + ","variation":"","quantity":") + quantity) + ","price":") + saleprice) + "}])): null

2018-09-20 10:43:14 - [TEST_STEP][PASSED] - Statement - billingInformation = new org.json.JSONObject((({"firstname":"Test","lastname":"Automation","country":"United States (US)","address":"123 Testing","city":"New York","state":"New York","zip":"90012","email":" + email) + "})): null

2018-09-20 10:43:14 - [TEST_STEP][PASSED] - Statement - shippingLabel = SHIPPING_LABEL: null

2018-09-20 10:43:14 - [TEST_STEP][PASSED] - Statement - shippingPrice = SHIPPING_PRICE: null

2018-09-20 10:43:14 - [TEST_STEP][PASSED] - Statement - shippingType = "normal": null

2018-09-20 10:43:14 - [TEST_STEP][PASSED] - Statement - paymentMethod = "Credit Card Payment": null

2018-09-20 10:43:14 - [TEST_STEP][PASSED] - beautytap.GeneralAction.openBeautytap: beautytap.GeneralAction.openBeautytap is PASSED

2018-09-20 10:43:43 - [MESSAGE][PASSED] - Browser is opened with url: 'https://stage.beautytap.com'

2018-09-20 10:43:44 - [MESSAGE][PASSED] - Current window maximized

2018-09-20 10:43:53 - [MESSAGE][PASSED] - Refresh successfully

2018-09-20 10:43:54 - [MESSAGE][PASSED] - Wait for page load successfully

2018-09-20 10:43:54 - [MESSAGE][PASSED] - beautytap.GeneralAction.openBeautytap is PASSED

2018-09-20 10:43:54 - [TEST_STEP][PASSED] - beautytap.ShopAction.globalSearch: beautytap.ShopAction.globalSearch is PASSED

2018-09-20 10:43:55 - [MESSAGE][PASSED] - Object: 'Object Repository/Page_General/icon_search' is clicked on

2018-09-20 10:44:00 - [MESSAGE][PASSED] - Delayed 5 second(s)

2018-09-20 10:44:00 - [MESSAGE][PASSED] - Text of object 'Object Repository/Page_General/txt_search' is cleared

2018-09-20 10:44:00 - [MESSAGE][PASSED] - Keys 'CONTROL + v' sent to object: 'Object Repository/Page_General/txt_search'

2018-09-20 10:44:03 - [MESSAGE][PASSED] - Object 'Object Repository/Page_General/div_searchResult' is present

2018-09-20 10:44:03 - [MESSAGE][PASSED] - beautytap.ShopAction.globalSearch is PASSED

2018-09-20 10:44:03 - [TEST_STEP][PASSED] - beautytap.ShopAction.VerifyProductOnSearchResult: beautytap.ShopAction.VerifyProductOnSearchResult is PASSED

2018-09-20 10:44:03 - [MESSAGE][PASSED] - Object '' is present

2018-09-20 10:44:03 - [MESSAGE][PASSED] - Text of object '' is: '$12.50'

2018-09-20 10:44:03 - [MESSAGE][PASSED] - Get CSS 'color' value on '' successfully: 'rgba(195, 195, 195, 1)'.

2018-09-20 10:44:03 - [MESSAGE][PASSED] - Get CSS 'color' value on '' successfully: 'rgba(195, 195, 195, 1)'.

2018-09-20 10:44:03 - [MESSAGE][PASSED] - Text of object '' is: '$11.99'

2018-09-20 10:44:03 - [MESSAGE][PASSED] - Get CSS 'color' value on '' successfully: 'rgba(255, 35, 134, 1)'.

2018-09-20 10:44:04 - [MESSAGE][FAILED] - Cannot get CSS 'color' value on ''. (Root cause: org.openqa.selenium.StaleElementReferenceException: stale element reference: element is not attached to the page document
  (Session info: chrome=69.0.3497.100)
  (Driver info: chromedriver=2.35.528161 (5b82f2d2aae0ca24b877009200ced9065a772e73),platform=Windows NT 10.0.17134 x86_64) (WARNING: The server did not provide any stacktrace information)
Command duration or timeout: 0 milliseconds
For documentation on this error, please visit: http://seleniumhq.org/exceptions/stale_element_reference.html
Build info: version: '3.7.1', revision: '8a0099a', time: '2017-11-06T21:07:36.161Z'
System info: host: 'DESKTOP-G1UHP65', ip: '10.0.0.86', os.name: 'Windows 10', os.arch: 'amd64', os.version: '10.0', java.version: '1.8.0_102'
Driver info: com.kms.katalon.selenium.driver.CChromeDriver
Capabilities {acceptInsecureCerts: false, acceptSslCerts: false, applicationCacheEnabled: false, browserConnectionEnabled: false, browserName: chrome, chrome: {chromedriverVersion: 2.35.528161 (5b82f2d2aae0ca..., userDataDir: C:\Users\TRANGN~1\AppData\L...}, cssSelectorsEnabled: true, databaseEnabled: false, handlesAlerts: true, hasTouchScreen: false, javascriptEnabled: true, locationContextEnabled: true, mobileEmulationEnabled: false, nativeEvents: true, networkConnectionEnabled: false, pageLoadStrategy: normal, platform: XP, platformName: XP, rotatable: false, setWindowRect: true, takesHeapSnapshot: true, takesScreenshot: true, unexpectedAlertBehaviour: , unhandledPromptBehavior: , version: 69.0.3497.100, webStorageEnabled: true}
Session ID: cd115117fc8dda44986a825743f9819b)
[[ATTACHMENT|E:\\BeautytapAutomation\\beautytapAuto\\Beautytap\\Reports\\TS1\\20180920_103436\\1537415044021.png]]

2018-09-20 10:44:04 - [MESSAGE][PASSED] - beautytap.ShopAction.VerifyProductOnSearchResult is PASSED

2018-09-20 10:44:04 - [TEST_STEP][PASSED] - beautytap.ShopAction.selectProductOnSearchResult: beautytap.ShopAction.selectProductOnSearchResult is PASSED

2018-09-20 10:44:09 - [MESSAGE][PASSED] - Object: '' is clicked on

2018-09-20 10:44:09 - [MESSAGE][PASSED] - Wait for page load successfully

2018-09-20 10:44:09 - [MESSAGE][PASSED] - beautytap.ShopAction.selectProductOnSearchResult is PASSED

2018-09-20 10:44:09 - [TEST_STEP][PASSED] - beautytap.ShopAction.VerifyProductDetails: Keyword VerifyProductDetails is Passed

2018-09-20 10:44:09 - [MESSAGE][PASSED] - Text of object '' is: 'Innisfree Perfect UV Protection Cream SPF50+/PA+++ (Long-Lasting For Oily Skin) 50ml'

2018-09-20 10:44:09 - [MESSAGE][PASSED] - Text of object '' is: '$12.50'

2018-09-20 10:44:09 - [MESSAGE][PASSED] - Get CSS 'color' value on '' successfully: 'rgba(195, 195, 195, 1)'.

2018-09-20 10:44:09 - [MESSAGE][PASSED] - Text of object '' is: '$11.99'

2018-09-20 10:44:09 - [MESSAGE][PASSED] - Get CSS 'color' value on '' successfully: 'rgba(255, 35, 134, 1)'.

2018-09-20 10:44:09 - [MESSAGE][PASSED] - Keyword VerifyProductDetails is Passed

2018-09-20 10:44:09 - [TEST_STEP][PASSED] - Statement - currentNumberItemInCart = CustomKeywords.beautytap.ShopAction.getNumberItemInCart(): beautytap.ShopAction.getNumberItemInCart is PASSED

2018-09-20 10:44:41 - [MESSAGE][WARNING] - com.kms.katalon.core.webui.exception.WebElementNotFoundException: Web element with id: '' located by 'By.xpath: //div[@class='header-right-top pull-right']/a[@class='shop-cart']/span[@class='number-cart']' not found
[[ATTACHMENT|E:\\BeautytapAutomation\\beautytapAuto\\Beautytap\\Reports\\TS1\\20180920_103436\\1537415081515.png]]

2018-09-20 10:44:41 - [MESSAGE][PASSED] - beautytap.ShopAction.getNumberItemInCart is PASSED

2018-09-20 10:44:41 - [TEST_STEP][PASSED] - beautytap.ShopAction.addProductToCart: beautytap.ShopAction.addProductToCart is PASSED

2018-09-20 10:44:41 - [MESSAGE][PASSED] - Text of object 'Object Repository/Page_Shop/txt_quantity' is cleared

2018-09-20 10:44:42 - [MESSAGE][PASSED] - Keys '1' sent to object: 'Object Repository/Page_Shop/txt_quantity'

2018-09-20 10:44:42 - [MESSAGE][PASSED] - Object: 'Object Repository/Page_Shop/btn_addToCart' is clicked on

2018-09-20 10:44:42 - [MESSAGE][PASSED] - Wait for page load successfully

2018-09-20 10:44:48 - [MESSAGE][PASSED] - Object 'Object Repository/Page_Shop/lbl_message' is present

2018-09-20 10:44:48 - [MESSAGE][PASSED] - beautytap.ShopAction.addProductToCart is PASSED

2018-09-20 10:44:48 - [TEST_STEP][PASSED] - beautytap.ShopAction.VerifyNumberItemInCart: Keyword VerifyNumberItemInCart is Passed, Number item in cart is 1, expected is 1

2018-09-20 10:44:48 - [MESSAGE][PASSED] - Object '' is present

2018-09-20 10:44:49 - [MESSAGE][PASSED] - Text of object '' is: '1'

2018-09-20 10:44:49 - [MESSAGE][PASSED] - Keyword VerifyNumberItemInCart is Passed, Number item in cart is 1, expected is 1

2018-09-20 10:44:49 - [TEST_STEP][PASSED] - beautytap.ShopAction.VerifyProductIsAddedToCart: beautytap.ShopAction.VerifyProductIsAddedToCart is PASSED

2018-09-20 10:45:20 - [MESSAGE][WARNING] - com.kms.katalon.core.webui.exception.WebElementNotFoundException: Web element with id: '' located by 'By.xpath: //div[@class='woocommerce-message' and contains(text(),'Innisfree Perfect UV Protection Cream SPF50+/PA+++ (Long-Lasting For Oily Skin) 50ml” have been added to your cart.')]' not found
[[ATTACHMENT|E:\\BeautytapAutomation\\beautytapAuto\\Beautytap\\Reports\\TS1\\20180920_103436\\1537415120695.png]]

2018-09-20 10:45:20 - [MESSAGE][PASSED] - beautytap.ShopAction.VerifyProductIsAddedToCart is PASSED

2018-09-20 10:45:20 - [TEST_STEP][PASSED] - beautytap.ShopAction.goToCart: beautytap.ShopAction.goToCart is PASSED

2018-09-20 10:45:27 - [MESSAGE][PASSED] - Object: 'Object Repository/Page_General/icon_cart' is clicked on

2018-09-20 10:45:27 - [MESSAGE][PASSED] - Wait for page load successfully

2018-09-20 10:45:27 - [MESSAGE][PASSED] - beautytap.ShopAction.goToCart is PASSED

2018-09-20 10:45:27 - [TEST_STEP][PASSED] - beautytap.ShopAction.VerifyProductInCart: Keyword VerifyProductInCart is Passed

2018-09-20 10:45:27 - [MESSAGE][PASSED] - Object '' is present

2018-09-20 10:45:27 - [MESSAGE][PASSED] - Text of object '' is: '$11.99'

2018-09-20 10:45:27 - [MESSAGE][PASSED] - Attribute 'value' of object '' is: '1'

2018-09-20 10:45:27 - [MESSAGE][PASSED] - Text of object '' is: '$11.99'

2018-09-20 10:45:27 - [MESSAGE][PASSED] - Keyword VerifyProductInCart is Passed

2018-09-20 10:45:27 - [TEST_STEP][PASSED] - beautytap.ShopAction.processToCheckout: beautytap.ShopAction.processToCheckout is PASSED

2018-09-20 10:45:32 - [MESSAGE][PASSED] - Object: 'Object Repository/Page_Cart/btn_checkout' is clicked on

2018-09-20 10:45:32 - [MESSAGE][PASSED] - Wait for page load successfully

2018-09-20 10:45:32 - [MESSAGE][PASSED] - beautytap.ShopAction.processToCheckout is PASSED

2018-09-20 10:45:32 - [TEST_STEP][PASSED] - beautytap.ShopAction.fillCustomerInformation: beautytap.ShopAction.fillCustomerInformation is PASSED

2018-09-20 10:45:32 - [MESSAGE][PASSED] - Text of object 'Object Repository/Page_Checkout/txt_billingFirstName' is cleared

2018-09-20 10:45:32 - [MESSAGE][PASSED] - Keys 'Test' sent to object: 'Object Repository/Page_Checkout/txt_billingFirstName'

2018-09-20 10:45:32 - [MESSAGE][PASSED] - Text of object 'Object Repository/Page_Checkout/txt_billingLastName' is cleared

2018-09-20 10:45:33 - [MESSAGE][PASSED] - Keys 'Automation' sent to object: 'Object Repository/Page_Checkout/txt_billingLastName'

2018-09-20 10:45:33 - [MESSAGE][PASSED] - All options with label 'United States (US)' are selected in object 'Object Repository/Page_Checkout/drop_billingCountry' 

2018-09-20 10:45:38 - [MESSAGE][PASSED] - Delayed 5 second(s)

2018-09-20 10:45:38 - [MESSAGE][PASSED] - Text of object 'Object Repository/Page_Checkout/txt_billingAddress' is cleared

2018-09-20 10:45:39 - [MESSAGE][PASSED] - Keys '123 Testing' sent to object: 'Object Repository/Page_Checkout/txt_billingAddress'

2018-09-20 10:45:39 - [MESSAGE][PASSED] - Text of object 'Object Repository/Page_Checkout/txt_billingCity' is cleared

2018-09-20 10:45:39 - [MESSAGE][PASSED] - Keys 'New York' sent to object: 'Object Repository/Page_Checkout/txt_billingCity'

2018-09-20 10:45:39 - [MESSAGE][PASSED] - All options with label 'New York' are selected in object 'Object Repository/Page_Checkout/drop_billingState' 

2018-09-20 10:45:39 - [MESSAGE][PASSED] - Text of object 'Object Repository/Page_Checkout/txt_billingZip' is cleared

2018-09-20 10:45:40 - [MESSAGE][PASSED] - Keys '90012' sent to object: 'Object Repository/Page_Checkout/txt_billingZip'

2018-09-20 10:45:40 - [MESSAGE][PASSED] - Text of object 'Object Repository/Page_Checkout/txt_billingEmail' is cleared

2018-09-20 10:45:40 - [MESSAGE][PASSED] - Keys 'auto250645@mailinator.com' sent to object: 'Object Repository/Page_Checkout/txt_billingEmail'

2018-09-20 10:45:40 - [MESSAGE][PASSED] - Object 'Object Repository/Page_Checkout/chk_shipToDifferentAddress' is un-checked

2018-09-20 10:45:40 - [MESSAGE][PASSED] - Text of object 'Object Repository/Page_Checkout/txt_orderNote' is cleared

2018-09-20 10:45:41 - [MESSAGE][PASSED] - Keys 'auto250645Order' sent to object: 'Object Repository/Page_Checkout/txt_orderNote'

2018-09-20 10:45:41 - [MESSAGE][PASSED] - Object 'Object Repository/Page_Checkout/radio_creditCard' is checked

2018-09-20 10:45:46 - [MESSAGE][PASSED] - Delayed 5 second(s)

2018-09-20 10:45:46 - [MESSAGE][PASSED] - beautytap.ShopAction.fillCustomerInformation is PASSED

2018-09-20 10:45:46 - [TEST_STEP][PASSED] - beautytap.ShopAction.VerifyOrderDetailsOnCheckout: Keyword VerifyOrderDetailsOnCheckout is Passed

2018-09-20 10:45:46 - [MESSAGE][PASSED] - Object '' is present

2018-09-20 10:45:46 - [MESSAGE][PASSED] - Text of object '' is: '$11.99'

2018-09-20 10:45:46 - [MESSAGE][PASSED] - Object '' has attribute 'checked'

2018-09-20 10:45:46 - [MESSAGE][PASSED] - Text of object '' is: '($12.50) Pantos (est. 14-25 working days including processing): $12.50'

2018-09-20 10:45:46 - [MESSAGE][PASSED] - Text of object '' is: '$12.50'

2018-09-20 10:45:46 - [MESSAGE][PASSED] - Text of object '' is: '$24.49'

2018-09-20 10:45:46 - [MESSAGE][PASSED] - Keyword VerifyOrderDetailsOnCheckout is Passed

2018-09-20 10:45:46 - [TEST_STEP][PASSED] - beautytap.ShopAction.checkoutViaCreditCard: beautytap.ShopAction.checkoutViaCreditCard is PASSED

2018-09-20 10:45:46 - [MESSAGE][PASSED] - Object 'Object Repository/Page_Checkout/radio_creditCard' is checked

2018-09-20 10:45:56 - [MESSAGE][PASSED] - Delayed 10 second(s)

2018-09-20 10:45:56 - [MESSAGE][PASSED] - Text of object 'Object Repository/Page_Checkout/txt_cardNumber' is cleared

2018-09-20 10:45:57 - [MESSAGE][PASSED] - Keys '4032036248443549' sent to object: 'Object Repository/Page_Checkout/txt_cardNumber'

2018-09-20 10:45:57 - [MESSAGE][PASSED] - All options with label 'Visa' are selected in object 'Object Repository/Page_Checkout/drop_cardType' 

2018-09-20 10:45:57 - [MESSAGE][PASSED] - All options with label '07' are selected in object 'Object Repository/Page_Checkout/drop_expirationMonth' 

2018-09-20 10:45:57 - [MESSAGE][PASSED] - All options with label '2023' are selected in object 'Object Repository/Page_Checkout/drop_expirationYear' 

2018-09-20 10:45:57 - [MESSAGE][PASSED] - Text of object 'Object Repository/Page_Checkout/txt_cardCVV' is cleared

2018-09-20 10:45:58 - [MESSAGE][PASSED] - Keys '123' sent to object: 'Object Repository/Page_Checkout/txt_cardCVV'

2018-09-20 10:45:58 - [MESSAGE][PASSED] - Object 'Object Repository/Page_Checkout/chk_terms' is checked

2018-09-20 10:45:58 - [MESSAGE][PASSED] - Object: 'Object Repository/Page_Checkout/btn_placeOrder' is clicked on

2018-09-20 10:46:12 - [MESSAGE][PASSED] - Object 'Object Repository/Page_Checkout/lbl_orderReceived' is present

2018-09-20 10:46:12 - [MESSAGE][PASSED] - beautytap.ShopAction.checkoutViaCreditCard is PASSED

2018-09-20 10:46:12 - [TEST_STEP][PASSED] - beautytap.ShopAction.VerifyOrderReceivedDetails: Keyword VerifyOrderReceivedDetails is Passed

2018-09-20 10:46:12 - [MESSAGE][PASSED] - Object '' is present

2018-09-20 10:46:12 - [MESSAGE][PASSED] - Text of object '' is: '$11.99'

2018-09-20 10:46:13 - [MESSAGE][PASSED] - Text of object '' is: '$12.50 via ($12.50) Pantos (est. 14-25 working days including processing)'

2018-09-20 10:46:13 - [MESSAGE][PASSED] - Object '' is present

2018-09-20 10:46:13 - [MESSAGE][PASSED] - Text of object '' is: '$12.50'

2018-09-20 10:46:13 - [MESSAGE][PASSED] - Text of object '' is: 'Credit Card Payment'

2018-09-20 10:46:13 - [MESSAGE][PASSED] - Text of object '' is: '$24.49'

2018-09-20 10:46:13 - [MESSAGE][PASSED] - Keyword VerifyOrderReceivedDetails is Passed

2018-09-20 10:46:13 - [TEST_STEP][PASSED] - closeBrowser: Browser is closed

2018-09-20 10:46:14 - [MESSAGE][PASSED] - Browser is closed]]></system-out>
         <system-err><![CDATA[]]></system-err>
      </testcase>
      <testcase name="Test Cases/Shop/TC04_Search_VariationProduct_NotSale_AmazonPay_GreaterThan200" classname="Test Cases/Shop/TC04_Search_VariationProduct_NotSale_AmazonPay_GreaterThan200" status="PASSED">
         <system-out><![CDATA[2018-09-20 10:46:16 - [TEST_CASE][PASSED] - Test Cases/Shop/TC04_Search_VariationProduct_NotSale_AmazonPay_GreaterThan200: Test Cases/Shop/TC04_Search_VariationProduct_NotSale_AmazonPay_GreaterThan200

2018-09-20 10:46:17 - [TEST_STEP][PASSED] - Statement - productName = VARIATION_PRODUCT: null

2018-09-20 10:46:17 - [TEST_STEP][PASSED] - Statement - price = VARIATION_PRICE1: null

2018-09-20 10:46:17 - [TEST_STEP][PASSED] - Statement - variation = VARIATION_NAME1: null

2018-09-20 10:46:17 - [TEST_STEP][PASSED] - Statement - r_string = new java.lang.Math().random().toString().substring(2, 8): null

2018-09-20 10:46:17 - [TEST_STEP][PASSED] - Statement - email = "auto" + r_string + "@mailinator.com": null

2018-09-20 10:46:17 - [TEST_STEP][PASSED] - Statement - orderNote = "auto" + r_string + "Order": null

2018-09-20 10:46:17 - [TEST_STEP][PASSED] - Statement - currentNumberItemInCart = <not implemented yet for class: org.codehaus.groovy.ast.expr.EmptyExpression>: null

2018-09-20 10:46:17 - [TEST_STEP][PASSED] - Statement - quantity = 8: null

2018-09-20 10:46:17 - [TEST_STEP][PASSED] - Statement - subtotal = CustomKeywords.beautytap.ShopAction.calculateTotal(quantity, price): beautytap.ShopAction.calculateTotal is PASSED

2018-09-20 10:46:17 - [MESSAGE][PASSED] - beautytap.ShopAction.calculateTotal is PASSED

2018-09-20 10:46:17 - [TEST_STEP][PASSED] - Statement - total = subtotal: null

2018-09-20 10:46:17 - [TEST_STEP][PASSED] - Statement - total = CustomKeywords.beautytap.ShopAction.calculateTotal(1, total): beautytap.ShopAction.calculateTotal is PASSED

2018-09-20 10:46:17 - [MESSAGE][PASSED] - beautytap.ShopAction.calculateTotal is PASSED

2018-09-20 10:46:17 - [TEST_STEP][PASSED] - Statement - products = new org.json.JSONArray((((((((([{"productname":" + productName) + ","variation":") + variation) + ","quantity":") + quantity) + ","price":") + price) + "}])): null

2018-09-20 10:46:17 - [TEST_STEP][PASSED] - Statement - billingInformation = new org.json.JSONObject((({"firstname":"Test","lastname":"Automation","country":"United States (US)","address":"123 Testing","city":"New York","state":"New York","zip":"90012","email":" + email) + "})): null

2018-09-20 10:46:17 - [TEST_STEP][PASSED] - Statement - shippingLabel = FREE_EMS_SHIPPING_LABEL: null

2018-09-20 10:46:17 - [TEST_STEP][PASSED] - Statement - shippingPrice = 0: null

2018-09-20 10:46:17 - [TEST_STEP][PASSED] - Statement - shippingType = "freeEMS": null

2018-09-20 10:46:17 - [TEST_STEP][PASSED] - Statement - paymentMethod = "Amazon Pay": null

2018-09-20 10:46:17 - [TEST_STEP][PASSED] - beautytap.GeneralAction.openBeautytap: beautytap.GeneralAction.openBeautytap is PASSED

2018-09-20 10:46:31 - [MESSAGE][PASSED] - Browser is opened with url: 'https://stage.beautytap.com'

2018-09-20 10:46:33 - [MESSAGE][PASSED] - Current window maximized

2018-09-20 10:46:37 - [MESSAGE][PASSED] - Refresh successfully

2018-09-20 10:46:37 - [MESSAGE][PASSED] - Wait for page load successfully

2018-09-20 10:46:37 - [MESSAGE][PASSED] - beautytap.GeneralAction.openBeautytap is PASSED

2018-09-20 10:46:37 - [TEST_STEP][PASSED] - beautytap.ShopAction.globalSearch: beautytap.ShopAction.globalSearch is PASSED

2018-09-20 10:46:37 - [MESSAGE][PASSED] - Object: 'Object Repository/Page_General/icon_search' is clicked on

2018-09-20 10:46:42 - [MESSAGE][PASSED] - Delayed 5 second(s)

2018-09-20 10:46:42 - [MESSAGE][PASSED] - Text of object 'Object Repository/Page_General/txt_search' is cleared

2018-09-20 10:46:42 - [MESSAGE][PASSED] - Keys 'CONTROL + v' sent to object: 'Object Repository/Page_General/txt_search'

2018-09-20 10:46:44 - [MESSAGE][PASSED] - Object 'Object Repository/Page_General/div_searchResult' is present

2018-09-20 10:46:44 - [MESSAGE][PASSED] - beautytap.ShopAction.globalSearch is PASSED

2018-09-20 10:46:44 - [TEST_STEP][PASSED] - beautytap.ShopAction.VerifyProductOnSearchResult: Keyword VerifyProductOnSearchResult is Passed

2018-09-20 10:46:44 - [MESSAGE][PASSED] - Object '' is present

2018-09-20 10:46:44 - [MESSAGE][PASSED] - Text of object '' is: '$26.70'

2018-09-20 10:46:44 - [MESSAGE][PASSED] - Get CSS 'color' value on '' successfully: 'rgba(255, 35, 134, 1)'.

2018-09-20 10:46:44 - [MESSAGE][PASSED] - Get CSS 'color' value on '' successfully: 'rgba(255, 35, 134, 1)'.

2018-09-20 10:46:44 - [MESSAGE][PASSED] - Keyword VerifyProductOnSearchResult is Passed

2018-09-20 10:46:44 - [TEST_STEP][PASSED] - beautytap.ShopAction.selectProductOnSearchResult: beautytap.ShopAction.selectProductOnSearchResult is PASSED

2018-09-20 10:46:50 - [MESSAGE][PASSED] - Object: '' is clicked on

2018-09-20 10:46:50 - [MESSAGE][PASSED] - Wait for page load successfully

2018-09-20 10:46:50 - [MESSAGE][PASSED] - beautytap.ShopAction.selectProductOnSearchResult is PASSED

2018-09-20 10:46:50 - [TEST_STEP][PASSED] - beautytap.ShopAction.selectProductVariation: beautytap.ShopAction.selectProductVariation is PASSED

2018-09-20 10:46:51 - [MESSAGE][PASSED] - Object: 'Object Repository/Page_Shop/drop_chooseOption' is clicked on

2018-09-20 10:46:52 - [MESSAGE][PASSED] - Delayed 1 second(s)

2018-09-20 10:46:52 - [MESSAGE][PASSED] - Object: '' is clicked on

2018-09-20 10:46:52 - [MESSAGE][PASSED] - beautytap.ShopAction.selectProductVariation is PASSED

2018-09-20 10:46:52 - [TEST_STEP][PASSED] - beautytap.ShopAction.VerifyProductDetails: Keyword VerifyProductDetails is Passed

2018-09-20 10:46:52 - [MESSAGE][PASSED] - Text of object '' is: 'MeloMELI Unicorn Heart Lake Cushion — 2 Choices'

2018-09-20 10:46:52 - [MESSAGE][PASSED] - All options with label 'Vanilla Beige' are selected in object 'Object Repository/Page_Shop/drop_chooseOption' 

2018-09-20 10:46:53 - [MESSAGE][PASSED] - Text of object '' is: '$26.70'

2018-09-20 10:46:53 - [MESSAGE][PASSED] - Get CSS 'color' value on '' successfully: 'rgba(255, 35, 134, 1)'.

2018-09-20 10:46:53 - [MESSAGE][PASSED] - Keyword VerifyProductDetails is Passed

2018-09-20 10:46:53 - [TEST_STEP][PASSED] - Statement - currentNumberItemInCart = CustomKeywords.beautytap.ShopAction.getNumberItemInCart(): beautytap.ShopAction.getNumberItemInCart is PASSED

2018-09-20 10:47:24 - [MESSAGE][WARNING] - com.kms.katalon.core.webui.exception.WebElementNotFoundException: Web element with id: '' located by 'By.xpath: //div[@class='header-right-top pull-right']/a[@class='shop-cart']/span[@class='number-cart']' not found
[[ATTACHMENT|E:\\BeautytapAutomation\\beautytapAuto\\Beautytap\\Reports\\TS1\\20180920_103436\\1537415244325.png]]

2018-09-20 10:47:24 - [MESSAGE][PASSED] - beautytap.ShopAction.getNumberItemInCart is PASSED

2018-09-20 10:47:24 - [TEST_STEP][PASSED] - beautytap.ShopAction.addProductToCart: beautytap.ShopAction.addProductToCart is PASSED

2018-09-20 10:47:24 - [MESSAGE][PASSED] - Text of object 'Object Repository/Page_Shop/txt_quantity' is cleared

2018-09-20 10:47:25 - [MESSAGE][PASSED] - Keys '8' sent to object: 'Object Repository/Page_Shop/txt_quantity'

2018-09-20 10:47:25 - [MESSAGE][PASSED] - Object: 'Object Repository/Page_Shop/btn_addToCart' is clicked on

2018-09-20 10:47:25 - [MESSAGE][PASSED] - Wait for page load successfully

2018-09-20 10:47:31 - [MESSAGE][PASSED] - Object 'Object Repository/Page_Shop/lbl_message' is present

2018-09-20 10:47:31 - [MESSAGE][PASSED] - beautytap.ShopAction.addProductToCart is PASSED

2018-09-20 10:47:31 - [TEST_STEP][PASSED] - beautytap.ShopAction.VerifyNumberItemInCart: Keyword VerifyNumberItemInCart is Passed, Number item in cart is 8, expected is 8

2018-09-20 10:47:31 - [MESSAGE][PASSED] - Object '' is present

2018-09-20 10:47:31 - [MESSAGE][PASSED] - Text of object '' is: '8'

2018-09-20 10:47:31 - [MESSAGE][PASSED] - Keyword VerifyNumberItemInCart is Passed, Number item in cart is 8, expected is 8

2018-09-20 10:47:31 - [TEST_STEP][PASSED] - beautytap.ShopAction.VerifyProductIsAddedToCart: beautytap.ShopAction.VerifyProductIsAddedToCart is PASSED

2018-09-20 10:47:31 - [MESSAGE][PASSED] - Object '' is present

2018-09-20 10:47:31 - [MESSAGE][PASSED] - beautytap.ShopAction.VerifyProductIsAddedToCart is PASSED

2018-09-20 10:47:31 - [TEST_STEP][PASSED] - beautytap.ShopAction.goToCart: beautytap.ShopAction.goToCart is PASSED

2018-09-20 10:47:36 - [MESSAGE][PASSED] - Object: 'Object Repository/Page_General/icon_cart' is clicked on

2018-09-20 10:47:36 - [MESSAGE][PASSED] - Wait for page load successfully

2018-09-20 10:47:36 - [MESSAGE][PASSED] - beautytap.ShopAction.goToCart is PASSED

2018-09-20 10:47:36 - [TEST_STEP][PASSED] - beautytap.ShopAction.VerifyProductInCart: Keyword VerifyProductInCart is Passed

2018-09-20 10:47:36 - [MESSAGE][PASSED] - Object '' is present

2018-09-20 10:47:36 - [MESSAGE][PASSED] - Text of object '' is: '$26.70'

2018-09-20 10:47:36 - [MESSAGE][PASSED] - Attribute 'value' of object '' is: '8'

2018-09-20 10:47:37 - [MESSAGE][PASSED] - Text of object '' is: '$213.60'

2018-09-20 10:47:37 - [MESSAGE][PASSED] - Keyword VerifyProductInCart is Passed

2018-09-20 10:47:37 - [TEST_STEP][PASSED] - beautytap.ShopAction.processToCheckout: beautytap.ShopAction.processToCheckout is PASSED

2018-09-20 10:47:42 - [MESSAGE][PASSED] - Object: 'Object Repository/Page_Cart/btn_checkout' is clicked on

2018-09-20 10:47:42 - [MESSAGE][PASSED] - Wait for page load successfully

2018-09-20 10:47:42 - [MESSAGE][PASSED] - beautytap.ShopAction.processToCheckout is PASSED

2018-09-20 10:47:42 - [TEST_STEP][PASSED] - beautytap.ShopAction.loginAmazonPay: beautytap.ShopAction.loginAmazonPay is PASSED

2018-09-20 10:47:42 - [MESSAGE][PASSED] - Object: 'Object Repository/Page_Checkout/btn_amazonPay' is clicked on

2018-09-20 10:47:42 - [MESSAGE][PASSED] - Switched to window with index: '1'

2018-09-20 10:47:44 - [MESSAGE][PASSED] - Object 'Object Repository/Popup_Amazon/txt_email' is present

2018-09-20 10:47:44 - [MESSAGE][PASSED] - Text of object 'Object Repository/Popup_Amazon/txt_email' is cleared

2018-09-20 10:47:44 - [MESSAGE][PASSED] - Keys 'amazontest1503@yopmail.com' sent to object: 'Object Repository/Popup_Amazon/txt_email'

2018-09-20 10:47:44 - [MESSAGE][PASSED] - Text of object 'Object Repository/Popup_Amazon/txt_password' is cleared

2018-09-20 10:47:44 - [MESSAGE][PASSED] - Keys '123456' sent to object: 'Object Repository/Popup_Amazon/txt_password'

2018-09-20 10:47:47 - [MESSAGE][PASSED] - Object: 'Object Repository/Popup_Amazon/btn_signin' is clicked on

2018-09-20 10:47:47 - [MESSAGE][PASSED] - Switched to window with index: '0'

2018-09-20 10:48:17 - [MESSAGE][PASSED] - Delayed 30 second(s)

2018-09-20 10:48:17 - [MESSAGE][PASSED] - beautytap.ShopAction.loginAmazonPay is PASSED

2018-09-20 10:48:17 - [TEST_STEP][PASSED] - beautytap.ShopAction.VerifyOrderDetailsOnCheckout: Keyword VerifyOrderDetailsOnCheckout is Passed

2018-09-20 10:48:17 - [MESSAGE][PASSED] - Object '' is present

2018-09-20 10:48:17 - [MESSAGE][PASSED] - Text of object '' is: '$213.60'

2018-09-20 10:48:17 - [MESSAGE][PASSED] - Text of object '' is: 'Free EMS shipping (over $200)
Why does shipping take this long?'

2018-09-20 10:48:17 - [MESSAGE][PASSED] - Text of object '' is: '$213.60'

2018-09-20 10:48:17 - [MESSAGE][PASSED] - Keyword VerifyOrderDetailsOnCheckout is Passed

2018-09-20 10:48:17 - [TEST_STEP][PASSED] - beautytap.ShopAction.checkoutViaAmazonPay: beautytap.ShopAction.checkoutViaAmazonPay is PASSED

2018-09-20 10:48:17 - [MESSAGE][PASSED] - Object 'Object Repository/Page_Checkout/chk_terms' is clickable

2018-09-20 10:48:17 - [MESSAGE][PASSED] - Object 'Object Repository/Page_Checkout/chk_terms' is checked

2018-09-20 10:48:18 - [MESSAGE][PASSED] - Object: 'Object Repository/Page_Checkout/btn_placeOrder' is clicked on

2018-09-20 10:48:32 - [MESSAGE][PASSED] - Object 'Object Repository/Page_Checkout/lbl_orderReceived' is present

2018-09-20 10:48:32 - [MESSAGE][PASSED] - beautytap.ShopAction.checkoutViaAmazonPay is PASSED

2018-09-20 10:48:32 - [TEST_STEP][PASSED] - beautytap.ShopAction.VerifyOrderReceivedDetails: Keyword VerifyOrderReceivedDetails is Passed

2018-09-20 10:48:32 - [MESSAGE][PASSED] - Object '' is present

2018-09-20 10:48:32 - [MESSAGE][PASSED] - Text of object '' is: '$213.60'

2018-09-20 10:48:32 - [MESSAGE][PASSED] - Text of object '' is: 'Free EMS shipping (over $200)'

2018-09-20 10:48:37 - [MESSAGE][WARNING] - com.kms.katalon.core.webui.exception.WebElementNotFoundException: Web element with id: '' located by 'By.xpath: //th[text()='Shipping:']/parent::tr/td/span' not found
[[ATTACHMENT|E:\\BeautytapAutomation\\beautytapAuto\\Beautytap\\Reports\\TS1\\20180920_103436\\1537415317475.png]]

2018-09-20 10:48:37 - [MESSAGE][PASSED] - Text of object '' is: 'Amazon Pay'

2018-09-20 10:48:37 - [MESSAGE][PASSED] - Text of object '' is: '$213.60'

2018-09-20 10:48:37 - [MESSAGE][PASSED] - Keyword VerifyOrderReceivedDetails is Passed

2018-09-20 10:48:37 - [TEST_STEP][PASSED] - closeBrowser: Browser is closed

2018-09-20 10:48:38 - [MESSAGE][PASSED] - Browser is closed]]></system-out>
         <system-err><![CDATA[]]></system-err>
      </testcase>
      <testcase name="Test Cases/Shop/TC05_Browse_SimpleProduct_NotSale_PayPal_GreaterThan60LessThan200" classname="Test Cases/Shop/TC05_Browse_SimpleProduct_NotSale_PayPal_GreaterThan60LessThan200" status="PASSED">
         <system-out><![CDATA[2018-09-20 10:48:40 - [TEST_CASE][PASSED] - Test Cases/Shop/TC05_Browse_SimpleProduct_NotSale_PayPal_GreaterThan60LessThan200: Test Cases/Shop/TC05_Browse_SimpleProduct_NotSale_PayPal_GreaterThan60LessThan200

2018-09-20 10:48:41 - [TEST_STEP][PASSED] - Statement - productName = SIMPLE_PRODUCT: null

2018-09-20 10:48:41 - [TEST_STEP][PASSED] - Statement - price = SIMPLE_PRODUCT_PRICE: null

2018-09-20 10:48:41 - [TEST_STEP][PASSED] - Statement - r_string = new java.lang.Math().random().toString().substring(2, 8): null

2018-09-20 10:48:41 - [TEST_STEP][PASSED] - Statement - email = "auto" + r_string + "@mailinator.com": null

2018-09-20 10:48:41 - [TEST_STEP][PASSED] - Statement - orderNote = "auto" + r_string + "Order": null

2018-09-20 10:48:41 - [TEST_STEP][PASSED] - Statement - currentNumberItemInCart = <not implemented yet for class: org.codehaus.groovy.ast.expr.EmptyExpression>: null

2018-09-20 10:48:41 - [TEST_STEP][PASSED] - Statement - quantity = 3: null

2018-09-20 10:48:41 - [TEST_STEP][PASSED] - Statement - subtotal = CustomKeywords.beautytap.ShopAction.calculateTotal(quantity, price): beautytap.ShopAction.calculateTotal is PASSED

2018-09-20 10:48:41 - [MESSAGE][PASSED] - beautytap.ShopAction.calculateTotal is PASSED

2018-09-20 10:48:41 - [TEST_STEP][PASSED] - Statement - total = subtotal: null

2018-09-20 10:48:41 - [TEST_STEP][PASSED] - Statement - total = CustomKeywords.beautytap.ShopAction.calculateTotal(1, total): beautytap.ShopAction.calculateTotal is PASSED

2018-09-20 10:48:41 - [MESSAGE][PASSED] - beautytap.ShopAction.calculateTotal is PASSED

2018-09-20 10:48:41 - [TEST_STEP][PASSED] - Statement - products = new org.json.JSONArray((((((([{"productname":" + productName) + ","variation":"","quantity":") + quantity) + ","price":") + price) + "}])): null

2018-09-20 10:48:41 - [TEST_STEP][PASSED] - Statement - billingInformation = new org.json.JSONObject((({"firstname":"Test","lastname":"Automation","country":"United States (US)","address":"123 Testing","city":"New York","state":"New York","zip":"90012","email":" + email) + "})): null

2018-09-20 10:48:41 - [TEST_STEP][PASSED] - Statement - shippingLabel = FREE_SHIPPING_LABEL: null

2018-09-20 10:48:41 - [TEST_STEP][PASSED] - Statement - shippingPrice = 0: null

2018-09-20 10:48:41 - [TEST_STEP][PASSED] - Statement - shippingType = "free": null

2018-09-20 10:48:41 - [TEST_STEP][PASSED] - Statement - paymentMethod = "PayPal": null

2018-09-20 10:48:41 - [TEST_STEP][PASSED] - Statement - category = "What's New": null

2018-09-20 10:48:41 - [TEST_STEP][PASSED] - beautytap.GeneralAction.openBeautytap: beautytap.GeneralAction.openBeautytap is PASSED

2018-09-20 10:49:11 - [MESSAGE][PASSED] - Browser is opened with url: 'https://stage.beautytap.com'

2018-09-20 10:49:12 - [MESSAGE][PASSED] - Current window maximized

2018-09-20 10:49:18 - [MESSAGE][PASSED] - Refresh successfully

2018-09-20 10:49:18 - [MESSAGE][PASSED] - Wait for page load successfully

2018-09-20 10:49:18 - [MESSAGE][PASSED] - beautytap.GeneralAction.openBeautytap is PASSED

2018-09-20 10:49:18 - [TEST_STEP][PASSED] - beautytap.ShopAction.selectCategory: beautytap.ShopAction.selectCategory is PASSED

2018-09-20 10:49:26 - [MESSAGE][PASSED] - Object: '' is clicked on

2018-09-20 10:49:26 - [MESSAGE][PASSED] - Wait for page load successfully

2018-09-20 10:49:26 - [MESSAGE][PASSED] - beautytap.ShopAction.selectCategory is PASSED

2018-09-20 10:49:26 - [TEST_STEP][PASSED] - beautytap.ShopAction.findProductOnProductList: beautytap.ShopAction.findProductOnProductList is PASSED

2018-09-20 10:49:26 - [MESSAGE][PASSED] - Text of object '' is: '76'

2018-09-20 10:49:31 - [MESSAGE][WARNING] - com.kms.katalon.core.webui.exception.WebElementNotFoundException: Web element with id: '' located by 'By.xpath: //a[text()='La Muse Correct Care Complete Cushion SPF50+']' not found
[[ATTACHMENT|E:\\BeautytapAutomation\\beautytapAuto\\Beautytap\\Reports\\TS1\\20180920_103436\\1537415371644.png]]

2018-09-20 10:49:40 - [MESSAGE][PASSED] - Object: '' is clicked on

2018-09-20 10:49:40 - [MESSAGE][PASSED] - Wait for page load successfully

2018-09-20 10:49:46 - [MESSAGE][WARNING] - com.kms.katalon.core.webui.exception.WebElementNotFoundException: Web element with id: '' located by 'By.xpath: //a[text()='La Muse Correct Care Complete Cushion SPF50+']' not found
[[ATTACHMENT|E:\\BeautytapAutomation\\beautytapAuto\\Beautytap\\Reports\\TS1\\20180920_103436\\1537415386158.png]]

2018-09-20 10:49:56 - [MESSAGE][PASSED] - Object: '' is clicked on

2018-09-20 10:49:56 - [MESSAGE][PASSED] - Wait for page load successfully

2018-09-20 10:49:56 - [MESSAGE][PASSED] - Object '' is present

2018-09-20 10:49:56 - [MESSAGE][PASSED] - beautytap.ShopAction.findProductOnProductList is PASSED

2018-09-20 10:49:56 - [TEST_STEP][PASSED] - beautytap.ShopAction.VerifyProductOnProductList: Keyword VerifyProductOnProductList is Passed

2018-09-20 10:49:56 - [MESSAGE][PASSED] - Object '' is present

2018-09-20 10:49:56 - [MESSAGE][PASSED] - Text of object '' is: '$31.80'

2018-09-20 10:49:56 - [MESSAGE][PASSED] - Get CSS 'color' value on '' successfully: 'rgba(255, 35, 134, 1)'.

2018-09-20 10:49:56 - [MESSAGE][PASSED] - Get CSS 'color' value on '' successfully: 'rgba(255, 35, 134, 1)'.

2018-09-20 10:49:56 - [MESSAGE][PASSED] - Keyword VerifyProductOnProductList is Passed

2018-09-20 10:49:56 - [TEST_STEP][PASSED] - beautytap.ShopAction.selectProductOnProductList: beautytap.ShopAction.selectProductOnProductList is PASSED

2018-09-20 10:50:08 - [MESSAGE][PASSED] - Object: '' is clicked on

2018-09-20 10:50:08 - [MESSAGE][PASSED] - Wait for page load successfully

2018-09-20 10:50:08 - [MESSAGE][PASSED] - beautytap.ShopAction.selectProductOnProductList is PASSED

2018-09-20 10:50:08 - [TEST_STEP][PASSED] - beautytap.ShopAction.VerifyProductDetails: Keyword VerifyProductDetails is Passed

2018-09-20 10:50:08 - [MESSAGE][PASSED] - Text of object '' is: 'La Muse Correct Care Complete Cushion SPF50+'

2018-09-20 10:50:08 - [MESSAGE][PASSED] - Text of object '' is: '$31.80'

2018-09-20 10:50:08 - [MESSAGE][PASSED] - Get CSS 'color' value on '' successfully: 'rgba(255, 35, 134, 1)'.

2018-09-20 10:50:08 - [MESSAGE][PASSED] - Keyword VerifyProductDetails is Passed

2018-09-20 10:50:08 - [TEST_STEP][PASSED] - Statement - currentNumberItemInCart = CustomKeywords.beautytap.ShopAction.getNumberItemInCart(): beautytap.ShopAction.getNumberItemInCart is PASSED

2018-09-20 10:50:40 - [MESSAGE][WARNING] - com.kms.katalon.core.webui.exception.WebElementNotFoundException: Web element with id: '' located by 'By.xpath: //div[@class='header-right-top pull-right']/a[@class='shop-cart']/span[@class='number-cart']' not found
[[ATTACHMENT|E:\\BeautytapAutomation\\beautytapAuto\\Beautytap\\Reports\\TS1\\20180920_103436\\1537415439915.png]]

2018-09-20 10:50:40 - [MESSAGE][PASSED] - beautytap.ShopAction.getNumberItemInCart is PASSED

2018-09-20 10:50:40 - [TEST_STEP][PASSED] - beautytap.ShopAction.addProductToCart: beautytap.ShopAction.addProductToCart is PASSED

2018-09-20 10:50:40 - [MESSAGE][PASSED] - Text of object 'Object Repository/Page_Shop/txt_quantity' is cleared

2018-09-20 10:50:40 - [MESSAGE][PASSED] - Keys '3' sent to object: 'Object Repository/Page_Shop/txt_quantity'

2018-09-20 10:50:40 - [MESSAGE][PASSED] - Object: 'Object Repository/Page_Shop/btn_addToCart' is clicked on

2018-09-20 10:50:40 - [MESSAGE][PASSED] - Wait for page load successfully

2018-09-20 10:50:48 - [MESSAGE][PASSED] - Object 'Object Repository/Page_Shop/lbl_message' is present

2018-09-20 10:50:48 - [MESSAGE][PASSED] - beautytap.ShopAction.addProductToCart is PASSED

2018-09-20 10:50:48 - [TEST_STEP][PASSED] - beautytap.ShopAction.VerifyNumberItemInCart: Keyword VerifyNumberItemInCart is Passed, Number item in cart is 3, expected is 3

2018-09-20 10:50:48 - [MESSAGE][PASSED] - Object '' is present

2018-09-20 10:50:48 - [MESSAGE][PASSED] - Text of object '' is: '3'

2018-09-20 10:50:48 - [MESSAGE][PASSED] - Keyword VerifyNumberItemInCart is Passed, Number item in cart is 3, expected is 3

2018-09-20 10:50:48 - [TEST_STEP][PASSED] - beautytap.ShopAction.VerifyProductIsAddedToCart: beautytap.ShopAction.VerifyProductIsAddedToCart is PASSED

2018-09-20 10:50:48 - [MESSAGE][PASSED] - Object '' is present

2018-09-20 10:50:48 - [MESSAGE][PASSED] - beautytap.ShopAction.VerifyProductIsAddedToCart is PASSED

2018-09-20 10:50:48 - [TEST_STEP][PASSED] - beautytap.ShopAction.goToCart: beautytap.ShopAction.goToCart is PASSED

2018-09-20 10:50:55 - [MESSAGE][PASSED] - Object: 'Object Repository/Page_General/icon_cart' is clicked on

2018-09-20 10:50:55 - [MESSAGE][PASSED] - Wait for page load successfully

2018-09-20 10:50:55 - [MESSAGE][PASSED] - beautytap.ShopAction.goToCart is PASSED

2018-09-20 10:50:55 - [TEST_STEP][PASSED] - beautytap.ShopAction.VerifyProductInCart: Keyword VerifyProductInCart is Passed

2018-09-20 10:50:55 - [MESSAGE][PASSED] - Object '' is present

2018-09-20 10:50:55 - [MESSAGE][PASSED] - Text of object '' is: '$31.80'

2018-09-20 10:50:55 - [MESSAGE][PASSED] - Attribute 'value' of object '' is: '3'

2018-09-20 10:50:55 - [MESSAGE][PASSED] - Text of object '' is: '$95.40'

2018-09-20 10:50:55 - [MESSAGE][PASSED] - Keyword VerifyProductInCart is Passed

2018-09-20 10:50:55 - [TEST_STEP][PASSED] - beautytap.ShopAction.processToCheckout: beautytap.ShopAction.processToCheckout is PASSED

2018-09-20 10:50:59 - [MESSAGE][PASSED] - Object: 'Object Repository/Page_Cart/btn_checkout' is clicked on

2018-09-20 10:50:59 - [MESSAGE][PASSED] - Wait for page load successfully

2018-09-20 10:50:59 - [MESSAGE][PASSED] - beautytap.ShopAction.processToCheckout is PASSED

2018-09-20 10:50:59 - [TEST_STEP][PASSED] - beautytap.ShopAction.fillCustomerInformation: beautytap.ShopAction.fillCustomerInformation is PASSED

2018-09-20 10:50:59 - [MESSAGE][PASSED] - Text of object 'Object Repository/Page_Checkout/txt_billingFirstName' is cleared

2018-09-20 10:50:59 - [MESSAGE][PASSED] - Keys 'Test' sent to object: 'Object Repository/Page_Checkout/txt_billingFirstName'

2018-09-20 10:50:59 - [MESSAGE][PASSED] - Text of object 'Object Repository/Page_Checkout/txt_billingLastName' is cleared

2018-09-20 10:51:00 - [MESSAGE][PASSED] - Keys 'Automation' sent to object: 'Object Repository/Page_Checkout/txt_billingLastName'

2018-09-20 10:51:00 - [MESSAGE][PASSED] - All options with label 'United States (US)' are selected in object 'Object Repository/Page_Checkout/drop_billingCountry' 

2018-09-20 10:51:05 - [MESSAGE][PASSED] - Delayed 5 second(s)

2018-09-20 10:51:05 - [MESSAGE][PASSED] - Text of object 'Object Repository/Page_Checkout/txt_billingAddress' is cleared

2018-09-20 10:51:06 - [MESSAGE][PASSED] - Keys '123 Testing' sent to object: 'Object Repository/Page_Checkout/txt_billingAddress'

2018-09-20 10:51:06 - [MESSAGE][PASSED] - Text of object 'Object Repository/Page_Checkout/txt_billingCity' is cleared

2018-09-20 10:51:06 - [MESSAGE][PASSED] - Keys 'New York' sent to object: 'Object Repository/Page_Checkout/txt_billingCity'

2018-09-20 10:51:07 - [MESSAGE][PASSED] - All options with label 'New York' are selected in object 'Object Repository/Page_Checkout/drop_billingState' 

2018-09-20 10:51:07 - [MESSAGE][PASSED] - Text of object 'Object Repository/Page_Checkout/txt_billingZip' is cleared

2018-09-20 10:51:07 - [MESSAGE][PASSED] - Keys '90012' sent to object: 'Object Repository/Page_Checkout/txt_billingZip'

2018-09-20 10:51:07 - [MESSAGE][PASSED] - Text of object 'Object Repository/Page_Checkout/txt_billingEmail' is cleared

2018-09-20 10:51:08 - [MESSAGE][PASSED] - Keys 'auto495456@mailinator.com' sent to object: 'Object Repository/Page_Checkout/txt_billingEmail'

2018-09-20 10:51:08 - [MESSAGE][PASSED] - Object 'Object Repository/Page_Checkout/chk_shipToDifferentAddress' is un-checked

2018-09-20 10:51:08 - [MESSAGE][PASSED] - Text of object 'Object Repository/Page_Checkout/txt_orderNote' is cleared

2018-09-20 10:51:08 - [MESSAGE][PASSED] - Keys 'auto495456Order' sent to object: 'Object Repository/Page_Checkout/txt_orderNote'

2018-09-20 10:51:08 - [MESSAGE][PASSED] - Object 'Object Repository/Page_Checkout/radio_creditCard' is checked

2018-09-20 10:51:13 - [MESSAGE][PASSED] - Delayed 5 second(s)

2018-09-20 10:51:13 - [MESSAGE][PASSED] - beautytap.ShopAction.fillCustomerInformation is PASSED

2018-09-20 10:51:13 - [TEST_STEP][PASSED] - beautytap.ShopAction.VerifyOrderDetailsOnCheckout: Keyword VerifyOrderDetailsOnCheckout is Passed

2018-09-20 10:51:13 - [MESSAGE][PASSED] - Object '' is present

2018-09-20 10:51:13 - [MESSAGE][PASSED] - Text of object '' is: '$95.40'

2018-09-20 10:51:13 - [MESSAGE][PASSED] - Text of object '' is: 'Free shipping for orders over $60
Why does shipping take this long?'

2018-09-20 10:51:14 - [MESSAGE][PASSED] - Text of object '' is: '$95.40'

2018-09-20 10:51:14 - [MESSAGE][PASSED] - Keyword VerifyOrderDetailsOnCheckout is Passed

2018-09-20 10:51:14 - [TEST_STEP][PASSED] - beautytap.ShopAction.checkoutViaPaypal: beautytap.ShopAction.checkoutViaPaypal is PASSED

2018-09-20 10:51:14 - [MESSAGE][PASSED] - Object 'Object Repository/Page_Checkout/radio_paypal' is checked

2018-09-20 10:51:19 - [MESSAGE][PASSED] - Delayed 5 second(s)

2018-09-20 10:51:19 - [MESSAGE][PASSED] - Object 'Object Repository/Page_Checkout/chk_terms' is checked

2018-09-20 10:51:19 - [MESSAGE][PASSED] - Object: 'Object Repository/Page_Checkout/btn_placeOrder' is clicked on

2018-09-20 10:51:26 - [MESSAGE][PASSED] - Object 'Object Repository/Page_Paypal/txt_email' is present

2018-09-20 10:51:26 - [MESSAGE][PASSED] - Text of object 'Object Repository/Page_Paypal/txt_email' is cleared

2018-09-20 10:51:27 - [MESSAGE][PASSED] - Keys 'g1.posiba@gmail.com' sent to object: 'Object Repository/Page_Paypal/txt_email'

2018-09-20 10:51:27 - [MESSAGE][PASSED] - Text of object 'Object Repository/Page_Paypal/txt_password' is cleared

2018-09-20 10:51:27 - [MESSAGE][PASSED] - Keys 'Tr@ng99%' sent to object: 'Object Repository/Page_Paypal/txt_password'

2018-09-20 10:51:35 - [MESSAGE][PASSED] - Object: 'Object Repository/Page_Paypal/btn_login' is clicked on

2018-09-20 10:51:41 - [MESSAGE][PASSED] - Object 'Object Repository/Page_Paypal/btn_payNow' is present

2018-09-20 10:51:46 - [MESSAGE][PASSED] - Delayed 5 second(s)

2018-09-20 10:51:47 - [MESSAGE][PASSED] - Object: 'Object Repository/Page_Paypal/btn_payNow' is clicked on

2018-09-20 10:52:07 - [MESSAGE][PASSED] - Object 'Object Repository/Page_Checkout/lbl_orderReceived' is present

2018-09-20 10:52:07 - [MESSAGE][PASSED] - beautytap.ShopAction.checkoutViaPaypal is PASSED

2018-09-20 10:52:07 - [TEST_STEP][PASSED] - beautytap.ShopAction.VerifyOrderReceivedDetails: Keyword VerifyOrderReceivedDetails is Passed

2018-09-20 10:52:07 - [MESSAGE][PASSED] - Object '' is present

2018-09-20 10:52:07 - [MESSAGE][PASSED] - Text of object '' is: '$95.40'

2018-09-20 10:52:07 - [MESSAGE][PASSED] - Text of object '' is: 'Free shipping for orders over $60'

2018-09-20 10:52:12 - [MESSAGE][WARNING] - com.kms.katalon.core.webui.exception.WebElementNotFoundException: Web element with id: '' located by 'By.xpath: //th[text()='Shipping:']/parent::tr/td/span' not found
[[ATTACHMENT|E:\\BeautytapAutomation\\beautytapAuto\\Beautytap\\Reports\\TS1\\20180920_103436\\1537415532541.png]]

2018-09-20 10:52:12 - [MESSAGE][PASSED] - Text of object '' is: 'PayPal'

2018-09-20 10:52:13 - [MESSAGE][PASSED] - Text of object '' is: '$95.40'

2018-09-20 10:52:13 - [MESSAGE][PASSED] - Keyword VerifyOrderReceivedDetails is Passed

2018-09-20 10:52:13 - [TEST_STEP][PASSED] - closeBrowser: Browser is closed

2018-09-20 10:52:14 - [MESSAGE][PASSED] - Browser is closed]]></system-out>
         <system-err><![CDATA[]]></system-err>
      </testcase>
      <testcase name="Test Cases/Shop/TC06_Browse_VariationProduct_Sale_AmazonPayAtCart_LessThan60_EMS" classname="Test Cases/Shop/TC06_Browse_VariationProduct_Sale_AmazonPayAtCart_LessThan60_EMS" status="PASSED">
         <system-out><![CDATA[2018-09-20 10:52:16 - [TEST_CASE][PASSED] - Test Cases/Shop/TC06_Browse_VariationProduct_Sale_AmazonPayAtCart_LessThan60_EMS: Test Cases/Shop/TC06_Browse_VariationProduct_Sale_AmazonPayAtCart_LessThan60_EMS

2018-09-20 10:52:16 - [TEST_STEP][PASSED] - Statement - productName = VARIATION_SALE_PRODUCT: null

2018-09-20 10:52:16 - [TEST_STEP][PASSED] - Statement - saleprice = VARIATION_SALE_PRICE1: null

2018-09-20 10:52:16 - [TEST_STEP][PASSED] - Statement - redularprice = VARIATION_SALE_REGULAR_PRICE1: null

2018-09-20 10:52:16 - [TEST_STEP][PASSED] - Statement - variation = VARIATION_SALE_NAME1: null

2018-09-20 10:52:17 - [TEST_STEP][PASSED] - Statement - r_string = new java.lang.Math().random().toString().substring(2, 8): null

2018-09-20 10:52:17 - [TEST_STEP][PASSED] - Statement - email = "auto" + r_string + "@mailinator.com": null

2018-09-20 10:52:17 - [TEST_STEP][PASSED] - Statement - orderNote = "auto" + r_string + "Order": null

2018-09-20 10:52:17 - [TEST_STEP][PASSED] - Statement - currentNumberItemInCart = <not implemented yet for class: org.codehaus.groovy.ast.expr.EmptyExpression>: null

2018-09-20 10:52:17 - [TEST_STEP][PASSED] - Statement - quantity = 5: null

2018-09-20 10:52:17 - [TEST_STEP][PASSED] - Statement - shippingLabel = EMS_SHIPPING_LABEL: null

2018-09-20 10:52:17 - [TEST_STEP][PASSED] - Statement - shippingPrice = EMS_SHIPPING_PRICE: null

2018-09-20 10:52:17 - [TEST_STEP][PASSED] - Statement - subtotal = CustomKeywords.beautytap.ShopAction.calculateTotal(quantity, saleprice): beautytap.ShopAction.calculateTotal is PASSED

2018-09-20 10:52:17 - [MESSAGE][PASSED] - beautytap.ShopAction.calculateTotal is PASSED

2018-09-20 10:52:17 - [TEST_STEP][PASSED] - Statement - total = subtotal + shippingPrice: null

2018-09-20 10:52:17 - [TEST_STEP][PASSED] - Statement - total = CustomKeywords.beautytap.ShopAction.calculateTotal(1, total): beautytap.ShopAction.calculateTotal is PASSED

2018-09-20 10:52:17 - [MESSAGE][PASSED] - beautytap.ShopAction.calculateTotal is PASSED

2018-09-20 10:52:17 - [TEST_STEP][PASSED] - Statement - products = new org.json.JSONArray((((((((([{"productname":" + productName) + ","variation":") + variation) + ","quantity":") + quantity) + ","price":") + saleprice) + "}])): null

2018-09-20 10:52:17 - [TEST_STEP][PASSED] - Statement - billingInformation = new org.json.JSONObject((({"firstname":"Test","lastname":"Automation","country":"United States (US)","address":"123 Testing","city":"New York","state":"New York","zip":"90012","email":" + email) + "})): null

2018-09-20 10:52:17 - [TEST_STEP][PASSED] - Statement - shippingType = "EMS": null

2018-09-20 10:52:17 - [TEST_STEP][PASSED] - Statement - paymentMethod = "Amazon Pay": null

2018-09-20 10:52:17 - [TEST_STEP][PASSED] - Statement - category = "Brands": null

2018-09-20 10:52:17 - [TEST_STEP][PASSED] - Statement - subcategory = "Innisfree": null

2018-09-20 10:52:17 - [TEST_STEP][PASSED] - beautytap.GeneralAction.openBeautytap: beautytap.GeneralAction.openBeautytap is PASSED

2018-09-20 10:52:44 - [MESSAGE][PASSED] - Browser is opened with url: 'https://stage.beautytap.com'

2018-09-20 10:52:45 - [MESSAGE][PASSED] - Current window maximized

2018-09-20 10:52:51 - [MESSAGE][PASSED] - Refresh successfully

2018-09-20 10:52:51 - [MESSAGE][PASSED] - Wait for page load successfully

2018-09-20 10:52:51 - [MESSAGE][PASSED] - beautytap.GeneralAction.openBeautytap is PASSED

2018-09-20 10:52:51 - [TEST_STEP][PASSED] - beautytap.ShopAction.selectCategory: beautytap.ShopAction.selectCategory is PASSED

2018-09-20 10:52:51 - [MESSAGE][PASSED] - Object: '' is clicked on

2018-09-20 10:52:53 - [MESSAGE][PASSED] - Delayed 2 second(s)

2018-09-20 10:53:04 - [MESSAGE][PASSED] - Object: '' is clicked on

2018-09-20 10:53:04 - [MESSAGE][PASSED] - Wait for page load successfully

2018-09-20 10:53:04 - [MESSAGE][PASSED] - beautytap.ShopAction.selectCategory is PASSED

2018-09-20 10:53:04 - [TEST_STEP][PASSED] - beautytap.ShopAction.findProductOnProductList: beautytap.ShopAction.findProductOnProductList is PASSED

2018-09-20 10:53:05 - [MESSAGE][PASSED] - Text of object '' is: '3'

2018-09-20 10:53:10 - [MESSAGE][WARNING] - com.kms.katalon.core.webui.exception.WebElementNotFoundException: Web element with id: '' located by 'By.xpath: //a[text()='Innisfree Eye Contouring Stick Round Shape 0.7g']' not found
[[ATTACHMENT|E:\\BeautytapAutomation\\beautytapAuto\\Beautytap\\Reports\\TS1\\20180920_103436\\1537415590265.png]]

2018-09-20 10:53:24 - [MESSAGE][PASSED] - Object: '' is clicked on

2018-09-20 10:53:24 - [MESSAGE][PASSED] - Wait for page load successfully

2018-09-20 10:53:24 - [MESSAGE][PASSED] - Object '' is present

2018-09-20 10:53:24 - [MESSAGE][PASSED] - beautytap.ShopAction.findProductOnProductList is PASSED

2018-09-20 10:53:24 - [TEST_STEP][PASSED] - beautytap.ShopAction.VerifyProductOnProductList: Keyword VerifyProductOnProductList is Passed

2018-09-20 10:53:24 - [MESSAGE][PASSED] - Object '' is present

2018-09-20 10:53:24 - [MESSAGE][PASSED] - Text of object '' is: '$4.95'

2018-09-20 10:53:24 - [MESSAGE][PASSED] - Get CSS 'color' value on '' successfully: 'rgba(255, 35, 134, 1)'.

2018-09-20 10:53:24 - [MESSAGE][PASSED] - Get CSS 'color' value on '' successfully: 'rgba(255, 35, 134, 1)'.

2018-09-20 10:53:24 - [MESSAGE][PASSED] - Text of object '' is: '$6.50'

2018-09-20 10:53:24 - [MESSAGE][PASSED] - Get CSS 'color' value on '' successfully: 'rgba(255, 35, 134, 1)'.

2018-09-20 10:53:24 - [MESSAGE][PASSED] - Get CSS 'color' value on '' successfully: 'rgba(255, 35, 134, 1)'.

2018-09-20 10:53:24 - [MESSAGE][PASSED] - Keyword VerifyProductOnProductList is Passed

2018-09-20 10:53:24 - [TEST_STEP][PASSED] - beautytap.ShopAction.selectProductOnProductList: beautytap.ShopAction.selectProductOnProductList is PASSED

2018-09-20 10:53:33 - [MESSAGE][PASSED] - Object: '' is clicked on

2018-09-20 10:53:33 - [MESSAGE][PASSED] - Wait for page load successfully

2018-09-20 10:53:33 - [MESSAGE][PASSED] - beautytap.ShopAction.selectProductOnProductList is PASSED

2018-09-20 10:53:33 - [TEST_STEP][PASSED] - beautytap.ShopAction.selectProductVariation: beautytap.ShopAction.selectProductVariation is PASSED

2018-09-20 10:53:34 - [MESSAGE][PASSED] - Object: 'Object Repository/Page_Shop/drop_chooseOption' is clicked on

2018-09-20 10:53:35 - [MESSAGE][PASSED] - Delayed 1 second(s)

2018-09-20 10:53:35 - [MESSAGE][PASSED] - Object: '' is clicked on

2018-09-20 10:53:35 - [MESSAGE][PASSED] - beautytap.ShopAction.selectProductVariation is PASSED

2018-09-20 10:53:35 - [TEST_STEP][PASSED] - beautytap.ShopAction.VerifyProductDetails: Keyword VerifyProductDetails is Passed

2018-09-20 10:53:35 - [MESSAGE][PASSED] - Text of object '' is: 'Innisfree Eye Contouring Stick Round Shape 0.7g'

2018-09-20 10:53:36 - [MESSAGE][PASSED] - All options with label '5' are selected in object 'Object Repository/Page_Shop/drop_chooseOption' 

2018-09-20 10:53:36 - [MESSAGE][PASSED] - Text of object '' is: '$6.50'

2018-09-20 10:53:36 - [MESSAGE][PASSED] - Get CSS 'color' value on '' successfully: 'rgba(195, 195, 195, 1)'.

2018-09-20 10:53:36 - [MESSAGE][PASSED] - Text of object '' is: '$4.95'

2018-09-20 10:53:36 - [MESSAGE][PASSED] - Get CSS 'color' value on '' successfully: 'rgba(255, 35, 134, 1)'.

2018-09-20 10:53:36 - [MESSAGE][PASSED] - Keyword VerifyProductDetails is Passed

2018-09-20 10:53:36 - [TEST_STEP][PASSED] - Statement - currentNumberItemInCart = CustomKeywords.beautytap.ShopAction.getNumberItemInCart(): beautytap.ShopAction.getNumberItemInCart is PASSED

2018-09-20 10:54:08 - [MESSAGE][WARNING] - com.kms.katalon.core.webui.exception.WebElementNotFoundException: Web element with id: '' located by 'By.xpath: //div[@class='header-right-top pull-right']/a[@class='shop-cart']/span[@class='number-cart']' not found
[[ATTACHMENT|E:\\BeautytapAutomation\\beautytapAuto\\Beautytap\\Reports\\TS1\\20180920_103436\\1537415647769.png]]

2018-09-20 10:54:08 - [MESSAGE][PASSED] - beautytap.ShopAction.getNumberItemInCart is PASSED

2018-09-20 10:54:08 - [TEST_STEP][PASSED] - beautytap.ShopAction.addProductToCart: beautytap.ShopAction.addProductToCart is PASSED

2018-09-20 10:54:08 - [MESSAGE][PASSED] - Text of object 'Object Repository/Page_Shop/txt_quantity' is cleared

2018-09-20 10:54:08 - [MESSAGE][PASSED] - Keys '5' sent to object: 'Object Repository/Page_Shop/txt_quantity'

2018-09-20 10:54:08 - [MESSAGE][PASSED] - Object: 'Object Repository/Page_Shop/btn_addToCart' is clicked on

2018-09-20 10:54:08 - [MESSAGE][PASSED] - Wait for page load successfully

2018-09-20 10:54:16 - [MESSAGE][PASSED] - Object 'Object Repository/Page_Shop/lbl_message' is present

2018-09-20 10:54:16 - [MESSAGE][PASSED] - beautytap.ShopAction.addProductToCart is PASSED

2018-09-20 10:54:16 - [TEST_STEP][PASSED] - beautytap.ShopAction.VerifyNumberItemInCart: Keyword VerifyNumberItemInCart is Passed, Number item in cart is 5, expected is 5

2018-09-20 10:54:16 - [MESSAGE][PASSED] - Object '' is present

2018-09-20 10:54:16 - [MESSAGE][PASSED] - Text of object '' is: '5'

2018-09-20 10:54:16 - [MESSAGE][PASSED] - Keyword VerifyNumberItemInCart is Passed, Number item in cart is 5, expected is 5

2018-09-20 10:54:16 - [TEST_STEP][PASSED] - beautytap.ShopAction.VerifyProductIsAddedToCart: beautytap.ShopAction.VerifyProductIsAddedToCart is PASSED

2018-09-20 10:54:16 - [MESSAGE][PASSED] - Object '' is present

2018-09-20 10:54:16 - [MESSAGE][PASSED] - beautytap.ShopAction.VerifyProductIsAddedToCart is PASSED

2018-09-20 10:54:16 - [TEST_STEP][PASSED] - beautytap.ShopAction.goToCart: beautytap.ShopAction.goToCart is PASSED

2018-09-20 10:54:22 - [MESSAGE][PASSED] - Object: 'Object Repository/Page_General/icon_cart' is clicked on

2018-09-20 10:54:22 - [MESSAGE][PASSED] - Wait for page load successfully

2018-09-20 10:54:22 - [MESSAGE][PASSED] - beautytap.ShopAction.goToCart is PASSED

2018-09-20 10:54:22 - [TEST_STEP][PASSED] - beautytap.ShopAction.VerifyProductInCart: Keyword VerifyProductInCart is Passed

2018-09-20 10:54:22 - [MESSAGE][PASSED] - Object '' is present

2018-09-20 10:54:22 - [MESSAGE][PASSED] - Text of object '' is: '$4.95'

2018-09-20 10:54:22 - [MESSAGE][PASSED] - Attribute 'value' of object '' is: '5'

2018-09-20 10:54:22 - [MESSAGE][PASSED] - Text of object '' is: '$24.75'

2018-09-20 10:54:22 - [MESSAGE][PASSED] - Keyword VerifyProductInCart is Passed

2018-09-20 10:54:22 - [TEST_STEP][PASSED] - beautytap.ShopAction.loginAmazonPay: beautytap.ShopAction.loginAmazonPay is PASSED

2018-09-20 10:54:23 - [MESSAGE][PASSED] - Object: 'Object Repository/Page_Cart/btn_payWithAmazon' is clicked on

2018-09-20 10:54:23 - [MESSAGE][PASSED] - Switched to window with index: '1'

2018-09-20 10:54:24 - [MESSAGE][PASSED] - Object 'Object Repository/Popup_Amazon/txt_email' is present

2018-09-20 10:54:24 - [MESSAGE][PASSED] - Text of object 'Object Repository/Popup_Amazon/txt_email' is cleared

2018-09-20 10:54:25 - [MESSAGE][PASSED] - Keys 'amazontest1503@yopmail.com' sent to object: 'Object Repository/Popup_Amazon/txt_email'

2018-09-20 10:54:25 - [MESSAGE][PASSED] - Text of object 'Object Repository/Popup_Amazon/txt_password' is cleared

2018-09-20 10:54:25 - [MESSAGE][PASSED] - Keys '123456' sent to object: 'Object Repository/Popup_Amazon/txt_password'

2018-09-20 10:54:27 - [MESSAGE][PASSED] - Object: 'Object Repository/Popup_Amazon/btn_signin' is clicked on

2018-09-20 10:54:27 - [MESSAGE][PASSED] - Switched to window with index: '0'

2018-09-20 10:54:57 - [MESSAGE][PASSED] - Delayed 30 second(s)

2018-09-20 10:54:57 - [MESSAGE][PASSED] - beautytap.ShopAction.loginAmazonPay is PASSED

2018-09-20 10:54:57 - [TEST_STEP][PASSED] - beautytap.ShopAction.selectShipping: beautytap.ShopAction.selectShipping is PASSED

2018-09-20 10:54:58 - [MESSAGE][PASSED] - Object '' is checked

2018-09-20 10:55:03 - [MESSAGE][PASSED] - Delayed 5 second(s)

2018-09-20 10:55:03 - [MESSAGE][PASSED] - beautytap.ShopAction.selectShipping is PASSED

2018-09-20 10:55:03 - [TEST_STEP][PASSED] - beautytap.ShopAction.VerifyOrderDetailsOnCheckout: Keyword VerifyOrderDetailsOnCheckout is Passed

2018-09-20 10:55:03 - [MESSAGE][PASSED] - Object '' is present

2018-09-20 10:55:03 - [MESSAGE][PASSED] - Text of object '' is: '$24.75'

2018-09-20 10:55:03 - [MESSAGE][PASSED] - Object '' has attribute 'checked'

2018-09-20 10:55:03 - [MESSAGE][PASSED] - Text of object '' is: '($25) - EMS Express shipping (est. 10-14 working days delivery including processing): $25.00'

2018-09-20 10:55:03 - [MESSAGE][PASSED] - Text of object '' is: '$25.00'

2018-09-20 10:55:03 - [MESSAGE][PASSED] - Text of object '' is: '$49.75'

2018-09-20 10:55:03 - [MESSAGE][PASSED] - Keyword VerifyOrderDetailsOnCheckout is Passed

2018-09-20 10:55:03 - [TEST_STEP][PASSED] - beautytap.ShopAction.checkoutViaAmazonPay: beautytap.ShopAction.checkoutViaAmazonPay is PASSED

2018-09-20 10:55:03 - [MESSAGE][PASSED] - Object 'Object Repository/Page_Checkout/chk_terms' is clickable

2018-09-20 10:55:03 - [MESSAGE][PASSED] - Object 'Object Repository/Page_Checkout/chk_terms' is checked

2018-09-20 10:55:04 - [MESSAGE][PASSED] - Object: 'Object Repository/Page_Checkout/btn_placeOrder' is clicked on

2018-09-20 10:55:18 - [MESSAGE][PASSED] - Object 'Object Repository/Page_Checkout/lbl_orderReceived' is present

2018-09-20 10:55:18 - [MESSAGE][PASSED] - beautytap.ShopAction.checkoutViaAmazonPay is PASSED

2018-09-20 10:55:18 - [TEST_STEP][PASSED] - beautytap.ShopAction.VerifyOrderReceivedDetails: Keyword VerifyOrderReceivedDetails is Passed

2018-09-20 10:55:18 - [MESSAGE][PASSED] - Object '' is present

2018-09-20 10:55:18 - [MESSAGE][PASSED] - Text of object '' is: '$24.75'

2018-09-20 10:55:18 - [MESSAGE][PASSED] - Text of object '' is: '$25.00 via ($25) - EMS Express shipping (est. 10-14 working days delivery including processing)'

2018-09-20 10:55:18 - [MESSAGE][PASSED] - Object '' is present

2018-09-20 10:55:18 - [MESSAGE][PASSED] - Text of object '' is: '$25.00'

2018-09-20 10:55:18 - [MESSAGE][PASSED] - Text of object '' is: 'Amazon Pay'

2018-09-20 10:55:18 - [MESSAGE][PASSED] - Text of object '' is: '$49.75'

2018-09-20 10:55:18 - [MESSAGE][PASSED] - Keyword VerifyOrderReceivedDetails is Passed

2018-09-20 10:55:18 - [TEST_STEP][PASSED] - closeBrowser: Browser is closed

2018-09-20 10:55:19 - [MESSAGE][PASSED] - Browser is closed]]></system-out>
         <system-err><![CDATA[]]></system-err>
      </testcase>
      <system-out><![CDATA[2018-09-20 10:34:40 - [TEST_SUITE][PASSED] - TS1: Test Cases/Shop/TC06_Browse_VariationProduct_Sale_AmazonPayAtCart_LessThan60_EMS]]></system-out>
      <system-err><![CDATA[]]></system-err>
   </testsuite>
</testsuites>
