<?xml version="1.0" encoding="UTF-8"?>
<testsuites name="Demo" time="212" tests="1" failures="0" errors="0">
   <testsuite name="Demo" tests="1" failures="0" errors="0" time="212" timestamp="2018-10-02 14:39:45" hostname="Trang Nguyen - DESKTOP-G1UHP65" id="Test Suites/Demo">
      <properties>
         <property name="deviceName" value=""/>
         <property name="devicePlatform" value=""/>
         <property name="logFolder" value="E:\\BeautytapAutomation\\beautytapAuto\\Beautytap\\Reports\\Demo\\20181002_143940"/>
         <property name="logFiles" value="E:\\BeautytapAutomation\\beautytapAuto\\Beautytap\\Reports\\Demo\\20181002_143940\\execution0.log"/>
         <property name="attachments" value=""/>
         <property name="hostName" value="Trang Nguyen - DESKTOP-G1UHP65"/>
         <property name="os" value="Windows 10 64bit"/>
         <property name="katalonVersion" value="5.5.0.1"/>
         <property name="browser" value="Chrome 69.0.3497.100"/>
         <property name="hostAddress" value="10.0.0.146"/>
         <property name="sessionId" value="537415834901163ca347445b3348060e"/>
         <property name="seleniumVersion" value="3.7.1"/>
         <property name="proxyInformation" value="ProxyInformation{proxyOption=NO_PROXY, proxyServerType=HTTP, password=, proxyServerAddress=, proxyServerPort=0}"/>
         <property name="platform" value="Windows 10"/>
      </properties>
      <testcase name="Test Cases/SignUp_Login_ResetPass/TC01_SignUp_Login_ResetPassword_Via_Email" classname="Test Cases/SignUp_Login_ResetPass/TC01_SignUp_Login_ResetPassword_Via_Email" status="PASSED">
         <system-out><![CDATA[2018-10-02 14:39:45 - [TEST_CASE][PASSED] - Test Cases/SignUp_Login_ResetPass/TC01_SignUp_Login_ResetPassword_Via_Email: Test Cases/SignUp_Login_ResetPass/TC01_SignUp_Login_ResetPassword_Via_Email

2018-10-02 14:39:47 - [TEST_STEP][PASSED] - Statement - r_string = new java.lang.Math().random().toString().substring(2, 8): null

2018-10-02 14:39:47 - [TEST_STEP][PASSED] - Statement - username = "auto" + r_string: null

2018-10-02 14:39:47 - [TEST_STEP][PASSED] - Statement - email = username + "@mailinator.com": null

2018-10-02 14:39:47 - [TEST_STEP][PASSED] - Statement - password = "123456": null

2018-10-02 14:39:47 - [TEST_STEP][PASSED] - Statement - newpassword = "test123": null

2018-10-02 14:39:47 - [TEST_STEP][PASSED] - Statement - name = "Auto User " + r_string: null

2018-10-02 14:39:47 - [TEST_STEP][PASSED] - Statement - birthday = "01/01/1990": null

2018-10-02 14:39:47 - [TEST_STEP][PASSED] - Statement - activation_subject = SITE_TITLE + " Activate your account": null

2018-10-02 14:39:47 - [TEST_STEP][PASSED] - Statement - resetpass_subject = SITE_TITLE + " Password Reset": null

2018-10-02 14:39:47 - [TEST_STEP][PASSED] - beautytap.GeneralAction.openBeautytap: beautytap.GeneralAction.openBeautytap is PASSED

2018-10-02 14:40:17 - [MESSAGE][PASSED] - Browser is opened with url: 'https://stage.beautytap.com'

2018-10-02 14:40:18 - [MESSAGE][PASSED] - Current window maximized

2018-10-02 14:40:26 - [MESSAGE][PASSED] - Refresh successfully

2018-10-02 14:40:26 - [MESSAGE][PASSED] - Wait for page load successfully

2018-10-02 14:40:26 - [MESSAGE][PASSED] - beautytap.GeneralAction.openBeautytap is PASSED

2018-10-02 14:40:26 - [TEST_STEP][PASSED] - beautytap.GeneralAction.clickNavigationMenu: beautytap.GeneralAction.clickNavigationMenu is PASSED

2018-10-02 14:40:30 - [MESSAGE][PASSED] - Object: 'Object Repository/Page_General/link_signup' is clicked on

2018-10-02 14:40:30 - [MESSAGE][PASSED] - Wait for page load successfully

2018-10-02 14:40:30 - [MESSAGE][PASSED] - beautytap.GeneralAction.clickNavigationMenu is PASSED

2018-10-02 14:40:30 - [TEST_STEP][PASSED] - beautytap.GeneralAction.signup: beautytap.GeneralAction.signup is PASSED

2018-10-02 14:40:31 - [MESSAGE][PASSED] - Keys 'auto721460' sent to object: 'Object Repository/Page_Signup/txt_username'

2018-10-02 14:40:31 - [MESSAGE][PASSED] - Keys 'auto721460@mailinator.com' sent to object: 'Object Repository/Page_Signup/txt_email'

2018-10-02 14:40:32 - [MESSAGE][PASSED] - Keys '123456' sent to object: 'Object Repository/Page_Signup/txt_password'

2018-10-02 14:40:32 - [MESSAGE][PASSED] - Keys 'Auto User 721460' sent to object: 'Object Repository/Page_Signup/txt_name'

2018-10-02 14:40:33 - [MESSAGE][PASSED] - Keys '01/01/1990' sent to object: 'Object Repository/Page_Signup/txt_birthday'

2018-10-02 14:40:33 - [MESSAGE][PASSED] - Object: 'Object Repository/Page_Signup/btn_signup' is clicked on

2018-10-02 14:40:33 - [MESSAGE][PASSED] - Wait for page load successfully

2018-10-02 14:40:33 - [MESSAGE][PASSED] - beautytap.GeneralAction.signup is PASSED

2018-10-02 14:40:33 - [TEST_STEP][PASSED] - verifyElementPresent: Object 'Object Repository/Page_Signup/lbl_sucessMessage' is present

2018-10-02 14:40:39 - [MESSAGE][PASSED] - Object 'Object Repository/Page_Signup/lbl_sucessMessage' is present

2018-10-02 14:40:39 - [TEST_STEP][PASSED] - beautytap.GeneralAction.openMailBox: beautytap.GeneralAction.openMailBox is PASSED

2018-10-02 14:40:41 - [MESSAGE][PASSED] - Navigate to 'https://www.mailinator.com' successfully

2018-10-02 14:40:41 - [MESSAGE][PASSED] - Wait for page load successfully

2018-10-02 14:40:42 - [MESSAGE][PASSED] - Keys 'auto721460' sent to object: 'Object Repository/Page_mailinator/txt_email'

2018-10-02 14:40:50 - [MESSAGE][PASSED] - Object: 'Object Repository/Page_mailinator/btn_go' is clicked on

2018-10-02 14:40:51 - [MESSAGE][PASSED] - Wait for page load successfully

2018-10-02 14:40:56 - [MESSAGE][PASSED] - Delayed 5 second(s)

2018-10-02 14:40:56 - [MESSAGE][PASSED] - beautytap.GeneralAction.openMailBox is PASSED

2018-10-02 14:40:56 - [TEST_STEP][PASSED] - beautytap.GeneralAction.verifyEmailExist: beautytap.GeneralAction.verifyEmailExist is PASSED

2018-10-02 14:40:56 - [MESSAGE][PASSED] - Object '' is present

2018-10-02 14:40:56 - [MESSAGE][PASSED] - beautytap.GeneralAction.verifyEmailExist is PASSED

2018-10-02 14:40:56 - [TEST_STEP][PASSED] - beautytap.GeneralAction.openEmail: beautytap.GeneralAction.openEmail is PASSED

2018-10-02 14:40:56 - [MESSAGE][PASSED] - Object: '' is clicked on

2018-10-02 14:40:56 - [MESSAGE][PASSED] - beautytap.GeneralAction.openEmail is PASSED

2018-10-02 14:40:56 - [TEST_STEP][PASSED] - beautytap.GeneralAction.clickEmailLink: beautytap.GeneralAction.clickEmailLink is PASSED

2018-10-02 14:40:57 - [MESSAGE][PASSED] - Text of object '' is: 'https://stage.beautytap.com/activate/Ln59WYrJJbcCxsnvCGGfsVDyg7R0kzFW/'

2018-10-02 14:41:10 - [MESSAGE][PASSED] - Navigate to 'https://stage.beautytap.com/activate/Ln59WYrJJbcCxsnvCGGfsVDyg7R0kzFW/' successfully

2018-10-02 14:41:10 - [MESSAGE][PASSED] - beautytap.GeneralAction.clickEmailLink is PASSED

2018-10-02 14:41:10 - [TEST_STEP][PASSED] - waitForPageLoad: Wait for page load successfully

2018-10-02 14:41:11 - [MESSAGE][PASSED] - Wait for page load successfully

2018-10-02 14:41:11 - [TEST_STEP][PASSED] - verifyElementPresent: Object 'Object Repository/Page_General/lbl_activeSuccessMessage' is present

2018-10-02 14:41:11 - [MESSAGE][PASSED] - Object 'Object Repository/Page_General/lbl_activeSuccessMessage' is present

2018-10-02 14:41:11 - [TEST_STEP][PASSED] - beautytap.GeneralAction.clickNavigationMenu: beautytap.GeneralAction.clickNavigationMenu is PASSED

2018-10-02 14:41:13 - [MESSAGE][PASSED] - Object: 'Object Repository/Page_General/link_login' is clicked on

2018-10-02 14:41:13 - [MESSAGE][PASSED] - Wait for page load successfully

2018-10-02 14:41:13 - [MESSAGE][PASSED] - beautytap.GeneralAction.clickNavigationMenu is PASSED

2018-10-02 14:41:13 - [TEST_STEP][PASSED] - beautytap.GeneralAction.login: beautytap.GeneralAction.login is PASSED

2018-10-02 14:41:13 - [MESSAGE][PASSED] - Text of object 'Object Repository/Page_login/txt_username' is cleared

2018-10-02 14:41:13 - [MESSAGE][PASSED] - Keys 'auto721460' sent to object: 'Object Repository/Page_login/txt_username'

2018-10-02 14:41:14 - [MESSAGE][PASSED] - Text of object 'Object Repository/Page_login/txt_password' is cleared

2018-10-02 14:41:14 - [MESSAGE][PASSED] - Keys '123456' sent to object: 'Object Repository/Page_login/txt_password'

2018-10-02 14:41:14 - [MESSAGE][PASSED] - Object: 'Object Repository/Page_login/btn_login' is clicked on

2018-10-02 14:41:14 - [MESSAGE][PASSED] - Wait for page load successfully

2018-10-02 14:41:14 - [MESSAGE][PASSED] - beautytap.GeneralAction.login is PASSED

2018-10-02 14:41:14 - [TEST_STEP][PASSED] - verifyElementPresent: Object 'Object Repository/Page_General/link_avatar' is present

2018-10-02 14:41:23 - [MESSAGE][PASSED] - Object 'Object Repository/Page_General/link_avatar' is present

2018-10-02 14:41:23 - [TEST_STEP][PASSED] - beautytap.GeneralAction.logout: beautytap.GeneralAction.logout is PASSED

2018-10-02 14:41:23 - [MESSAGE][PASSED] - Object: 'Object Repository/Page_General/link_avatar' is clicked on

2018-10-02 14:41:24 - [MESSAGE][PASSED] - Object 'Object Repository/Page_General/menu_logout' is present

2018-10-02 14:41:25 - [MESSAGE][PASSED] - Object: 'Object Repository/Page_General/menu_logout' is clicked on

2018-10-02 14:41:25 - [MESSAGE][PASSED] - Wait for page load successfully

2018-10-02 14:41:25 - [MESSAGE][PASSED] - beautytap.GeneralAction.logout is PASSED

2018-10-02 14:41:25 - [TEST_STEP][PASSED] - beautytap.GeneralAction.clickNavigationMenu: beautytap.GeneralAction.clickNavigationMenu is PASSED

2018-10-02 14:41:31 - [MESSAGE][PASSED] - Object: 'Object Repository/Page_General/link_login' is clicked on

2018-10-02 14:41:31 - [MESSAGE][PASSED] - Wait for page load successfully

2018-10-02 14:41:31 - [MESSAGE][PASSED] - beautytap.GeneralAction.clickNavigationMenu is PASSED

2018-10-02 14:41:31 - [TEST_STEP][PASSED] - beautytap.GeneralAction.login: beautytap.GeneralAction.login is PASSED

2018-10-02 14:41:32 - [MESSAGE][PASSED] - Text of object 'Object Repository/Page_login/txt_username' is cleared

2018-10-02 14:41:32 - [MESSAGE][PASSED] - Keys 'auto721460@mailinator.com' sent to object: 'Object Repository/Page_login/txt_username'

2018-10-02 14:41:33 - [MESSAGE][PASSED] - Text of object 'Object Repository/Page_login/txt_password' is cleared

2018-10-02 14:41:33 - [MESSAGE][PASSED] - Keys '123456' sent to object: 'Object Repository/Page_login/txt_password'

2018-10-02 14:41:33 - [MESSAGE][PASSED] - Object: 'Object Repository/Page_login/btn_login' is clicked on

2018-10-02 14:41:33 - [MESSAGE][PASSED] - Wait for page load successfully

2018-10-02 14:41:33 - [MESSAGE][PASSED] - beautytap.GeneralAction.login is PASSED

2018-10-02 14:41:33 - [TEST_STEP][PASSED] - verifyElementPresent: Object 'Object Repository/Page_General/link_avatar' is present

2018-10-02 14:41:42 - [MESSAGE][PASSED] - Object 'Object Repository/Page_General/link_avatar' is present

2018-10-02 14:41:42 - [TEST_STEP][PASSED] - beautytap.GeneralAction.logout: beautytap.GeneralAction.logout is PASSED

2018-10-02 14:41:42 - [MESSAGE][PASSED] - Object: 'Object Repository/Page_General/link_avatar' is clicked on

2018-10-02 14:41:43 - [MESSAGE][PASSED] - Object 'Object Repository/Page_General/menu_logout' is present

2018-10-02 14:41:43 - [MESSAGE][PASSED] - Object: 'Object Repository/Page_General/menu_logout' is clicked on

2018-10-02 14:41:43 - [MESSAGE][PASSED] - Wait for page load successfully

2018-10-02 14:41:43 - [MESSAGE][PASSED] - beautytap.GeneralAction.logout is PASSED

2018-10-02 14:41:43 - [TEST_STEP][PASSED] - beautytap.GeneralAction.clickNavigationMenu: beautytap.GeneralAction.clickNavigationMenu is PASSED

2018-10-02 14:41:50 - [MESSAGE][PASSED] - Object: 'Object Repository/Page_General/link_login' is clicked on

2018-10-02 14:41:50 - [MESSAGE][PASSED] - Wait for page load successfully

2018-10-02 14:41:50 - [MESSAGE][PASSED] - beautytap.GeneralAction.clickNavigationMenu is PASSED

2018-10-02 14:41:50 - [TEST_STEP][PASSED] - click: Object: 'Object Repository/Page_Login/link_forgotPassword' is clicked on

2018-10-02 14:41:52 - [MESSAGE][PASSED] - Object: 'Object Repository/Page_Login/link_forgotPassword' is clicked on

2018-10-02 14:41:52 - [TEST_STEP][PASSED] - sendKeys: Keys 'auto721460' sent to object: 'Object Repository/Page_ForgotPassword/txt_usernameOrEmail'

2018-10-02 14:41:53 - [MESSAGE][PASSED] - Keys 'auto721460' sent to object: 'Object Repository/Page_ForgotPassword/txt_usernameOrEmail'

2018-10-02 14:41:53 - [TEST_STEP][PASSED] - click: Object: 'Object Repository/Page_ForgotPassword/btn_forgotPassword' is clicked on

2018-10-02 14:41:53 - [MESSAGE][PASSED] - Object: 'Object Repository/Page_ForgotPassword/btn_forgotPassword' is clicked on

2018-10-02 14:41:53 - [TEST_STEP][PASSED] - verifyElementPresent: Object 'Object Repository/Page_ForgotPassword/lbl_sucessMessage' is present

2018-10-02 14:41:57 - [MESSAGE][PASSED] - Object 'Object Repository/Page_ForgotPassword/lbl_sucessMessage' is present

2018-10-02 14:41:57 - [TEST_STEP][PASSED] - beautytap.GeneralAction.openMailBox: beautytap.GeneralAction.openMailBox is PASSED

2018-10-02 14:41:58 - [MESSAGE][PASSED] - Navigate to 'https://www.mailinator.com' successfully

2018-10-02 14:41:58 - [MESSAGE][PASSED] - Wait for page load successfully

2018-10-02 14:41:58 - [MESSAGE][PASSED] - Keys 'auto721460' sent to object: 'Object Repository/Page_mailinator/txt_email'

2018-10-02 14:42:05 - [MESSAGE][PASSED] - Object: 'Object Repository/Page_mailinator/btn_go' is clicked on

2018-10-02 14:42:05 - [MESSAGE][PASSED] - Wait for page load successfully

2018-10-02 14:42:10 - [MESSAGE][PASSED] - Delayed 5 second(s)

2018-10-02 14:42:10 - [MESSAGE][PASSED] - beautytap.GeneralAction.openMailBox is PASSED

2018-10-02 14:42:10 - [TEST_STEP][PASSED] - beautytap.GeneralAction.verifyEmailExist: beautytap.GeneralAction.verifyEmailExist is PASSED

2018-10-02 14:42:10 - [MESSAGE][PASSED] - Object '' is present

2018-10-02 14:42:10 - [MESSAGE][PASSED] - beautytap.GeneralAction.verifyEmailExist is PASSED

2018-10-02 14:42:10 - [TEST_STEP][PASSED] - beautytap.GeneralAction.openEmail: beautytap.GeneralAction.openEmail is PASSED

2018-10-02 14:42:10 - [MESSAGE][PASSED] - Object: '' is clicked on

2018-10-02 14:42:10 - [MESSAGE][PASSED] - beautytap.GeneralAction.openEmail is PASSED

2018-10-02 14:42:10 - [TEST_STEP][PASSED] - beautytap.GeneralAction.clickEmailLink: beautytap.GeneralAction.clickEmailLink is PASSED

2018-10-02 14:42:11 - [MESSAGE][PASSED] - Text of object '' is: 'https://stage.beautytap.com/wp-login.php?action=rp&key=tf2mbX0egjU4pZG7Qx2s&login=auto721460'

2018-10-02 14:42:16 - [MESSAGE][PASSED] - Navigate to 'https://stage.beautytap.com/wp-login.php?action=rp&key=tf2mbX0egjU4pZG7Qx2s&login=auto721460' successfully

2018-10-02 14:42:16 - [MESSAGE][PASSED] - beautytap.GeneralAction.clickEmailLink is PASSED

2018-10-02 14:42:16 - [TEST_STEP][PASSED] - delay: Delayed 20 second(s)

2018-10-02 14:42:36 - [MESSAGE][PASSED] - Delayed 20 second(s)

2018-10-02 14:42:36 - [TEST_STEP][PASSED] - clearText: Text of object 'Object Repository/Page_ForgotPassword/txt_newPassword' is cleared

2018-10-02 14:42:36 - [MESSAGE][PASSED] - Text of object 'Object Repository/Page_ForgotPassword/txt_newPassword' is cleared

2018-10-02 14:42:36 - [TEST_STEP][PASSED] - sendKeys: Keys 'test123' sent to object: 'Object Repository/Page_ForgotPassword/txt_newPassword'

2018-10-02 14:42:36 - [MESSAGE][PASSED] - Keys 'test123' sent to object: 'Object Repository/Page_ForgotPassword/txt_newPassword'

2018-10-02 14:42:36 - [TEST_STEP][PASSED] - click: Object: 'Object Repository/Page_ForgotPassword/btn_resetPassword' is clicked on

2018-10-02 14:42:42 - [MESSAGE][PASSED] - Object: 'Object Repository/Page_ForgotPassword/btn_resetPassword' is clicked on

2018-10-02 14:42:42 - [TEST_STEP][PASSED] - verifyElementPresent: Object 'Object Repository/Page_ForgotPassword/lbl_resetPasswordMessage' is present

2018-10-02 14:42:42 - [MESSAGE][PASSED] - Object 'Object Repository/Page_ForgotPassword/lbl_resetPasswordMessage' is present

2018-10-02 14:42:42 - [TEST_STEP][PASSED] - beautytap.GeneralAction.clickNavigationMenu: beautytap.GeneralAction.clickNavigationMenu is PASSED

2018-10-02 14:42:44 - [MESSAGE][PASSED] - Object: 'Object Repository/Page_General/link_login' is clicked on

2018-10-02 14:42:44 - [MESSAGE][PASSED] - Wait for page load successfully

2018-10-02 14:42:44 - [MESSAGE][PASSED] - beautytap.GeneralAction.clickNavigationMenu is PASSED

2018-10-02 14:42:44 - [TEST_STEP][PASSED] - beautytap.GeneralAction.login: beautytap.GeneralAction.login is PASSED

2018-10-02 14:42:44 - [MESSAGE][PASSED] - Text of object 'Object Repository/Page_login/txt_username' is cleared

2018-10-02 14:42:45 - [MESSAGE][PASSED] - Keys 'auto721460' sent to object: 'Object Repository/Page_login/txt_username'

2018-10-02 14:42:45 - [MESSAGE][PASSED] - Text of object 'Object Repository/Page_login/txt_password' is cleared

2018-10-02 14:42:45 - [MESSAGE][PASSED] - Keys '123456' sent to object: 'Object Repository/Page_login/txt_password'

2018-10-02 14:42:45 - [MESSAGE][PASSED] - Object: 'Object Repository/Page_login/btn_login' is clicked on

2018-10-02 14:42:45 - [MESSAGE][PASSED] - Wait for page load successfully

2018-10-02 14:42:45 - [MESSAGE][PASSED] - beautytap.GeneralAction.login is PASSED

2018-10-02 14:42:45 - [TEST_STEP][PASSED] - verifyElementText: Actual text and expected text of test object 'Object Repository/Page_Login/lbl_errorMessage' are matched.

2018-10-02 14:42:46 - [MESSAGE][PASSED] - Actual text and expected text of test object 'Object Repository/Page_Login/lbl_errorMessage' are matched.

2018-10-02 14:42:46 - [TEST_STEP][PASSED] - beautytap.GeneralAction.login: beautytap.GeneralAction.login is PASSED

2018-10-02 14:42:46 - [MESSAGE][PASSED] - Text of object 'Object Repository/Page_login/txt_username' is cleared

2018-10-02 14:42:46 - [MESSAGE][PASSED] - Keys 'auto721460' sent to object: 'Object Repository/Page_login/txt_username'

2018-10-02 14:42:46 - [MESSAGE][PASSED] - Text of object 'Object Repository/Page_login/txt_password' is cleared

2018-10-02 14:42:46 - [MESSAGE][PASSED] - Keys 'test123' sent to object: 'Object Repository/Page_login/txt_password'

2018-10-02 14:42:46 - [MESSAGE][PASSED] - Object: 'Object Repository/Page_login/btn_login' is clicked on

2018-10-02 14:42:46 - [MESSAGE][PASSED] - Wait for page load successfully

2018-10-02 14:42:46 - [MESSAGE][PASSED] - beautytap.GeneralAction.login is PASSED

2018-10-02 14:42:46 - [TEST_STEP][PASSED] - verifyElementPresent: Object 'Object Repository/Page_General/link_avatar' is present

2018-10-02 14:42:55 - [MESSAGE][PASSED] - Object 'Object Repository/Page_General/link_avatar' is present

2018-10-02 14:42:55 - [TEST_STEP][PASSED] - beautytap.GeneralAction.logout: beautytap.GeneralAction.logout is PASSED

2018-10-02 14:42:55 - [MESSAGE][PASSED] - Object: 'Object Repository/Page_General/link_avatar' is clicked on

2018-10-02 14:42:55 - [MESSAGE][PASSED] - Object 'Object Repository/Page_General/menu_logout' is present

2018-10-02 14:42:56 - [MESSAGE][PASSED] - Object: 'Object Repository/Page_General/menu_logout' is clicked on

2018-10-02 14:42:56 - [MESSAGE][PASSED] - Wait for page load successfully

2018-10-02 14:42:56 - [MESSAGE][PASSED] - beautytap.GeneralAction.logout is PASSED

2018-10-02 14:42:56 - [TEST_STEP][PASSED] - beautytap.GeneralAction.clickNavigationMenu: beautytap.GeneralAction.clickNavigationMenu is PASSED

2018-10-02 14:43:03 - [MESSAGE][PASSED] - Object: 'Object Repository/Page_General/link_login' is clicked on

2018-10-02 14:43:03 - [MESSAGE][PASSED] - Wait for page load successfully

2018-10-02 14:43:03 - [MESSAGE][PASSED] - beautytap.GeneralAction.clickNavigationMenu is PASSED

2018-10-02 14:43:03 - [TEST_STEP][PASSED] - beautytap.GeneralAction.login: beautytap.GeneralAction.login is PASSED

2018-10-02 14:43:03 - [MESSAGE][PASSED] - Text of object 'Object Repository/Page_login/txt_username' is cleared

2018-10-02 14:43:04 - [MESSAGE][PASSED] - Keys 'auto721460@mailinator.com' sent to object: 'Object Repository/Page_login/txt_username'

2018-10-02 14:43:04 - [MESSAGE][PASSED] - Text of object 'Object Repository/Page_login/txt_password' is cleared

2018-10-02 14:43:04 - [MESSAGE][PASSED] - Keys 'test123' sent to object: 'Object Repository/Page_login/txt_password'

2018-10-02 14:43:04 - [MESSAGE][PASSED] - Object: 'Object Repository/Page_login/btn_login' is clicked on

2018-10-02 14:43:04 - [MESSAGE][PASSED] - Wait for page load successfully

2018-10-02 14:43:04 - [MESSAGE][PASSED] - beautytap.GeneralAction.login is PASSED

2018-10-02 14:43:04 - [TEST_STEP][PASSED] - verifyElementPresent: Object 'Object Repository/Page_General/link_avatar' is present

2018-10-02 14:43:12 - [MESSAGE][PASSED] - Object 'Object Repository/Page_General/link_avatar' is present

2018-10-02 14:43:12 - [TEST_STEP][PASSED] - beautytap.GeneralAction.logout: beautytap.GeneralAction.logout is PASSED

2018-10-02 14:43:13 - [MESSAGE][PASSED] - Object: 'Object Repository/Page_General/link_avatar' is clicked on

2018-10-02 14:43:13 - [MESSAGE][PASSED] - Object 'Object Repository/Page_General/menu_logout' is present

2018-10-02 14:43:14 - [MESSAGE][PASSED] - Object: 'Object Repository/Page_General/menu_logout' is clicked on

2018-10-02 14:43:14 - [MESSAGE][PASSED] - Wait for page load successfully

2018-10-02 14:43:15 - [MESSAGE][PASSED] - Browser is closed

2018-10-02 14:43:15 - [MESSAGE][PASSED] - beautytap.GeneralAction.logout is PASSED]]></system-out>
         <system-err><![CDATA[]]></system-err>
      </testcase>
      <system-out><![CDATA[2018-10-02 14:39:45 - [TEST_SUITE][PASSED] - Demo: Test Cases/SignUp_Login_ResetPass/TC01_SignUp_Login_ResetPassword_Via_Email]]></system-out>
      <system-err><![CDATA[]]></system-err>
   </testsuite>
</testsuites>
