<?xml version="1.0" encoding="UTF-8"?>
<testsuites name="Shop" time="1155" tests="6" failures="0" errors="0">
   <testsuite name="Shop" tests="6" failures="0" errors="0" time="1155" timestamp="2018-09-14 15:57:14" hostname="Trang Nguyen - DESKTOP-G1UHP65" id="Test Suites/Shop">
      <properties>
         <property name="deviceName" value=""/>
         <property name="devicePlatform" value=""/>
         <property name="logFolder" value="E:\\BeautytapAutomation\\beautytapAuto\\Beautytap\\Reports\\Shop\\20180914_155712"/>
         <property name="logFiles" value="E:\\BeautytapAutomation\\beautytapAuto\\Beautytap\\Reports\\Shop\\20180914_155712\\execution0.log"/>
         <property name="attachments" value="E:\\BeautytapAutomation\\beautytapAuto\\Beautytap\\Reports\\Shop\\20180914_155712\\1536915505295.png, E:\\BeautytapAutomation\\beautytapAuto\\Beautytap\\Reports\\Shop\\20180914_155712\\1536915542334.png, E:\\BeautytapAutomation\\beautytapAuto\\Beautytap\\Reports\\Shop\\20180914_155712\\1536915659823.png, E:\\BeautytapAutomation\\beautytapAuto\\Beautytap\\Reports\\Shop\\20180914_155712\\1536915743572.png, E:\\BeautytapAutomation\\beautytapAuto\\Beautytap\\Reports\\Shop\\20180914_155712\\1536915779138.png, E:\\BeautytapAutomation\\beautytapAuto\\Beautytap\\Reports\\Shop\\20180914_155712\\1536915793292.png, E:\\BeautytapAutomation\\beautytapAuto\\Beautytap\\Reports\\Shop\\20180914_155712\\1536915839354.png, E:\\BeautytapAutomation\\beautytapAuto\\Beautytap\\Reports\\Shop\\20180914_155712\\1536915940256.png, E:\\BeautytapAutomation\\beautytapAuto\\Beautytap\\Reports\\Shop\\20180914_155712\\1536915987800.png, E:\\BeautytapAutomation\\beautytapAuto\\Beautytap\\Reports\\Shop\\20180914_155712\\1536916036927.png, E:\\BeautytapAutomation\\beautytapAuto\\Beautytap\\Reports\\Shop\\20180914_155712\\1536916234546.png, E:\\BeautytapAutomation\\beautytapAuto\\Beautytap\\Reports\\Shop\\20180914_155712\\1536916309766.png, E:\\BeautytapAutomation\\beautytapAuto\\Beautytap\\Reports\\Shop\\20180914_155712\\1536916494370.png"/>
         <property name="hostName" value="Trang Nguyen - DESKTOP-G1UHP65"/>
         <property name="os" value="Windows 10 64bit"/>
         <property name="katalonVersion" value="5.5.0.1"/>
         <property name="browser" value="Chrome 68.0.3440.106"/>
         <property name="hostAddress" value="10.0.0.86"/>
         <property name="sessionId" value="e366c66fa71dbe413cbf8a9ffd6b6e03"/>
         <property name="seleniumVersion" value="3.7.1"/>
         <property name="proxyInformation" value="ProxyInformation{proxyOption=NO_PROXY, proxyServerType=HTTP, password=, proxyServerAddress=, proxyServerPort=0}"/>
         <property name="platform" value="Windows 10"/>
      </properties>
      <testcase name="Test Cases/Shop/TC03_Search_SimpleProduct_Sale_Creditcard_LessThan60_Normal" classname="Test Cases/Shop/TC03_Search_SimpleProduct_Sale_Creditcard_LessThan60_Normal" status="PASSED">
         <system-out><![CDATA[2018-09-14 15:57:15 - [TEST_CASE][PASSED] - Test Cases/Shop/TC03_Search_SimpleProduct_Sale_Creditcard_LessThan60_Normal: Test Cases/Shop/TC03_Search_SimpleProduct_Sale_Creditcard_LessThan60_Normal

2018-09-14 15:57:16 - [TEST_STEP][PASSED] - Statement - productName = SIMPLE_SALE_PRODUCT: null

2018-09-14 15:57:16 - [TEST_STEP][PASSED] - Statement - searchName = productName.substring(0, productName.indexOf("/")): null

2018-09-14 15:57:16 - [TEST_STEP][PASSED] - Statement - saleprice = SIMPLE_SALE_PRICE: null

2018-09-14 15:57:16 - [TEST_STEP][PASSED] - Statement - regularprice = SIMPLE_SALE_REGULAR_PRICE: null

2018-09-14 15:57:16 - [TEST_STEP][PASSED] - Statement - r_string = new java.lang.Math().random().toString().substring(2, 8): null

2018-09-14 15:57:16 - [TEST_STEP][PASSED] - Statement - email = "auto" + r_string + "@mailinator.com": null

2018-09-14 15:57:16 - [TEST_STEP][PASSED] - Statement - orderNote = "auto" + r_string + "Order": null

2018-09-14 15:57:16 - [TEST_STEP][PASSED] - Statement - currentNumberItemInCart = <not implemented yet for class: org.codehaus.groovy.ast.expr.EmptyExpression>: null

2018-09-14 15:57:17 - [TEST_STEP][PASSED] - Statement - quantity = 1: null

2018-09-14 15:57:17 - [TEST_STEP][PASSED] - Statement - subtotal = CustomKeywords.beautytap.ShopAction.calculateTotal(quantity, saleprice): beautytap.ShopAction.calculateTotal is PASSED

2018-09-14 15:57:17 - [MESSAGE][PASSED] - beautytap.ShopAction.calculateTotal is PASSED

2018-09-14 15:57:17 - [TEST_STEP][PASSED] - Statement - total = subtotal + SHIPPING_PRICE: null

2018-09-14 15:57:17 - [TEST_STEP][PASSED] - Statement - total = CustomKeywords.beautytap.ShopAction.calculateTotal(1, total): beautytap.ShopAction.calculateTotal is PASSED

2018-09-14 15:57:17 - [MESSAGE][PASSED] - beautytap.ShopAction.calculateTotal is PASSED

2018-09-14 15:57:17 - [TEST_STEP][PASSED] - Statement - products = new org.json.JSONArray((((((([{"productname":" + productName) + ","variation":"","quantity":") + quantity) + ","price":") + saleprice) + "}])): null

2018-09-14 15:57:17 - [TEST_STEP][PASSED] - Statement - billingInformation = new org.json.JSONObject((({"firstname":"Test","lastname":"Automation","country":"United States (US)","address":"123 Testing","city":"New York","state":"New York","zip":"90012","email":" + email) + "})): null

2018-09-14 15:57:17 - [TEST_STEP][PASSED] - Statement - shippingLabel = SHIPPING_LABEL: null

2018-09-14 15:57:17 - [TEST_STEP][PASSED] - Statement - shippingPrice = SHIPPING_PRICE: null

2018-09-14 15:57:17 - [TEST_STEP][PASSED] - Statement - shippingType = "normal": null

2018-09-14 15:57:17 - [TEST_STEP][PASSED] - Statement - paymentMethod = "Credit Card Payment": null

2018-09-14 15:57:17 - [TEST_STEP][PASSED] - beautytap.GeneralAction.openBeautytap: beautytap.GeneralAction.openBeautytap is PASSED

2018-09-14 15:57:35 - [MESSAGE][PASSED] - Browser is opened with url: 'https://stage.beautytap.com'

2018-09-14 15:57:36 - [MESSAGE][PASSED] - Current window maximized

2018-09-14 15:57:40 - [MESSAGE][PASSED] - Refresh successfully

2018-09-14 15:57:40 - [MESSAGE][PASSED] - Wait for page load successfully

2018-09-14 15:57:40 - [MESSAGE][PASSED] - beautytap.GeneralAction.openBeautytap is PASSED

2018-09-14 15:57:40 - [TEST_STEP][PASSED] - beautytap.ShopAction.globalSearch: beautytap.ShopAction.globalSearch is PASSED

2018-09-14 15:57:40 - [MESSAGE][PASSED] - Object: 'Object Repository/Page_General/icon_search' is clicked on

2018-09-14 15:57:45 - [MESSAGE][PASSED] - Delayed 5 second(s)

2018-09-14 15:57:45 - [MESSAGE][PASSED] - Text of object 'Object Repository/Page_General/txt_search' is cleared

2018-09-14 15:57:46 - [MESSAGE][PASSED] - Keys 'CONTROL + v' sent to object: 'Object Repository/Page_General/txt_search'

2018-09-14 15:57:48 - [MESSAGE][PASSED] - Object 'Object Repository/Page_General/div_searchResult' is present

2018-09-14 15:57:48 - [MESSAGE][PASSED] - beautytap.ShopAction.globalSearch is PASSED

2018-09-14 15:57:48 - [TEST_STEP][PASSED] - beautytap.ShopAction.VerifyProductOnSearchResult: Keyword VerifyProductOnSearchResult is Passed

2018-09-14 15:57:48 - [MESSAGE][PASSED] - Object '' is present

2018-09-14 15:57:48 - [MESSAGE][PASSED] - Text of object '' is: '$12.50'

2018-09-14 15:57:48 - [MESSAGE][PASSED] - Get CSS 'color' value on '' successfully: 'rgba(195, 195, 195, 1)'.

2018-09-14 15:57:48 - [MESSAGE][PASSED] - Get CSS 'color' value on '' successfully: 'rgba(195, 195, 195, 1)'.

2018-09-14 15:57:48 - [MESSAGE][PASSED] - Text of object '' is: '$11.99'

2018-09-14 15:57:48 - [MESSAGE][PASSED] - Get CSS 'color' value on '' successfully: 'rgba(255, 35, 134, 1)'.

2018-09-14 15:57:48 - [MESSAGE][PASSED] - Get CSS 'color' value on '' successfully: 'rgba(255, 35, 134, 1)'.

2018-09-14 15:57:48 - [MESSAGE][PASSED] - Keyword VerifyProductOnSearchResult is Passed

2018-09-14 15:57:48 - [TEST_STEP][PASSED] - beautytap.ShopAction.selectProductOnSearchResult: beautytap.ShopAction.selectProductOnSearchResult is PASSED

2018-09-14 15:57:53 - [MESSAGE][PASSED] - Object: '' is clicked on

2018-09-14 15:57:53 - [MESSAGE][PASSED] - Wait for page load successfully

2018-09-14 15:57:53 - [MESSAGE][PASSED] - beautytap.ShopAction.selectProductOnSearchResult is PASSED

2018-09-14 15:57:53 - [TEST_STEP][PASSED] - beautytap.ShopAction.VerifyProductDetails: Keyword VerifyProductDetails is Passed

2018-09-14 15:57:53 - [MESSAGE][PASSED] - Text of object '' is: 'Innisfree Perfect UV Protection Cream SPF50+/PA+++ (Long-Lasting For Oily Skin) 50ml'

2018-09-14 15:57:53 - [MESSAGE][PASSED] - Text of object '' is: '$12.50'

2018-09-14 15:57:53 - [MESSAGE][PASSED] - Get CSS 'color' value on '' successfully: 'rgba(195, 195, 195, 1)'.

2018-09-14 15:57:54 - [MESSAGE][PASSED] - Text of object '' is: '$11.99'

2018-09-14 15:57:54 - [MESSAGE][PASSED] - Get CSS 'color' value on '' successfully: 'rgba(255, 35, 134, 1)'.

2018-09-14 15:57:54 - [MESSAGE][PASSED] - Keyword VerifyProductDetails is Passed

2018-09-14 15:57:54 - [TEST_STEP][PASSED] - Statement - currentNumberItemInCart = CustomKeywords.beautytap.ShopAction.getNumberItemInCart(): beautytap.ShopAction.getNumberItemInCart is PASSED

2018-09-14 15:58:25 - [MESSAGE][WARNING] - com.kms.katalon.core.webui.exception.WebElementNotFoundException: Web element with id: '' located by 'By.xpath: //div[@class='header-right-top pull-right']/a[@class='shop-cart']/span[@class='number-cart']' not found
[[ATTACHMENT|E:\\BeautytapAutomation\\beautytapAuto\\Beautytap\\Reports\\Shop\\20180914_155712\\1536915505295.png]]

2018-09-14 15:58:25 - [MESSAGE][PASSED] - beautytap.ShopAction.getNumberItemInCart is PASSED

2018-09-14 15:58:25 - [TEST_STEP][PASSED] - beautytap.ShopAction.addProductToCart: beautytap.ShopAction.addProductToCart is PASSED

2018-09-14 15:58:25 - [MESSAGE][PASSED] - Text of object 'Object Repository/Page_Shop/txt_quantity' is cleared

2018-09-14 15:58:26 - [MESSAGE][PASSED] - Keys '1' sent to object: 'Object Repository/Page_Shop/txt_quantity'

2018-09-14 15:58:26 - [MESSAGE][PASSED] - Object: 'Object Repository/Page_Shop/btn_addToCart' is clicked on

2018-09-14 15:58:26 - [MESSAGE][PASSED] - Wait for page load successfully

2018-09-14 15:58:31 - [MESSAGE][PASSED] - Object 'Object Repository/Page_Shop/lbl_message' is present

2018-09-14 15:58:31 - [MESSAGE][PASSED] - beautytap.ShopAction.addProductToCart is PASSED

2018-09-14 15:58:31 - [TEST_STEP][PASSED] - beautytap.ShopAction.VerifyNumberItemInCart: Keyword VerifyNumberItemInCart is Passed, Number item in cart is 1, expected is 1

2018-09-14 15:58:31 - [MESSAGE][PASSED] - Object '' is present

2018-09-14 15:58:31 - [MESSAGE][PASSED] - Text of object '' is: '1'

2018-09-14 15:58:31 - [MESSAGE][PASSED] - Keyword VerifyNumberItemInCart is Passed, Number item in cart is 1, expected is 1

2018-09-14 15:58:31 - [TEST_STEP][PASSED] - beautytap.ShopAction.VerifyProductIsAddedToCart: beautytap.ShopAction.VerifyProductIsAddedToCart is PASSED

2018-09-14 15:59:02 - [MESSAGE][WARNING] - com.kms.katalon.core.webui.exception.WebElementNotFoundException: Web element with id: '' located by 'By.xpath: //div[@class='woocommerce-message' and contains(text(),'Innisfree Perfect UV Protection Cream SPF50+/PA+++ (Long-Lasting For Oily Skin) 50ml” have been added to your cart.')]' not found
[[ATTACHMENT|E:\\BeautytapAutomation\\beautytapAuto\\Beautytap\\Reports\\Shop\\20180914_155712\\1536915542334.png]]

2018-09-14 15:59:02 - [MESSAGE][PASSED] - beautytap.ShopAction.VerifyProductIsAddedToCart is PASSED

2018-09-14 15:59:02 - [TEST_STEP][PASSED] - beautytap.ShopAction.goToCart: beautytap.ShopAction.goToCart is PASSED

2018-09-14 15:59:10 - [MESSAGE][PASSED] - Object: 'Object Repository/Page_General/icon_cart' is clicked on

2018-09-14 15:59:10 - [MESSAGE][PASSED] - Wait for page load successfully

2018-09-14 15:59:10 - [MESSAGE][PASSED] - beautytap.ShopAction.goToCart is PASSED

2018-09-14 15:59:10 - [TEST_STEP][PASSED] - beautytap.ShopAction.VerifyProductInCart: Keyword VerifyProductInCart is Passed

2018-09-14 15:59:10 - [MESSAGE][PASSED] - Object '' is present

2018-09-14 15:59:10 - [MESSAGE][PASSED] - Text of object '' is: '$11.99'

2018-09-14 15:59:10 - [MESSAGE][PASSED] - Attribute 'value' of object '' is: '1'

2018-09-14 15:59:10 - [MESSAGE][PASSED] - Text of object '' is: '$11.99'

2018-09-14 15:59:10 - [MESSAGE][PASSED] - Keyword VerifyProductInCart is Passed

2018-09-14 15:59:10 - [TEST_STEP][PASSED] - beautytap.ShopAction.processToCheckout: beautytap.ShopAction.processToCheckout is PASSED

2018-09-14 15:59:13 - [MESSAGE][PASSED] - Object: 'Object Repository/Page_Cart/btn_checkout' is clicked on

2018-09-14 15:59:13 - [MESSAGE][PASSED] - Wait for page load successfully

2018-09-14 15:59:13 - [MESSAGE][PASSED] - beautytap.ShopAction.processToCheckout is PASSED

2018-09-14 15:59:13 - [TEST_STEP][PASSED] - beautytap.ShopAction.fillCustomerInformation: beautytap.ShopAction.fillCustomerInformation is PASSED

2018-09-14 15:59:13 - [MESSAGE][PASSED] - Text of object 'Object Repository/Page_Checkout/txt_billingFirstName' is cleared

2018-09-14 15:59:13 - [MESSAGE][PASSED] - Keys 'Test' sent to object: 'Object Repository/Page_Checkout/txt_billingFirstName'

2018-09-14 15:59:14 - [MESSAGE][PASSED] - Text of object 'Object Repository/Page_Checkout/txt_billingLastName' is cleared

2018-09-14 15:59:14 - [MESSAGE][PASSED] - Keys 'Automation' sent to object: 'Object Repository/Page_Checkout/txt_billingLastName'

2018-09-14 15:59:14 - [MESSAGE][PASSED] - All options with label 'United States (US)' are selected in object 'Object Repository/Page_Checkout/drop_billingCountry' 

2018-09-14 15:59:19 - [MESSAGE][PASSED] - Delayed 5 second(s)

2018-09-14 15:59:19 - [MESSAGE][PASSED] - Text of object 'Object Repository/Page_Checkout/txt_billingAddress' is cleared

2018-09-14 15:59:20 - [MESSAGE][PASSED] - Keys '123 Testing' sent to object: 'Object Repository/Page_Checkout/txt_billingAddress'

2018-09-14 15:59:20 - [MESSAGE][PASSED] - Text of object 'Object Repository/Page_Checkout/txt_billingCity' is cleared

2018-09-14 15:59:20 - [MESSAGE][PASSED] - Keys 'New York' sent to object: 'Object Repository/Page_Checkout/txt_billingCity'

2018-09-14 15:59:20 - [MESSAGE][PASSED] - All options with label 'New York' are selected in object 'Object Repository/Page_Checkout/drop_billingState' 

2018-09-14 15:59:20 - [MESSAGE][PASSED] - Text of object 'Object Repository/Page_Checkout/txt_billingZip' is cleared

2018-09-14 15:59:21 - [MESSAGE][PASSED] - Keys '90012' sent to object: 'Object Repository/Page_Checkout/txt_billingZip'

2018-09-14 15:59:21 - [MESSAGE][PASSED] - Text of object 'Object Repository/Page_Checkout/txt_billingEmail' is cleared

2018-09-14 15:59:21 - [MESSAGE][PASSED] - Keys 'auto335821@mailinator.com' sent to object: 'Object Repository/Page_Checkout/txt_billingEmail'

2018-09-14 15:59:22 - [MESSAGE][PASSED] - Object 'Object Repository/Page_Checkout/chk_shipToDifferentAddress' is un-checked

2018-09-14 15:59:22 - [MESSAGE][PASSED] - Text of object 'Object Repository/Page_Checkout/txt_orderNote' is cleared

2018-09-14 15:59:22 - [MESSAGE][PASSED] - Keys 'auto335821Order' sent to object: 'Object Repository/Page_Checkout/txt_orderNote'

2018-09-14 15:59:22 - [MESSAGE][PASSED] - Object 'Object Repository/Page_Checkout/radio_creditCard' is checked

2018-09-14 15:59:27 - [MESSAGE][PASSED] - Delayed 5 second(s)

2018-09-14 15:59:27 - [MESSAGE][PASSED] - beautytap.ShopAction.fillCustomerInformation is PASSED

2018-09-14 15:59:27 - [TEST_STEP][PASSED] - beautytap.ShopAction.VerifyOrderDetailsOnCheckout: Keyword VerifyOrderDetailsOnCheckout is Passed

2018-09-14 15:59:27 - [MESSAGE][PASSED] - Object '' is present

2018-09-14 15:59:27 - [MESSAGE][PASSED] - Text of object '' is: '$11.99'

2018-09-14 15:59:27 - [MESSAGE][PASSED] - Object '' has attribute 'checked'

2018-09-14 15:59:27 - [MESSAGE][PASSED] - Text of object '' is: '($12.50) Pantos (est. 14-25 working days including processing): $12.50'

2018-09-14 15:59:27 - [MESSAGE][PASSED] - Text of object '' is: '$12.50'

2018-09-14 15:59:27 - [MESSAGE][PASSED] - Text of object '' is: '$24.49'

2018-09-14 15:59:27 - [MESSAGE][PASSED] - Keyword VerifyOrderDetailsOnCheckout is Passed

2018-09-14 15:59:27 - [TEST_STEP][PASSED] - beautytap.ShopAction.checkoutViaCreditCard: beautytap.ShopAction.checkoutViaCreditCard is PASSED

2018-09-14 15:59:28 - [MESSAGE][PASSED] - Object 'Object Repository/Page_Checkout/radio_creditCard' is checked

2018-09-14 15:59:38 - [MESSAGE][PASSED] - Delayed 10 second(s)

2018-09-14 15:59:38 - [MESSAGE][PASSED] - Text of object 'Object Repository/Page_Checkout/txt_cardNumber' is cleared

2018-09-14 15:59:38 - [MESSAGE][PASSED] - Keys '4032036248443549' sent to object: 'Object Repository/Page_Checkout/txt_cardNumber'

2018-09-14 15:59:38 - [MESSAGE][PASSED] - All options with label 'Visa' are selected in object 'Object Repository/Page_Checkout/drop_cardType' 

2018-09-14 15:59:38 - [MESSAGE][PASSED] - All options with label '07' are selected in object 'Object Repository/Page_Checkout/drop_expirationMonth' 

2018-09-14 15:59:38 - [MESSAGE][PASSED] - All options with label '2023' are selected in object 'Object Repository/Page_Checkout/drop_expirationYear' 

2018-09-14 15:59:39 - [MESSAGE][PASSED] - Text of object 'Object Repository/Page_Checkout/txt_cardCVV' is cleared

2018-09-14 15:59:39 - [MESSAGE][PASSED] - Keys '123' sent to object: 'Object Repository/Page_Checkout/txt_cardCVV'

2018-09-14 15:59:39 - [MESSAGE][PASSED] - Object 'Object Repository/Page_Checkout/chk_terms' is checked

2018-09-14 15:59:39 - [MESSAGE][PASSED] - Object: 'Object Repository/Page_Checkout/btn_placeOrder' is clicked on

2018-09-14 15:59:53 - [MESSAGE][PASSED] - Object 'Object Repository/Page_Checkout/lbl_orderReceived' is present

2018-09-14 15:59:53 - [MESSAGE][PASSED] - beautytap.ShopAction.checkoutViaCreditCard is PASSED

2018-09-14 15:59:53 - [TEST_STEP][PASSED] - beautytap.ShopAction.VerifyOrderReceivedDetails: Keyword VerifyOrderReceivedDetails is Passed

2018-09-14 15:59:53 - [MESSAGE][PASSED] - Object '' is present

2018-09-14 15:59:53 - [MESSAGE][PASSED] - Text of object '' is: '$11.99'

2018-09-14 15:59:53 - [MESSAGE][PASSED] - Text of object '' is: '$12.50 via ($12.50) Pantos (est. 14-25 working days including processing)'

2018-09-14 15:59:54 - [MESSAGE][PASSED] - Object '' is present

2018-09-14 15:59:54 - [MESSAGE][PASSED] - Text of object '' is: '$12.50'

2018-09-14 15:59:54 - [MESSAGE][PASSED] - Text of object '' is: 'Credit Card Payment'

2018-09-14 15:59:54 - [MESSAGE][PASSED] - Text of object '' is: '$24.49'

2018-09-14 15:59:54 - [MESSAGE][PASSED] - Keyword VerifyOrderReceivedDetails is Passed

2018-09-14 15:59:54 - [TEST_STEP][PASSED] - closeBrowser: Browser is closed

2018-09-14 15:59:55 - [MESSAGE][PASSED] - Browser is closed]]></system-out>
         <system-err><![CDATA[]]></system-err>
      </testcase>
      <testcase name="Test Cases/Shop/TC04_Search_VariationProduct_NotSale_AmazonPay_GreaterThan200" classname="Test Cases/Shop/TC04_Search_VariationProduct_NotSale_AmazonPay_GreaterThan200" status="PASSED">
         <system-out><![CDATA[2018-09-14 15:59:57 - [TEST_CASE][PASSED] - Test Cases/Shop/TC04_Search_VariationProduct_NotSale_AmazonPay_GreaterThan200: Test Cases/Shop/TC04_Search_VariationProduct_NotSale_AmazonPay_GreaterThan200

2018-09-14 15:59:57 - [TEST_STEP][PASSED] - Statement - productName = VARIATION_PRODUCT: null

2018-09-14 15:59:57 - [TEST_STEP][PASSED] - Statement - price = VARIATION_PRICE1: null

2018-09-14 15:59:57 - [TEST_STEP][PASSED] - Statement - variation = VARIATION_NAME1: null

2018-09-14 15:59:57 - [TEST_STEP][PASSED] - Statement - r_string = new java.lang.Math().random().toString().substring(2, 8): null

2018-09-14 15:59:57 - [TEST_STEP][PASSED] - Statement - email = "auto" + r_string + "@mailinator.com": null

2018-09-14 15:59:57 - [TEST_STEP][PASSED] - Statement - orderNote = "auto" + r_string + "Order": null

2018-09-14 15:59:57 - [TEST_STEP][PASSED] - Statement - currentNumberItemInCart = <not implemented yet for class: org.codehaus.groovy.ast.expr.EmptyExpression>: null

2018-09-14 15:59:57 - [TEST_STEP][PASSED] - Statement - quantity = 8: null

2018-09-14 15:59:57 - [TEST_STEP][PASSED] - Statement - subtotal = CustomKeywords.beautytap.ShopAction.calculateTotal(quantity, price): beautytap.ShopAction.calculateTotal is PASSED

2018-09-14 15:59:57 - [MESSAGE][PASSED] - beautytap.ShopAction.calculateTotal is PASSED

2018-09-14 15:59:57 - [TEST_STEP][PASSED] - Statement - total = subtotal: null

2018-09-14 15:59:57 - [TEST_STEP][PASSED] - Statement - total = CustomKeywords.beautytap.ShopAction.calculateTotal(1, total): beautytap.ShopAction.calculateTotal is PASSED

2018-09-14 15:59:57 - [MESSAGE][PASSED] - beautytap.ShopAction.calculateTotal is PASSED

2018-09-14 15:59:57 - [TEST_STEP][PASSED] - Statement - products = new org.json.JSONArray((((((((([{"productname":" + productName) + ","variation":") + variation) + ","quantity":") + quantity) + ","price":") + price) + "}])): null

2018-09-14 15:59:57 - [TEST_STEP][PASSED] - Statement - billingInformation = new org.json.JSONObject((({"firstname":"Test","lastname":"Automation","country":"United States (US)","address":"123 Testing","city":"New York","state":"New York","zip":"90012","email":" + email) + "})): null

2018-09-14 15:59:57 - [TEST_STEP][PASSED] - Statement - shippingLabel = FREE_EMS_SHIPPING_LABEL: null

2018-09-14 15:59:57 - [TEST_STEP][PASSED] - Statement - shippingPrice = 0: null

2018-09-14 15:59:57 - [TEST_STEP][PASSED] - Statement - shippingType = "freeEMS": null

2018-09-14 15:59:57 - [TEST_STEP][PASSED] - Statement - paymentMethod = "Amazon Pay": null

2018-09-14 15:59:57 - [TEST_STEP][PASSED] - beautytap.GeneralAction.openBeautytap: beautytap.GeneralAction.openBeautytap is PASSED

2018-09-14 16:00:08 - [MESSAGE][PASSED] - Browser is opened with url: 'https://stage.beautytap.com'

2018-09-14 16:00:09 - [MESSAGE][PASSED] - Current window maximized

2018-09-14 16:00:12 - [MESSAGE][PASSED] - Refresh successfully

2018-09-14 16:00:12 - [MESSAGE][PASSED] - Wait for page load successfully

2018-09-14 16:00:12 - [MESSAGE][PASSED] - beautytap.GeneralAction.openBeautytap is PASSED

2018-09-14 16:00:12 - [TEST_STEP][PASSED] - beautytap.ShopAction.globalSearch: beautytap.ShopAction.globalSearch is PASSED

2018-09-14 16:00:12 - [MESSAGE][PASSED] - Object: 'Object Repository/Page_General/icon_search' is clicked on

2018-09-14 16:00:17 - [MESSAGE][PASSED] - Delayed 5 second(s)

2018-09-14 16:00:18 - [MESSAGE][PASSED] - Text of object 'Object Repository/Page_General/txt_search' is cleared

2018-09-14 16:00:18 - [MESSAGE][PASSED] - Keys 'CONTROL + v' sent to object: 'Object Repository/Page_General/txt_search'

2018-09-14 16:00:19 - [MESSAGE][PASSED] - Object 'Object Repository/Page_General/div_searchResult' is present

2018-09-14 16:00:19 - [MESSAGE][PASSED] - beautytap.ShopAction.globalSearch is PASSED

2018-09-14 16:00:19 - [TEST_STEP][PASSED] - beautytap.ShopAction.VerifyProductOnSearchResult: Keyword VerifyProductOnSearchResult is Passed

2018-09-14 16:00:19 - [MESSAGE][PASSED] - Object '' is present

2018-09-14 16:00:19 - [MESSAGE][PASSED] - Text of object '' is: '$26.70'

2018-09-14 16:00:20 - [MESSAGE][PASSED] - Get CSS 'color' value on '' successfully: 'rgba(255, 35, 134, 1)'.

2018-09-14 16:00:20 - [MESSAGE][PASSED] - Get CSS 'color' value on '' successfully: 'rgba(255, 35, 134, 1)'.

2018-09-14 16:00:20 - [MESSAGE][PASSED] - Keyword VerifyProductOnSearchResult is Passed

2018-09-14 16:00:20 - [TEST_STEP][PASSED] - beautytap.ShopAction.selectProductOnSearchResult: beautytap.ShopAction.selectProductOnSearchResult is PASSED

2018-09-14 16:00:26 - [MESSAGE][PASSED] - Object: '' is clicked on

2018-09-14 16:00:26 - [MESSAGE][PASSED] - Wait for page load successfully

2018-09-14 16:00:26 - [MESSAGE][PASSED] - beautytap.ShopAction.selectProductOnSearchResult is PASSED

2018-09-14 16:00:26 - [TEST_STEP][PASSED] - beautytap.ShopAction.selectProductVariation: beautytap.ShopAction.selectProductVariation is PASSED

2018-09-14 16:00:26 - [MESSAGE][PASSED] - Object: 'Object Repository/Page_Shop/drop_chooseOption' is clicked on

2018-09-14 16:00:27 - [MESSAGE][PASSED] - Delayed 1 second(s)

2018-09-14 16:00:27 - [MESSAGE][PASSED] - Object: '' is clicked on

2018-09-14 16:00:27 - [MESSAGE][PASSED] - beautytap.ShopAction.selectProductVariation is PASSED

2018-09-14 16:00:27 - [TEST_STEP][PASSED] - beautytap.ShopAction.VerifyProductDetails: Keyword VerifyProductDetails is Passed

2018-09-14 16:00:28 - [MESSAGE][PASSED] - Text of object '' is: 'MeloMELI Unicorn Heart Lake Cushion — 2 Choices'

2018-09-14 16:00:28 - [MESSAGE][PASSED] - All options with label 'Vanilla Beige' are selected in object 'Object Repository/Page_Shop/drop_chooseOption' 

2018-09-14 16:00:28 - [MESSAGE][PASSED] - Text of object '' is: '$26.70'

2018-09-14 16:00:28 - [MESSAGE][PASSED] - Get CSS 'color' value on '' successfully: 'rgba(255, 35, 134, 1)'.

2018-09-14 16:00:28 - [MESSAGE][PASSED] - Keyword VerifyProductDetails is Passed

2018-09-14 16:00:28 - [TEST_STEP][PASSED] - Statement - currentNumberItemInCart = CustomKeywords.beautytap.ShopAction.getNumberItemInCart(): beautytap.ShopAction.getNumberItemInCart is PASSED

2018-09-14 16:01:00 - [MESSAGE][WARNING] - com.kms.katalon.core.webui.exception.WebElementNotFoundException: Web element with id: '' located by 'By.xpath: //div[@class='header-right-top pull-right']/a[@class='shop-cart']/span[@class='number-cart']' not found
[[ATTACHMENT|E:\\BeautytapAutomation\\beautytapAuto\\Beautytap\\Reports\\Shop\\20180914_155712\\1536915659823.png]]

2018-09-14 16:01:00 - [MESSAGE][PASSED] - beautytap.ShopAction.getNumberItemInCart is PASSED

2018-09-14 16:01:00 - [TEST_STEP][PASSED] - beautytap.ShopAction.addProductToCart: beautytap.ShopAction.addProductToCart is PASSED

2018-09-14 16:01:00 - [MESSAGE][PASSED] - Text of object 'Object Repository/Page_Shop/txt_quantity' is cleared

2018-09-14 16:01:00 - [MESSAGE][PASSED] - Keys '8' sent to object: 'Object Repository/Page_Shop/txt_quantity'

2018-09-14 16:01:00 - [MESSAGE][PASSED] - Object: 'Object Repository/Page_Shop/btn_addToCart' is clicked on

2018-09-14 16:01:00 - [MESSAGE][PASSED] - Wait for page load successfully

2018-09-14 16:01:17 - [MESSAGE][PASSED] - Object 'Object Repository/Page_Shop/lbl_message' is present

2018-09-14 16:01:18 - [MESSAGE][PASSED] - beautytap.ShopAction.addProductToCart is PASSED

2018-09-14 16:01:18 - [TEST_STEP][PASSED] - beautytap.ShopAction.VerifyNumberItemInCart: Keyword VerifyNumberItemInCart is Passed, Number item in cart is 8, expected is 8

2018-09-14 16:01:18 - [MESSAGE][PASSED] - Object '' is present

2018-09-14 16:01:18 - [MESSAGE][PASSED] - Text of object '' is: '8'

2018-09-14 16:01:18 - [MESSAGE][PASSED] - Keyword VerifyNumberItemInCart is Passed, Number item in cart is 8, expected is 8

2018-09-14 16:01:18 - [TEST_STEP][PASSED] - beautytap.ShopAction.VerifyProductIsAddedToCart: beautytap.ShopAction.VerifyProductIsAddedToCart is PASSED

2018-09-14 16:01:18 - [MESSAGE][PASSED] - Object '' is present

2018-09-14 16:01:18 - [MESSAGE][PASSED] - beautytap.ShopAction.VerifyProductIsAddedToCart is PASSED

2018-09-14 16:01:18 - [TEST_STEP][PASSED] - beautytap.ShopAction.goToCart: beautytap.ShopAction.goToCart is PASSED

2018-09-14 16:01:22 - [MESSAGE][PASSED] - Object: 'Object Repository/Page_General/icon_cart' is clicked on

2018-09-14 16:01:22 - [MESSAGE][PASSED] - Wait for page load successfully

2018-09-14 16:01:22 - [MESSAGE][PASSED] - beautytap.ShopAction.goToCart is PASSED

2018-09-14 16:01:22 - [TEST_STEP][PASSED] - beautytap.ShopAction.VerifyProductInCart: Keyword VerifyProductInCart is Passed

2018-09-14 16:01:22 - [MESSAGE][PASSED] - Object '' is present

2018-09-14 16:01:22 - [MESSAGE][PASSED] - Text of object '' is: '$26.70'

2018-09-14 16:01:22 - [MESSAGE][PASSED] - Attribute 'value' of object '' is: '8'

2018-09-14 16:01:23 - [MESSAGE][PASSED] - Text of object '' is: '$213.60'

2018-09-14 16:01:23 - [MESSAGE][PASSED] - Keyword VerifyProductInCart is Passed

2018-09-14 16:01:23 - [TEST_STEP][PASSED] - beautytap.ShopAction.processToCheckout: beautytap.ShopAction.processToCheckout is PASSED

2018-09-14 16:01:26 - [MESSAGE][PASSED] - Object: 'Object Repository/Page_Cart/btn_checkout' is clicked on

2018-09-14 16:01:26 - [MESSAGE][PASSED] - Wait for page load successfully

2018-09-14 16:01:26 - [MESSAGE][PASSED] - beautytap.ShopAction.processToCheckout is PASSED

2018-09-14 16:01:26 - [TEST_STEP][PASSED] - beautytap.ShopAction.loginAmazonPay: beautytap.ShopAction.loginAmazonPay is PASSED

2018-09-14 16:01:26 - [MESSAGE][PASSED] - Object: 'Object Repository/Page_Checkout/btn_amazonPay' is clicked on

2018-09-14 16:01:26 - [MESSAGE][PASSED] - Switched to window with index: '1'

2018-09-14 16:01:27 - [MESSAGE][PASSED] - Object 'Object Repository/Popup_Amazon/txt_email' is present

2018-09-14 16:01:28 - [MESSAGE][PASSED] - Text of object 'Object Repository/Popup_Amazon/txt_email' is cleared

2018-09-14 16:01:28 - [MESSAGE][PASSED] - Keys 'amazontest1503@yopmail.com' sent to object: 'Object Repository/Popup_Amazon/txt_email'

2018-09-14 16:01:28 - [MESSAGE][PASSED] - Text of object 'Object Repository/Popup_Amazon/txt_password' is cleared

2018-09-14 16:01:28 - [MESSAGE][PASSED] - Keys '123456' sent to object: 'Object Repository/Popup_Amazon/txt_password'

2018-09-14 16:01:31 - [MESSAGE][PASSED] - Object: 'Object Repository/Popup_Amazon/btn_signin' is clicked on

2018-09-14 16:01:31 - [MESSAGE][PASSED] - Switched to window with index: '0'

2018-09-14 16:02:01 - [MESSAGE][PASSED] - Delayed 30 second(s)

2018-09-14 16:02:01 - [MESSAGE][PASSED] - beautytap.ShopAction.loginAmazonPay is PASSED

2018-09-14 16:02:01 - [TEST_STEP][PASSED] - beautytap.ShopAction.VerifyOrderDetailsOnCheckout: Keyword VerifyOrderDetailsOnCheckout is Passed

2018-09-14 16:02:01 - [MESSAGE][PASSED] - Object '' is present

2018-09-14 16:02:01 - [MESSAGE][PASSED] - Text of object '' is: '$213.60'

2018-09-14 16:02:01 - [MESSAGE][PASSED] - Text of object '' is: 'Free EMS shipping (over $200)
Why does shipping take this long?'

2018-09-14 16:02:01 - [MESSAGE][PASSED] - Text of object '' is: '$213.60'

2018-09-14 16:02:01 - [MESSAGE][PASSED] - Keyword VerifyOrderDetailsOnCheckout is Passed

2018-09-14 16:02:01 - [TEST_STEP][PASSED] - beautytap.ShopAction.checkoutViaAmazonPay: beautytap.ShopAction.checkoutViaAmazonPay is PASSED

2018-09-14 16:02:01 - [MESSAGE][PASSED] - Object 'Object Repository/Page_Checkout/chk_terms' is clickable

2018-09-14 16:02:02 - [MESSAGE][PASSED] - Object 'Object Repository/Page_Checkout/chk_terms' is checked

2018-09-14 16:02:02 - [MESSAGE][PASSED] - Object: 'Object Repository/Page_Checkout/btn_placeOrder' is clicked on

2018-09-14 16:02:18 - [MESSAGE][PASSED] - Object 'Object Repository/Page_Checkout/lbl_orderReceived' is present

2018-09-14 16:02:18 - [MESSAGE][PASSED] - beautytap.ShopAction.checkoutViaAmazonPay is PASSED

2018-09-14 16:02:18 - [TEST_STEP][PASSED] - beautytap.ShopAction.VerifyOrderReceivedDetails: Keyword VerifyOrderReceivedDetails is Passed

2018-09-14 16:02:18 - [MESSAGE][PASSED] - Object '' is present

2018-09-14 16:02:18 - [MESSAGE][PASSED] - Text of object '' is: '$213.60'

2018-09-14 16:02:18 - [MESSAGE][PASSED] - Text of object '' is: 'Free EMS shipping (over $200)'

2018-09-14 16:02:23 - [MESSAGE][WARNING] - com.kms.katalon.core.webui.exception.WebElementNotFoundException: Web element with id: '' located by 'By.xpath: //th[text()='Shipping:']/parent::tr/td/span' not found
[[ATTACHMENT|E:\\BeautytapAutomation\\beautytapAuto\\Beautytap\\Reports\\Shop\\20180914_155712\\1536915743572.png]]

2018-09-14 16:02:23 - [MESSAGE][PASSED] - Text of object '' is: 'Amazon Pay'

2018-09-14 16:02:23 - [MESSAGE][PASSED] - Text of object '' is: '$213.60'

2018-09-14 16:02:23 - [MESSAGE][PASSED] - Keyword VerifyOrderReceivedDetails is Passed

2018-09-14 16:02:23 - [TEST_STEP][PASSED] - closeBrowser: Browser is closed

2018-09-14 16:02:24 - [MESSAGE][PASSED] - Browser is closed]]></system-out>
         <system-err><![CDATA[]]></system-err>
      </testcase>
      <testcase name="Test Cases/Shop/TC05_Browse_SimpleProduct_NotSale_PayPal_GreaterThan60LessThan200" classname="Test Cases/Shop/TC05_Browse_SimpleProduct_NotSale_PayPal_GreaterThan60LessThan200" status="PASSED">
         <system-out><![CDATA[2018-09-14 16:02:26 - [TEST_CASE][PASSED] - Test Cases/Shop/TC05_Browse_SimpleProduct_NotSale_PayPal_GreaterThan60LessThan200: Test Cases/Shop/TC05_Browse_SimpleProduct_NotSale_PayPal_GreaterThan60LessThan200

2018-09-14 16:02:27 - [TEST_STEP][PASSED] - Statement - productName = SIMPLE_PRODUCT: null

2018-09-14 16:02:27 - [TEST_STEP][PASSED] - Statement - price = SIMPLE_PRODUCT_PRICE: null

2018-09-14 16:02:27 - [TEST_STEP][PASSED] - Statement - r_string = new java.lang.Math().random().toString().substring(2, 8): null

2018-09-14 16:02:27 - [TEST_STEP][PASSED] - Statement - email = "auto" + r_string + "@mailinator.com": null

2018-09-14 16:02:27 - [TEST_STEP][PASSED] - Statement - orderNote = "auto" + r_string + "Order": null

2018-09-14 16:02:27 - [TEST_STEP][PASSED] - Statement - currentNumberItemInCart = <not implemented yet for class: org.codehaus.groovy.ast.expr.EmptyExpression>: null

2018-09-14 16:02:27 - [TEST_STEP][PASSED] - Statement - quantity = 3: null

2018-09-14 16:02:27 - [TEST_STEP][PASSED] - Statement - subtotal = CustomKeywords.beautytap.ShopAction.calculateTotal(quantity, price): beautytap.ShopAction.calculateTotal is PASSED

2018-09-14 16:02:27 - [MESSAGE][PASSED] - beautytap.ShopAction.calculateTotal is PASSED

2018-09-14 16:02:27 - [TEST_STEP][PASSED] - Statement - total = subtotal: null

2018-09-14 16:02:27 - [TEST_STEP][PASSED] - Statement - total = CustomKeywords.beautytap.ShopAction.calculateTotal(1, total): beautytap.ShopAction.calculateTotal is PASSED

2018-09-14 16:02:27 - [MESSAGE][PASSED] - beautytap.ShopAction.calculateTotal is PASSED

2018-09-14 16:02:27 - [TEST_STEP][PASSED] - Statement - products = new org.json.JSONArray((((((([{"productname":" + productName) + ","variation":"","quantity":") + quantity) + ","price":") + price) + "}])): null

2018-09-14 16:02:27 - [TEST_STEP][PASSED] - Statement - billingInformation = new org.json.JSONObject((({"firstname":"Test","lastname":"Automation","country":"United States (US)","address":"123 Testing","city":"New York","state":"New York","zip":"90012","email":" + email) + "})): null

2018-09-14 16:02:27 - [TEST_STEP][PASSED] - Statement - shippingLabel = FREE_SHIPPING_LABEL: null

2018-09-14 16:02:27 - [TEST_STEP][PASSED] - Statement - shippingPrice = 0: null

2018-09-14 16:02:27 - [TEST_STEP][PASSED] - Statement - shippingType = "free": null

2018-09-14 16:02:27 - [TEST_STEP][PASSED] - Statement - paymentMethod = "PayPal": null

2018-09-14 16:02:27 - [TEST_STEP][PASSED] - Statement - category = "What's New": null

2018-09-14 16:02:27 - [TEST_STEP][PASSED] - beautytap.GeneralAction.openBeautytap: beautytap.GeneralAction.openBeautytap is PASSED

2018-09-14 16:02:42 - [MESSAGE][PASSED] - Browser is opened with url: 'https://stage.beautytap.com'

2018-09-14 16:02:43 - [MESSAGE][PASSED] - Current window maximized

2018-09-14 16:02:47 - [MESSAGE][PASSED] - Refresh successfully

2018-09-14 16:02:47 - [MESSAGE][PASSED] - Wait for page load successfully

2018-09-14 16:02:47 - [MESSAGE][PASSED] - beautytap.GeneralAction.openBeautytap is PASSED

2018-09-14 16:02:47 - [TEST_STEP][PASSED] - beautytap.ShopAction.selectCategory: beautytap.ShopAction.selectCategory is PASSED

2018-09-14 16:02:53 - [MESSAGE][PASSED] - Object: '' is clicked on

2018-09-14 16:02:53 - [MESSAGE][PASSED] - Wait for page load successfully

2018-09-14 16:02:53 - [MESSAGE][PASSED] - beautytap.ShopAction.selectCategory is PASSED

2018-09-14 16:02:53 - [TEST_STEP][PASSED] - beautytap.ShopAction.findProductOnProductList: beautytap.ShopAction.findProductOnProductList is PASSED

2018-09-14 16:02:53 - [MESSAGE][PASSED] - Text of object '' is: '76'

2018-09-14 16:02:59 - [MESSAGE][WARNING] - com.kms.katalon.core.webui.exception.WebElementNotFoundException: Web element with id: '' located by 'By.xpath: //a[text()='La Muse Correct Care Complete Cushion SPF50+']' not found
[[ATTACHMENT|E:\\BeautytapAutomation\\beautytapAuto\\Beautytap\\Reports\\Shop\\20180914_155712\\1536915779138.png]]

2018-09-14 16:03:08 - [MESSAGE][PASSED] - Object: '' is clicked on

2018-09-14 16:03:08 - [MESSAGE][PASSED] - Wait for page load successfully

2018-09-14 16:03:13 - [MESSAGE][WARNING] - com.kms.katalon.core.webui.exception.WebElementNotFoundException: Web element with id: '' located by 'By.xpath: //a[text()='La Muse Correct Care Complete Cushion SPF50+']' not found
[[ATTACHMENT|E:\\BeautytapAutomation\\beautytapAuto\\Beautytap\\Reports\\Shop\\20180914_155712\\1536915793292.png]]

2018-09-14 16:03:22 - [MESSAGE][PASSED] - Object: '' is clicked on

2018-09-14 16:03:22 - [MESSAGE][PASSED] - Wait for page load successfully

2018-09-14 16:03:22 - [MESSAGE][PASSED] - Object '' is present

2018-09-14 16:03:22 - [MESSAGE][PASSED] - beautytap.ShopAction.findProductOnProductList is PASSED

2018-09-14 16:03:22 - [TEST_STEP][PASSED] - beautytap.ShopAction.VerifyProductOnProductList: Keyword VerifyProductOnProductList is Passed

2018-09-14 16:03:22 - [MESSAGE][PASSED] - Object '' is present

2018-09-14 16:03:22 - [MESSAGE][PASSED] - Text of object '' is: '$31.80'

2018-09-14 16:03:22 - [MESSAGE][PASSED] - Get CSS 'color' value on '' successfully: 'rgba(255, 35, 134, 1)'.

2018-09-14 16:03:22 - [MESSAGE][PASSED] - Get CSS 'color' value on '' successfully: 'rgba(255, 35, 134, 1)'.

2018-09-14 16:03:22 - [MESSAGE][PASSED] - Keyword VerifyProductOnProductList is Passed

2018-09-14 16:03:22 - [TEST_STEP][PASSED] - beautytap.ShopAction.selectProductOnProductList: beautytap.ShopAction.selectProductOnProductList is PASSED

2018-09-14 16:03:28 - [MESSAGE][PASSED] - Object: '' is clicked on

2018-09-14 16:03:28 - [MESSAGE][PASSED] - Wait for page load successfully

2018-09-14 16:03:28 - [MESSAGE][PASSED] - beautytap.ShopAction.selectProductOnProductList is PASSED

2018-09-14 16:03:28 - [TEST_STEP][PASSED] - beautytap.ShopAction.VerifyProductDetails: Keyword VerifyProductDetails is Passed

2018-09-14 16:03:28 - [MESSAGE][PASSED] - Text of object '' is: 'La Muse Correct Care Complete Cushion SPF50+'

2018-09-14 16:03:28 - [MESSAGE][PASSED] - Text of object '' is: '$31.80'

2018-09-14 16:03:28 - [MESSAGE][PASSED] - Get CSS 'color' value on '' successfully: 'rgba(255, 35, 134, 1)'.

2018-09-14 16:03:28 - [MESSAGE][PASSED] - Keyword VerifyProductDetails is Passed

2018-09-14 16:03:28 - [TEST_STEP][PASSED] - Statement - currentNumberItemInCart = CustomKeywords.beautytap.ShopAction.getNumberItemInCart(): beautytap.ShopAction.getNumberItemInCart is PASSED

2018-09-14 16:03:59 - [MESSAGE][WARNING] - com.kms.katalon.core.webui.exception.WebElementNotFoundException: Web element with id: '' located by 'By.xpath: //div[@class='header-right-top pull-right']/a[@class='shop-cart']/span[@class='number-cart']' not found
[[ATTACHMENT|E:\\BeautytapAutomation\\beautytapAuto\\Beautytap\\Reports\\Shop\\20180914_155712\\1536915839354.png]]

2018-09-14 16:03:59 - [MESSAGE][PASSED] - beautytap.ShopAction.getNumberItemInCart is PASSED

2018-09-14 16:03:59 - [TEST_STEP][PASSED] - beautytap.ShopAction.addProductToCart: beautytap.ShopAction.addProductToCart is PASSED

2018-09-14 16:03:59 - [MESSAGE][PASSED] - Text of object 'Object Repository/Page_Shop/txt_quantity' is cleared

2018-09-14 16:03:59 - [MESSAGE][PASSED] - Keys '3' sent to object: 'Object Repository/Page_Shop/txt_quantity'

2018-09-14 16:04:00 - [MESSAGE][PASSED] - Object: 'Object Repository/Page_Shop/btn_addToCart' is clicked on

2018-09-14 16:04:00 - [MESSAGE][PASSED] - Wait for page load successfully

2018-09-14 16:04:06 - [MESSAGE][PASSED] - Object 'Object Repository/Page_Shop/lbl_message' is present

2018-09-14 16:04:06 - [MESSAGE][PASSED] - beautytap.ShopAction.addProductToCart is PASSED

2018-09-14 16:04:06 - [TEST_STEP][PASSED] - beautytap.ShopAction.VerifyNumberItemInCart: Keyword VerifyNumberItemInCart is Passed, Number item in cart is 3, expected is 3

2018-09-14 16:04:06 - [MESSAGE][PASSED] - Object '' is present

2018-09-14 16:04:06 - [MESSAGE][PASSED] - Text of object '' is: '3'

2018-09-14 16:04:06 - [MESSAGE][PASSED] - Keyword VerifyNumberItemInCart is Passed, Number item in cart is 3, expected is 3

2018-09-14 16:04:06 - [TEST_STEP][PASSED] - beautytap.ShopAction.VerifyProductIsAddedToCart: beautytap.ShopAction.VerifyProductIsAddedToCart is PASSED

2018-09-14 16:04:06 - [MESSAGE][PASSED] - Object '' is present

2018-09-14 16:04:06 - [MESSAGE][PASSED] - beautytap.ShopAction.VerifyProductIsAddedToCart is PASSED

2018-09-14 16:04:06 - [TEST_STEP][PASSED] - beautytap.ShopAction.goToCart: beautytap.ShopAction.goToCart is PASSED

2018-09-14 16:04:12 - [MESSAGE][PASSED] - Object: 'Object Repository/Page_General/icon_cart' is clicked on

2018-09-14 16:04:12 - [MESSAGE][PASSED] - Wait for page load successfully

2018-09-14 16:04:12 - [MESSAGE][PASSED] - beautytap.ShopAction.goToCart is PASSED

2018-09-14 16:04:12 - [TEST_STEP][PASSED] - beautytap.ShopAction.VerifyProductInCart: Keyword VerifyProductInCart is Passed

2018-09-14 16:04:12 - [MESSAGE][PASSED] - Object '' is present

2018-09-14 16:04:12 - [MESSAGE][PASSED] - Text of object '' is: '$31.80'

2018-09-14 16:04:12 - [MESSAGE][PASSED] - Attribute 'value' of object '' is: '3'

2018-09-14 16:04:12 - [MESSAGE][PASSED] - Text of object '' is: '$95.40'

2018-09-14 16:04:12 - [MESSAGE][PASSED] - Keyword VerifyProductInCart is Passed

2018-09-14 16:04:12 - [TEST_STEP][PASSED] - beautytap.ShopAction.processToCheckout: beautytap.ShopAction.processToCheckout is PASSED

2018-09-14 16:04:15 - [MESSAGE][PASSED] - Object: 'Object Repository/Page_Cart/btn_checkout' is clicked on

2018-09-14 16:04:16 - [MESSAGE][PASSED] - Wait for page load successfully

2018-09-14 16:04:16 - [MESSAGE][PASSED] - beautytap.ShopAction.processToCheckout is PASSED

2018-09-14 16:04:16 - [TEST_STEP][PASSED] - beautytap.ShopAction.fillCustomerInformation: beautytap.ShopAction.fillCustomerInformation is PASSED

2018-09-14 16:04:16 - [MESSAGE][PASSED] - Text of object 'Object Repository/Page_Checkout/txt_billingFirstName' is cleared

2018-09-14 16:04:16 - [MESSAGE][PASSED] - Keys 'Test' sent to object: 'Object Repository/Page_Checkout/txt_billingFirstName'

2018-09-14 16:04:16 - [MESSAGE][PASSED] - Text of object 'Object Repository/Page_Checkout/txt_billingLastName' is cleared

2018-09-14 16:04:16 - [MESSAGE][PASSED] - Keys 'Automation' sent to object: 'Object Repository/Page_Checkout/txt_billingLastName'

2018-09-14 16:04:16 - [MESSAGE][PASSED] - All options with label 'United States (US)' are selected in object 'Object Repository/Page_Checkout/drop_billingCountry' 

2018-09-14 16:04:21 - [MESSAGE][PASSED] - Delayed 5 second(s)

2018-09-14 16:04:22 - [MESSAGE][PASSED] - Text of object 'Object Repository/Page_Checkout/txt_billingAddress' is cleared

2018-09-14 16:04:22 - [MESSAGE][PASSED] - Keys '123 Testing' sent to object: 'Object Repository/Page_Checkout/txt_billingAddress'

2018-09-14 16:04:22 - [MESSAGE][PASSED] - Text of object 'Object Repository/Page_Checkout/txt_billingCity' is cleared

2018-09-14 16:04:22 - [MESSAGE][PASSED] - Keys 'New York' sent to object: 'Object Repository/Page_Checkout/txt_billingCity'

2018-09-14 16:04:22 - [MESSAGE][PASSED] - All options with label 'New York' are selected in object 'Object Repository/Page_Checkout/drop_billingState' 

2018-09-14 16:04:22 - [MESSAGE][PASSED] - Text of object 'Object Repository/Page_Checkout/txt_billingZip' is cleared

2018-09-14 16:04:23 - [MESSAGE][PASSED] - Keys '90012' sent to object: 'Object Repository/Page_Checkout/txt_billingZip'

2018-09-14 16:04:23 - [MESSAGE][PASSED] - Text of object 'Object Repository/Page_Checkout/txt_billingEmail' is cleared

2018-09-14 16:04:23 - [MESSAGE][PASSED] - Keys 'auto416001@mailinator.com' sent to object: 'Object Repository/Page_Checkout/txt_billingEmail'

2018-09-14 16:04:23 - [MESSAGE][PASSED] - Object 'Object Repository/Page_Checkout/chk_shipToDifferentAddress' is un-checked

2018-09-14 16:04:24 - [MESSAGE][PASSED] - Text of object 'Object Repository/Page_Checkout/txt_orderNote' is cleared

2018-09-14 16:04:24 - [MESSAGE][PASSED] - Keys 'auto416001Order' sent to object: 'Object Repository/Page_Checkout/txt_orderNote'

2018-09-14 16:04:24 - [MESSAGE][PASSED] - Object 'Object Repository/Page_Checkout/radio_creditCard' is checked

2018-09-14 16:04:29 - [MESSAGE][PASSED] - Delayed 5 second(s)

2018-09-14 16:04:29 - [MESSAGE][PASSED] - beautytap.ShopAction.fillCustomerInformation is PASSED

2018-09-14 16:04:29 - [TEST_STEP][PASSED] - beautytap.ShopAction.VerifyOrderDetailsOnCheckout: Keyword VerifyOrderDetailsOnCheckout is Passed

2018-09-14 16:04:29 - [MESSAGE][PASSED] - Object '' is present

2018-09-14 16:04:29 - [MESSAGE][PASSED] - Text of object '' is: '$95.40'

2018-09-14 16:04:29 - [MESSAGE][PASSED] - Text of object '' is: 'Free shipping for orders over $60
Why does shipping take this long?'

2018-09-14 16:04:29 - [MESSAGE][PASSED] - Text of object '' is: '$95.40'

2018-09-14 16:04:29 - [MESSAGE][PASSED] - Keyword VerifyOrderDetailsOnCheckout is Passed

2018-09-14 16:04:29 - [TEST_STEP][PASSED] - beautytap.ShopAction.checkoutViaPaypal: beautytap.ShopAction.checkoutViaPaypal is PASSED

2018-09-14 16:04:30 - [MESSAGE][PASSED] - Object 'Object Repository/Page_Checkout/radio_paypal' is checked

2018-09-14 16:04:35 - [MESSAGE][PASSED] - Delayed 5 second(s)

2018-09-14 16:04:35 - [MESSAGE][PASSED] - Object 'Object Repository/Page_Checkout/chk_terms' is checked

2018-09-14 16:04:35 - [MESSAGE][PASSED] - Object: 'Object Repository/Page_Checkout/btn_placeOrder' is clicked on

2018-09-14 16:04:43 - [MESSAGE][PASSED] - Object 'Object Repository/Page_Paypal/txt_email' is present

2018-09-14 16:04:44 - [MESSAGE][PASSED] - Text of object 'Object Repository/Page_Paypal/txt_email' is cleared

2018-09-14 16:04:44 - [MESSAGE][PASSED] - Keys 'g1.posiba@gmail.com' sent to object: 'Object Repository/Page_Paypal/txt_email'

2018-09-14 16:04:44 - [MESSAGE][PASSED] - Text of object 'Object Repository/Page_Paypal/txt_password' is cleared

2018-09-14 16:04:44 - [MESSAGE][PASSED] - Keys 'Tr@ng99%' sent to object: 'Object Repository/Page_Paypal/txt_password'

2018-09-14 16:04:59 - [MESSAGE][PASSED] - Object: 'Object Repository/Page_Paypal/btn_login' is clicked on

2018-09-14 16:05:10 - [MESSAGE][PASSED] - Object 'Object Repository/Page_Paypal/btn_payNow' is present

2018-09-14 16:05:15 - [MESSAGE][PASSED] - Delayed 5 second(s)

2018-09-14 16:05:15 - [MESSAGE][PASSED] - Object: 'Object Repository/Page_Paypal/btn_payNow' is clicked on

2018-09-14 16:05:34 - [MESSAGE][PASSED] - Object 'Object Repository/Page_Checkout/lbl_orderReceived' is present

2018-09-14 16:05:34 - [MESSAGE][PASSED] - beautytap.ShopAction.checkoutViaPaypal is PASSED

2018-09-14 16:05:34 - [TEST_STEP][PASSED] - beautytap.ShopAction.VerifyOrderReceivedDetails: Keyword VerifyOrderReceivedDetails is Passed

2018-09-14 16:05:35 - [MESSAGE][PASSED] - Object '' is present

2018-09-14 16:05:35 - [MESSAGE][PASSED] - Text of object '' is: '$95.40'

2018-09-14 16:05:35 - [MESSAGE][PASSED] - Text of object '' is: 'Free shipping for orders over $60'

2018-09-14 16:05:40 - [MESSAGE][WARNING] - com.kms.katalon.core.webui.exception.WebElementNotFoundException: Web element with id: '' located by 'By.xpath: //th[text()='Shipping:']/parent::tr/td/span' not found
[[ATTACHMENT|E:\\BeautytapAutomation\\beautytapAuto\\Beautytap\\Reports\\Shop\\20180914_155712\\1536915940256.png]]

2018-09-14 16:05:40 - [MESSAGE][PASSED] - Text of object '' is: 'PayPal'

2018-09-14 16:05:40 - [MESSAGE][PASSED] - Text of object '' is: '$95.40'

2018-09-14 16:05:40 - [MESSAGE][PASSED] - Keyword VerifyOrderReceivedDetails is Passed

2018-09-14 16:05:40 - [TEST_STEP][PASSED] - closeBrowser: Browser is closed

2018-09-14 16:05:41 - [MESSAGE][PASSED] - Browser is closed]]></system-out>
         <system-err><![CDATA[]]></system-err>
      </testcase>
      <testcase name="Test Cases/Shop/TC06_Browse_VariationProduct_Sale_AmazonPayAtCart_LessThan60_EMS" classname="Test Cases/Shop/TC06_Browse_VariationProduct_Sale_AmazonPayAtCart_LessThan60_EMS" status="PASSED">
         <system-out><![CDATA[2018-09-14 16:05:43 - [TEST_CASE][PASSED] - Test Cases/Shop/TC06_Browse_VariationProduct_Sale_AmazonPayAtCart_LessThan60_EMS: Test Cases/Shop/TC06_Browse_VariationProduct_Sale_AmazonPayAtCart_LessThan60_EMS

2018-09-14 16:05:44 - [TEST_STEP][PASSED] - Statement - productName = VARIATION_SALE_PRODUCT: null

2018-09-14 16:05:44 - [TEST_STEP][PASSED] - Statement - saleprice = VARIATION_SALE_PRICE1: null

2018-09-14 16:05:44 - [TEST_STEP][PASSED] - Statement - redularprice = VARIATION_SALE_REGULAR_PRICE1: null

2018-09-14 16:05:44 - [TEST_STEP][PASSED] - Statement - variation = VARIATION_SALE_NAME1: null

2018-09-14 16:05:44 - [TEST_STEP][PASSED] - Statement - r_string = new java.lang.Math().random().toString().substring(2, 8): null

2018-09-14 16:05:44 - [TEST_STEP][PASSED] - Statement - email = "auto" + r_string + "@mailinator.com": null

2018-09-14 16:05:44 - [TEST_STEP][PASSED] - Statement - orderNote = "auto" + r_string + "Order": null

2018-09-14 16:05:44 - [TEST_STEP][PASSED] - Statement - currentNumberItemInCart = <not implemented yet for class: org.codehaus.groovy.ast.expr.EmptyExpression>: null

2018-09-14 16:05:44 - [TEST_STEP][PASSED] - Statement - quantity = 5: null

2018-09-14 16:05:44 - [TEST_STEP][PASSED] - Statement - shippingLabel = EMS_SHIPPING_LABEL: null

2018-09-14 16:05:44 - [TEST_STEP][PASSED] - Statement - shippingPrice = EMS_SHIPPING_PRICE: null

2018-09-14 16:05:44 - [TEST_STEP][PASSED] - Statement - subtotal = CustomKeywords.beautytap.ShopAction.calculateTotal(quantity, saleprice): beautytap.ShopAction.calculateTotal is PASSED

2018-09-14 16:05:44 - [MESSAGE][PASSED] - beautytap.ShopAction.calculateTotal is PASSED

2018-09-14 16:05:44 - [TEST_STEP][PASSED] - Statement - total = subtotal + shippingPrice: null

2018-09-14 16:05:44 - [TEST_STEP][PASSED] - Statement - total = CustomKeywords.beautytap.ShopAction.calculateTotal(1, total): beautytap.ShopAction.calculateTotal is PASSED

2018-09-14 16:05:44 - [MESSAGE][PASSED] - beautytap.ShopAction.calculateTotal is PASSED

2018-09-14 16:05:44 - [TEST_STEP][PASSED] - Statement - products = new org.json.JSONArray((((((((([{"productname":" + productName) + ","variation":") + variation) + ","quantity":") + quantity) + ","price":") + saleprice) + "}])): null

2018-09-14 16:05:44 - [TEST_STEP][PASSED] - Statement - billingInformation = new org.json.JSONObject((({"firstname":"Test","lastname":"Automation","country":"United States (US)","address":"123 Testing","city":"New York","state":"New York","zip":"90012","email":" + email) + "})): null

2018-09-14 16:05:44 - [TEST_STEP][PASSED] - Statement - shippingType = "EMS": null

2018-09-14 16:05:44 - [TEST_STEP][PASSED] - Statement - paymentMethod = "Amazon Pay": null

2018-09-14 16:05:44 - [TEST_STEP][PASSED] - Statement - category = "Brands": null

2018-09-14 16:05:44 - [TEST_STEP][PASSED] - Statement - subcategory = "Innisfree": null

2018-09-14 16:05:44 - [TEST_STEP][PASSED] - beautytap.GeneralAction.openBeautytap: beautytap.GeneralAction.openBeautytap is PASSED

2018-09-14 16:06:07 - [MESSAGE][PASSED] - Browser is opened with url: 'https://stage.beautytap.com'

2018-09-14 16:06:08 - [MESSAGE][PASSED] - Current window maximized

2018-09-14 16:06:12 - [MESSAGE][PASSED] - Refresh successfully

2018-09-14 16:06:12 - [MESSAGE][PASSED] - Wait for page load successfully

2018-09-14 16:06:12 - [MESSAGE][PASSED] - beautytap.GeneralAction.openBeautytap is PASSED

2018-09-14 16:06:12 - [TEST_STEP][PASSED] - beautytap.ShopAction.selectCategory: beautytap.ShopAction.selectCategory is PASSED

2018-09-14 16:06:12 - [MESSAGE][PASSED] - Object: '' is clicked on

2018-09-14 16:06:14 - [MESSAGE][PASSED] - Delayed 2 second(s)

2018-09-14 16:06:22 - [MESSAGE][PASSED] - Object: '' is clicked on

2018-09-14 16:06:22 - [MESSAGE][PASSED] - Wait for page load successfully

2018-09-14 16:06:22 - [MESSAGE][PASSED] - beautytap.ShopAction.selectCategory is PASSED

2018-09-14 16:06:22 - [TEST_STEP][PASSED] - beautytap.ShopAction.findProductOnProductList: beautytap.ShopAction.findProductOnProductList is PASSED

2018-09-14 16:06:22 - [MESSAGE][PASSED] - Text of object '' is: '3'

2018-09-14 16:06:28 - [MESSAGE][WARNING] - com.kms.katalon.core.webui.exception.WebElementNotFoundException: Web element with id: '' located by 'By.xpath: //a[text()='Innisfree Eye Contouring Stick Round Shape 0.7g']' not found
[[ATTACHMENT|E:\\BeautytapAutomation\\beautytapAuto\\Beautytap\\Reports\\Shop\\20180914_155712\\1536915987800.png]]

2018-09-14 16:06:36 - [MESSAGE][PASSED] - Object: '' is clicked on

2018-09-14 16:06:36 - [MESSAGE][PASSED] - Wait for page load successfully

2018-09-14 16:06:36 - [MESSAGE][PASSED] - Object '' is present

2018-09-14 16:06:36 - [MESSAGE][PASSED] - beautytap.ShopAction.findProductOnProductList is PASSED

2018-09-14 16:06:36 - [TEST_STEP][PASSED] - beautytap.ShopAction.VerifyProductOnProductList: Keyword VerifyProductOnProductList is Passed

2018-09-14 16:06:36 - [MESSAGE][PASSED] - Object '' is present

2018-09-14 16:06:36 - [MESSAGE][PASSED] - Text of object '' is: '$4.95'

2018-09-14 16:06:36 - [MESSAGE][PASSED] - Get CSS 'color' value on '' successfully: 'rgba(255, 35, 134, 1)'.

2018-09-14 16:06:36 - [MESSAGE][PASSED] - Get CSS 'color' value on '' successfully: 'rgba(255, 35, 134, 1)'.

2018-09-14 16:06:36 - [MESSAGE][PASSED] - Text of object '' is: '$6.50'

2018-09-14 16:06:36 - [MESSAGE][PASSED] - Get CSS 'color' value on '' successfully: 'rgba(255, 35, 134, 1)'.

2018-09-14 16:06:36 - [MESSAGE][PASSED] - Get CSS 'color' value on '' successfully: 'rgba(255, 35, 134, 1)'.

2018-09-14 16:06:36 - [MESSAGE][PASSED] - Keyword VerifyProductOnProductList is Passed

2018-09-14 16:06:36 - [TEST_STEP][PASSED] - beautytap.ShopAction.selectProductOnProductList: beautytap.ShopAction.selectProductOnProductList is PASSED

2018-09-14 16:06:43 - [MESSAGE][PASSED] - Object: '' is clicked on

2018-09-14 16:06:43 - [MESSAGE][PASSED] - Wait for page load successfully

2018-09-14 16:06:43 - [MESSAGE][PASSED] - beautytap.ShopAction.selectProductOnProductList is PASSED

2018-09-14 16:06:43 - [TEST_STEP][PASSED] - beautytap.ShopAction.selectProductVariation: beautytap.ShopAction.selectProductVariation is PASSED

2018-09-14 16:06:43 - [MESSAGE][PASSED] - Object: 'Object Repository/Page_Shop/drop_chooseOption' is clicked on

2018-09-14 16:06:44 - [MESSAGE][PASSED] - Delayed 1 second(s)

2018-09-14 16:06:44 - [MESSAGE][PASSED] - Object: '' is clicked on

2018-09-14 16:06:44 - [MESSAGE][PASSED] - beautytap.ShopAction.selectProductVariation is PASSED

2018-09-14 16:06:44 - [TEST_STEP][PASSED] - beautytap.ShopAction.VerifyProductDetails: Keyword VerifyProductDetails is Passed

2018-09-14 16:06:45 - [MESSAGE][PASSED] - Text of object '' is: 'Innisfree Eye Contouring Stick Round Shape 0.7g'

2018-09-14 16:06:45 - [MESSAGE][PASSED] - All options with label '5' are selected in object 'Object Repository/Page_Shop/drop_chooseOption' 

2018-09-14 16:06:45 - [MESSAGE][PASSED] - Text of object '' is: '$6.50'

2018-09-14 16:06:45 - [MESSAGE][PASSED] - Get CSS 'color' value on '' successfully: 'rgba(195, 195, 195, 1)'.

2018-09-14 16:06:45 - [MESSAGE][PASSED] - Text of object '' is: '$4.95'

2018-09-14 16:06:45 - [MESSAGE][PASSED] - Get CSS 'color' value on '' successfully: 'rgba(255, 35, 134, 1)'.

2018-09-14 16:06:45 - [MESSAGE][PASSED] - Keyword VerifyProductDetails is Passed

2018-09-14 16:06:45 - [TEST_STEP][PASSED] - Statement - currentNumberItemInCart = CustomKeywords.beautytap.ShopAction.getNumberItemInCart(): beautytap.ShopAction.getNumberItemInCart is PASSED

2018-09-14 16:07:17 - [MESSAGE][WARNING] - com.kms.katalon.core.webui.exception.WebElementNotFoundException: Web element with id: '' located by 'By.xpath: //div[@class='header-right-top pull-right']/a[@class='shop-cart']/span[@class='number-cart']' not found
[[ATTACHMENT|E:\\BeautytapAutomation\\beautytapAuto\\Beautytap\\Reports\\Shop\\20180914_155712\\1536916036927.png]]

2018-09-14 16:07:17 - [MESSAGE][PASSED] - beautytap.ShopAction.getNumberItemInCart is PASSED

2018-09-14 16:07:17 - [TEST_STEP][PASSED] - beautytap.ShopAction.addProductToCart: beautytap.ShopAction.addProductToCart is PASSED

2018-09-14 16:07:17 - [MESSAGE][PASSED] - Text of object 'Object Repository/Page_Shop/txt_quantity' is cleared

2018-09-14 16:07:17 - [MESSAGE][PASSED] - Keys '5' sent to object: 'Object Repository/Page_Shop/txt_quantity'

2018-09-14 16:07:17 - [MESSAGE][PASSED] - Object: 'Object Repository/Page_Shop/btn_addToCart' is clicked on

2018-09-14 16:07:17 - [MESSAGE][PASSED] - Wait for page load successfully

2018-09-14 16:07:25 - [MESSAGE][PASSED] - Object 'Object Repository/Page_Shop/lbl_message' is present

2018-09-14 16:07:25 - [MESSAGE][PASSED] - beautytap.ShopAction.addProductToCart is PASSED

2018-09-14 16:07:25 - [TEST_STEP][PASSED] - beautytap.ShopAction.VerifyNumberItemInCart: Keyword VerifyNumberItemInCart is Passed, Number item in cart is 5, expected is 5

2018-09-14 16:07:25 - [MESSAGE][PASSED] - Object '' is present

2018-09-14 16:07:25 - [MESSAGE][PASSED] - Text of object '' is: '5'

2018-09-14 16:07:25 - [MESSAGE][PASSED] - Keyword VerifyNumberItemInCart is Passed, Number item in cart is 5, expected is 5

2018-09-14 16:07:25 - [TEST_STEP][PASSED] - beautytap.ShopAction.VerifyProductIsAddedToCart: beautytap.ShopAction.VerifyProductIsAddedToCart is PASSED

2018-09-14 16:07:25 - [MESSAGE][PASSED] - Object '' is present

2018-09-14 16:07:25 - [MESSAGE][PASSED] - beautytap.ShopAction.VerifyProductIsAddedToCart is PASSED

2018-09-14 16:07:25 - [TEST_STEP][PASSED] - beautytap.ShopAction.goToCart: beautytap.ShopAction.goToCart is PASSED

2018-09-14 16:07:33 - [MESSAGE][PASSED] - Object: 'Object Repository/Page_General/icon_cart' is clicked on

2018-09-14 16:07:33 - [MESSAGE][PASSED] - Wait for page load successfully

2018-09-14 16:07:33 - [MESSAGE][PASSED] - beautytap.ShopAction.goToCart is PASSED

2018-09-14 16:07:33 - [TEST_STEP][PASSED] - beautytap.ShopAction.VerifyProductInCart: Keyword VerifyProductInCart is Passed

2018-09-14 16:07:33 - [MESSAGE][PASSED] - Object '' is present

2018-09-14 16:07:33 - [MESSAGE][PASSED] - Text of object '' is: '$4.95'

2018-09-14 16:07:33 - [MESSAGE][PASSED] - Attribute 'value' of object '' is: '5'

2018-09-14 16:07:33 - [MESSAGE][PASSED] - Text of object '' is: '$24.75'

2018-09-14 16:07:33 - [MESSAGE][PASSED] - Keyword VerifyProductInCart is Passed

2018-09-14 16:07:33 - [TEST_STEP][PASSED] - beautytap.ShopAction.loginAmazonPay: beautytap.ShopAction.loginAmazonPay is PASSED

2018-09-14 16:07:34 - [MESSAGE][PASSED] - Object: 'Object Repository/Page_Cart/btn_payWithAmazon' is clicked on

2018-09-14 16:07:34 - [MESSAGE][PASSED] - Switched to window with index: '1'

2018-09-14 16:07:35 - [MESSAGE][PASSED] - Object 'Object Repository/Popup_Amazon/txt_email' is present

2018-09-14 16:07:35 - [MESSAGE][PASSED] - Text of object 'Object Repository/Popup_Amazon/txt_email' is cleared

2018-09-14 16:07:35 - [MESSAGE][PASSED] - Keys 'amazontest1503@yopmail.com' sent to object: 'Object Repository/Popup_Amazon/txt_email'

2018-09-14 16:07:35 - [MESSAGE][PASSED] - Text of object 'Object Repository/Popup_Amazon/txt_password' is cleared

2018-09-14 16:07:36 - [MESSAGE][PASSED] - Keys '123456' sent to object: 'Object Repository/Popup_Amazon/txt_password'

2018-09-14 16:07:39 - [MESSAGE][PASSED] - Object: 'Object Repository/Popup_Amazon/btn_signin' is clicked on

2018-09-14 16:07:39 - [MESSAGE][PASSED] - Switched to window with index: '0'

2018-09-14 16:08:09 - [MESSAGE][PASSED] - Delayed 30 second(s)

2018-09-14 16:08:09 - [MESSAGE][PASSED] - beautytap.ShopAction.loginAmazonPay is PASSED

2018-09-14 16:08:09 - [TEST_STEP][PASSED] - beautytap.ShopAction.selectShipping: beautytap.ShopAction.selectShipping is PASSED

2018-09-14 16:08:09 - [MESSAGE][PASSED] - Object '' is checked

2018-09-14 16:08:14 - [MESSAGE][PASSED] - Delayed 5 second(s)

2018-09-14 16:08:14 - [MESSAGE][PASSED] - beautytap.ShopAction.selectShipping is PASSED

2018-09-14 16:08:14 - [TEST_STEP][PASSED] - beautytap.ShopAction.VerifyOrderDetailsOnCheckout: Keyword VerifyOrderDetailsOnCheckout is Passed

2018-09-14 16:08:14 - [MESSAGE][PASSED] - Object '' is present

2018-09-14 16:08:14 - [MESSAGE][PASSED] - Text of object '' is: '$24.75'

2018-09-14 16:08:14 - [MESSAGE][PASSED] - Object '' has attribute 'checked'

2018-09-14 16:08:14 - [MESSAGE][PASSED] - Text of object '' is: '($25) - EMS Express shipping (est. 10-14 working days delivery including processing): $25.00'

2018-09-14 16:08:14 - [MESSAGE][PASSED] - Text of object '' is: '$25.00'

2018-09-14 16:08:14 - [MESSAGE][PASSED] - Text of object '' is: '$49.75'

2018-09-14 16:08:14 - [MESSAGE][PASSED] - Keyword VerifyOrderDetailsOnCheckout is Passed

2018-09-14 16:08:14 - [TEST_STEP][PASSED] - beautytap.ShopAction.checkoutViaAmazonPay: beautytap.ShopAction.checkoutViaAmazonPay is PASSED

2018-09-14 16:08:14 - [MESSAGE][PASSED] - Object 'Object Repository/Page_Checkout/chk_terms' is clickable

2018-09-14 16:08:14 - [MESSAGE][PASSED] - Object 'Object Repository/Page_Checkout/chk_terms' is checked

2018-09-14 16:08:15 - [MESSAGE][PASSED] - Object: 'Object Repository/Page_Checkout/btn_placeOrder' is clicked on

2018-09-14 16:08:29 - [MESSAGE][PASSED] - Object 'Object Repository/Page_Checkout/lbl_orderReceived' is present

2018-09-14 16:08:29 - [MESSAGE][PASSED] - beautytap.ShopAction.checkoutViaAmazonPay is PASSED

2018-09-14 16:08:29 - [TEST_STEP][PASSED] - beautytap.ShopAction.VerifyOrderReceivedDetails: Keyword VerifyOrderReceivedDetails is Passed

2018-09-14 16:08:29 - [MESSAGE][PASSED] - Object '' is present

2018-09-14 16:08:29 - [MESSAGE][PASSED] - Text of object '' is: '$24.75'

2018-09-14 16:08:29 - [MESSAGE][PASSED] - Text of object '' is: '$25.00 via ($25) - EMS Express shipping (est. 10-14 working days delivery including processing)'

2018-09-14 16:08:29 - [MESSAGE][PASSED] - Object '' is present

2018-09-14 16:08:29 - [MESSAGE][PASSED] - Text of object '' is: '$25.00'

2018-09-14 16:08:30 - [MESSAGE][PASSED] - Text of object '' is: 'Amazon Pay'

2018-09-14 16:08:30 - [MESSAGE][PASSED] - Text of object '' is: '$49.75'

2018-09-14 16:08:30 - [MESSAGE][PASSED] - Keyword VerifyOrderReceivedDetails is Passed

2018-09-14 16:08:30 - [TEST_STEP][PASSED] - closeBrowser: Browser is closed

2018-09-14 16:08:30 - [MESSAGE][PASSED] - Browser is closed]]></system-out>
         <system-err><![CDATA[]]></system-err>
      </testcase>
      <testcase name="Test Cases/Shop/TC07_BuyProduct_EarnPendingPoint_EarnRedeemablePoint" classname="Test Cases/Shop/TC07_BuyProduct_EarnPendingPoint_EarnRedeemablePoint" status="PASSED">
         <system-out><![CDATA[2018-09-14 16:08:33 - [TEST_CASE][PASSED] - Test Cases/Shop/TC07_BuyProduct_EarnPendingPoint_EarnRedeemablePoint: Test Cases/Shop/TC07_BuyProduct_EarnPendingPoint_EarnRedeemablePoint

2018-09-14 16:08:33 - [TEST_STEP][PASSED] - Statement - username = USER_EMAIL: null

2018-09-14 16:08:33 - [TEST_STEP][PASSED] - Statement - password = USER_PASSWORD: null

2018-09-14 16:08:33 - [TEST_STEP][PASSED] - Statement - productName = SIMPLE_PRODUCT: null

2018-09-14 16:08:33 - [TEST_STEP][PASSED] - Statement - price = SIMPLE_PRODUCT_PRICE: null

2018-09-14 16:08:33 - [TEST_STEP][PASSED] - Statement - quantity = 3: null

2018-09-14 16:08:33 - [TEST_STEP][PASSED] - Statement - shippingLabel = FREE_SHIPPING_LABEL: null

2018-09-14 16:08:33 - [TEST_STEP][PASSED] - Statement - shippingPrice = 0: null

2018-09-14 16:08:33 - [TEST_STEP][PASSED] - Statement - subtotal = CustomKeywords.beautytap.ShopAction.calculateTotal(quantity, price): beautytap.ShopAction.calculateTotal is PASSED

2018-09-14 16:08:33 - [MESSAGE][PASSED] - beautytap.ShopAction.calculateTotal is PASSED

2018-09-14 16:08:33 - [TEST_STEP][PASSED] - Statement - total = subtotal + shippingPrice: null

2018-09-14 16:08:33 - [TEST_STEP][PASSED] - Statement - products = new org.json.JSONArray((((((([{"productname":" + productName) + ","variation":"","quantity":") + quantity) + ","price":") + price) + "}])): null

2018-09-14 16:08:33 - [TEST_STEP][PASSED] - Statement - billingInformation = new org.json.JSONObject((({"firstname":"Test","lastname":"Automation","country":"United States (US)","address":"123 Testing","city":"New York","state":"New York","zip":"90012","email":" + username) + "})): null

2018-09-14 16:08:33 - [TEST_STEP][PASSED] - Statement - paymentMethod = "Credit Card Payment": null

2018-09-14 16:08:33 - [TEST_STEP][PASSED] - beautytap.GeneralAction.openBeautytap: beautytap.GeneralAction.openBeautytap is PASSED

2018-09-14 16:08:43 - [MESSAGE][PASSED] - Browser is opened with url: 'https://stage.beautytap.com'

2018-09-14 16:08:44 - [MESSAGE][PASSED] - Current window maximized

2018-09-14 16:08:48 - [MESSAGE][PASSED] - Refresh successfully

2018-09-14 16:08:48 - [MESSAGE][PASSED] - Wait for page load successfully

2018-09-14 16:08:48 - [MESSAGE][PASSED] - beautytap.GeneralAction.openBeautytap is PASSED

2018-09-14 16:08:48 - [TEST_STEP][PASSED] - beautytap.GeneralAction.clickNavigationMenu: beautytap.GeneralAction.clickNavigationMenu is PASSED

2018-09-14 16:08:50 - [MESSAGE][PASSED] - Object: 'Object Repository/Page_General/link_login' is clicked on

2018-09-14 16:08:50 - [MESSAGE][PASSED] - Wait for page load successfully

2018-09-14 16:08:50 - [MESSAGE][PASSED] - beautytap.GeneralAction.clickNavigationMenu is PASSED

2018-09-14 16:08:50 - [TEST_STEP][PASSED] - beautytap.GeneralAction.login: beautytap.GeneralAction.login is PASSED

2018-09-14 16:08:51 - [MESSAGE][PASSED] - Text of object 'Object Repository/Page_login/txt_username' is cleared

2018-09-14 16:08:51 - [MESSAGE][PASSED] - Keys 'trang2408@mailinator.com' sent to object: 'Object Repository/Page_login/txt_username'

2018-09-14 16:08:51 - [MESSAGE][PASSED] - Text of object 'Object Repository/Page_login/txt_password' is cleared

2018-09-14 16:08:51 - [MESSAGE][PASSED] - Keys '123456' sent to object: 'Object Repository/Page_login/txt_password'

2018-09-14 16:08:51 - [MESSAGE][PASSED] - Object: 'Object Repository/Page_login/btn_login' is clicked on

2018-09-14 16:08:51 - [MESSAGE][PASSED] - Wait for page load successfully

2018-09-14 16:08:51 - [MESSAGE][PASSED] - beautytap.GeneralAction.login is PASSED

2018-09-14 16:08:51 - [TEST_STEP][PASSED] - beautytap.GeneralAction.selectProfileMenu: beautytap.GeneralAction.selectProfileMenu is PASSED

2018-09-14 16:08:59 - [MESSAGE][PASSED] - Object: 'Object Repository/Page_General/link_avatar' is clicked on

2018-09-14 16:09:01 - [MESSAGE][PASSED] - Delayed 2 second(s)

2018-09-14 16:09:04 - [MESSAGE][PASSED] - Object: '' is clicked on

2018-09-14 16:09:04 - [MESSAGE][PASSED] - Wait for page load successfully

2018-09-14 16:09:04 - [MESSAGE][PASSED] - beautytap.GeneralAction.selectProfileMenu is PASSED

2018-09-14 16:09:04 - [TEST_STEP][PASSED] - Statement - objRewoard = CustomKeywords.beautytap.ShopAction.getRewardDetails(): beautytap.ShopAction.getRewardDetails is PASSED

2018-09-14 16:09:04 - [MESSAGE][PASSED] - Text of object '' is: '1.1 x Rewards Multiplier!'

2018-09-14 16:09:04 - [MESSAGE][PASSED] - Text of object '' is: '1.1 x Rewards Multiplier!'

2018-09-14 16:09:04 - [MESSAGE][PASSED] - Text of object '' is: '2892.13'

2018-09-14 16:09:04 - [MESSAGE][PASSED] - Text of object '' is: '2432.20'

2018-09-14 16:09:04 - [MESSAGE][PASSED] - Text of object '' is: '1182.13'

2018-09-14 16:09:05 - [MESSAGE][PASSED] - Text of object '' is: '$60.00'

2018-09-14 16:09:05 - [MESSAGE][PASSED] - Text of object '' is: 'Beauty Bae'

2018-09-14 16:09:05 - [MESSAGE][PASSED] - beautytap.ShopAction.getRewardDetails is PASSED

2018-09-14 16:09:05 - [TEST_STEP][PASSED] - Statement - multiplier = java.lang.Float.parseFloat(objRewoard.get("multiplier")): null

2018-09-14 16:09:05 - [TEST_STEP][PASSED] - Statement - currentlevel = objRewoard.get("currentlevel"): null

2018-09-14 16:09:05 - [TEST_STEP][PASSED] - Statement - lifetime = java.lang.Float.parseFloat(objRewoard.get("lifetime")): null

2018-09-14 16:09:05 - [TEST_STEP][PASSED] - Statement - pending = java.lang.Float.parseFloat(objRewoard.get("pending")): null

2018-09-14 16:09:05 - [TEST_STEP][PASSED] - Statement - redeemable = java.lang.Float.parseFloat(objRewoard.get("redeemable")): null

2018-09-14 16:09:05 - [TEST_STEP][PASSED] - Statement - pointvalue = java.lang.Float.parseFloat(objRewoard.get("pointvalue")): null

2018-09-14 16:09:05 - [TEST_STEP][PASSED] - Statement - rewardEarned = java.lang.Float.parseFloat(java.lang.String.format("%.2f", multiplier * subtotal)): null

2018-09-14 16:09:05 - [TEST_STEP][PASSED] - Statement - notificationMessage = "You received " + rewardEarned + " redeemable points": null

2018-09-14 16:09:05 - [TEST_STEP][PASSED] - beautytap.ShopAction.globalSearch: beautytap.ShopAction.globalSearch is PASSED

2018-09-14 16:09:05 - [MESSAGE][PASSED] - Object: 'Object Repository/Page_General/icon_search' is clicked on

2018-09-14 16:09:10 - [MESSAGE][PASSED] - Delayed 5 second(s)

2018-09-14 16:09:10 - [MESSAGE][PASSED] - Text of object 'Object Repository/Page_General/txt_search' is cleared

2018-09-14 16:09:10 - [MESSAGE][PASSED] - Keys 'CONTROL + v' sent to object: 'Object Repository/Page_General/txt_search'

2018-09-14 16:09:12 - [MESSAGE][PASSED] - Object 'Object Repository/Page_General/div_searchResult' is present

2018-09-14 16:09:12 - [MESSAGE][PASSED] - beautytap.ShopAction.globalSearch is PASSED

2018-09-14 16:09:12 - [TEST_STEP][PASSED] - beautytap.ShopAction.selectProductOnSearchResult: beautytap.ShopAction.selectProductOnSearchResult is PASSED

2018-09-14 16:09:17 - [MESSAGE][PASSED] - Object: '' is clicked on

2018-09-14 16:09:17 - [MESSAGE][PASSED] - Wait for page load successfully

2018-09-14 16:09:17 - [MESSAGE][PASSED] - beautytap.ShopAction.selectProductOnSearchResult is PASSED

2018-09-14 16:09:17 - [TEST_STEP][PASSED] - beautytap.ShopAction.addProductToCart: beautytap.ShopAction.addProductToCart is PASSED

2018-09-14 16:09:17 - [MESSAGE][PASSED] - Text of object 'Object Repository/Page_Shop/txt_quantity' is cleared

2018-09-14 16:09:17 - [MESSAGE][PASSED] - Keys '3' sent to object: 'Object Repository/Page_Shop/txt_quantity'

2018-09-14 16:09:18 - [MESSAGE][PASSED] - Object: 'Object Repository/Page_Shop/btn_addToCart' is clicked on

2018-09-14 16:09:18 - [MESSAGE][PASSED] - Wait for page load successfully

2018-09-14 16:09:23 - [MESSAGE][PASSED] - Object 'Object Repository/Page_Shop/lbl_message' is present

2018-09-14 16:09:23 - [MESSAGE][PASSED] - beautytap.ShopAction.addProductToCart is PASSED

2018-09-14 16:09:23 - [TEST_STEP][PASSED] - beautytap.ShopAction.goToCart: beautytap.ShopAction.goToCart is PASSED

2018-09-14 16:09:28 - [MESSAGE][PASSED] - Object: 'Object Repository/Page_General/icon_cart' is clicked on

2018-09-14 16:09:28 - [MESSAGE][PASSED] - Wait for page load successfully

2018-09-14 16:09:28 - [MESSAGE][PASSED] - beautytap.ShopAction.goToCart is PASSED

2018-09-14 16:09:28 - [TEST_STEP][PASSED] - beautytap.ShopAction.processToCheckout: beautytap.ShopAction.processToCheckout is PASSED

2018-09-14 16:09:32 - [MESSAGE][PASSED] - Object: 'Object Repository/Page_Cart/btn_checkout' is clicked on

2018-09-14 16:09:32 - [MESSAGE][PASSED] - Wait for page load successfully

2018-09-14 16:09:32 - [MESSAGE][PASSED] - beautytap.ShopAction.processToCheckout is PASSED

2018-09-14 16:09:32 - [TEST_STEP][PASSED] - beautytap.ShopAction.fillCustomerInformation: beautytap.ShopAction.fillCustomerInformation is PASSED

2018-09-14 16:09:32 - [MESSAGE][PASSED] - Text of object 'Object Repository/Page_Checkout/txt_billingFirstName' is cleared

2018-09-14 16:09:33 - [MESSAGE][PASSED] - Keys 'Test' sent to object: 'Object Repository/Page_Checkout/txt_billingFirstName'

2018-09-14 16:09:33 - [MESSAGE][PASSED] - Text of object 'Object Repository/Page_Checkout/txt_billingLastName' is cleared

2018-09-14 16:09:33 - [MESSAGE][PASSED] - Keys 'Automation' sent to object: 'Object Repository/Page_Checkout/txt_billingLastName'

2018-09-14 16:09:33 - [MESSAGE][PASSED] - All options with label 'United States (US)' are selected in object 'Object Repository/Page_Checkout/drop_billingCountry' 

2018-09-14 16:09:38 - [MESSAGE][PASSED] - Delayed 5 second(s)

2018-09-14 16:09:38 - [MESSAGE][PASSED] - Text of object 'Object Repository/Page_Checkout/txt_billingAddress' is cleared

2018-09-14 16:09:39 - [MESSAGE][PASSED] - Keys '123 Testing' sent to object: 'Object Repository/Page_Checkout/txt_billingAddress'

2018-09-14 16:09:39 - [MESSAGE][PASSED] - Text of object 'Object Repository/Page_Checkout/txt_billingCity' is cleared

2018-09-14 16:09:39 - [MESSAGE][PASSED] - Keys 'New York' sent to object: 'Object Repository/Page_Checkout/txt_billingCity'

2018-09-14 16:09:39 - [MESSAGE][PASSED] - All options with label 'New York' are selected in object 'Object Repository/Page_Checkout/drop_billingState' 

2018-09-14 16:09:39 - [MESSAGE][PASSED] - Text of object 'Object Repository/Page_Checkout/txt_billingZip' is cleared

2018-09-14 16:09:40 - [MESSAGE][PASSED] - Keys '90012' sent to object: 'Object Repository/Page_Checkout/txt_billingZip'

2018-09-14 16:09:40 - [MESSAGE][PASSED] - Text of object 'Object Repository/Page_Checkout/txt_billingEmail' is cleared

2018-09-14 16:09:40 - [MESSAGE][PASSED] - Keys 'trang2408@mailinator.com' sent to object: 'Object Repository/Page_Checkout/txt_billingEmail'

2018-09-14 16:09:45 - [MESSAGE][PASSED] - Object 'Object Repository/Page_Checkout/chk_shipToDifferentAddress' is un-checked

2018-09-14 16:09:45 - [MESSAGE][PASSED] - Text of object 'Object Repository/Page_Checkout/txt_orderNote' is cleared

2018-09-14 16:09:46 - [MESSAGE][PASSED] - Keys 'TC07' sent to object: 'Object Repository/Page_Checkout/txt_orderNote'

2018-09-14 16:09:46 - [MESSAGE][PASSED] - Object 'Object Repository/Page_Checkout/radio_creditCard' is checked

2018-09-14 16:09:51 - [MESSAGE][PASSED] - Delayed 5 second(s)

2018-09-14 16:09:51 - [MESSAGE][PASSED] - beautytap.ShopAction.fillCustomerInformation is PASSED

2018-09-14 16:09:51 - [TEST_STEP][PASSED] - beautytap.ShopAction.VerifyOrderDetailsOnCheckout: Keyword VerifyOrderDetailsOnCheckout is Passed

2018-09-14 16:09:51 - [MESSAGE][PASSED] - Object '' is present

2018-09-14 16:09:51 - [MESSAGE][PASSED] - Text of object '' is: '$95.40'

2018-09-14 16:09:51 - [MESSAGE][PASSED] - Text of object '' is: 'Free shipping for orders over $60
Why does shipping take this long?'

2018-09-14 16:09:51 - [MESSAGE][PASSED] - Text of object '' is: '$95.40'

2018-09-14 16:09:51 - [MESSAGE][PASSED] - Keyword VerifyOrderDetailsOnCheckout is Passed

2018-09-14 16:09:51 - [TEST_STEP][PASSED] - beautytap.ShopAction.VerifyRewardEarned: Keyword VerifyRewardEarned is Passed

2018-09-14 16:09:51 - [MESSAGE][PASSED] - Text of object '' is: 'Status: Beauty Bae ( $95.4 x Rewards Multiplier )'

2018-09-14 16:09:51 - [MESSAGE][PASSED] - Text of object '' is: 'Status: Beauty Bae ( $95.4 x Rewards Multiplier )'

2018-09-14 16:09:51 - [MESSAGE][PASSED] - Text of object '' is: 'Status: Beauty Bae ( $95.4 x Rewards Multiplier )'

2018-09-14 16:09:51 - [MESSAGE][PASSED] - Text of object '' is: 'Multiplier: $95.4 x 1.1'

2018-09-14 16:09:51 - [MESSAGE][PASSED] - Text of object '' is: 'Multiplier: $95.4 x 1.1'

2018-09-14 16:09:51 - [MESSAGE][PASSED] - Text of object '' is: '104.9 Points!'

2018-09-14 16:09:51 - [MESSAGE][PASSED] - Text of object '' is: '104.9 Points!'

2018-09-14 16:09:51 - [MESSAGE][PASSED] - Text of object '' is: 'Multiplier: $95.4 x 1.1'

2018-09-14 16:09:51 - [MESSAGE][PASSED] - Text of object '' is: 'Multiplier: $95.4 x 1.1'

2018-09-14 16:09:51 - [MESSAGE][PASSED] - Text of object '' is: 'Multiplier: $95.4 x 1.1'

2018-09-14 16:09:51 - [MESSAGE][PASSED] - Keyword VerifyRewardEarned is Passed

2018-09-14 16:09:51 - [TEST_STEP][PASSED] - beautytap.ShopAction.checkoutViaCreditCard: beautytap.ShopAction.checkoutViaCreditCard is PASSED

2018-09-14 16:09:52 - [MESSAGE][PASSED] - Object 'Object Repository/Page_Checkout/radio_creditCard' is checked

2018-09-14 16:10:02 - [MESSAGE][PASSED] - Delayed 10 second(s)

2018-09-14 16:10:02 - [MESSAGE][PASSED] - Text of object 'Object Repository/Page_Checkout/txt_cardNumber' is cleared

2018-09-14 16:10:02 - [MESSAGE][PASSED] - Keys '4032036248443549' sent to object: 'Object Repository/Page_Checkout/txt_cardNumber'

2018-09-14 16:10:02 - [MESSAGE][PASSED] - All options with label 'Visa' are selected in object 'Object Repository/Page_Checkout/drop_cardType' 

2018-09-14 16:10:02 - [MESSAGE][PASSED] - All options with label '07' are selected in object 'Object Repository/Page_Checkout/drop_expirationMonth' 

2018-09-14 16:10:02 - [MESSAGE][PASSED] - All options with label '2023' are selected in object 'Object Repository/Page_Checkout/drop_expirationYear' 

2018-09-14 16:10:03 - [MESSAGE][PASSED] - Text of object 'Object Repository/Page_Checkout/txt_cardCVV' is cleared

2018-09-14 16:10:03 - [MESSAGE][PASSED] - Keys '123' sent to object: 'Object Repository/Page_Checkout/txt_cardCVV'

2018-09-14 16:10:08 - [MESSAGE][PASSED] - Object 'Object Repository/Page_Checkout/chk_terms' is checked

2018-09-14 16:10:13 - [MESSAGE][PASSED] - Object: 'Object Repository/Page_Checkout/btn_placeOrder' is clicked on

2018-09-14 16:10:29 - [MESSAGE][PASSED] - Object 'Object Repository/Page_Checkout/lbl_orderReceived' is present

2018-09-14 16:10:29 - [MESSAGE][PASSED] - beautytap.ShopAction.checkoutViaCreditCard is PASSED

2018-09-14 16:10:29 - [TEST_STEP][PASSED] - beautytap.ShopAction.VerifyOrderReceivedDetails: Keyword VerifyOrderReceivedDetails is Passed

2018-09-14 16:10:29 - [MESSAGE][PASSED] - Object '' is present

2018-09-14 16:10:29 - [MESSAGE][PASSED] - Text of object '' is: '$95.40'

2018-09-14 16:10:29 - [MESSAGE][PASSED] - Text of object '' is: 'Free shipping for orders over $60'

2018-09-14 16:10:35 - [MESSAGE][WARNING] - com.kms.katalon.core.webui.exception.WebElementNotFoundException: Web element with id: '' located by 'By.xpath: //th[text()='Shipping:']/parent::tr/td/span' not found
[[ATTACHMENT|E:\\BeautytapAutomation\\beautytapAuto\\Beautytap\\Reports\\Shop\\20180914_155712\\1536916234546.png]]

2018-09-14 16:10:35 - [MESSAGE][PASSED] - Text of object '' is: 'Credit Card Payment'

2018-09-14 16:10:35 - [MESSAGE][PASSED] - Text of object '' is: '$95.40'

2018-09-14 16:10:35 - [MESSAGE][PASSED] - Keyword VerifyOrderReceivedDetails is Passed

2018-09-14 16:10:35 - [TEST_STEP][PASSED] - beautytap.ShopAction.VerifyRewardEarned: Keyword VerifyRewardEarned is Passed

2018-09-14 16:10:35 - [MESSAGE][PASSED] - Text of object '' is: 'Status: Beauty Bae ( $95.40 x Rewards Multiplier )'

2018-09-14 16:10:35 - [MESSAGE][PASSED] - Text of object '' is: 'Status: Beauty Bae ( $95.40 x Rewards Multiplier )'

2018-09-14 16:10:35 - [MESSAGE][PASSED] - Text of object '' is: 'Status: Beauty Bae ( $95.40 x Rewards Multiplier )'

2018-09-14 16:10:35 - [MESSAGE][PASSED] - Text of object '' is: 'Multiplier: $95.40 x 1.1'

2018-09-14 16:10:35 - [MESSAGE][PASSED] - Text of object '' is: 'Multiplier: $95.40 x 1.1'

2018-09-14 16:10:35 - [MESSAGE][PASSED] - Text of object '' is: '104.9 Points!'

2018-09-14 16:10:35 - [MESSAGE][PASSED] - Text of object '' is: '104.9 Points!'

2018-09-14 16:10:35 - [MESSAGE][PASSED] - Text of object '' is: 'Multiplier: $95.40 x 1.1'

2018-09-14 16:10:35 - [MESSAGE][PASSED] - Text of object '' is: 'Multiplier: $95.40 x 1.1'

2018-09-14 16:10:35 - [MESSAGE][PASSED] - Text of object '' is: 'Multiplier: $95.40 x 1.1'

2018-09-14 16:10:35 - [MESSAGE][PASSED] - Keyword VerifyRewardEarned is Passed

2018-09-14 16:10:35 - [TEST_STEP][PASSED] - Statement - orderInfo = CustomKeywords.beautytap.ShopAction.getOrderInfoOnOrderReceived(): beautytap.ShopAction.getOrderInfoOnOrderReceived is PASSED

2018-09-14 16:10:35 - [MESSAGE][PASSED] - Text of object '' is: '136525'

2018-09-14 16:10:35 - [MESSAGE][PASSED] - Text of object '' is: 'September 14, 2018'

2018-09-14 16:10:35 - [MESSAGE][PASSED] - beautytap.ShopAction.getOrderInfoOnOrderReceived is PASSED

2018-09-14 16:10:35 - [TEST_STEP][PASSED] - Statement - orderNumber = orderInfo.get("ordernumber"): null

2018-09-14 16:10:35 - [TEST_STEP][PASSED] - Statement - orderDate = orderInfo.get("date"): null

2018-09-14 16:10:36 - [TEST_STEP][PASSED] - Statement - completeOrderSubject = "Your " + SITE_TITLE + " order from " + orderDate + " is complete": null

2018-09-14 16:10:36 - [TEST_STEP][PASSED] - Statement - completeOrderSubject = completeOrderSubject.replace("[", "").replace("]", ""): null

2018-09-14 16:10:36 - [TEST_STEP][PASSED] - beautytap.GeneralAction.selectProfileMenu: beautytap.GeneralAction.selectProfileMenu is PASSED

2018-09-14 16:10:36 - [MESSAGE][PASSED] - Object: 'Object Repository/Page_General/link_avatar' is clicked on

2018-09-14 16:10:38 - [MESSAGE][PASSED] - Delayed 2 second(s)

2018-09-14 16:10:42 - [MESSAGE][PASSED] - Object: '' is clicked on

2018-09-14 16:10:42 - [MESSAGE][PASSED] - Wait for page load successfully

2018-09-14 16:10:42 - [MESSAGE][PASSED] - beautytap.GeneralAction.selectProfileMenu is PASSED

2018-09-14 16:10:42 - [TEST_STEP][PASSED] - Statement - newPending = java.lang.Float.parseFloat(java.lang.String.format("%.2f", pending + rewardEarned)): null

2018-09-14 16:10:42 - [TEST_STEP][PASSED] - beautytap.ShopAction.VerifyRewardPointsDetails: Keyword VerifyRewardPoints is Passed

2018-09-14 16:10:42 - [MESSAGE][PASSED] - Text of object '' is: '2892.13'

2018-09-14 16:10:42 - [MESSAGE][PASSED] - Text of object '' is: '2537.14'

2018-09-14 16:10:42 - [MESSAGE][PASSED] - Text of object '' is: '1182.13'

2018-09-14 16:10:42 - [MESSAGE][PASSED] - Text of object '' is: '$60.00'

2018-09-14 16:10:42 - [MESSAGE][PASSED] - Keyword VerifyRewardPoints is Passed

2018-09-14 16:10:42 - [TEST_STEP][PASSED] - beautytap.ShopAction.VerifyRewardHistory: Keyword VerifyRewardHistory is Passed

2018-09-14 16:10:42 - [MESSAGE][PASSED] - Object '' is present

2018-09-14 16:10:42 - [MESSAGE][PASSED] - Text of object '' is: ''

2018-09-14 16:10:42 - [MESSAGE][PASSED] - Text of object '' is: '$95.40'

2018-09-14 16:10:42 - [MESSAGE][PASSED] - Text of object '' is: '1.1'

2018-09-14 16:10:42 - [MESSAGE][PASSED] - Text of object '' is: '0.00'

2018-09-14 16:10:42 - [MESSAGE][PASSED] - Text of object '' is: '1182.13'

2018-09-14 16:10:42 - [MESSAGE][PASSED] - Keyword VerifyRewardHistory is Passed

2018-09-14 16:10:42 - [TEST_STEP][PASSED] - beautytap.ShopAction.VerifyRewardHistory: Keyword VerifyRewardHistory is Passed

2018-09-14 16:10:42 - [MESSAGE][PASSED] - Object '' is present

2018-09-14 16:10:42 - [MESSAGE][PASSED] - Text of object '' is: ''

2018-09-14 16:10:42 - [MESSAGE][PASSED] - Text of object '' is: '$95.40'

2018-09-14 16:10:42 - [MESSAGE][PASSED] - Text of object '' is: '1.1'

2018-09-14 16:10:42 - [MESSAGE][PASSED] - Text of object '' is: '0.00'

2018-09-14 16:10:42 - [MESSAGE][PASSED] - Text of object '' is: '1182.13'

2018-09-14 16:10:42 - [MESSAGE][PASSED] - Keyword VerifyRewardHistory is Passed

2018-09-14 16:10:42 - [TEST_STEP][PASSED] - beautytap.GeneralAction.logout: beautytap.GeneralAction.logout is PASSED

2018-09-14 16:10:43 - [MESSAGE][PASSED] - Object: 'Object Repository/Page_General/link_avatar' is clicked on

2018-09-14 16:10:43 - [MESSAGE][PASSED] - Object 'Object Repository/Page_General/menu_logout' is present

2018-09-14 16:10:43 - [MESSAGE][PASSED] - Object: 'Object Repository/Page_General/menu_logout' is clicked on

2018-09-14 16:10:43 - [MESSAGE][PASSED] - Wait for page load successfully

2018-09-14 16:10:43 - [MESSAGE][PASSED] - beautytap.GeneralAction.logout is PASSED

2018-09-14 16:10:43 - [TEST_STEP][PASSED] - beautytap.GeneralAction.clickNavigationMenu: beautytap.GeneralAction.clickNavigationMenu is PASSED

2018-09-14 16:10:51 - [MESSAGE][PASSED] - Object: 'Object Repository/Page_General/link_login' is clicked on

2018-09-14 16:10:51 - [MESSAGE][PASSED] - Wait for page load successfully

2018-09-14 16:10:51 - [MESSAGE][PASSED] - beautytap.GeneralAction.clickNavigationMenu is PASSED

2018-09-14 16:10:51 - [TEST_STEP][PASSED] - beautytap.GeneralAction.login: beautytap.GeneralAction.login is PASSED

2018-09-14 16:10:51 - [MESSAGE][PASSED] - Text of object 'Object Repository/Page_login/txt_username' is cleared

2018-09-14 16:10:51 - [MESSAGE][PASSED] - Keys 'mrwhite' sent to object: 'Object Repository/Page_login/txt_username'

2018-09-14 16:10:51 - [MESSAGE][PASSED] - Text of object 'Object Repository/Page_login/txt_password' is cleared

2018-09-14 16:10:51 - [MESSAGE][PASSED] - Keys 'kgySM$Im' sent to object: 'Object Repository/Page_login/txt_password'

2018-09-14 16:10:51 - [MESSAGE][PASSED] - Object: 'Object Repository/Page_login/btn_login' is clicked on

2018-09-14 16:10:51 - [MESSAGE][PASSED] - Wait for page load successfully

2018-09-14 16:10:51 - [MESSAGE][PASSED] - beautytap.GeneralAction.login is PASSED

2018-09-14 16:10:51 - [TEST_STEP][PASSED] - navigateToUrl: Navigate to 'https://stage.beautytap.com/admin' successfully

2018-09-14 16:10:59 - [MESSAGE][PASSED] - Navigate to 'https://stage.beautytap.com/admin' successfully

2018-09-14 16:10:59 - [TEST_STEP][PASSED] - beautytap.AdminAction.changeOrderStatus: beautytap.AdminAction.changeOrderStatus is PASSED

2018-09-14 16:11:07 - [MESSAGE][PASSED] - Object: '' is clicked on

2018-09-14 16:11:07 - [MESSAGE][PASSED] - Wait for page load successfully

2018-09-14 16:11:12 - [MESSAGE][PASSED] - Object: '' is clicked on

2018-09-14 16:11:12 - [MESSAGE][PASSED] - Wait for page load successfully

2018-09-14 16:11:12 - [MESSAGE][PASSED] - Text of object 'Object Repository/Page_Admin/txt_searchOrder' is cleared

2018-09-14 16:11:13 - [MESSAGE][PASSED] - Keys '136525' sent to object: 'Object Repository/Page_Admin/txt_searchOrder'

2018-09-14 16:11:16 - [MESSAGE][PASSED] - Object: 'Object Repository/Page_Admin/btn_searchOrder' is clicked on

2018-09-14 16:11:16 - [MESSAGE][PASSED] - Wait for page load successfully

2018-09-14 16:11:23 - [MESSAGE][PASSED] - Object: '' is clicked on

2018-09-14 16:11:23 - [MESSAGE][PASSED] - Wait for page load successfully

2018-09-14 16:11:23 - [MESSAGE][PASSED] - All options with label 'Completed' are selected in object 'Object Repository/Page_Admin/drop_orderStatus' 

2018-09-14 16:11:24 - [MESSAGE][PASSED] - Object: 'Object Repository/Page_Admin/btn_saveOrder' is clicked on

2018-09-14 16:11:34 - [MESSAGE][PASSED] - Object 'Object Repository/Page_Admin/lbl_orderUpdatedMessage' is present

2018-09-14 16:11:34 - [MESSAGE][PASSED] - beautytap.AdminAction.changeOrderStatus is PASSED

2018-09-14 16:11:34 - [TEST_STEP][PASSED] - beautytap.GeneralAction.openMailBox: beautytap.GeneralAction.openMailBox is PASSED

2018-09-14 16:11:36 - [MESSAGE][PASSED] - Navigate to 'https://www.mailinator.com' successfully

2018-09-14 16:11:36 - [MESSAGE][PASSED] - Wait for page load successfully

2018-09-14 16:11:36 - [MESSAGE][PASSED] - Keys 'trang2408@mailinator.com' sent to object: 'Object Repository/Page_mailinator/txt_email'

2018-09-14 16:11:38 - [MESSAGE][PASSED] - Object: 'Object Repository/Page_mailinator/btn_go' is clicked on

2018-09-14 16:11:38 - [MESSAGE][PASSED] - Wait for page load successfully

2018-09-14 16:11:43 - [MESSAGE][PASSED] - Delayed 5 second(s)

2018-09-14 16:11:43 - [MESSAGE][PASSED] - beautytap.GeneralAction.openMailBox is PASSED

2018-09-14 16:11:43 - [TEST_STEP][PASSED] - beautytap.GeneralAction.verifyEmailExist: beautytap.GeneralAction.verifyEmailExist is PASSED

2018-09-14 16:11:43 - [MESSAGE][PASSED] - Object '' is present

2018-09-14 16:11:43 - [MESSAGE][PASSED] - beautytap.GeneralAction.verifyEmailExist is PASSED

2018-09-14 16:11:43 - [TEST_STEP][PASSED] - beautytap.GeneralAction.openEmail: beautytap.GeneralAction.openEmail is PASSED

2018-09-14 16:11:43 - [MESSAGE][PASSED] - Object: '' is clicked on

2018-09-14 16:11:43 - [MESSAGE][PASSED] - beautytap.GeneralAction.openEmail is PASSED

2018-09-14 16:11:43 - [TEST_STEP][PASSED] - beautytap.ShopAction.VerifyOrderCompleteEmail: Keyword VerifyOrderCompleteEmail is Passed

2018-09-14 16:11:44 - [MESSAGE][PASSED] - Object '' is present

2018-09-14 16:11:44 - [MESSAGE][PASSED] - Text of object '' is: 'La Muse Correct Care Complete Cushion SPF50+'

2018-09-14 16:11:44 - [MESSAGE][PASSED] - Text of object '' is: '3'

2018-09-14 16:11:44 - [MESSAGE][PASSED] - Text of object '' is: '$95.40'

2018-09-14 16:11:44 - [MESSAGE][PASSED] - Text of object '' is: '$95.40'

2018-09-14 16:11:44 - [MESSAGE][PASSED] - Text of object '' is: 'Free shipping for orders over $60'

2018-09-14 16:11:50 - [MESSAGE][WARNING] - com.kms.katalon.core.webui.exception.WebElementNotFoundException: Web element with id: '' located by 'By.xpath: //th[text()='Shipping:']/parent::tr/td/span' not found
[[ATTACHMENT|E:\\BeautytapAutomation\\beautytapAuto\\Beautytap\\Reports\\Shop\\20180914_155712\\1536916309766.png]]

2018-09-14 16:11:50 - [MESSAGE][PASSED] - Text of object '' is: 'Credit Card Payment'

2018-09-14 16:11:50 - [MESSAGE][PASSED] - Text of object '' is: '104.94'

2018-09-14 16:11:50 - [MESSAGE][PASSED] - Text of object '' is: '$95.40'

2018-09-14 16:11:50 - [MESSAGE][PASSED] - Keyword VerifyOrderCompleteEmail is Passed

2018-09-14 16:11:50 - [TEST_STEP][PASSED] - closeBrowser: Browser is closed

2018-09-14 16:11:51 - [MESSAGE][PASSED] - Browser is closed

2018-09-14 16:11:51 - [TEST_STEP][PASSED] - beautytap.GeneralAction.openBeautytap: beautytap.GeneralAction.openBeautytap is PASSED

2018-09-14 16:12:10 - [MESSAGE][PASSED] - Browser is opened with url: 'https://stage.beautytap.com'

2018-09-14 16:12:11 - [MESSAGE][PASSED] - Current window maximized

2018-09-14 16:12:17 - [MESSAGE][PASSED] - Refresh successfully

2018-09-14 16:12:17 - [MESSAGE][PASSED] - Wait for page load successfully

2018-09-14 16:12:17 - [MESSAGE][PASSED] - beautytap.GeneralAction.openBeautytap is PASSED

2018-09-14 16:12:17 - [TEST_STEP][PASSED] - beautytap.GeneralAction.clickNavigationMenu: beautytap.GeneralAction.clickNavigationMenu is PASSED

2018-09-14 16:12:21 - [MESSAGE][PASSED] - Object: 'Object Repository/Page_General/link_login' is clicked on

2018-09-14 16:12:21 - [MESSAGE][PASSED] - Wait for page load successfully

2018-09-14 16:12:21 - [MESSAGE][PASSED] - beautytap.GeneralAction.clickNavigationMenu is PASSED

2018-09-14 16:12:21 - [TEST_STEP][PASSED] - beautytap.GeneralAction.login: beautytap.GeneralAction.login is PASSED

2018-09-14 16:12:21 - [MESSAGE][PASSED] - Text of object 'Object Repository/Page_login/txt_username' is cleared

2018-09-14 16:12:21 - [MESSAGE][PASSED] - Keys 'trang2408@mailinator.com' sent to object: 'Object Repository/Page_login/txt_username'

2018-09-14 16:12:21 - [MESSAGE][PASSED] - Text of object 'Object Repository/Page_login/txt_password' is cleared

2018-09-14 16:12:22 - [MESSAGE][PASSED] - Keys '123456' sent to object: 'Object Repository/Page_login/txt_password'

2018-09-14 16:12:22 - [MESSAGE][PASSED] - Object: 'Object Repository/Page_login/btn_login' is clicked on

2018-09-14 16:12:22 - [MESSAGE][PASSED] - Wait for page load successfully

2018-09-14 16:12:22 - [MESSAGE][PASSED] - beautytap.GeneralAction.login is PASSED

2018-09-14 16:12:22 - [TEST_STEP][PASSED] - beautytap.GeneralAction.VerifyNotificationText: Keyword VerifyNotificationText is Passed

2018-09-14 16:12:31 - [MESSAGE][PASSED] - Object: 'Object Repository/Page_General/link_notificationIcon' is clicked on

2018-09-14 16:12:36 - [MESSAGE][PASSED] - Delayed 5 second(s)

2018-09-14 16:12:36 - [MESSAGE][PASSED] - Text of object '' is: 'You received 104.94 redeemable points'

2018-09-14 16:12:36 - [MESSAGE][PASSED] - Keyword VerifyNotificationText is Passed

2018-09-14 16:12:36 - [TEST_STEP][PASSED] - beautytap.GeneralAction.selectProfileMenu: beautytap.GeneralAction.selectProfileMenu is PASSED

2018-09-14 16:12:36 - [MESSAGE][PASSED] - Object: 'Object Repository/Page_General/link_avatar' is clicked on

2018-09-14 16:12:38 - [MESSAGE][PASSED] - Delayed 2 second(s)

2018-09-14 16:12:42 - [MESSAGE][PASSED] - Object: '' is clicked on

2018-09-14 16:12:42 - [MESSAGE][PASSED] - Wait for page load successfully

2018-09-14 16:12:42 - [MESSAGE][PASSED] - beautytap.GeneralAction.selectProfileMenu is PASSED

2018-09-14 16:12:42 - [TEST_STEP][PASSED] - Statement - newLifetime = java.lang.Float.parseFloat(java.lang.String.format("%.2f", lifetime + rewardEarned)): null

2018-09-14 16:12:42 - [TEST_STEP][PASSED] - Statement - newRedeemable = java.lang.Float.parseFloat(java.lang.String.format("%.2f", redeemable + rewardEarned)): null

2018-09-14 16:12:42 - [TEST_STEP][PASSED] - Statement - newPointValue = CustomKeywords.beautytap.ShopAction.calculateLoyaltyPointValue(newRedeemable): beautytap.ShopAction.calculateLoyaltyPointValue is PASSED

2018-09-14 16:12:42 - [MESSAGE][PASSED] - beautytap.ShopAction.calculateLoyaltyPointValue is PASSED

2018-09-14 16:12:42 - [TEST_STEP][PASSED] - beautytap.ShopAction.VerifyRewardPointsDetails: Keyword VerifyRewardPoints is Passed

2018-09-14 16:12:43 - [MESSAGE][PASSED] - Text of object '' is: '2997.07'

2018-09-14 16:12:43 - [MESSAGE][PASSED] - Text of object '' is: '2432.20'

2018-09-14 16:12:43 - [MESSAGE][PASSED] - Text of object '' is: '1287.07'

2018-09-14 16:12:43 - [MESSAGE][PASSED] - Text of object '' is: '$64.00'

2018-09-14 16:12:43 - [MESSAGE][PASSED] - Keyword VerifyRewardPoints is Passed

2018-09-14 16:12:43 - [TEST_STEP][PASSED] - beautytap.ShopAction.VerifyRewardHistory: Keyword VerifyRewardHistory is Passed

2018-09-14 16:12:43 - [MESSAGE][PASSED] - Object '' is present

2018-09-14 16:12:43 - [MESSAGE][PASSED] - Text of object '' is: ''

2018-09-14 16:12:43 - [MESSAGE][PASSED] - Text of object '' is: '$95.40'

2018-09-14 16:12:43 - [MESSAGE][PASSED] - Text of object '' is: '1.1'

2018-09-14 16:12:43 - [MESSAGE][PASSED] - Text of object '' is: '104.94'

2018-09-14 16:12:43 - [MESSAGE][PASSED] - Text of object '' is: '1287.07'

2018-09-14 16:12:43 - [MESSAGE][PASSED] - Keyword VerifyRewardHistory is Passed

2018-09-14 16:12:43 - [TEST_STEP][PASSED] - beautytap.GeneralAction.logout: beautytap.GeneralAction.logout is PASSED

2018-09-14 16:12:43 - [MESSAGE][PASSED] - Object: 'Object Repository/Page_General/link_avatar' is clicked on

2018-09-14 16:12:44 - [MESSAGE][PASSED] - Object 'Object Repository/Page_General/menu_logout' is present

2018-09-14 16:12:44 - [MESSAGE][PASSED] - Object: 'Object Repository/Page_General/menu_logout' is clicked on

2018-09-14 16:12:44 - [MESSAGE][PASSED] - Wait for page load successfully

2018-09-14 16:12:44 - [MESSAGE][PASSED] - beautytap.GeneralAction.logout is PASSED]]></system-out>
         <system-err><![CDATA[]]></system-err>
      </testcase>
      <testcase name="Test Cases/Shop/TC08_BuyProduct_UsingRewardPoint" classname="Test Cases/Shop/TC08_BuyProduct_UsingRewardPoint" status="PASSED">
         <system-out><![CDATA[2018-09-14 16:12:46 - [TEST_CASE][PASSED] - Test Cases/Shop/TC08_BuyProduct_UsingRewardPoint: Test Cases/Shop/TC08_BuyProduct_UsingRewardPoint

2018-09-14 16:12:47 - [TEST_STEP][PASSED] - Statement - username = USER_EMAIL: null

2018-09-14 16:12:47 - [TEST_STEP][PASSED] - Statement - password = USER_PASSWORD: null

2018-09-14 16:12:47 - [TEST_STEP][PASSED] - Statement - productName = SIMPLE_PRODUCT: null

2018-09-14 16:12:47 - [TEST_STEP][PASSED] - Statement - price = SIMPLE_PRODUCT_PRICE: null

2018-09-14 16:12:47 - [TEST_STEP][PASSED] - Statement - quantity = 3: null

2018-09-14 16:12:47 - [TEST_STEP][PASSED] - Statement - shippingLabel = FREE_SHIPPING_LABEL: null

2018-09-14 16:12:47 - [TEST_STEP][PASSED] - Statement - shippingPrice = 0: null

2018-09-14 16:12:47 - [TEST_STEP][PASSED] - Statement - pointUsed = 60: null

2018-09-14 16:12:47 - [TEST_STEP][PASSED] - Statement - pointValueUsed = 2: null

2018-09-14 16:12:47 - [TEST_STEP][PASSED] - Statement - subtotal = CustomKeywords.beautytap.ShopAction.calculateTotal(quantity, price): beautytap.ShopAction.calculateTotal is PASSED

2018-09-14 16:12:47 - [MESSAGE][PASSED] - beautytap.ShopAction.calculateTotal is PASSED

2018-09-14 16:12:47 - [TEST_STEP][PASSED] - Statement - subtotalApplyReward = java.lang.Float.parseFloat(java.lang.String.format("%.2f", subtotal - pointValueUsed)): null

2018-09-14 16:12:47 - [TEST_STEP][PASSED] - Statement - total = java.lang.Float.parseFloat(java.lang.String.format("%.2f", subtotal - pointValueUsed + shippingPrice)): null

2018-09-14 16:12:47 - [TEST_STEP][PASSED] - Statement - products = new org.json.JSONArray((((((([{"productname":" + productName) + ","variation":"","quantity":") + quantity) + ","price":") + price) + "}])): null

2018-09-14 16:12:47 - [TEST_STEP][PASSED] - Statement - billingInformation = new org.json.JSONObject((({"firstname":"Test","lastname":"Automation","country":"United States (US)","address":"123 Testing","city":"New York","state":"New York","zip":"90012","email":" + username) + "})): null

2018-09-14 16:12:47 - [TEST_STEP][PASSED] - Statement - paymentMethod = "Credit Card Payment": null

2018-09-14 16:12:47 - [TEST_STEP][PASSED] - beautytap.GeneralAction.openBeautytap: beautytap.GeneralAction.openBeautytap is PASSED

2018-09-14 16:12:47 - [MESSAGE][WARNING] - A browser is already opened. Closing browser and opening a new one

2018-09-14 16:13:11 - [MESSAGE][PASSED] - Browser is opened with url: 'https://stage.beautytap.com'

2018-09-14 16:13:12 - [MESSAGE][PASSED] - Current window maximized

2018-09-14 16:13:16 - [MESSAGE][PASSED] - Refresh successfully

2018-09-14 16:13:16 - [MESSAGE][PASSED] - Wait for page load successfully

2018-09-14 16:13:16 - [MESSAGE][PASSED] - beautytap.GeneralAction.openBeautytap is PASSED

2018-09-14 16:13:16 - [TEST_STEP][PASSED] - beautytap.GeneralAction.clickNavigationMenu: beautytap.GeneralAction.clickNavigationMenu is PASSED

2018-09-14 16:13:21 - [MESSAGE][PASSED] - Object: 'Object Repository/Page_General/link_login' is clicked on

2018-09-14 16:13:21 - [MESSAGE][PASSED] - Wait for page load successfully

2018-09-14 16:13:21 - [MESSAGE][PASSED] - beautytap.GeneralAction.clickNavigationMenu is PASSED

2018-09-14 16:13:21 - [TEST_STEP][PASSED] - beautytap.GeneralAction.login: beautytap.GeneralAction.login is PASSED

2018-09-14 16:13:21 - [MESSAGE][PASSED] - Text of object 'Object Repository/Page_login/txt_username' is cleared

2018-09-14 16:13:21 - [MESSAGE][PASSED] - Keys 'trang2408@mailinator.com' sent to object: 'Object Repository/Page_login/txt_username'

2018-09-14 16:13:22 - [MESSAGE][PASSED] - Text of object 'Object Repository/Page_login/txt_password' is cleared

2018-09-14 16:13:22 - [MESSAGE][PASSED] - Keys '123456' sent to object: 'Object Repository/Page_login/txt_password'

2018-09-14 16:13:22 - [MESSAGE][PASSED] - Object: 'Object Repository/Page_login/btn_login' is clicked on

2018-09-14 16:13:22 - [MESSAGE][PASSED] - Wait for page load successfully

2018-09-14 16:13:22 - [MESSAGE][PASSED] - beautytap.GeneralAction.login is PASSED

2018-09-14 16:13:22 - [TEST_STEP][PASSED] - beautytap.GeneralAction.selectProfileMenu: beautytap.GeneralAction.selectProfileMenu is PASSED

2018-09-14 16:13:30 - [MESSAGE][PASSED] - Object: 'Object Repository/Page_General/link_avatar' is clicked on

2018-09-14 16:13:32 - [MESSAGE][PASSED] - Delayed 2 second(s)

2018-09-14 16:13:35 - [MESSAGE][PASSED] - Object: '' is clicked on

2018-09-14 16:13:35 - [MESSAGE][PASSED] - Wait for page load successfully

2018-09-14 16:13:35 - [MESSAGE][PASSED] - beautytap.GeneralAction.selectProfileMenu is PASSED

2018-09-14 16:13:35 - [TEST_STEP][PASSED] - Statement - objReward = CustomKeywords.beautytap.ShopAction.getRewardDetails(): beautytap.ShopAction.getRewardDetails is PASSED

2018-09-14 16:13:35 - [MESSAGE][PASSED] - Text of object '' is: '1.1 x Rewards Multiplier!'

2018-09-14 16:13:36 - [MESSAGE][PASSED] - Text of object '' is: '1.1 x Rewards Multiplier!'

2018-09-14 16:13:36 - [MESSAGE][PASSED] - Text of object '' is: '2997.07'

2018-09-14 16:13:36 - [MESSAGE][PASSED] - Text of object '' is: '2432.20'

2018-09-14 16:13:36 - [MESSAGE][PASSED] - Text of object '' is: '1287.07'

2018-09-14 16:13:36 - [MESSAGE][PASSED] - Text of object '' is: '$64.00'

2018-09-14 16:13:36 - [MESSAGE][PASSED] - Text of object '' is: 'Beauty Bae'

2018-09-14 16:13:36 - [MESSAGE][PASSED] - beautytap.ShopAction.getRewardDetails is PASSED

2018-09-14 16:13:36 - [TEST_STEP][PASSED] - Statement - multiplier = java.lang.Float.parseFloat(objReward.get("multiplier")): null

2018-09-14 16:13:36 - [TEST_STEP][PASSED] - Statement - currentlevel = objReward.get("currentlevel"): null

2018-09-14 16:13:36 - [TEST_STEP][PASSED] - Statement - lifetime = java.lang.Float.parseFloat(objReward.get("lifetime")): null

2018-09-14 16:13:36 - [TEST_STEP][PASSED] - Statement - pending = java.lang.Float.parseFloat(objReward.get("pending")): null

2018-09-14 16:13:36 - [TEST_STEP][PASSED] - Statement - redeemable = java.lang.Float.parseFloat(objReward.get("redeemable")): null

2018-09-14 16:13:36 - [TEST_STEP][PASSED] - Statement - pointvalue = java.lang.Float.parseFloat(objReward.get("pointvalue")): null

2018-09-14 16:13:36 - [TEST_STEP][PASSED] - Statement - rewardEarned = java.lang.Float.parseFloat(java.lang.String.format("%.2f", multiplier * subtotal - pointValueUsed)): null

2018-09-14 16:13:36 - [TEST_STEP][PASSED] - beautytap.ShopAction.globalSearch: beautytap.ShopAction.globalSearch is PASSED

2018-09-14 16:13:36 - [MESSAGE][PASSED] - Object: 'Object Repository/Page_General/icon_search' is clicked on

2018-09-14 16:13:41 - [MESSAGE][PASSED] - Delayed 5 second(s)

2018-09-14 16:13:41 - [MESSAGE][PASSED] - Text of object 'Object Repository/Page_General/txt_search' is cleared

2018-09-14 16:13:41 - [MESSAGE][PASSED] - Keys 'CONTROL + v' sent to object: 'Object Repository/Page_General/txt_search'

2018-09-14 16:13:43 - [MESSAGE][PASSED] - Object 'Object Repository/Page_General/div_searchResult' is present

2018-09-14 16:13:43 - [MESSAGE][PASSED] - beautytap.ShopAction.globalSearch is PASSED

2018-09-14 16:13:43 - [TEST_STEP][PASSED] - beautytap.ShopAction.selectProductOnSearchResult: beautytap.ShopAction.selectProductOnSearchResult is PASSED

2018-09-14 16:13:49 - [MESSAGE][PASSED] - Object: '' is clicked on

2018-09-14 16:13:49 - [MESSAGE][PASSED] - Wait for page load successfully

2018-09-14 16:13:49 - [MESSAGE][PASSED] - beautytap.ShopAction.selectProductOnSearchResult is PASSED

2018-09-14 16:13:49 - [TEST_STEP][PASSED] - beautytap.ShopAction.addProductToCart: beautytap.ShopAction.addProductToCart is PASSED

2018-09-14 16:13:49 - [MESSAGE][PASSED] - Text of object 'Object Repository/Page_Shop/txt_quantity' is cleared

2018-09-14 16:13:49 - [MESSAGE][PASSED] - Keys '3' sent to object: 'Object Repository/Page_Shop/txt_quantity'

2018-09-14 16:13:49 - [MESSAGE][PASSED] - Object: 'Object Repository/Page_Shop/btn_addToCart' is clicked on

2018-09-14 16:13:49 - [MESSAGE][PASSED] - Wait for page load successfully

2018-09-14 16:13:56 - [MESSAGE][PASSED] - Object 'Object Repository/Page_Shop/lbl_message' is present

2018-09-14 16:13:56 - [MESSAGE][PASSED] - beautytap.ShopAction.addProductToCart is PASSED

2018-09-14 16:13:56 - [TEST_STEP][PASSED] - beautytap.ShopAction.goToCart: beautytap.ShopAction.goToCart is PASSED

2018-09-14 16:14:02 - [MESSAGE][PASSED] - Object: 'Object Repository/Page_General/icon_cart' is clicked on

2018-09-14 16:14:02 - [MESSAGE][PASSED] - Wait for page load successfully

2018-09-14 16:14:02 - [MESSAGE][PASSED] - beautytap.ShopAction.goToCart is PASSED

2018-09-14 16:14:02 - [TEST_STEP][PASSED] - beautytap.ShopAction.processToCheckout: beautytap.ShopAction.processToCheckout is PASSED

2018-09-14 16:14:07 - [MESSAGE][PASSED] - Object: 'Object Repository/Page_Cart/btn_checkout' is clicked on

2018-09-14 16:14:07 - [MESSAGE][PASSED] - Wait for page load successfully

2018-09-14 16:14:07 - [MESSAGE][PASSED] - beautytap.ShopAction.processToCheckout is PASSED

2018-09-14 16:14:07 - [TEST_STEP][PASSED] - beautytap.ShopAction.applyLoyaltyRewardPoint: beautytap.ShopAction.applyLoyaltyRewardPoint is PASSED

2018-09-14 16:14:07 - [MESSAGE][PASSED] - Object: 'Object Repository/Page_Checkout/link_clickToRedeem' is clicked on

2018-09-14 16:14:07 - [MESSAGE][PASSED] - Object '' is checked

2018-09-14 16:14:07 - [MESSAGE][PASSED] - Object: 'Object Repository/Page_Checkout/btn_applyReward' is clicked on

2018-09-14 16:14:08 - [MESSAGE][PASSED] - Object '' is present

2018-09-14 16:14:08 - [MESSAGE][PASSED] - beautytap.ShopAction.applyLoyaltyRewardPoint is PASSED

2018-09-14 16:14:08 - [TEST_STEP][PASSED] - beautytap.ShopAction.fillCustomerInformation: beautytap.ShopAction.fillCustomerInformation is PASSED

2018-09-14 16:14:08 - [MESSAGE][PASSED] - Text of object 'Object Repository/Page_Checkout/txt_billingFirstName' is cleared

2018-09-14 16:14:08 - [MESSAGE][PASSED] - Keys 'Test' sent to object: 'Object Repository/Page_Checkout/txt_billingFirstName'

2018-09-14 16:14:08 - [MESSAGE][PASSED] - Text of object 'Object Repository/Page_Checkout/txt_billingLastName' is cleared

2018-09-14 16:14:08 - [MESSAGE][PASSED] - Keys 'Automation' sent to object: 'Object Repository/Page_Checkout/txt_billingLastName'

2018-09-14 16:14:08 - [MESSAGE][PASSED] - All options with label 'United States (US)' are selected in object 'Object Repository/Page_Checkout/drop_billingCountry' 

2018-09-14 16:14:13 - [MESSAGE][PASSED] - Delayed 5 second(s)

2018-09-14 16:14:13 - [MESSAGE][PASSED] - Text of object 'Object Repository/Page_Checkout/txt_billingAddress' is cleared

2018-09-14 16:14:14 - [MESSAGE][PASSED] - Keys '123 Testing' sent to object: 'Object Repository/Page_Checkout/txt_billingAddress'

2018-09-14 16:14:14 - [MESSAGE][PASSED] - Text of object 'Object Repository/Page_Checkout/txt_billingCity' is cleared

2018-09-14 16:14:14 - [MESSAGE][PASSED] - Keys 'New York' sent to object: 'Object Repository/Page_Checkout/txt_billingCity'

2018-09-14 16:14:14 - [MESSAGE][PASSED] - All options with label 'New York' are selected in object 'Object Repository/Page_Checkout/drop_billingState' 

2018-09-14 16:14:14 - [MESSAGE][PASSED] - Text of object 'Object Repository/Page_Checkout/txt_billingZip' is cleared

2018-09-14 16:14:15 - [MESSAGE][PASSED] - Keys '90012' sent to object: 'Object Repository/Page_Checkout/txt_billingZip'

2018-09-14 16:14:15 - [MESSAGE][PASSED] - Text of object 'Object Repository/Page_Checkout/txt_billingEmail' is cleared

2018-09-14 16:14:15 - [MESSAGE][PASSED] - Keys 'trang2408@mailinator.com' sent to object: 'Object Repository/Page_Checkout/txt_billingEmail'

2018-09-14 16:14:15 - [MESSAGE][PASSED] - Object 'Object Repository/Page_Checkout/chk_shipToDifferentAddress' is un-checked

2018-09-14 16:14:16 - [MESSAGE][PASSED] - Text of object 'Object Repository/Page_Checkout/txt_orderNote' is cleared

2018-09-14 16:14:16 - [MESSAGE][PASSED] - Keys 'TC08_checkout with reward' sent to object: 'Object Repository/Page_Checkout/txt_orderNote'

2018-09-14 16:14:16 - [MESSAGE][PASSED] - Object 'Object Repository/Page_Checkout/radio_creditCard' is checked

2018-09-14 16:14:21 - [MESSAGE][PASSED] - Delayed 5 second(s)

2018-09-14 16:14:21 - [MESSAGE][PASSED] - beautytap.ShopAction.fillCustomerInformation is PASSED

2018-09-14 16:14:21 - [TEST_STEP][PASSED] - beautytap.ShopAction.VerifyOrderDetailsOnCheckout: Keyword VerifyOrderDetailsOnCheckout is Passed

2018-09-14 16:14:21 - [MESSAGE][PASSED] - Object '' is present

2018-09-14 16:14:21 - [MESSAGE][PASSED] - Text of object '' is: '$95.40'

2018-09-14 16:14:21 - [MESSAGE][PASSED] - Text of object '' is: '60 points used'

2018-09-14 16:14:21 - [MESSAGE][PASSED] - Text of object '' is: '60 points used'

2018-09-14 16:14:21 - [MESSAGE][PASSED] - Text of object '' is: '$2.00'

2018-09-14 16:14:21 - [MESSAGE][PASSED] - Text of object '' is: 'Free shipping for orders over $60
Why does shipping take this long?'

2018-09-14 16:14:21 - [MESSAGE][PASSED] - Text of object '' is: '$93.40'

2018-09-14 16:14:21 - [MESSAGE][PASSED] - Keyword VerifyOrderDetailsOnCheckout is Passed

2018-09-14 16:14:21 - [TEST_STEP][PASSED] - beautytap.ShopAction.VerifyRewardEarned: Keyword VerifyRewardEarned is Passed

2018-09-14 16:14:21 - [MESSAGE][PASSED] - Text of object '' is: 'Status: Beauty Bae ( $93.4 x Rewards Multiplier )'

2018-09-14 16:14:21 - [MESSAGE][PASSED] - Text of object '' is: 'Status: Beauty Bae ( $93.4 x Rewards Multiplier )'

2018-09-14 16:14:21 - [MESSAGE][PASSED] - Text of object '' is: 'Status: Beauty Bae ( $93.4 x Rewards Multiplier )'

2018-09-14 16:14:21 - [MESSAGE][PASSED] - Text of object '' is: 'Multiplier: $93.4 x 1.1'

2018-09-14 16:14:22 - [MESSAGE][PASSED] - Text of object '' is: 'Multiplier: $93.4 x 1.1'

2018-09-14 16:14:22 - [MESSAGE][PASSED] - Text of object '' is: '102.7 Points!'

2018-09-14 16:14:22 - [MESSAGE][PASSED] - Text of object '' is: '102.7 Points!'

2018-09-14 16:14:22 - [MESSAGE][PASSED] - Text of object '' is: 'Multiplier: $93.4 x 1.1'

2018-09-14 16:14:22 - [MESSAGE][PASSED] - Text of object '' is: 'Multiplier: $93.4 x 1.1'

2018-09-14 16:14:22 - [MESSAGE][PASSED] - Text of object '' is: 'Multiplier: $93.4 x 1.1'

2018-09-14 16:14:22 - [MESSAGE][PASSED] - Keyword VerifyRewardEarned is Passed

2018-09-14 16:14:22 - [TEST_STEP][PASSED] - beautytap.ShopAction.checkoutViaCreditCard: beautytap.ShopAction.checkoutViaCreditCard is PASSED

2018-09-14 16:14:22 - [MESSAGE][PASSED] - Object 'Object Repository/Page_Checkout/radio_creditCard' is checked

2018-09-14 16:14:32 - [MESSAGE][PASSED] - Delayed 10 second(s)

2018-09-14 16:14:32 - [MESSAGE][PASSED] - Text of object 'Object Repository/Page_Checkout/txt_cardNumber' is cleared

2018-09-14 16:14:32 - [MESSAGE][PASSED] - Keys '4032036248443549' sent to object: 'Object Repository/Page_Checkout/txt_cardNumber'

2018-09-14 16:14:32 - [MESSAGE][PASSED] - All options with label 'Visa' are selected in object 'Object Repository/Page_Checkout/drop_cardType' 

2018-09-14 16:14:32 - [MESSAGE][PASSED] - All options with label '07' are selected in object 'Object Repository/Page_Checkout/drop_expirationMonth' 

2018-09-14 16:14:33 - [MESSAGE][PASSED] - All options with label '2023' are selected in object 'Object Repository/Page_Checkout/drop_expirationYear' 

2018-09-14 16:14:33 - [MESSAGE][PASSED] - Text of object 'Object Repository/Page_Checkout/txt_cardCVV' is cleared

2018-09-14 16:14:33 - [MESSAGE][PASSED] - Keys '123' sent to object: 'Object Repository/Page_Checkout/txt_cardCVV'

2018-09-14 16:14:33 - [MESSAGE][PASSED] - Object 'Object Repository/Page_Checkout/chk_terms' is checked

2018-09-14 16:14:33 - [MESSAGE][PASSED] - Object: 'Object Repository/Page_Checkout/btn_placeOrder' is clicked on

2018-09-14 16:14:48 - [MESSAGE][PASSED] - Object 'Object Repository/Page_Checkout/lbl_orderReceived' is present

2018-09-14 16:14:48 - [MESSAGE][PASSED] - beautytap.ShopAction.checkoutViaCreditCard is PASSED

2018-09-14 16:14:48 - [TEST_STEP][PASSED] - beautytap.ShopAction.VerifyOrderReceivedDetails: Keyword VerifyOrderReceivedDetails is Passed

2018-09-14 16:14:48 - [MESSAGE][PASSED] - Object '' is present

2018-09-14 16:14:49 - [MESSAGE][PASSED] - Text of object '' is: '$95.40'

2018-09-14 16:14:49 - [MESSAGE][PASSED] - Text of object '' is: '60 points used'

2018-09-14 16:14:49 - [MESSAGE][PASSED] - Text of object '' is: '60 points used'

2018-09-14 16:14:49 - [MESSAGE][PASSED] - Text of object '' is: '$2.00'

2018-09-14 16:14:49 - [MESSAGE][PASSED] - Text of object '' is: 'Free shipping for orders over $60'

2018-09-14 16:14:54 - [MESSAGE][WARNING] - com.kms.katalon.core.webui.exception.WebElementNotFoundException: Web element with id: '' located by 'By.xpath: //th[text()='Shipping:']/parent::tr/td/span' not found
[[ATTACHMENT|E:\\BeautytapAutomation\\beautytapAuto\\Beautytap\\Reports\\Shop\\20180914_155712\\1536916494370.png]]

2018-09-14 16:14:54 - [MESSAGE][PASSED] - Text of object '' is: 'Credit Card Payment'

2018-09-14 16:14:54 - [MESSAGE][PASSED] - Text of object '' is: '$93.40'

2018-09-14 16:14:54 - [MESSAGE][PASSED] - Keyword VerifyOrderReceivedDetails is Passed

2018-09-14 16:14:54 - [TEST_STEP][PASSED] - Statement - orderInfo = CustomKeywords.beautytap.ShopAction.getOrderInfoOnOrderReceived(): beautytap.ShopAction.getOrderInfoOnOrderReceived is PASSED

2018-09-14 16:14:54 - [MESSAGE][PASSED] - Text of object '' is: '136528'

2018-09-14 16:14:54 - [MESSAGE][PASSED] - Text of object '' is: 'September 14, 2018'

2018-09-14 16:14:54 - [MESSAGE][PASSED] - beautytap.ShopAction.getOrderInfoOnOrderReceived is PASSED

2018-09-14 16:14:54 - [TEST_STEP][PASSED] - Statement - orderNumber = orderInfo.get("ordernumber"): null

2018-09-14 16:14:54 - [TEST_STEP][PASSED] - beautytap.ShopAction.VerifyRewardEarned: Keyword VerifyRewardEarned is Passed

2018-09-14 16:14:55 - [MESSAGE][PASSED] - Text of object '' is: 'Status: Beauty Bae ( $93.40 x Rewards Multiplier )'

2018-09-14 16:14:55 - [MESSAGE][PASSED] - Text of object '' is: 'Status: Beauty Bae ( $93.40 x Rewards Multiplier )'

2018-09-14 16:14:55 - [MESSAGE][PASSED] - Text of object '' is: 'Status: Beauty Bae ( $93.40 x Rewards Multiplier )'

2018-09-14 16:14:55 - [MESSAGE][PASSED] - Text of object '' is: 'Multiplier: $93.40 x 1.1'

2018-09-14 16:14:55 - [MESSAGE][PASSED] - Text of object '' is: 'Multiplier: $93.40 x 1.1'

2018-09-14 16:14:55 - [MESSAGE][PASSED] - Text of object '' is: '102.7 Points!'

2018-09-14 16:14:55 - [MESSAGE][PASSED] - Text of object '' is: '102.7 Points!'

2018-09-14 16:14:55 - [MESSAGE][PASSED] - Text of object '' is: 'Multiplier: $93.40 x 1.1'

2018-09-14 16:14:55 - [MESSAGE][PASSED] - Text of object '' is: 'Multiplier: $93.40 x 1.1'

2018-09-14 16:14:55 - [MESSAGE][PASSED] - Text of object '' is: 'Multiplier: $93.40 x 1.1'

2018-09-14 16:14:55 - [MESSAGE][PASSED] - Keyword VerifyRewardEarned is Passed

2018-09-14 16:14:55 - [TEST_STEP][PASSED] - beautytap.GeneralAction.selectProfileMenu: beautytap.GeneralAction.selectProfileMenu is PASSED

2018-09-14 16:14:55 - [MESSAGE][PASSED] - Object: 'Object Repository/Page_General/link_avatar' is clicked on

2018-09-14 16:14:57 - [MESSAGE][PASSED] - Delayed 2 second(s)

2018-09-14 16:15:00 - [MESSAGE][PASSED] - Object: '' is clicked on

2018-09-14 16:15:00 - [MESSAGE][PASSED] - Wait for page load successfully

2018-09-14 16:15:00 - [MESSAGE][PASSED] - beautytap.GeneralAction.selectProfileMenu is PASSED

2018-09-14 16:15:00 - [TEST_STEP][PASSED] - Statement - newPending = java.lang.Float.parseFloat(java.lang.String.format("%.2f", pending + rewardEarned)): null

2018-09-14 16:15:00 - [TEST_STEP][PASSED] - Statement - newRedeemable = java.lang.Float.parseFloat(java.lang.String.format("%.2f", redeemable - pointUsed)): null

2018-09-14 16:15:00 - [TEST_STEP][PASSED] - Statement - newPointValue = CustomKeywords.beautytap.ShopAction.calculateLoyaltyPointValue(newRedeemable): beautytap.ShopAction.calculateLoyaltyPointValue is PASSED

2018-09-14 16:15:00 - [MESSAGE][PASSED] - beautytap.ShopAction.calculateLoyaltyPointValue is PASSED

2018-09-14 16:15:00 - [TEST_STEP][PASSED] - beautytap.ShopAction.VerifyRewardPointsDetails: Keyword VerifyRewardPoints is Passed

2018-09-14 16:15:00 - [MESSAGE][PASSED] - Text of object '' is: '2997.07'

2018-09-14 16:15:00 - [MESSAGE][PASSED] - Text of object '' is: '2534.94'

2018-09-14 16:15:00 - [MESSAGE][PASSED] - Text of object '' is: '1227.07'

2018-09-14 16:15:00 - [MESSAGE][PASSED] - Text of object '' is: '$62.00'

2018-09-14 16:15:00 - [MESSAGE][PASSED] - Keyword VerifyRewardPoints is Passed

2018-09-14 16:15:00 - [TEST_STEP][PASSED] - beautytap.ShopAction.VerifyRewardHistory: Keyword VerifyRewardHistory is Passed

2018-09-14 16:15:00 - [MESSAGE][PASSED] - Object '' is present

2018-09-14 16:15:00 - [MESSAGE][PASSED] - Text of object '' is: '60'

2018-09-14 16:15:00 - [MESSAGE][PASSED] - Text of object '' is: '60'

2018-09-14 16:15:00 - [MESSAGE][PASSED] - Text of object '' is: '$93.40'

2018-09-14 16:15:00 - [MESSAGE][PASSED] - Text of object '' is: '1.1'

2018-09-14 16:15:00 - [MESSAGE][PASSED] - Text of object '' is: '-60.00'

2018-09-14 16:15:00 - [MESSAGE][PASSED] - Text of object '' is: '1227.07'

2018-09-14 16:15:00 - [MESSAGE][PASSED] - Keyword VerifyRewardHistory is Passed

2018-09-14 16:15:00 - [TEST_STEP][PASSED] - beautytap.ShopAction.VerifyRewardHistory: Keyword VerifyRewardHistory is Passed

2018-09-14 16:15:00 - [MESSAGE][PASSED] - Object '' is present

2018-09-14 16:15:01 - [MESSAGE][PASSED] - Text of object '' is: '60'

2018-09-14 16:15:01 - [MESSAGE][PASSED] - Text of object '' is: '60'

2018-09-14 16:15:01 - [MESSAGE][PASSED] - Text of object '' is: '$93.40'

2018-09-14 16:15:01 - [MESSAGE][PASSED] - Text of object '' is: '1.1'

2018-09-14 16:15:01 - [MESSAGE][PASSED] - Text of object '' is: '0.00'

2018-09-14 16:15:01 - [MESSAGE][PASSED] - Text of object '' is: '1227.07'

2018-09-14 16:15:01 - [MESSAGE][PASSED] - Keyword VerifyRewardHistory is Passed

2018-09-14 16:15:01 - [TEST_STEP][PASSED] - beautytap.GeneralAction.logout: beautytap.GeneralAction.logout is PASSED

2018-09-14 16:15:01 - [MESSAGE][PASSED] - Object: 'Object Repository/Page_General/link_avatar' is clicked on

2018-09-14 16:15:01 - [MESSAGE][PASSED] - Object 'Object Repository/Page_General/menu_logout' is present

2018-09-14 16:15:02 - [MESSAGE][PASSED] - Object: 'Object Repository/Page_General/menu_logout' is clicked on

2018-09-14 16:15:02 - [MESSAGE][PASSED] - Wait for page load successfully

2018-09-14 16:15:02 - [MESSAGE][PASSED] - beautytap.GeneralAction.logout is PASSED

2018-09-14 16:15:02 - [TEST_STEP][PASSED] - beautytap.GeneralAction.clickNavigationMenu: beautytap.GeneralAction.clickNavigationMenu is PASSED

2018-09-14 16:15:07 - [MESSAGE][PASSED] - Object: 'Object Repository/Page_General/link_login' is clicked on

2018-09-14 16:15:07 - [MESSAGE][PASSED] - Wait for page load successfully

2018-09-14 16:15:07 - [MESSAGE][PASSED] - beautytap.GeneralAction.clickNavigationMenu is PASSED

2018-09-14 16:15:07 - [TEST_STEP][PASSED] - beautytap.GeneralAction.login: beautytap.GeneralAction.login is PASSED

2018-09-14 16:15:08 - [MESSAGE][PASSED] - Text of object 'Object Repository/Page_login/txt_username' is cleared

2018-09-14 16:15:08 - [MESSAGE][PASSED] - Keys 'mrwhite' sent to object: 'Object Repository/Page_login/txt_username'

2018-09-14 16:15:08 - [MESSAGE][PASSED] - Text of object 'Object Repository/Page_login/txt_password' is cleared

2018-09-14 16:15:08 - [MESSAGE][PASSED] - Keys 'kgySM$Im' sent to object: 'Object Repository/Page_login/txt_password'

2018-09-14 16:15:08 - [MESSAGE][PASSED] - Object: 'Object Repository/Page_login/btn_login' is clicked on

2018-09-14 16:15:08 - [MESSAGE][PASSED] - Wait for page load successfully

2018-09-14 16:15:08 - [MESSAGE][PASSED] - beautytap.GeneralAction.login is PASSED

2018-09-14 16:15:08 - [TEST_STEP][PASSED] - navigateToUrl: Navigate to 'https://stage.beautytap.com/admin' successfully

2018-09-14 16:15:16 - [MESSAGE][PASSED] - Navigate to 'https://stage.beautytap.com/admin' successfully

2018-09-14 16:15:16 - [TEST_STEP][PASSED] - beautytap.AdminAction.changeOrderStatus: beautytap.AdminAction.changeOrderStatus is PASSED

2018-09-14 16:15:23 - [MESSAGE][PASSED] - Object: '' is clicked on

2018-09-14 16:15:23 - [MESSAGE][PASSED] - Wait for page load successfully

2018-09-14 16:15:28 - [MESSAGE][PASSED] - Object: '' is clicked on

2018-09-14 16:15:28 - [MESSAGE][PASSED] - Wait for page load successfully

2018-09-14 16:15:28 - [MESSAGE][PASSED] - Text of object 'Object Repository/Page_Admin/txt_searchOrder' is cleared

2018-09-14 16:15:29 - [MESSAGE][PASSED] - Keys '136528' sent to object: 'Object Repository/Page_Admin/txt_searchOrder'

2018-09-14 16:15:32 - [MESSAGE][PASSED] - Object: 'Object Repository/Page_Admin/btn_searchOrder' is clicked on

2018-09-14 16:15:32 - [MESSAGE][PASSED] - Wait for page load successfully

2018-09-14 16:15:39 - [MESSAGE][PASSED] - Object: '' is clicked on

2018-09-14 16:15:39 - [MESSAGE][PASSED] - Wait for page load successfully

2018-09-14 16:15:39 - [MESSAGE][PASSED] - All options with label 'Completed' are selected in object 'Object Repository/Page_Admin/drop_orderStatus' 

2018-09-14 16:15:39 - [MESSAGE][PASSED] - Object: 'Object Repository/Page_Admin/btn_saveOrder' is clicked on

2018-09-14 16:15:50 - [MESSAGE][PASSED] - Object 'Object Repository/Page_Admin/lbl_orderUpdatedMessage' is present

2018-09-14 16:15:50 - [MESSAGE][PASSED] - beautytap.AdminAction.changeOrderStatus is PASSED

2018-09-14 16:15:50 - [TEST_STEP][PASSED] - closeBrowser: Browser is closed

2018-09-14 16:15:51 - [MESSAGE][PASSED] - Browser is closed

2018-09-14 16:15:51 - [TEST_STEP][PASSED] - beautytap.GeneralAction.openBeautytap: beautytap.GeneralAction.openBeautytap is PASSED

2018-09-14 16:16:03 - [MESSAGE][PASSED] - Browser is opened with url: 'https://stage.beautytap.com'

2018-09-14 16:16:04 - [MESSAGE][PASSED] - Current window maximized

2018-09-14 16:16:08 - [MESSAGE][PASSED] - Refresh successfully

2018-09-14 16:16:08 - [MESSAGE][PASSED] - Wait for page load successfully

2018-09-14 16:16:08 - [MESSAGE][PASSED] - beautytap.GeneralAction.openBeautytap is PASSED

2018-09-14 16:16:08 - [TEST_STEP][PASSED] - beautytap.GeneralAction.clickNavigationMenu: beautytap.GeneralAction.clickNavigationMenu is PASSED

2018-09-14 16:16:10 - [MESSAGE][PASSED] - Object: 'Object Repository/Page_General/link_login' is clicked on

2018-09-14 16:16:10 - [MESSAGE][PASSED] - Wait for page load successfully

2018-09-14 16:16:10 - [MESSAGE][PASSED] - beautytap.GeneralAction.clickNavigationMenu is PASSED

2018-09-14 16:16:10 - [TEST_STEP][PASSED] - beautytap.GeneralAction.login: beautytap.GeneralAction.login is PASSED

2018-09-14 16:16:11 - [MESSAGE][PASSED] - Text of object 'Object Repository/Page_login/txt_username' is cleared

2018-09-14 16:16:11 - [MESSAGE][PASSED] - Keys 'trang2408@mailinator.com' sent to object: 'Object Repository/Page_login/txt_username'

2018-09-14 16:16:11 - [MESSAGE][PASSED] - Text of object 'Object Repository/Page_login/txt_password' is cleared

2018-09-14 16:16:11 - [MESSAGE][PASSED] - Keys '123456' sent to object: 'Object Repository/Page_login/txt_password'

2018-09-14 16:16:11 - [MESSAGE][PASSED] - Object: 'Object Repository/Page_login/btn_login' is clicked on

2018-09-14 16:16:11 - [MESSAGE][PASSED] - Wait for page load successfully

2018-09-14 16:16:11 - [MESSAGE][PASSED] - beautytap.GeneralAction.login is PASSED

2018-09-14 16:16:11 - [TEST_STEP][PASSED] - beautytap.GeneralAction.selectProfileMenu: beautytap.GeneralAction.selectProfileMenu is PASSED

2018-09-14 16:16:20 - [MESSAGE][PASSED] - Object: 'Object Repository/Page_General/link_avatar' is clicked on

2018-09-14 16:16:22 - [MESSAGE][PASSED] - Delayed 2 second(s)

2018-09-14 16:16:25 - [MESSAGE][PASSED] - Object: '' is clicked on

2018-09-14 16:16:25 - [MESSAGE][PASSED] - Wait for page load successfully

2018-09-14 16:16:25 - [MESSAGE][PASSED] - beautytap.GeneralAction.selectProfileMenu is PASSED

2018-09-14 16:16:25 - [TEST_STEP][PASSED] - Statement - newLifetime = java.lang.Float.parseFloat(java.lang.String.format("%.2f", lifetime + rewardEarned)): null

2018-09-14 16:16:25 - [TEST_STEP][PASSED] - Statement - newRedeemable = java.lang.Float.parseFloat(java.lang.String.format("%.2f", newRedeemable + rewardEarned)): null

2018-09-14 16:16:26 - [TEST_STEP][PASSED] - Statement - newPointValue = CustomKeywords.beautytap.ShopAction.calculateLoyaltyPointValue(newRedeemable): beautytap.ShopAction.calculateLoyaltyPointValue is PASSED

2018-09-14 16:16:26 - [MESSAGE][PASSED] - beautytap.ShopAction.calculateLoyaltyPointValue is PASSED

2018-09-14 16:16:26 - [TEST_STEP][PASSED] - beautytap.ShopAction.VerifyRewardPointsDetails: Keyword VerifyRewardPoints is Passed

2018-09-14 16:16:26 - [MESSAGE][PASSED] - Text of object '' is: '3099.81'

2018-09-14 16:16:26 - [MESSAGE][PASSED] - Text of object '' is: '2432.20'

2018-09-14 16:16:26 - [MESSAGE][PASSED] - Text of object '' is: '1329.81'

2018-09-14 16:16:26 - [MESSAGE][PASSED] - Text of object '' is: '$67.00'

2018-09-14 16:16:26 - [MESSAGE][PASSED] - Keyword VerifyRewardPoints is Passed

2018-09-14 16:16:26 - [TEST_STEP][PASSED] - beautytap.ShopAction.VerifyRewardHistory: Keyword VerifyRewardHistory is Passed

2018-09-14 16:16:26 - [MESSAGE][PASSED] - Object '' is present

2018-09-14 16:16:26 - [MESSAGE][PASSED] - Text of object '' is: '60'

2018-09-14 16:16:26 - [MESSAGE][PASSED] - Text of object '' is: '60'

2018-09-14 16:16:26 - [MESSAGE][PASSED] - Text of object '' is: '$93.40'

2018-09-14 16:16:26 - [MESSAGE][PASSED] - Text of object '' is: '1.1'

2018-09-14 16:16:26 - [MESSAGE][PASSED] - Text of object '' is: '102.74'

2018-09-14 16:16:26 - [MESSAGE][PASSED] - Text of object '' is: '1329.81'

2018-09-14 16:16:26 - [MESSAGE][PASSED] - Keyword VerifyRewardHistory is Passed

2018-09-14 16:16:26 - [TEST_STEP][PASSED] - beautytap.GeneralAction.logout: beautytap.GeneralAction.logout is PASSED

2018-09-14 16:16:26 - [MESSAGE][PASSED] - Object: 'Object Repository/Page_General/link_avatar' is clicked on

2018-09-14 16:16:27 - [MESSAGE][PASSED] - Object 'Object Repository/Page_General/menu_logout' is present

2018-09-14 16:16:27 - [MESSAGE][PASSED] - Object: 'Object Repository/Page_General/menu_logout' is clicked on

2018-09-14 16:16:27 - [MESSAGE][PASSED] - Wait for page load successfully

2018-09-14 16:16:28 - [MESSAGE][PASSED] - Browser is closed

2018-09-14 16:16:28 - [MESSAGE][PASSED] - beautytap.GeneralAction.logout is PASSED]]></system-out>
         <system-err><![CDATA[]]></system-err>
      </testcase>
      <system-out><![CDATA[2018-09-14 15:57:14 - [TEST_SUITE][PASSED] - Shop: Test Cases/Shop/TC08_BuyProduct_UsingRewardPoint]]></system-out>
      <system-err><![CDATA[]]></system-err>
   </testsuite>
</testsuites>
