<?xml version="1.0" encoding="UTF-8"?>
<testsuites name="TS1" time="1171" tests="6" failures="0" errors="0">
   <testsuite name="TS1" tests="6" failures="0" errors="0" time="1171" timestamp="2018-09-05 13:52:22" hostname="Trang Nguyen - DESKTOP-G1UHP65" id="Test Suites/TS1">
      <properties>
         <property name="deviceName" value=""/>
         <property name="devicePlatform" value=""/>
         <property name="logFolder" value="E:\\BeautytapAutomation\\beautytapAuto\\Beautytap\\Reports\\TS1\\20180905_135220"/>
         <property name="logFiles" value="E:\\BeautytapAutomation\\beautytapAuto\\Beautytap\\Reports\\TS1\\20180905_135220\\execution0.log"/>
         <property name="attachments" value="E:\\BeautytapAutomation\\beautytapAuto\\Beautytap\\Reports\\TS1\\20180905_135220\\1536130884830.png, E:\\BeautytapAutomation\\beautytapAuto\\Beautytap\\Reports\\TS1\\20180905_135220\\1536130924251.png, E:\\BeautytapAutomation\\beautytapAuto\\Beautytap\\Reports\\TS1\\20180905_135220\\1536131058214.png, E:\\BeautytapAutomation\\beautytapAuto\\Beautytap\\Reports\\TS1\\20180905_135220\\1536131156386.png, E:\\BeautytapAutomation\\beautytapAuto\\Beautytap\\Reports\\TS1\\20180905_135220\\1536131192921.png, E:\\BeautytapAutomation\\beautytapAuto\\Beautytap\\Reports\\TS1\\20180905_135220\\1536131239195.png, E:\\BeautytapAutomation\\beautytapAuto\\Beautytap\\Reports\\TS1\\20180905_135220\\1536131356520.png, E:\\BeautytapAutomation\\beautytapAuto\\Beautytap\\Reports\\TS1\\20180905_135220\\1536131396126.png, E:\\BeautytapAutomation\\beautytapAuto\\Beautytap\\Reports\\TS1\\20180905_135220\\1536131445465.png"/>
         <property name="hostName" value="Trang Nguyen - DESKTOP-G1UHP65"/>
         <property name="os" value="Windows 10 64bit"/>
         <property name="katalonVersion" value="5.5.0.1"/>
         <property name="browser" value="Chrome 68.0.3440.106"/>
         <property name="hostAddress" value="10.0.0.64"/>
         <property name="sessionId" value="0aa2e5604c4d0cd046c0399abfdefab4"/>
         <property name="seleniumVersion" value="3.7.1"/>
         <property name="proxyInformation" value="ProxyInformation{proxyOption=NO_PROXY, proxyServerType=HTTP, password=, proxyServerAddress=, proxyServerPort=0}"/>
         <property name="platform" value="Windows 10"/>
      </properties>
      <testcase name="Test Cases/SignUp_Login_ResetPass/TC01_SignUp_Login_ResetPassword_Via_Email" classname="Test Cases/SignUp_Login_ResetPass/TC01_SignUp_Login_ResetPassword_Via_Email" status="PASSED">
         <system-out><![CDATA[2018-09-05 13:52:23 - [TEST_CASE][PASSED] - Test Cases/SignUp_Login_ResetPass/TC01_SignUp_Login_ResetPassword_Via_Email: Test Cases/SignUp_Login_ResetPass/TC01_SignUp_Login_ResetPassword_Via_Email

2018-09-05 13:52:24 - [TEST_STEP][PASSED] - Statement - r_string = new java.lang.Math().random().toString().substring(2, 8): null

2018-09-05 13:52:24 - [TEST_STEP][PASSED] - Statement - username = "auto" + r_string: null

2018-09-05 13:52:24 - [TEST_STEP][PASSED] - Statement - email = username + "@mailinator.com": null

2018-09-05 13:52:24 - [TEST_STEP][PASSED] - Statement - password = "123456": null

2018-09-05 13:52:24 - [TEST_STEP][PASSED] - Statement - newpassword = "test123": null

2018-09-05 13:52:24 - [TEST_STEP][PASSED] - Statement - name = "Auto User " + r_string: null

2018-09-05 13:52:24 - [TEST_STEP][PASSED] - Statement - birthday = "01/01/1990": null

2018-09-05 13:52:24 - [TEST_STEP][PASSED] - Statement - activation_subject = SITE_TITLE + " Activate your account": null

2018-09-05 13:52:25 - [TEST_STEP][PASSED] - Statement - resetpass_subject = SITE_TITLE + " Password Reset": null

2018-09-05 13:52:25 - [TEST_STEP][PASSED] - beautytap.GeneralAction.openBeautytap: beautytap.GeneralAction.openBeautytap is PASSED

2018-09-05 13:52:56 - [MESSAGE][PASSED] - Browser is opened with url: 'https://stage.beautytap.com'

2018-09-05 13:52:57 - [MESSAGE][PASSED] - Current window maximized

2018-09-05 13:53:01 - [MESSAGE][PASSED] - Refresh successfully

2018-09-05 13:53:01 - [MESSAGE][PASSED] - Wait for page load successfully

2018-09-05 13:53:01 - [MESSAGE][PASSED] - beautytap.GeneralAction.openBeautytap is PASSED

2018-09-05 13:53:01 - [TEST_STEP][PASSED] - beautytap.GeneralAction.clickNavigationMenu: beautytap.GeneralAction.clickNavigationMenu is PASSED

2018-09-05 13:53:04 - [MESSAGE][PASSED] - Object: 'Object Repository/Page_General/link_signup' is clicked on

2018-09-05 13:53:04 - [MESSAGE][PASSED] - Wait for page load successfully

2018-09-05 13:53:04 - [MESSAGE][PASSED] - beautytap.GeneralAction.clickNavigationMenu is PASSED

2018-09-05 13:53:04 - [TEST_STEP][PASSED] - beautytap.GeneralAction.signup: beautytap.GeneralAction.signup is PASSED

2018-09-05 13:53:04 - [MESSAGE][PASSED] - Keys 'auto108931' sent to object: 'Object Repository/Page_Signup/txt_username'

2018-09-05 13:53:05 - [MESSAGE][PASSED] - Keys 'auto108931@mailinator.com' sent to object: 'Object Repository/Page_Signup/txt_email'

2018-09-05 13:53:05 - [MESSAGE][PASSED] - Keys '123456' sent to object: 'Object Repository/Page_Signup/txt_password'

2018-09-05 13:53:05 - [MESSAGE][PASSED] - Keys 'Auto User 108931' sent to object: 'Object Repository/Page_Signup/txt_name'

2018-09-05 13:53:06 - [MESSAGE][PASSED] - Keys '01/01/1990' sent to object: 'Object Repository/Page_Signup/txt_birthday'

2018-09-05 13:53:06 - [MESSAGE][PASSED] - Object: 'Object Repository/Page_Signup/btn_signup' is clicked on

2018-09-05 13:53:06 - [MESSAGE][PASSED] - Wait for page load successfully

2018-09-05 13:53:06 - [MESSAGE][PASSED] - beautytap.GeneralAction.signup is PASSED

2018-09-05 13:53:06 - [TEST_STEP][PASSED] - verifyElementPresent: Object 'Object Repository/Page_Signup/lbl_sucessMessage' is present

2018-09-05 13:53:12 - [MESSAGE][PASSED] - Object 'Object Repository/Page_Signup/lbl_sucessMessage' is present

2018-09-05 13:53:12 - [TEST_STEP][PASSED] - beautytap.GeneralAction.openMailBox: beautytap.GeneralAction.openMailBox is PASSED

2018-09-05 13:53:14 - [MESSAGE][PASSED] - Navigate to 'https://www.mailinator.com' successfully

2018-09-05 13:53:14 - [MESSAGE][PASSED] - Wait for page load successfully

2018-09-05 13:53:14 - [MESSAGE][PASSED] - Keys 'auto108931' sent to object: 'Object Repository/Page_mailinator/txt_email'

2018-09-05 13:53:16 - [MESSAGE][PASSED] - Object: 'Object Repository/Page_mailinator/btn_go' is clicked on

2018-09-05 13:53:16 - [MESSAGE][PASSED] - Wait for page load successfully

2018-09-05 13:53:21 - [MESSAGE][PASSED] - Delayed 5 second(s)

2018-09-05 13:53:22 - [MESSAGE][PASSED] - Object: '' is clicked on

2018-09-05 13:53:22 - [MESSAGE][PASSED] - beautytap.GeneralAction.openMailBox is PASSED

2018-09-05 13:53:22 - [TEST_STEP][PASSED] - beautytap.GeneralAction.verifyEmailExist: beautytap.GeneralAction.verifyEmailExist is PASSED

2018-09-05 13:53:22 - [MESSAGE][PASSED] - Object '' is present

2018-09-05 13:53:22 - [MESSAGE][PASSED] - beautytap.GeneralAction.verifyEmailExist is PASSED

2018-09-05 13:53:22 - [TEST_STEP][PASSED] - beautytap.GeneralAction.openEmail: beautytap.GeneralAction.openEmail is PASSED

2018-09-05 13:53:22 - [MESSAGE][PASSED] - Object: '' is clicked on

2018-09-05 13:53:22 - [MESSAGE][PASSED] - beautytap.GeneralAction.openEmail is PASSED

2018-09-05 13:53:22 - [TEST_STEP][PASSED] - beautytap.GeneralAction.clickEmailLink: beautytap.GeneralAction.clickEmailLink is PASSED

2018-09-05 13:53:23 - [MESSAGE][PASSED] - Text of object '' is: 'https://stage.beautytap.com/activate/OnFdsCFSy13XFng3W34uwSnShAXRlTxv/'

2018-09-05 13:53:36 - [MESSAGE][PASSED] - Navigate to 'https://stage.beautytap.com/activate/OnFdsCFSy13XFng3W34uwSnShAXRlTxv/' successfully

2018-09-05 13:53:36 - [MESSAGE][PASSED] - beautytap.GeneralAction.clickEmailLink is PASSED

2018-09-05 13:53:36 - [TEST_STEP][PASSED] - waitForPageLoad: Wait for page load successfully

2018-09-05 13:53:36 - [MESSAGE][PASSED] - Wait for page load successfully

2018-09-05 13:53:36 - [TEST_STEP][PASSED] - verifyElementPresent: Object 'Object Repository/Page_General/lbl_activeSuccessMessage' is present

2018-09-05 13:53:37 - [MESSAGE][PASSED] - Object 'Object Repository/Page_General/lbl_activeSuccessMessage' is present

2018-09-05 13:53:37 - [TEST_STEP][PASSED] - beautytap.GeneralAction.clickNavigationMenu: beautytap.GeneralAction.clickNavigationMenu is PASSED

2018-09-05 13:53:40 - [MESSAGE][PASSED] - Object: 'Object Repository/Page_General/link_login' is clicked on

2018-09-05 13:53:40 - [MESSAGE][PASSED] - Wait for page load successfully

2018-09-05 13:53:40 - [MESSAGE][PASSED] - beautytap.GeneralAction.clickNavigationMenu is PASSED

2018-09-05 13:53:40 - [TEST_STEP][PASSED] - beautytap.GeneralAction.login: beautytap.GeneralAction.login is PASSED

2018-09-05 13:53:40 - [MESSAGE][PASSED] - Text of object 'Object Repository/Page_login/txt_username' is cleared

2018-09-05 13:53:40 - [MESSAGE][PASSED] - Keys 'auto108931' sent to object: 'Object Repository/Page_login/txt_username'

2018-09-05 13:53:41 - [MESSAGE][PASSED] - Text of object 'Object Repository/Page_login/txt_password' is cleared

2018-09-05 13:53:41 - [MESSAGE][PASSED] - Keys '123456' sent to object: 'Object Repository/Page_login/txt_password'

2018-09-05 13:53:41 - [MESSAGE][PASSED] - Object: 'Object Repository/Page_login/btn_login' is clicked on

2018-09-05 13:53:41 - [MESSAGE][PASSED] - Wait for page load successfully

2018-09-05 13:53:41 - [MESSAGE][PASSED] - beautytap.GeneralAction.login is PASSED

2018-09-05 13:53:41 - [TEST_STEP][PASSED] - verifyElementPresent: Object 'Object Repository/Page_General/link_avatar' is present

2018-09-05 13:53:50 - [MESSAGE][PASSED] - Object 'Object Repository/Page_General/link_avatar' is present

2018-09-05 13:53:50 - [TEST_STEP][PASSED] - beautytap.GeneralAction.logout: beautytap.GeneralAction.logout is PASSED

2018-09-05 13:53:50 - [MESSAGE][PASSED] - Object: 'Object Repository/Page_General/link_avatar' is clicked on

2018-09-05 13:53:50 - [MESSAGE][PASSED] - Object 'Object Repository/Page_General/menu_logout' is present

2018-09-05 13:53:51 - [MESSAGE][PASSED] - Object: 'Object Repository/Page_General/menu_logout' is clicked on

2018-09-05 13:53:51 - [MESSAGE][PASSED] - Wait for page load successfully

2018-09-05 13:53:51 - [MESSAGE][PASSED] - beautytap.GeneralAction.logout is PASSED

2018-09-05 13:53:51 - [TEST_STEP][PASSED] - beautytap.GeneralAction.clickNavigationMenu: beautytap.GeneralAction.clickNavigationMenu is PASSED

2018-09-05 13:53:58 - [MESSAGE][PASSED] - Object: 'Object Repository/Page_General/link_login' is clicked on

2018-09-05 13:53:58 - [MESSAGE][PASSED] - Wait for page load successfully

2018-09-05 13:53:58 - [MESSAGE][PASSED] - beautytap.GeneralAction.clickNavigationMenu is PASSED

2018-09-05 13:53:58 - [TEST_STEP][PASSED] - beautytap.GeneralAction.login: beautytap.GeneralAction.login is PASSED

2018-09-05 13:53:58 - [MESSAGE][PASSED] - Text of object 'Object Repository/Page_login/txt_username' is cleared

2018-09-05 13:53:59 - [MESSAGE][PASSED] - Keys 'auto108931@mailinator.com' sent to object: 'Object Repository/Page_login/txt_username'

2018-09-05 13:53:59 - [MESSAGE][PASSED] - Text of object 'Object Repository/Page_login/txt_password' is cleared

2018-09-05 13:53:59 - [MESSAGE][PASSED] - Keys '123456' sent to object: 'Object Repository/Page_login/txt_password'

2018-09-05 13:53:59 - [MESSAGE][PASSED] - Object: 'Object Repository/Page_login/btn_login' is clicked on

2018-09-05 13:53:59 - [MESSAGE][PASSED] - Wait for page load successfully

2018-09-05 13:53:59 - [MESSAGE][PASSED] - beautytap.GeneralAction.login is PASSED

2018-09-05 13:53:59 - [TEST_STEP][PASSED] - verifyElementPresent: Object 'Object Repository/Page_General/link_avatar' is present

2018-09-05 13:54:08 - [MESSAGE][PASSED] - Object 'Object Repository/Page_General/link_avatar' is present

2018-09-05 13:54:08 - [TEST_STEP][PASSED] - beautytap.GeneralAction.logout: beautytap.GeneralAction.logout is PASSED

2018-09-05 13:54:08 - [MESSAGE][PASSED] - Object: 'Object Repository/Page_General/link_avatar' is clicked on

2018-09-05 13:54:08 - [MESSAGE][PASSED] - Object 'Object Repository/Page_General/menu_logout' is present

2018-09-05 13:54:08 - [MESSAGE][PASSED] - Object: 'Object Repository/Page_General/menu_logout' is clicked on

2018-09-05 13:54:08 - [MESSAGE][PASSED] - Wait for page load successfully

2018-09-05 13:54:08 - [MESSAGE][PASSED] - beautytap.GeneralAction.logout is PASSED

2018-09-05 13:54:08 - [TEST_STEP][PASSED] - beautytap.GeneralAction.clickNavigationMenu: beautytap.GeneralAction.clickNavigationMenu is PASSED

2018-09-05 13:54:15 - [MESSAGE][PASSED] - Object: 'Object Repository/Page_General/link_login' is clicked on

2018-09-05 13:54:15 - [MESSAGE][PASSED] - Wait for page load successfully

2018-09-05 13:54:15 - [MESSAGE][PASSED] - beautytap.GeneralAction.clickNavigationMenu is PASSED

2018-09-05 13:54:15 - [TEST_STEP][PASSED] - click: Object: 'Object Repository/Page_Login/link_forgotPassword' is clicked on

2018-09-05 13:54:18 - [MESSAGE][PASSED] - Object: 'Object Repository/Page_Login/link_forgotPassword' is clicked on

2018-09-05 13:54:18 - [TEST_STEP][PASSED] - sendKeys: Keys 'auto108931' sent to object: 'Object Repository/Page_ForgotPassword/txt_usernameOrEmail'

2018-09-05 13:54:18 - [MESSAGE][PASSED] - Keys 'auto108931' sent to object: 'Object Repository/Page_ForgotPassword/txt_usernameOrEmail'

2018-09-05 13:54:18 - [TEST_STEP][PASSED] - click: Object: 'Object Repository/Page_ForgotPassword/btn_forgotPassword' is clicked on

2018-09-05 13:54:18 - [MESSAGE][PASSED] - Object: 'Object Repository/Page_ForgotPassword/btn_forgotPassword' is clicked on

2018-09-05 13:54:18 - [TEST_STEP][PASSED] - verifyElementPresent: Object 'Object Repository/Page_ForgotPassword/lbl_sucessMessage' is present

2018-09-05 13:54:22 - [MESSAGE][PASSED] - Object 'Object Repository/Page_ForgotPassword/lbl_sucessMessage' is present

2018-09-05 13:54:22 - [TEST_STEP][PASSED] - beautytap.GeneralAction.openMailBox: beautytap.GeneralAction.openMailBox is PASSED

2018-09-05 13:54:23 - [MESSAGE][PASSED] - Navigate to 'https://www.mailinator.com' successfully

2018-09-05 13:54:23 - [MESSAGE][PASSED] - Wait for page load successfully

2018-09-05 13:54:23 - [MESSAGE][PASSED] - Keys 'auto108931' sent to object: 'Object Repository/Page_mailinator/txt_email'

2018-09-05 13:54:24 - [MESSAGE][PASSED] - Object: 'Object Repository/Page_mailinator/btn_go' is clicked on

2018-09-05 13:54:25 - [MESSAGE][PASSED] - Wait for page load successfully

2018-09-05 13:54:30 - [MESSAGE][PASSED] - Delayed 5 second(s)

2018-09-05 13:54:30 - [MESSAGE][PASSED] - Object: '' is clicked on

2018-09-05 13:54:30 - [MESSAGE][PASSED] - beautytap.GeneralAction.openMailBox is PASSED

2018-09-05 13:54:30 - [TEST_STEP][PASSED] - beautytap.GeneralAction.verifyEmailExist: beautytap.GeneralAction.verifyEmailExist is PASSED

2018-09-05 13:54:30 - [MESSAGE][PASSED] - Object '' is present

2018-09-05 13:54:30 - [MESSAGE][PASSED] - beautytap.GeneralAction.verifyEmailExist is PASSED

2018-09-05 13:54:30 - [TEST_STEP][PASSED] - beautytap.GeneralAction.openEmail: beautytap.GeneralAction.openEmail is PASSED

2018-09-05 13:54:30 - [MESSAGE][PASSED] - Object: '' is clicked on

2018-09-05 13:54:30 - [MESSAGE][PASSED] - beautytap.GeneralAction.openEmail is PASSED

2018-09-05 13:54:30 - [TEST_STEP][PASSED] - beautytap.GeneralAction.clickEmailLink: beautytap.GeneralAction.clickEmailLink is PASSED

2018-09-05 13:54:31 - [MESSAGE][PASSED] - Text of object '' is: 'https://stage.beautytap.com/wp-login.php?action=rp&key=r7hXB8vJhsBYrB0gV7ud&login=auto108931'

2018-09-05 13:54:34 - [MESSAGE][PASSED] - Navigate to 'https://stage.beautytap.com/wp-login.php?action=rp&key=r7hXB8vJhsBYrB0gV7ud&login=auto108931' successfully

2018-09-05 13:54:34 - [MESSAGE][PASSED] - beautytap.GeneralAction.clickEmailLink is PASSED

2018-09-05 13:54:34 - [TEST_STEP][PASSED] - delay: Delayed 20 second(s)

2018-09-05 13:54:54 - [MESSAGE][PASSED] - Delayed 20 second(s)

2018-09-05 13:54:54 - [TEST_STEP][PASSED] - clearText: Text of object 'Object Repository/Page_ForgotPassword/txt_newPassword' is cleared

2018-09-05 13:54:55 - [MESSAGE][PASSED] - Text of object 'Object Repository/Page_ForgotPassword/txt_newPassword' is cleared

2018-09-05 13:54:55 - [TEST_STEP][PASSED] - sendKeys: Keys 'test123' sent to object: 'Object Repository/Page_ForgotPassword/txt_newPassword'

2018-09-05 13:54:55 - [MESSAGE][PASSED] - Keys 'test123' sent to object: 'Object Repository/Page_ForgotPassword/txt_newPassword'

2018-09-05 13:54:55 - [TEST_STEP][PASSED] - click: Object: 'Object Repository/Page_ForgotPassword/btn_resetPassword' is clicked on

2018-09-05 13:55:00 - [MESSAGE][PASSED] - Object: 'Object Repository/Page_ForgotPassword/btn_resetPassword' is clicked on

2018-09-05 13:55:00 - [TEST_STEP][PASSED] - verifyElementPresent: Object 'Object Repository/Page_ForgotPassword/lbl_resetPasswordMessage' is present

2018-09-05 13:55:00 - [MESSAGE][PASSED] - Object 'Object Repository/Page_ForgotPassword/lbl_resetPasswordMessage' is present

2018-09-05 13:55:00 - [TEST_STEP][PASSED] - beautytap.GeneralAction.clickNavigationMenu: beautytap.GeneralAction.clickNavigationMenu is PASSED

2018-09-05 13:55:04 - [MESSAGE][PASSED] - Object: 'Object Repository/Page_General/link_login' is clicked on

2018-09-05 13:55:04 - [MESSAGE][PASSED] - Wait for page load successfully

2018-09-05 13:55:04 - [MESSAGE][PASSED] - beautytap.GeneralAction.clickNavigationMenu is PASSED

2018-09-05 13:55:04 - [TEST_STEP][PASSED] - beautytap.GeneralAction.login: beautytap.GeneralAction.login is PASSED

2018-09-05 13:55:04 - [MESSAGE][PASSED] - Text of object 'Object Repository/Page_login/txt_username' is cleared

2018-09-05 13:55:04 - [MESSAGE][PASSED] - Keys 'auto108931' sent to object: 'Object Repository/Page_login/txt_username'

2018-09-05 13:55:04 - [MESSAGE][PASSED] - Text of object 'Object Repository/Page_login/txt_password' is cleared

2018-09-05 13:55:04 - [MESSAGE][PASSED] - Keys '123456' sent to object: 'Object Repository/Page_login/txt_password'

2018-09-05 13:55:04 - [MESSAGE][PASSED] - Object: 'Object Repository/Page_login/btn_login' is clicked on

2018-09-05 13:55:04 - [MESSAGE][PASSED] - Wait for page load successfully

2018-09-05 13:55:04 - [MESSAGE][PASSED] - beautytap.GeneralAction.login is PASSED

2018-09-05 13:55:04 - [TEST_STEP][PASSED] - verifyElementText: Actual text and expected text of test object 'Object Repository/Page_Login/lbl_errorMessage' are matched.

2018-09-05 13:55:05 - [MESSAGE][PASSED] - Actual text and expected text of test object 'Object Repository/Page_Login/lbl_errorMessage' are matched.

2018-09-05 13:55:05 - [TEST_STEP][PASSED] - beautytap.GeneralAction.login: beautytap.GeneralAction.login is PASSED

2018-09-05 13:55:05 - [MESSAGE][PASSED] - Text of object 'Object Repository/Page_login/txt_username' is cleared

2018-09-05 13:55:05 - [MESSAGE][PASSED] - Keys 'auto108931' sent to object: 'Object Repository/Page_login/txt_username'

2018-09-05 13:55:05 - [MESSAGE][PASSED] - Text of object 'Object Repository/Page_login/txt_password' is cleared

2018-09-05 13:55:05 - [MESSAGE][PASSED] - Keys 'test123' sent to object: 'Object Repository/Page_login/txt_password'

2018-09-05 13:55:05 - [MESSAGE][PASSED] - Object: 'Object Repository/Page_login/btn_login' is clicked on

2018-09-05 13:55:05 - [MESSAGE][PASSED] - Wait for page load successfully

2018-09-05 13:55:05 - [MESSAGE][PASSED] - beautytap.GeneralAction.login is PASSED

2018-09-05 13:55:05 - [TEST_STEP][PASSED] - verifyElementPresent: Object 'Object Repository/Page_General/link_avatar' is present

2018-09-05 13:55:14 - [MESSAGE][PASSED] - Object 'Object Repository/Page_General/link_avatar' is present

2018-09-05 13:55:14 - [TEST_STEP][PASSED] - beautytap.GeneralAction.logout: beautytap.GeneralAction.logout is PASSED

2018-09-05 13:55:14 - [MESSAGE][PASSED] - Object: 'Object Repository/Page_General/link_avatar' is clicked on

2018-09-05 13:55:14 - [MESSAGE][PASSED] - Object 'Object Repository/Page_General/menu_logout' is present

2018-09-05 13:55:15 - [MESSAGE][PASSED] - Object: 'Object Repository/Page_General/menu_logout' is clicked on

2018-09-05 13:55:15 - [MESSAGE][PASSED] - Wait for page load successfully

2018-09-05 13:55:15 - [MESSAGE][PASSED] - beautytap.GeneralAction.logout is PASSED

2018-09-05 13:55:15 - [TEST_STEP][PASSED] - beautytap.GeneralAction.clickNavigationMenu: beautytap.GeneralAction.clickNavigationMenu is PASSED

2018-09-05 13:55:21 - [MESSAGE][PASSED] - Object: 'Object Repository/Page_General/link_login' is clicked on

2018-09-05 13:55:21 - [MESSAGE][PASSED] - Wait for page load successfully

2018-09-05 13:55:21 - [MESSAGE][PASSED] - beautytap.GeneralAction.clickNavigationMenu is PASSED

2018-09-05 13:55:21 - [TEST_STEP][PASSED] - beautytap.GeneralAction.login: beautytap.GeneralAction.login is PASSED

2018-09-05 13:55:21 - [MESSAGE][PASSED] - Text of object 'Object Repository/Page_login/txt_username' is cleared

2018-09-05 13:55:22 - [MESSAGE][PASSED] - Keys 'auto108931@mailinator.com' sent to object: 'Object Repository/Page_login/txt_username'

2018-09-05 13:55:22 - [MESSAGE][PASSED] - Text of object 'Object Repository/Page_login/txt_password' is cleared

2018-09-05 13:55:22 - [MESSAGE][PASSED] - Keys 'test123' sent to object: 'Object Repository/Page_login/txt_password'

2018-09-05 13:55:22 - [MESSAGE][PASSED] - Object: 'Object Repository/Page_login/btn_login' is clicked on

2018-09-05 13:55:22 - [MESSAGE][PASSED] - Wait for page load successfully

2018-09-05 13:55:22 - [MESSAGE][PASSED] - beautytap.GeneralAction.login is PASSED

2018-09-05 13:55:22 - [TEST_STEP][PASSED] - verifyElementPresent: Object 'Object Repository/Page_General/link_avatar' is present

2018-09-05 13:55:31 - [MESSAGE][PASSED] - Object 'Object Repository/Page_General/link_avatar' is present

2018-09-05 13:55:31 - [TEST_STEP][PASSED] - beautytap.GeneralAction.logout: beautytap.GeneralAction.logout is PASSED

2018-09-05 13:55:31 - [MESSAGE][PASSED] - Object: 'Object Repository/Page_General/link_avatar' is clicked on

2018-09-05 13:55:31 - [MESSAGE][PASSED] - Object 'Object Repository/Page_General/menu_logout' is present

2018-09-05 13:55:32 - [MESSAGE][PASSED] - Object: 'Object Repository/Page_General/menu_logout' is clicked on

2018-09-05 13:55:32 - [MESSAGE][PASSED] - Wait for page load successfully

2018-09-05 13:55:32 - [MESSAGE][PASSED] - Browser is closed

2018-09-05 13:55:32 - [MESSAGE][PASSED] - beautytap.GeneralAction.logout is PASSED]]></system-out>
         <system-err><![CDATA[]]></system-err>
      </testcase>
      <testcase name="Test Cases/SignUp_Login_ResetPass/TC02_SignUp_Login_ViaFacebookEmail_NewUser_OldUser" classname="Test Cases/SignUp_Login_ResetPass/TC02_SignUp_Login_ViaFacebookEmail_NewUser_OldUser" status="PASSED">
         <system-out><![CDATA[2018-09-05 13:55:35 - [TEST_CASE][PASSED] - Test Cases/SignUp_Login_ResetPass/TC02_SignUp_Login_ViaFacebookEmail_NewUser_OldUser: Test Cases/SignUp_Login_ResetPass/TC02_SignUp_Login_ViaFacebookEmail_NewUser_OldUser

2018-09-05 13:55:35 - [TEST_STEP][PASSED] - beautytap.AdminAction.deleteUser: beautytap.AdminAction.deleteUser is PASSED

2018-09-05 13:55:42 - [MESSAGE][PASSED] - Browser is opened with url: 'https://stage.beautytap.com/login'

2018-09-05 13:55:43 - [MESSAGE][PASSED] - Current window maximized

2018-09-05 13:55:43 - [MESSAGE][PASSED] - Text of object 'Object Repository/Page_login/txt_username' is cleared

2018-09-05 13:55:44 - [MESSAGE][PASSED] - Keys 'mrwhite' sent to object: 'Object Repository/Page_login/txt_username'

2018-09-05 13:55:44 - [MESSAGE][PASSED] - Text of object 'Object Repository/Page_login/txt_password' is cleared

2018-09-05 13:55:44 - [MESSAGE][PASSED] - Keys 'kgySM$Im' sent to object: 'Object Repository/Page_login/txt_password'

2018-09-05 13:55:44 - [MESSAGE][PASSED] - Object: 'Object Repository/Page_login/btn_login' is clicked on

2018-09-05 13:55:44 - [MESSAGE][PASSED] - Wait for page load successfully

2018-09-05 13:55:44 - [MESSAGE][PASSED] - Wait for page load successfully

2018-09-05 13:55:51 - [MESSAGE][PASSED] - Navigate to 'https://stage.beautytap.com/admin' successfully

2018-09-05 13:55:51 - [MESSAGE][PASSED] - Wait for page load successfully

2018-09-05 13:55:57 - [MESSAGE][PASSED] - Object: 'Object Repository/Page_Admin/menu_users' is clicked on

2018-09-05 13:55:57 - [MESSAGE][PASSED] - Wait for page load successfully

2018-09-05 13:55:57 - [MESSAGE][PASSED] - Text of object 'Object Repository/Page_Admin/txt_searchBox' is cleared

2018-09-05 13:55:58 - [MESSAGE][PASSED] - Keys 'g5.posiba@gmail.com' sent to object: 'Object Repository/Page_Admin/txt_searchBox'

2018-09-05 13:56:01 - [MESSAGE][PASSED] - Object: 'Object Repository/Page_Admin/btn_searchUser' is clicked on

2018-09-05 13:56:01 - [MESSAGE][PASSED] - Wait for page load successfully

2018-09-05 13:56:01 - [MESSAGE][PASSED] - Text of object '' is: 'g5.posiba@gmail.com'

2018-09-05 13:56:01 - [MESSAGE][PASSED] - Attribute 'id' of object '' is: 'user-64386'

2018-09-05 13:56:01 - [MESSAGE][PASSED] - Object: '' is hovered

2018-09-05 13:56:06 - [MESSAGE][PASSED] - Delayed 5 second(s)

2018-09-05 13:56:07 - [MESSAGE][PASSED] - Object: '' is clicked on

2018-09-05 13:56:07 - [MESSAGE][PASSED] - Alert accepted

2018-09-05 13:56:08 - [MESSAGE][PASSED] - Wait for page load successfully

2018-09-05 13:56:13 - [MESSAGE][PASSED] - Object: 'Object Repository/Page_Admin/btn_confirmDeleteUser' is clicked on

2018-09-05 13:56:13 - [MESSAGE][PASSED] - Wait for page load successfully

2018-09-05 13:56:14 - [MESSAGE][PASSED] - Browser is closed

2018-09-05 13:56:14 - [MESSAGE][PASSED] - beautytap.AdminAction.deleteUser is PASSED

2018-09-05 13:56:14 - [TEST_STEP][PASSED] - beautytap.GeneralAction.openBeautytap: beautytap.GeneralAction.openBeautytap is PASSED

2018-09-05 13:56:30 - [MESSAGE][PASSED] - Browser is opened with url: 'https://stage.beautytap.com'

2018-09-05 13:56:31 - [MESSAGE][PASSED] - Current window maximized

2018-09-05 13:56:35 - [MESSAGE][PASSED] - Refresh successfully

2018-09-05 13:56:35 - [MESSAGE][PASSED] - Wait for page load successfully

2018-09-05 13:56:35 - [MESSAGE][PASSED] - beautytap.GeneralAction.openBeautytap is PASSED

2018-09-05 13:56:35 - [TEST_STEP][PASSED] - beautytap.GeneralAction.clickNavigationMenu: beautytap.GeneralAction.clickNavigationMenu is PASSED

2018-09-05 13:56:39 - [MESSAGE][PASSED] - Object: 'Object Repository/Page_General/link_signup' is clicked on

2018-09-05 13:56:39 - [MESSAGE][PASSED] - Wait for page load successfully

2018-09-05 13:56:39 - [MESSAGE][PASSED] - beautytap.GeneralAction.clickNavigationMenu is PASSED

2018-09-05 13:56:39 - [TEST_STEP][PASSED] - beautytap.GeneralAction.signupViaFacebook: beautytap.GeneralAction.signupViaFacebook is PASSED

2018-09-05 13:56:39 - [MESSAGE][PASSED] - Object: 'Object Repository/Page_Signup/btn_signupFB' is clicked on

2018-09-05 13:56:39 - [MESSAGE][PASSED] - Switched to window with index: '1'

2018-09-05 13:56:40 - [MESSAGE][PASSED] - Keys 'g5.posiba@gmail.com' sent to object: 'Object Repository/Popup_FacebookLogin/txt_email'

2018-09-05 13:56:41 - [MESSAGE][PASSED] - Keys 'posiba123' sent to object: 'Object Repository/Popup_FacebookLogin/txt_password'

2018-09-05 13:56:43 - [MESSAGE][PASSED] - Object: 'Object Repository/Popup_FacebookLogin/btn_login' is clicked on

2018-09-05 13:56:45 - [MESSAGE][WARNING] - Cannot take screenshot

2018-09-05 13:56:45 - [MESSAGE][FAILED] - Unable to get text of object 'Object Repository/Popup_FacebookLogin/btn_confirmPermission' (Root cause: org.openqa.selenium.NoSuchWindowException: no such window: window was already closed
  (Session info: chrome=68.0.3440.106)
  (Driver info: chromedriver=2.35.528161 (5b82f2d2aae0ca24b877009200ced9065a772e73),platform=Windows NT 10.0.17134 x86_64) (WARNING: The server did not provide any stacktrace information)
Command duration or timeout: 0 milliseconds
Build info: version: '3.7.1', revision: '8a0099a', time: '2017-11-06T21:07:36.161Z'
System info: host: 'DESKTOP-G1UHP65', ip: '10.0.0.64', os.name: 'Windows 10', os.arch: 'amd64', os.version: '10.0', java.version: '1.8.0_102'
Driver info: com.kms.katalon.selenium.driver.CChromeDriver
Capabilities {acceptInsecureCerts: false, acceptSslCerts: false, applicationCacheEnabled: false, browserConnectionEnabled: false, browserName: chrome, chrome: {chromedriverVersion: 2.35.528161 (5b82f2d2aae0ca..., userDataDir: C:\Users\TRANGN~1\AppData\L...}, cssSelectorsEnabled: true, databaseEnabled: false, handlesAlerts: true, hasTouchScreen: false, javascriptEnabled: true, locationContextEnabled: true, mobileEmulationEnabled: false, nativeEvents: true, networkConnectionEnabled: false, pageLoadStrategy: normal, platform: XP, platformName: XP, rotatable: false, setWindowRect: true, takesHeapSnapshot: true, takesScreenshot: true, unexpectedAlertBehaviour: , unhandledPromptBehavior: , version: 68.0.3440.106, webStorageEnabled: true}
Session ID: d43f439bdedf4b4a84d3b1adb9d02be1
*** Element info: {Using=xpath, value=//button[contains(@class,'layerConfirm') and contains(@name,'CONFIRM')]})

2018-09-05 13:56:45 - [MESSAGE][PASSED] - Switched to window with index: '0'

2018-09-05 13:57:00 - [MESSAGE][PASSED] - Delayed 15 second(s)

2018-09-05 13:57:08 - [MESSAGE][PASSED] - Wait for page load successfully

2018-09-05 13:57:08 - [MESSAGE][PASSED] - beautytap.GeneralAction.signupViaFacebook is PASSED

2018-09-05 13:57:08 - [TEST_STEP][PASSED] - verifyElementPresent: Object 'Object Repository/Page_General/link_avatar' is present

2018-09-05 13:57:08 - [MESSAGE][PASSED] - Object 'Object Repository/Page_General/link_avatar' is present

2018-09-05 13:57:08 - [TEST_STEP][PASSED] - beautytap.GeneralAction.logout: beautytap.GeneralAction.logout is PASSED

2018-09-05 13:57:08 - [MESSAGE][PASSED] - Object: 'Object Repository/Page_General/link_avatar' is clicked on

2018-09-05 13:57:08 - [MESSAGE][PASSED] - Object 'Object Repository/Page_General/menu_logout' is present

2018-09-05 13:57:08 - [MESSAGE][PASSED] - Object: 'Object Repository/Page_General/menu_logout' is clicked on

2018-09-05 13:57:08 - [MESSAGE][PASSED] - Wait for page load successfully

2018-09-05 13:57:09 - [MESSAGE][PASSED] - Browser is closed

2018-09-05 13:57:09 - [MESSAGE][PASSED] - beautytap.GeneralAction.logout is PASSED

2018-09-05 13:57:09 - [TEST_STEP][PASSED] - beautytap.AdminAction.deleteUser: beautytap.AdminAction.deleteUser is PASSED

2018-09-05 13:57:17 - [MESSAGE][PASSED] - Browser is opened with url: 'https://stage.beautytap.com/login'

2018-09-05 13:57:19 - [MESSAGE][PASSED] - Current window maximized

2018-09-05 13:57:19 - [MESSAGE][PASSED] - Text of object 'Object Repository/Page_login/txt_username' is cleared

2018-09-05 13:57:19 - [MESSAGE][PASSED] - Keys 'mrwhite' sent to object: 'Object Repository/Page_login/txt_username'

2018-09-05 13:57:19 - [MESSAGE][PASSED] - Text of object 'Object Repository/Page_login/txt_password' is cleared

2018-09-05 13:57:19 - [MESSAGE][PASSED] - Keys 'kgySM$Im' sent to object: 'Object Repository/Page_login/txt_password'

2018-09-05 13:57:19 - [MESSAGE][PASSED] - Object: 'Object Repository/Page_login/btn_login' is clicked on

2018-09-05 13:57:19 - [MESSAGE][PASSED] - Wait for page load successfully

2018-09-05 13:57:20 - [MESSAGE][PASSED] - Wait for page load successfully

2018-09-05 13:57:27 - [MESSAGE][PASSED] - Navigate to 'https://stage.beautytap.com/admin' successfully

2018-09-05 13:57:27 - [MESSAGE][PASSED] - Wait for page load successfully

2018-09-05 13:57:32 - [MESSAGE][PASSED] - Object: 'Object Repository/Page_Admin/menu_users' is clicked on

2018-09-05 13:57:32 - [MESSAGE][PASSED] - Wait for page load successfully

2018-09-05 13:57:32 - [MESSAGE][PASSED] - Text of object 'Object Repository/Page_Admin/txt_searchBox' is cleared

2018-09-05 13:57:33 - [MESSAGE][PASSED] - Keys 'g5.posiba@gmail.com' sent to object: 'Object Repository/Page_Admin/txt_searchBox'

2018-09-05 13:57:36 - [MESSAGE][PASSED] - Object: 'Object Repository/Page_Admin/btn_searchUser' is clicked on

2018-09-05 13:57:36 - [MESSAGE][PASSED] - Wait for page load successfully

2018-09-05 13:57:36 - [MESSAGE][PASSED] - Text of object '' is: 'g5.posiba@gmail.com'

2018-09-05 13:57:36 - [MESSAGE][PASSED] - Attribute 'id' of object '' is: 'user-64389'

2018-09-05 13:57:36 - [MESSAGE][PASSED] - Object: '' is hovered

2018-09-05 13:57:41 - [MESSAGE][PASSED] - Delayed 5 second(s)

2018-09-05 13:57:41 - [MESSAGE][PASSED] - Object: '' is clicked on

2018-09-05 13:57:42 - [MESSAGE][PASSED] - Alert accepted

2018-09-05 13:57:43 - [MESSAGE][PASSED] - Wait for page load successfully

2018-09-05 13:57:48 - [MESSAGE][PASSED] - Object: 'Object Repository/Page_Admin/btn_confirmDeleteUser' is clicked on

2018-09-05 13:57:48 - [MESSAGE][PASSED] - Wait for page load successfully

2018-09-05 13:57:49 - [MESSAGE][PASSED] - Browser is closed

2018-09-05 13:57:49 - [MESSAGE][PASSED] - beautytap.AdminAction.deleteUser is PASSED

2018-09-05 13:57:49 - [TEST_STEP][PASSED] - beautytap.GeneralAction.openBeautytap: beautytap.GeneralAction.openBeautytap is PASSED

2018-09-05 13:58:05 - [MESSAGE][PASSED] - Browser is opened with url: 'https://stage.beautytap.com'

2018-09-05 13:58:06 - [MESSAGE][PASSED] - Current window maximized

2018-09-05 13:58:09 - [MESSAGE][PASSED] - Refresh successfully

2018-09-05 13:58:09 - [MESSAGE][PASSED] - Wait for page load successfully

2018-09-05 13:58:10 - [MESSAGE][PASSED] - beautytap.GeneralAction.openBeautytap is PASSED

2018-09-05 13:58:10 - [TEST_STEP][PASSED] - beautytap.GeneralAction.clickNavigationMenu: beautytap.GeneralAction.clickNavigationMenu is PASSED

2018-09-05 13:58:13 - [MESSAGE][PASSED] - Object: 'Object Repository/Page_General/link_login' is clicked on

2018-09-05 13:58:13 - [MESSAGE][PASSED] - Wait for page load successfully

2018-09-05 13:58:13 - [MESSAGE][PASSED] - beautytap.GeneralAction.clickNavigationMenu is PASSED

2018-09-05 13:58:13 - [TEST_STEP][PASSED] - beautytap.GeneralAction.login: beautytap.GeneralAction.login is PASSED

2018-09-05 13:58:13 - [MESSAGE][PASSED] - Object: 'Object Repository/Page_Login/btn_loginFB' is clicked on

2018-09-05 13:58:13 - [MESSAGE][PASSED] - Switched to window with index: '1'

2018-09-05 13:58:14 - [MESSAGE][PASSED] - Object 'Object Repository/Popup_FacebookLogin/txt_email' is visible

2018-09-05 13:58:15 - [MESSAGE][PASSED] - Keys 'g5.posiba@gmail.com' sent to object: 'Object Repository/Popup_FacebookLogin/txt_email'

2018-09-05 13:58:15 - [MESSAGE][PASSED] - Keys 'posiba123' sent to object: 'Object Repository/Popup_FacebookLogin/txt_password'

2018-09-05 13:58:17 - [MESSAGE][PASSED] - Object: 'Object Repository/Popup_FacebookLogin/btn_login' is clicked on

2018-09-05 13:58:17 - [MESSAGE][PASSED] - Switched to window with index: '0'

2018-09-05 13:58:17 - [MESSAGE][PASSED] - Wait for page load successfully

2018-09-05 13:58:17 - [MESSAGE][PASSED] - beautytap.GeneralAction.login is PASSED

2018-09-05 13:58:17 - [TEST_STEP][PASSED] - verifyElementPresent: Object 'Object Repository/Page_General/link_avatar' is present

2018-09-05 13:58:41 - [MESSAGE][PASSED] - Object 'Object Repository/Page_General/link_avatar' is present

2018-09-05 13:58:41 - [TEST_STEP][PASSED] - beautytap.GeneralAction.logout: beautytap.GeneralAction.logout is PASSED

2018-09-05 13:58:42 - [MESSAGE][PASSED] - Object: 'Object Repository/Page_General/link_avatar' is clicked on

2018-09-05 13:58:42 - [MESSAGE][PASSED] - Object 'Object Repository/Page_General/menu_logout' is present

2018-09-05 13:58:42 - [MESSAGE][PASSED] - Object: 'Object Repository/Page_General/menu_logout' is clicked on

2018-09-05 13:58:42 - [MESSAGE][PASSED] - Wait for page load successfully

2018-09-05 13:58:43 - [MESSAGE][PASSED] - Browser is closed

2018-09-05 13:58:43 - [MESSAGE][PASSED] - beautytap.GeneralAction.logout is PASSED

2018-09-05 13:58:43 - [TEST_STEP][PASSED] - beautytap.GeneralAction.openBeautytap: beautytap.GeneralAction.openBeautytap is PASSED

2018-09-05 13:59:04 - [MESSAGE][PASSED] - Browser is opened with url: 'https://stage.beautytap.com'

2018-09-05 13:59:06 - [MESSAGE][PASSED] - Current window maximized

2018-09-05 13:59:09 - [MESSAGE][PASSED] - Refresh successfully

2018-09-05 13:59:09 - [MESSAGE][PASSED] - Wait for page load successfully

2018-09-05 13:59:09 - [MESSAGE][PASSED] - beautytap.GeneralAction.openBeautytap is PASSED

2018-09-05 13:59:09 - [TEST_STEP][PASSED] - beautytap.GeneralAction.clickNavigationMenu: beautytap.GeneralAction.clickNavigationMenu is PASSED

2018-09-05 13:59:13 - [MESSAGE][PASSED] - Object: 'Object Repository/Page_General/link_signup' is clicked on

2018-09-05 13:59:13 - [MESSAGE][PASSED] - Wait for page load successfully

2018-09-05 13:59:13 - [MESSAGE][PASSED] - beautytap.GeneralAction.clickNavigationMenu is PASSED

2018-09-05 13:59:13 - [TEST_STEP][PASSED] - beautytap.GeneralAction.signupViaFacebook: beautytap.GeneralAction.signupViaFacebook is PASSED

2018-09-05 13:59:13 - [MESSAGE][PASSED] - Object: 'Object Repository/Page_Signup/btn_signupFB' is clicked on

2018-09-05 13:59:13 - [MESSAGE][PASSED] - Switched to window with index: '1'

2018-09-05 13:59:15 - [MESSAGE][PASSED] - Keys 'g5.posiba@gmail.com' sent to object: 'Object Repository/Popup_FacebookLogin/txt_email'

2018-09-05 13:59:15 - [MESSAGE][PASSED] - Keys 'posiba123' sent to object: 'Object Repository/Popup_FacebookLogin/txt_password'

2018-09-05 13:59:16 - [MESSAGE][PASSED] - Object: 'Object Repository/Popup_FacebookLogin/btn_login' is clicked on

2018-09-05 13:59:18 - [MESSAGE][WARNING] - Cannot take screenshot

2018-09-05 13:59:18 - [MESSAGE][FAILED] - Unable to get text of object 'Object Repository/Popup_FacebookLogin/btn_confirmPermission' (Root cause: org.openqa.selenium.NoSuchWindowException: no such window: window was already closed
  (Session info: chrome=68.0.3440.106)
  (Driver info: chromedriver=2.35.528161 (5b82f2d2aae0ca24b877009200ced9065a772e73),platform=Windows NT 10.0.17134 x86_64) (WARNING: The server did not provide any stacktrace information)
Command duration or timeout: 0 milliseconds
Build info: version: '3.7.1', revision: '8a0099a', time: '2017-11-06T21:07:36.161Z'
System info: host: 'DESKTOP-G1UHP65', ip: '10.0.0.64', os.name: 'Windows 10', os.arch: 'amd64', os.version: '10.0', java.version: '1.8.0_102'
Driver info: com.kms.katalon.selenium.driver.CChromeDriver
Capabilities {acceptInsecureCerts: false, acceptSslCerts: false, applicationCacheEnabled: false, browserConnectionEnabled: false, browserName: chrome, chrome: {chromedriverVersion: 2.35.528161 (5b82f2d2aae0ca..., userDataDir: C:\Users\TRANGN~1\AppData\L...}, cssSelectorsEnabled: true, databaseEnabled: false, handlesAlerts: true, hasTouchScreen: false, javascriptEnabled: true, locationContextEnabled: true, mobileEmulationEnabled: false, nativeEvents: true, networkConnectionEnabled: false, pageLoadStrategy: normal, platform: XP, platformName: XP, rotatable: false, setWindowRect: true, takesHeapSnapshot: true, takesScreenshot: true, unexpectedAlertBehaviour: , unhandledPromptBehavior: , version: 68.0.3440.106, webStorageEnabled: true}
Session ID: 28a84b4e35478fb19960fe5988d7238a
*** Element info: {Using=xpath, value=//button[contains(@class,'layerConfirm') and contains(@name,'CONFIRM')]})

2018-09-05 13:59:18 - [MESSAGE][PASSED] - Switched to window with index: '0'

2018-09-05 13:59:33 - [MESSAGE][PASSED] - Delayed 15 second(s)

2018-09-05 13:59:33 - [MESSAGE][PASSED] - Wait for page load successfully

2018-09-05 13:59:33 - [MESSAGE][PASSED] - beautytap.GeneralAction.signupViaFacebook is PASSED

2018-09-05 13:59:33 - [TEST_STEP][PASSED] - verifyElementPresent: Object 'Object Repository/Page_General/link_avatar' is present

2018-09-05 13:59:33 - [MESSAGE][PASSED] - Object 'Object Repository/Page_General/link_avatar' is present

2018-09-05 13:59:33 - [TEST_STEP][PASSED] - beautytap.GeneralAction.logout: beautytap.GeneralAction.logout is PASSED

2018-09-05 13:59:34 - [MESSAGE][PASSED] - Object: 'Object Repository/Page_General/link_avatar' is clicked on

2018-09-05 13:59:34 - [MESSAGE][PASSED] - Object 'Object Repository/Page_General/menu_logout' is present

2018-09-05 13:59:34 - [MESSAGE][PASSED] - Object: 'Object Repository/Page_General/menu_logout' is clicked on

2018-09-05 13:59:34 - [MESSAGE][PASSED] - Wait for page load successfully

2018-09-05 13:59:35 - [MESSAGE][PASSED] - Browser is closed

2018-09-05 13:59:35 - [MESSAGE][PASSED] - beautytap.GeneralAction.logout is PASSED

2018-09-05 13:59:35 - [TEST_STEP][PASSED] - beautytap.GeneralAction.openBeautytap: beautytap.GeneralAction.openBeautytap is PASSED

2018-09-05 13:59:46 - [MESSAGE][PASSED] - Browser is opened with url: 'https://stage.beautytap.com'

2018-09-05 13:59:47 - [MESSAGE][PASSED] - Current window maximized

2018-09-05 13:59:51 - [MESSAGE][PASSED] - Refresh successfully

2018-09-05 13:59:51 - [MESSAGE][PASSED] - Wait for page load successfully

2018-09-05 13:59:51 - [MESSAGE][PASSED] - beautytap.GeneralAction.openBeautytap is PASSED

2018-09-05 13:59:51 - [TEST_STEP][PASSED] - beautytap.GeneralAction.clickNavigationMenu: beautytap.GeneralAction.clickNavigationMenu is PASSED

2018-09-05 13:59:53 - [MESSAGE][PASSED] - Object: 'Object Repository/Page_General/link_login' is clicked on

2018-09-05 13:59:53 - [MESSAGE][PASSED] - Wait for page load successfully

2018-09-05 13:59:53 - [MESSAGE][PASSED] - beautytap.GeneralAction.clickNavigationMenu is PASSED

2018-09-05 13:59:53 - [TEST_STEP][PASSED] - beautytap.GeneralAction.login: beautytap.GeneralAction.login is PASSED

2018-09-05 13:59:54 - [MESSAGE][PASSED] - Object: 'Object Repository/Page_Login/btn_loginFB' is clicked on

2018-09-05 13:59:54 - [MESSAGE][PASSED] - Switched to window with index: '1'

2018-09-05 13:59:55 - [MESSAGE][PASSED] - Object 'Object Repository/Popup_FacebookLogin/txt_email' is visible

2018-09-05 13:59:55 - [MESSAGE][PASSED] - Keys 'g5.posiba@gmail.com' sent to object: 'Object Repository/Popup_FacebookLogin/txt_email'

2018-09-05 13:59:56 - [MESSAGE][PASSED] - Keys 'posiba123' sent to object: 'Object Repository/Popup_FacebookLogin/txt_password'

2018-09-05 13:59:57 - [MESSAGE][PASSED] - Object: 'Object Repository/Popup_FacebookLogin/btn_login' is clicked on

2018-09-05 13:59:58 - [MESSAGE][PASSED] - Switched to window with index: '0'

2018-09-05 13:59:58 - [MESSAGE][PASSED] - Wait for page load successfully

2018-09-05 13:59:58 - [MESSAGE][PASSED] - beautytap.GeneralAction.login is PASSED

2018-09-05 13:59:58 - [TEST_STEP][PASSED] - verifyElementPresent: Object 'Object Repository/Page_General/link_avatar' is present

2018-09-05 14:00:07 - [MESSAGE][PASSED] - Object 'Object Repository/Page_General/link_avatar' is present

2018-09-05 14:00:07 - [TEST_STEP][PASSED] - beautytap.GeneralAction.logout: beautytap.GeneralAction.logout is PASSED

2018-09-05 14:00:08 - [MESSAGE][PASSED] - Object: 'Object Repository/Page_General/link_avatar' is clicked on

2018-09-05 14:00:08 - [MESSAGE][PASSED] - Object 'Object Repository/Page_General/menu_logout' is present

2018-09-05 14:00:08 - [MESSAGE][PASSED] - Object: 'Object Repository/Page_General/menu_logout' is clicked on

2018-09-05 14:00:08 - [MESSAGE][PASSED] - Wait for page load successfully

2018-09-05 14:00:09 - [MESSAGE][PASSED] - Browser is closed

2018-09-05 14:00:09 - [MESSAGE][PASSED] - beautytap.GeneralAction.logout is PASSED]]></system-out>
         <system-err><![CDATA[]]></system-err>
      </testcase>
      <testcase name="Test Cases/Shop/TC03_Search_SimpleProduct_Sale_Creditcard_LessThan60_Normal" classname="Test Cases/Shop/TC03_Search_SimpleProduct_Sale_Creditcard_LessThan60_Normal" status="PASSED">
         <system-out><![CDATA[2018-09-05 14:00:11 - [TEST_CASE][PASSED] - Test Cases/Shop/TC03_Search_SimpleProduct_Sale_Creditcard_LessThan60_Normal: Test Cases/Shop/TC03_Search_SimpleProduct_Sale_Creditcard_LessThan60_Normal

2018-09-05 14:00:12 - [TEST_STEP][PASSED] - Statement - productName = SIMPLE_SALE_PRODUCT: null

2018-09-05 14:00:12 - [TEST_STEP][PASSED] - Statement - searchName = productName.substring(0, productName.indexOf("/")): null

2018-09-05 14:00:12 - [TEST_STEP][PASSED] - Statement - saleprice = SIMPLE_SALE_PRICE: null

2018-09-05 14:00:12 - [TEST_STEP][PASSED] - Statement - regularprice = SIMPLE_SALE_REGULAR_PRICE: null

2018-09-05 14:00:12 - [TEST_STEP][PASSED] - Statement - r_string = new java.lang.Math().random().toString().substring(2, 8): null

2018-09-05 14:00:12 - [TEST_STEP][PASSED] - Statement - email = "auto" + r_string + "@mailinator.com": null

2018-09-05 14:00:12 - [TEST_STEP][PASSED] - Statement - orderNote = "auto" + r_string + "Order": null

2018-09-05 14:00:12 - [TEST_STEP][PASSED] - Statement - currentNumberItemInCart = <not implemented yet for class: org.codehaus.groovy.ast.expr.EmptyExpression>: null

2018-09-05 14:00:12 - [TEST_STEP][PASSED] - Statement - quantity = 1: null

2018-09-05 14:00:12 - [TEST_STEP][PASSED] - Statement - subtotal = CustomKeywords.beautytap.ShopAction.calculateTotal(quantity, saleprice): beautytap.ShopAction.calculateTotal is PASSED

2018-09-05 14:00:12 - [MESSAGE][PASSED] - beautytap.ShopAction.calculateTotal is PASSED

2018-09-05 14:00:12 - [TEST_STEP][PASSED] - Statement - total = subtotal + SHIPPING_PRICE: null

2018-09-05 14:00:12 - [TEST_STEP][PASSED] - Statement - total = CustomKeywords.beautytap.ShopAction.calculateTotal(1, total): beautytap.ShopAction.calculateTotal is PASSED

2018-09-05 14:00:12 - [MESSAGE][PASSED] - beautytap.ShopAction.calculateTotal is PASSED

2018-09-05 14:00:12 - [TEST_STEP][PASSED] - Statement - products = new org.json.JSONArray((((((([{"productname":" + productName) + ","variation":"","quantity":") + quantity) + ","price":") + saleprice) + "}])): null

2018-09-05 14:00:12 - [TEST_STEP][PASSED] - Statement - billingInformation = new org.json.JSONObject((({"firstname":"Test","lastname":"Automation","country":"United States (US)","address":"123 Testing","city":"New York","state":"New York","zip":"90012","email":" + email) + "})): null

2018-09-05 14:00:12 - [TEST_STEP][PASSED] - Statement - shippingLabel = SHIPPING_LABEL: null

2018-09-05 14:00:12 - [TEST_STEP][PASSED] - Statement - shippingPrice = SHIPPING_PRICE: null

2018-09-05 14:00:12 - [TEST_STEP][PASSED] - Statement - shippingType = "normal": null

2018-09-05 14:00:12 - [TEST_STEP][PASSED] - Statement - paymentMethod = "Credit Card Payment": null

2018-09-05 14:00:12 - [TEST_STEP][PASSED] - beautytap.GeneralAction.openBeautytap: beautytap.GeneralAction.openBeautytap is PASSED

2018-09-05 14:00:33 - [MESSAGE][PASSED] - Browser is opened with url: 'https://stage.beautytap.com'

2018-09-05 14:00:35 - [MESSAGE][PASSED] - Current window maximized

2018-09-05 14:00:38 - [MESSAGE][PASSED] - Refresh successfully

2018-09-05 14:00:38 - [MESSAGE][PASSED] - Wait for page load successfully

2018-09-05 14:00:38 - [MESSAGE][PASSED] - beautytap.GeneralAction.openBeautytap is PASSED

2018-09-05 14:00:38 - [TEST_STEP][PASSED] - beautytap.ShopAction.globalSearch: beautytap.ShopAction.globalSearch is PASSED

2018-09-05 14:00:38 - [MESSAGE][PASSED] - Object: 'Object Repository/Page_General/icon_search' is clicked on

2018-09-05 14:00:43 - [MESSAGE][PASSED] - Delayed 5 second(s)

2018-09-05 14:00:44 - [MESSAGE][PASSED] - Text of object 'Object Repository/Page_General/txt_search' is cleared

2018-09-05 14:00:44 - [MESSAGE][PASSED] - Keys 'CONTROL + v' sent to object: 'Object Repository/Page_General/txt_search'

2018-09-05 14:00:47 - [MESSAGE][PASSED] - Object 'Object Repository/Page_General/div_searchResult' is present

2018-09-05 14:00:47 - [MESSAGE][PASSED] - beautytap.ShopAction.globalSearch is PASSED

2018-09-05 14:00:47 - [TEST_STEP][PASSED] - beautytap.ShopAction.VerifyProductOnSearchResult: Keyword VerifyProductOnSearchResult is Passed

2018-09-05 14:00:47 - [MESSAGE][PASSED] - Object '' is present

2018-09-05 14:00:47 - [MESSAGE][PASSED] - Text of object '' is: '$12.50'

2018-09-05 14:00:47 - [MESSAGE][PASSED] - Get CSS 'color' value on '' successfully: 'rgba(195, 195, 195, 1)'.

2018-09-05 14:00:47 - [MESSAGE][PASSED] - Get CSS 'color' value on '' successfully: 'rgba(195, 195, 195, 1)'.

2018-09-05 14:00:47 - [MESSAGE][PASSED] - Text of object '' is: '$11.99'

2018-09-05 14:00:47 - [MESSAGE][PASSED] - Get CSS 'color' value on '' successfully: 'rgba(255, 35, 134, 1)'.

2018-09-05 14:00:47 - [MESSAGE][PASSED] - Get CSS 'color' value on '' successfully: 'rgba(255, 35, 134, 1)'.

2018-09-05 14:00:47 - [MESSAGE][PASSED] - Keyword VerifyProductOnSearchResult is Passed

2018-09-05 14:00:47 - [TEST_STEP][PASSED] - beautytap.ShopAction.selectProductOnSearchResult: beautytap.ShopAction.selectProductOnSearchResult is PASSED

2018-09-05 14:00:53 - [MESSAGE][PASSED] - Object: '' is clicked on

2018-09-05 14:00:53 - [MESSAGE][PASSED] - Wait for page load successfully

2018-09-05 14:00:53 - [MESSAGE][PASSED] - beautytap.ShopAction.selectProductOnSearchResult is PASSED

2018-09-05 14:00:53 - [TEST_STEP][PASSED] - beautytap.ShopAction.VerifyProductDetails: Keyword VerifyProductDetails is Passed

2018-09-05 14:00:53 - [MESSAGE][PASSED] - Text of object '' is: 'Innisfree Perfect UV Protection Cream SPF50+/PA+++ (Long-Lasting For Oily Skin) 50ml'

2018-09-05 14:00:53 - [MESSAGE][PASSED] - Text of object '' is: '$12.50'

2018-09-05 14:00:53 - [MESSAGE][PASSED] - Get CSS 'color' value on '' successfully: 'rgba(195, 195, 195, 1)'.

2018-09-05 14:00:53 - [MESSAGE][PASSED] - Text of object '' is: '$11.99'

2018-09-05 14:00:53 - [MESSAGE][PASSED] - Get CSS 'color' value on '' successfully: 'rgba(255, 35, 134, 1)'.

2018-09-05 14:00:53 - [MESSAGE][PASSED] - Keyword VerifyProductDetails is Passed

2018-09-05 14:00:53 - [TEST_STEP][PASSED] - Statement - currentNumberItemInCart = CustomKeywords.beautytap.ShopAction.getNumberItemInCart(): beautytap.ShopAction.getNumberItemInCart is PASSED

2018-09-05 14:01:25 - [MESSAGE][WARNING] - com.kms.katalon.core.webui.exception.WebElementNotFoundException: Web element with id: '' located by 'By.xpath: //div[@class='header-right-top pull-right']/a[@class='shop-cart']/span[@class='number-cart']' not found
[[ATTACHMENT|E:\\BeautytapAutomation\\beautytapAuto\\Beautytap\\Reports\\TS1\\20180905_135220\\1536130884830.png]]

2018-09-05 14:01:25 - [MESSAGE][PASSED] - beautytap.ShopAction.getNumberItemInCart is PASSED

2018-09-05 14:01:25 - [TEST_STEP][PASSED] - beautytap.ShopAction.addProductToCart: beautytap.ShopAction.addProductToCart is PASSED

2018-09-05 14:01:25 - [MESSAGE][PASSED] - Text of object 'Object Repository/Page_Shop/txt_quantity' is cleared

2018-09-05 14:01:25 - [MESSAGE][PASSED] - Keys '1' sent to object: 'Object Repository/Page_Shop/txt_quantity'

2018-09-05 14:01:25 - [MESSAGE][PASSED] - Object: 'Object Repository/Page_Shop/btn_addToCart' is clicked on

2018-09-05 14:01:25 - [MESSAGE][PASSED] - Wait for page load successfully

2018-09-05 14:01:33 - [MESSAGE][PASSED] - Object 'Object Repository/Page_Shop/lbl_message' is present

2018-09-05 14:01:33 - [MESSAGE][PASSED] - beautytap.ShopAction.addProductToCart is PASSED

2018-09-05 14:01:33 - [TEST_STEP][PASSED] - beautytap.ShopAction.VerifyNumberItemInCart: Keyword VerifyNumberItemInCart is Passed, Number item in cart is 1, expected is 1

2018-09-05 14:01:33 - [MESSAGE][PASSED] - Object '' is present

2018-09-05 14:01:33 - [MESSAGE][PASSED] - Text of object '' is: '1'

2018-09-05 14:01:33 - [MESSAGE][PASSED] - Keyword VerifyNumberItemInCart is Passed, Number item in cart is 1, expected is 1

2018-09-05 14:01:33 - [TEST_STEP][PASSED] - beautytap.ShopAction.VerifyProductIsAddedToCart: beautytap.ShopAction.VerifyProductIsAddedToCart is PASSED

2018-09-05 14:02:04 - [MESSAGE][WARNING] - com.kms.katalon.core.webui.exception.WebElementNotFoundException: Web element with id: '' located by 'By.xpath: //div[@class='woocommerce-message' and contains(text(),'Innisfree Perfect UV Protection Cream SPF50+/PA+++ (Long-Lasting For Oily Skin) 50ml” have been added to your cart.')]' not found
[[ATTACHMENT|E:\\BeautytapAutomation\\beautytapAuto\\Beautytap\\Reports\\TS1\\20180905_135220\\1536130924251.png]]

2018-09-05 14:02:04 - [MESSAGE][PASSED] - beautytap.ShopAction.VerifyProductIsAddedToCart is PASSED

2018-09-05 14:02:04 - [TEST_STEP][PASSED] - beautytap.ShopAction.goToCart: beautytap.ShopAction.goToCart is PASSED

2018-09-05 14:02:09 - [MESSAGE][PASSED] - Object: 'Object Repository/Page_General/icon_cart' is clicked on

2018-09-05 14:02:09 - [MESSAGE][PASSED] - Wait for page load successfully

2018-09-05 14:02:09 - [MESSAGE][PASSED] - beautytap.ShopAction.goToCart is PASSED

2018-09-05 14:02:09 - [TEST_STEP][PASSED] - beautytap.ShopAction.VerifyProductInCart: Keyword VerifyProductInCart is Passed

2018-09-05 14:02:09 - [MESSAGE][PASSED] - Object '' is present

2018-09-05 14:02:09 - [MESSAGE][PASSED] - Text of object '' is: '$11.99'

2018-09-05 14:02:09 - [MESSAGE][PASSED] - Attribute 'value' of object '' is: '1'

2018-09-05 14:02:09 - [MESSAGE][PASSED] - Text of object '' is: '$11.99'

2018-09-05 14:02:09 - [MESSAGE][PASSED] - Keyword VerifyProductInCart is Passed

2018-09-05 14:02:09 - [TEST_STEP][PASSED] - beautytap.ShopAction.processToCheckout: beautytap.ShopAction.processToCheckout is PASSED

2018-09-05 14:02:12 - [MESSAGE][PASSED] - Object: 'Object Repository/Page_Cart/btn_checkout' is clicked on

2018-09-05 14:02:12 - [MESSAGE][PASSED] - Wait for page load successfully

2018-09-05 14:02:12 - [MESSAGE][PASSED] - beautytap.ShopAction.processToCheckout is PASSED

2018-09-05 14:02:12 - [TEST_STEP][PASSED] - beautytap.ShopAction.fillCustomerInformation: beautytap.ShopAction.fillCustomerInformation is PASSED

2018-09-05 14:02:12 - [MESSAGE][PASSED] - Text of object 'Object Repository/Page_Checkout/txt_billingFirstName' is cleared

2018-09-05 14:02:13 - [MESSAGE][PASSED] - Keys 'Test' sent to object: 'Object Repository/Page_Checkout/txt_billingFirstName'

2018-09-05 14:02:13 - [MESSAGE][PASSED] - Text of object 'Object Repository/Page_Checkout/txt_billingLastName' is cleared

2018-09-05 14:02:13 - [MESSAGE][PASSED] - Keys 'Automation' sent to object: 'Object Repository/Page_Checkout/txt_billingLastName'

2018-09-05 14:02:14 - [MESSAGE][PASSED] - All options with label 'United States (US)' are selected in object 'Object Repository/Page_Checkout/drop_billingCountry' 

2018-09-05 14:02:19 - [MESSAGE][PASSED] - Delayed 5 second(s)

2018-09-05 14:02:19 - [MESSAGE][PASSED] - Text of object 'Object Repository/Page_Checkout/txt_billingAddress' is cleared

2018-09-05 14:02:19 - [MESSAGE][PASSED] - Keys '123 Testing' sent to object: 'Object Repository/Page_Checkout/txt_billingAddress'

2018-09-05 14:02:19 - [MESSAGE][PASSED] - Text of object 'Object Repository/Page_Checkout/txt_billingCity' is cleared

2018-09-05 14:02:19 - [MESSAGE][PASSED] - Keys 'New York' sent to object: 'Object Repository/Page_Checkout/txt_billingCity'

2018-09-05 14:02:19 - [MESSAGE][PASSED] - All options with label 'New York' are selected in object 'Object Repository/Page_Checkout/drop_billingState' 

2018-09-05 14:02:20 - [MESSAGE][PASSED] - Text of object 'Object Repository/Page_Checkout/txt_billingZip' is cleared

2018-09-05 14:02:20 - [MESSAGE][PASSED] - Keys '90012' sent to object: 'Object Repository/Page_Checkout/txt_billingZip'

2018-09-05 14:02:20 - [MESSAGE][PASSED] - Text of object 'Object Repository/Page_Checkout/txt_billingEmail' is cleared

2018-09-05 14:02:20 - [MESSAGE][PASSED] - Keys 'auto841190@mailinator.com' sent to object: 'Object Repository/Page_Checkout/txt_billingEmail'

2018-09-05 14:02:21 - [MESSAGE][PASSED] - Object 'Object Repository/Page_Checkout/chk_shipToDifferentAddress' is un-checked

2018-09-05 14:02:21 - [MESSAGE][PASSED] - Text of object 'Object Repository/Page_Checkout/txt_orderNote' is cleared

2018-09-05 14:02:21 - [MESSAGE][PASSED] - Keys 'auto841190Order' sent to object: 'Object Repository/Page_Checkout/txt_orderNote'

2018-09-05 14:02:21 - [MESSAGE][PASSED] - Object 'Object Repository/Page_Checkout/radio_creditCard' is checked

2018-09-05 14:02:26 - [MESSAGE][PASSED] - Delayed 5 second(s)

2018-09-05 14:02:26 - [MESSAGE][PASSED] - beautytap.ShopAction.fillCustomerInformation is PASSED

2018-09-05 14:02:26 - [TEST_STEP][PASSED] - beautytap.ShopAction.VerifyOrderDetailsOnCheckout: Keyword VerifyOrderDetailsOnCheckout is Passed

2018-09-05 14:02:26 - [MESSAGE][PASSED] - Object '' is present

2018-09-05 14:02:26 - [MESSAGE][PASSED] - Text of object '' is: '$11.99'

2018-09-05 14:02:26 - [MESSAGE][PASSED] - Object '' has attribute 'checked'

2018-09-05 14:02:26 - [MESSAGE][PASSED] - Text of object '' is: '($12.50) Pantos (est. 14-25 working days including processing): $12.50'

2018-09-05 14:02:26 - [MESSAGE][PASSED] - Text of object '' is: '$12.50'

2018-09-05 14:02:26 - [MESSAGE][PASSED] - Text of object '' is: '$24.49'

2018-09-05 14:02:26 - [MESSAGE][PASSED] - Keyword VerifyOrderDetailsOnCheckout is Passed

2018-09-05 14:02:26 - [TEST_STEP][PASSED] - beautytap.ShopAction.checkoutViaCreditCard: beautytap.ShopAction.checkoutViaCreditCard is PASSED

2018-09-05 14:02:27 - [MESSAGE][PASSED] - Object 'Object Repository/Page_Checkout/radio_creditCard' is checked

2018-09-05 14:02:37 - [MESSAGE][PASSED] - Delayed 10 second(s)

2018-09-05 14:02:37 - [MESSAGE][PASSED] - Text of object 'Object Repository/Page_Checkout/txt_cardNumber' is cleared

2018-09-05 14:02:37 - [MESSAGE][PASSED] - Keys '4032036248443549' sent to object: 'Object Repository/Page_Checkout/txt_cardNumber'

2018-09-05 14:02:37 - [MESSAGE][PASSED] - All options with label 'Visa' are selected in object 'Object Repository/Page_Checkout/drop_cardType' 

2018-09-05 14:02:37 - [MESSAGE][PASSED] - All options with label '07' are selected in object 'Object Repository/Page_Checkout/drop_expirationMonth' 

2018-09-05 14:02:37 - [MESSAGE][PASSED] - All options with label '2023' are selected in object 'Object Repository/Page_Checkout/drop_expirationYear' 

2018-09-05 14:02:37 - [MESSAGE][PASSED] - Text of object 'Object Repository/Page_Checkout/txt_cardCVV' is cleared

2018-09-05 14:02:38 - [MESSAGE][PASSED] - Keys '123' sent to object: 'Object Repository/Page_Checkout/txt_cardCVV'

2018-09-05 14:02:38 - [MESSAGE][PASSED] - Object 'Object Repository/Page_Checkout/chk_terms' is checked

2018-09-05 14:02:38 - [MESSAGE][PASSED] - Object: 'Object Repository/Page_Checkout/btn_placeOrder' is clicked on

2018-09-05 14:02:52 - [MESSAGE][PASSED] - Object 'Object Repository/Page_Checkout/lbl_orderReceived' is present

2018-09-05 14:02:52 - [MESSAGE][PASSED] - beautytap.ShopAction.checkoutViaCreditCard is PASSED

2018-09-05 14:02:52 - [TEST_STEP][PASSED] - beautytap.ShopAction.VerifyOrderReceivedDetails: Keyword VerifyOrderReceivedDetails is Passed

2018-09-05 14:02:52 - [MESSAGE][PASSED] - Object '' is present

2018-09-05 14:02:52 - [MESSAGE][PASSED] - Text of object '' is: '$11.99'

2018-09-05 14:02:52 - [MESSAGE][PASSED] - Text of object '' is: '$12.50 via ($12.50) Pantos (est. 14-25 working days including processing)'

2018-09-05 14:02:52 - [MESSAGE][PASSED] - Object '' is present

2018-09-05 14:02:52 - [MESSAGE][PASSED] - Text of object '' is: '$12.50'

2018-09-05 14:02:53 - [MESSAGE][PASSED] - Text of object '' is: 'Credit Card Payment'

2018-09-05 14:02:53 - [MESSAGE][PASSED] - Text of object '' is: '$24.49'

2018-09-05 14:02:53 - [MESSAGE][PASSED] - Keyword VerifyOrderReceivedDetails is Passed

2018-09-05 14:02:53 - [TEST_STEP][PASSED] - closeBrowser: Browser is closed

2018-09-05 14:02:53 - [MESSAGE][PASSED] - Browser is closed]]></system-out>
         <system-err><![CDATA[]]></system-err>
      </testcase>
      <testcase name="Test Cases/Shop/TC04_Search_VariationProduct_NotSale_AmazonPay_GreaterThan200" classname="Test Cases/Shop/TC04_Search_VariationProduct_NotSale_AmazonPay_GreaterThan200" status="PASSED">
         <system-out><![CDATA[2018-09-05 14:02:56 - [TEST_CASE][PASSED] - Test Cases/Shop/TC04_Search_VariationProduct_NotSale_AmazonPay_GreaterThan200: Test Cases/Shop/TC04_Search_VariationProduct_NotSale_AmazonPay_GreaterThan200

2018-09-05 14:02:56 - [TEST_STEP][PASSED] - Statement - productName = VARIATION_PRODUCT: null

2018-09-05 14:02:56 - [TEST_STEP][PASSED] - Statement - price = VARIATION_PRICE1: null

2018-09-05 14:02:56 - [TEST_STEP][PASSED] - Statement - variation = VARIATION_NAME1: null

2018-09-05 14:02:56 - [TEST_STEP][PASSED] - Statement - r_string = new java.lang.Math().random().toString().substring(2, 8): null

2018-09-05 14:02:56 - [TEST_STEP][PASSED] - Statement - email = "auto" + r_string + "@mailinator.com": null

2018-09-05 14:02:56 - [TEST_STEP][PASSED] - Statement - orderNote = "auto" + r_string + "Order": null

2018-09-05 14:02:56 - [TEST_STEP][PASSED] - Statement - currentNumberItemInCart = <not implemented yet for class: org.codehaus.groovy.ast.expr.EmptyExpression>: null

2018-09-05 14:02:56 - [TEST_STEP][PASSED] - Statement - quantity = 8: null

2018-09-05 14:02:56 - [TEST_STEP][PASSED] - Statement - subtotal = CustomKeywords.beautytap.ShopAction.calculateTotal(quantity, price): beautytap.ShopAction.calculateTotal is PASSED

2018-09-05 14:02:56 - [MESSAGE][PASSED] - beautytap.ShopAction.calculateTotal is PASSED

2018-09-05 14:02:56 - [TEST_STEP][PASSED] - Statement - total = subtotal: null

2018-09-05 14:02:56 - [TEST_STEP][PASSED] - Statement - total = CustomKeywords.beautytap.ShopAction.calculateTotal(1, total): beautytap.ShopAction.calculateTotal is PASSED

2018-09-05 14:02:56 - [MESSAGE][PASSED] - beautytap.ShopAction.calculateTotal is PASSED

2018-09-05 14:02:56 - [TEST_STEP][PASSED] - Statement - products = new org.json.JSONArray((((((((([{"productname":" + productName) + ","variation":") + variation) + ","quantity":") + quantity) + ","price":") + price) + "}])): null

2018-09-05 14:02:56 - [TEST_STEP][PASSED] - Statement - billingInformation = new org.json.JSONObject((({"firstname":"Test","lastname":"Automation","country":"United States (US)","address":"123 Testing","city":"New York","state":"New York","zip":"90012","email":" + email) + "})): null

2018-09-05 14:02:56 - [TEST_STEP][PASSED] - Statement - shippingLabel = FREE_EMS_SHIPPING_LABEL: null

2018-09-05 14:02:56 - [TEST_STEP][PASSED] - Statement - shippingPrice = 0: null

2018-09-05 14:02:56 - [TEST_STEP][PASSED] - Statement - shippingType = "freeEMS": null

2018-09-05 14:02:56 - [TEST_STEP][PASSED] - Statement - paymentMethod = "Amazon Pay": null

2018-09-05 14:02:56 - [TEST_STEP][PASSED] - beautytap.GeneralAction.openBeautytap: beautytap.GeneralAction.openBeautytap is PASSED

2018-09-05 14:03:25 - [MESSAGE][PASSED] - Browser is opened with url: 'https://stage.beautytap.com'

2018-09-05 14:03:26 - [MESSAGE][PASSED] - Current window maximized

2018-09-05 14:03:29 - [MESSAGE][PASSED] - Refresh successfully

2018-09-05 14:03:29 - [MESSAGE][PASSED] - Wait for page load successfully

2018-09-05 14:03:29 - [MESSAGE][PASSED] - beautytap.GeneralAction.openBeautytap is PASSED

2018-09-05 14:03:29 - [TEST_STEP][PASSED] - beautytap.ShopAction.globalSearch: beautytap.ShopAction.globalSearch is PASSED

2018-09-05 14:03:30 - [MESSAGE][PASSED] - Object: 'Object Repository/Page_General/icon_search' is clicked on

2018-09-05 14:03:35 - [MESSAGE][PASSED] - Delayed 5 second(s)

2018-09-05 14:03:35 - [MESSAGE][PASSED] - Text of object 'Object Repository/Page_General/txt_search' is cleared

2018-09-05 14:03:35 - [MESSAGE][PASSED] - Keys 'CONTROL + v' sent to object: 'Object Repository/Page_General/txt_search'

2018-09-05 14:03:36 - [MESSAGE][PASSED] - Object 'Object Repository/Page_General/div_searchResult' is present

2018-09-05 14:03:36 - [MESSAGE][PASSED] - beautytap.ShopAction.globalSearch is PASSED

2018-09-05 14:03:37 - [TEST_STEP][PASSED] - beautytap.ShopAction.VerifyProductOnSearchResult: Keyword VerifyProductOnSearchResult is Passed

2018-09-05 14:03:37 - [MESSAGE][PASSED] - Object '' is present

2018-09-05 14:03:37 - [MESSAGE][PASSED] - Text of object '' is: '$26.70'

2018-09-05 14:03:37 - [MESSAGE][PASSED] - Get CSS 'color' value on '' successfully: 'rgba(255, 35, 134, 1)'.

2018-09-05 14:03:37 - [MESSAGE][PASSED] - Get CSS 'color' value on '' successfully: 'rgba(255, 35, 134, 1)'.

2018-09-05 14:03:37 - [MESSAGE][PASSED] - Keyword VerifyProductOnSearchResult is Passed

2018-09-05 14:03:37 - [TEST_STEP][PASSED] - beautytap.ShopAction.selectProductOnSearchResult: beautytap.ShopAction.selectProductOnSearchResult is PASSED

2018-09-05 14:03:44 - [MESSAGE][PASSED] - Object: '' is clicked on

2018-09-05 14:03:44 - [MESSAGE][PASSED] - Wait for page load successfully

2018-09-05 14:03:44 - [MESSAGE][PASSED] - beautytap.ShopAction.selectProductOnSearchResult is PASSED

2018-09-05 14:03:44 - [TEST_STEP][PASSED] - beautytap.ShopAction.selectProductVariation: beautytap.ShopAction.selectProductVariation is PASSED

2018-09-05 14:03:44 - [MESSAGE][PASSED] - Object: 'Object Repository/Page_Shop/drop_chooseOption' is clicked on

2018-09-05 14:03:45 - [MESSAGE][PASSED] - Delayed 1 second(s)

2018-09-05 14:03:45 - [MESSAGE][PASSED] - Object: '' is clicked on

2018-09-05 14:03:45 - [MESSAGE][PASSED] - beautytap.ShopAction.selectProductVariation is PASSED

2018-09-05 14:03:45 - [TEST_STEP][PASSED] - beautytap.ShopAction.VerifyProductDetails: Keyword VerifyProductDetails is Passed

2018-09-05 14:03:46 - [MESSAGE][PASSED] - Text of object '' is: 'MeloMELI Unicorn Heart Lake Cushion — 2 Choices'

2018-09-05 14:03:46 - [MESSAGE][PASSED] - All options with label 'Vanilla Beige' are selected in object 'Object Repository/Page_Shop/drop_chooseOption' 

2018-09-05 14:03:46 - [MESSAGE][PASSED] - Text of object '' is: '$26.70'

2018-09-05 14:03:47 - [MESSAGE][PASSED] - Get CSS 'color' value on '' successfully: 'rgba(255, 35, 134, 1)'.

2018-09-05 14:03:47 - [MESSAGE][PASSED] - Keyword VerifyProductDetails is Passed

2018-09-05 14:03:47 - [TEST_STEP][PASSED] - Statement - currentNumberItemInCart = CustomKeywords.beautytap.ShopAction.getNumberItemInCart(): beautytap.ShopAction.getNumberItemInCart is PASSED

2018-09-05 14:04:18 - [MESSAGE][WARNING] - com.kms.katalon.core.webui.exception.WebElementNotFoundException: Web element with id: '' located by 'By.xpath: //div[@class='header-right-top pull-right']/a[@class='shop-cart']/span[@class='number-cart']' not found
[[ATTACHMENT|E:\\BeautytapAutomation\\beautytapAuto\\Beautytap\\Reports\\TS1\\20180905_135220\\1536131058214.png]]

2018-09-05 14:04:18 - [MESSAGE][PASSED] - beautytap.ShopAction.getNumberItemInCart is PASSED

2018-09-05 14:04:18 - [TEST_STEP][PASSED] - beautytap.ShopAction.addProductToCart: beautytap.ShopAction.addProductToCart is PASSED

2018-09-05 14:04:18 - [MESSAGE][PASSED] - Text of object 'Object Repository/Page_Shop/txt_quantity' is cleared

2018-09-05 14:04:18 - [MESSAGE][PASSED] - Keys '8' sent to object: 'Object Repository/Page_Shop/txt_quantity'

2018-09-05 14:04:18 - [MESSAGE][PASSED] - Object: 'Object Repository/Page_Shop/btn_addToCart' is clicked on

2018-09-05 14:04:18 - [MESSAGE][PASSED] - Wait for page load successfully

2018-09-05 14:04:26 - [MESSAGE][PASSED] - Object 'Object Repository/Page_Shop/lbl_message' is present

2018-09-05 14:04:26 - [MESSAGE][PASSED] - beautytap.ShopAction.addProductToCart is PASSED

2018-09-05 14:04:26 - [TEST_STEP][PASSED] - beautytap.ShopAction.VerifyNumberItemInCart: Keyword VerifyNumberItemInCart is Passed, Number item in cart is 8, expected is 8

2018-09-05 14:04:26 - [MESSAGE][PASSED] - Object '' is present

2018-09-05 14:04:26 - [MESSAGE][PASSED] - Text of object '' is: '8'

2018-09-05 14:04:26 - [MESSAGE][PASSED] - Keyword VerifyNumberItemInCart is Passed, Number item in cart is 8, expected is 8

2018-09-05 14:04:26 - [TEST_STEP][PASSED] - beautytap.ShopAction.VerifyProductIsAddedToCart: beautytap.ShopAction.VerifyProductIsAddedToCart is PASSED

2018-09-05 14:04:26 - [MESSAGE][PASSED] - Object '' is present

2018-09-05 14:04:26 - [MESSAGE][PASSED] - beautytap.ShopAction.VerifyProductIsAddedToCart is PASSED

2018-09-05 14:04:26 - [TEST_STEP][PASSED] - beautytap.ShopAction.goToCart: beautytap.ShopAction.goToCart is PASSED

2018-09-05 14:04:32 - [MESSAGE][PASSED] - Object: 'Object Repository/Page_General/icon_cart' is clicked on

2018-09-05 14:04:32 - [MESSAGE][PASSED] - Wait for page load successfully

2018-09-05 14:04:32 - [MESSAGE][PASSED] - beautytap.ShopAction.goToCart is PASSED

2018-09-05 14:04:32 - [TEST_STEP][PASSED] - beautytap.ShopAction.VerifyProductInCart: Keyword VerifyProductInCart is Passed

2018-09-05 14:04:32 - [MESSAGE][PASSED] - Object '' is present

2018-09-05 14:04:32 - [MESSAGE][PASSED] - Text of object '' is: '$26.70'

2018-09-05 14:04:32 - [MESSAGE][PASSED] - Attribute 'value' of object '' is: '8'

2018-09-05 14:04:32 - [MESSAGE][PASSED] - Text of object '' is: '$213.60'

2018-09-05 14:04:32 - [MESSAGE][PASSED] - Keyword VerifyProductInCart is Passed

2018-09-05 14:04:32 - [TEST_STEP][PASSED] - beautytap.ShopAction.processToCheckout: beautytap.ShopAction.processToCheckout is PASSED

2018-09-05 14:04:35 - [MESSAGE][PASSED] - Object: 'Object Repository/Page_Cart/btn_checkout' is clicked on

2018-09-05 14:04:35 - [MESSAGE][PASSED] - Wait for page load successfully

2018-09-05 14:04:35 - [MESSAGE][PASSED] - beautytap.ShopAction.processToCheckout is PASSED

2018-09-05 14:04:35 - [TEST_STEP][PASSED] - beautytap.ShopAction.loginAmazonPay: beautytap.ShopAction.loginAmazonPay is PASSED

2018-09-05 14:04:36 - [MESSAGE][PASSED] - Object: 'Object Repository/Page_Checkout/btn_amazonPay' is clicked on

2018-09-05 14:04:36 - [MESSAGE][PASSED] - Switched to window with index: '1'

2018-09-05 14:04:37 - [MESSAGE][PASSED] - Object 'Object Repository/Popup_Amazon/txt_email' is present

2018-09-05 14:04:37 - [MESSAGE][PASSED] - Text of object 'Object Repository/Popup_Amazon/txt_email' is cleared

2018-09-05 14:04:37 - [MESSAGE][PASSED] - Keys 'amazontest1503@yopmail.com' sent to object: 'Object Repository/Popup_Amazon/txt_email'

2018-09-05 14:04:37 - [MESSAGE][PASSED] - Text of object 'Object Repository/Popup_Amazon/txt_password' is cleared

2018-09-05 14:04:37 - [MESSAGE][PASSED] - Keys '123456' sent to object: 'Object Repository/Popup_Amazon/txt_password'

2018-09-05 14:04:40 - [MESSAGE][PASSED] - Object: 'Object Repository/Popup_Amazon/btn_signin' is clicked on

2018-09-05 14:04:40 - [MESSAGE][PASSED] - Switched to window with index: '0'

2018-09-05 14:05:10 - [MESSAGE][PASSED] - Delayed 30 second(s)

2018-09-05 14:05:10 - [MESSAGE][PASSED] - beautytap.ShopAction.loginAmazonPay is PASSED

2018-09-05 14:05:10 - [TEST_STEP][PASSED] - beautytap.ShopAction.VerifyOrderDetailsOnCheckout: Keyword VerifyOrderDetailsOnCheckout is Passed

2018-09-05 14:05:10 - [MESSAGE][PASSED] - Object '' is present

2018-09-05 14:05:10 - [MESSAGE][PASSED] - Text of object '' is: '$213.60'

2018-09-05 14:05:10 - [MESSAGE][PASSED] - Text of object '' is: 'Free EMS shipping (over $200)
Why does shipping take this long?'

2018-09-05 14:05:10 - [MESSAGE][PASSED] - Text of object '' is: '$213.60'

2018-09-05 14:05:10 - [MESSAGE][PASSED] - Keyword VerifyOrderDetailsOnCheckout is Passed

2018-09-05 14:05:10 - [TEST_STEP][PASSED] - beautytap.ShopAction.checkoutViaAmazonPay: beautytap.ShopAction.checkoutViaAmazonPay is PASSED

2018-09-05 14:05:11 - [MESSAGE][PASSED] - Object 'Object Repository/Page_Checkout/chk_terms' is clickable

2018-09-05 14:05:11 - [MESSAGE][PASSED] - Object 'Object Repository/Page_Checkout/chk_terms' is checked

2018-09-05 14:05:11 - [MESSAGE][PASSED] - Object: 'Object Repository/Page_Checkout/btn_placeOrder' is clicked on

2018-09-05 14:05:25 - [MESSAGE][PASSED] - Object 'Object Repository/Page_Checkout/lbl_orderReceived' is present

2018-09-05 14:05:25 - [MESSAGE][PASSED] - beautytap.ShopAction.checkoutViaAmazonPay is PASSED

2018-09-05 14:05:25 - [TEST_STEP][PASSED] - beautytap.ShopAction.VerifyOrderReceivedDetails: Keyword VerifyOrderReceivedDetails is Passed

2018-09-05 14:05:25 - [MESSAGE][PASSED] - Object '' is present

2018-09-05 14:05:25 - [MESSAGE][PASSED] - Text of object '' is: '$213.60'

2018-09-05 14:05:25 - [MESSAGE][PASSED] - Text of object '' is: 'Free EMS shipping (over $200)'

2018-09-05 14:05:56 - [MESSAGE][WARNING] - com.kms.katalon.core.webui.exception.WebElementNotFoundException: Web element with id: '' located by 'By.xpath: //th[text()='Shipping:']/parent::tr/td/span' not found
[[ATTACHMENT|E:\\BeautytapAutomation\\beautytapAuto\\Beautytap\\Reports\\TS1\\20180905_135220\\1536131156386.png]]

2018-09-05 14:05:56 - [MESSAGE][PASSED] - Text of object '' is: 'Amazon Pay'

2018-09-05 14:05:56 - [MESSAGE][PASSED] - Text of object '' is: '$213.60'

2018-09-05 14:05:56 - [MESSAGE][PASSED] - Keyword VerifyOrderReceivedDetails is Passed

2018-09-05 14:05:56 - [TEST_STEP][PASSED] - closeBrowser: Browser is closed

2018-09-05 14:05:58 - [MESSAGE][PASSED] - Browser is closed]]></system-out>
         <system-err><![CDATA[]]></system-err>
      </testcase>
      <testcase name="Test Cases/Shop/TC05_Browse_SimpleProduct_NotSale_PayPal_GreaterThan60LessThan200" classname="Test Cases/Shop/TC05_Browse_SimpleProduct_NotSale_PayPal_GreaterThan60LessThan200" status="PASSED">
         <system-out><![CDATA[2018-09-05 14:06:00 - [TEST_CASE][PASSED] - Test Cases/Shop/TC05_Browse_SimpleProduct_NotSale_PayPal_GreaterThan60LessThan200: Test Cases/Shop/TC05_Browse_SimpleProduct_NotSale_PayPal_GreaterThan60LessThan200

2018-09-05 14:06:00 - [TEST_STEP][PASSED] - Statement - productName = SIMPLE_PRODUCT: null

2018-09-05 14:06:00 - [TEST_STEP][PASSED] - Statement - price = SIMPLE_PRODUCT_PRICE: null

2018-09-05 14:06:00 - [TEST_STEP][PASSED] - Statement - r_string = new java.lang.Math().random().toString().substring(2, 8): null

2018-09-05 14:06:00 - [TEST_STEP][PASSED] - Statement - email = "auto" + r_string + "@mailinator.com": null

2018-09-05 14:06:00 - [TEST_STEP][PASSED] - Statement - orderNote = "auto" + r_string + "Order": null

2018-09-05 14:06:00 - [TEST_STEP][PASSED] - Statement - currentNumberItemInCart = <not implemented yet for class: org.codehaus.groovy.ast.expr.EmptyExpression>: null

2018-09-05 14:06:00 - [TEST_STEP][PASSED] - Statement - quantity = 3: null

2018-09-05 14:06:00 - [TEST_STEP][PASSED] - Statement - subtotal = CustomKeywords.beautytap.ShopAction.calculateTotal(quantity, price): beautytap.ShopAction.calculateTotal is PASSED

2018-09-05 14:06:00 - [MESSAGE][PASSED] - beautytap.ShopAction.calculateTotal is PASSED

2018-09-05 14:06:00 - [TEST_STEP][PASSED] - Statement - total = subtotal: null

2018-09-05 14:06:00 - [TEST_STEP][PASSED] - Statement - total = CustomKeywords.beautytap.ShopAction.calculateTotal(1, total): beautytap.ShopAction.calculateTotal is PASSED

2018-09-05 14:06:00 - [MESSAGE][PASSED] - beautytap.ShopAction.calculateTotal is PASSED

2018-09-05 14:06:00 - [TEST_STEP][PASSED] - Statement - products = new org.json.JSONArray((((((([{"productname":" + productName) + ","variation":"","quantity":") + quantity) + ","price":") + price) + "}])): null

2018-09-05 14:06:00 - [TEST_STEP][PASSED] - Statement - billingInformation = new org.json.JSONObject((({"firstname":"Test","lastname":"Automation","country":"United States (US)","address":"123 Testing","city":"New York","state":"New York","zip":"90012","email":" + email) + "})): null

2018-09-05 14:06:00 - [TEST_STEP][PASSED] - Statement - shippingLabel = FREE_SHIPPING_LABEL: null

2018-09-05 14:06:00 - [TEST_STEP][PASSED] - Statement - shippingPrice = 0: null

2018-09-05 14:06:00 - [TEST_STEP][PASSED] - Statement - shippingType = "free": null

2018-09-05 14:06:00 - [TEST_STEP][PASSED] - Statement - paymentMethod = "PayPal": null

2018-09-05 14:06:00 - [TEST_STEP][PASSED] - Statement - category = "What's New": null

2018-09-05 14:06:00 - [TEST_STEP][PASSED] - beautytap.GeneralAction.openBeautytap: beautytap.GeneralAction.openBeautytap is PASSED

2018-09-05 14:06:12 - [MESSAGE][PASSED] - Browser is opened with url: 'https://stage.beautytap.com'

2018-09-05 14:06:13 - [MESSAGE][PASSED] - Current window maximized

2018-09-05 14:06:19 - [MESSAGE][PASSED] - Refresh successfully

2018-09-05 14:06:19 - [MESSAGE][PASSED] - Wait for page load successfully

2018-09-05 14:06:19 - [MESSAGE][PASSED] - beautytap.GeneralAction.openBeautytap is PASSED

2018-09-05 14:06:19 - [TEST_STEP][PASSED] - beautytap.ShopAction.selectCategory: beautytap.ShopAction.selectCategory is PASSED

2018-09-05 14:06:27 - [MESSAGE][PASSED] - Object: '' is clicked on

2018-09-05 14:06:27 - [MESSAGE][PASSED] - Wait for page load successfully

2018-09-05 14:06:27 - [MESSAGE][PASSED] - beautytap.ShopAction.selectCategory is PASSED

2018-09-05 14:06:27 - [TEST_STEP][PASSED] - beautytap.ShopAction.findProductOnProductList: beautytap.ShopAction.findProductOnProductList is PASSED

2018-09-05 14:06:27 - [MESSAGE][PASSED] - Text of object '' is: '76'

2018-09-05 14:06:33 - [MESSAGE][WARNING] - com.kms.katalon.core.webui.exception.WebElementNotFoundException: Web element with id: '' located by 'By.xpath: //a[text()='La Muse Correct Care Complete Cushion SPF50+']' not found
[[ATTACHMENT|E:\\BeautytapAutomation\\beautytapAuto\\Beautytap\\Reports\\TS1\\20180905_135220\\1536131192921.png]]

2018-09-05 14:06:41 - [MESSAGE][PASSED] - Object: '' is clicked on

2018-09-05 14:06:41 - [MESSAGE][PASSED] - Wait for page load successfully

2018-09-05 14:06:41 - [MESSAGE][PASSED] - Object '' is present

2018-09-05 14:06:41 - [MESSAGE][PASSED] - beautytap.ShopAction.findProductOnProductList is PASSED

2018-09-05 14:06:41 - [TEST_STEP][PASSED] - beautytap.ShopAction.VerifyProductOnProductList: Keyword VerifyProductOnProductList is Passed

2018-09-05 14:06:41 - [MESSAGE][PASSED] - Object '' is present

2018-09-05 14:06:41 - [MESSAGE][PASSED] - Text of object '' is: '$31.80'

2018-09-05 14:06:41 - [MESSAGE][PASSED] - Get CSS 'color' value on '' successfully: 'rgba(255, 35, 134, 1)'.

2018-09-05 14:06:42 - [MESSAGE][PASSED] - Get CSS 'color' value on '' successfully: 'rgba(255, 35, 134, 1)'.

2018-09-05 14:06:42 - [MESSAGE][PASSED] - Keyword VerifyProductOnProductList is Passed

2018-09-05 14:06:42 - [TEST_STEP][PASSED] - beautytap.ShopAction.selectProductOnProductList: beautytap.ShopAction.selectProductOnProductList is PASSED

2018-09-05 14:06:47 - [MESSAGE][PASSED] - Object: '' is clicked on

2018-09-05 14:06:47 - [MESSAGE][PASSED] - Wait for page load successfully

2018-09-05 14:06:47 - [MESSAGE][PASSED] - beautytap.ShopAction.selectProductOnProductList is PASSED

2018-09-05 14:06:47 - [TEST_STEP][PASSED] - beautytap.ShopAction.VerifyProductDetails: Keyword VerifyProductDetails is Passed

2018-09-05 14:06:48 - [MESSAGE][PASSED] - Text of object '' is: 'La Muse Correct Care Complete Cushion SPF50+'

2018-09-05 14:06:48 - [MESSAGE][PASSED] - Text of object '' is: '$31.80'

2018-09-05 14:06:48 - [MESSAGE][PASSED] - Get CSS 'color' value on '' successfully: 'rgba(255, 35, 134, 1)'.

2018-09-05 14:06:48 - [MESSAGE][PASSED] - Keyword VerifyProductDetails is Passed

2018-09-05 14:06:48 - [TEST_STEP][PASSED] - Statement - currentNumberItemInCart = CustomKeywords.beautytap.ShopAction.getNumberItemInCart(): beautytap.ShopAction.getNumberItemInCart is PASSED

2018-09-05 14:07:19 - [MESSAGE][WARNING] - com.kms.katalon.core.webui.exception.WebElementNotFoundException: Web element with id: '' located by 'By.xpath: //div[@class='header-right-top pull-right']/a[@class='shop-cart']/span[@class='number-cart']' not found
[[ATTACHMENT|E:\\BeautytapAutomation\\beautytapAuto\\Beautytap\\Reports\\TS1\\20180905_135220\\1536131239195.png]]

2018-09-05 14:07:19 - [MESSAGE][PASSED] - beautytap.ShopAction.getNumberItemInCart is PASSED

2018-09-05 14:07:19 - [TEST_STEP][PASSED] - beautytap.ShopAction.addProductToCart: beautytap.ShopAction.addProductToCart is PASSED

2018-09-05 14:07:19 - [MESSAGE][PASSED] - Text of object 'Object Repository/Page_Shop/txt_quantity' is cleared

2018-09-05 14:07:19 - [MESSAGE][PASSED] - Keys '3' sent to object: 'Object Repository/Page_Shop/txt_quantity'

2018-09-05 14:07:19 - [MESSAGE][PASSED] - Object: 'Object Repository/Page_Shop/btn_addToCart' is clicked on

2018-09-05 14:07:19 - [MESSAGE][PASSED] - Wait for page load successfully

2018-09-05 14:07:26 - [MESSAGE][PASSED] - Object 'Object Repository/Page_Shop/lbl_message' is present

2018-09-05 14:07:26 - [MESSAGE][PASSED] - beautytap.ShopAction.addProductToCart is PASSED

2018-09-05 14:07:26 - [TEST_STEP][PASSED] - beautytap.ShopAction.VerifyNumberItemInCart: Keyword VerifyNumberItemInCart is Passed, Number item in cart is 3, expected is 3

2018-09-05 14:07:26 - [MESSAGE][PASSED] - Object '' is present

2018-09-05 14:07:26 - [MESSAGE][PASSED] - Text of object '' is: '3'

2018-09-05 14:07:26 - [MESSAGE][PASSED] - Keyword VerifyNumberItemInCart is Passed, Number item in cart is 3, expected is 3

2018-09-05 14:07:26 - [TEST_STEP][PASSED] - beautytap.ShopAction.VerifyProductIsAddedToCart: beautytap.ShopAction.VerifyProductIsAddedToCart is PASSED

2018-09-05 14:07:26 - [MESSAGE][PASSED] - Object '' is present

2018-09-05 14:07:26 - [MESSAGE][PASSED] - beautytap.ShopAction.VerifyProductIsAddedToCart is PASSED

2018-09-05 14:07:26 - [TEST_STEP][PASSED] - beautytap.ShopAction.goToCart: beautytap.ShopAction.goToCart is PASSED

2018-09-05 14:07:31 - [MESSAGE][PASSED] - Object: 'Object Repository/Page_General/icon_cart' is clicked on

2018-09-05 14:07:31 - [MESSAGE][PASSED] - Wait for page load successfully

2018-09-05 14:07:31 - [MESSAGE][PASSED] - beautytap.ShopAction.goToCart is PASSED

2018-09-05 14:07:31 - [TEST_STEP][PASSED] - beautytap.ShopAction.VerifyProductInCart: Keyword VerifyProductInCart is Passed

2018-09-05 14:07:31 - [MESSAGE][PASSED] - Object '' is present

2018-09-05 14:07:31 - [MESSAGE][PASSED] - Text of object '' is: '$31.80'

2018-09-05 14:07:31 - [MESSAGE][PASSED] - Attribute 'value' of object '' is: '3'

2018-09-05 14:07:31 - [MESSAGE][PASSED] - Text of object '' is: '$95.40'

2018-09-05 14:07:31 - [MESSAGE][PASSED] - Keyword VerifyProductInCart is Passed

2018-09-05 14:07:31 - [TEST_STEP][PASSED] - beautytap.ShopAction.processToCheckout: beautytap.ShopAction.processToCheckout is PASSED

2018-09-05 14:07:34 - [MESSAGE][PASSED] - Object: 'Object Repository/Page_Cart/btn_checkout' is clicked on

2018-09-05 14:07:34 - [MESSAGE][PASSED] - Wait for page load successfully

2018-09-05 14:07:34 - [MESSAGE][PASSED] - beautytap.ShopAction.processToCheckout is PASSED

2018-09-05 14:07:34 - [TEST_STEP][PASSED] - beautytap.ShopAction.fillCustomerInformation: beautytap.ShopAction.fillCustomerInformation is PASSED

2018-09-05 14:07:34 - [MESSAGE][PASSED] - Text of object 'Object Repository/Page_Checkout/txt_billingFirstName' is cleared

2018-09-05 14:07:35 - [MESSAGE][PASSED] - Keys 'Test' sent to object: 'Object Repository/Page_Checkout/txt_billingFirstName'

2018-09-05 14:07:35 - [MESSAGE][PASSED] - Text of object 'Object Repository/Page_Checkout/txt_billingLastName' is cleared

2018-09-05 14:07:35 - [MESSAGE][PASSED] - Keys 'Automation' sent to object: 'Object Repository/Page_Checkout/txt_billingLastName'

2018-09-05 14:07:35 - [MESSAGE][PASSED] - All options with label 'United States (US)' are selected in object 'Object Repository/Page_Checkout/drop_billingCountry' 

2018-09-05 14:07:40 - [MESSAGE][PASSED] - Delayed 5 second(s)

2018-09-05 14:07:40 - [MESSAGE][PASSED] - Text of object 'Object Repository/Page_Checkout/txt_billingAddress' is cleared

2018-09-05 14:07:40 - [MESSAGE][PASSED] - Keys '123 Testing' sent to object: 'Object Repository/Page_Checkout/txt_billingAddress'

2018-09-05 14:07:41 - [MESSAGE][PASSED] - Text of object 'Object Repository/Page_Checkout/txt_billingCity' is cleared

2018-09-05 14:07:41 - [MESSAGE][PASSED] - Keys 'New York' sent to object: 'Object Repository/Page_Checkout/txt_billingCity'

2018-09-05 14:07:41 - [MESSAGE][PASSED] - All options with label 'New York' are selected in object 'Object Repository/Page_Checkout/drop_billingState' 

2018-09-05 14:07:41 - [MESSAGE][PASSED] - Text of object 'Object Repository/Page_Checkout/txt_billingZip' is cleared

2018-09-05 14:07:41 - [MESSAGE][PASSED] - Keys '90012' sent to object: 'Object Repository/Page_Checkout/txt_billingZip'

2018-09-05 14:07:41 - [MESSAGE][PASSED] - Text of object 'Object Repository/Page_Checkout/txt_billingEmail' is cleared

2018-09-05 14:07:42 - [MESSAGE][PASSED] - Keys 'auto617767@mailinator.com' sent to object: 'Object Repository/Page_Checkout/txt_billingEmail'

2018-09-05 14:07:42 - [MESSAGE][PASSED] - Object 'Object Repository/Page_Checkout/chk_shipToDifferentAddress' is un-checked

2018-09-05 14:07:42 - [MESSAGE][PASSED] - Text of object 'Object Repository/Page_Checkout/txt_orderNote' is cleared

2018-09-05 14:07:42 - [MESSAGE][PASSED] - Keys 'auto617767Order' sent to object: 'Object Repository/Page_Checkout/txt_orderNote'

2018-09-05 14:07:42 - [MESSAGE][PASSED] - Object 'Object Repository/Page_Checkout/radio_creditCard' is checked

2018-09-05 14:07:47 - [MESSAGE][PASSED] - Delayed 5 second(s)

2018-09-05 14:07:47 - [MESSAGE][PASSED] - beautytap.ShopAction.fillCustomerInformation is PASSED

2018-09-05 14:07:47 - [TEST_STEP][PASSED] - beautytap.ShopAction.VerifyOrderDetailsOnCheckout: Keyword VerifyOrderDetailsOnCheckout is Passed

2018-09-05 14:07:47 - [MESSAGE][PASSED] - Object '' is present

2018-09-05 14:07:47 - [MESSAGE][PASSED] - Text of object '' is: '$95.40'

2018-09-05 14:07:48 - [MESSAGE][PASSED] - Text of object '' is: 'Free shipping for orders over $60
Why does shipping take this long?'

2018-09-05 14:07:48 - [MESSAGE][PASSED] - Text of object '' is: '$95.40'

2018-09-05 14:07:48 - [MESSAGE][PASSED] - Keyword VerifyOrderDetailsOnCheckout is Passed

2018-09-05 14:07:48 - [TEST_STEP][PASSED] - beautytap.ShopAction.checkoutViaPaypal: beautytap.ShopAction.checkoutViaPaypal is PASSED

2018-09-05 14:07:48 - [MESSAGE][PASSED] - Object 'Object Repository/Page_Checkout/radio_paypal' is checked

2018-09-05 14:07:53 - [MESSAGE][PASSED] - Delayed 5 second(s)

2018-09-05 14:07:53 - [MESSAGE][PASSED] - Object 'Object Repository/Page_Checkout/chk_terms' is checked

2018-09-05 14:07:53 - [MESSAGE][PASSED] - Object: 'Object Repository/Page_Checkout/btn_placeOrder' is clicked on

2018-09-05 14:08:01 - [MESSAGE][PASSED] - Object 'Object Repository/Page_Paypal/txt_email' is present

2018-09-05 14:08:01 - [MESSAGE][PASSED] - Text of object 'Object Repository/Page_Paypal/txt_email' is cleared

2018-09-05 14:08:02 - [MESSAGE][PASSED] - Keys 'g1.posiba@gmail.com' sent to object: 'Object Repository/Page_Paypal/txt_email'

2018-09-05 14:08:02 - [MESSAGE][PASSED] - Text of object 'Object Repository/Page_Paypal/txt_password' is cleared

2018-09-05 14:08:02 - [MESSAGE][PASSED] - Keys 'Tr@ng99%' sent to object: 'Object Repository/Page_Paypal/txt_password'

2018-09-05 14:08:13 - [MESSAGE][PASSED] - Object: 'Object Repository/Page_Paypal/btn_login' is clicked on

2018-09-05 14:08:21 - [MESSAGE][PASSED] - Object 'Object Repository/Page_Paypal/btn_payNow' is present

2018-09-05 14:08:26 - [MESSAGE][PASSED] - Delayed 5 second(s)

2018-09-05 14:08:26 - [MESSAGE][PASSED] - Object: 'Object Repository/Page_Paypal/btn_payNow' is clicked on

2018-09-05 14:08:45 - [MESSAGE][PASSED] - Object 'Object Repository/Page_Checkout/lbl_orderReceived' is present

2018-09-05 14:08:45 - [MESSAGE][PASSED] - beautytap.ShopAction.checkoutViaPaypal is PASSED

2018-09-05 14:08:45 - [TEST_STEP][PASSED] - beautytap.ShopAction.VerifyOrderReceivedDetails: Keyword VerifyOrderReceivedDetails is Passed

2018-09-05 14:08:45 - [MESSAGE][PASSED] - Object '' is present

2018-09-05 14:08:45 - [MESSAGE][PASSED] - Text of object '' is: '$95.40'

2018-09-05 14:08:45 - [MESSAGE][PASSED] - Text of object '' is: 'Free shipping for orders over $60'

2018-09-05 14:09:16 - [MESSAGE][WARNING] - com.kms.katalon.core.webui.exception.WebElementNotFoundException: Web element with id: '' located by 'By.xpath: //th[text()='Shipping:']/parent::tr/td/span' not found
[[ATTACHMENT|E:\\BeautytapAutomation\\beautytapAuto\\Beautytap\\Reports\\TS1\\20180905_135220\\1536131356520.png]]

2018-09-05 14:09:16 - [MESSAGE][PASSED] - Text of object '' is: 'PayPal'

2018-09-05 14:09:16 - [MESSAGE][PASSED] - Text of object '' is: '$95.40'

2018-09-05 14:09:16 - [MESSAGE][PASSED] - Keyword VerifyOrderReceivedDetails is Passed

2018-09-05 14:09:16 - [TEST_STEP][PASSED] - closeBrowser: Browser is closed

2018-09-05 14:09:17 - [MESSAGE][PASSED] - Browser is closed]]></system-out>
         <system-err><![CDATA[]]></system-err>
      </testcase>
      <testcase name="Test Cases/Shop/TC06_Browse_VariationProduct_Sale_AmazonPayAtCart_LessThan60_EMS" classname="Test Cases/Shop/TC06_Browse_VariationProduct_Sale_AmazonPayAtCart_LessThan60_EMS" status="PASSED">
         <system-out><![CDATA[2018-09-05 14:09:19 - [TEST_CASE][PASSED] - Test Cases/Shop/TC06_Browse_VariationProduct_Sale_AmazonPayAtCart_LessThan60_EMS: Test Cases/Shop/TC06_Browse_VariationProduct_Sale_AmazonPayAtCart_LessThan60_EMS

2018-09-05 14:09:20 - [TEST_STEP][PASSED] - Statement - productName = VARIATION_SALE_PRODUCT: null

2018-09-05 14:09:20 - [TEST_STEP][PASSED] - Statement - saleprice = VARIATION_SALE_PRICE1: null

2018-09-05 14:09:20 - [TEST_STEP][PASSED] - Statement - redularprice = VARIATION_SALE_REGULAR_PRICE1: null

2018-09-05 14:09:20 - [TEST_STEP][PASSED] - Statement - variation = VARIATION_SALE_NAME1: null

2018-09-05 14:09:20 - [TEST_STEP][PASSED] - Statement - r_string = new java.lang.Math().random().toString().substring(2, 8): null

2018-09-05 14:09:20 - [TEST_STEP][PASSED] - Statement - email = "auto" + r_string + "@mailinator.com": null

2018-09-05 14:09:20 - [TEST_STEP][PASSED] - Statement - orderNote = "auto" + r_string + "Order": null

2018-09-05 14:09:20 - [TEST_STEP][PASSED] - Statement - currentNumberItemInCart = <not implemented yet for class: org.codehaus.groovy.ast.expr.EmptyExpression>: null

2018-09-05 14:09:20 - [TEST_STEP][PASSED] - Statement - quantity = 5: null

2018-09-05 14:09:20 - [TEST_STEP][PASSED] - Statement - shippingLabel = EMS_SHIPPING_LABEL: null

2018-09-05 14:09:20 - [TEST_STEP][PASSED] - Statement - shippingPrice = EMS_SHIPPING_PRICE: null

2018-09-05 14:09:20 - [TEST_STEP][PASSED] - Statement - subtotal = CustomKeywords.beautytap.ShopAction.calculateTotal(quantity, saleprice): beautytap.ShopAction.calculateTotal is PASSED

2018-09-05 14:09:20 - [MESSAGE][PASSED] - beautytap.ShopAction.calculateTotal is PASSED

2018-09-05 14:09:20 - [TEST_STEP][PASSED] - Statement - total = subtotal + shippingPrice: null

2018-09-05 14:09:20 - [TEST_STEP][PASSED] - Statement - total = CustomKeywords.beautytap.ShopAction.calculateTotal(1, total): beautytap.ShopAction.calculateTotal is PASSED

2018-09-05 14:09:20 - [MESSAGE][PASSED] - beautytap.ShopAction.calculateTotal is PASSED

2018-09-05 14:09:20 - [TEST_STEP][PASSED] - Statement - products = new org.json.JSONArray((((((((([{"productname":" + productName) + ","variation":") + variation) + ","quantity":") + quantity) + ","price":") + saleprice) + "}])): null

2018-09-05 14:09:20 - [TEST_STEP][PASSED] - Statement - billingInformation = new org.json.JSONObject((({"firstname":"Test","lastname":"Automation","country":"United States (US)","address":"123 Testing","city":"New York","state":"New York","zip":"90012","email":" + email) + "})): null

2018-09-05 14:09:20 - [TEST_STEP][PASSED] - Statement - shippingType = "EMS": null

2018-09-05 14:09:20 - [TEST_STEP][PASSED] - Statement - paymentMethod = "Amazon Pay": null

2018-09-05 14:09:20 - [TEST_STEP][PASSED] - Statement - category = "Brands": null

2018-09-05 14:09:20 - [TEST_STEP][PASSED] - Statement - subcategory = "Innisfree": null

2018-09-05 14:09:20 - [TEST_STEP][PASSED] - beautytap.GeneralAction.openBeautytap: beautytap.GeneralAction.openBeautytap is PASSED

2018-09-05 14:09:33 - [MESSAGE][PASSED] - Browser is opened with url: 'https://stage.beautytap.com'

2018-09-05 14:09:34 - [MESSAGE][PASSED] - Current window maximized

2018-09-05 14:09:38 - [MESSAGE][PASSED] - Refresh successfully

2018-09-05 14:09:38 - [MESSAGE][PASSED] - Wait for page load successfully

2018-09-05 14:09:38 - [MESSAGE][PASSED] - beautytap.GeneralAction.openBeautytap is PASSED

2018-09-05 14:09:38 - [TEST_STEP][PASSED] - beautytap.ShopAction.selectCategory: beautytap.ShopAction.selectCategory is PASSED

2018-09-05 14:09:38 - [MESSAGE][PASSED] - Object: '' is clicked on

2018-09-05 14:09:40 - [MESSAGE][PASSED] - Delayed 2 second(s)

2018-09-05 14:09:50 - [MESSAGE][PASSED] - Object: '' is clicked on

2018-09-05 14:09:50 - [MESSAGE][PASSED] - Wait for page load successfully

2018-09-05 14:09:50 - [MESSAGE][PASSED] - beautytap.ShopAction.selectCategory is PASSED

2018-09-05 14:09:50 - [TEST_STEP][PASSED] - beautytap.ShopAction.findProductOnProductList: beautytap.ShopAction.findProductOnProductList is PASSED

2018-09-05 14:09:50 - [MESSAGE][PASSED] - Text of object '' is: '3'

2018-09-05 14:09:56 - [MESSAGE][WARNING] - com.kms.katalon.core.webui.exception.WebElementNotFoundException: Web element with id: '' located by 'By.xpath: //a[text()='Innisfree Eye Contouring Stick Round Shape 0.7g']' not found
[[ATTACHMENT|E:\\BeautytapAutomation\\beautytapAuto\\Beautytap\\Reports\\TS1\\20180905_135220\\1536131396126.png]]

2018-09-05 14:10:04 - [MESSAGE][PASSED] - Object: '' is clicked on

2018-09-05 14:10:04 - [MESSAGE][PASSED] - Wait for page load successfully

2018-09-05 14:10:04 - [MESSAGE][PASSED] - Object '' is present

2018-09-05 14:10:04 - [MESSAGE][PASSED] - beautytap.ShopAction.findProductOnProductList is PASSED

2018-09-05 14:10:04 - [TEST_STEP][PASSED] - beautytap.ShopAction.VerifyProductOnProductList: Keyword VerifyProductOnProductList is Passed

2018-09-05 14:10:04 - [MESSAGE][PASSED] - Object '' is present

2018-09-05 14:10:04 - [MESSAGE][PASSED] - Text of object '' is: '$4.95'

2018-09-05 14:10:04 - [MESSAGE][PASSED] - Get CSS 'color' value on '' successfully: 'rgba(255, 35, 134, 1)'.

2018-09-05 14:10:04 - [MESSAGE][PASSED] - Get CSS 'color' value on '' successfully: 'rgba(255, 35, 134, 1)'.

2018-09-05 14:10:04 - [MESSAGE][PASSED] - Text of object '' is: '$6.50'

2018-09-05 14:10:04 - [MESSAGE][PASSED] - Get CSS 'color' value on '' successfully: 'rgba(255, 35, 134, 1)'.

2018-09-05 14:10:04 - [MESSAGE][PASSED] - Get CSS 'color' value on '' successfully: 'rgba(255, 35, 134, 1)'.

2018-09-05 14:10:04 - [MESSAGE][PASSED] - Keyword VerifyProductOnProductList is Passed

2018-09-05 14:10:04 - [TEST_STEP][PASSED] - beautytap.ShopAction.selectProductOnProductList: beautytap.ShopAction.selectProductOnProductList is PASSED

2018-09-05 14:10:11 - [MESSAGE][PASSED] - Object: '' is clicked on

2018-09-05 14:10:11 - [MESSAGE][PASSED] - Wait for page load successfully

2018-09-05 14:10:11 - [MESSAGE][PASSED] - beautytap.ShopAction.selectProductOnProductList is PASSED

2018-09-05 14:10:11 - [TEST_STEP][PASSED] - beautytap.ShopAction.selectProductVariation: beautytap.ShopAction.selectProductVariation is PASSED

2018-09-05 14:10:12 - [MESSAGE][PASSED] - Object: 'Object Repository/Page_Shop/drop_chooseOption' is clicked on

2018-09-05 14:10:13 - [MESSAGE][PASSED] - Delayed 1 second(s)

2018-09-05 14:10:13 - [MESSAGE][PASSED] - Object: '' is clicked on

2018-09-05 14:10:13 - [MESSAGE][PASSED] - beautytap.ShopAction.selectProductVariation is PASSED

2018-09-05 14:10:13 - [TEST_STEP][PASSED] - beautytap.ShopAction.VerifyProductDetails: Keyword VerifyProductDetails is Passed

2018-09-05 14:10:13 - [MESSAGE][PASSED] - Text of object '' is: 'Innisfree Eye Contouring Stick Round Shape 0.7g'

2018-09-05 14:10:14 - [MESSAGE][PASSED] - All options with label '5' are selected in object 'Object Repository/Page_Shop/drop_chooseOption' 

2018-09-05 14:10:14 - [MESSAGE][PASSED] - Text of object '' is: '$6.50'

2018-09-05 14:10:14 - [MESSAGE][PASSED] - Get CSS 'color' value on '' successfully: 'rgba(195, 195, 195, 1)'.

2018-09-05 14:10:14 - [MESSAGE][PASSED] - Text of object '' is: '$4.95'

2018-09-05 14:10:14 - [MESSAGE][PASSED] - Get CSS 'color' value on '' successfully: 'rgba(255, 35, 134, 1)'.

2018-09-05 14:10:14 - [MESSAGE][PASSED] - Keyword VerifyProductDetails is Passed

2018-09-05 14:10:14 - [TEST_STEP][PASSED] - Statement - currentNumberItemInCart = CustomKeywords.beautytap.ShopAction.getNumberItemInCart(): beautytap.ShopAction.getNumberItemInCart is PASSED

2018-09-05 14:10:45 - [MESSAGE][WARNING] - com.kms.katalon.core.webui.exception.WebElementNotFoundException: Web element with id: '' located by 'By.xpath: //div[@class='header-right-top pull-right']/a[@class='shop-cart']/span[@class='number-cart']' not found
[[ATTACHMENT|E:\\BeautytapAutomation\\beautytapAuto\\Beautytap\\Reports\\TS1\\20180905_135220\\1536131445465.png]]

2018-09-05 14:10:45 - [MESSAGE][PASSED] - beautytap.ShopAction.getNumberItemInCart is PASSED

2018-09-05 14:10:45 - [TEST_STEP][PASSED] - beautytap.ShopAction.addProductToCart: beautytap.ShopAction.addProductToCart is PASSED

2018-09-05 14:10:45 - [MESSAGE][PASSED] - Text of object 'Object Repository/Page_Shop/txt_quantity' is cleared

2018-09-05 14:10:45 - [MESSAGE][PASSED] - Keys '5' sent to object: 'Object Repository/Page_Shop/txt_quantity'

2018-09-05 14:10:46 - [MESSAGE][PASSED] - Object: 'Object Repository/Page_Shop/btn_addToCart' is clicked on

2018-09-05 14:10:46 - [MESSAGE][PASSED] - Wait for page load successfully

2018-09-05 14:10:52 - [MESSAGE][PASSED] - Object 'Object Repository/Page_Shop/lbl_message' is present

2018-09-05 14:10:52 - [MESSAGE][PASSED] - beautytap.ShopAction.addProductToCart is PASSED

2018-09-05 14:10:52 - [TEST_STEP][PASSED] - beautytap.ShopAction.VerifyNumberItemInCart: Keyword VerifyNumberItemInCart is Passed, Number item in cart is 5, expected is 5

2018-09-05 14:10:52 - [MESSAGE][PASSED] - Object '' is present

2018-09-05 14:10:52 - [MESSAGE][PASSED] - Text of object '' is: '5'

2018-09-05 14:10:52 - [MESSAGE][PASSED] - Keyword VerifyNumberItemInCart is Passed, Number item in cart is 5, expected is 5

2018-09-05 14:10:52 - [TEST_STEP][PASSED] - beautytap.ShopAction.VerifyProductIsAddedToCart: beautytap.ShopAction.VerifyProductIsAddedToCart is PASSED

2018-09-05 14:10:52 - [MESSAGE][PASSED] - Object '' is present

2018-09-05 14:10:52 - [MESSAGE][PASSED] - beautytap.ShopAction.VerifyProductIsAddedToCart is PASSED

2018-09-05 14:10:52 - [TEST_STEP][PASSED] - beautytap.ShopAction.goToCart: beautytap.ShopAction.goToCart is PASSED

2018-09-05 14:10:57 - [MESSAGE][PASSED] - Object: 'Object Repository/Page_General/icon_cart' is clicked on

2018-09-05 14:10:57 - [MESSAGE][PASSED] - Wait for page load successfully

2018-09-05 14:10:57 - [MESSAGE][PASSED] - beautytap.ShopAction.goToCart is PASSED

2018-09-05 14:10:57 - [TEST_STEP][PASSED] - beautytap.ShopAction.VerifyProductInCart: Keyword VerifyProductInCart is Passed

2018-09-05 14:10:57 - [MESSAGE][PASSED] - Object '' is present

2018-09-05 14:10:57 - [MESSAGE][PASSED] - Text of object '' is: '$4.95'

2018-09-05 14:10:57 - [MESSAGE][PASSED] - Attribute 'value' of object '' is: '5'

2018-09-05 14:10:57 - [MESSAGE][PASSED] - Text of object '' is: '$24.75'

2018-09-05 14:10:57 - [MESSAGE][PASSED] - Keyword VerifyProductInCart is Passed

2018-09-05 14:10:57 - [TEST_STEP][PASSED] - beautytap.ShopAction.loginAmazonPay: beautytap.ShopAction.loginAmazonPay is PASSED

2018-09-05 14:10:58 - [MESSAGE][PASSED] - Object: 'Object Repository/Page_Cart/btn_payWithAmazon' is clicked on

2018-09-05 14:10:58 - [MESSAGE][PASSED] - Switched to window with index: '1'

2018-09-05 14:10:59 - [MESSAGE][PASSED] - Object 'Object Repository/Popup_Amazon/txt_email' is present

2018-09-05 14:10:59 - [MESSAGE][PASSED] - Text of object 'Object Repository/Popup_Amazon/txt_email' is cleared

2018-09-05 14:10:59 - [MESSAGE][PASSED] - Keys 'amazontest1503@yopmail.com' sent to object: 'Object Repository/Popup_Amazon/txt_email'

2018-09-05 14:10:59 - [MESSAGE][PASSED] - Text of object 'Object Repository/Popup_Amazon/txt_password' is cleared

2018-09-05 14:10:59 - [MESSAGE][PASSED] - Keys '123456' sent to object: 'Object Repository/Popup_Amazon/txt_password'

2018-09-05 14:11:02 - [MESSAGE][PASSED] - Object: 'Object Repository/Popup_Amazon/btn_signin' is clicked on

2018-09-05 14:11:02 - [MESSAGE][PASSED] - Switched to window with index: '0'

2018-09-05 14:11:32 - [MESSAGE][PASSED] - Delayed 30 second(s)

2018-09-05 14:11:32 - [MESSAGE][PASSED] - beautytap.ShopAction.loginAmazonPay is PASSED

2018-09-05 14:11:32 - [TEST_STEP][PASSED] - beautytap.ShopAction.selectShipping: beautytap.ShopAction.selectShipping is PASSED

2018-09-05 14:11:32 - [MESSAGE][PASSED] - Object '' is checked

2018-09-05 14:11:37 - [MESSAGE][PASSED] - Delayed 5 second(s)

2018-09-05 14:11:37 - [MESSAGE][PASSED] - beautytap.ShopAction.selectShipping is PASSED

2018-09-05 14:11:37 - [TEST_STEP][PASSED] - beautytap.ShopAction.VerifyOrderDetailsOnCheckout: Keyword VerifyOrderDetailsOnCheckout is Passed

2018-09-05 14:11:37 - [MESSAGE][PASSED] - Object '' is present

2018-09-05 14:11:37 - [MESSAGE][PASSED] - Text of object '' is: '$24.75'

2018-09-05 14:11:37 - [MESSAGE][PASSED] - Object '' has attribute 'checked'

2018-09-05 14:11:37 - [MESSAGE][PASSED] - Text of object '' is: '($25) - EMS Express shipping (est. 10-14 working days delivery including processing): $25.00'

2018-09-05 14:11:37 - [MESSAGE][PASSED] - Text of object '' is: '$25.00'

2018-09-05 14:11:38 - [MESSAGE][PASSED] - Text of object '' is: '$49.75'

2018-09-05 14:11:38 - [MESSAGE][PASSED] - Keyword VerifyOrderDetailsOnCheckout is Passed

2018-09-05 14:11:38 - [TEST_STEP][PASSED] - beautytap.ShopAction.checkoutViaAmazonPay: beautytap.ShopAction.checkoutViaAmazonPay is PASSED

2018-09-05 14:11:38 - [MESSAGE][PASSED] - Object 'Object Repository/Page_Checkout/chk_terms' is clickable

2018-09-05 14:11:38 - [MESSAGE][PASSED] - Object 'Object Repository/Page_Checkout/chk_terms' is checked

2018-09-05 14:11:38 - [MESSAGE][PASSED] - Object: 'Object Repository/Page_Checkout/btn_placeOrder' is clicked on

2018-09-05 14:11:50 - [MESSAGE][PASSED] - Object 'Object Repository/Page_Checkout/lbl_orderReceived' is present

2018-09-05 14:11:50 - [MESSAGE][PASSED] - beautytap.ShopAction.checkoutViaAmazonPay is PASSED

2018-09-05 14:11:50 - [TEST_STEP][PASSED] - beautytap.ShopAction.VerifyOrderReceivedDetails: Keyword VerifyOrderReceivedDetails is Passed

2018-09-05 14:11:50 - [MESSAGE][PASSED] - Object '' is present

2018-09-05 14:11:50 - [MESSAGE][PASSED] - Text of object '' is: '$24.75'

2018-09-05 14:11:51 - [MESSAGE][PASSED] - Text of object '' is: '$25.00 via ($25) - EMS Express shipping (est. 10-14 working days delivery including processing)'

2018-09-05 14:11:51 - [MESSAGE][PASSED] - Object '' is present

2018-09-05 14:11:51 - [MESSAGE][PASSED] - Text of object '' is: '$25.00'

2018-09-05 14:11:51 - [MESSAGE][PASSED] - Text of object '' is: 'Amazon Pay'

2018-09-05 14:11:51 - [MESSAGE][PASSED] - Text of object '' is: '$49.75'

2018-09-05 14:11:51 - [MESSAGE][PASSED] - Keyword VerifyOrderReceivedDetails is Passed

2018-09-05 14:11:51 - [TEST_STEP][PASSED] - closeBrowser: Browser is closed

2018-09-05 14:11:52 - [MESSAGE][PASSED] - Browser is closed]]></system-out>
         <system-err><![CDATA[]]></system-err>
      </testcase>
      <system-out><![CDATA[2018-09-05 13:52:22 - [TEST_SUITE][PASSED] - TS1: Test Cases/Shop/TC06_Browse_VariationProduct_Sale_AmazonPayAtCart_LessThan60_EMS]]></system-out>
      <system-err><![CDATA[]]></system-err>
   </testsuite>
</testsuites>
