<?xml version="1.0" encoding="UTF-8"?>
<testsuites name="Regression" time="1663" tests="8" failures="0" errors="0">
   <testsuite name="Regression" tests="8" failures="0" errors="0" time="1663" timestamp="2018-09-25 11:48:19" hostname="Trang Nguyen - DESKTOP-G1UHP65" id="Test Suites/Regression">
      <properties>
         <property name="deviceName" value=""/>
         <property name="devicePlatform" value=""/>
         <property name="logFolder" value="E:\\BeautytapAutomation\\beautytapAuto\\Beautytap\\Reports\\Regression\\20180925_114816"/>
         <property name="logFiles" value="E:\\BeautytapAutomation\\beautytapAuto\\Beautytap\\Reports\\Regression\\20180925_114816\\execution0.log"/>
         <property name="attachments" value="E:\\BeautytapAutomation\\beautytapAuto\\Beautytap\\Reports\\Regression\\20180925_114816\\1537851135010.png, E:\\BeautytapAutomation\\beautytapAuto\\Beautytap\\Reports\\Regression\\20180925_114816\\1537851135319.png, E:\\BeautytapAutomation\\beautytapAuto\\Beautytap\\Reports\\Regression\\20180925_114816\\1537851267824.png, E:\\BeautytapAutomation\\beautytapAuto\\Beautytap\\Reports\\Regression\\20180925_114816\\1537851268134.png, E:\\BeautytapAutomation\\beautytapAuto\\Beautytap\\Reports\\Regression\\20180925_114816\\1537851596897.png, E:\\BeautytapAutomation\\beautytapAuto\\Beautytap\\Reports\\Regression\\20180925_114816\\1537851680599.png, E:\\BeautytapAutomation\\beautytapAuto\\Beautytap\\Reports\\Regression\\20180925_114816\\1537851881805.png, E:\\BeautytapAutomation\\beautytapAuto\\Beautytap\\Reports\\Regression\\20180925_114816\\1537852052807.png, E:\\BeautytapAutomation\\beautytapAuto\\Beautytap\\Reports\\Regression\\20180925_114816\\1537852089656.png, E:\\BeautytapAutomation\\beautytapAuto\\Beautytap\\Reports\\Regression\\20180925_114816\\1537852194854.png, E:\\BeautytapAutomation\\beautytapAuto\\Beautytap\\Reports\\Regression\\20180925_114816\\1537852263717.png, E:\\BeautytapAutomation\\beautytapAuto\\Beautytap\\Reports\\Regression\\20180925_114816\\1537852296304.png, E:\\BeautytapAutomation\\beautytapAuto\\Beautytap\\Reports\\Regression\\20180925_114816\\1537852309433.png, E:\\BeautytapAutomation\\beautytapAuto\\Beautytap\\Reports\\Regression\\20180925_114816\\1537852328087.png, E:\\BeautytapAutomation\\beautytapAuto\\Beautytap\\Reports\\Regression\\20180925_114816\\1537852419196.png, E:\\BeautytapAutomation\\beautytapAuto\\Beautytap\\Reports\\Regression\\20180925_114816\\1537852469564.png, E:\\BeautytapAutomation\\beautytapAuto\\Beautytap\\Reports\\Regression\\20180925_114816\\1537852494419.png"/>
         <property name="hostName" value="Trang Nguyen - DESKTOP-G1UHP65"/>
         <property name="os" value="Windows 10 64bit"/>
         <property name="katalonVersion" value="5.5.0.1"/>
         <property name="browser" value="Chrome 69.0.3497.100"/>
         <property name="hostAddress" value="10.0.0.132"/>
         <property name="sessionId" value="8ebe295f136465af661c78c98ee29fbf"/>
         <property name="seleniumVersion" value="3.7.1"/>
         <property name="proxyInformation" value="ProxyInformation{proxyOption=NO_PROXY, proxyServerType=HTTP, password=, proxyServerAddress=, proxyServerPort=0}"/>
         <property name="platform" value="Windows 10"/>
      </properties>
      <testcase name="Test Cases/SignUp_Login_ResetPass/TC01_SignUp_Login_ResetPassword_Via_Email" classname="Test Cases/SignUp_Login_ResetPass/TC01_SignUp_Login_ResetPassword_Via_Email" status="PASSED">
         <system-out><![CDATA[2018-09-25 11:48:20 - [TEST_CASE][PASSED] - Test Cases/SignUp_Login_ResetPass/TC01_SignUp_Login_ResetPassword_Via_Email: Test Cases/SignUp_Login_ResetPass/TC01_SignUp_Login_ResetPassword_Via_Email

2018-09-25 11:48:21 - [TEST_STEP][PASSED] - Statement - r_string = new java.lang.Math().random().toString().substring(2, 8): null

2018-09-25 11:48:21 - [TEST_STEP][PASSED] - Statement - username = "auto" + r_string: null

2018-09-25 11:48:21 - [TEST_STEP][PASSED] - Statement - email = username + "@mailinator.com": null

2018-09-25 11:48:21 - [TEST_STEP][PASSED] - Statement - password = "123456": null

2018-09-25 11:48:21 - [TEST_STEP][PASSED] - Statement - newpassword = "test123": null

2018-09-25 11:48:21 - [TEST_STEP][PASSED] - Statement - name = "Auto User " + r_string: null

2018-09-25 11:48:21 - [TEST_STEP][PASSED] - Statement - birthday = "01/01/1990": null

2018-09-25 11:48:21 - [TEST_STEP][PASSED] - Statement - activation_subject = SITE_TITLE + " Activate your account": null

2018-09-25 11:48:21 - [TEST_STEP][PASSED] - Statement - resetpass_subject = SITE_TITLE + " Password Reset": null

2018-09-25 11:48:22 - [TEST_STEP][PASSED] - beautytap.GeneralAction.openBeautytap: beautytap.GeneralAction.openBeautytap is PASSED

2018-09-25 11:48:59 - [MESSAGE][PASSED] - Browser is opened with url: 'https://stage.beautytap.com'

2018-09-25 11:49:00 - [MESSAGE][PASSED] - Current window maximized

2018-09-25 11:49:04 - [MESSAGE][PASSED] - Refresh successfully

2018-09-25 11:49:04 - [MESSAGE][PASSED] - Wait for page load successfully

2018-09-25 11:49:04 - [MESSAGE][PASSED] - beautytap.GeneralAction.openBeautytap is PASSED

2018-09-25 11:49:04 - [TEST_STEP][PASSED] - beautytap.GeneralAction.clickNavigationMenu: beautytap.GeneralAction.clickNavigationMenu is PASSED

2018-09-25 11:49:07 - [MESSAGE][PASSED] - Object: 'Object Repository/Page_General/link_signup' is clicked on

2018-09-25 11:49:07 - [MESSAGE][PASSED] - Wait for page load successfully

2018-09-25 11:49:07 - [MESSAGE][PASSED] - beautytap.GeneralAction.clickNavigationMenu is PASSED

2018-09-25 11:49:07 - [TEST_STEP][PASSED] - beautytap.GeneralAction.signup: beautytap.GeneralAction.signup is PASSED

2018-09-25 11:49:08 - [MESSAGE][PASSED] - Keys 'auto966037' sent to object: 'Object Repository/Page_Signup/txt_username'

2018-09-25 11:49:08 - [MESSAGE][PASSED] - Keys 'auto966037@mailinator.com' sent to object: 'Object Repository/Page_Signup/txt_email'

2018-09-25 11:49:08 - [MESSAGE][PASSED] - Keys '123456' sent to object: 'Object Repository/Page_Signup/txt_password'

2018-09-25 11:49:09 - [MESSAGE][PASSED] - Keys 'Auto User 966037' sent to object: 'Object Repository/Page_Signup/txt_name'

2018-09-25 11:49:09 - [MESSAGE][PASSED] - Keys '01/01/1990' sent to object: 'Object Repository/Page_Signup/txt_birthday'

2018-09-25 11:49:09 - [MESSAGE][PASSED] - Object: 'Object Repository/Page_Signup/btn_signup' is clicked on

2018-09-25 11:49:09 - [MESSAGE][PASSED] - Wait for page load successfully

2018-09-25 11:49:09 - [MESSAGE][PASSED] - beautytap.GeneralAction.signup is PASSED

2018-09-25 11:49:09 - [TEST_STEP][PASSED] - verifyElementPresent: Object 'Object Repository/Page_Signup/lbl_sucessMessage' is present

2018-09-25 11:49:14 - [MESSAGE][PASSED] - Object 'Object Repository/Page_Signup/lbl_sucessMessage' is present

2018-09-25 11:49:14 - [TEST_STEP][PASSED] - beautytap.GeneralAction.openMailBox: beautytap.GeneralAction.openMailBox is PASSED

2018-09-25 11:49:16 - [MESSAGE][PASSED] - Navigate to 'https://www.mailinator.com' successfully

2018-09-25 11:49:16 - [MESSAGE][PASSED] - Wait for page load successfully

2018-09-25 11:49:17 - [MESSAGE][PASSED] - Keys 'auto966037' sent to object: 'Object Repository/Page_mailinator/txt_email'

2018-09-25 11:49:19 - [MESSAGE][PASSED] - Object: 'Object Repository/Page_mailinator/btn_go' is clicked on

2018-09-25 11:49:19 - [MESSAGE][PASSED] - Wait for page load successfully

2018-09-25 11:49:24 - [MESSAGE][PASSED] - Delayed 5 second(s)

2018-09-25 11:49:24 - [MESSAGE][PASSED] - beautytap.GeneralAction.openMailBox is PASSED

2018-09-25 11:49:24 - [TEST_STEP][PASSED] - beautytap.GeneralAction.verifyEmailExist: beautytap.GeneralAction.verifyEmailExist is PASSED

2018-09-25 11:49:24 - [MESSAGE][PASSED] - Object '' is present

2018-09-25 11:49:24 - [MESSAGE][PASSED] - beautytap.GeneralAction.verifyEmailExist is PASSED

2018-09-25 11:49:24 - [TEST_STEP][PASSED] - beautytap.GeneralAction.openEmail: beautytap.GeneralAction.openEmail is PASSED

2018-09-25 11:49:24 - [MESSAGE][PASSED] - Object: '' is clicked on

2018-09-25 11:49:24 - [MESSAGE][PASSED] - beautytap.GeneralAction.openEmail is PASSED

2018-09-25 11:49:24 - [TEST_STEP][PASSED] - beautytap.GeneralAction.clickEmailLink: beautytap.GeneralAction.clickEmailLink is PASSED

2018-09-25 11:49:25 - [MESSAGE][PASSED] - Text of object '' is: 'https://stage.beautytap.com/activate/cxyM3Oo0QKGUEbQCCBTPe5AYDnpmOQ32/'

2018-09-25 11:49:38 - [MESSAGE][PASSED] - Navigate to 'https://stage.beautytap.com/activate/cxyM3Oo0QKGUEbQCCBTPe5AYDnpmOQ32/' successfully

2018-09-25 11:49:38 - [MESSAGE][PASSED] - beautytap.GeneralAction.clickEmailLink is PASSED

2018-09-25 11:49:38 - [TEST_STEP][PASSED] - waitForPageLoad: Wait for page load successfully

2018-09-25 11:49:38 - [MESSAGE][PASSED] - Wait for page load successfully

2018-09-25 11:49:38 - [TEST_STEP][PASSED] - verifyElementPresent: Object 'Object Repository/Page_General/lbl_activeSuccessMessage' is present

2018-09-25 11:49:38 - [MESSAGE][PASSED] - Object 'Object Repository/Page_General/lbl_activeSuccessMessage' is present

2018-09-25 11:49:38 - [TEST_STEP][PASSED] - beautytap.GeneralAction.clickNavigationMenu: beautytap.GeneralAction.clickNavigationMenu is PASSED

2018-09-25 11:49:41 - [MESSAGE][PASSED] - Object: 'Object Repository/Page_General/link_login' is clicked on

2018-09-25 11:49:41 - [MESSAGE][PASSED] - Wait for page load successfully

2018-09-25 11:49:41 - [MESSAGE][PASSED] - beautytap.GeneralAction.clickNavigationMenu is PASSED

2018-09-25 11:49:41 - [TEST_STEP][PASSED] - beautytap.GeneralAction.login: beautytap.GeneralAction.login is PASSED

2018-09-25 11:49:41 - [MESSAGE][PASSED] - Text of object 'Object Repository/Page_login/txt_username' is cleared

2018-09-25 11:49:41 - [MESSAGE][PASSED] - Keys 'auto966037' sent to object: 'Object Repository/Page_login/txt_username'

2018-09-25 11:49:41 - [MESSAGE][PASSED] - Text of object 'Object Repository/Page_login/txt_password' is cleared

2018-09-25 11:49:41 - [MESSAGE][PASSED] - Keys '123456' sent to object: 'Object Repository/Page_login/txt_password'

2018-09-25 11:49:41 - [MESSAGE][PASSED] - Object: 'Object Repository/Page_login/btn_login' is clicked on

2018-09-25 11:49:41 - [MESSAGE][PASSED] - Wait for page load successfully

2018-09-25 11:49:41 - [MESSAGE][PASSED] - beautytap.GeneralAction.login is PASSED

2018-09-25 11:49:41 - [TEST_STEP][PASSED] - verifyElementPresent: Object 'Object Repository/Page_General/link_avatar' is present

2018-09-25 11:49:53 - [MESSAGE][PASSED] - Object 'Object Repository/Page_General/link_avatar' is present

2018-09-25 11:49:53 - [TEST_STEP][PASSED] - beautytap.GeneralAction.logout: beautytap.GeneralAction.logout is PASSED

2018-09-25 11:49:53 - [MESSAGE][PASSED] - Object: 'Object Repository/Page_General/link_avatar' is clicked on

2018-09-25 11:49:53 - [MESSAGE][PASSED] - Object 'Object Repository/Page_General/menu_logout' is present

2018-09-25 11:49:53 - [MESSAGE][PASSED] - Object: 'Object Repository/Page_General/menu_logout' is clicked on

2018-09-25 11:49:53 - [MESSAGE][PASSED] - Wait for page load successfully

2018-09-25 11:49:53 - [MESSAGE][PASSED] - beautytap.GeneralAction.logout is PASSED

2018-09-25 11:49:53 - [TEST_STEP][PASSED] - beautytap.GeneralAction.clickNavigationMenu: beautytap.GeneralAction.clickNavigationMenu is PASSED

2018-09-25 11:50:00 - [MESSAGE][PASSED] - Object: 'Object Repository/Page_General/link_login' is clicked on

2018-09-25 11:50:00 - [MESSAGE][PASSED] - Wait for page load successfully

2018-09-25 11:50:00 - [MESSAGE][PASSED] - beautytap.GeneralAction.clickNavigationMenu is PASSED

2018-09-25 11:50:00 - [TEST_STEP][PASSED] - beautytap.GeneralAction.login: beautytap.GeneralAction.login is PASSED

2018-09-25 11:50:00 - [MESSAGE][PASSED] - Text of object 'Object Repository/Page_login/txt_username' is cleared

2018-09-25 11:50:00 - [MESSAGE][PASSED] - Keys 'auto966037@mailinator.com' sent to object: 'Object Repository/Page_login/txt_username'

2018-09-25 11:50:01 - [MESSAGE][PASSED] - Text of object 'Object Repository/Page_login/txt_password' is cleared

2018-09-25 11:50:01 - [MESSAGE][PASSED] - Keys '123456' sent to object: 'Object Repository/Page_login/txt_password'

2018-09-25 11:50:01 - [MESSAGE][PASSED] - Object: 'Object Repository/Page_login/btn_login' is clicked on

2018-09-25 11:50:01 - [MESSAGE][PASSED] - Wait for page load successfully

2018-09-25 11:50:01 - [MESSAGE][PASSED] - beautytap.GeneralAction.login is PASSED

2018-09-25 11:50:01 - [TEST_STEP][PASSED] - verifyElementPresent: Object 'Object Repository/Page_General/link_avatar' is present

2018-09-25 11:50:10 - [MESSAGE][PASSED] - Object 'Object Repository/Page_General/link_avatar' is present

2018-09-25 11:50:10 - [TEST_STEP][PASSED] - beautytap.GeneralAction.logout: beautytap.GeneralAction.logout is PASSED

2018-09-25 11:50:10 - [MESSAGE][PASSED] - Object: 'Object Repository/Page_General/link_avatar' is clicked on

2018-09-25 11:50:10 - [MESSAGE][PASSED] - Object 'Object Repository/Page_General/menu_logout' is present

2018-09-25 11:50:11 - [MESSAGE][PASSED] - Object: 'Object Repository/Page_General/menu_logout' is clicked on

2018-09-25 11:50:11 - [MESSAGE][PASSED] - Wait for page load successfully

2018-09-25 11:50:11 - [MESSAGE][PASSED] - beautytap.GeneralAction.logout is PASSED

2018-09-25 11:50:11 - [TEST_STEP][PASSED] - beautytap.GeneralAction.clickNavigationMenu: beautytap.GeneralAction.clickNavigationMenu is PASSED

2018-09-25 11:50:18 - [MESSAGE][PASSED] - Object: 'Object Repository/Page_General/link_login' is clicked on

2018-09-25 11:50:18 - [MESSAGE][PASSED] - Wait for page load successfully

2018-09-25 11:50:18 - [MESSAGE][PASSED] - beautytap.GeneralAction.clickNavigationMenu is PASSED

2018-09-25 11:50:18 - [TEST_STEP][PASSED] - click: Object: 'Object Repository/Page_Login/link_forgotPassword' is clicked on

2018-09-25 11:50:21 - [MESSAGE][PASSED] - Object: 'Object Repository/Page_Login/link_forgotPassword' is clicked on

2018-09-25 11:50:21 - [TEST_STEP][PASSED] - sendKeys: Keys 'auto966037' sent to object: 'Object Repository/Page_ForgotPassword/txt_usernameOrEmail'

2018-09-25 11:50:21 - [MESSAGE][PASSED] - Keys 'auto966037' sent to object: 'Object Repository/Page_ForgotPassword/txt_usernameOrEmail'

2018-09-25 11:50:21 - [TEST_STEP][PASSED] - click: Object: 'Object Repository/Page_ForgotPassword/btn_forgotPassword' is clicked on

2018-09-25 11:50:21 - [MESSAGE][PASSED] - Object: 'Object Repository/Page_ForgotPassword/btn_forgotPassword' is clicked on

2018-09-25 11:50:21 - [TEST_STEP][PASSED] - verifyElementPresent: Object 'Object Repository/Page_ForgotPassword/lbl_sucessMessage' is present

2018-09-25 11:50:25 - [MESSAGE][PASSED] - Object 'Object Repository/Page_ForgotPassword/lbl_sucessMessage' is present

2018-09-25 11:50:25 - [TEST_STEP][PASSED] - beautytap.GeneralAction.openMailBox: beautytap.GeneralAction.openMailBox is PASSED

2018-09-25 11:50:27 - [MESSAGE][PASSED] - Navigate to 'https://www.mailinator.com' successfully

2018-09-25 11:50:27 - [MESSAGE][PASSED] - Wait for page load successfully

2018-09-25 11:50:27 - [MESSAGE][PASSED] - Keys 'auto966037' sent to object: 'Object Repository/Page_mailinator/txt_email'

2018-09-25 11:50:28 - [MESSAGE][PASSED] - Object: 'Object Repository/Page_mailinator/btn_go' is clicked on

2018-09-25 11:50:28 - [MESSAGE][PASSED] - Wait for page load successfully

2018-09-25 11:50:33 - [MESSAGE][PASSED] - Delayed 5 second(s)

2018-09-25 11:50:33 - [MESSAGE][PASSED] - beautytap.GeneralAction.openMailBox is PASSED

2018-09-25 11:50:33 - [TEST_STEP][PASSED] - beautytap.GeneralAction.verifyEmailExist: beautytap.GeneralAction.verifyEmailExist is PASSED

2018-09-25 11:50:33 - [MESSAGE][PASSED] - Object '' is present

2018-09-25 11:50:33 - [MESSAGE][PASSED] - beautytap.GeneralAction.verifyEmailExist is PASSED

2018-09-25 11:50:33 - [TEST_STEP][PASSED] - beautytap.GeneralAction.openEmail: beautytap.GeneralAction.openEmail is PASSED

2018-09-25 11:50:34 - [MESSAGE][PASSED] - Object: '' is clicked on

2018-09-25 11:50:34 - [MESSAGE][PASSED] - beautytap.GeneralAction.openEmail is PASSED

2018-09-25 11:50:34 - [TEST_STEP][PASSED] - beautytap.GeneralAction.clickEmailLink: beautytap.GeneralAction.clickEmailLink is PASSED

2018-09-25 11:50:34 - [MESSAGE][PASSED] - Text of object '' is: 'https://stage.beautytap.com/wp-login.php?action=rp&key=AjZ4BXYO0t3tKrjPdAQU&login=auto966037'

2018-09-25 11:50:38 - [MESSAGE][PASSED] - Navigate to 'https://stage.beautytap.com/wp-login.php?action=rp&key=AjZ4BXYO0t3tKrjPdAQU&login=auto966037' successfully

2018-09-25 11:50:38 - [MESSAGE][PASSED] - beautytap.GeneralAction.clickEmailLink is PASSED

2018-09-25 11:50:38 - [TEST_STEP][PASSED] - delay: Delayed 20 second(s)

2018-09-25 11:50:58 - [MESSAGE][PASSED] - Delayed 20 second(s)

2018-09-25 11:50:58 - [TEST_STEP][PASSED] - clearText: Text of object 'Object Repository/Page_ForgotPassword/txt_newPassword' is cleared

2018-09-25 11:50:58 - [MESSAGE][PASSED] - Text of object 'Object Repository/Page_ForgotPassword/txt_newPassword' is cleared

2018-09-25 11:50:58 - [TEST_STEP][PASSED] - sendKeys: Keys 'test123' sent to object: 'Object Repository/Page_ForgotPassword/txt_newPassword'

2018-09-25 11:50:58 - [MESSAGE][PASSED] - Keys 'test123' sent to object: 'Object Repository/Page_ForgotPassword/txt_newPassword'

2018-09-25 11:50:58 - [TEST_STEP][PASSED] - click: Object: 'Object Repository/Page_ForgotPassword/btn_resetPassword' is clicked on

2018-09-25 11:51:04 - [MESSAGE][PASSED] - Object: 'Object Repository/Page_ForgotPassword/btn_resetPassword' is clicked on

2018-09-25 11:51:04 - [TEST_STEP][PASSED] - verifyElementPresent: Object 'Object Repository/Page_ForgotPassword/lbl_resetPasswordMessage' is present

2018-09-25 11:51:04 - [MESSAGE][PASSED] - Object 'Object Repository/Page_ForgotPassword/lbl_resetPasswordMessage' is present

2018-09-25 11:51:04 - [TEST_STEP][PASSED] - beautytap.GeneralAction.clickNavigationMenu: beautytap.GeneralAction.clickNavigationMenu is PASSED

2018-09-25 11:51:07 - [MESSAGE][PASSED] - Object: 'Object Repository/Page_General/link_login' is clicked on

2018-09-25 11:51:07 - [MESSAGE][PASSED] - Wait for page load successfully

2018-09-25 11:51:07 - [MESSAGE][PASSED] - beautytap.GeneralAction.clickNavigationMenu is PASSED

2018-09-25 11:51:07 - [TEST_STEP][PASSED] - beautytap.GeneralAction.login: beautytap.GeneralAction.login is PASSED

2018-09-25 11:51:07 - [MESSAGE][PASSED] - Text of object 'Object Repository/Page_login/txt_username' is cleared

2018-09-25 11:51:07 - [MESSAGE][PASSED] - Keys 'auto966037' sent to object: 'Object Repository/Page_login/txt_username'

2018-09-25 11:51:07 - [MESSAGE][PASSED] - Text of object 'Object Repository/Page_login/txt_password' is cleared

2018-09-25 11:51:08 - [MESSAGE][PASSED] - Keys '123456' sent to object: 'Object Repository/Page_login/txt_password'

2018-09-25 11:51:08 - [MESSAGE][PASSED] - Object: 'Object Repository/Page_login/btn_login' is clicked on

2018-09-25 11:51:08 - [MESSAGE][PASSED] - Wait for page load successfully

2018-09-25 11:51:08 - [MESSAGE][PASSED] - beautytap.GeneralAction.login is PASSED

2018-09-25 11:51:08 - [TEST_STEP][PASSED] - verifyElementText: Actual text and expected text of test object 'Object Repository/Page_Login/lbl_errorMessage' are matched.

2018-09-25 11:51:08 - [MESSAGE][PASSED] - Actual text and expected text of test object 'Object Repository/Page_Login/lbl_errorMessage' are matched.

2018-09-25 11:51:08 - [TEST_STEP][PASSED] - beautytap.GeneralAction.login: beautytap.GeneralAction.login is PASSED

2018-09-25 11:51:08 - [MESSAGE][PASSED] - Text of object 'Object Repository/Page_login/txt_username' is cleared

2018-09-25 11:51:09 - [MESSAGE][PASSED] - Keys 'auto966037' sent to object: 'Object Repository/Page_login/txt_username'

2018-09-25 11:51:09 - [MESSAGE][PASSED] - Text of object 'Object Repository/Page_login/txt_password' is cleared

2018-09-25 11:51:09 - [MESSAGE][PASSED] - Keys 'test123' sent to object: 'Object Repository/Page_login/txt_password'

2018-09-25 11:51:09 - [MESSAGE][PASSED] - Object: 'Object Repository/Page_login/btn_login' is clicked on

2018-09-25 11:51:09 - [MESSAGE][PASSED] - Wait for page load successfully

2018-09-25 11:51:09 - [MESSAGE][PASSED] - beautytap.GeneralAction.login is PASSED

2018-09-25 11:51:09 - [TEST_STEP][PASSED] - verifyElementPresent: Object 'Object Repository/Page_General/link_avatar' is present

2018-09-25 11:51:20 - [MESSAGE][PASSED] - Object 'Object Repository/Page_General/link_avatar' is present

2018-09-25 11:51:20 - [TEST_STEP][PASSED] - beautytap.GeneralAction.logout: beautytap.GeneralAction.logout is PASSED

2018-09-25 11:51:20 - [MESSAGE][PASSED] - Object: 'Object Repository/Page_General/link_avatar' is clicked on

2018-09-25 11:51:21 - [MESSAGE][PASSED] - Object 'Object Repository/Page_General/menu_logout' is present

2018-09-25 11:51:21 - [MESSAGE][PASSED] - Object: 'Object Repository/Page_General/menu_logout' is clicked on

2018-09-25 11:51:21 - [MESSAGE][PASSED] - Wait for page load successfully

2018-09-25 11:51:21 - [MESSAGE][PASSED] - beautytap.GeneralAction.logout is PASSED

2018-09-25 11:51:21 - [TEST_STEP][PASSED] - beautytap.GeneralAction.clickNavigationMenu: beautytap.GeneralAction.clickNavigationMenu is PASSED

2018-09-25 11:51:28 - [MESSAGE][PASSED] - Object: 'Object Repository/Page_General/link_login' is clicked on

2018-09-25 11:51:28 - [MESSAGE][PASSED] - Wait for page load successfully

2018-09-25 11:51:28 - [MESSAGE][PASSED] - beautytap.GeneralAction.clickNavigationMenu is PASSED

2018-09-25 11:51:28 - [TEST_STEP][PASSED] - beautytap.GeneralAction.login: beautytap.GeneralAction.login is PASSED

2018-09-25 11:51:28 - [MESSAGE][PASSED] - Text of object 'Object Repository/Page_login/txt_username' is cleared

2018-09-25 11:51:28 - [MESSAGE][PASSED] - Keys 'auto966037@mailinator.com' sent to object: 'Object Repository/Page_login/txt_username'

2018-09-25 11:51:28 - [MESSAGE][PASSED] - Text of object 'Object Repository/Page_login/txt_password' is cleared

2018-09-25 11:51:28 - [MESSAGE][PASSED] - Keys 'test123' sent to object: 'Object Repository/Page_login/txt_password'

2018-09-25 11:51:29 - [MESSAGE][PASSED] - Object: 'Object Repository/Page_login/btn_login' is clicked on

2018-09-25 11:51:29 - [MESSAGE][PASSED] - Wait for page load successfully

2018-09-25 11:51:29 - [MESSAGE][PASSED] - beautytap.GeneralAction.login is PASSED

2018-09-25 11:51:29 - [TEST_STEP][PASSED] - verifyElementPresent: Object 'Object Repository/Page_General/link_avatar' is present

2018-09-25 11:51:37 - [MESSAGE][PASSED] - Object 'Object Repository/Page_General/link_avatar' is present

2018-09-25 11:51:37 - [TEST_STEP][PASSED] - beautytap.GeneralAction.logout: beautytap.GeneralAction.logout is PASSED

2018-09-25 11:51:37 - [MESSAGE][PASSED] - Object: 'Object Repository/Page_General/link_avatar' is clicked on

2018-09-25 11:51:37 - [MESSAGE][PASSED] - Object 'Object Repository/Page_General/menu_logout' is present

2018-09-25 11:51:38 - [MESSAGE][PASSED] - Object: 'Object Repository/Page_General/menu_logout' is clicked on

2018-09-25 11:51:38 - [MESSAGE][PASSED] - Wait for page load successfully

2018-09-25 11:51:38 - [MESSAGE][PASSED] - Browser is closed

2018-09-25 11:51:38 - [MESSAGE][PASSED] - beautytap.GeneralAction.logout is PASSED]]></system-out>
         <system-err><![CDATA[]]></system-err>
      </testcase>
      <testcase name="Test Cases/SignUp_Login_ResetPass/TC02_SignUp_Login_ViaFacebookEmail_NewUser_OldUser" classname="Test Cases/SignUp_Login_ResetPass/TC02_SignUp_Login_ViaFacebookEmail_NewUser_OldUser" status="PASSED">
         <system-out><![CDATA[2018-09-25 11:51:41 - [TEST_CASE][PASSED] - Test Cases/SignUp_Login_ResetPass/TC02_SignUp_Login_ViaFacebookEmail_NewUser_OldUser: Test Cases/SignUp_Login_ResetPass/TC02_SignUp_Login_ViaFacebookEmail_NewUser_OldUser

2018-09-25 11:51:41 - [TEST_STEP][PASSED] - beautytap.AdminAction.deleteUser: beautytap.AdminAction.deleteUser is PASSED

2018-09-25 11:51:48 - [MESSAGE][PASSED] - Browser is opened with url: 'https://stage.beautytap.com/login'

2018-09-25 11:51:49 - [MESSAGE][PASSED] - Current window maximized

2018-09-25 11:51:49 - [MESSAGE][PASSED] - Text of object 'Object Repository/Page_login/txt_username' is cleared

2018-09-25 11:51:49 - [MESSAGE][PASSED] - Keys 'mrwhite' sent to object: 'Object Repository/Page_login/txt_username'

2018-09-25 11:51:49 - [MESSAGE][PASSED] - Text of object 'Object Repository/Page_login/txt_password' is cleared

2018-09-25 11:51:49 - [MESSAGE][PASSED] - Keys 'kgySM$Im' sent to object: 'Object Repository/Page_login/txt_password'

2018-09-25 11:51:50 - [MESSAGE][PASSED] - Object: 'Object Repository/Page_login/btn_login' is clicked on

2018-09-25 11:51:50 - [MESSAGE][PASSED] - Wait for page load successfully

2018-09-25 11:51:50 - [MESSAGE][PASSED] - Wait for page load successfully

2018-09-25 11:51:56 - [MESSAGE][PASSED] - Navigate to 'https://stage.beautytap.com/admin' successfully

2018-09-25 11:51:56 - [MESSAGE][PASSED] - Wait for page load successfully

2018-09-25 11:52:03 - [MESSAGE][PASSED] - Object: 'Object Repository/Page_Admin/menu_users' is clicked on

2018-09-25 11:52:03 - [MESSAGE][PASSED] - Wait for page load successfully

2018-09-25 11:52:03 - [MESSAGE][PASSED] - Text of object 'Object Repository/Page_Admin/txt_searchUser' is cleared

2018-09-25 11:52:04 - [MESSAGE][PASSED] - Keys 'g5.posiba@gmail.com' sent to object: 'Object Repository/Page_Admin/txt_searchUser'

2018-09-25 11:52:07 - [MESSAGE][PASSED] - Object: 'Object Repository/Page_Admin/btn_searchUser' is clicked on

2018-09-25 11:52:07 - [MESSAGE][PASSED] - Wait for page load successfully

2018-09-25 11:52:07 - [MESSAGE][PASSED] - Text of object '' is: 'g5.posiba@gmail.com'

2018-09-25 11:52:07 - [MESSAGE][PASSED] - Attribute 'id' of object '' is: 'user-64405'

2018-09-25 11:52:08 - [MESSAGE][PASSED] - Object: '' is hovered

2018-09-25 11:52:13 - [MESSAGE][PASSED] - Delayed 5 second(s)

2018-09-25 11:52:14 - [MESSAGE][PASSED] - Object: '' is clicked on

2018-09-25 11:52:15 - [MESSAGE][FAILED] - No alert found
[[ATTACHMENT|E:\\BeautytapAutomation\\beautytapAuto\\Beautytap\\Reports\\Regression\\20180925_114816\\1537851135010.png]]

2018-09-25 11:52:15 - [MESSAGE][FAILED] - Unable to accept alert (Root cause: No alert found)
[[ATTACHMENT|E:\\BeautytapAutomation\\beautytapAuto\\Beautytap\\Reports\\Regression\\20180925_114816\\1537851135319.png]]

2018-09-25 11:52:16 - [MESSAGE][PASSED] - Browser is closed

2018-09-25 11:52:16 - [MESSAGE][PASSED] - beautytap.AdminAction.deleteUser is PASSED

2018-09-25 11:52:16 - [TEST_STEP][PASSED] - beautytap.GeneralAction.openBeautytap: beautytap.GeneralAction.openBeautytap is PASSED

2018-09-25 11:53:14 - [MESSAGE][PASSED] - Browser is opened with url: 'https://stage.beautytap.com'

2018-09-25 11:53:15 - [MESSAGE][PASSED] - Current window maximized

2018-09-25 11:53:21 - [MESSAGE][PASSED] - Refresh successfully

2018-09-25 11:53:21 - [MESSAGE][PASSED] - Wait for page load successfully

2018-09-25 11:53:21 - [MESSAGE][PASSED] - beautytap.GeneralAction.openBeautytap is PASSED

2018-09-25 11:53:21 - [TEST_STEP][PASSED] - beautytap.GeneralAction.clickNavigationMenu: beautytap.GeneralAction.clickNavigationMenu is PASSED

2018-09-25 11:53:24 - [MESSAGE][PASSED] - Object: 'Object Repository/Page_General/link_signup' is clicked on

2018-09-25 11:53:24 - [MESSAGE][PASSED] - Wait for page load successfully

2018-09-25 11:53:24 - [MESSAGE][PASSED] - beautytap.GeneralAction.clickNavigationMenu is PASSED

2018-09-25 11:53:24 - [TEST_STEP][PASSED] - beautytap.GeneralAction.signupViaFacebook: beautytap.GeneralAction.signupViaFacebook is PASSED

2018-09-25 11:53:25 - [MESSAGE][PASSED] - Object: 'Object Repository/Page_Signup/btn_signupFB' is clicked on

2018-09-25 11:53:25 - [MESSAGE][PASSED] - Switched to window with index: '1'

2018-09-25 11:53:26 - [MESSAGE][PASSED] - Keys 'g5.posiba@gmail.com' sent to object: 'Object Repository/Popup_FacebookLogin/txt_email'

2018-09-25 11:53:26 - [MESSAGE][PASSED] - Keys 'posiba123' sent to object: 'Object Repository/Popup_FacebookLogin/txt_password'

2018-09-25 11:53:28 - [MESSAGE][PASSED] - Object: 'Object Repository/Popup_FacebookLogin/btn_login' is clicked on

2018-09-25 11:53:30 - [MESSAGE][WARNING] - Cannot take screenshot

2018-09-25 11:53:30 - [MESSAGE][FAILED] - Unable to get text of object 'Object Repository/Popup_FacebookLogin/btn_confirmPermission' (Root cause: org.openqa.selenium.NoSuchWindowException: no such window: window was already closed
  (Session info: chrome=69.0.3497.100)
  (Driver info: chromedriver=2.35.528161 (5b82f2d2aae0ca24b877009200ced9065a772e73),platform=Windows NT 10.0.17134 x86_64) (WARNING: The server did not provide any stacktrace information)
Command duration or timeout: 0 milliseconds
Build info: version: '3.7.1', revision: '8a0099a', time: '2017-11-06T21:07:36.161Z'
System info: host: 'DESKTOP-G1UHP65', ip: '10.0.0.132', os.name: 'Windows 10', os.arch: 'amd64', os.version: '10.0', java.version: '1.8.0_102'
Driver info: com.kms.katalon.selenium.driver.CChromeDriver
Capabilities {acceptInsecureCerts: false, acceptSslCerts: false, applicationCacheEnabled: false, browserConnectionEnabled: false, browserName: chrome, chrome: {chromedriverVersion: 2.35.528161 (5b82f2d2aae0ca..., userDataDir: C:\Users\TRANGN~1\AppData\L...}, cssSelectorsEnabled: true, databaseEnabled: false, handlesAlerts: true, hasTouchScreen: false, javascriptEnabled: true, locationContextEnabled: true, mobileEmulationEnabled: false, nativeEvents: true, networkConnectionEnabled: false, pageLoadStrategy: normal, platform: XP, platformName: XP, rotatable: false, setWindowRect: true, takesHeapSnapshot: true, takesScreenshot: true, unexpectedAlertBehaviour: , unhandledPromptBehavior: , version: 69.0.3497.100, webStorageEnabled: true}
Session ID: 270a4a56618600c3339e2dc6a447bbbd
*** Element info: {Using=xpath, value=//button[contains(@class,'layerConfirm') and contains(@name,'CONFIRM')]})

2018-09-25 11:53:30 - [MESSAGE][PASSED] - Switched to window with index: '0'

2018-09-25 11:53:45 - [MESSAGE][PASSED] - Delayed 15 second(s)

2018-09-25 11:53:45 - [MESSAGE][PASSED] - Wait for page load successfully

2018-09-25 11:53:45 - [MESSAGE][PASSED] - beautytap.GeneralAction.signupViaFacebook is PASSED

2018-09-25 11:53:45 - [TEST_STEP][PASSED] - verifyElementPresent: Object 'Object Repository/Page_General/link_avatar' is present

2018-09-25 11:53:45 - [MESSAGE][PASSED] - Object 'Object Repository/Page_General/link_avatar' is present

2018-09-25 11:53:45 - [TEST_STEP][PASSED] - beautytap.GeneralAction.logout: beautytap.GeneralAction.logout is PASSED

2018-09-25 11:53:45 - [MESSAGE][PASSED] - Object: 'Object Repository/Page_General/link_avatar' is clicked on

2018-09-25 11:53:45 - [MESSAGE][PASSED] - Object 'Object Repository/Page_General/menu_logout' is present

2018-09-25 11:53:45 - [MESSAGE][PASSED] - Object: 'Object Repository/Page_General/menu_logout' is clicked on

2018-09-25 11:53:45 - [MESSAGE][PASSED] - Wait for page load successfully

2018-09-25 11:53:46 - [MESSAGE][PASSED] - Browser is closed

2018-09-25 11:53:46 - [MESSAGE][PASSED] - beautytap.GeneralAction.logout is PASSED

2018-09-25 11:53:46 - [TEST_STEP][PASSED] - beautytap.AdminAction.deleteUser: beautytap.AdminAction.deleteUser is PASSED

2018-09-25 11:53:56 - [MESSAGE][PASSED] - Browser is opened with url: 'https://stage.beautytap.com/login'

2018-09-25 11:53:58 - [MESSAGE][PASSED] - Current window maximized

2018-09-25 11:53:58 - [MESSAGE][PASSED] - Text of object 'Object Repository/Page_login/txt_username' is cleared

2018-09-25 11:53:58 - [MESSAGE][PASSED] - Keys 'mrwhite' sent to object: 'Object Repository/Page_login/txt_username'

2018-09-25 11:53:58 - [MESSAGE][PASSED] - Text of object 'Object Repository/Page_login/txt_password' is cleared

2018-09-25 11:53:58 - [MESSAGE][PASSED] - Keys 'kgySM$Im' sent to object: 'Object Repository/Page_login/txt_password'

2018-09-25 11:53:58 - [MESSAGE][PASSED] - Object: 'Object Repository/Page_login/btn_login' is clicked on

2018-09-25 11:53:58 - [MESSAGE][PASSED] - Wait for page load successfully

2018-09-25 11:53:58 - [MESSAGE][PASSED] - Wait for page load successfully

2018-09-25 11:54:08 - [MESSAGE][PASSED] - Navigate to 'https://stage.beautytap.com/admin' successfully

2018-09-25 11:54:08 - [MESSAGE][PASSED] - Wait for page load successfully

2018-09-25 11:54:16 - [MESSAGE][PASSED] - Object: 'Object Repository/Page_Admin/menu_users' is clicked on

2018-09-25 11:54:16 - [MESSAGE][PASSED] - Wait for page load successfully

2018-09-25 11:54:16 - [MESSAGE][PASSED] - Text of object 'Object Repository/Page_Admin/txt_searchUser' is cleared

2018-09-25 11:54:16 - [MESSAGE][PASSED] - Keys 'g5.posiba@gmail.com' sent to object: 'Object Repository/Page_Admin/txt_searchUser'

2018-09-25 11:54:20 - [MESSAGE][PASSED] - Object: 'Object Repository/Page_Admin/btn_searchUser' is clicked on

2018-09-25 11:54:20 - [MESSAGE][PASSED] - Wait for page load successfully

2018-09-25 11:54:20 - [MESSAGE][PASSED] - Text of object '' is: 'g5.posiba@gmail.com'

2018-09-25 11:54:20 - [MESSAGE][PASSED] - Attribute 'id' of object '' is: 'user-64405'

2018-09-25 11:54:20 - [MESSAGE][PASSED] - Object: '' is hovered

2018-09-25 11:54:25 - [MESSAGE][PASSED] - Delayed 5 second(s)

2018-09-25 11:54:27 - [MESSAGE][PASSED] - Object: '' is clicked on

2018-09-25 11:54:28 - [MESSAGE][FAILED] - No alert found
[[ATTACHMENT|E:\\BeautytapAutomation\\beautytapAuto\\Beautytap\\Reports\\Regression\\20180925_114816\\1537851267824.png]]

2018-09-25 11:54:28 - [MESSAGE][FAILED] - Unable to accept alert (Root cause: No alert found)
[[ATTACHMENT|E:\\BeautytapAutomation\\beautytapAuto\\Beautytap\\Reports\\Regression\\20180925_114816\\1537851268134.png]]

2018-09-25 11:54:29 - [MESSAGE][PASSED] - Browser is closed

2018-09-25 11:54:29 - [MESSAGE][PASSED] - beautytap.AdminAction.deleteUser is PASSED

2018-09-25 11:54:29 - [TEST_STEP][PASSED] - beautytap.GeneralAction.openBeautytap: beautytap.GeneralAction.openBeautytap is PASSED

2018-09-25 11:54:55 - [MESSAGE][PASSED] - Browser is opened with url: 'https://stage.beautytap.com'

2018-09-25 11:54:56 - [MESSAGE][PASSED] - Current window maximized

2018-09-25 11:55:00 - [MESSAGE][PASSED] - Refresh successfully

2018-09-25 11:55:00 - [MESSAGE][PASSED] - Wait for page load successfully

2018-09-25 11:55:00 - [MESSAGE][PASSED] - beautytap.GeneralAction.openBeautytap is PASSED

2018-09-25 11:55:00 - [TEST_STEP][PASSED] - beautytap.GeneralAction.clickNavigationMenu: beautytap.GeneralAction.clickNavigationMenu is PASSED

2018-09-25 11:55:03 - [MESSAGE][PASSED] - Object: 'Object Repository/Page_General/link_login' is clicked on

2018-09-25 11:55:03 - [MESSAGE][PASSED] - Wait for page load successfully

2018-09-25 11:55:03 - [MESSAGE][PASSED] - beautytap.GeneralAction.clickNavigationMenu is PASSED

2018-09-25 11:55:03 - [TEST_STEP][PASSED] - beautytap.GeneralAction.login: beautytap.GeneralAction.login is PASSED

2018-09-25 11:55:04 - [MESSAGE][PASSED] - Object: 'Object Repository/Page_Login/btn_loginFB' is clicked on

2018-09-25 11:55:04 - [MESSAGE][PASSED] - Switched to window with index: '1'

2018-09-25 11:55:05 - [MESSAGE][PASSED] - Object 'Object Repository/Popup_FacebookLogin/txt_email' is visible

2018-09-25 11:55:06 - [MESSAGE][PASSED] - Keys 'g5.posiba@gmail.com' sent to object: 'Object Repository/Popup_FacebookLogin/txt_email'

2018-09-25 11:55:06 - [MESSAGE][PASSED] - Keys 'posiba123' sent to object: 'Object Repository/Popup_FacebookLogin/txt_password'

2018-09-25 11:55:07 - [MESSAGE][PASSED] - Object: 'Object Repository/Popup_FacebookLogin/btn_login' is clicked on

2018-09-25 11:55:07 - [MESSAGE][PASSED] - Switched to window with index: '0'

2018-09-25 11:55:07 - [MESSAGE][PASSED] - Wait for page load successfully

2018-09-25 11:55:07 - [MESSAGE][PASSED] - beautytap.GeneralAction.login is PASSED

2018-09-25 11:55:07 - [TEST_STEP][PASSED] - verifyElementPresent: Object 'Object Repository/Page_General/link_avatar' is present

2018-09-25 11:55:19 - [MESSAGE][PASSED] - Object 'Object Repository/Page_General/link_avatar' is present

2018-09-25 11:55:19 - [TEST_STEP][PASSED] - beautytap.GeneralAction.logout: beautytap.GeneralAction.logout is PASSED

2018-09-25 11:55:19 - [MESSAGE][PASSED] - Object: 'Object Repository/Page_General/link_avatar' is clicked on

2018-09-25 11:55:19 - [MESSAGE][PASSED] - Object 'Object Repository/Page_General/menu_logout' is present

2018-09-25 11:55:19 - [MESSAGE][PASSED] - Object: 'Object Repository/Page_General/menu_logout' is clicked on

2018-09-25 11:55:19 - [MESSAGE][PASSED] - Wait for page load successfully

2018-09-25 11:55:20 - [MESSAGE][PASSED] - Browser is closed

2018-09-25 11:55:20 - [MESSAGE][PASSED] - beautytap.GeneralAction.logout is PASSED

2018-09-25 11:55:20 - [TEST_STEP][PASSED] - beautytap.GeneralAction.openBeautytap: beautytap.GeneralAction.openBeautytap is PASSED

2018-09-25 11:55:42 - [MESSAGE][PASSED] - Browser is opened with url: 'https://stage.beautytap.com'

2018-09-25 11:55:43 - [MESSAGE][PASSED] - Current window maximized

2018-09-25 11:55:47 - [MESSAGE][PASSED] - Refresh successfully

2018-09-25 11:55:47 - [MESSAGE][PASSED] - Wait for page load successfully

2018-09-25 11:55:47 - [MESSAGE][PASSED] - beautytap.GeneralAction.openBeautytap is PASSED

2018-09-25 11:55:47 - [TEST_STEP][PASSED] - beautytap.GeneralAction.clickNavigationMenu: beautytap.GeneralAction.clickNavigationMenu is PASSED

2018-09-25 11:55:49 - [MESSAGE][PASSED] - Object: 'Object Repository/Page_General/link_signup' is clicked on

2018-09-25 11:55:49 - [MESSAGE][PASSED] - Wait for page load successfully

2018-09-25 11:55:49 - [MESSAGE][PASSED] - beautytap.GeneralAction.clickNavigationMenu is PASSED

2018-09-25 11:55:49 - [TEST_STEP][PASSED] - beautytap.GeneralAction.signupViaFacebook: beautytap.GeneralAction.signupViaFacebook is PASSED

2018-09-25 11:55:49 - [MESSAGE][PASSED] - Object: 'Object Repository/Page_Signup/btn_signupFB' is clicked on

2018-09-25 11:55:49 - [MESSAGE][PASSED] - Switched to window with index: '1'

2018-09-25 11:55:51 - [MESSAGE][PASSED] - Keys 'g5.posiba@gmail.com' sent to object: 'Object Repository/Popup_FacebookLogin/txt_email'

2018-09-25 11:55:51 - [MESSAGE][PASSED] - Keys 'posiba123' sent to object: 'Object Repository/Popup_FacebookLogin/txt_password'

2018-09-25 11:55:53 - [MESSAGE][PASSED] - Object: 'Object Repository/Popup_FacebookLogin/btn_login' is clicked on

2018-09-25 11:55:55 - [MESSAGE][WARNING] - Cannot take screenshot

2018-09-25 11:55:55 - [MESSAGE][FAILED] - Unable to get text of object 'Object Repository/Popup_FacebookLogin/btn_confirmPermission' (Root cause: org.openqa.selenium.NoSuchWindowException: no such window: window was already closed
  (Session info: chrome=69.0.3497.100)
  (Driver info: chromedriver=2.35.528161 (5b82f2d2aae0ca24b877009200ced9065a772e73),platform=Windows NT 10.0.17134 x86_64) (WARNING: The server did not provide any stacktrace information)
Command duration or timeout: 0 milliseconds
Build info: version: '3.7.1', revision: '8a0099a', time: '2017-11-06T21:07:36.161Z'
System info: host: 'DESKTOP-G1UHP65', ip: '10.0.0.132', os.name: 'Windows 10', os.arch: 'amd64', os.version: '10.0', java.version: '1.8.0_102'
Driver info: com.kms.katalon.selenium.driver.CChromeDriver
Capabilities {acceptInsecureCerts: false, acceptSslCerts: false, applicationCacheEnabled: false, browserConnectionEnabled: false, browserName: chrome, chrome: {chromedriverVersion: 2.35.528161 (5b82f2d2aae0ca..., userDataDir: C:\Users\TRANGN~1\AppData\L...}, cssSelectorsEnabled: true, databaseEnabled: false, handlesAlerts: true, hasTouchScreen: false, javascriptEnabled: true, locationContextEnabled: true, mobileEmulationEnabled: false, nativeEvents: true, networkConnectionEnabled: false, pageLoadStrategy: normal, platform: XP, platformName: XP, rotatable: false, setWindowRect: true, takesHeapSnapshot: true, takesScreenshot: true, unexpectedAlertBehaviour: , unhandledPromptBehavior: , version: 69.0.3497.100, webStorageEnabled: true}
Session ID: 42f823802d73b9d04bba30d4a98f35af
*** Element info: {Using=xpath, value=//button[contains(@class,'layerConfirm') and contains(@name,'CONFIRM')]})

2018-09-25 11:55:55 - [MESSAGE][PASSED] - Switched to window with index: '0'

2018-09-25 11:56:10 - [MESSAGE][PASSED] - Delayed 15 second(s)

2018-09-25 11:56:10 - [MESSAGE][PASSED] - Wait for page load successfully

2018-09-25 11:56:10 - [MESSAGE][PASSED] - beautytap.GeneralAction.signupViaFacebook is PASSED

2018-09-25 11:56:10 - [TEST_STEP][PASSED] - verifyElementPresent: Object 'Object Repository/Page_General/link_avatar' is present

2018-09-25 11:56:10 - [MESSAGE][PASSED] - Object 'Object Repository/Page_General/link_avatar' is present

2018-09-25 11:56:10 - [TEST_STEP][PASSED] - beautytap.GeneralAction.logout: beautytap.GeneralAction.logout is PASSED

2018-09-25 11:56:10 - [MESSAGE][PASSED] - Object: 'Object Repository/Page_General/link_avatar' is clicked on

2018-09-25 11:56:10 - [MESSAGE][PASSED] - Object 'Object Repository/Page_General/menu_logout' is present

2018-09-25 11:56:10 - [MESSAGE][PASSED] - Object: 'Object Repository/Page_General/menu_logout' is clicked on

2018-09-25 11:56:10 - [MESSAGE][PASSED] - Wait for page load successfully

2018-09-25 11:56:11 - [MESSAGE][PASSED] - Browser is closed

2018-09-25 11:56:11 - [MESSAGE][PASSED] - beautytap.GeneralAction.logout is PASSED

2018-09-25 11:56:11 - [TEST_STEP][PASSED] - beautytap.GeneralAction.openBeautytap: beautytap.GeneralAction.openBeautytap is PASSED

2018-09-25 11:56:50 - [MESSAGE][PASSED] - Browser is opened with url: 'https://stage.beautytap.com'

2018-09-25 11:56:51 - [MESSAGE][PASSED] - Current window maximized

2018-09-25 11:56:56 - [MESSAGE][PASSED] - Refresh successfully

2018-09-25 11:56:56 - [MESSAGE][PASSED] - Wait for page load successfully

2018-09-25 11:56:56 - [MESSAGE][PASSED] - beautytap.GeneralAction.openBeautytap is PASSED

2018-09-25 11:56:56 - [TEST_STEP][PASSED] - beautytap.GeneralAction.clickNavigationMenu: beautytap.GeneralAction.clickNavigationMenu is PASSED

2018-09-25 11:56:59 - [MESSAGE][PASSED] - Object: 'Object Repository/Page_General/link_login' is clicked on

2018-09-25 11:56:59 - [MESSAGE][PASSED] - Wait for page load successfully

2018-09-25 11:56:59 - [MESSAGE][PASSED] - beautytap.GeneralAction.clickNavigationMenu is PASSED

2018-09-25 11:56:59 - [TEST_STEP][PASSED] - beautytap.GeneralAction.login: beautytap.GeneralAction.login is PASSED

2018-09-25 11:56:59 - [MESSAGE][PASSED] - Object: 'Object Repository/Page_Login/btn_loginFB' is clicked on

2018-09-25 11:56:59 - [MESSAGE][PASSED] - Switched to window with index: '1'

2018-09-25 11:57:01 - [MESSAGE][PASSED] - Object 'Object Repository/Popup_FacebookLogin/txt_email' is visible

2018-09-25 11:57:01 - [MESSAGE][PASSED] - Keys 'g5.posiba@gmail.com' sent to object: 'Object Repository/Popup_FacebookLogin/txt_email'

2018-09-25 11:57:01 - [MESSAGE][PASSED] - Keys 'posiba123' sent to object: 'Object Repository/Popup_FacebookLogin/txt_password'

2018-09-25 11:57:02 - [MESSAGE][PASSED] - Object: 'Object Repository/Popup_FacebookLogin/btn_login' is clicked on

2018-09-25 11:57:03 - [MESSAGE][PASSED] - Switched to window with index: '0'

2018-09-25 11:57:03 - [MESSAGE][PASSED] - Wait for page load successfully

2018-09-25 11:57:03 - [MESSAGE][PASSED] - beautytap.GeneralAction.login is PASSED

2018-09-25 11:57:03 - [TEST_STEP][PASSED] - verifyElementPresent: Object 'Object Repository/Page_General/link_avatar' is present

2018-09-25 11:57:12 - [MESSAGE][PASSED] - Object 'Object Repository/Page_General/link_avatar' is present

2018-09-25 11:57:12 - [TEST_STEP][PASSED] - beautytap.GeneralAction.logout: beautytap.GeneralAction.logout is PASSED

2018-09-25 11:57:12 - [MESSAGE][PASSED] - Object: 'Object Repository/Page_General/link_avatar' is clicked on

2018-09-25 11:57:12 - [MESSAGE][PASSED] - Object 'Object Repository/Page_General/menu_logout' is present

2018-09-25 11:57:13 - [MESSAGE][PASSED] - Object: 'Object Repository/Page_General/menu_logout' is clicked on

2018-09-25 11:57:13 - [MESSAGE][PASSED] - Wait for page load successfully

2018-09-25 11:57:14 - [MESSAGE][PASSED] - Browser is closed

2018-09-25 11:57:14 - [MESSAGE][PASSED] - beautytap.GeneralAction.logout is PASSED]]></system-out>
         <system-err><![CDATA[]]></system-err>
      </testcase>
      <testcase name="Test Cases/Shop/TC07_BuyProduct_EarnPendingPoint_EarnRedeemablePoint" classname="Test Cases/Shop/TC07_BuyProduct_EarnPendingPoint_EarnRedeemablePoint" status="PASSED">
         <system-out><![CDATA[2018-09-25 11:57:16 - [TEST_CASE][PASSED] - Test Cases/Shop/TC07_BuyProduct_EarnPendingPoint_EarnRedeemablePoint: Test Cases/Shop/TC07_BuyProduct_EarnPendingPoint_EarnRedeemablePoint

2018-09-25 11:57:17 - [TEST_STEP][PASSED] - Statement - username = USER_EMAIL: null

2018-09-25 11:57:17 - [TEST_STEP][PASSED] - Statement - password = USER_PASSWORD: null

2018-09-25 11:57:17 - [TEST_STEP][PASSED] - Statement - productName = SIMPLE_PRODUCT: null

2018-09-25 11:57:17 - [TEST_STEP][PASSED] - Statement - price = SIMPLE_PRODUCT_PRICE: null

2018-09-25 11:57:17 - [TEST_STEP][PASSED] - Statement - quantity = 3: null

2018-09-25 11:57:17 - [TEST_STEP][PASSED] - Statement - shippingLabel = FREE_SHIPPING_LABEL: null

2018-09-25 11:57:17 - [TEST_STEP][PASSED] - Statement - shippingPrice = 0: null

2018-09-25 11:57:17 - [TEST_STEP][PASSED] - Statement - subtotal = CustomKeywords.beautytap.ShopAction.calculateTotal(quantity, price): beautytap.ShopAction.calculateTotal is PASSED

2018-09-25 11:57:17 - [MESSAGE][PASSED] - beautytap.ShopAction.calculateTotal is PASSED

2018-09-25 11:57:17 - [TEST_STEP][PASSED] - Statement - total = subtotal + shippingPrice: null

2018-09-25 11:57:17 - [TEST_STEP][PASSED] - Statement - products = new org.json.JSONArray((((((([{"productname":" + productName) + ","variation":"","quantity":") + quantity) + ","price":") + price) + "}])): null

2018-09-25 11:57:17 - [TEST_STEP][PASSED] - Statement - billingInformation = new org.json.JSONObject((({"firstname":"Test","lastname":"Automation","country":"United States (US)","address":"123 Testing","city":"New York","state":"New York","zip":"90012","email":" + username) + "})): null

2018-09-25 11:57:17 - [TEST_STEP][PASSED] - Statement - paymentMethod = "PayPal": null

2018-09-25 11:57:17 - [TEST_STEP][PASSED] - beautytap.GeneralAction.openBeautytap: beautytap.GeneralAction.openBeautytap is PASSED

2018-09-25 11:57:44 - [MESSAGE][PASSED] - Browser is opened with url: 'https://stage.beautytap.com'

2018-09-25 11:57:45 - [MESSAGE][PASSED] - Current window maximized

2018-09-25 11:57:50 - [MESSAGE][PASSED] - Refresh successfully

2018-09-25 11:57:50 - [MESSAGE][PASSED] - Wait for page load successfully

2018-09-25 11:57:50 - [MESSAGE][PASSED] - beautytap.GeneralAction.openBeautytap is PASSED

2018-09-25 11:57:50 - [TEST_STEP][PASSED] - beautytap.GeneralAction.clickNavigationMenu: beautytap.GeneralAction.clickNavigationMenu is PASSED

2018-09-25 11:57:52 - [MESSAGE][PASSED] - Object: 'Object Repository/Page_General/link_login' is clicked on

2018-09-25 11:57:52 - [MESSAGE][PASSED] - Wait for page load successfully

2018-09-25 11:57:52 - [MESSAGE][PASSED] - beautytap.GeneralAction.clickNavigationMenu is PASSED

2018-09-25 11:57:52 - [TEST_STEP][PASSED] - beautytap.GeneralAction.login: beautytap.GeneralAction.login is PASSED

2018-09-25 11:57:52 - [MESSAGE][PASSED] - Text of object 'Object Repository/Page_login/txt_username' is cleared

2018-09-25 11:57:53 - [MESSAGE][PASSED] - Keys 'trang2408@mailinator.com' sent to object: 'Object Repository/Page_login/txt_username'

2018-09-25 11:57:53 - [MESSAGE][PASSED] - Text of object 'Object Repository/Page_login/txt_password' is cleared

2018-09-25 11:57:53 - [MESSAGE][PASSED] - Keys '123456' sent to object: 'Object Repository/Page_login/txt_password'

2018-09-25 11:57:53 - [MESSAGE][PASSED] - Object: 'Object Repository/Page_login/btn_login' is clicked on

2018-09-25 11:57:53 - [MESSAGE][PASSED] - Wait for page load successfully

2018-09-25 11:57:53 - [MESSAGE][PASSED] - beautytap.GeneralAction.login is PASSED

2018-09-25 11:57:53 - [TEST_STEP][PASSED] - beautytap.GeneralAction.selectProfileMenu: beautytap.GeneralAction.selectProfileMenu is PASSED

2018-09-25 11:58:02 - [MESSAGE][PASSED] - Object: 'Object Repository/Page_General/link_avatar' is clicked on

2018-09-25 11:58:04 - [MESSAGE][PASSED] - Delayed 2 second(s)

2018-09-25 11:58:07 - [MESSAGE][PASSED] - Object: '' is clicked on

2018-09-25 11:58:07 - [MESSAGE][PASSED] - Wait for page load successfully

2018-09-25 11:58:07 - [MESSAGE][PASSED] - beautytap.GeneralAction.selectProfileMenu is PASSED

2018-09-25 11:58:07 - [TEST_STEP][PASSED] - Statement - objReward = CustomKeywords.beautytap.ShopAction.getRewardDetails(): beautytap.ShopAction.getRewardDetails is PASSED

2018-09-25 11:58:07 - [MESSAGE][PASSED] - Text of object '' is: '1.1 x Rewards Multiplier!'

2018-09-25 11:58:07 - [MESSAGE][PASSED] - Text of object '' is: '1.1 x Rewards Multiplier!'

2018-09-25 11:58:07 - [MESSAGE][PASSED] - Text of object '' is: '5812.85'

2018-09-25 11:58:07 - [MESSAGE][PASSED] - Text of object '' is: '3057.44'

2018-09-25 11:58:07 - [MESSAGE][PASSED] - Text of object '' is: '3502.85'

2018-09-25 11:58:07 - [MESSAGE][PASSED] - Text of object '' is: '$185.00'

2018-09-25 11:58:07 - [MESSAGE][PASSED] - Text of object '' is: 'Beauty Bae'

2018-09-25 11:58:07 - [MESSAGE][PASSED] - beautytap.ShopAction.getRewardDetails is PASSED

2018-09-25 11:58:07 - [TEST_STEP][PASSED] - Statement - multiplier = java.lang.Float.parseFloat(objReward.get("multiplier")): null

2018-09-25 11:58:07 - [TEST_STEP][PASSED] - Statement - currentlevel = objReward.get("currentlevel"): null

2018-09-25 11:58:07 - [TEST_STEP][PASSED] - Statement - lifetime = java.lang.Float.parseFloat(objReward.get("lifetime")): null

2018-09-25 11:58:07 - [TEST_STEP][PASSED] - Statement - pending = java.lang.Float.parseFloat(objReward.get("pending")): null

2018-09-25 11:58:07 - [TEST_STEP][PASSED] - Statement - redeemable = java.lang.Float.parseFloat(objReward.get("redeemable")): null

2018-09-25 11:58:07 - [TEST_STEP][PASSED] - Statement - pointvalue = java.lang.Float.parseFloat(objReward.get("pointvalue")): null

2018-09-25 11:58:07 - [TEST_STEP][PASSED] - Statement - rewardEarned = java.lang.Float.parseFloat(java.lang.String.format("%.2f", multiplier * subtotal)): null

2018-09-25 11:58:07 - [TEST_STEP][PASSED] - Statement - notificationMessage = "You received " + rewardEarned + " redeemable points": null

2018-09-25 11:58:07 - [TEST_STEP][PASSED] - beautytap.ShopAction.globalSearch: beautytap.ShopAction.globalSearch is PASSED

2018-09-25 11:58:08 - [MESSAGE][PASSED] - Object: 'Object Repository/Page_General/icon_search' is clicked on

2018-09-25 11:58:13 - [MESSAGE][PASSED] - Delayed 5 second(s)

2018-09-25 11:58:13 - [MESSAGE][PASSED] - Text of object 'Object Repository/Page_General/txt_search' is cleared

2018-09-25 11:58:13 - [MESSAGE][PASSED] - Keys 'CONTROL + v' sent to object: 'Object Repository/Page_General/txt_search'

2018-09-25 11:58:14 - [MESSAGE][PASSED] - Object 'Object Repository/Page_General/div_searchResult' is present

2018-09-25 11:58:14 - [MESSAGE][PASSED] - beautytap.ShopAction.globalSearch is PASSED

2018-09-25 11:58:14 - [TEST_STEP][PASSED] - beautytap.ShopAction.selectProductOnSearchResult: beautytap.ShopAction.selectProductOnSearchResult is PASSED

2018-09-25 11:58:20 - [MESSAGE][PASSED] - Object: '' is clicked on

2018-09-25 11:58:20 - [MESSAGE][PASSED] - Wait for page load successfully

2018-09-25 11:58:20 - [MESSAGE][PASSED] - beautytap.ShopAction.selectProductOnSearchResult is PASSED

2018-09-25 11:58:20 - [TEST_STEP][PASSED] - beautytap.ShopAction.addProductToCart: beautytap.ShopAction.addProductToCart is PASSED

2018-09-25 11:58:20 - [MESSAGE][PASSED] - Text of object 'Object Repository/Page_Shop/txt_quantity' is cleared

2018-09-25 11:58:20 - [MESSAGE][PASSED] - Keys '3' sent to object: 'Object Repository/Page_Shop/txt_quantity'

2018-09-25 11:58:21 - [MESSAGE][PASSED] - Object: 'Object Repository/Page_Shop/btn_addToCart' is clicked on

2018-09-25 11:58:21 - [MESSAGE][PASSED] - Wait for page load successfully

2018-09-25 11:58:25 - [MESSAGE][PASSED] - Object 'Object Repository/Page_Shop/lbl_message' is present

2018-09-25 11:58:25 - [MESSAGE][PASSED] - beautytap.ShopAction.addProductToCart is PASSED

2018-09-25 11:58:25 - [TEST_STEP][PASSED] - beautytap.ShopAction.goToCart: beautytap.ShopAction.goToCart is PASSED

2018-09-25 11:58:25 - [MESSAGE][PASSED] - Object 'Object Repository/Page_General/icon_cart' is present

2018-09-25 11:58:31 - [MESSAGE][PASSED] - Object: 'Object Repository/Page_General/icon_cart' is clicked on

2018-09-25 11:58:31 - [MESSAGE][PASSED] - Wait for page load successfully

2018-09-25 11:58:31 - [MESSAGE][PASSED] - beautytap.ShopAction.goToCart is PASSED

2018-09-25 11:58:31 - [TEST_STEP][PASSED] - beautytap.ShopAction.processToCheckout: beautytap.ShopAction.processToCheckout is PASSED

2018-09-25 11:58:35 - [MESSAGE][PASSED] - Object: 'Object Repository/Page_Cart/btn_checkout' is clicked on

2018-09-25 11:58:35 - [MESSAGE][PASSED] - Wait for page load successfully

2018-09-25 11:58:35 - [MESSAGE][PASSED] - beautytap.ShopAction.processToCheckout is PASSED

2018-09-25 11:58:35 - [TEST_STEP][PASSED] - beautytap.ShopAction.fillCustomerInformation: beautytap.ShopAction.fillCustomerInformation is PASSED

2018-09-25 11:58:35 - [MESSAGE][PASSED] - Text of object 'Object Repository/Page_Checkout/txt_billingFirstName' is cleared

2018-09-25 11:58:35 - [MESSAGE][PASSED] - Keys 'Test' sent to object: 'Object Repository/Page_Checkout/txt_billingFirstName'

2018-09-25 11:58:35 - [MESSAGE][PASSED] - Text of object 'Object Repository/Page_Checkout/txt_billingLastName' is cleared

2018-09-25 11:58:36 - [MESSAGE][PASSED] - Keys 'Automation' sent to object: 'Object Repository/Page_Checkout/txt_billingLastName'

2018-09-25 11:58:36 - [MESSAGE][PASSED] - All options with label 'United States (US)' are selected in object 'Object Repository/Page_Checkout/drop_billingCountry' 

2018-09-25 11:58:41 - [MESSAGE][PASSED] - Delayed 5 second(s)

2018-09-25 11:58:41 - [MESSAGE][PASSED] - Text of object 'Object Repository/Page_Checkout/txt_billingAddress' is cleared

2018-09-25 11:58:41 - [MESSAGE][PASSED] - Keys '123 Testing' sent to object: 'Object Repository/Page_Checkout/txt_billingAddress'

2018-09-25 11:58:41 - [MESSAGE][PASSED] - Text of object 'Object Repository/Page_Checkout/txt_billingCity' is cleared

2018-09-25 11:58:42 - [MESSAGE][PASSED] - Keys 'New York' sent to object: 'Object Repository/Page_Checkout/txt_billingCity'

2018-09-25 11:58:42 - [MESSAGE][PASSED] - All options with label 'New York' are selected in object 'Object Repository/Page_Checkout/drop_billingState' 

2018-09-25 11:58:42 - [MESSAGE][PASSED] - Text of object 'Object Repository/Page_Checkout/txt_billingZip' is cleared

2018-09-25 11:58:42 - [MESSAGE][PASSED] - Keys '90012' sent to object: 'Object Repository/Page_Checkout/txt_billingZip'

2018-09-25 11:58:42 - [MESSAGE][PASSED] - Text of object 'Object Repository/Page_Checkout/txt_billingEmail' is cleared

2018-09-25 11:58:43 - [MESSAGE][PASSED] - Keys 'trang2408@mailinator.com' sent to object: 'Object Repository/Page_Checkout/txt_billingEmail'

2018-09-25 11:58:43 - [MESSAGE][PASSED] - Object 'Object Repository/Page_Checkout/chk_shipToDifferentAddress' is un-checked

2018-09-25 11:58:43 - [MESSAGE][PASSED] - Text of object 'Object Repository/Page_Checkout/txt_orderNote' is cleared

2018-09-25 11:58:43 - [MESSAGE][PASSED] - Keys 'TC07' sent to object: 'Object Repository/Page_Checkout/txt_orderNote'

2018-09-25 11:58:43 - [MESSAGE][PASSED] - Object 'Object Repository/Page_Checkout/radio_creditCard' is checked

2018-09-25 11:58:48 - [MESSAGE][PASSED] - Delayed 5 second(s)

2018-09-25 11:58:48 - [MESSAGE][PASSED] - beautytap.ShopAction.fillCustomerInformation is PASSED

2018-09-25 11:58:48 - [TEST_STEP][PASSED] - beautytap.ShopAction.VerifyOrderDetailsOnCheckout: Keyword VerifyOrderDetailsOnCheckout is Passed

2018-09-25 11:58:48 - [MESSAGE][PASSED] - Object '' is present

2018-09-25 11:58:48 - [MESSAGE][PASSED] - Text of object '' is: '$95.40'

2018-09-25 11:58:48 - [MESSAGE][PASSED] - Text of object '' is: 'Free shipping for orders over $60
Why does shipping take this long?'

2018-09-25 11:58:48 - [MESSAGE][PASSED] - Text of object '' is: '$95.40'

2018-09-25 11:58:48 - [MESSAGE][PASSED] - Keyword VerifyOrderDetailsOnCheckout is Passed

2018-09-25 11:58:48 - [TEST_STEP][PASSED] - beautytap.ShopAction.VerifyRewardEarned: Keyword VerifyRewardEarned is Passed

2018-09-25 11:58:49 - [MESSAGE][PASSED] - Text of object '' is: 'Status: Beauty Bae ( $95.4 x Rewards Multiplier )'

2018-09-25 11:58:49 - [MESSAGE][PASSED] - Text of object '' is: 'Status: Beauty Bae ( $95.4 x Rewards Multiplier )'

2018-09-25 11:58:49 - [MESSAGE][PASSED] - Text of object '' is: 'Status: Beauty Bae ( $95.4 x Rewards Multiplier )'

2018-09-25 11:58:49 - [MESSAGE][PASSED] - Text of object '' is: 'Multiplier: $95.4 x 1.1'

2018-09-25 11:58:49 - [MESSAGE][PASSED] - Text of object '' is: 'Multiplier: $95.4 x 1.1'

2018-09-25 11:58:49 - [MESSAGE][PASSED] - Text of object '' is: '104.9 Points!'

2018-09-25 11:58:49 - [MESSAGE][PASSED] - Text of object '' is: '104.9 Points!'

2018-09-25 11:58:49 - [MESSAGE][PASSED] - Text of object '' is: 'Multiplier: $95.4 x 1.1'

2018-09-25 11:58:49 - [MESSAGE][PASSED] - Text of object '' is: 'Multiplier: $95.4 x 1.1'

2018-09-25 11:58:49 - [MESSAGE][PASSED] - Text of object '' is: 'Multiplier: $95.4 x 1.1'

2018-09-25 11:58:49 - [MESSAGE][PASSED] - Keyword VerifyRewardEarned is Passed

2018-09-25 11:58:49 - [TEST_STEP][PASSED] - beautytap.ShopAction.checkoutViaPaypal: beautytap.ShopAction.checkoutViaPaypal is PASSED

2018-09-25 11:58:49 - [MESSAGE][PASSED] - Object 'Object Repository/Page_Checkout/radio_paypal' is checked

2018-09-25 11:58:54 - [MESSAGE][PASSED] - Delayed 5 second(s)

2018-09-25 11:58:54 - [MESSAGE][PASSED] - Object 'Object Repository/Page_Checkout/chk_terms' is checked

2018-09-25 11:58:54 - [MESSAGE][PASSED] - Object: 'Object Repository/Page_Checkout/btn_placeOrder' is clicked on

2018-09-25 11:59:01 - [MESSAGE][PASSED] - Object 'Object Repository/Page_Paypal/txt_email' is present

2018-09-25 11:59:01 - [MESSAGE][PASSED] - Text of object 'Object Repository/Page_Paypal/txt_email' is cleared

2018-09-25 11:59:01 - [MESSAGE][PASSED] - Keys 'g1.posiba@gmail.com' sent to object: 'Object Repository/Page_Paypal/txt_email'

2018-09-25 11:59:02 - [MESSAGE][PASSED] - Text of object 'Object Repository/Page_Paypal/txt_password' is cleared

2018-09-25 11:59:02 - [MESSAGE][PASSED] - Keys 'Tr@ng99%' sent to object: 'Object Repository/Page_Paypal/txt_password'

2018-09-25 11:59:19 - [MESSAGE][PASSED] - Object: 'Object Repository/Page_Paypal/btn_login' is clicked on

2018-09-25 11:59:26 - [MESSAGE][PASSED] - Object 'Object Repository/Page_Paypal/btn_payNow' is present

2018-09-25 11:59:31 - [MESSAGE][PASSED] - Delayed 5 second(s)

2018-09-25 11:59:31 - [MESSAGE][PASSED] - Object: 'Object Repository/Page_Paypal/btn_payNow' is clicked on

2018-09-25 11:59:51 - [MESSAGE][PASSED] - Object 'Object Repository/Page_Checkout/lbl_orderReceived' is present

2018-09-25 11:59:51 - [MESSAGE][PASSED] - beautytap.ShopAction.checkoutViaPaypal is PASSED

2018-09-25 11:59:51 - [TEST_STEP][PASSED] - beautytap.ShopAction.VerifyOrderReceivedDetails: Keyword VerifyOrderReceivedDetails is Passed

2018-09-25 11:59:51 - [MESSAGE][PASSED] - Object '' is present

2018-09-25 11:59:51 - [MESSAGE][PASSED] - Text of object '' is: '$95.40'

2018-09-25 11:59:51 - [MESSAGE][PASSED] - Text of object '' is: 'Free shipping for orders over $60'

2018-09-25 11:59:57 - [MESSAGE][WARNING] - com.kms.katalon.core.webui.exception.WebElementNotFoundException: Web element with id: '' located by 'By.xpath: //th[text()='Shipping:']/parent::tr/td/span' not found
[[ATTACHMENT|E:\\BeautytapAutomation\\beautytapAuto\\Beautytap\\Reports\\Regression\\20180925_114816\\1537851596897.png]]

2018-09-25 11:59:57 - [MESSAGE][PASSED] - Text of object '' is: 'PayPal'

2018-09-25 11:59:57 - [MESSAGE][PASSED] - Text of object '' is: '$95.40'

2018-09-25 11:59:57 - [MESSAGE][PASSED] - Keyword VerifyOrderReceivedDetails is Passed

2018-09-25 11:59:57 - [TEST_STEP][PASSED] - beautytap.ShopAction.VerifyRewardEarned: Keyword VerifyRewardEarned is Passed

2018-09-25 11:59:57 - [MESSAGE][PASSED] - Text of object '' is: 'Status: Beauty Bae ( $95.40 x Rewards Multiplier )'

2018-09-25 11:59:57 - [MESSAGE][PASSED] - Text of object '' is: 'Status: Beauty Bae ( $95.40 x Rewards Multiplier )'

2018-09-25 11:59:57 - [MESSAGE][PASSED] - Text of object '' is: 'Status: Beauty Bae ( $95.40 x Rewards Multiplier )'

2018-09-25 11:59:57 - [MESSAGE][PASSED] - Text of object '' is: 'Multiplier: $95.40 x 1.1'

2018-09-25 11:59:57 - [MESSAGE][PASSED] - Text of object '' is: 'Multiplier: $95.40 x 1.1'

2018-09-25 11:59:57 - [MESSAGE][PASSED] - Text of object '' is: '104.9 Points!'

2018-09-25 11:59:57 - [MESSAGE][PASSED] - Text of object '' is: '104.9 Points!'

2018-09-25 11:59:57 - [MESSAGE][PASSED] - Text of object '' is: 'Multiplier: $95.40 x 1.1'

2018-09-25 11:59:57 - [MESSAGE][PASSED] - Text of object '' is: 'Multiplier: $95.40 x 1.1'

2018-09-25 11:59:57 - [MESSAGE][PASSED] - Text of object '' is: 'Multiplier: $95.40 x 1.1'

2018-09-25 11:59:57 - [MESSAGE][PASSED] - Keyword VerifyRewardEarned is Passed

2018-09-25 11:59:57 - [TEST_STEP][PASSED] - Statement - orderInfo = CustomKeywords.beautytap.ShopAction.getOrderInfoOnOrderReceived(): beautytap.ShopAction.getOrderInfoOnOrderReceived is PASSED

2018-09-25 11:59:57 - [MESSAGE][PASSED] - Text of object '' is: '136853'

2018-09-25 11:59:57 - [MESSAGE][PASSED] - Text of object '' is: 'September 24, 2018'

2018-09-25 11:59:57 - [MESSAGE][PASSED] - beautytap.ShopAction.getOrderInfoOnOrderReceived is PASSED

2018-09-25 11:59:57 - [TEST_STEP][PASSED] - Statement - orderNumber = orderInfo.get("ordernumber"): null

2018-09-25 11:59:57 - [TEST_STEP][PASSED] - Statement - orderDate = orderInfo.get("date"): null

2018-09-25 11:59:57 - [TEST_STEP][PASSED] - Statement - completeOrderSubject = "Your " + SITE_TITLE + " order from " + orderDate + " is complete": null

2018-09-25 11:59:57 - [TEST_STEP][PASSED] - Statement - completeOrderSubject = completeOrderSubject.replace("[", "").replace("]", ""): null

2018-09-25 11:59:57 - [TEST_STEP][PASSED] - beautytap.GeneralAction.selectProfileMenu: beautytap.GeneralAction.selectProfileMenu is PASSED

2018-09-25 11:59:57 - [MESSAGE][PASSED] - Object: 'Object Repository/Page_General/link_avatar' is clicked on

2018-09-25 12:00:00 - [MESSAGE][PASSED] - Delayed 2 second(s)

2018-09-25 12:00:03 - [MESSAGE][PASSED] - Object: '' is clicked on

2018-09-25 12:00:03 - [MESSAGE][PASSED] - Wait for page load successfully

2018-09-25 12:00:03 - [MESSAGE][PASSED] - beautytap.GeneralAction.selectProfileMenu is PASSED

2018-09-25 12:00:03 - [TEST_STEP][PASSED] - Statement - newPending = java.lang.Float.parseFloat(java.lang.String.format("%.2f", pending + rewardEarned)): null

2018-09-25 12:00:03 - [TEST_STEP][PASSED] - beautytap.ShopAction.VerifyRewardPointsDetails: Keyword VerifyRewardPoints is Passed

2018-09-25 12:00:03 - [MESSAGE][PASSED] - Text of object '' is: '5812.85'

2018-09-25 12:00:03 - [MESSAGE][PASSED] - Text of object '' is: '3162.38'

2018-09-25 12:00:03 - [MESSAGE][PASSED] - Text of object '' is: '3502.85'

2018-09-25 12:00:03 - [MESSAGE][PASSED] - Text of object '' is: '$185.00'

2018-09-25 12:00:03 - [MESSAGE][PASSED] - Keyword VerifyRewardPoints is Passed

2018-09-25 12:00:03 - [TEST_STEP][PASSED] - beautytap.ShopAction.VerifyRewardHistory: Keyword VerifyRewardHistory is Passed

2018-09-25 12:00:03 - [MESSAGE][PASSED] - Object '' is present

2018-09-25 12:00:03 - [MESSAGE][PASSED] - Text of object '' is: ''

2018-09-25 12:00:03 - [MESSAGE][PASSED] - Text of object '' is: '$95.40'

2018-09-25 12:00:03 - [MESSAGE][PASSED] - Text of object '' is: '1.1'

2018-09-25 12:00:03 - [MESSAGE][PASSED] - Text of object '' is: '0.00'

2018-09-25 12:00:03 - [MESSAGE][PASSED] - Text of object '' is: '3502.85'

2018-09-25 12:00:03 - [MESSAGE][PASSED] - Keyword VerifyRewardHistory is Passed

2018-09-25 12:00:03 - [TEST_STEP][PASSED] - beautytap.ShopAction.VerifyRewardHistory: Keyword VerifyRewardHistory is Passed

2018-09-25 12:00:03 - [MESSAGE][PASSED] - Object '' is present

2018-09-25 12:00:03 - [MESSAGE][PASSED] - Text of object '' is: ''

2018-09-25 12:00:03 - [MESSAGE][PASSED] - Text of object '' is: '$95.40'

2018-09-25 12:00:04 - [MESSAGE][PASSED] - Text of object '' is: '1.1'

2018-09-25 12:00:04 - [MESSAGE][PASSED] - Text of object '' is: '0.00'

2018-09-25 12:00:04 - [MESSAGE][PASSED] - Text of object '' is: '3502.85'

2018-09-25 12:00:04 - [MESSAGE][PASSED] - Keyword VerifyRewardHistory is Passed

2018-09-25 12:00:04 - [TEST_STEP][PASSED] - beautytap.GeneralAction.logout: beautytap.GeneralAction.logout is PASSED

2018-09-25 12:00:04 - [MESSAGE][PASSED] - Object: 'Object Repository/Page_General/link_avatar' is clicked on

2018-09-25 12:00:04 - [MESSAGE][PASSED] - Object 'Object Repository/Page_General/menu_logout' is present

2018-09-25 12:00:04 - [MESSAGE][PASSED] - Object: 'Object Repository/Page_General/menu_logout' is clicked on

2018-09-25 12:00:04 - [MESSAGE][PASSED] - Wait for page load successfully

2018-09-25 12:00:04 - [MESSAGE][PASSED] - beautytap.GeneralAction.logout is PASSED

2018-09-25 12:00:04 - [TEST_STEP][PASSED] - beautytap.GeneralAction.clickNavigationMenu: beautytap.GeneralAction.clickNavigationMenu is PASSED

2018-09-25 12:00:15 - [MESSAGE][PASSED] - Object: 'Object Repository/Page_General/link_login' is clicked on

2018-09-25 12:00:15 - [MESSAGE][PASSED] - Wait for page load successfully

2018-09-25 12:00:15 - [MESSAGE][PASSED] - beautytap.GeneralAction.clickNavigationMenu is PASSED

2018-09-25 12:00:15 - [TEST_STEP][PASSED] - beautytap.GeneralAction.login: beautytap.GeneralAction.login is PASSED

2018-09-25 12:00:15 - [MESSAGE][PASSED] - Text of object 'Object Repository/Page_login/txt_username' is cleared

2018-09-25 12:00:15 - [MESSAGE][PASSED] - Keys 'mrwhite' sent to object: 'Object Repository/Page_login/txt_username'

2018-09-25 12:00:15 - [MESSAGE][PASSED] - Text of object 'Object Repository/Page_login/txt_password' is cleared

2018-09-25 12:00:16 - [MESSAGE][PASSED] - Keys 'kgySM$Im' sent to object: 'Object Repository/Page_login/txt_password'

2018-09-25 12:00:16 - [MESSAGE][PASSED] - Object: 'Object Repository/Page_login/btn_login' is clicked on

2018-09-25 12:00:16 - [MESSAGE][PASSED] - Wait for page load successfully

2018-09-25 12:00:16 - [MESSAGE][PASSED] - beautytap.GeneralAction.login is PASSED

2018-09-25 12:00:16 - [TEST_STEP][PASSED] - navigateToUrl: Navigate to 'https://stage.beautytap.com/admin' successfully

2018-09-25 12:00:23 - [MESSAGE][PASSED] - Navigate to 'https://stage.beautytap.com/admin' successfully

2018-09-25 12:00:23 - [TEST_STEP][PASSED] - beautytap.AdminAction.changeOrderStatus: beautytap.AdminAction.changeOrderStatus is PASSED

2018-09-25 12:00:31 - [MESSAGE][PASSED] - Object: '' is clicked on

2018-09-25 12:00:31 - [MESSAGE][PASSED] - Wait for page load successfully

2018-09-25 12:00:36 - [MESSAGE][PASSED] - Object: '' is clicked on

2018-09-25 12:00:36 - [MESSAGE][PASSED] - Wait for page load successfully

2018-09-25 12:00:37 - [MESSAGE][PASSED] - Text of object 'Object Repository/Page_Admin/txt_searchOrder' is cleared

2018-09-25 12:00:37 - [MESSAGE][PASSED] - Keys '136853' sent to object: 'Object Repository/Page_Admin/txt_searchOrder'

2018-09-25 12:00:41 - [MESSAGE][PASSED] - Object: 'Object Repository/Page_Admin/btn_searchOrder' is clicked on

2018-09-25 12:00:41 - [MESSAGE][PASSED] - Wait for page load successfully

2018-09-25 12:00:54 - [MESSAGE][PASSED] - Object: '' is clicked on

2018-09-25 12:00:54 - [MESSAGE][PASSED] - Wait for page load successfully

2018-09-25 12:00:54 - [MESSAGE][PASSED] - All options with label 'Completed' are selected in object 'Object Repository/Page_Admin/drop_orderStatus' 

2018-09-25 12:00:55 - [MESSAGE][PASSED] - Object: 'Object Repository/Page_Admin/btn_saveOrder' is clicked on

2018-09-25 12:01:05 - [MESSAGE][PASSED] - Object 'Object Repository/Page_Admin/lbl_orderUpdatedMessage' is present

2018-09-25 12:01:05 - [MESSAGE][PASSED] - beautytap.AdminAction.changeOrderStatus is PASSED

2018-09-25 12:01:05 - [TEST_STEP][PASSED] - beautytap.GeneralAction.openMailBox: beautytap.GeneralAction.openMailBox is PASSED

2018-09-25 12:01:07 - [MESSAGE][PASSED] - Navigate to 'https://www.mailinator.com' successfully

2018-09-25 12:01:07 - [MESSAGE][PASSED] - Wait for page load successfully

2018-09-25 12:01:07 - [MESSAGE][PASSED] - Keys 'trang2408@mailinator.com' sent to object: 'Object Repository/Page_mailinator/txt_email'

2018-09-25 12:01:09 - [MESSAGE][PASSED] - Object: 'Object Repository/Page_mailinator/btn_go' is clicked on

2018-09-25 12:01:09 - [MESSAGE][PASSED] - Wait for page load successfully

2018-09-25 12:01:14 - [MESSAGE][PASSED] - Delayed 5 second(s)

2018-09-25 12:01:14 - [MESSAGE][PASSED] - beautytap.GeneralAction.openMailBox is PASSED

2018-09-25 12:01:14 - [TEST_STEP][PASSED] - beautytap.GeneralAction.verifyEmailExist: beautytap.GeneralAction.verifyEmailExist is PASSED

2018-09-25 12:01:14 - [MESSAGE][PASSED] - Object '' is present

2018-09-25 12:01:14 - [MESSAGE][PASSED] - beautytap.GeneralAction.verifyEmailExist is PASSED

2018-09-25 12:01:14 - [TEST_STEP][PASSED] - beautytap.GeneralAction.openEmail: beautytap.GeneralAction.openEmail is PASSED

2018-09-25 12:01:14 - [MESSAGE][PASSED] - Object: '' is clicked on

2018-09-25 12:01:14 - [MESSAGE][PASSED] - beautytap.GeneralAction.openEmail is PASSED

2018-09-25 12:01:14 - [TEST_STEP][PASSED] - beautytap.ShopAction.VerifyOrderCompleteEmail: Keyword VerifyOrderCompleteEmail is Passed

2018-09-25 12:01:15 - [MESSAGE][PASSED] - Object '' is present

2018-09-25 12:01:15 - [MESSAGE][PASSED] - Text of object '' is: 'La Muse Correct Care Complete Cushion SPF50+'

2018-09-25 12:01:15 - [MESSAGE][PASSED] - Text of object '' is: '3'

2018-09-25 12:01:15 - [MESSAGE][PASSED] - Text of object '' is: '$95.40'

2018-09-25 12:01:15 - [MESSAGE][PASSED] - Text of object '' is: '$95.40'

2018-09-25 12:01:15 - [MESSAGE][PASSED] - Text of object '' is: 'Free shipping for orders over $60'

2018-09-25 12:01:20 - [MESSAGE][WARNING] - com.kms.katalon.core.webui.exception.WebElementNotFoundException: Web element with id: '' located by 'By.xpath: //th[text()='Shipping:']/parent::tr/td/span' not found
[[ATTACHMENT|E:\\BeautytapAutomation\\beautytapAuto\\Beautytap\\Reports\\Regression\\20180925_114816\\1537851680599.png]]

2018-09-25 12:01:20 - [MESSAGE][PASSED] - Text of object '' is: 'PayPal'

2018-09-25 12:01:21 - [MESSAGE][PASSED] - Text of object '' is: '104.94'

2018-09-25 12:01:21 - [MESSAGE][PASSED] - Text of object '' is: '$95.40'

2018-09-25 12:01:21 - [MESSAGE][PASSED] - Keyword VerifyOrderCompleteEmail is Passed

2018-09-25 12:01:21 - [TEST_STEP][PASSED] - closeBrowser: Browser is closed

2018-09-25 12:01:22 - [MESSAGE][PASSED] - Browser is closed

2018-09-25 12:01:22 - [TEST_STEP][PASSED] - beautytap.GeneralAction.openBeautytap: beautytap.GeneralAction.openBeautytap is PASSED

2018-09-25 12:01:40 - [MESSAGE][PASSED] - Browser is opened with url: 'https://stage.beautytap.com'

2018-09-25 12:01:41 - [MESSAGE][PASSED] - Current window maximized

2018-09-25 12:01:45 - [MESSAGE][PASSED] - Refresh successfully

2018-09-25 12:01:45 - [MESSAGE][PASSED] - Wait for page load successfully

2018-09-25 12:01:45 - [MESSAGE][PASSED] - beautytap.GeneralAction.openBeautytap is PASSED

2018-09-25 12:01:45 - [TEST_STEP][PASSED] - beautytap.GeneralAction.clickNavigationMenu: beautytap.GeneralAction.clickNavigationMenu is PASSED

2018-09-25 12:01:48 - [MESSAGE][PASSED] - Object: 'Object Repository/Page_General/link_login' is clicked on

2018-09-25 12:01:48 - [MESSAGE][PASSED] - Wait for page load successfully

2018-09-25 12:01:48 - [MESSAGE][PASSED] - beautytap.GeneralAction.clickNavigationMenu is PASSED

2018-09-25 12:01:48 - [TEST_STEP][PASSED] - beautytap.GeneralAction.login: beautytap.GeneralAction.login is PASSED

2018-09-25 12:01:48 - [MESSAGE][PASSED] - Text of object 'Object Repository/Page_login/txt_username' is cleared

2018-09-25 12:01:48 - [MESSAGE][PASSED] - Keys 'trang2408@mailinator.com' sent to object: 'Object Repository/Page_login/txt_username'

2018-09-25 12:01:48 - [MESSAGE][PASSED] - Text of object 'Object Repository/Page_login/txt_password' is cleared

2018-09-25 12:01:48 - [MESSAGE][PASSED] - Keys '123456' sent to object: 'Object Repository/Page_login/txt_password'

2018-09-25 12:01:49 - [MESSAGE][PASSED] - Object: 'Object Repository/Page_login/btn_login' is clicked on

2018-09-25 12:01:49 - [MESSAGE][PASSED] - Wait for page load successfully

2018-09-25 12:01:49 - [MESSAGE][PASSED] - beautytap.GeneralAction.login is PASSED

2018-09-25 12:01:49 - [TEST_STEP][PASSED] - beautytap.GeneralAction.VerifyNotificationText: Keyword VerifyNotificationText is Passed

2018-09-25 12:01:58 - [MESSAGE][PASSED] - Object: 'Object Repository/Page_General/link_notificationIcon' is clicked on

2018-09-25 12:02:03 - [MESSAGE][PASSED] - Delayed 5 second(s)

2018-09-25 12:02:03 - [MESSAGE][PASSED] - Text of object '' is: 'You received 104.94 redeemable points'

2018-09-25 12:02:03 - [MESSAGE][PASSED] - Keyword VerifyNotificationText is Passed

2018-09-25 12:02:03 - [TEST_STEP][PASSED] - beautytap.GeneralAction.selectProfileMenu: beautytap.GeneralAction.selectProfileMenu is PASSED

2018-09-25 12:02:03 - [MESSAGE][PASSED] - Object: 'Object Repository/Page_General/link_avatar' is clicked on

2018-09-25 12:02:05 - [MESSAGE][PASSED] - Delayed 2 second(s)

2018-09-25 12:02:09 - [MESSAGE][PASSED] - Object: '' is clicked on

2018-09-25 12:02:09 - [MESSAGE][PASSED] - Wait for page load successfully

2018-09-25 12:02:09 - [MESSAGE][PASSED] - beautytap.GeneralAction.selectProfileMenu is PASSED

2018-09-25 12:02:09 - [TEST_STEP][PASSED] - Statement - newLifetime = java.lang.Float.parseFloat(java.lang.String.format("%.2f", lifetime + rewardEarned)): null

2018-09-25 12:02:09 - [TEST_STEP][PASSED] - Statement - newRedeemable = java.lang.Float.parseFloat(java.lang.String.format("%.2f", redeemable + rewardEarned)): null

2018-09-25 12:02:09 - [TEST_STEP][PASSED] - Statement - newPointValue = CustomKeywords.beautytap.ShopAction.calculateLoyaltyPointValue(newRedeemable): beautytap.ShopAction.calculateLoyaltyPointValue is PASSED

2018-09-25 12:02:09 - [MESSAGE][PASSED] - beautytap.ShopAction.calculateLoyaltyPointValue is PASSED

2018-09-25 12:02:09 - [TEST_STEP][PASSED] - beautytap.ShopAction.VerifyRewardPointsDetails: Keyword VerifyRewardPoints is Passed

2018-09-25 12:02:09 - [MESSAGE][PASSED] - Text of object '' is: '5917.79'

2018-09-25 12:02:09 - [MESSAGE][PASSED] - Text of object '' is: '3057.44'

2018-09-25 12:02:09 - [MESSAGE][PASSED] - Text of object '' is: '3607.79'

2018-09-25 12:02:10 - [MESSAGE][PASSED] - Text of object '' is: '$187.00'

2018-09-25 12:02:10 - [MESSAGE][PASSED] - Keyword VerifyRewardPoints is Passed

2018-09-25 12:02:10 - [TEST_STEP][PASSED] - beautytap.ShopAction.VerifyRewardHistory: Keyword VerifyRewardHistory is Passed

2018-09-25 12:02:10 - [MESSAGE][PASSED] - Object '' is present

2018-09-25 12:02:10 - [MESSAGE][PASSED] - Text of object '' is: ''

2018-09-25 12:02:10 - [MESSAGE][PASSED] - Text of object '' is: '$95.40'

2018-09-25 12:02:10 - [MESSAGE][PASSED] - Text of object '' is: '1.1'

2018-09-25 12:02:10 - [MESSAGE][PASSED] - Text of object '' is: '104.94'

2018-09-25 12:02:10 - [MESSAGE][PASSED] - Text of object '' is: '3607.79'

2018-09-25 12:02:10 - [MESSAGE][PASSED] - Keyword VerifyRewardHistory is Passed

2018-09-25 12:02:10 - [TEST_STEP][PASSED] - beautytap.GeneralAction.logout: beautytap.GeneralAction.logout is PASSED

2018-09-25 12:02:10 - [MESSAGE][PASSED] - Object: 'Object Repository/Page_General/link_avatar' is clicked on

2018-09-25 12:02:10 - [MESSAGE][PASSED] - Object 'Object Repository/Page_General/menu_logout' is present

2018-09-25 12:02:10 - [MESSAGE][PASSED] - Object: 'Object Repository/Page_General/menu_logout' is clicked on

2018-09-25 12:02:11 - [MESSAGE][PASSED] - Wait for page load successfully

2018-09-25 12:02:11 - [MESSAGE][PASSED] - Browser is closed

2018-09-25 12:02:11 - [MESSAGE][PASSED] - beautytap.GeneralAction.logout is PASSED]]></system-out>
         <system-err><![CDATA[]]></system-err>
      </testcase>
      <testcase name="Test Cases/Shop/TC08_BuyProduct_UsingRewardPoint" classname="Test Cases/Shop/TC08_BuyProduct_UsingRewardPoint" status="PASSED">
         <system-out><![CDATA[2018-09-25 12:02:14 - [TEST_CASE][PASSED] - Test Cases/Shop/TC08_BuyProduct_UsingRewardPoint: Test Cases/Shop/TC08_BuyProduct_UsingRewardPoint

2018-09-25 12:02:14 - [TEST_STEP][PASSED] - Statement - username = USER_EMAIL: null

2018-09-25 12:02:14 - [TEST_STEP][PASSED] - Statement - password = USER_PASSWORD: null

2018-09-25 12:02:14 - [TEST_STEP][PASSED] - Statement - productName = SIMPLE_PRODUCT: null

2018-09-25 12:02:14 - [TEST_STEP][PASSED] - Statement - price = SIMPLE_PRODUCT_PRICE: null

2018-09-25 12:02:14 - [TEST_STEP][PASSED] - Statement - quantity = 3: null

2018-09-25 12:02:14 - [TEST_STEP][PASSED] - Statement - shippingLabel = FREE_SHIPPING_LABEL: null

2018-09-25 12:02:14 - [TEST_STEP][PASSED] - Statement - shippingPrice = 0: null

2018-09-25 12:02:14 - [TEST_STEP][PASSED] - Statement - pointUsed = 60: null

2018-09-25 12:02:14 - [TEST_STEP][PASSED] - Statement - pointValueUsed = 2: null

2018-09-25 12:02:14 - [TEST_STEP][PASSED] - Statement - subtotal = CustomKeywords.beautytap.ShopAction.calculateTotal(quantity, price): beautytap.ShopAction.calculateTotal is PASSED

2018-09-25 12:02:14 - [MESSAGE][PASSED] - beautytap.ShopAction.calculateTotal is PASSED

2018-09-25 12:02:14 - [TEST_STEP][PASSED] - Statement - subtotalApplyReward = java.lang.Float.parseFloat(java.lang.String.format("%.2f", subtotal - pointValueUsed)): null

2018-09-25 12:02:14 - [TEST_STEP][PASSED] - Statement - total = java.lang.Float.parseFloat(java.lang.String.format("%.2f", subtotal - pointValueUsed + shippingPrice)): null

2018-09-25 12:02:14 - [TEST_STEP][PASSED] - Statement - products = new org.json.JSONArray((((((([{"productname":" + productName) + ","variation":"","quantity":") + quantity) + ","price":") + price) + "}])): null

2018-09-25 12:02:14 - [TEST_STEP][PASSED] - Statement - billingInformation = new org.json.JSONObject((({"firstname":"Test","lastname":"Automation","country":"United States (US)","address":"123 Testing","city":"New York","state":"New York","zip":"90012","email":" + username) + "})): null

2018-09-25 12:02:14 - [TEST_STEP][PASSED] - Statement - paymentMethod = "PayPal": null

2018-09-25 12:02:14 - [TEST_STEP][PASSED] - beautytap.GeneralAction.openBeautytap: beautytap.GeneralAction.openBeautytap is PASSED

2018-09-25 12:02:31 - [MESSAGE][PASSED] - Browser is opened with url: 'https://stage.beautytap.com'

2018-09-25 12:02:32 - [MESSAGE][PASSED] - Current window maximized

2018-09-25 12:02:36 - [MESSAGE][PASSED] - Refresh successfully

2018-09-25 12:02:36 - [MESSAGE][PASSED] - Wait for page load successfully

2018-09-25 12:02:36 - [MESSAGE][PASSED] - beautytap.GeneralAction.openBeautytap is PASSED

2018-09-25 12:02:36 - [TEST_STEP][PASSED] - beautytap.GeneralAction.clickNavigationMenu: beautytap.GeneralAction.clickNavigationMenu is PASSED

2018-09-25 12:02:39 - [MESSAGE][PASSED] - Object: 'Object Repository/Page_General/link_login' is clicked on

2018-09-25 12:02:39 - [MESSAGE][PASSED] - Wait for page load successfully

2018-09-25 12:02:39 - [MESSAGE][PASSED] - beautytap.GeneralAction.clickNavigationMenu is PASSED

2018-09-25 12:02:39 - [TEST_STEP][PASSED] - beautytap.GeneralAction.login: beautytap.GeneralAction.login is PASSED

2018-09-25 12:02:39 - [MESSAGE][PASSED] - Text of object 'Object Repository/Page_login/txt_username' is cleared

2018-09-25 12:02:39 - [MESSAGE][PASSED] - Keys 'trang2408@mailinator.com' sent to object: 'Object Repository/Page_login/txt_username'

2018-09-25 12:02:39 - [MESSAGE][PASSED] - Text of object 'Object Repository/Page_login/txt_password' is cleared

2018-09-25 12:02:39 - [MESSAGE][PASSED] - Keys '123456' sent to object: 'Object Repository/Page_login/txt_password'

2018-09-25 12:02:40 - [MESSAGE][PASSED] - Object: 'Object Repository/Page_login/btn_login' is clicked on

2018-09-25 12:02:40 - [MESSAGE][PASSED] - Wait for page load successfully

2018-09-25 12:02:40 - [MESSAGE][PASSED] - beautytap.GeneralAction.login is PASSED

2018-09-25 12:02:40 - [TEST_STEP][PASSED] - beautytap.GeneralAction.selectProfileMenu: beautytap.GeneralAction.selectProfileMenu is PASSED

2018-09-25 12:02:48 - [MESSAGE][PASSED] - Object: 'Object Repository/Page_General/link_avatar' is clicked on

2018-09-25 12:02:50 - [MESSAGE][PASSED] - Delayed 2 second(s)

2018-09-25 12:02:53 - [MESSAGE][PASSED] - Object: '' is clicked on

2018-09-25 12:02:53 - [MESSAGE][PASSED] - Wait for page load successfully

2018-09-25 12:02:53 - [MESSAGE][PASSED] - beautytap.GeneralAction.selectProfileMenu is PASSED

2018-09-25 12:02:53 - [TEST_STEP][PASSED] - Statement - objReward = CustomKeywords.beautytap.ShopAction.getRewardDetails(): beautytap.ShopAction.getRewardDetails is PASSED

2018-09-25 12:02:53 - [MESSAGE][PASSED] - Text of object '' is: '1.1 x Rewards Multiplier!'

2018-09-25 12:02:53 - [MESSAGE][PASSED] - Text of object '' is: '1.1 x Rewards Multiplier!'

2018-09-25 12:02:53 - [MESSAGE][PASSED] - Text of object '' is: '5917.79'

2018-09-25 12:02:53 - [MESSAGE][PASSED] - Text of object '' is: '3057.44'

2018-09-25 12:02:53 - [MESSAGE][PASSED] - Text of object '' is: '3607.79'

2018-09-25 12:02:53 - [MESSAGE][PASSED] - Text of object '' is: '$187.00'

2018-09-25 12:02:53 - [MESSAGE][PASSED] - Text of object '' is: 'Beauty Bae'

2018-09-25 12:02:53 - [MESSAGE][PASSED] - beautytap.ShopAction.getRewardDetails is PASSED

2018-09-25 12:02:53 - [TEST_STEP][PASSED] - Statement - multiplier = java.lang.Float.parseFloat(objReward.get("multiplier")): null

2018-09-25 12:02:53 - [TEST_STEP][PASSED] - Statement - currentlevel = objReward.get("currentlevel"): null

2018-09-25 12:02:53 - [TEST_STEP][PASSED] - Statement - lifetime = java.lang.Float.parseFloat(objReward.get("lifetime")): null

2018-09-25 12:02:53 - [TEST_STEP][PASSED] - Statement - pending = java.lang.Float.parseFloat(objReward.get("pending")): null

2018-09-25 12:02:53 - [TEST_STEP][PASSED] - Statement - redeemable = java.lang.Float.parseFloat(objReward.get("redeemable")): null

2018-09-25 12:02:53 - [TEST_STEP][PASSED] - Statement - pointvalue = java.lang.Float.parseFloat(objReward.get("pointvalue")): null

2018-09-25 12:02:53 - [TEST_STEP][PASSED] - Statement - rewardEarned = java.lang.Float.parseFloat(java.lang.String.format("%.2f", multiplier * subtotal - pointValueUsed)): null

2018-09-25 12:02:53 - [TEST_STEP][PASSED] - beautytap.ShopAction.globalSearch: beautytap.ShopAction.globalSearch is PASSED

2018-09-25 12:02:54 - [MESSAGE][PASSED] - Object: 'Object Repository/Page_General/icon_search' is clicked on

2018-09-25 12:02:59 - [MESSAGE][PASSED] - Delayed 5 second(s)

2018-09-25 12:02:59 - [MESSAGE][PASSED] - Text of object 'Object Repository/Page_General/txt_search' is cleared

2018-09-25 12:02:59 - [MESSAGE][PASSED] - Keys 'CONTROL + v' sent to object: 'Object Repository/Page_General/txt_search'

2018-09-25 12:03:00 - [MESSAGE][PASSED] - Object 'Object Repository/Page_General/div_searchResult' is present

2018-09-25 12:03:00 - [MESSAGE][PASSED] - beautytap.ShopAction.globalSearch is PASSED

2018-09-25 12:03:00 - [TEST_STEP][PASSED] - beautytap.ShopAction.selectProductOnSearchResult: beautytap.ShopAction.selectProductOnSearchResult is PASSED

2018-09-25 12:03:07 - [MESSAGE][PASSED] - Object: '' is clicked on

2018-09-25 12:03:07 - [MESSAGE][PASSED] - Wait for page load successfully

2018-09-25 12:03:07 - [MESSAGE][PASSED] - beautytap.ShopAction.selectProductOnSearchResult is PASSED

2018-09-25 12:03:07 - [TEST_STEP][PASSED] - beautytap.ShopAction.addProductToCart: beautytap.ShopAction.addProductToCart is PASSED

2018-09-25 12:03:07 - [MESSAGE][PASSED] - Text of object 'Object Repository/Page_Shop/txt_quantity' is cleared

2018-09-25 12:03:07 - [MESSAGE][PASSED] - Keys '3' sent to object: 'Object Repository/Page_Shop/txt_quantity'

2018-09-25 12:03:07 - [MESSAGE][PASSED] - Object: 'Object Repository/Page_Shop/btn_addToCart' is clicked on

2018-09-25 12:03:07 - [MESSAGE][PASSED] - Wait for page load successfully

2018-09-25 12:03:12 - [MESSAGE][PASSED] - Object 'Object Repository/Page_Shop/lbl_message' is present

2018-09-25 12:03:12 - [MESSAGE][PASSED] - beautytap.ShopAction.addProductToCart is PASSED

2018-09-25 12:03:12 - [TEST_STEP][PASSED] - beautytap.ShopAction.goToCart: beautytap.ShopAction.goToCart is PASSED

2018-09-25 12:03:12 - [MESSAGE][PASSED] - Object 'Object Repository/Page_General/icon_cart' is present

2018-09-25 12:03:16 - [MESSAGE][PASSED] - Object: 'Object Repository/Page_General/icon_cart' is clicked on

2018-09-25 12:03:16 - [MESSAGE][PASSED] - Wait for page load successfully

2018-09-25 12:03:16 - [MESSAGE][PASSED] - beautytap.ShopAction.goToCart is PASSED

2018-09-25 12:03:16 - [TEST_STEP][PASSED] - beautytap.ShopAction.processToCheckout: beautytap.ShopAction.processToCheckout is PASSED

2018-09-25 12:03:21 - [MESSAGE][PASSED] - Object: 'Object Repository/Page_Cart/btn_checkout' is clicked on

2018-09-25 12:03:21 - [MESSAGE][PASSED] - Wait for page load successfully

2018-09-25 12:03:21 - [MESSAGE][PASSED] - beautytap.ShopAction.processToCheckout is PASSED

2018-09-25 12:03:21 - [TEST_STEP][PASSED] - beautytap.ShopAction.applyLoyaltyRewardPoint: beautytap.ShopAction.applyLoyaltyRewardPoint is PASSED

2018-09-25 12:03:21 - [MESSAGE][PASSED] - Object: 'Object Repository/Page_Checkout/link_clickToRedeem' is clicked on

2018-09-25 12:03:21 - [MESSAGE][PASSED] - Object '' is checked

2018-09-25 12:03:21 - [MESSAGE][PASSED] - Object: 'Object Repository/Page_Checkout/btn_applyReward' is clicked on

2018-09-25 12:03:22 - [MESSAGE][PASSED] - Object '' is present

2018-09-25 12:03:22 - [MESSAGE][PASSED] - beautytap.ShopAction.applyLoyaltyRewardPoint is PASSED

2018-09-25 12:03:22 - [TEST_STEP][PASSED] - beautytap.ShopAction.fillCustomerInformation: beautytap.ShopAction.fillCustomerInformation is PASSED

2018-09-25 12:03:22 - [MESSAGE][PASSED] - Text of object 'Object Repository/Page_Checkout/txt_billingFirstName' is cleared

2018-09-25 12:03:22 - [MESSAGE][PASSED] - Keys 'Test' sent to object: 'Object Repository/Page_Checkout/txt_billingFirstName'

2018-09-25 12:03:22 - [MESSAGE][PASSED] - Text of object 'Object Repository/Page_Checkout/txt_billingLastName' is cleared

2018-09-25 12:03:23 - [MESSAGE][PASSED] - Keys 'Automation' sent to object: 'Object Repository/Page_Checkout/txt_billingLastName'

2018-09-25 12:03:23 - [MESSAGE][PASSED] - All options with label 'United States (US)' are selected in object 'Object Repository/Page_Checkout/drop_billingCountry' 

2018-09-25 12:03:28 - [MESSAGE][PASSED] - Delayed 5 second(s)

2018-09-25 12:03:28 - [MESSAGE][PASSED] - Text of object 'Object Repository/Page_Checkout/txt_billingAddress' is cleared

2018-09-25 12:03:28 - [MESSAGE][PASSED] - Keys '123 Testing' sent to object: 'Object Repository/Page_Checkout/txt_billingAddress'

2018-09-25 12:03:28 - [MESSAGE][PASSED] - Text of object 'Object Repository/Page_Checkout/txt_billingCity' is cleared

2018-09-25 12:03:29 - [MESSAGE][PASSED] - Keys 'New York' sent to object: 'Object Repository/Page_Checkout/txt_billingCity'

2018-09-25 12:03:29 - [MESSAGE][PASSED] - All options with label 'New York' are selected in object 'Object Repository/Page_Checkout/drop_billingState' 

2018-09-25 12:03:29 - [MESSAGE][PASSED] - Text of object 'Object Repository/Page_Checkout/txt_billingZip' is cleared

2018-09-25 12:03:29 - [MESSAGE][PASSED] - Keys '90012' sent to object: 'Object Repository/Page_Checkout/txt_billingZip'

2018-09-25 12:03:29 - [MESSAGE][PASSED] - Text of object 'Object Repository/Page_Checkout/txt_billingEmail' is cleared

2018-09-25 12:03:30 - [MESSAGE][PASSED] - Keys 'trang2408@mailinator.com' sent to object: 'Object Repository/Page_Checkout/txt_billingEmail'

2018-09-25 12:03:30 - [MESSAGE][PASSED] - Object 'Object Repository/Page_Checkout/chk_shipToDifferentAddress' is un-checked

2018-09-25 12:03:30 - [MESSAGE][PASSED] - Text of object 'Object Repository/Page_Checkout/txt_orderNote' is cleared

2018-09-25 12:03:30 - [MESSAGE][PASSED] - Keys 'TC08_checkout with reward' sent to object: 'Object Repository/Page_Checkout/txt_orderNote'

2018-09-25 12:03:30 - [MESSAGE][PASSED] - Object 'Object Repository/Page_Checkout/radio_creditCard' is checked

2018-09-25 12:03:35 - [MESSAGE][PASSED] - Delayed 5 second(s)

2018-09-25 12:03:35 - [MESSAGE][PASSED] - beautytap.ShopAction.fillCustomerInformation is PASSED

2018-09-25 12:03:35 - [TEST_STEP][PASSED] - beautytap.ShopAction.VerifyOrderDetailsOnCheckout: Keyword VerifyOrderDetailsOnCheckout is Passed

2018-09-25 12:03:35 - [MESSAGE][PASSED] - Object '' is present

2018-09-25 12:03:35 - [MESSAGE][PASSED] - Text of object '' is: '$95.40'

2018-09-25 12:03:35 - [MESSAGE][PASSED] - Text of object '' is: '60 points used'

2018-09-25 12:03:35 - [MESSAGE][PASSED] - Text of object '' is: '60 points used'

2018-09-25 12:03:36 - [MESSAGE][PASSED] - Text of object '' is: '$2.00'

2018-09-25 12:03:36 - [MESSAGE][PASSED] - Text of object '' is: 'Free shipping for orders over $60
Why does shipping take this long?'

2018-09-25 12:03:36 - [MESSAGE][PASSED] - Text of object '' is: '$93.40'

2018-09-25 12:03:36 - [MESSAGE][PASSED] - Keyword VerifyOrderDetailsOnCheckout is Passed

2018-09-25 12:03:36 - [TEST_STEP][PASSED] - beautytap.ShopAction.VerifyRewardEarned: Keyword VerifyRewardEarned is Passed

2018-09-25 12:03:36 - [MESSAGE][PASSED] - Text of object '' is: 'Status: Beauty Bae ( $93.4 x Rewards Multiplier )'

2018-09-25 12:03:36 - [MESSAGE][PASSED] - Text of object '' is: 'Status: Beauty Bae ( $93.4 x Rewards Multiplier )'

2018-09-25 12:03:36 - [MESSAGE][PASSED] - Text of object '' is: 'Status: Beauty Bae ( $93.4 x Rewards Multiplier )'

2018-09-25 12:03:36 - [MESSAGE][PASSED] - Text of object '' is: 'Multiplier: $93.4 x 1.1'

2018-09-25 12:03:36 - [MESSAGE][PASSED] - Text of object '' is: 'Multiplier: $93.4 x 1.1'

2018-09-25 12:03:36 - [MESSAGE][PASSED] - Text of object '' is: '102.7 Points!'

2018-09-25 12:03:36 - [MESSAGE][PASSED] - Text of object '' is: '102.7 Points!'

2018-09-25 12:03:36 - [MESSAGE][PASSED] - Text of object '' is: 'Multiplier: $93.4 x 1.1'

2018-09-25 12:03:36 - [MESSAGE][PASSED] - Text of object '' is: 'Multiplier: $93.4 x 1.1'

2018-09-25 12:03:36 - [MESSAGE][PASSED] - Text of object '' is: 'Multiplier: $93.4 x 1.1'

2018-09-25 12:03:36 - [MESSAGE][PASSED] - Keyword VerifyRewardEarned is Passed

2018-09-25 12:03:36 - [TEST_STEP][PASSED] - beautytap.ShopAction.checkoutViaPaypal: beautytap.ShopAction.checkoutViaPaypal is PASSED

2018-09-25 12:03:36 - [MESSAGE][PASSED] - Object 'Object Repository/Page_Checkout/radio_paypal' is checked

2018-09-25 12:03:41 - [MESSAGE][PASSED] - Delayed 5 second(s)

2018-09-25 12:03:41 - [MESSAGE][PASSED] - Object 'Object Repository/Page_Checkout/chk_terms' is checked

2018-09-25 12:03:42 - [MESSAGE][PASSED] - Object: 'Object Repository/Page_Checkout/btn_placeOrder' is clicked on

2018-09-25 12:03:48 - [MESSAGE][PASSED] - Object 'Object Repository/Page_Paypal/txt_email' is present

2018-09-25 12:03:48 - [MESSAGE][PASSED] - Text of object 'Object Repository/Page_Paypal/txt_email' is cleared

2018-09-25 12:03:48 - [MESSAGE][PASSED] - Keys 'g1.posiba@gmail.com' sent to object: 'Object Repository/Page_Paypal/txt_email'

2018-09-25 12:03:48 - [MESSAGE][PASSED] - Text of object 'Object Repository/Page_Paypal/txt_password' is cleared

2018-09-25 12:03:49 - [MESSAGE][PASSED] - Keys 'Tr@ng99%' sent to object: 'Object Repository/Page_Paypal/txt_password'

2018-09-25 12:04:04 - [MESSAGE][PASSED] - Object: 'Object Repository/Page_Paypal/btn_login' is clicked on

2018-09-25 12:04:10 - [MESSAGE][PASSED] - Object 'Object Repository/Page_Paypal/btn_payNow' is present

2018-09-25 12:04:15 - [MESSAGE][PASSED] - Delayed 5 second(s)

2018-09-25 12:04:15 - [MESSAGE][PASSED] - Object: 'Object Repository/Page_Paypal/btn_payNow' is clicked on

2018-09-25 12:04:36 - [MESSAGE][PASSED] - Object 'Object Repository/Page_Checkout/lbl_orderReceived' is present

2018-09-25 12:04:36 - [MESSAGE][PASSED] - beautytap.ShopAction.checkoutViaPaypal is PASSED

2018-09-25 12:04:36 - [TEST_STEP][PASSED] - beautytap.ShopAction.VerifyOrderReceivedDetails: Keyword VerifyOrderReceivedDetails is Passed

2018-09-25 12:04:36 - [MESSAGE][PASSED] - Object '' is present

2018-09-25 12:04:36 - [MESSAGE][PASSED] - Text of object '' is: '$95.40'

2018-09-25 12:04:36 - [MESSAGE][PASSED] - Text of object '' is: '60 points used'

2018-09-25 12:04:36 - [MESSAGE][PASSED] - Text of object '' is: '60 points used'

2018-09-25 12:04:36 - [MESSAGE][PASSED] - Text of object '' is: '$2.00'

2018-09-25 12:04:36 - [MESSAGE][PASSED] - Text of object '' is: 'Free shipping for orders over $60'

2018-09-25 12:04:42 - [MESSAGE][WARNING] - com.kms.katalon.core.webui.exception.WebElementNotFoundException: Web element with id: '' located by 'By.xpath: //th[text()='Shipping:']/parent::tr/td/span' not found
[[ATTACHMENT|E:\\BeautytapAutomation\\beautytapAuto\\Beautytap\\Reports\\Regression\\20180925_114816\\1537851881805.png]]

2018-09-25 12:04:42 - [MESSAGE][PASSED] - Text of object '' is: 'PayPal'

2018-09-25 12:04:42 - [MESSAGE][PASSED] - Text of object '' is: '$93.40'

2018-09-25 12:04:42 - [MESSAGE][PASSED] - Keyword VerifyOrderReceivedDetails is Passed

2018-09-25 12:04:42 - [TEST_STEP][PASSED] - Statement - orderInfo = CustomKeywords.beautytap.ShopAction.getOrderInfoOnOrderReceived(): beautytap.ShopAction.getOrderInfoOnOrderReceived is PASSED

2018-09-25 12:04:42 - [MESSAGE][PASSED] - Text of object '' is: '136856'

2018-09-25 12:04:42 - [MESSAGE][PASSED] - Text of object '' is: 'September 24, 2018'

2018-09-25 12:04:42 - [MESSAGE][PASSED] - beautytap.ShopAction.getOrderInfoOnOrderReceived is PASSED

2018-09-25 12:04:42 - [TEST_STEP][PASSED] - Statement - orderNumber = orderInfo.get("ordernumber"): null

2018-09-25 12:04:42 - [TEST_STEP][PASSED] - beautytap.ShopAction.VerifyRewardEarned: Keyword VerifyRewardEarned is Passed

2018-09-25 12:04:42 - [MESSAGE][PASSED] - Text of object '' is: 'Status: Beauty Bae ( $93.40 x Rewards Multiplier )'

2018-09-25 12:04:42 - [MESSAGE][PASSED] - Text of object '' is: 'Status: Beauty Bae ( $93.40 x Rewards Multiplier )'

2018-09-25 12:04:42 - [MESSAGE][PASSED] - Text of object '' is: 'Status: Beauty Bae ( $93.40 x Rewards Multiplier )'

2018-09-25 12:04:42 - [MESSAGE][PASSED] - Text of object '' is: 'Multiplier: $93.40 x 1.1'

2018-09-25 12:04:42 - [MESSAGE][PASSED] - Text of object '' is: 'Multiplier: $93.40 x 1.1'

2018-09-25 12:04:42 - [MESSAGE][PASSED] - Text of object '' is: '102.7 Points!'

2018-09-25 12:04:42 - [MESSAGE][PASSED] - Text of object '' is: '102.7 Points!'

2018-09-25 12:04:42 - [MESSAGE][PASSED] - Text of object '' is: 'Multiplier: $93.40 x 1.1'

2018-09-25 12:04:42 - [MESSAGE][PASSED] - Text of object '' is: 'Multiplier: $93.40 x 1.1'

2018-09-25 12:04:42 - [MESSAGE][PASSED] - Text of object '' is: 'Multiplier: $93.40 x 1.1'

2018-09-25 12:04:42 - [MESSAGE][PASSED] - Keyword VerifyRewardEarned is Passed

2018-09-25 12:04:42 - [TEST_STEP][PASSED] - beautytap.GeneralAction.selectProfileMenu: beautytap.GeneralAction.selectProfileMenu is PASSED

2018-09-25 12:04:42 - [MESSAGE][PASSED] - Object: 'Object Repository/Page_General/link_avatar' is clicked on

2018-09-25 12:04:44 - [MESSAGE][PASSED] - Delayed 2 second(s)

2018-09-25 12:04:48 - [MESSAGE][PASSED] - Object: '' is clicked on

2018-09-25 12:04:48 - [MESSAGE][PASSED] - Wait for page load successfully

2018-09-25 12:04:48 - [MESSAGE][PASSED] - beautytap.GeneralAction.selectProfileMenu is PASSED

2018-09-25 12:04:48 - [TEST_STEP][PASSED] - Statement - newPending = java.lang.Float.parseFloat(java.lang.String.format("%.2f", pending + rewardEarned)): null

2018-09-25 12:04:48 - [TEST_STEP][PASSED] - Statement - newRedeemable = java.lang.Float.parseFloat(java.lang.String.format("%.2f", redeemable - pointUsed)): null

2018-09-25 12:04:48 - [TEST_STEP][PASSED] - Statement - newPointValue = CustomKeywords.beautytap.ShopAction.calculateLoyaltyPointValue(newRedeemable): beautytap.ShopAction.calculateLoyaltyPointValue is PASSED

2018-09-25 12:04:48 - [MESSAGE][PASSED] - beautytap.ShopAction.calculateLoyaltyPointValue is PASSED

2018-09-25 12:04:48 - [TEST_STEP][PASSED] - beautytap.ShopAction.VerifyRewardPointsDetails: Keyword VerifyRewardPoints is Passed

2018-09-25 12:04:48 - [MESSAGE][PASSED] - Text of object '' is: '5917.79'

2018-09-25 12:04:48 - [MESSAGE][PASSED] - Text of object '' is: '3160.18'

2018-09-25 12:04:48 - [MESSAGE][PASSED] - Text of object '' is: '3547.79'

2018-09-25 12:04:48 - [MESSAGE][PASSED] - Text of object '' is: '$185.00'

2018-09-25 12:04:48 - [MESSAGE][PASSED] - Keyword VerifyRewardPoints is Passed

2018-09-25 12:04:48 - [TEST_STEP][PASSED] - beautytap.ShopAction.VerifyRewardHistory: Keyword VerifyRewardHistory is Passed

2018-09-25 12:04:48 - [MESSAGE][PASSED] - Object '' is present

2018-09-25 12:04:48 - [MESSAGE][PASSED] - Text of object '' is: '60'

2018-09-25 12:04:48 - [MESSAGE][PASSED] - Text of object '' is: '60'

2018-09-25 12:04:48 - [MESSAGE][PASSED] - Text of object '' is: '$93.40'

2018-09-25 12:04:48 - [MESSAGE][PASSED] - Text of object '' is: '1.1'

2018-09-25 12:04:48 - [MESSAGE][PASSED] - Text of object '' is: '-60.00'

2018-09-25 12:04:48 - [MESSAGE][PASSED] - Text of object '' is: '3547.79'

2018-09-25 12:04:48 - [MESSAGE][PASSED] - Keyword VerifyRewardHistory is Passed

2018-09-25 12:04:48 - [TEST_STEP][PASSED] - beautytap.ShopAction.VerifyRewardHistory: Keyword VerifyRewardHistory is Passed

2018-09-25 12:04:49 - [MESSAGE][PASSED] - Object '' is present

2018-09-25 12:04:49 - [MESSAGE][PASSED] - Text of object '' is: '60'

2018-09-25 12:04:49 - [MESSAGE][PASSED] - Text of object '' is: '60'

2018-09-25 12:04:49 - [MESSAGE][PASSED] - Text of object '' is: '$93.40'

2018-09-25 12:04:49 - [MESSAGE][PASSED] - Text of object '' is: '1.1'

2018-09-25 12:04:49 - [MESSAGE][PASSED] - Text of object '' is: '0.00'

2018-09-25 12:04:49 - [MESSAGE][PASSED] - Text of object '' is: '3547.79'

2018-09-25 12:04:49 - [MESSAGE][PASSED] - Keyword VerifyRewardHistory is Passed

2018-09-25 12:04:49 - [TEST_STEP][PASSED] - beautytap.GeneralAction.logout: beautytap.GeneralAction.logout is PASSED

2018-09-25 12:04:49 - [MESSAGE][PASSED] - Object: 'Object Repository/Page_General/link_avatar' is clicked on

2018-09-25 12:04:49 - [MESSAGE][PASSED] - Object 'Object Repository/Page_General/menu_logout' is present

2018-09-25 12:04:49 - [MESSAGE][PASSED] - Object: 'Object Repository/Page_General/menu_logout' is clicked on

2018-09-25 12:04:49 - [MESSAGE][PASSED] - Wait for page load successfully

2018-09-25 12:04:49 - [MESSAGE][PASSED] - beautytap.GeneralAction.logout is PASSED

2018-09-25 12:04:50 - [TEST_STEP][PASSED] - beautytap.GeneralAction.clickNavigationMenu: beautytap.GeneralAction.clickNavigationMenu is PASSED

2018-09-25 12:05:00 - [MESSAGE][PASSED] - Object: 'Object Repository/Page_General/link_login' is clicked on

2018-09-25 12:05:00 - [MESSAGE][PASSED] - Wait for page load successfully

2018-09-25 12:05:00 - [MESSAGE][PASSED] - beautytap.GeneralAction.clickNavigationMenu is PASSED

2018-09-25 12:05:00 - [TEST_STEP][PASSED] - beautytap.GeneralAction.login: beautytap.GeneralAction.login is PASSED

2018-09-25 12:05:00 - [MESSAGE][PASSED] - Text of object 'Object Repository/Page_login/txt_username' is cleared

2018-09-25 12:05:00 - [MESSAGE][PASSED] - Keys 'mrwhite' sent to object: 'Object Repository/Page_login/txt_username'

2018-09-25 12:05:00 - [MESSAGE][PASSED] - Text of object 'Object Repository/Page_login/txt_password' is cleared

2018-09-25 12:05:00 - [MESSAGE][PASSED] - Keys 'kgySM$Im' sent to object: 'Object Repository/Page_login/txt_password'

2018-09-25 12:05:00 - [MESSAGE][PASSED] - Object: 'Object Repository/Page_login/btn_login' is clicked on

2018-09-25 12:05:00 - [MESSAGE][PASSED] - Wait for page load successfully

2018-09-25 12:05:00 - [MESSAGE][PASSED] - beautytap.GeneralAction.login is PASSED

2018-09-25 12:05:00 - [TEST_STEP][PASSED] - navigateToUrl: Navigate to 'https://stage.beautytap.com/admin' successfully

2018-09-25 12:05:08 - [MESSAGE][PASSED] - Navigate to 'https://stage.beautytap.com/admin' successfully

2018-09-25 12:05:08 - [TEST_STEP][PASSED] - beautytap.AdminAction.changeOrderStatus: beautytap.AdminAction.changeOrderStatus is PASSED

2018-09-25 12:05:17 - [MESSAGE][PASSED] - Object: '' is clicked on

2018-09-25 12:05:17 - [MESSAGE][PASSED] - Wait for page load successfully

2018-09-25 12:05:22 - [MESSAGE][PASSED] - Object: '' is clicked on

2018-09-25 12:05:22 - [MESSAGE][PASSED] - Wait for page load successfully

2018-09-25 12:05:22 - [MESSAGE][PASSED] - Text of object 'Object Repository/Page_Admin/txt_searchOrder' is cleared

2018-09-25 12:05:23 - [MESSAGE][PASSED] - Keys '136856' sent to object: 'Object Repository/Page_Admin/txt_searchOrder'

2018-09-25 12:05:27 - [MESSAGE][PASSED] - Object: 'Object Repository/Page_Admin/btn_searchOrder' is clicked on

2018-09-25 12:05:27 - [MESSAGE][PASSED] - Wait for page load successfully

2018-09-25 12:05:38 - [MESSAGE][PASSED] - Object: '' is clicked on

2018-09-25 12:05:38 - [MESSAGE][PASSED] - Wait for page load successfully

2018-09-25 12:05:38 - [MESSAGE][PASSED] - All options with label 'Completed' are selected in object 'Object Repository/Page_Admin/drop_orderStatus' 

2018-09-25 12:05:38 - [MESSAGE][PASSED] - Object: 'Object Repository/Page_Admin/btn_saveOrder' is clicked on

2018-09-25 12:05:50 - [MESSAGE][PASSED] - Object 'Object Repository/Page_Admin/lbl_orderUpdatedMessage' is present

2018-09-25 12:05:50 - [MESSAGE][PASSED] - beautytap.AdminAction.changeOrderStatus is PASSED

2018-09-25 12:05:50 - [TEST_STEP][PASSED] - closeBrowser: Browser is closed

2018-09-25 12:05:51 - [MESSAGE][PASSED] - Browser is closed

2018-09-25 12:05:51 - [TEST_STEP][PASSED] - beautytap.GeneralAction.openBeautytap: beautytap.GeneralAction.openBeautytap is PASSED

2018-09-25 12:06:15 - [MESSAGE][PASSED] - Browser is opened with url: 'https://stage.beautytap.com'

2018-09-25 12:06:17 - [MESSAGE][PASSED] - Current window maximized

2018-09-25 12:06:21 - [MESSAGE][PASSED] - Refresh successfully

2018-09-25 12:06:21 - [MESSAGE][PASSED] - Wait for page load successfully

2018-09-25 12:06:21 - [MESSAGE][PASSED] - beautytap.GeneralAction.openBeautytap is PASSED

2018-09-25 12:06:21 - [TEST_STEP][PASSED] - beautytap.GeneralAction.clickNavigationMenu: beautytap.GeneralAction.clickNavigationMenu is PASSED

2018-09-25 12:06:24 - [MESSAGE][PASSED] - Object: 'Object Repository/Page_General/link_login' is clicked on

2018-09-25 12:06:24 - [MESSAGE][PASSED] - Wait for page load successfully

2018-09-25 12:06:24 - [MESSAGE][PASSED] - beautytap.GeneralAction.clickNavigationMenu is PASSED

2018-09-25 12:06:24 - [TEST_STEP][PASSED] - beautytap.GeneralAction.login: beautytap.GeneralAction.login is PASSED

2018-09-25 12:06:24 - [MESSAGE][PASSED] - Text of object 'Object Repository/Page_login/txt_username' is cleared

2018-09-25 12:06:24 - [MESSAGE][PASSED] - Keys 'trang2408@mailinator.com' sent to object: 'Object Repository/Page_login/txt_username'

2018-09-25 12:06:24 - [MESSAGE][PASSED] - Text of object 'Object Repository/Page_login/txt_password' is cleared

2018-09-25 12:06:24 - [MESSAGE][PASSED] - Keys '123456' sent to object: 'Object Repository/Page_login/txt_password'

2018-09-25 12:06:24 - [MESSAGE][PASSED] - Object: 'Object Repository/Page_login/btn_login' is clicked on

2018-09-25 12:06:24 - [MESSAGE][PASSED] - Wait for page load successfully

2018-09-25 12:06:24 - [MESSAGE][PASSED] - beautytap.GeneralAction.login is PASSED

2018-09-25 12:06:24 - [TEST_STEP][PASSED] - beautytap.GeneralAction.selectProfileMenu: beautytap.GeneralAction.selectProfileMenu is PASSED

2018-09-25 12:06:33 - [MESSAGE][PASSED] - Object: 'Object Repository/Page_General/link_avatar' is clicked on

2018-09-25 12:06:35 - [MESSAGE][PASSED] - Delayed 2 second(s)

2018-09-25 12:06:39 - [MESSAGE][PASSED] - Object: '' is clicked on

2018-09-25 12:06:39 - [MESSAGE][PASSED] - Wait for page load successfully

2018-09-25 12:06:39 - [MESSAGE][PASSED] - beautytap.GeneralAction.selectProfileMenu is PASSED

2018-09-25 12:06:39 - [TEST_STEP][PASSED] - Statement - newLifetime = java.lang.Float.parseFloat(java.lang.String.format("%.2f", lifetime + rewardEarned)): null

2018-09-25 12:06:39 - [TEST_STEP][PASSED] - Statement - newRedeemable = java.lang.Float.parseFloat(java.lang.String.format("%.2f", newRedeemable + rewardEarned)): null

2018-09-25 12:06:39 - [TEST_STEP][PASSED] - Statement - newPointValue = CustomKeywords.beautytap.ShopAction.calculateLoyaltyPointValue(newRedeemable): beautytap.ShopAction.calculateLoyaltyPointValue is PASSED

2018-09-25 12:06:39 - [MESSAGE][PASSED] - beautytap.ShopAction.calculateLoyaltyPointValue is PASSED

2018-09-25 12:06:39 - [TEST_STEP][PASSED] - beautytap.ShopAction.VerifyRewardPointsDetails: Keyword VerifyRewardPoints is Passed

2018-09-25 12:06:39 - [MESSAGE][PASSED] - Text of object '' is: '6020.53'

2018-09-25 12:06:39 - [MESSAGE][PASSED] - Text of object '' is: '3057.44'

2018-09-25 12:06:39 - [MESSAGE][PASSED] - Text of object '' is: '3650.53'

2018-09-25 12:06:39 - [MESSAGE][PASSED] - Text of object '' is: '$190.00'

2018-09-25 12:06:39 - [MESSAGE][PASSED] - Keyword VerifyRewardPoints is Passed

2018-09-25 12:06:39 - [TEST_STEP][PASSED] - beautytap.ShopAction.VerifyRewardHistory: Keyword VerifyRewardHistory is Passed

2018-09-25 12:06:39 - [MESSAGE][PASSED] - Object '' is present

2018-09-25 12:06:39 - [MESSAGE][PASSED] - Text of object '' is: '60'

2018-09-25 12:06:39 - [MESSAGE][PASSED] - Text of object '' is: '60'

2018-09-25 12:06:39 - [MESSAGE][PASSED] - Text of object '' is: '$93.40'

2018-09-25 12:06:39 - [MESSAGE][PASSED] - Text of object '' is: '1.1'

2018-09-25 12:06:39 - [MESSAGE][PASSED] - Text of object '' is: '102.74'

2018-09-25 12:06:39 - [MESSAGE][PASSED] - Text of object '' is: '3650.53'

2018-09-25 12:06:39 - [MESSAGE][PASSED] - Keyword VerifyRewardHistory is Passed

2018-09-25 12:06:39 - [TEST_STEP][PASSED] - beautytap.GeneralAction.logout: beautytap.GeneralAction.logout is PASSED

2018-09-25 12:06:39 - [MESSAGE][PASSED] - Object: 'Object Repository/Page_General/link_avatar' is clicked on

2018-09-25 12:06:40 - [MESSAGE][PASSED] - Object 'Object Repository/Page_General/menu_logout' is present

2018-09-25 12:06:40 - [MESSAGE][PASSED] - Object: 'Object Repository/Page_General/menu_logout' is clicked on

2018-09-25 12:06:40 - [MESSAGE][PASSED] - Wait for page load successfully

2018-09-25 12:06:41 - [MESSAGE][PASSED] - Browser is closed

2018-09-25 12:06:41 - [MESSAGE][PASSED] - beautytap.GeneralAction.logout is PASSED]]></system-out>
         <system-err><![CDATA[]]></system-err>
      </testcase>
      <testcase name="Test Cases/Shop/TC03_Search_SimpleProduct_Sale_Creditcard_LessThan60_Normal" classname="Test Cases/Shop/TC03_Search_SimpleProduct_Sale_Creditcard_LessThan60_Normal" status="PASSED">
         <system-out><![CDATA[2018-09-25 12:06:43 - [TEST_CASE][PASSED] - Test Cases/Shop/TC03_Search_SimpleProduct_Sale_Creditcard_LessThan60_Normal: Test Cases/Shop/TC03_Search_SimpleProduct_Sale_Creditcard_LessThan60_Normal

2018-09-25 12:06:43 - [TEST_STEP][PASSED] - Statement - productName = SIMPLE_SALE_PRODUCT: null

2018-09-25 12:06:43 - [TEST_STEP][PASSED] - Statement - searchName = productName.substring(0, productName.indexOf("/")): null

2018-09-25 12:06:43 - [TEST_STEP][PASSED] - Statement - saleprice = SIMPLE_SALE_PRICE: null

2018-09-25 12:06:43 - [TEST_STEP][PASSED] - Statement - regularprice = SIMPLE_SALE_REGULAR_PRICE: null

2018-09-25 12:06:43 - [TEST_STEP][PASSED] - Statement - r_string = new java.lang.Math().random().toString().substring(2, 8): null

2018-09-25 12:06:43 - [TEST_STEP][PASSED] - Statement - email = "auto" + r_string + "@mailinator.com": null

2018-09-25 12:06:43 - [TEST_STEP][PASSED] - Statement - orderNote = "auto" + r_string + "Order": null

2018-09-25 12:06:43 - [TEST_STEP][PASSED] - Statement - currentNumberItemInCart = <not implemented yet for class: org.codehaus.groovy.ast.expr.EmptyExpression>: null

2018-09-25 12:06:43 - [TEST_STEP][PASSED] - Statement - quantity = 1: null

2018-09-25 12:06:43 - [TEST_STEP][PASSED] - Statement - subtotal = CustomKeywords.beautytap.ShopAction.calculateTotal(quantity, saleprice): beautytap.ShopAction.calculateTotal is PASSED

2018-09-25 12:06:43 - [MESSAGE][PASSED] - beautytap.ShopAction.calculateTotal is PASSED

2018-09-25 12:06:43 - [TEST_STEP][PASSED] - Statement - total = subtotal + SHIPPING_PRICE: null

2018-09-25 12:06:43 - [TEST_STEP][PASSED] - Statement - total = CustomKeywords.beautytap.ShopAction.calculateTotal(1, total): beautytap.ShopAction.calculateTotal is PASSED

2018-09-25 12:06:43 - [MESSAGE][PASSED] - beautytap.ShopAction.calculateTotal is PASSED

2018-09-25 12:06:43 - [TEST_STEP][PASSED] - Statement - products = new org.json.JSONArray((((((([{"productname":" + productName) + ","variation":"","quantity":") + quantity) + ","price":") + saleprice) + "}])): null

2018-09-25 12:06:43 - [TEST_STEP][PASSED] - Statement - billingInformation = new org.json.JSONObject((({"firstname":"Test","lastname":"Automation","country":"United States (US)","address":"123 Testing","city":"New York","state":"New York","zip":"90012","email":" + email) + "})): null

2018-09-25 12:06:43 - [TEST_STEP][PASSED] - Statement - shippingLabel = SHIPPING_LABEL: null

2018-09-25 12:06:43 - [TEST_STEP][PASSED] - Statement - shippingPrice = SHIPPING_PRICE: null

2018-09-25 12:06:43 - [TEST_STEP][PASSED] - Statement - shippingType = "normal": null

2018-09-25 12:06:43 - [TEST_STEP][PASSED] - Statement - paymentMethod = "Credit Card Payment": null

2018-09-25 12:06:43 - [TEST_STEP][PASSED] - beautytap.GeneralAction.openBeautytap: beautytap.GeneralAction.openBeautytap is PASSED

2018-09-25 12:07:07 - [MESSAGE][PASSED] - Browser is opened with url: 'https://stage.beautytap.com'

2018-09-25 12:07:08 - [MESSAGE][PASSED] - Current window maximized

2018-09-25 12:07:13 - [MESSAGE][PASSED] - Refresh successfully

2018-09-25 12:07:14 - [MESSAGE][PASSED] - Wait for page load successfully

2018-09-25 12:07:14 - [MESSAGE][PASSED] - beautytap.GeneralAction.openBeautytap is PASSED

2018-09-25 12:07:14 - [TEST_STEP][PASSED] - beautytap.ShopAction.globalSearch: beautytap.ShopAction.globalSearch is PASSED

2018-09-25 12:07:14 - [MESSAGE][PASSED] - Object: 'Object Repository/Page_General/icon_search' is clicked on

2018-09-25 12:07:19 - [MESSAGE][PASSED] - Delayed 5 second(s)

2018-09-25 12:07:19 - [MESSAGE][PASSED] - Text of object 'Object Repository/Page_General/txt_search' is cleared

2018-09-25 12:07:19 - [MESSAGE][PASSED] - Keys 'CONTROL + v' sent to object: 'Object Repository/Page_General/txt_search'

2018-09-25 12:07:21 - [MESSAGE][PASSED] - Object 'Object Repository/Page_General/div_searchResult' is present

2018-09-25 12:07:21 - [MESSAGE][PASSED] - beautytap.ShopAction.globalSearch is PASSED

2018-09-25 12:07:21 - [TEST_STEP][PASSED] - beautytap.ShopAction.VerifyProductOnSearchResult: Keyword VerifyProductOnSearchResult is Passed

2018-09-25 12:07:21 - [MESSAGE][PASSED] - Object '' is present

2018-09-25 12:07:21 - [MESSAGE][PASSED] - Text of object '' is: '$12.50'

2018-09-25 12:07:21 - [MESSAGE][PASSED] - Get CSS 'color' value on '' successfully: 'rgba(195, 195, 195, 1)'.

2018-09-25 12:07:21 - [MESSAGE][PASSED] - Get CSS 'color' value on '' successfully: 'rgba(195, 195, 195, 1)'.

2018-09-25 12:07:21 - [MESSAGE][PASSED] - Text of object '' is: '$11.99'

2018-09-25 12:07:21 - [MESSAGE][PASSED] - Get CSS 'color' value on '' successfully: 'rgba(255, 35, 134, 1)'.

2018-09-25 12:07:21 - [MESSAGE][PASSED] - Get CSS 'color' value on '' successfully: 'rgba(255, 35, 134, 1)'.

2018-09-25 12:07:21 - [MESSAGE][PASSED] - Keyword VerifyProductOnSearchResult is Passed

2018-09-25 12:07:21 - [TEST_STEP][PASSED] - beautytap.ShopAction.selectProductOnSearchResult: beautytap.ShopAction.selectProductOnSearchResult is PASSED

2018-09-25 12:07:27 - [MESSAGE][PASSED] - Object: '' is clicked on

2018-09-25 12:07:27 - [MESSAGE][PASSED] - Wait for page load successfully

2018-09-25 12:07:27 - [MESSAGE][PASSED] - beautytap.ShopAction.selectProductOnSearchResult is PASSED

2018-09-25 12:07:27 - [TEST_STEP][PASSED] - beautytap.ShopAction.VerifyProductDetails: Keyword VerifyProductDetails is Passed

2018-09-25 12:07:27 - [MESSAGE][PASSED] - Text of object '' is: 'Innisfree Perfect UV Protection Cream SPF50+/PA+++ (Long-Lasting For Oily Skin) 50ml'

2018-09-25 12:07:27 - [MESSAGE][PASSED] - Text of object '' is: '$12.50'

2018-09-25 12:07:27 - [MESSAGE][PASSED] - Get CSS 'color' value on '' successfully: 'rgba(195, 195, 195, 1)'.

2018-09-25 12:07:27 - [MESSAGE][PASSED] - Text of object '' is: '$11.99'

2018-09-25 12:07:27 - [MESSAGE][PASSED] - Get CSS 'color' value on '' successfully: 'rgba(255, 35, 134, 1)'.

2018-09-25 12:07:27 - [MESSAGE][PASSED] - Keyword VerifyProductDetails is Passed

2018-09-25 12:07:27 - [TEST_STEP][PASSED] - Statement - currentNumberItemInCart = CustomKeywords.beautytap.ShopAction.getNumberItemInCart(): beautytap.ShopAction.getNumberItemInCart is PASSED

2018-09-25 12:07:33 - [MESSAGE][WARNING] - com.kms.katalon.core.webui.exception.WebElementNotFoundException: Web element with id: '' located by 'By.xpath: //div[@class='header-right-top pull-right']/a[@class='shop-cart']/span[@class='number-cart']' not found
[[ATTACHMENT|E:\\BeautytapAutomation\\beautytapAuto\\Beautytap\\Reports\\Regression\\20180925_114816\\1537852052807.png]]

2018-09-25 12:07:33 - [MESSAGE][PASSED] - beautytap.ShopAction.getNumberItemInCart is PASSED

2018-09-25 12:07:33 - [TEST_STEP][PASSED] - beautytap.ShopAction.addProductToCart: beautytap.ShopAction.addProductToCart is PASSED

2018-09-25 12:07:33 - [MESSAGE][PASSED] - Text of object 'Object Repository/Page_Shop/txt_quantity' is cleared

2018-09-25 12:07:33 - [MESSAGE][PASSED] - Keys '1' sent to object: 'Object Repository/Page_Shop/txt_quantity'

2018-09-25 12:07:33 - [MESSAGE][PASSED] - Object: 'Object Repository/Page_Shop/btn_addToCart' is clicked on

2018-09-25 12:07:33 - [MESSAGE][PASSED] - Wait for page load successfully

2018-09-25 12:07:38 - [MESSAGE][PASSED] - Object 'Object Repository/Page_Shop/lbl_message' is present

2018-09-25 12:07:38 - [MESSAGE][PASSED] - beautytap.ShopAction.addProductToCart is PASSED

2018-09-25 12:07:38 - [TEST_STEP][PASSED] - beautytap.ShopAction.VerifyNumberItemInCart: Keyword VerifyNumberItemInCart is Passed, Number item in cart is 1, expected is 1

2018-09-25 12:07:38 - [MESSAGE][PASSED] - Object '' is present

2018-09-25 12:07:38 - [MESSAGE][PASSED] - Text of object '' is: '1'

2018-09-25 12:07:38 - [MESSAGE][PASSED] - Keyword VerifyNumberItemInCart is Passed, Number item in cart is 1, expected is 1

2018-09-25 12:07:38 - [TEST_STEP][PASSED] - beautytap.ShopAction.VerifyProductIsAddedToCart: beautytap.ShopAction.VerifyProductIsAddedToCart is PASSED

2018-09-25 12:08:09 - [MESSAGE][WARNING] - com.kms.katalon.core.webui.exception.WebElementNotFoundException: Web element with id: '' located by 'By.xpath: //div[@class='woocommerce-message' and contains(text(),'Innisfree Perfect UV Protection Cream SPF50+/PA+++ (Long-Lasting For Oily Skin) 50ml” have been added to your cart.')]' not found
[[ATTACHMENT|E:\\BeautytapAutomation\\beautytapAuto\\Beautytap\\Reports\\Regression\\20180925_114816\\1537852089656.png]]

2018-09-25 12:08:09 - [MESSAGE][PASSED] - beautytap.ShopAction.VerifyProductIsAddedToCart is PASSED

2018-09-25 12:08:09 - [TEST_STEP][PASSED] - beautytap.ShopAction.goToCart: beautytap.ShopAction.goToCart is PASSED

2018-09-25 12:08:09 - [MESSAGE][PASSED] - Object 'Object Repository/Page_General/icon_cart' is present

2018-09-25 12:08:14 - [MESSAGE][PASSED] - Object: 'Object Repository/Page_General/icon_cart' is clicked on

2018-09-25 12:08:14 - [MESSAGE][PASSED] - Wait for page load successfully

2018-09-25 12:08:14 - [MESSAGE][PASSED] - beautytap.ShopAction.goToCart is PASSED

2018-09-25 12:08:14 - [TEST_STEP][PASSED] - beautytap.ShopAction.VerifyProductInCart: Keyword VerifyProductInCart is Passed

2018-09-25 12:08:14 - [MESSAGE][PASSED] - Object '' is present

2018-09-25 12:08:14 - [MESSAGE][PASSED] - Text of object '' is: '$11.99'

2018-09-25 12:08:14 - [MESSAGE][PASSED] - Attribute 'value' of object '' is: '1'

2018-09-25 12:08:15 - [MESSAGE][PASSED] - Text of object '' is: '$11.99'

2018-09-25 12:08:15 - [MESSAGE][PASSED] - Keyword VerifyProductInCart is Passed

2018-09-25 12:08:15 - [TEST_STEP][PASSED] - beautytap.ShopAction.processToCheckout: beautytap.ShopAction.processToCheckout is PASSED

2018-09-25 12:08:19 - [MESSAGE][PASSED] - Object: 'Object Repository/Page_Cart/btn_checkout' is clicked on

2018-09-25 12:08:19 - [MESSAGE][PASSED] - Wait for page load successfully

2018-09-25 12:08:19 - [MESSAGE][PASSED] - beautytap.ShopAction.processToCheckout is PASSED

2018-09-25 12:08:19 - [TEST_STEP][PASSED] - beautytap.ShopAction.fillCustomerInformation: beautytap.ShopAction.fillCustomerInformation is PASSED

2018-09-25 12:08:19 - [MESSAGE][PASSED] - Text of object 'Object Repository/Page_Checkout/txt_billingFirstName' is cleared

2018-09-25 12:08:19 - [MESSAGE][PASSED] - Keys 'Test' sent to object: 'Object Repository/Page_Checkout/txt_billingFirstName'

2018-09-25 12:08:19 - [MESSAGE][PASSED] - Text of object 'Object Repository/Page_Checkout/txt_billingLastName' is cleared

2018-09-25 12:08:19 - [MESSAGE][PASSED] - Keys 'Automation' sent to object: 'Object Repository/Page_Checkout/txt_billingLastName'

2018-09-25 12:08:20 - [MESSAGE][PASSED] - All options with label 'United States (US)' are selected in object 'Object Repository/Page_Checkout/drop_billingCountry' 

2018-09-25 12:08:25 - [MESSAGE][PASSED] - Delayed 5 second(s)

2018-09-25 12:08:25 - [MESSAGE][PASSED] - Text of object 'Object Repository/Page_Checkout/txt_billingAddress' is cleared

2018-09-25 12:08:25 - [MESSAGE][PASSED] - Keys '123 Testing' sent to object: 'Object Repository/Page_Checkout/txt_billingAddress'

2018-09-25 12:08:25 - [MESSAGE][PASSED] - Text of object 'Object Repository/Page_Checkout/txt_billingCity' is cleared

2018-09-25 12:08:25 - [MESSAGE][PASSED] - Keys 'New York' sent to object: 'Object Repository/Page_Checkout/txt_billingCity'

2018-09-25 12:08:25 - [MESSAGE][PASSED] - All options with label 'New York' are selected in object 'Object Repository/Page_Checkout/drop_billingState' 

2018-09-25 12:08:26 - [MESSAGE][PASSED] - Text of object 'Object Repository/Page_Checkout/txt_billingZip' is cleared

2018-09-25 12:08:26 - [MESSAGE][PASSED] - Keys '90012' sent to object: 'Object Repository/Page_Checkout/txt_billingZip'

2018-09-25 12:08:26 - [MESSAGE][PASSED] - Text of object 'Object Repository/Page_Checkout/txt_billingEmail' is cleared

2018-09-25 12:08:26 - [MESSAGE][PASSED] - Keys 'auto157290@mailinator.com' sent to object: 'Object Repository/Page_Checkout/txt_billingEmail'

2018-09-25 12:08:27 - [MESSAGE][PASSED] - Object 'Object Repository/Page_Checkout/chk_shipToDifferentAddress' is un-checked

2018-09-25 12:08:27 - [MESSAGE][PASSED] - Text of object 'Object Repository/Page_Checkout/txt_orderNote' is cleared

2018-09-25 12:08:27 - [MESSAGE][PASSED] - Keys 'auto157290Order' sent to object: 'Object Repository/Page_Checkout/txt_orderNote'

2018-09-25 12:08:27 - [MESSAGE][PASSED] - Object 'Object Repository/Page_Checkout/radio_creditCard' is checked

2018-09-25 12:08:32 - [MESSAGE][PASSED] - Delayed 5 second(s)

2018-09-25 12:08:32 - [MESSAGE][PASSED] - beautytap.ShopAction.fillCustomerInformation is PASSED

2018-09-25 12:08:32 - [TEST_STEP][PASSED] - beautytap.ShopAction.VerifyOrderDetailsOnCheckout: Keyword VerifyOrderDetailsOnCheckout is Passed

2018-09-25 12:08:32 - [MESSAGE][PASSED] - Object '' is present

2018-09-25 12:08:32 - [MESSAGE][PASSED] - Text of object '' is: '$11.99'

2018-09-25 12:08:32 - [MESSAGE][PASSED] - Object '' has attribute 'checked'

2018-09-25 12:08:32 - [MESSAGE][PASSED] - Text of object '' is: '($12.50) Pantos (est. 14-25 working days including processing): $12.50'

2018-09-25 12:08:32 - [MESSAGE][PASSED] - Text of object '' is: '$12.50'

2018-09-25 12:08:32 - [MESSAGE][PASSED] - Text of object '' is: '$24.49'

2018-09-25 12:08:32 - [MESSAGE][PASSED] - Keyword VerifyOrderDetailsOnCheckout is Passed

2018-09-25 12:08:32 - [TEST_STEP][PASSED] - beautytap.ShopAction.checkoutViaCreditCard: beautytap.ShopAction.checkoutViaCreditCard is PASSED

2018-09-25 12:08:32 - [MESSAGE][PASSED] - Object 'Object Repository/Page_Checkout/radio_creditCard' is checked

2018-09-25 12:08:42 - [MESSAGE][PASSED] - Delayed 10 second(s)

2018-09-25 12:08:42 - [MESSAGE][PASSED] - Text of object 'Object Repository/Page_Checkout/txt_cardNumber' is cleared

2018-09-25 12:08:43 - [MESSAGE][PASSED] - Keys '4032036248443549' sent to object: 'Object Repository/Page_Checkout/txt_cardNumber'

2018-09-25 12:08:43 - [MESSAGE][PASSED] - All options with label 'Visa' are selected in object 'Object Repository/Page_Checkout/drop_cardType' 

2018-09-25 12:08:43 - [MESSAGE][PASSED] - All options with label '07' are selected in object 'Object Repository/Page_Checkout/drop_expirationMonth' 

2018-09-25 12:08:43 - [MESSAGE][PASSED] - All options with label '2023' are selected in object 'Object Repository/Page_Checkout/drop_expirationYear' 

2018-09-25 12:08:43 - [MESSAGE][PASSED] - Text of object 'Object Repository/Page_Checkout/txt_cardCVV' is cleared

2018-09-25 12:08:43 - [MESSAGE][PASSED] - Keys '123' sent to object: 'Object Repository/Page_Checkout/txt_cardCVV'

2018-09-25 12:08:44 - [MESSAGE][PASSED] - Object 'Object Repository/Page_Checkout/chk_terms' is checked

2018-09-25 12:08:44 - [MESSAGE][PASSED] - Object: 'Object Repository/Page_Checkout/btn_placeOrder' is clicked on

2018-09-25 12:08:58 - [MESSAGE][PASSED] - Object 'Object Repository/Page_Checkout/lbl_orderReceived' is present

2018-09-25 12:08:58 - [MESSAGE][PASSED] - beautytap.ShopAction.checkoutViaCreditCard is PASSED

2018-09-25 12:08:58 - [TEST_STEP][PASSED] - beautytap.ShopAction.VerifyOrderReceivedDetails: Keyword VerifyOrderReceivedDetails is Passed

2018-09-25 12:08:58 - [MESSAGE][PASSED] - Object '' is present

2018-09-25 12:08:58 - [MESSAGE][PASSED] - Text of object '' is: '$11.99'

2018-09-25 12:08:58 - [MESSAGE][PASSED] - Text of object '' is: '$12.50 via ($12.50) Pantos (est. 14-25 working days including processing)'

2018-09-25 12:08:58 - [MESSAGE][PASSED] - Object '' is present

2018-09-25 12:08:58 - [MESSAGE][PASSED] - Text of object '' is: '$12.50'

2018-09-25 12:08:58 - [MESSAGE][PASSED] - Text of object '' is: 'Credit Card Payment'

2018-09-25 12:08:58 - [MESSAGE][PASSED] - Text of object '' is: '$24.49'

2018-09-25 12:08:58 - [MESSAGE][PASSED] - Keyword VerifyOrderReceivedDetails is Passed

2018-09-25 12:08:58 - [TEST_STEP][PASSED] - closeBrowser: Browser is closed

2018-09-25 12:08:59 - [MESSAGE][PASSED] - Browser is closed]]></system-out>
         <system-err><![CDATA[]]></system-err>
      </testcase>
      <testcase name="Test Cases/Shop/TC04_Search_VariationProduct_NotSale_AmazonPay_GreaterThan200" classname="Test Cases/Shop/TC04_Search_VariationProduct_NotSale_AmazonPay_GreaterThan200" status="PASSED">
         <system-out><![CDATA[2018-09-25 12:09:02 - [TEST_CASE][PASSED] - Test Cases/Shop/TC04_Search_VariationProduct_NotSale_AmazonPay_GreaterThan200: Test Cases/Shop/TC04_Search_VariationProduct_NotSale_AmazonPay_GreaterThan200

2018-09-25 12:09:02 - [TEST_STEP][PASSED] - Statement - productName = VARIATION_PRODUCT: null

2018-09-25 12:09:02 - [TEST_STEP][PASSED] - Statement - price = VARIATION_PRICE1: null

2018-09-25 12:09:02 - [TEST_STEP][PASSED] - Statement - variation = VARIATION_NAME1: null

2018-09-25 12:09:02 - [TEST_STEP][PASSED] - Statement - r_string = new java.lang.Math().random().toString().substring(2, 8): null

2018-09-25 12:09:02 - [TEST_STEP][PASSED] - Statement - email = "auto" + r_string + "@mailinator.com": null

2018-09-25 12:09:02 - [TEST_STEP][PASSED] - Statement - orderNote = "auto" + r_string + "Order": null

2018-09-25 12:09:02 - [TEST_STEP][PASSED] - Statement - currentNumberItemInCart = <not implemented yet for class: org.codehaus.groovy.ast.expr.EmptyExpression>: null

2018-09-25 12:09:02 - [TEST_STEP][PASSED] - Statement - quantity = 8: null

2018-09-25 12:09:02 - [TEST_STEP][PASSED] - Statement - subtotal = CustomKeywords.beautytap.ShopAction.calculateTotal(quantity, price): beautytap.ShopAction.calculateTotal is PASSED

2018-09-25 12:09:02 - [MESSAGE][PASSED] - beautytap.ShopAction.calculateTotal is PASSED

2018-09-25 12:09:02 - [TEST_STEP][PASSED] - Statement - total = subtotal: null

2018-09-25 12:09:02 - [TEST_STEP][PASSED] - Statement - total = CustomKeywords.beautytap.ShopAction.calculateTotal(1, total): beautytap.ShopAction.calculateTotal is PASSED

2018-09-25 12:09:02 - [MESSAGE][PASSED] - beautytap.ShopAction.calculateTotal is PASSED

2018-09-25 12:09:02 - [TEST_STEP][PASSED] - Statement - products = new org.json.JSONArray((((((((([{"productname":" + productName) + ","variation":") + variation) + ","quantity":") + quantity) + ","price":") + price) + "}])): null

2018-09-25 12:09:02 - [TEST_STEP][PASSED] - Statement - billingInformation = new org.json.JSONObject((({"firstname":"Test","lastname":"Automation","country":"United States (US)","address":"123 Testing","city":"New York","state":"New York","zip":"90012","email":" + email) + "})): null

2018-09-25 12:09:02 - [TEST_STEP][PASSED] - Statement - shippingLabel = FREE_EMS_SHIPPING_LABEL: null

2018-09-25 12:09:02 - [TEST_STEP][PASSED] - Statement - shippingPrice = 0: null

2018-09-25 12:09:02 - [TEST_STEP][PASSED] - Statement - shippingType = "freeEMS": null

2018-09-25 12:09:02 - [TEST_STEP][PASSED] - Statement - paymentMethod = "Amazon Pay": null

2018-09-25 12:09:02 - [TEST_STEP][PASSED] - beautytap.GeneralAction.openBeautytap: beautytap.GeneralAction.openBeautytap is PASSED

2018-09-25 12:09:27 - [MESSAGE][PASSED] - Browser is opened with url: 'https://stage.beautytap.com'

2018-09-25 12:09:28 - [MESSAGE][PASSED] - Current window maximized

2018-09-25 12:09:33 - [MESSAGE][PASSED] - Refresh successfully

2018-09-25 12:09:33 - [MESSAGE][PASSED] - Wait for page load successfully

2018-09-25 12:09:33 - [MESSAGE][PASSED] - beautytap.GeneralAction.openBeautytap is PASSED

2018-09-25 12:09:33 - [TEST_STEP][PASSED] - beautytap.ShopAction.globalSearch: beautytap.ShopAction.globalSearch is PASSED

2018-09-25 12:09:33 - [MESSAGE][PASSED] - Object: 'Object Repository/Page_General/icon_search' is clicked on

2018-09-25 12:09:38 - [MESSAGE][PASSED] - Delayed 5 second(s)

2018-09-25 12:09:38 - [MESSAGE][PASSED] - Text of object 'Object Repository/Page_General/txt_search' is cleared

2018-09-25 12:09:38 - [MESSAGE][PASSED] - Keys 'CONTROL + v' sent to object: 'Object Repository/Page_General/txt_search'

2018-09-25 12:09:41 - [MESSAGE][PASSED] - Object 'Object Repository/Page_General/div_searchResult' is present

2018-09-25 12:09:41 - [MESSAGE][PASSED] - beautytap.ShopAction.globalSearch is PASSED

2018-09-25 12:09:41 - [TEST_STEP][PASSED] - beautytap.ShopAction.VerifyProductOnSearchResult: Keyword VerifyProductOnSearchResult is Passed

2018-09-25 12:09:41 - [MESSAGE][PASSED] - Object '' is present

2018-09-25 12:09:41 - [MESSAGE][PASSED] - Text of object '' is: '$26.70'

2018-09-25 12:09:41 - [MESSAGE][PASSED] - Get CSS 'color' value on '' successfully: 'rgba(255, 35, 134, 1)'.

2018-09-25 12:09:41 - [MESSAGE][PASSED] - Get CSS 'color' value on '' successfully: 'rgba(255, 35, 134, 1)'.

2018-09-25 12:09:41 - [MESSAGE][PASSED] - Keyword VerifyProductOnSearchResult is Passed

2018-09-25 12:09:41 - [TEST_STEP][PASSED] - beautytap.ShopAction.selectProductOnSearchResult: beautytap.ShopAction.selectProductOnSearchResult is PASSED

2018-09-25 12:09:47 - [MESSAGE][PASSED] - Object: '' is clicked on

2018-09-25 12:09:47 - [MESSAGE][PASSED] - Wait for page load successfully

2018-09-25 12:09:47 - [MESSAGE][PASSED] - beautytap.ShopAction.selectProductOnSearchResult is PASSED

2018-09-25 12:09:47 - [TEST_STEP][PASSED] - beautytap.ShopAction.selectProductVariation: beautytap.ShopAction.selectProductVariation is PASSED

2018-09-25 12:09:47 - [MESSAGE][PASSED] - Object: 'Object Repository/Page_Shop/drop_chooseOption' is clicked on

2018-09-25 12:09:48 - [MESSAGE][PASSED] - Delayed 1 second(s)

2018-09-25 12:09:48 - [MESSAGE][PASSED] - Object: '' is clicked on

2018-09-25 12:09:48 - [MESSAGE][PASSED] - beautytap.ShopAction.selectProductVariation is PASSED

2018-09-25 12:09:48 - [TEST_STEP][PASSED] - beautytap.ShopAction.VerifyProductDetails: Keyword VerifyProductDetails is Passed

2018-09-25 12:09:49 - [MESSAGE][PASSED] - Text of object '' is: 'MeloMELI Unicorn Heart Lake Cushion — 2 Choices'

2018-09-25 12:09:49 - [MESSAGE][PASSED] - All options with label 'Vanilla Beige' are selected in object 'Object Repository/Page_Shop/drop_chooseOption' 

2018-09-25 12:09:49 - [MESSAGE][PASSED] - Text of object '' is: '$26.70'

2018-09-25 12:09:49 - [MESSAGE][PASSED] - Get CSS 'color' value on '' successfully: 'rgba(255, 35, 134, 1)'.

2018-09-25 12:09:49 - [MESSAGE][PASSED] - Keyword VerifyProductDetails is Passed

2018-09-25 12:09:49 - [TEST_STEP][PASSED] - Statement - currentNumberItemInCart = CustomKeywords.beautytap.ShopAction.getNumberItemInCart(): beautytap.ShopAction.getNumberItemInCart is PASSED

2018-09-25 12:09:55 - [MESSAGE][WARNING] - com.kms.katalon.core.webui.exception.WebElementNotFoundException: Web element with id: '' located by 'By.xpath: //div[@class='header-right-top pull-right']/a[@class='shop-cart']/span[@class='number-cart']' not found
[[ATTACHMENT|E:\\BeautytapAutomation\\beautytapAuto\\Beautytap\\Reports\\Regression\\20180925_114816\\1537852194854.png]]

2018-09-25 12:09:55 - [MESSAGE][PASSED] - beautytap.ShopAction.getNumberItemInCart is PASSED

2018-09-25 12:09:55 - [TEST_STEP][PASSED] - beautytap.ShopAction.addProductToCart: beautytap.ShopAction.addProductToCart is PASSED

2018-09-25 12:09:55 - [MESSAGE][PASSED] - Text of object 'Object Repository/Page_Shop/txt_quantity' is cleared

2018-09-25 12:09:55 - [MESSAGE][PASSED] - Keys '8' sent to object: 'Object Repository/Page_Shop/txt_quantity'

2018-09-25 12:09:55 - [MESSAGE][PASSED] - Object: 'Object Repository/Page_Shop/btn_addToCart' is clicked on

2018-09-25 12:09:55 - [MESSAGE][PASSED] - Wait for page load successfully

2018-09-25 12:09:59 - [MESSAGE][PASSED] - Object 'Object Repository/Page_Shop/lbl_message' is present

2018-09-25 12:09:59 - [MESSAGE][PASSED] - beautytap.ShopAction.addProductToCart is PASSED

2018-09-25 12:09:59 - [TEST_STEP][PASSED] - beautytap.ShopAction.VerifyNumberItemInCart: Keyword VerifyNumberItemInCart is Passed, Number item in cart is 8, expected is 8

2018-09-25 12:09:59 - [MESSAGE][PASSED] - Object '' is present

2018-09-25 12:09:59 - [MESSAGE][PASSED] - Text of object '' is: '8'

2018-09-25 12:09:59 - [MESSAGE][PASSED] - Keyword VerifyNumberItemInCart is Passed, Number item in cart is 8, expected is 8

2018-09-25 12:09:59 - [TEST_STEP][PASSED] - beautytap.ShopAction.VerifyProductIsAddedToCart: beautytap.ShopAction.VerifyProductIsAddedToCart is PASSED

2018-09-25 12:09:59 - [MESSAGE][PASSED] - Object '' is present

2018-09-25 12:09:59 - [MESSAGE][PASSED] - beautytap.ShopAction.VerifyProductIsAddedToCart is PASSED

2018-09-25 12:09:59 - [TEST_STEP][PASSED] - beautytap.ShopAction.goToCart: beautytap.ShopAction.goToCart is PASSED

2018-09-25 12:09:59 - [MESSAGE][PASSED] - Object 'Object Repository/Page_General/icon_cart' is present

2018-09-25 12:10:04 - [MESSAGE][PASSED] - Object: 'Object Repository/Page_General/icon_cart' is clicked on

2018-09-25 12:10:04 - [MESSAGE][PASSED] - Wait for page load successfully

2018-09-25 12:10:04 - [MESSAGE][PASSED] - beautytap.ShopAction.goToCart is PASSED

2018-09-25 12:10:04 - [TEST_STEP][PASSED] - beautytap.ShopAction.VerifyProductInCart: Keyword VerifyProductInCart is Passed

2018-09-25 12:10:04 - [MESSAGE][PASSED] - Object '' is present

2018-09-25 12:10:04 - [MESSAGE][PASSED] - Text of object '' is: '$26.70'

2018-09-25 12:10:04 - [MESSAGE][PASSED] - Attribute 'value' of object '' is: '8'

2018-09-25 12:10:04 - [MESSAGE][PASSED] - Text of object '' is: '$213.60'

2018-09-25 12:10:04 - [MESSAGE][PASSED] - Keyword VerifyProductInCart is Passed

2018-09-25 12:10:04 - [TEST_STEP][PASSED] - beautytap.ShopAction.processToCheckout: beautytap.ShopAction.processToCheckout is PASSED

2018-09-25 12:10:08 - [MESSAGE][PASSED] - Object: 'Object Repository/Page_Cart/btn_checkout' is clicked on

2018-09-25 12:10:08 - [MESSAGE][PASSED] - Wait for page load successfully

2018-09-25 12:10:08 - [MESSAGE][PASSED] - beautytap.ShopAction.processToCheckout is PASSED

2018-09-25 12:10:08 - [TEST_STEP][PASSED] - beautytap.ShopAction.loginAmazonPay: beautytap.ShopAction.loginAmazonPay is PASSED

2018-09-25 12:10:08 - [MESSAGE][PASSED] - Object: 'Object Repository/Page_Checkout/btn_amazonPay' is clicked on

2018-09-25 12:10:08 - [MESSAGE][PASSED] - Switched to window with index: '1'

2018-09-25 12:10:10 - [MESSAGE][PASSED] - Object 'Object Repository/Popup_Amazon/txt_email' is present

2018-09-25 12:10:10 - [MESSAGE][PASSED] - Text of object 'Object Repository/Popup_Amazon/txt_email' is cleared

2018-09-25 12:10:10 - [MESSAGE][PASSED] - Keys 'amazontest1503@yopmail.com' sent to object: 'Object Repository/Popup_Amazon/txt_email'

2018-09-25 12:10:10 - [MESSAGE][PASSED] - Text of object 'Object Repository/Popup_Amazon/txt_password' is cleared

2018-09-25 12:10:10 - [MESSAGE][PASSED] - Keys '123456' sent to object: 'Object Repository/Popup_Amazon/txt_password'

2018-09-25 12:10:13 - [MESSAGE][PASSED] - Object: 'Object Repository/Popup_Amazon/btn_signin' is clicked on

2018-09-25 12:10:13 - [MESSAGE][PASSED] - Switched to window with index: '0'

2018-09-25 12:10:43 - [MESSAGE][PASSED] - Delayed 30 second(s)

2018-09-25 12:10:43 - [MESSAGE][PASSED] - beautytap.ShopAction.loginAmazonPay is PASSED

2018-09-25 12:10:43 - [TEST_STEP][PASSED] - beautytap.ShopAction.VerifyOrderDetailsOnCheckout: Keyword VerifyOrderDetailsOnCheckout is Passed

2018-09-25 12:10:43 - [MESSAGE][PASSED] - Object '' is present

2018-09-25 12:10:43 - [MESSAGE][PASSED] - Text of object '' is: '$213.60'

2018-09-25 12:10:43 - [MESSAGE][PASSED] - Text of object '' is: 'Free EMS shipping (over $200)
Why does shipping take this long?'

2018-09-25 12:10:43 - [MESSAGE][PASSED] - Text of object '' is: '$213.60'

2018-09-25 12:10:43 - [MESSAGE][PASSED] - Keyword VerifyOrderDetailsOnCheckout is Passed

2018-09-25 12:10:43 - [TEST_STEP][PASSED] - beautytap.ShopAction.checkoutViaAmazonPay: beautytap.ShopAction.checkoutViaAmazonPay is PASSED

2018-09-25 12:10:43 - [MESSAGE][PASSED] - Object 'Object Repository/Page_Checkout/chk_terms' is clickable

2018-09-25 12:10:44 - [MESSAGE][PASSED] - Object 'Object Repository/Page_Checkout/chk_terms' is checked

2018-09-25 12:10:44 - [MESSAGE][PASSED] - Object: 'Object Repository/Page_Checkout/btn_placeOrder' is clicked on

2018-09-25 12:10:58 - [MESSAGE][PASSED] - Object 'Object Repository/Page_Checkout/lbl_orderReceived' is present

2018-09-25 12:10:58 - [MESSAGE][PASSED] - beautytap.ShopAction.checkoutViaAmazonPay is PASSED

2018-09-25 12:10:58 - [TEST_STEP][PASSED] - beautytap.ShopAction.VerifyOrderReceivedDetails: Keyword VerifyOrderReceivedDetails is Passed

2018-09-25 12:10:58 - [MESSAGE][PASSED] - Object '' is present

2018-09-25 12:10:58 - [MESSAGE][PASSED] - Text of object '' is: '$213.60'

2018-09-25 12:10:58 - [MESSAGE][PASSED] - Text of object '' is: 'Free EMS shipping (over $200)'

2018-09-25 12:11:04 - [MESSAGE][WARNING] - com.kms.katalon.core.webui.exception.WebElementNotFoundException: Web element with id: '' located by 'By.xpath: //th[text()='Shipping:']/parent::tr/td/span' not found
[[ATTACHMENT|E:\\BeautytapAutomation\\beautytapAuto\\Beautytap\\Reports\\Regression\\20180925_114816\\1537852263717.png]]

2018-09-25 12:11:04 - [MESSAGE][PASSED] - Text of object '' is: 'Amazon Pay'

2018-09-25 12:11:04 - [MESSAGE][PASSED] - Text of object '' is: '$213.60'

2018-09-25 12:11:04 - [MESSAGE][PASSED] - Keyword VerifyOrderReceivedDetails is Passed

2018-09-25 12:11:04 - [TEST_STEP][PASSED] - closeBrowser: Browser is closed

2018-09-25 12:11:05 - [MESSAGE][PASSED] - Browser is closed]]></system-out>
         <system-err><![CDATA[]]></system-err>
      </testcase>
      <testcase name="Test Cases/Shop/TC05_Browse_SimpleProduct_NotSale_PayPal_GreaterThan60LessThan200" classname="Test Cases/Shop/TC05_Browse_SimpleProduct_NotSale_PayPal_GreaterThan60LessThan200" status="PASSED">
         <system-out><![CDATA[2018-09-25 12:11:07 - [TEST_CASE][PASSED] - Test Cases/Shop/TC05_Browse_SimpleProduct_NotSale_PayPal_GreaterThan60LessThan200: Test Cases/Shop/TC05_Browse_SimpleProduct_NotSale_PayPal_GreaterThan60LessThan200

2018-09-25 12:11:07 - [TEST_STEP][PASSED] - Statement - productName = SIMPLE_PRODUCT: null

2018-09-25 12:11:07 - [TEST_STEP][PASSED] - Statement - price = SIMPLE_PRODUCT_PRICE: null

2018-09-25 12:11:07 - [TEST_STEP][PASSED] - Statement - r_string = new java.lang.Math().random().toString().substring(2, 8): null

2018-09-25 12:11:07 - [TEST_STEP][PASSED] - Statement - email = "auto" + r_string + "@mailinator.com": null

2018-09-25 12:11:07 - [TEST_STEP][PASSED] - Statement - orderNote = "auto" + r_string + "Order": null

2018-09-25 12:11:07 - [TEST_STEP][PASSED] - Statement - currentNumberItemInCart = <not implemented yet for class: org.codehaus.groovy.ast.expr.EmptyExpression>: null

2018-09-25 12:11:07 - [TEST_STEP][PASSED] - Statement - quantity = 3: null

2018-09-25 12:11:07 - [TEST_STEP][PASSED] - Statement - subtotal = CustomKeywords.beautytap.ShopAction.calculateTotal(quantity, price): beautytap.ShopAction.calculateTotal is PASSED

2018-09-25 12:11:07 - [MESSAGE][PASSED] - beautytap.ShopAction.calculateTotal is PASSED

2018-09-25 12:11:07 - [TEST_STEP][PASSED] - Statement - total = subtotal: null

2018-09-25 12:11:07 - [TEST_STEP][PASSED] - Statement - total = CustomKeywords.beautytap.ShopAction.calculateTotal(1, total): beautytap.ShopAction.calculateTotal is PASSED

2018-09-25 12:11:07 - [MESSAGE][PASSED] - beautytap.ShopAction.calculateTotal is PASSED

2018-09-25 12:11:07 - [TEST_STEP][PASSED] - Statement - products = new org.json.JSONArray((((((([{"productname":" + productName) + ","variation":"","quantity":") + quantity) + ","price":") + price) + "}])): null

2018-09-25 12:11:07 - [TEST_STEP][PASSED] - Statement - billingInformation = new org.json.JSONObject((({"firstname":"Test","lastname":"Automation","country":"United States (US)","address":"123 Testing","city":"New York","state":"New York","zip":"90012","email":" + email) + "})): null

2018-09-25 12:11:07 - [TEST_STEP][PASSED] - Statement - shippingLabel = FREE_SHIPPING_LABEL: null

2018-09-25 12:11:07 - [TEST_STEP][PASSED] - Statement - shippingPrice = 0: null

2018-09-25 12:11:07 - [TEST_STEP][PASSED] - Statement - shippingType = "free": null

2018-09-25 12:11:08 - [TEST_STEP][PASSED] - Statement - paymentMethod = "PayPal": null

2018-09-25 12:11:08 - [TEST_STEP][PASSED] - Statement - category = "What's New": null

2018-09-25 12:11:08 - [TEST_STEP][PASSED] - beautytap.GeneralAction.openBeautytap: beautytap.GeneralAction.openBeautytap is PASSED

2018-09-25 12:11:20 - [MESSAGE][PASSED] - Browser is opened with url: 'https://stage.beautytap.com'

2018-09-25 12:11:21 - [MESSAGE][PASSED] - Current window maximized

2018-09-25 12:11:25 - [MESSAGE][PASSED] - Refresh successfully

2018-09-25 12:11:25 - [MESSAGE][PASSED] - Wait for page load successfully

2018-09-25 12:11:25 - [MESSAGE][PASSED] - beautytap.GeneralAction.openBeautytap is PASSED

2018-09-25 12:11:25 - [TEST_STEP][PASSED] - beautytap.ShopAction.selectCategory: beautytap.ShopAction.selectCategory is PASSED

2018-09-25 12:11:31 - [MESSAGE][PASSED] - Object: '' is clicked on

2018-09-25 12:11:31 - [MESSAGE][PASSED] - Wait for page load successfully

2018-09-25 12:11:31 - [MESSAGE][PASSED] - beautytap.ShopAction.selectCategory is PASSED

2018-09-25 12:11:31 - [TEST_STEP][PASSED] - beautytap.ShopAction.findProductOnProductList: beautytap.ShopAction.findProductOnProductList is PASSED

2018-09-25 12:11:31 - [MESSAGE][PASSED] - Text of object '' is: '76'

2018-09-25 12:11:36 - [MESSAGE][WARNING] - com.kms.katalon.core.webui.exception.WebElementNotFoundException: Web element with id: '' located by 'By.xpath: //a[text()='La Muse Correct Care Complete Cushion SPF50+']' not found
[[ATTACHMENT|E:\\BeautytapAutomation\\beautytapAuto\\Beautytap\\Reports\\Regression\\20180925_114816\\1537852296304.png]]

2018-09-25 12:11:44 - [MESSAGE][PASSED] - Object: '' is clicked on

2018-09-25 12:11:44 - [MESSAGE][PASSED] - Wait for page load successfully

2018-09-25 12:11:49 - [MESSAGE][WARNING] - com.kms.katalon.core.webui.exception.WebElementNotFoundException: Web element with id: '' located by 'By.xpath: //a[text()='La Muse Correct Care Complete Cushion SPF50+']' not found
[[ATTACHMENT|E:\\BeautytapAutomation\\beautytapAuto\\Beautytap\\Reports\\Regression\\20180925_114816\\1537852309433.png]]

2018-09-25 12:11:57 - [MESSAGE][PASSED] - Object: '' is clicked on

2018-09-25 12:11:57 - [MESSAGE][PASSED] - Wait for page load successfully

2018-09-25 12:11:57 - [MESSAGE][PASSED] - Object '' is present

2018-09-25 12:11:57 - [MESSAGE][PASSED] - beautytap.ShopAction.findProductOnProductList is PASSED

2018-09-25 12:11:57 - [TEST_STEP][PASSED] - beautytap.ShopAction.VerifyProductOnProductList: Keyword VerifyProductOnProductList is Passed

2018-09-25 12:11:57 - [MESSAGE][PASSED] - Object '' is present

2018-09-25 12:11:57 - [MESSAGE][PASSED] - Text of object '' is: '$31.80'

2018-09-25 12:11:57 - [MESSAGE][PASSED] - Get CSS 'color' value on '' successfully: 'rgba(255, 35, 134, 1)'.

2018-09-25 12:11:57 - [MESSAGE][PASSED] - Get CSS 'color' value on '' successfully: 'rgba(255, 35, 134, 1)'.

2018-09-25 12:11:57 - [MESSAGE][PASSED] - Keyword VerifyProductOnProductList is Passed

2018-09-25 12:11:57 - [TEST_STEP][PASSED] - beautytap.ShopAction.selectProductOnProductList: beautytap.ShopAction.selectProductOnProductList is PASSED

2018-09-25 12:12:02 - [MESSAGE][PASSED] - Object: '' is clicked on

2018-09-25 12:12:02 - [MESSAGE][PASSED] - Wait for page load successfully

2018-09-25 12:12:02 - [MESSAGE][PASSED] - beautytap.ShopAction.selectProductOnProductList is PASSED

2018-09-25 12:12:02 - [TEST_STEP][PASSED] - beautytap.ShopAction.VerifyProductDetails: Keyword VerifyProductDetails is Passed

2018-09-25 12:12:02 - [MESSAGE][PASSED] - Text of object '' is: 'La Muse Correct Care Complete Cushion SPF50+'

2018-09-25 12:12:02 - [MESSAGE][PASSED] - Text of object '' is: '$31.80'

2018-09-25 12:12:02 - [MESSAGE][PASSED] - Get CSS 'color' value on '' successfully: 'rgba(255, 35, 134, 1)'.

2018-09-25 12:12:02 - [MESSAGE][PASSED] - Keyword VerifyProductDetails is Passed

2018-09-25 12:12:02 - [TEST_STEP][PASSED] - Statement - currentNumberItemInCart = CustomKeywords.beautytap.ShopAction.getNumberItemInCart(): beautytap.ShopAction.getNumberItemInCart is PASSED

2018-09-25 12:12:08 - [MESSAGE][WARNING] - com.kms.katalon.core.webui.exception.WebElementNotFoundException: Web element with id: '' located by 'By.xpath: //div[@class='header-right-top pull-right']/a[@class='shop-cart']/span[@class='number-cart']' not found
[[ATTACHMENT|E:\\BeautytapAutomation\\beautytapAuto\\Beautytap\\Reports\\Regression\\20180925_114816\\1537852328087.png]]

2018-09-25 12:12:08 - [MESSAGE][PASSED] - beautytap.ShopAction.getNumberItemInCart is PASSED

2018-09-25 12:12:08 - [TEST_STEP][PASSED] - beautytap.ShopAction.addProductToCart: beautytap.ShopAction.addProductToCart is PASSED

2018-09-25 12:12:08 - [MESSAGE][PASSED] - Text of object 'Object Repository/Page_Shop/txt_quantity' is cleared

2018-09-25 12:12:08 - [MESSAGE][PASSED] - Keys '3' sent to object: 'Object Repository/Page_Shop/txt_quantity'

2018-09-25 12:12:08 - [MESSAGE][PASSED] - Object: 'Object Repository/Page_Shop/btn_addToCart' is clicked on

2018-09-25 12:12:08 - [MESSAGE][PASSED] - Wait for page load successfully

2018-09-25 12:12:13 - [MESSAGE][PASSED] - Object 'Object Repository/Page_Shop/lbl_message' is present

2018-09-25 12:12:13 - [MESSAGE][PASSED] - beautytap.ShopAction.addProductToCart is PASSED

2018-09-25 12:12:13 - [TEST_STEP][PASSED] - beautytap.ShopAction.VerifyNumberItemInCart: Keyword VerifyNumberItemInCart is Passed, Number item in cart is 3, expected is 3

2018-09-25 12:12:13 - [MESSAGE][PASSED] - Object '' is present

2018-09-25 12:12:13 - [MESSAGE][PASSED] - Text of object '' is: '3'

2018-09-25 12:12:13 - [MESSAGE][PASSED] - Keyword VerifyNumberItemInCart is Passed, Number item in cart is 3, expected is 3

2018-09-25 12:12:13 - [TEST_STEP][PASSED] - beautytap.ShopAction.VerifyProductIsAddedToCart: beautytap.ShopAction.VerifyProductIsAddedToCart is PASSED

2018-09-25 12:12:13 - [MESSAGE][PASSED] - Object '' is present

2018-09-25 12:12:13 - [MESSAGE][PASSED] - beautytap.ShopAction.VerifyProductIsAddedToCart is PASSED

2018-09-25 12:12:13 - [TEST_STEP][PASSED] - beautytap.ShopAction.goToCart: beautytap.ShopAction.goToCart is PASSED

2018-09-25 12:12:13 - [MESSAGE][PASSED] - Object 'Object Repository/Page_General/icon_cart' is present

2018-09-25 12:12:17 - [MESSAGE][PASSED] - Object: 'Object Repository/Page_General/icon_cart' is clicked on

2018-09-25 12:12:17 - [MESSAGE][PASSED] - Wait for page load successfully

2018-09-25 12:12:17 - [MESSAGE][PASSED] - beautytap.ShopAction.goToCart is PASSED

2018-09-25 12:12:17 - [TEST_STEP][PASSED] - beautytap.ShopAction.VerifyProductInCart: Keyword VerifyProductInCart is Passed

2018-09-25 12:12:17 - [MESSAGE][PASSED] - Object '' is present

2018-09-25 12:12:17 - [MESSAGE][PASSED] - Text of object '' is: '$31.80'

2018-09-25 12:12:17 - [MESSAGE][PASSED] - Attribute 'value' of object '' is: '3'

2018-09-25 12:12:17 - [MESSAGE][PASSED] - Text of object '' is: '$95.40'

2018-09-25 12:12:17 - [MESSAGE][PASSED] - Keyword VerifyProductInCart is Passed

2018-09-25 12:12:17 - [TEST_STEP][PASSED] - beautytap.ShopAction.processToCheckout: beautytap.ShopAction.processToCheckout is PASSED

2018-09-25 12:12:21 - [MESSAGE][PASSED] - Object: 'Object Repository/Page_Cart/btn_checkout' is clicked on

2018-09-25 12:12:21 - [MESSAGE][PASSED] - Wait for page load successfully

2018-09-25 12:12:21 - [MESSAGE][PASSED] - beautytap.ShopAction.processToCheckout is PASSED

2018-09-25 12:12:21 - [TEST_STEP][PASSED] - beautytap.ShopAction.fillCustomerInformation: beautytap.ShopAction.fillCustomerInformation is PASSED

2018-09-25 12:12:21 - [MESSAGE][PASSED] - Text of object 'Object Repository/Page_Checkout/txt_billingFirstName' is cleared

2018-09-25 12:12:21 - [MESSAGE][PASSED] - Keys 'Test' sent to object: 'Object Repository/Page_Checkout/txt_billingFirstName'

2018-09-25 12:12:21 - [MESSAGE][PASSED] - Text of object 'Object Repository/Page_Checkout/txt_billingLastName' is cleared

2018-09-25 12:12:21 - [MESSAGE][PASSED] - Keys 'Automation' sent to object: 'Object Repository/Page_Checkout/txt_billingLastName'

2018-09-25 12:12:22 - [MESSAGE][PASSED] - All options with label 'United States (US)' are selected in object 'Object Repository/Page_Checkout/drop_billingCountry' 

2018-09-25 12:12:27 - [MESSAGE][PASSED] - Delayed 5 second(s)

2018-09-25 12:12:27 - [MESSAGE][PASSED] - Text of object 'Object Repository/Page_Checkout/txt_billingAddress' is cleared

2018-09-25 12:12:27 - [MESSAGE][PASSED] - Keys '123 Testing' sent to object: 'Object Repository/Page_Checkout/txt_billingAddress'

2018-09-25 12:12:27 - [MESSAGE][PASSED] - Text of object 'Object Repository/Page_Checkout/txt_billingCity' is cleared

2018-09-25 12:12:28 - [MESSAGE][PASSED] - Keys 'New York' sent to object: 'Object Repository/Page_Checkout/txt_billingCity'

2018-09-25 12:12:28 - [MESSAGE][PASSED] - All options with label 'New York' are selected in object 'Object Repository/Page_Checkout/drop_billingState' 

2018-09-25 12:12:28 - [MESSAGE][PASSED] - Text of object 'Object Repository/Page_Checkout/txt_billingZip' is cleared

2018-09-25 12:12:28 - [MESSAGE][PASSED] - Keys '90012' sent to object: 'Object Repository/Page_Checkout/txt_billingZip'

2018-09-25 12:12:28 - [MESSAGE][PASSED] - Text of object 'Object Repository/Page_Checkout/txt_billingEmail' is cleared

2018-09-25 12:12:29 - [MESSAGE][PASSED] - Keys 'auto671938@mailinator.com' sent to object: 'Object Repository/Page_Checkout/txt_billingEmail'

2018-09-25 12:12:29 - [MESSAGE][PASSED] - Object 'Object Repository/Page_Checkout/chk_shipToDifferentAddress' is un-checked

2018-09-25 12:12:29 - [MESSAGE][PASSED] - Text of object 'Object Repository/Page_Checkout/txt_orderNote' is cleared

2018-09-25 12:12:29 - [MESSAGE][PASSED] - Keys 'auto671938Order' sent to object: 'Object Repository/Page_Checkout/txt_orderNote'

2018-09-25 12:12:29 - [MESSAGE][PASSED] - Object 'Object Repository/Page_Checkout/radio_creditCard' is checked

2018-09-25 12:12:34 - [MESSAGE][PASSED] - Delayed 5 second(s)

2018-09-25 12:12:34 - [MESSAGE][PASSED] - beautytap.ShopAction.fillCustomerInformation is PASSED

2018-09-25 12:12:34 - [TEST_STEP][PASSED] - beautytap.ShopAction.VerifyOrderDetailsOnCheckout: Keyword VerifyOrderDetailsOnCheckout is Passed

2018-09-25 12:12:34 - [MESSAGE][PASSED] - Object '' is present

2018-09-25 12:12:35 - [MESSAGE][PASSED] - Text of object '' is: '$95.40'

2018-09-25 12:12:35 - [MESSAGE][PASSED] - Text of object '' is: 'Free shipping for orders over $60
Why does shipping take this long?'

2018-09-25 12:12:35 - [MESSAGE][PASSED] - Text of object '' is: '$95.40'

2018-09-25 12:12:35 - [MESSAGE][PASSED] - Keyword VerifyOrderDetailsOnCheckout is Passed

2018-09-25 12:12:35 - [TEST_STEP][PASSED] - beautytap.ShopAction.checkoutViaPaypal: beautytap.ShopAction.checkoutViaPaypal is PASSED

2018-09-25 12:12:35 - [MESSAGE][PASSED] - Object 'Object Repository/Page_Checkout/radio_paypal' is checked

2018-09-25 12:12:40 - [MESSAGE][PASSED] - Delayed 5 second(s)

2018-09-25 12:12:40 - [MESSAGE][PASSED] - Object 'Object Repository/Page_Checkout/chk_terms' is checked

2018-09-25 12:12:40 - [MESSAGE][PASSED] - Object: 'Object Repository/Page_Checkout/btn_placeOrder' is clicked on

2018-09-25 12:12:47 - [MESSAGE][PASSED] - Object 'Object Repository/Page_Paypal/txt_email' is present

2018-09-25 12:12:47 - [MESSAGE][PASSED] - Text of object 'Object Repository/Page_Paypal/txt_email' is cleared

2018-09-25 12:12:48 - [MESSAGE][PASSED] - Keys 'g1.posiba@gmail.com' sent to object: 'Object Repository/Page_Paypal/txt_email'

2018-09-25 12:12:48 - [MESSAGE][PASSED] - Text of object 'Object Repository/Page_Paypal/txt_password' is cleared

2018-09-25 12:12:48 - [MESSAGE][PASSED] - Keys 'Tr@ng99%' sent to object: 'Object Repository/Page_Paypal/txt_password'

2018-09-25 12:13:01 - [MESSAGE][PASSED] - Object: 'Object Repository/Page_Paypal/btn_login' is clicked on

2018-09-25 12:13:08 - [MESSAGE][PASSED] - Object 'Object Repository/Page_Paypal/btn_payNow' is present

2018-09-25 12:13:13 - [MESSAGE][PASSED] - Delayed 5 second(s)

2018-09-25 12:13:13 - [MESSAGE][PASSED] - Object: 'Object Repository/Page_Paypal/btn_payNow' is clicked on

2018-09-25 12:13:33 - [MESSAGE][PASSED] - Object 'Object Repository/Page_Checkout/lbl_orderReceived' is present

2018-09-25 12:13:33 - [MESSAGE][PASSED] - beautytap.ShopAction.checkoutViaPaypal is PASSED

2018-09-25 12:13:33 - [TEST_STEP][PASSED] - beautytap.ShopAction.VerifyOrderReceivedDetails: Keyword VerifyOrderReceivedDetails is Passed

2018-09-25 12:13:33 - [MESSAGE][PASSED] - Object '' is present

2018-09-25 12:13:33 - [MESSAGE][PASSED] - Text of object '' is: '$95.40'

2018-09-25 12:13:34 - [MESSAGE][PASSED] - Text of object '' is: 'Free shipping for orders over $60'

2018-09-25 12:13:39 - [MESSAGE][WARNING] - com.kms.katalon.core.webui.exception.WebElementNotFoundException: Web element with id: '' located by 'By.xpath: //th[text()='Shipping:']/parent::tr/td/span' not found
[[ATTACHMENT|E:\\BeautytapAutomation\\beautytapAuto\\Beautytap\\Reports\\Regression\\20180925_114816\\1537852419196.png]]

2018-09-25 12:13:39 - [MESSAGE][PASSED] - Text of object '' is: 'PayPal'

2018-09-25 12:13:39 - [MESSAGE][PASSED] - Text of object '' is: '$95.40'

2018-09-25 12:13:39 - [MESSAGE][PASSED] - Keyword VerifyOrderReceivedDetails is Passed

2018-09-25 12:13:39 - [TEST_STEP][PASSED] - closeBrowser: Browser is closed

2018-09-25 12:13:40 - [MESSAGE][PASSED] - Browser is closed]]></system-out>
         <system-err><![CDATA[]]></system-err>
      </testcase>
      <testcase name="Test Cases/Shop/TC06_Browse_VariationProduct_Sale_AmazonPayAtCart_LessThan60_EMS" classname="Test Cases/Shop/TC06_Browse_VariationProduct_Sale_AmazonPayAtCart_LessThan60_EMS" status="PASSED">
         <system-out><![CDATA[2018-09-25 12:13:42 - [TEST_CASE][PASSED] - Test Cases/Shop/TC06_Browse_VariationProduct_Sale_AmazonPayAtCart_LessThan60_EMS: Test Cases/Shop/TC06_Browse_VariationProduct_Sale_AmazonPayAtCart_LessThan60_EMS

2018-09-25 12:13:42 - [TEST_STEP][PASSED] - Statement - productName = VARIATION_SALE_PRODUCT: null

2018-09-25 12:13:42 - [TEST_STEP][PASSED] - Statement - saleprice = VARIATION_SALE_PRICE1: null

2018-09-25 12:13:42 - [TEST_STEP][PASSED] - Statement - redularprice = VARIATION_SALE_REGULAR_PRICE1: null

2018-09-25 12:13:43 - [TEST_STEP][PASSED] - Statement - variation = VARIATION_SALE_NAME1: null

2018-09-25 12:13:43 - [TEST_STEP][PASSED] - Statement - r_string = new java.lang.Math().random().toString().substring(2, 8): null

2018-09-25 12:13:43 - [TEST_STEP][PASSED] - Statement - email = "auto" + r_string + "@mailinator.com": null

2018-09-25 12:13:43 - [TEST_STEP][PASSED] - Statement - orderNote = "auto" + r_string + "Order": null

2018-09-25 12:13:43 - [TEST_STEP][PASSED] - Statement - currentNumberItemInCart = <not implemented yet for class: org.codehaus.groovy.ast.expr.EmptyExpression>: null

2018-09-25 12:13:43 - [TEST_STEP][PASSED] - Statement - quantity = 5: null

2018-09-25 12:13:43 - [TEST_STEP][PASSED] - Statement - shippingLabel = EMS_SHIPPING_LABEL: null

2018-09-25 12:13:43 - [TEST_STEP][PASSED] - Statement - shippingPrice = EMS_SHIPPING_PRICE: null

2018-09-25 12:13:43 - [TEST_STEP][PASSED] - Statement - subtotal = CustomKeywords.beautytap.ShopAction.calculateTotal(quantity, saleprice): beautytap.ShopAction.calculateTotal is PASSED

2018-09-25 12:13:43 - [MESSAGE][PASSED] - beautytap.ShopAction.calculateTotal is PASSED

2018-09-25 12:13:43 - [TEST_STEP][PASSED] - Statement - total = subtotal + shippingPrice: null

2018-09-25 12:13:43 - [TEST_STEP][PASSED] - Statement - total = CustomKeywords.beautytap.ShopAction.calculateTotal(1, total): beautytap.ShopAction.calculateTotal is PASSED

2018-09-25 12:13:43 - [MESSAGE][PASSED] - beautytap.ShopAction.calculateTotal is PASSED

2018-09-25 12:13:43 - [TEST_STEP][PASSED] - Statement - products = new org.json.JSONArray((((((((([{"productname":" + productName) + ","variation":") + variation) + ","quantity":") + quantity) + ","price":") + saleprice) + "}])): null

2018-09-25 12:13:43 - [TEST_STEP][PASSED] - Statement - billingInformation = new org.json.JSONObject((({"firstname":"Test","lastname":"Automation","country":"United States (US)","address":"123 Testing","city":"New York","state":"New York","zip":"90012","email":" + email) + "})): null

2018-09-25 12:13:43 - [TEST_STEP][PASSED] - Statement - shippingType = "EMS": null

2018-09-25 12:13:43 - [TEST_STEP][PASSED] - Statement - paymentMethod = "Amazon Pay": null

2018-09-25 12:13:43 - [TEST_STEP][PASSED] - Statement - category = "Brands": null

2018-09-25 12:13:43 - [TEST_STEP][PASSED] - Statement - subcategory = "Innisfree": null

2018-09-25 12:13:43 - [TEST_STEP][PASSED] - beautytap.GeneralAction.openBeautytap: beautytap.GeneralAction.openBeautytap is PASSED

2018-09-25 12:14:05 - [MESSAGE][PASSED] - Browser is opened with url: 'https://stage.beautytap.com'

2018-09-25 12:14:06 - [MESSAGE][PASSED] - Current window maximized

2018-09-25 12:14:11 - [MESSAGE][PASSED] - Refresh successfully

2018-09-25 12:14:11 - [MESSAGE][PASSED] - Wait for page load successfully

2018-09-25 12:14:11 - [MESSAGE][PASSED] - beautytap.GeneralAction.openBeautytap is PASSED

2018-09-25 12:14:11 - [TEST_STEP][PASSED] - beautytap.ShopAction.selectCategory: beautytap.ShopAction.selectCategory is PASSED

2018-09-25 12:14:12 - [MESSAGE][PASSED] - Object: '' is clicked on

2018-09-25 12:14:14 - [MESSAGE][PASSED] - Delayed 2 second(s)

2018-09-25 12:14:24 - [MESSAGE][PASSED] - Object: '' is clicked on

2018-09-25 12:14:24 - [MESSAGE][PASSED] - Wait for page load successfully

2018-09-25 12:14:24 - [MESSAGE][PASSED] - beautytap.ShopAction.selectCategory is PASSED

2018-09-25 12:14:24 - [TEST_STEP][PASSED] - beautytap.ShopAction.findProductOnProductList: beautytap.ShopAction.findProductOnProductList is PASSED

2018-09-25 12:14:24 - [MESSAGE][PASSED] - Text of object '' is: '3'

2018-09-25 12:14:29 - [MESSAGE][WARNING] - com.kms.katalon.core.webui.exception.WebElementNotFoundException: Web element with id: '' located by 'By.xpath: //a[text()='Innisfree Eye Contouring Stick Round Shape 0.7g']' not found
[[ATTACHMENT|E:\\BeautytapAutomation\\beautytapAuto\\Beautytap\\Reports\\Regression\\20180925_114816\\1537852469564.png]]

2018-09-25 12:14:38 - [MESSAGE][PASSED] - Object: '' is clicked on

2018-09-25 12:14:38 - [MESSAGE][PASSED] - Wait for page load successfully

2018-09-25 12:14:38 - [MESSAGE][PASSED] - Object '' is present

2018-09-25 12:14:38 - [MESSAGE][PASSED] - beautytap.ShopAction.findProductOnProductList is PASSED

2018-09-25 12:14:38 - [TEST_STEP][PASSED] - beautytap.ShopAction.VerifyProductOnProductList: Keyword VerifyProductOnProductList is Passed

2018-09-25 12:14:38 - [MESSAGE][PASSED] - Object '' is present

2018-09-25 12:14:38 - [MESSAGE][PASSED] - Text of object '' is: '$4.95'

2018-09-25 12:14:39 - [MESSAGE][PASSED] - Get CSS 'color' value on '' successfully: 'rgba(255, 35, 134, 1)'.

2018-09-25 12:14:39 - [MESSAGE][PASSED] - Get CSS 'color' value on '' successfully: 'rgba(255, 35, 134, 1)'.

2018-09-25 12:14:39 - [MESSAGE][PASSED] - Text of object '' is: '$6.50'

2018-09-25 12:14:39 - [MESSAGE][PASSED] - Get CSS 'color' value on '' successfully: 'rgba(255, 35, 134, 1)'.

2018-09-25 12:14:39 - [MESSAGE][PASSED] - Get CSS 'color' value on '' successfully: 'rgba(255, 35, 134, 1)'.

2018-09-25 12:14:39 - [MESSAGE][PASSED] - Keyword VerifyProductOnProductList is Passed

2018-09-25 12:14:39 - [TEST_STEP][PASSED] - beautytap.ShopAction.selectProductOnProductList: beautytap.ShopAction.selectProductOnProductList is PASSED

2018-09-25 12:14:46 - [MESSAGE][PASSED] - Object: '' is clicked on

2018-09-25 12:14:46 - [MESSAGE][PASSED] - Wait for page load successfully

2018-09-25 12:14:46 - [MESSAGE][PASSED] - beautytap.ShopAction.selectProductOnProductList is PASSED

2018-09-25 12:14:46 - [TEST_STEP][PASSED] - beautytap.ShopAction.selectProductVariation: beautytap.ShopAction.selectProductVariation is PASSED

2018-09-25 12:14:47 - [MESSAGE][PASSED] - Object: 'Object Repository/Page_Shop/drop_chooseOption' is clicked on

2018-09-25 12:14:48 - [MESSAGE][PASSED] - Delayed 1 second(s)

2018-09-25 12:14:48 - [MESSAGE][PASSED] - Object: '' is clicked on

2018-09-25 12:14:48 - [MESSAGE][PASSED] - beautytap.ShopAction.selectProductVariation is PASSED

2018-09-25 12:14:48 - [TEST_STEP][PASSED] - beautytap.ShopAction.VerifyProductDetails: Keyword VerifyProductDetails is Passed

2018-09-25 12:14:48 - [MESSAGE][PASSED] - Text of object '' is: 'Innisfree Eye Contouring Stick Round Shape 0.7g'

2018-09-25 12:14:49 - [MESSAGE][PASSED] - All options with label '5' are selected in object 'Object Repository/Page_Shop/drop_chooseOption' 

2018-09-25 12:14:49 - [MESSAGE][PASSED] - Text of object '' is: '$6.50'

2018-09-25 12:14:49 - [MESSAGE][PASSED] - Get CSS 'color' value on '' successfully: 'rgba(195, 195, 195, 1)'.

2018-09-25 12:14:49 - [MESSAGE][PASSED] - Text of object '' is: '$4.95'

2018-09-25 12:14:49 - [MESSAGE][PASSED] - Get CSS 'color' value on '' successfully: 'rgba(255, 35, 134, 1)'.

2018-09-25 12:14:49 - [MESSAGE][PASSED] - Keyword VerifyProductDetails is Passed

2018-09-25 12:14:49 - [TEST_STEP][PASSED] - Statement - currentNumberItemInCart = CustomKeywords.beautytap.ShopAction.getNumberItemInCart(): beautytap.ShopAction.getNumberItemInCart is PASSED

2018-09-25 12:14:54 - [MESSAGE][WARNING] - com.kms.katalon.core.webui.exception.WebElementNotFoundException: Web element with id: '' located by 'By.xpath: //div[@class='header-right-top pull-right']/a[@class='shop-cart']/span[@class='number-cart']' not found
[[ATTACHMENT|E:\\BeautytapAutomation\\beautytapAuto\\Beautytap\\Reports\\Regression\\20180925_114816\\1537852494419.png]]

2018-09-25 12:14:54 - [MESSAGE][PASSED] - beautytap.ShopAction.getNumberItemInCart is PASSED

2018-09-25 12:14:54 - [TEST_STEP][PASSED] - beautytap.ShopAction.addProductToCart: beautytap.ShopAction.addProductToCart is PASSED

2018-09-25 12:14:54 - [MESSAGE][PASSED] - Text of object 'Object Repository/Page_Shop/txt_quantity' is cleared

2018-09-25 12:14:54 - [MESSAGE][PASSED] - Keys '5' sent to object: 'Object Repository/Page_Shop/txt_quantity'

2018-09-25 12:14:55 - [MESSAGE][PASSED] - Object: 'Object Repository/Page_Shop/btn_addToCart' is clicked on

2018-09-25 12:14:55 - [MESSAGE][PASSED] - Wait for page load successfully

2018-09-25 12:15:01 - [MESSAGE][PASSED] - Object 'Object Repository/Page_Shop/lbl_message' is present

2018-09-25 12:15:01 - [MESSAGE][PASSED] - beautytap.ShopAction.addProductToCart is PASSED

2018-09-25 12:15:01 - [TEST_STEP][PASSED] - beautytap.ShopAction.VerifyNumberItemInCart: Keyword VerifyNumberItemInCart is Passed, Number item in cart is 5, expected is 5

2018-09-25 12:15:01 - [MESSAGE][PASSED] - Object '' is present

2018-09-25 12:15:01 - [MESSAGE][PASSED] - Text of object '' is: '5'

2018-09-25 12:15:01 - [MESSAGE][PASSED] - Keyword VerifyNumberItemInCart is Passed, Number item in cart is 5, expected is 5

2018-09-25 12:15:01 - [TEST_STEP][PASSED] - beautytap.ShopAction.VerifyProductIsAddedToCart: beautytap.ShopAction.VerifyProductIsAddedToCart is PASSED

2018-09-25 12:15:01 - [MESSAGE][PASSED] - Object '' is present

2018-09-25 12:15:01 - [MESSAGE][PASSED] - beautytap.ShopAction.VerifyProductIsAddedToCart is PASSED

2018-09-25 12:15:01 - [TEST_STEP][PASSED] - beautytap.ShopAction.goToCart: beautytap.ShopAction.goToCart is PASSED

2018-09-25 12:15:01 - [MESSAGE][PASSED] - Object 'Object Repository/Page_General/icon_cart' is present

2018-09-25 12:15:05 - [MESSAGE][PASSED] - Object: 'Object Repository/Page_General/icon_cart' is clicked on

2018-09-25 12:15:05 - [MESSAGE][PASSED] - Wait for page load successfully

2018-09-25 12:15:05 - [MESSAGE][PASSED] - beautytap.ShopAction.goToCart is PASSED

2018-09-25 12:15:05 - [TEST_STEP][PASSED] - beautytap.ShopAction.VerifyProductInCart: Keyword VerifyProductInCart is Passed

2018-09-25 12:15:05 - [MESSAGE][PASSED] - Object '' is present

2018-09-25 12:15:05 - [MESSAGE][PASSED] - Text of object '' is: '$4.95'

2018-09-25 12:15:06 - [MESSAGE][PASSED] - Attribute 'value' of object '' is: '5'

2018-09-25 12:15:06 - [MESSAGE][PASSED] - Text of object '' is: '$24.75'

2018-09-25 12:15:06 - [MESSAGE][PASSED] - Keyword VerifyProductInCart is Passed

2018-09-25 12:15:06 - [TEST_STEP][PASSED] - beautytap.ShopAction.loginAmazonPay: beautytap.ShopAction.loginAmazonPay is PASSED

2018-09-25 12:15:06 - [MESSAGE][PASSED] - Object: 'Object Repository/Page_Cart/btn_payWithAmazon' is clicked on

2018-09-25 12:15:06 - [MESSAGE][PASSED] - Switched to window with index: '1'

2018-09-25 12:15:07 - [MESSAGE][PASSED] - Object 'Object Repository/Popup_Amazon/txt_email' is present

2018-09-25 12:15:07 - [MESSAGE][PASSED] - Text of object 'Object Repository/Popup_Amazon/txt_email' is cleared

2018-09-25 12:15:08 - [MESSAGE][PASSED] - Keys 'amazontest1503@yopmail.com' sent to object: 'Object Repository/Popup_Amazon/txt_email'

2018-09-25 12:15:08 - [MESSAGE][PASSED] - Text of object 'Object Repository/Popup_Amazon/txt_password' is cleared

2018-09-25 12:15:08 - [MESSAGE][PASSED] - Keys '123456' sent to object: 'Object Repository/Popup_Amazon/txt_password'

2018-09-25 12:15:10 - [MESSAGE][PASSED] - Object: 'Object Repository/Popup_Amazon/btn_signin' is clicked on

2018-09-25 12:15:11 - [MESSAGE][PASSED] - Switched to window with index: '0'

2018-09-25 12:15:41 - [MESSAGE][PASSED] - Delayed 30 second(s)

2018-09-25 12:15:41 - [MESSAGE][PASSED] - beautytap.ShopAction.loginAmazonPay is PASSED

2018-09-25 12:15:41 - [TEST_STEP][PASSED] - beautytap.ShopAction.selectShipping: beautytap.ShopAction.selectShipping is PASSED

2018-09-25 12:15:41 - [MESSAGE][PASSED] - Object '' is checked

2018-09-25 12:15:46 - [MESSAGE][PASSED] - Delayed 5 second(s)

2018-09-25 12:15:46 - [MESSAGE][PASSED] - beautytap.ShopAction.selectShipping is PASSED

2018-09-25 12:15:46 - [TEST_STEP][PASSED] - beautytap.ShopAction.VerifyOrderDetailsOnCheckout: Keyword VerifyOrderDetailsOnCheckout is Passed

2018-09-25 12:15:46 - [MESSAGE][PASSED] - Object '' is present

2018-09-25 12:15:46 - [MESSAGE][PASSED] - Text of object '' is: '$24.75'

2018-09-25 12:15:46 - [MESSAGE][PASSED] - Object '' has attribute 'checked'

2018-09-25 12:15:46 - [MESSAGE][PASSED] - Text of object '' is: '($25) - EMS Express shipping (est. 10-14 working days delivery including processing): $25.00'

2018-09-25 12:15:46 - [MESSAGE][PASSED] - Text of object '' is: '$25.00'

2018-09-25 12:15:46 - [MESSAGE][PASSED] - Text of object '' is: '$49.75'

2018-09-25 12:15:46 - [MESSAGE][PASSED] - Keyword VerifyOrderDetailsOnCheckout is Passed

2018-09-25 12:15:46 - [TEST_STEP][PASSED] - beautytap.ShopAction.checkoutViaAmazonPay: beautytap.ShopAction.checkoutViaAmazonPay is PASSED

2018-09-25 12:15:46 - [MESSAGE][PASSED] - Object 'Object Repository/Page_Checkout/chk_terms' is clickable

2018-09-25 12:15:46 - [MESSAGE][PASSED] - Object 'Object Repository/Page_Checkout/chk_terms' is checked

2018-09-25 12:15:46 - [MESSAGE][PASSED] - Object: 'Object Repository/Page_Checkout/btn_placeOrder' is clicked on

2018-09-25 12:15:59 - [MESSAGE][PASSED] - Object 'Object Repository/Page_Checkout/lbl_orderReceived' is present

2018-09-25 12:15:59 - [MESSAGE][PASSED] - beautytap.ShopAction.checkoutViaAmazonPay is PASSED

2018-09-25 12:15:59 - [TEST_STEP][PASSED] - beautytap.ShopAction.VerifyOrderReceivedDetails: Keyword VerifyOrderReceivedDetails is Passed

2018-09-25 12:16:00 - [MESSAGE][PASSED] - Object '' is present

2018-09-25 12:16:00 - [MESSAGE][PASSED] - Text of object '' is: '$24.75'

2018-09-25 12:16:00 - [MESSAGE][PASSED] - Text of object '' is: '$25.00 via ($25) - EMS Express shipping (est. 10-14 working days delivery including processing)'

2018-09-25 12:16:00 - [MESSAGE][PASSED] - Object '' is present

2018-09-25 12:16:00 - [MESSAGE][PASSED] - Text of object '' is: '$25.00'

2018-09-25 12:16:00 - [MESSAGE][PASSED] - Text of object '' is: 'Amazon Pay'

2018-09-25 12:16:00 - [MESSAGE][PASSED] - Text of object '' is: '$49.75'

2018-09-25 12:16:00 - [MESSAGE][PASSED] - Keyword VerifyOrderReceivedDetails is Passed

2018-09-25 12:16:00 - [TEST_STEP][PASSED] - closeBrowser: Browser is closed

2018-09-25 12:16:01 - [MESSAGE][PASSED] - Browser is closed]]></system-out>
         <system-err><![CDATA[]]></system-err>
      </testcase>
      <system-out><![CDATA[2018-09-25 11:48:19 - [TEST_SUITE][PASSED] - Regression: Test Cases/Shop/TC06_Browse_VariationProduct_Sale_AmazonPayAtCart_LessThan60_EMS]]></system-out>
      <system-err><![CDATA[]]></system-err>
   </testsuite>
</testsuites>
