<?xml version="1.0" encoding="UTF-8"?>
<testsuites name="TS1" time="653" tests="2" failures="0" errors="0">
   <testsuite name="TS1" tests="2" failures="0" errors="0" time="653" timestamp="2018-08-17 11:29:33" hostname="Trang Nguyen - DESKTOP-G1UHP65" id="Test Suites/TS1">
      <properties>
         <property name="deviceName" value=""/>
         <property name="devicePlatform" value=""/>
         <property name="logFolder" value="E:\\BeautytapAutomation\\beautytapAuto\\Beautytap\\Reports\\TS1\\20180817_112930"/>
         <property name="logFiles" value="E:\\BeautytapAutomation\\beautytapAuto\\Beautytap\\Reports\\TS1\\20180817_112930\\execution0.log"/>
         <property name="attachments" value=""/>
         <property name="hostName" value="Trang Nguyen - DESKTOP-G1UHP65"/>
         <property name="os" value="Windows 10 64bit"/>
         <property name="katalonVersion" value="5.5.0.1"/>
         <property name="browser" value="Chrome 68.0.3440.106"/>
         <property name="hostAddress" value="10.0.0.151"/>
         <property name="sessionId" value="d8f0135d690ee5ca0af7671d4c4f1c89"/>
         <property name="seleniumVersion" value="3.7.1"/>
         <property name="proxyInformation" value="ProxyInformation{proxyOption=NO_PROXY, proxyServerType=HTTP, password=, proxyServerAddress=, proxyServerPort=0}"/>
         <property name="platform" value="Windows 10"/>
      </properties>
      <testcase name="Test Cases/SignUp_Login_ResetPass/TC01_SignUp_Login_ResetPassword_Via_Email" classname="Test Cases/SignUp_Login_ResetPass/TC01_SignUp_Login_ResetPassword_Via_Email" status="PASSED">
         <system-out><![CDATA[2018-08-17 11:29:33 - [TEST_CASE][PASSED] - Test Cases/SignUp_Login_ResetPass/TC01_SignUp_Login_ResetPassword_Via_Email: Test Cases/SignUp_Login_ResetPass/TC01_SignUp_Login_ResetPassword_Via_Email

2018-08-17 11:29:34 - [TEST_STEP][PASSED] - Statement - r_string = new java.lang.Math().random().toString().substring(2, 8): null

2018-08-17 11:29:34 - [TEST_STEP][PASSED] - Statement - username = "auto" + r_string: null

2018-08-17 11:29:34 - [TEST_STEP][PASSED] - Statement - email = username + "@mailinator.com": null

2018-08-17 11:29:34 - [TEST_STEP][PASSED] - Statement - password = "123456": null

2018-08-17 11:29:34 - [TEST_STEP][PASSED] - Statement - newpassword = "test123": null

2018-08-17 11:29:34 - [TEST_STEP][PASSED] - Statement - name = "Auto User " + r_string: null

2018-08-17 11:29:34 - [TEST_STEP][PASSED] - Statement - birthday = "01/01/1990": null

2018-08-17 11:29:34 - [TEST_STEP][PASSED] - Statement - activation_subject = SITE_TITLE + " Activate your account": null

2018-08-17 11:29:34 - [TEST_STEP][PASSED] - Statement - resetpass_subject = SITE_TITLE + " Password Reset": null

2018-08-17 11:29:34 - [TEST_STEP][PASSED] - beautytap.GeneralAction.openBeautytap: beautytap.GeneralAction.openBeautytap is PASSED

2018-08-17 11:29:56 - [MESSAGE][PASSED] - Browser is opened with url: 'https://stage.beautytap.com'

2018-08-17 11:29:57 - [MESSAGE][PASSED] - Current window maximized

2018-08-17 11:30:05 - [MESSAGE][PASSED] - Refresh successfully

2018-08-17 11:30:05 - [MESSAGE][PASSED] - Wait for page load successfully

2018-08-17 11:30:05 - [MESSAGE][PASSED] - beautytap.GeneralAction.openBeautytap is PASSED

2018-08-17 11:30:05 - [TEST_STEP][PASSED] - beautytap.GeneralAction.clickNavigationMenu: beautytap.GeneralAction.clickNavigationMenu is PASSED

2018-08-17 11:30:14 - [MESSAGE][PASSED] - Object: 'Object Repository/Page_General/link_signup' is clicked on

2018-08-17 11:30:14 - [MESSAGE][PASSED] - Wait for page load successfully

2018-08-17 11:30:14 - [MESSAGE][PASSED] - beautytap.GeneralAction.clickNavigationMenu is PASSED

2018-08-17 11:30:14 - [TEST_STEP][PASSED] - beautytap.GeneralAction.signup: beautytap.GeneralAction.signup is PASSED

2018-08-17 11:30:14 - [MESSAGE][PASSED] - Keys 'auto924562' sent to object: 'Object Repository/Page_Signup/txt_username'

2018-08-17 11:30:15 - [MESSAGE][PASSED] - Keys 'auto924562@mailinator.com' sent to object: 'Object Repository/Page_Signup/txt_email'

2018-08-17 11:30:15 - [MESSAGE][PASSED] - Keys '123456' sent to object: 'Object Repository/Page_Signup/txt_password'

2018-08-17 11:30:15 - [MESSAGE][PASSED] - Keys 'Auto User 924562' sent to object: 'Object Repository/Page_Signup/txt_name'

2018-08-17 11:30:15 - [MESSAGE][PASSED] - Keys '01/01/1990' sent to object: 'Object Repository/Page_Signup/txt_birthday'

2018-08-17 11:30:15 - [MESSAGE][PASSED] - Object: 'Object Repository/Page_Signup/btn_signup' is clicked on

2018-08-17 11:30:15 - [MESSAGE][PASSED] - Wait for page load successfully

2018-08-17 11:30:15 - [MESSAGE][PASSED] - beautytap.GeneralAction.signup is PASSED

2018-08-17 11:30:15 - [TEST_STEP][PASSED] - verifyElementPresent: Object 'Object Repository/Page_Signup/lbl_sucessMessage' is present

2018-08-17 11:30:22 - [MESSAGE][PASSED] - Object 'Object Repository/Page_Signup/lbl_sucessMessage' is present

2018-08-17 11:30:22 - [TEST_STEP][PASSED] - beautytap.GeneralAction.openMailBox: beautytap.GeneralAction.openMailBox is PASSED

2018-08-17 11:30:25 - [MESSAGE][PASSED] - Navigate to 'https://www.mailinator.com' successfully

2018-08-17 11:30:25 - [MESSAGE][PASSED] - Wait for page load successfully

2018-08-17 11:30:25 - [MESSAGE][PASSED] - Keys 'auto924562' sent to object: 'Object Repository/Page_mailinator/txt_email'

2018-08-17 11:30:29 - [MESSAGE][PASSED] - Object: 'Object Repository/Page_mailinator/btn_go' is clicked on

2018-08-17 11:30:29 - [MESSAGE][PASSED] - Wait for page load successfully

2018-08-17 11:30:29 - [MESSAGE][PASSED] - Object: '' is clicked on

2018-08-17 11:30:29 - [MESSAGE][PASSED] - beautytap.GeneralAction.openMailBox is PASSED

2018-08-17 11:30:29 - [TEST_STEP][PASSED] - beautytap.GeneralAction.verifyEmailExist: beautytap.GeneralAction.verifyEmailExist is PASSED

2018-08-17 11:30:29 - [MESSAGE][PASSED] - Object '' is present

2018-08-17 11:30:29 - [MESSAGE][PASSED] - beautytap.GeneralAction.verifyEmailExist is PASSED

2018-08-17 11:30:29 - [TEST_STEP][PASSED] - beautytap.GeneralAction.openEmail: beautytap.GeneralAction.openEmail is PASSED

2018-08-17 11:30:30 - [MESSAGE][PASSED] - Object: '' is clicked on

2018-08-17 11:30:30 - [MESSAGE][PASSED] - beautytap.GeneralAction.openEmail is PASSED

2018-08-17 11:30:30 - [TEST_STEP][PASSED] - beautytap.GeneralAction.clickEmailLink: beautytap.GeneralAction.clickEmailLink is PASSED

2018-08-17 11:30:30 - [MESSAGE][PASSED] - Text of object '' is: 'https://stage.beautytap.com/activate/2RkFdosrb0evZ6ilHKmu9ehy7P5xKkJA/'

2018-08-17 11:30:49 - [MESSAGE][PASSED] - Navigate to 'https://stage.beautytap.com/activate/2RkFdosrb0evZ6ilHKmu9ehy7P5xKkJA/' successfully

2018-08-17 11:30:49 - [MESSAGE][PASSED] - beautytap.GeneralAction.clickEmailLink is PASSED

2018-08-17 11:30:49 - [TEST_STEP][PASSED] - waitForPageLoad: Wait for page load successfully

2018-08-17 11:30:49 - [MESSAGE][PASSED] - Wait for page load successfully

2018-08-17 11:30:49 - [TEST_STEP][PASSED] - verifyElementPresent: Object 'Object Repository/Page_General/lbl_activeSuccessMessage' is present

2018-08-17 11:30:49 - [MESSAGE][PASSED] - Object 'Object Repository/Page_General/lbl_activeSuccessMessage' is present

2018-08-17 11:30:49 - [TEST_STEP][PASSED] - beautytap.GeneralAction.clickNavigationMenu: beautytap.GeneralAction.clickNavigationMenu is PASSED

2018-08-17 11:30:59 - [MESSAGE][PASSED] - Object: 'Object Repository/Page_General/link_login' is clicked on

2018-08-17 11:30:59 - [MESSAGE][PASSED] - Wait for page load successfully

2018-08-17 11:30:59 - [MESSAGE][PASSED] - beautytap.GeneralAction.clickNavigationMenu is PASSED

2018-08-17 11:30:59 - [TEST_STEP][PASSED] - beautytap.GeneralAction.login: beautytap.GeneralAction.login is PASSED

2018-08-17 11:30:59 - [MESSAGE][PASSED] - Text of object 'Object Repository/Page_login/txt_username' is cleared

2018-08-17 11:30:59 - [MESSAGE][PASSED] - Keys 'auto924562' sent to object: 'Object Repository/Page_login/txt_username'

2018-08-17 11:30:59 - [MESSAGE][PASSED] - Text of object 'Object Repository/Page_login/txt_password' is cleared

2018-08-17 11:30:59 - [MESSAGE][PASSED] - Keys '123456' sent to object: 'Object Repository/Page_login/txt_password'

2018-08-17 11:30:59 - [MESSAGE][PASSED] - Object: 'Object Repository/Page_login/btn_login' is clicked on

2018-08-17 11:30:59 - [MESSAGE][PASSED] - Wait for page load successfully

2018-08-17 11:30:59 - [MESSAGE][PASSED] - beautytap.GeneralAction.login is PASSED

2018-08-17 11:30:59 - [TEST_STEP][PASSED] - verifyElementPresent: Object 'Object Repository/Page_General/link_avatar' is present

2018-08-17 11:31:14 - [MESSAGE][PASSED] - Object 'Object Repository/Page_General/link_avatar' is present

2018-08-17 11:31:14 - [TEST_STEP][PASSED] - beautytap.GeneralAction.logout: beautytap.GeneralAction.logout is PASSED

2018-08-17 11:31:15 - [MESSAGE][PASSED] - Object: 'Object Repository/Page_General/link_avatar' is clicked on

2018-08-17 11:31:15 - [MESSAGE][PASSED] - Object 'Object Repository/Page_General/menu_logout' is present

2018-08-17 11:31:15 - [MESSAGE][PASSED] - Object: 'Object Repository/Page_General/menu_logout' is clicked on

2018-08-17 11:31:15 - [MESSAGE][PASSED] - Wait for page load successfully

2018-08-17 11:31:15 - [MESSAGE][PASSED] - beautytap.GeneralAction.logout is PASSED

2018-08-17 11:31:15 - [TEST_STEP][PASSED] - beautytap.GeneralAction.clickNavigationMenu: beautytap.GeneralAction.clickNavigationMenu is PASSED

2018-08-17 11:31:34 - [MESSAGE][PASSED] - Object: 'Object Repository/Page_General/link_login' is clicked on

2018-08-17 11:31:34 - [MESSAGE][PASSED] - Wait for page load successfully

2018-08-17 11:31:34 - [MESSAGE][PASSED] - beautytap.GeneralAction.clickNavigationMenu is PASSED

2018-08-17 11:31:34 - [TEST_STEP][PASSED] - beautytap.GeneralAction.login: beautytap.GeneralAction.login is PASSED

2018-08-17 11:31:34 - [MESSAGE][PASSED] - Text of object 'Object Repository/Page_login/txt_username' is cleared

2018-08-17 11:31:35 - [MESSAGE][PASSED] - Keys 'auto924562@mailinator.com' sent to object: 'Object Repository/Page_login/txt_username'

2018-08-17 11:31:35 - [MESSAGE][PASSED] - Text of object 'Object Repository/Page_login/txt_password' is cleared

2018-08-17 11:31:35 - [MESSAGE][PASSED] - Keys '123456' sent to object: 'Object Repository/Page_login/txt_password'

2018-08-17 11:31:35 - [MESSAGE][PASSED] - Object: 'Object Repository/Page_login/btn_login' is clicked on

2018-08-17 11:31:35 - [MESSAGE][PASSED] - Wait for page load successfully

2018-08-17 11:31:35 - [MESSAGE][PASSED] - beautytap.GeneralAction.login is PASSED

2018-08-17 11:31:35 - [TEST_STEP][PASSED] - verifyElementPresent: Object 'Object Repository/Page_General/link_avatar' is present

2018-08-17 11:31:50 - [MESSAGE][PASSED] - Object 'Object Repository/Page_General/link_avatar' is present

2018-08-17 11:31:50 - [TEST_STEP][PASSED] - beautytap.GeneralAction.logout: beautytap.GeneralAction.logout is PASSED

2018-08-17 11:31:50 - [MESSAGE][PASSED] - Object: 'Object Repository/Page_General/link_avatar' is clicked on

2018-08-17 11:31:50 - [MESSAGE][PASSED] - Object 'Object Repository/Page_General/menu_logout' is present

2018-08-17 11:31:51 - [MESSAGE][PASSED] - Object: 'Object Repository/Page_General/menu_logout' is clicked on

2018-08-17 11:31:51 - [MESSAGE][PASSED] - Wait for page load successfully

2018-08-17 11:31:51 - [MESSAGE][PASSED] - beautytap.GeneralAction.logout is PASSED

2018-08-17 11:31:51 - [TEST_STEP][PASSED] - beautytap.GeneralAction.clickNavigationMenu: beautytap.GeneralAction.clickNavigationMenu is PASSED

2018-08-17 11:32:10 - [MESSAGE][PASSED] - Object: 'Object Repository/Page_General/link_login' is clicked on

2018-08-17 11:32:10 - [MESSAGE][PASSED] - Wait for page load successfully

2018-08-17 11:32:10 - [MESSAGE][PASSED] - beautytap.GeneralAction.clickNavigationMenu is PASSED

2018-08-17 11:32:10 - [TEST_STEP][PASSED] - click: Object: 'Object Repository/Page_Login/link_forgotPassword' is clicked on

2018-08-17 11:32:19 - [MESSAGE][PASSED] - Object: 'Object Repository/Page_Login/link_forgotPassword' is clicked on

2018-08-17 11:32:19 - [TEST_STEP][PASSED] - sendKeys: Keys 'auto924562' sent to object: 'Object Repository/Page_ForgotPassword/txt_usernameOrEmail'

2018-08-17 11:32:19 - [MESSAGE][PASSED] - Keys 'auto924562' sent to object: 'Object Repository/Page_ForgotPassword/txt_usernameOrEmail'

2018-08-17 11:32:19 - [TEST_STEP][PASSED] - click: Object: 'Object Repository/Page_ForgotPassword/btn_forgotPassword' is clicked on

2018-08-17 11:32:19 - [MESSAGE][PASSED] - Object: 'Object Repository/Page_ForgotPassword/btn_forgotPassword' is clicked on

2018-08-17 11:32:19 - [TEST_STEP][PASSED] - verifyElementPresent: Object 'Object Repository/Page_ForgotPassword/lbl_sucessMessage' is present

2018-08-17 11:32:25 - [MESSAGE][PASSED] - Object 'Object Repository/Page_ForgotPassword/lbl_sucessMessage' is present

2018-08-17 11:32:25 - [TEST_STEP][PASSED] - beautytap.GeneralAction.openMailBox: beautytap.GeneralAction.openMailBox is PASSED

2018-08-17 11:32:26 - [MESSAGE][PASSED] - Navigate to 'https://www.mailinator.com' successfully

2018-08-17 11:32:26 - [MESSAGE][PASSED] - Wait for page load successfully

2018-08-17 11:32:26 - [MESSAGE][PASSED] - Keys 'auto924562' sent to object: 'Object Repository/Page_mailinator/txt_email'

2018-08-17 11:32:28 - [MESSAGE][PASSED] - Object: 'Object Repository/Page_mailinator/btn_go' is clicked on

2018-08-17 11:32:28 - [MESSAGE][PASSED] - Wait for page load successfully

2018-08-17 11:32:29 - [MESSAGE][PASSED] - Object: '' is clicked on

2018-08-17 11:32:29 - [MESSAGE][PASSED] - beautytap.GeneralAction.openMailBox is PASSED

2018-08-17 11:32:29 - [TEST_STEP][PASSED] - beautytap.GeneralAction.verifyEmailExist: beautytap.GeneralAction.verifyEmailExist is PASSED

2018-08-17 11:32:31 - [MESSAGE][PASSED] - Object '' is present

2018-08-17 11:32:31 - [MESSAGE][PASSED] - beautytap.GeneralAction.verifyEmailExist is PASSED

2018-08-17 11:32:31 - [TEST_STEP][PASSED] - beautytap.GeneralAction.openEmail: beautytap.GeneralAction.openEmail is PASSED

2018-08-17 11:32:31 - [MESSAGE][PASSED] - Object: '' is clicked on

2018-08-17 11:32:31 - [MESSAGE][PASSED] - beautytap.GeneralAction.openEmail is PASSED

2018-08-17 11:32:31 - [TEST_STEP][PASSED] - beautytap.GeneralAction.clickEmailLink: beautytap.GeneralAction.clickEmailLink is PASSED

2018-08-17 11:32:32 - [MESSAGE][PASSED] - Text of object '' is: 'https://stage.beautytap.com/wp-login.php?action=rp&key=PTaB3zLsH3Q4AuibjmEe&login=auto924562'

2018-08-17 11:32:42 - [MESSAGE][PASSED] - Navigate to 'https://stage.beautytap.com/wp-login.php?action=rp&key=PTaB3zLsH3Q4AuibjmEe&login=auto924562' successfully

2018-08-17 11:32:42 - [MESSAGE][PASSED] - beautytap.GeneralAction.clickEmailLink is PASSED

2018-08-17 11:32:42 - [TEST_STEP][PASSED] - delay: Delayed 20 second(s)

2018-08-17 11:33:02 - [MESSAGE][PASSED] - Delayed 20 second(s)

2018-08-17 11:33:02 - [TEST_STEP][PASSED] - clearText: Text of object 'Object Repository/Page_ForgotPassword/txt_newPassword' is cleared

2018-08-17 11:33:02 - [MESSAGE][PASSED] - Text of object 'Object Repository/Page_ForgotPassword/txt_newPassword' is cleared

2018-08-17 11:33:02 - [TEST_STEP][PASSED] - sendKeys: Keys 'test123' sent to object: 'Object Repository/Page_ForgotPassword/txt_newPassword'

2018-08-17 11:33:02 - [MESSAGE][PASSED] - Keys 'test123' sent to object: 'Object Repository/Page_ForgotPassword/txt_newPassword'

2018-08-17 11:33:02 - [TEST_STEP][PASSED] - click: Object: 'Object Repository/Page_ForgotPassword/btn_resetPassword' is clicked on

2018-08-17 11:33:13 - [MESSAGE][PASSED] - Object: 'Object Repository/Page_ForgotPassword/btn_resetPassword' is clicked on

2018-08-17 11:33:13 - [TEST_STEP][PASSED] - verifyElementPresent: Object 'Object Repository/Page_ForgotPassword/lbl_resetPasswordMessage' is present

2018-08-17 11:33:13 - [MESSAGE][PASSED] - Object 'Object Repository/Page_ForgotPassword/lbl_resetPasswordMessage' is present

2018-08-17 11:33:13 - [TEST_STEP][PASSED] - beautytap.GeneralAction.clickNavigationMenu: beautytap.GeneralAction.clickNavigationMenu is PASSED

2018-08-17 11:33:22 - [MESSAGE][PASSED] - Object: 'Object Repository/Page_General/link_login' is clicked on

2018-08-17 11:33:22 - [MESSAGE][PASSED] - Wait for page load successfully

2018-08-17 11:33:22 - [MESSAGE][PASSED] - beautytap.GeneralAction.clickNavigationMenu is PASSED

2018-08-17 11:33:22 - [TEST_STEP][PASSED] - beautytap.GeneralAction.login: beautytap.GeneralAction.login is PASSED

2018-08-17 11:33:22 - [MESSAGE][PASSED] - Text of object 'Object Repository/Page_login/txt_username' is cleared

2018-08-17 11:33:22 - [MESSAGE][PASSED] - Keys 'auto924562' sent to object: 'Object Repository/Page_login/txt_username'

2018-08-17 11:33:22 - [MESSAGE][PASSED] - Text of object 'Object Repository/Page_login/txt_password' is cleared

2018-08-17 11:33:23 - [MESSAGE][PASSED] - Keys '123456' sent to object: 'Object Repository/Page_login/txt_password'

2018-08-17 11:33:23 - [MESSAGE][PASSED] - Object: 'Object Repository/Page_login/btn_login' is clicked on

2018-08-17 11:33:23 - [MESSAGE][PASSED] - Wait for page load successfully

2018-08-17 11:33:23 - [MESSAGE][PASSED] - beautytap.GeneralAction.login is PASSED

2018-08-17 11:33:23 - [TEST_STEP][PASSED] - verifyElementText: Actual text and expected text of test object 'Object Repository/Page_Login/lbl_errorMessage' are matched.

2018-08-17 11:33:25 - [MESSAGE][PASSED] - Actual text and expected text of test object 'Object Repository/Page_Login/lbl_errorMessage' are matched.

2018-08-17 11:33:25 - [TEST_STEP][PASSED] - beautytap.GeneralAction.login: beautytap.GeneralAction.login is PASSED

2018-08-17 11:33:25 - [MESSAGE][PASSED] - Text of object 'Object Repository/Page_login/txt_username' is cleared

2018-08-17 11:33:25 - [MESSAGE][PASSED] - Keys 'auto924562' sent to object: 'Object Repository/Page_login/txt_username'

2018-08-17 11:33:25 - [MESSAGE][PASSED] - Text of object 'Object Repository/Page_login/txt_password' is cleared

2018-08-17 11:33:25 - [MESSAGE][PASSED] - Keys 'test123' sent to object: 'Object Repository/Page_login/txt_password'

2018-08-17 11:33:25 - [MESSAGE][PASSED] - Object: 'Object Repository/Page_login/btn_login' is clicked on

2018-08-17 11:33:25 - [MESSAGE][PASSED] - Wait for page load successfully

2018-08-17 11:33:25 - [MESSAGE][PASSED] - beautytap.GeneralAction.login is PASSED

2018-08-17 11:33:25 - [TEST_STEP][PASSED] - verifyElementPresent: Object 'Object Repository/Page_General/link_avatar' is present

2018-08-17 11:33:40 - [MESSAGE][PASSED] - Object 'Object Repository/Page_General/link_avatar' is present

2018-08-17 11:33:40 - [TEST_STEP][PASSED] - beautytap.GeneralAction.logout: beautytap.GeneralAction.logout is PASSED

2018-08-17 11:33:40 - [MESSAGE][PASSED] - Object: 'Object Repository/Page_General/link_avatar' is clicked on

2018-08-17 11:33:41 - [MESSAGE][PASSED] - Object 'Object Repository/Page_General/menu_logout' is present

2018-08-17 11:33:41 - [MESSAGE][PASSED] - Object: 'Object Repository/Page_General/menu_logout' is clicked on

2018-08-17 11:33:41 - [MESSAGE][PASSED] - Wait for page load successfully

2018-08-17 11:33:41 - [MESSAGE][PASSED] - beautytap.GeneralAction.logout is PASSED

2018-08-17 11:33:41 - [TEST_STEP][PASSED] - beautytap.GeneralAction.clickNavigationMenu: beautytap.GeneralAction.clickNavigationMenu is PASSED

2018-08-17 11:34:00 - [MESSAGE][PASSED] - Object: 'Object Repository/Page_General/link_login' is clicked on

2018-08-17 11:34:00 - [MESSAGE][PASSED] - Wait for page load successfully

2018-08-17 11:34:00 - [MESSAGE][PASSED] - beautytap.GeneralAction.clickNavigationMenu is PASSED

2018-08-17 11:34:00 - [TEST_STEP][PASSED] - beautytap.GeneralAction.login: beautytap.GeneralAction.login is PASSED

2018-08-17 11:34:00 - [MESSAGE][PASSED] - Text of object 'Object Repository/Page_login/txt_username' is cleared

2018-08-17 11:34:01 - [MESSAGE][PASSED] - Keys 'auto924562@mailinator.com' sent to object: 'Object Repository/Page_login/txt_username'

2018-08-17 11:34:01 - [MESSAGE][PASSED] - Text of object 'Object Repository/Page_login/txt_password' is cleared

2018-08-17 11:34:01 - [MESSAGE][PASSED] - Keys 'test123' sent to object: 'Object Repository/Page_login/txt_password'

2018-08-17 11:34:01 - [MESSAGE][PASSED] - Object: 'Object Repository/Page_login/btn_login' is clicked on

2018-08-17 11:34:01 - [MESSAGE][PASSED] - Wait for page load successfully

2018-08-17 11:34:01 - [MESSAGE][PASSED] - beautytap.GeneralAction.login is PASSED

2018-08-17 11:34:01 - [TEST_STEP][PASSED] - verifyElementPresent: Object 'Object Repository/Page_General/link_avatar' is present

2018-08-17 11:34:16 - [MESSAGE][PASSED] - Object 'Object Repository/Page_General/link_avatar' is present

2018-08-17 11:34:16 - [TEST_STEP][PASSED] - beautytap.GeneralAction.logout: beautytap.GeneralAction.logout is PASSED

2018-08-17 11:34:16 - [MESSAGE][PASSED] - Object: 'Object Repository/Page_General/link_avatar' is clicked on

2018-08-17 11:34:17 - [MESSAGE][PASSED] - Object 'Object Repository/Page_General/menu_logout' is present

2018-08-17 11:34:17 - [MESSAGE][PASSED] - Object: 'Object Repository/Page_General/menu_logout' is clicked on

2018-08-17 11:34:17 - [MESSAGE][PASSED] - Wait for page load successfully

2018-08-17 11:34:18 - [MESSAGE][PASSED] - Browser is closed

2018-08-17 11:34:18 - [MESSAGE][PASSED] - beautytap.GeneralAction.logout is PASSED]]></system-out>
         <system-err><![CDATA[]]></system-err>
      </testcase>
      <testcase name="Test Cases/SignUp_Login_ResetPass/TC02_SignUp_Login_ViaFacebookEmail_NewUser_OldUser" classname="Test Cases/SignUp_Login_ResetPass/TC02_SignUp_Login_ViaFacebookEmail_NewUser_OldUser" status="PASSED">
         <system-out><![CDATA[2018-08-17 11:34:18 - [TEST_CASE][PASSED] - Test Cases/SignUp_Login_ResetPass/TC02_SignUp_Login_ViaFacebookEmail_NewUser_OldUser: Test Cases/SignUp_Login_ResetPass/TC02_SignUp_Login_ViaFacebookEmail_NewUser_OldUser

2018-08-17 11:34:18 - [TEST_STEP][PASSED] - beautytap.AdminAction.deleteUser: beautytap.AdminAction.deleteUser is PASSED

2018-08-17 11:34:31 - [MESSAGE][PASSED] - Browser is opened with url: 'https://stage.beautytap.com/login'

2018-08-17 11:34:33 - [MESSAGE][PASSED] - Current window maximized

2018-08-17 11:34:33 - [MESSAGE][PASSED] - Text of object 'Object Repository/Page_login/txt_username' is cleared

2018-08-17 11:34:33 - [MESSAGE][PASSED] - Keys 'mrwhite' sent to object: 'Object Repository/Page_login/txt_username'

2018-08-17 11:34:33 - [MESSAGE][PASSED] - Text of object 'Object Repository/Page_login/txt_password' is cleared

2018-08-17 11:34:33 - [MESSAGE][PASSED] - Keys 'kgySM$Im' sent to object: 'Object Repository/Page_login/txt_password'

2018-08-17 11:34:33 - [MESSAGE][PASSED] - Object: 'Object Repository/Page_login/btn_login' is clicked on

2018-08-17 11:34:33 - [MESSAGE][PASSED] - Wait for page load successfully

2018-08-17 11:34:33 - [MESSAGE][PASSED] - Wait for page load successfully

2018-08-17 11:34:48 - [MESSAGE][PASSED] - Navigate to 'https://stage.beautytap.com/admin' successfully

2018-08-17 11:34:48 - [MESSAGE][PASSED] - Wait for page load successfully

2018-08-17 11:35:03 - [MESSAGE][PASSED] - Object: 'Object Repository/Page_Admin/menu_users' is clicked on

2018-08-17 11:35:03 - [MESSAGE][PASSED] - Wait for page load successfully

2018-08-17 11:35:03 - [MESSAGE][PASSED] - Text of object 'Object Repository/Page_Admin/txt_searchBox' is cleared

2018-08-17 11:35:03 - [MESSAGE][PASSED] - Keys 'g5.posiba@gmail.com' sent to object: 'Object Repository/Page_Admin/txt_searchBox'

2018-08-17 11:35:08 - [MESSAGE][PASSED] - Object: 'Object Repository/Page_Admin/btn_searchUser' is clicked on

2018-08-17 11:35:08 - [MESSAGE][PASSED] - Wait for page load successfully

2018-08-17 11:35:08 - [MESSAGE][PASSED] - Text of object '' is: 'g5.posiba@gmail.com'

2018-08-17 11:35:08 - [MESSAGE][PASSED] - Attribute 'id' of object '' is: 'user-64365'

2018-08-17 11:35:08 - [MESSAGE][PASSED] - Object: '' is hovered

2018-08-17 11:35:13 - [MESSAGE][PASSED] - Delayed 5 second(s)

2018-08-17 11:35:13 - [MESSAGE][PASSED] - Object: '' is clicked on

2018-08-17 11:35:13 - [MESSAGE][PASSED] - Alert accepted

2018-08-17 11:35:15 - [MESSAGE][PASSED] - Wait for page load successfully

2018-08-17 11:35:22 - [MESSAGE][PASSED] - Object: 'Object Repository/Page_Admin/btn_confirmDeleteUser' is clicked on

2018-08-17 11:35:22 - [MESSAGE][PASSED] - Wait for page load successfully

2018-08-17 11:35:23 - [MESSAGE][PASSED] - Browser is closed

2018-08-17 11:35:23 - [MESSAGE][PASSED] - beautytap.AdminAction.deleteUser is PASSED

2018-08-17 11:35:23 - [TEST_STEP][PASSED] - beautytap.GeneralAction.openBeautytap: beautytap.GeneralAction.openBeautytap is PASSED

2018-08-17 11:35:43 - [MESSAGE][PASSED] - Browser is opened with url: 'https://stage.beautytap.com'

2018-08-17 11:35:44 - [MESSAGE][PASSED] - Current window maximized

2018-08-17 11:35:52 - [MESSAGE][PASSED] - Refresh successfully

2018-08-17 11:35:52 - [MESSAGE][PASSED] - Wait for page load successfully

2018-08-17 11:35:52 - [MESSAGE][PASSED] - beautytap.GeneralAction.openBeautytap is PASSED

2018-08-17 11:35:52 - [TEST_STEP][PASSED] - beautytap.GeneralAction.clickNavigationMenu: beautytap.GeneralAction.clickNavigationMenu is PASSED

2018-08-17 11:36:01 - [MESSAGE][PASSED] - Object: 'Object Repository/Page_General/link_signup' is clicked on

2018-08-17 11:36:01 - [MESSAGE][PASSED] - Wait for page load successfully

2018-08-17 11:36:01 - [MESSAGE][PASSED] - beautytap.GeneralAction.clickNavigationMenu is PASSED

2018-08-17 11:36:01 - [TEST_STEP][PASSED] - beautytap.GeneralAction.signupViaFacebook: beautytap.GeneralAction.signupViaFacebook is PASSED

2018-08-17 11:36:01 - [MESSAGE][PASSED] - Object: 'Object Repository/Page_Signup/btn_signupFB' is clicked on

2018-08-17 11:36:01 - [MESSAGE][PASSED] - Switched to window with index: '1'

2018-08-17 11:36:03 - [MESSAGE][PASSED] - Keys 'g5.posiba@gmail.com' sent to object: 'Object Repository/Popup_FacebookLogin/txt_email'

2018-08-17 11:36:03 - [MESSAGE][PASSED] - Keys 'posiba123' sent to object: 'Object Repository/Popup_FacebookLogin/txt_password'

2018-08-17 11:36:04 - [MESSAGE][PASSED] - Object: 'Object Repository/Popup_FacebookLogin/btn_login' is clicked on

2018-08-17 11:36:06 - [MESSAGE][WARNING] - Cannot take screenshot

2018-08-17 11:36:06 - [MESSAGE][FAILED] - Unable to get text of object 'Object Repository/Popup_FacebookLogin/btn_confirmPermission' (Root cause: org.openqa.selenium.NoSuchWindowException: no such window: window was already closed
  (Session info: chrome=68.0.3440.106)
  (Driver info: chromedriver=2.35.528161 (5b82f2d2aae0ca24b877009200ced9065a772e73),platform=Windows NT 10.0.17134 x86_64) (WARNING: The server did not provide any stacktrace information)
Command duration or timeout: 0 milliseconds
Build info: version: '3.7.1', revision: '8a0099a', time: '2017-11-06T21:07:36.161Z'
System info: host: 'DESKTOP-G1UHP65', ip: '10.0.0.151', os.name: 'Windows 10', os.arch: 'amd64', os.version: '10.0', java.version: '1.8.0_102'
Driver info: com.kms.katalon.selenium.driver.CChromeDriver
Capabilities {acceptInsecureCerts: false, acceptSslCerts: false, applicationCacheEnabled: false, browserConnectionEnabled: false, browserName: chrome, chrome: {chromedriverVersion: 2.35.528161 (5b82f2d2aae0ca..., userDataDir: C:\Users\TRANGN~1\AppData\L...}, cssSelectorsEnabled: true, databaseEnabled: false, handlesAlerts: true, hasTouchScreen: false, javascriptEnabled: true, locationContextEnabled: true, mobileEmulationEnabled: false, nativeEvents: true, networkConnectionEnabled: false, pageLoadStrategy: normal, platform: XP, platformName: XP, rotatable: false, setWindowRect: true, takesHeapSnapshot: true, takesScreenshot: true, unexpectedAlertBehaviour: , unhandledPromptBehavior: , version: 68.0.3440.106, webStorageEnabled: true}
Session ID: 1f417e164b7a6aab1c119ea8d2e28c6f
*** Element info: {Using=xpath, value=//button[contains(@class,'layerConfirm') and contains(@name,'CONFIRM')]})

2018-08-17 11:36:06 - [MESSAGE][PASSED] - Switched to window with index: '0'

2018-08-17 11:36:21 - [MESSAGE][PASSED] - Delayed 15 second(s)

2018-08-17 11:36:34 - [MESSAGE][PASSED] - Wait for page load successfully

2018-08-17 11:36:34 - [MESSAGE][PASSED] - beautytap.GeneralAction.signupViaFacebook is PASSED

2018-08-17 11:36:34 - [TEST_STEP][PASSED] - verifyElementPresent: Object 'Object Repository/Page_General/link_avatar' is present

2018-08-17 11:36:34 - [MESSAGE][PASSED] - Object 'Object Repository/Page_General/link_avatar' is present

2018-08-17 11:36:34 - [TEST_STEP][PASSED] - beautytap.GeneralAction.logout: beautytap.GeneralAction.logout is PASSED

2018-08-17 11:36:34 - [MESSAGE][PASSED] - Object: 'Object Repository/Page_General/link_avatar' is clicked on

2018-08-17 11:36:34 - [MESSAGE][PASSED] - Object 'Object Repository/Page_General/menu_logout' is present

2018-08-17 11:36:35 - [MESSAGE][PASSED] - Object: 'Object Repository/Page_General/menu_logout' is clicked on

2018-08-17 11:36:35 - [MESSAGE][PASSED] - Wait for page load successfully

2018-08-17 11:36:35 - [MESSAGE][PASSED] - Browser is closed

2018-08-17 11:36:35 - [MESSAGE][PASSED] - beautytap.GeneralAction.logout is PASSED

2018-08-17 11:36:35 - [TEST_STEP][PASSED] - beautytap.AdminAction.deleteUser: beautytap.AdminAction.deleteUser is PASSED

2018-08-17 11:36:49 - [MESSAGE][PASSED] - Browser is opened with url: 'https://stage.beautytap.com/login'

2018-08-17 11:36:50 - [MESSAGE][PASSED] - Current window maximized

2018-08-17 11:36:50 - [MESSAGE][PASSED] - Text of object 'Object Repository/Page_login/txt_username' is cleared

2018-08-17 11:36:50 - [MESSAGE][PASSED] - Keys 'mrwhite' sent to object: 'Object Repository/Page_login/txt_username'

2018-08-17 11:36:50 - [MESSAGE][PASSED] - Text of object 'Object Repository/Page_login/txt_password' is cleared

2018-08-17 11:36:51 - [MESSAGE][PASSED] - Keys 'kgySM$Im' sent to object: 'Object Repository/Page_login/txt_password'

2018-08-17 11:36:51 - [MESSAGE][PASSED] - Object: 'Object Repository/Page_login/btn_login' is clicked on

2018-08-17 11:36:51 - [MESSAGE][PASSED] - Wait for page load successfully

2018-08-17 11:36:51 - [MESSAGE][PASSED] - Wait for page load successfully

2018-08-17 11:37:01 - [MESSAGE][PASSED] - Navigate to 'https://stage.beautytap.com/admin' successfully

2018-08-17 11:37:01 - [MESSAGE][PASSED] - Wait for page load successfully

2018-08-17 11:37:10 - [MESSAGE][PASSED] - Object: 'Object Repository/Page_Admin/menu_users' is clicked on

2018-08-17 11:37:10 - [MESSAGE][PASSED] - Wait for page load successfully

2018-08-17 11:37:10 - [MESSAGE][PASSED] - Text of object 'Object Repository/Page_Admin/txt_searchBox' is cleared

2018-08-17 11:37:10 - [MESSAGE][PASSED] - Keys 'g5.posiba@gmail.com' sent to object: 'Object Repository/Page_Admin/txt_searchBox'

2018-08-17 11:37:14 - [MESSAGE][PASSED] - Object: 'Object Repository/Page_Admin/btn_searchUser' is clicked on

2018-08-17 11:37:14 - [MESSAGE][PASSED] - Wait for page load successfully

2018-08-17 11:37:14 - [MESSAGE][PASSED] - Text of object '' is: 'g5.posiba@gmail.com'

2018-08-17 11:37:14 - [MESSAGE][PASSED] - Attribute 'id' of object '' is: 'user-64367'

2018-08-17 11:37:14 - [MESSAGE][PASSED] - Object: '' is hovered

2018-08-17 11:37:19 - [MESSAGE][PASSED] - Delayed 5 second(s)

2018-08-17 11:37:19 - [MESSAGE][PASSED] - Object: '' is clicked on

2018-08-17 11:37:19 - [MESSAGE][PASSED] - Alert accepted

2018-08-17 11:37:20 - [MESSAGE][PASSED] - Wait for page load successfully

2018-08-17 11:37:27 - [MESSAGE][PASSED] - Object: 'Object Repository/Page_Admin/btn_confirmDeleteUser' is clicked on

2018-08-17 11:37:27 - [MESSAGE][PASSED] - Wait for page load successfully

2018-08-17 11:37:28 - [MESSAGE][PASSED] - Browser is closed

2018-08-17 11:37:28 - [MESSAGE][PASSED] - beautytap.AdminAction.deleteUser is PASSED

2018-08-17 11:37:28 - [TEST_STEP][PASSED] - beautytap.GeneralAction.openBeautytap: beautytap.GeneralAction.openBeautytap is PASSED

2018-08-17 11:37:48 - [MESSAGE][PASSED] - Browser is opened with url: 'https://stage.beautytap.com'

2018-08-17 11:37:49 - [MESSAGE][PASSED] - Current window maximized

2018-08-17 11:37:57 - [MESSAGE][PASSED] - Refresh successfully

2018-08-17 11:37:57 - [MESSAGE][PASSED] - Wait for page load successfully

2018-08-17 11:37:57 - [MESSAGE][PASSED] - beautytap.GeneralAction.openBeautytap is PASSED

2018-08-17 11:37:57 - [TEST_STEP][PASSED] - beautytap.GeneralAction.clickNavigationMenu: beautytap.GeneralAction.clickNavigationMenu is PASSED

2018-08-17 11:38:06 - [MESSAGE][PASSED] - Object: 'Object Repository/Page_General/link_login' is clicked on

2018-08-17 11:38:06 - [MESSAGE][PASSED] - Wait for page load successfully

2018-08-17 11:38:06 - [MESSAGE][PASSED] - beautytap.GeneralAction.clickNavigationMenu is PASSED

2018-08-17 11:38:06 - [TEST_STEP][PASSED] - beautytap.GeneralAction.login: beautytap.GeneralAction.login is PASSED

2018-08-17 11:38:06 - [MESSAGE][PASSED] - Object: 'Object Repository/Page_Login/btn_loginFB' is clicked on

2018-08-17 11:38:06 - [MESSAGE][PASSED] - Switched to window with index: '1'

2018-08-17 11:38:07 - [MESSAGE][PASSED] - Object 'Object Repository/Popup_FacebookLogin/txt_email' is visible

2018-08-17 11:38:08 - [MESSAGE][PASSED] - Keys 'g5.posiba@gmail.com' sent to object: 'Object Repository/Popup_FacebookLogin/txt_email'

2018-08-17 11:38:08 - [MESSAGE][PASSED] - Keys 'posiba123' sent to object: 'Object Repository/Popup_FacebookLogin/txt_password'

2018-08-17 11:38:09 - [MESSAGE][PASSED] - Object: 'Object Repository/Popup_FacebookLogin/btn_login' is clicked on

2018-08-17 11:38:09 - [MESSAGE][PASSED] - Switched to window with index: '0'

2018-08-17 11:38:09 - [MESSAGE][PASSED] - Wait for page load successfully

2018-08-17 11:38:09 - [MESSAGE][PASSED] - beautytap.GeneralAction.login is PASSED

2018-08-17 11:38:09 - [TEST_STEP][PASSED] - verifyElementPresent: Object 'Object Repository/Page_General/link_avatar' is present

2018-08-17 11:38:37 - [MESSAGE][PASSED] - Object 'Object Repository/Page_General/link_avatar' is present

2018-08-17 11:38:37 - [TEST_STEP][PASSED] - beautytap.GeneralAction.logout: beautytap.GeneralAction.logout is PASSED

2018-08-17 11:38:37 - [MESSAGE][PASSED] - Object: 'Object Repository/Page_General/link_avatar' is clicked on

2018-08-17 11:38:37 - [MESSAGE][PASSED] - Object 'Object Repository/Page_General/menu_logout' is present

2018-08-17 11:38:37 - [MESSAGE][PASSED] - Object: 'Object Repository/Page_General/menu_logout' is clicked on

2018-08-17 11:38:37 - [MESSAGE][PASSED] - Wait for page load successfully

2018-08-17 11:38:38 - [MESSAGE][PASSED] - Browser is closed

2018-08-17 11:38:38 - [MESSAGE][PASSED] - beautytap.GeneralAction.logout is PASSED

2018-08-17 11:38:38 - [TEST_STEP][PASSED] - beautytap.GeneralAction.openBeautytap: beautytap.GeneralAction.openBeautytap is PASSED

2018-08-17 11:38:56 - [MESSAGE][PASSED] - Browser is opened with url: 'https://stage.beautytap.com'

2018-08-17 11:38:57 - [MESSAGE][PASSED] - Current window maximized

2018-08-17 11:39:05 - [MESSAGE][PASSED] - Refresh successfully

2018-08-17 11:39:05 - [MESSAGE][PASSED] - Wait for page load successfully

2018-08-17 11:39:05 - [MESSAGE][PASSED] - beautytap.GeneralAction.openBeautytap is PASSED

2018-08-17 11:39:05 - [TEST_STEP][PASSED] - beautytap.GeneralAction.clickNavigationMenu: beautytap.GeneralAction.clickNavigationMenu is PASSED

2018-08-17 11:39:14 - [MESSAGE][PASSED] - Object: 'Object Repository/Page_General/link_signup' is clicked on

2018-08-17 11:39:14 - [MESSAGE][PASSED] - Wait for page load successfully

2018-08-17 11:39:14 - [MESSAGE][PASSED] - beautytap.GeneralAction.clickNavigationMenu is PASSED

2018-08-17 11:39:14 - [TEST_STEP][PASSED] - beautytap.GeneralAction.signupViaFacebook: beautytap.GeneralAction.signupViaFacebook is PASSED

2018-08-17 11:39:14 - [MESSAGE][PASSED] - Object: 'Object Repository/Page_Signup/btn_signupFB' is clicked on

2018-08-17 11:39:14 - [MESSAGE][PASSED] - Switched to window with index: '1'

2018-08-17 11:39:16 - [MESSAGE][PASSED] - Keys 'g5.posiba@gmail.com' sent to object: 'Object Repository/Popup_FacebookLogin/txt_email'

2018-08-17 11:39:16 - [MESSAGE][PASSED] - Keys 'posiba123' sent to object: 'Object Repository/Popup_FacebookLogin/txt_password'

2018-08-17 11:39:17 - [MESSAGE][PASSED] - Object: 'Object Repository/Popup_FacebookLogin/btn_login' is clicked on

2018-08-17 11:39:19 - [MESSAGE][WARNING] - Cannot take screenshot

2018-08-17 11:39:19 - [MESSAGE][FAILED] - Unable to get text of object 'Object Repository/Popup_FacebookLogin/btn_confirmPermission' (Root cause: org.openqa.selenium.NoSuchWindowException: no such window: window was already closed
  (Session info: chrome=68.0.3440.106)
  (Driver info: chromedriver=2.35.528161 (5b82f2d2aae0ca24b877009200ced9065a772e73),platform=Windows NT 10.0.17134 x86_64) (WARNING: The server did not provide any stacktrace information)
Command duration or timeout: 0 milliseconds
Build info: version: '3.7.1', revision: '8a0099a', time: '2017-11-06T21:07:36.161Z'
System info: host: 'DESKTOP-G1UHP65', ip: '10.0.0.151', os.name: 'Windows 10', os.arch: 'amd64', os.version: '10.0', java.version: '1.8.0_102'
Driver info: com.kms.katalon.selenium.driver.CChromeDriver
Capabilities {acceptInsecureCerts: false, acceptSslCerts: false, applicationCacheEnabled: false, browserConnectionEnabled: false, browserName: chrome, chrome: {chromedriverVersion: 2.35.528161 (5b82f2d2aae0ca..., userDataDir: C:\Users\TRANGN~1\AppData\L...}, cssSelectorsEnabled: true, databaseEnabled: false, handlesAlerts: true, hasTouchScreen: false, javascriptEnabled: true, locationContextEnabled: true, mobileEmulationEnabled: false, nativeEvents: true, networkConnectionEnabled: false, pageLoadStrategy: normal, platform: XP, platformName: XP, rotatable: false, setWindowRect: true, takesHeapSnapshot: true, takesScreenshot: true, unexpectedAlertBehaviour: , unhandledPromptBehavior: , version: 68.0.3440.106, webStorageEnabled: true}
Session ID: a6a54b08904e3d98e7e815b9a6d2a438
*** Element info: {Using=xpath, value=//button[contains(@class,'layerConfirm') and contains(@name,'CONFIRM')]})

2018-08-17 11:39:19 - [MESSAGE][PASSED] - Switched to window with index: '0'

2018-08-17 11:39:34 - [MESSAGE][PASSED] - Delayed 15 second(s)

2018-08-17 11:39:34 - [MESSAGE][PASSED] - Wait for page load successfully

2018-08-17 11:39:34 - [MESSAGE][PASSED] - beautytap.GeneralAction.signupViaFacebook is PASSED

2018-08-17 11:39:34 - [TEST_STEP][PASSED] - verifyElementPresent: Object 'Object Repository/Page_General/link_avatar' is present

2018-08-17 11:39:34 - [MESSAGE][PASSED] - Object 'Object Repository/Page_General/link_avatar' is present

2018-08-17 11:39:34 - [TEST_STEP][PASSED] - beautytap.GeneralAction.logout: beautytap.GeneralAction.logout is PASSED

2018-08-17 11:39:34 - [MESSAGE][PASSED] - Object: 'Object Repository/Page_General/link_avatar' is clicked on

2018-08-17 11:39:34 - [MESSAGE][PASSED] - Object 'Object Repository/Page_General/menu_logout' is present

2018-08-17 11:39:34 - [MESSAGE][PASSED] - Object: 'Object Repository/Page_General/menu_logout' is clicked on

2018-08-17 11:39:34 - [MESSAGE][PASSED] - Wait for page load successfully

2018-08-17 11:39:35 - [MESSAGE][PASSED] - Browser is closed

2018-08-17 11:39:35 - [MESSAGE][PASSED] - beautytap.GeneralAction.logout is PASSED

2018-08-17 11:39:35 - [TEST_STEP][PASSED] - beautytap.GeneralAction.openBeautytap: beautytap.GeneralAction.openBeautytap is PASSED

2018-08-17 11:39:49 - [MESSAGE][PASSED] - Browser is opened with url: 'https://stage.beautytap.com'

2018-08-17 11:39:50 - [MESSAGE][PASSED] - Current window maximized

2018-08-17 11:39:58 - [MESSAGE][PASSED] - Refresh successfully

2018-08-17 11:39:58 - [MESSAGE][PASSED] - Wait for page load successfully

2018-08-17 11:39:58 - [MESSAGE][PASSED] - beautytap.GeneralAction.openBeautytap is PASSED

2018-08-17 11:39:58 - [TEST_STEP][PASSED] - beautytap.GeneralAction.clickNavigationMenu: beautytap.GeneralAction.clickNavigationMenu is PASSED

2018-08-17 11:40:07 - [MESSAGE][PASSED] - Object: 'Object Repository/Page_General/link_login' is clicked on

2018-08-17 11:40:07 - [MESSAGE][PASSED] - Wait for page load successfully

2018-08-17 11:40:07 - [MESSAGE][PASSED] - beautytap.GeneralAction.clickNavigationMenu is PASSED

2018-08-17 11:40:07 - [TEST_STEP][PASSED] - beautytap.GeneralAction.login: beautytap.GeneralAction.login is PASSED

2018-08-17 11:40:08 - [MESSAGE][PASSED] - Object: 'Object Repository/Page_Login/btn_loginFB' is clicked on

2018-08-17 11:40:08 - [MESSAGE][PASSED] - Switched to window with index: '1'

2018-08-17 11:40:09 - [MESSAGE][PASSED] - Object 'Object Repository/Popup_FacebookLogin/txt_email' is visible

2018-08-17 11:40:09 - [MESSAGE][PASSED] - Keys 'g5.posiba@gmail.com' sent to object: 'Object Repository/Popup_FacebookLogin/txt_email'

2018-08-17 11:40:09 - [MESSAGE][PASSED] - Keys 'posiba123' sent to object: 'Object Repository/Popup_FacebookLogin/txt_password'

2018-08-17 11:40:11 - [MESSAGE][PASSED] - Object: 'Object Repository/Popup_FacebookLogin/btn_login' is clicked on

2018-08-17 11:40:11 - [MESSAGE][PASSED] - Switched to window with index: '0'

2018-08-17 11:40:11 - [MESSAGE][PASSED] - Wait for page load successfully

2018-08-17 11:40:11 - [MESSAGE][PASSED] - beautytap.GeneralAction.login is PASSED

2018-08-17 11:40:11 - [TEST_STEP][PASSED] - verifyElementPresent: Object 'Object Repository/Page_General/link_avatar' is present

2018-08-17 11:40:25 - [MESSAGE][PASSED] - Object 'Object Repository/Page_General/link_avatar' is present

2018-08-17 11:40:25 - [TEST_STEP][PASSED] - beautytap.GeneralAction.logout: beautytap.GeneralAction.logout is PASSED

2018-08-17 11:40:25 - [MESSAGE][PASSED] - Object: 'Object Repository/Page_General/link_avatar' is clicked on

2018-08-17 11:40:25 - [MESSAGE][PASSED] - Object 'Object Repository/Page_General/menu_logout' is present

2018-08-17 11:40:25 - [MESSAGE][PASSED] - Object: 'Object Repository/Page_General/menu_logout' is clicked on

2018-08-17 11:40:25 - [MESSAGE][PASSED] - Wait for page load successfully

2018-08-17 11:40:26 - [MESSAGE][PASSED] - Browser is closed

2018-08-17 11:40:26 - [MESSAGE][PASSED] - beautytap.GeneralAction.logout is PASSED]]></system-out>
         <system-err><![CDATA[]]></system-err>
      </testcase>
      <system-out><![CDATA[2018-08-17 11:29:33 - [TEST_SUITE][PASSED] - TS1: Test Cases/SignUp_Login_ResetPass/TC02_SignUp_Login_ViaFacebookEmail_NewUser_OldUser]]></system-out>
      <system-err><![CDATA[]]></system-err>
   </testsuite>
</testsuites>
