<?xml version="1.0" encoding="UTF-8"?>
<testsuites name="Regression" time="2803" tests="10" failures="0" errors="0">
   <testsuite name="Regression" tests="10" failures="0" errors="0" time="2803" timestamp="2018-10-17 10:26:13" hostname="Trang Nguyen - DESKTOP-G1UHP65" id="Test Suites/Regression">
      <properties>
         <property name="deviceName" value=""/>
         <property name="devicePlatform" value=""/>
         <property name="logFolder" value="E:\\BeautytapAutomation\\beautytapAuto\\Beautytap\\Reports\\Regression\\20181017_102608"/>
         <property name="logFiles" value="E:\\BeautytapAutomation\\beautytapAuto\\Beautytap\\Reports\\Regression\\20181017_102608\\execution0.log"/>
         <property name="attachments" value="E:\\BeautytapAutomation\\beautytapAuto\\Beautytap\\Reports\\Regression\\20181017_102608\\1539746859080.png, E:\\BeautytapAutomation\\beautytapAuto\\Beautytap\\Reports\\Regression\\20181017_102608\\1539746969404.png, E:\\BeautytapAutomation\\beautytapAuto\\Beautytap\\Reports\\Regression\\20181017_102608\\1539747078444.png, E:\\BeautytapAutomation\\beautytapAuto\\Beautytap\\Reports\\Regression\\20181017_102608\\1539747117216.png, E:\\BeautytapAutomation\\beautytapAuto\\Beautytap\\Reports\\Regression\\20181017_102608\\1539747165421.png, E:\\BeautytapAutomation\\beautytapAuto\\Beautytap\\Reports\\Regression\\20181017_102608\\1539747392853.png, E:\\BeautytapAutomation\\beautytapAuto\\Beautytap\\Reports\\Regression\\20181017_102608\\1539747490163.png, E:\\BeautytapAutomation\\beautytapAuto\\Beautytap\\Reports\\Regression\\20181017_102608\\1539747827377.png, E:\\BeautytapAutomation\\beautytapAuto\\Beautytap\\Reports\\Regression\\20181017_102608\\1539747827687.png, E:\\BeautytapAutomation\\beautytapAuto\\Beautytap\\Reports\\Regression\\20181017_102608\\1539747937288.png, E:\\BeautytapAutomation\\beautytapAuto\\Beautytap\\Reports\\Regression\\20181017_102608\\1539747937597.png, E:\\BeautytapAutomation\\beautytapAuto\\Beautytap\\Reports\\Regression\\20181017_102608\\1539748314119.png, E:\\BeautytapAutomation\\beautytapAuto\\Beautytap\\Reports\\Regression\\20181017_102608\\1539748418664.png, E:\\BeautytapAutomation\\beautytapAuto\\Beautytap\\Reports\\Regression\\20181017_102608\\1539748675547.png, E:\\BeautytapAutomation\\beautytapAuto\\Beautytap\\Reports\\Regression\\20181017_102608\\1539748897778.png, E:\\BeautytapAutomation\\beautytapAuto\\Beautytap\\Reports\\Regression\\20181017_102608\\1539748942626.png, E:\\BeautytapAutomation\\beautytapAuto\\Beautytap\\Reports\\Regression\\20181017_102608\\1539749067314.png, E:\\BeautytapAutomation\\beautytapAuto\\Beautytap\\Reports\\Regression\\20181017_102608\\1539749157115.png, E:\\BeautytapAutomation\\beautytapAuto\\Beautytap\\Reports\\Regression\\20181017_102608\\1539749211189.png, E:\\BeautytapAutomation\\beautytapAuto\\Beautytap\\Reports\\Regression\\20181017_102608\\1539749230222.png, E:\\BeautytapAutomation\\beautytapAuto\\Beautytap\\Reports\\Regression\\20181017_102608\\1539749257780.png, E:\\BeautytapAutomation\\beautytapAuto\\Beautytap\\Reports\\Regression\\20181017_102608\\1539749350327.png, E:\\BeautytapAutomation\\beautytapAuto\\Beautytap\\Reports\\Regression\\20181017_102608\\1539749419805.png, E:\\BeautytapAutomation\\beautytapAuto\\Beautytap\\Reports\\Regression\\20181017_102608\\1539749454182.png"/>
         <property name="hostName" value="Trang Nguyen - DESKTOP-G1UHP65"/>
         <property name="os" value="Windows 10 64bit"/>
         <property name="katalonVersion" value="5.5.0.1"/>
         <property name="browser" value="Chrome 69.0.3497.100"/>
         <property name="hostAddress" value="10.0.0.227"/>
         <property name="sessionId" value="6189ede2ba1bfced9f328faa29407015"/>
         <property name="seleniumVersion" value="3.7.1"/>
         <property name="proxyInformation" value="ProxyInformation{proxyOption=NO_PROXY, proxyServerType=HTTP, password=, proxyServerAddress=, proxyServerPort=0}"/>
         <property name="platform" value="Windows 10"/>
      </properties>
      <testcase name="Test Cases/Shop/TC09_ScheduleSale_LimitStock_SimpleProduct" classname="Test Cases/Shop/TC09_ScheduleSale_LimitStock_SimpleProduct" status="PASSED">
         <system-out><![CDATA[2018-10-17 10:26:14 - [TEST_CASE][PASSED] - Test Cases/Shop/TC09_ScheduleSale_LimitStock_SimpleProduct: Test Cases/Shop/TC09_ScheduleSale_LimitStock_SimpleProduct

2018-10-17 10:26:16 - [TEST_STEP][PASSED] - Statement - productName = SCHEDULE_SIMPLE_PRODUCT: null

2018-10-17 10:26:16 - [TEST_STEP][PASSED] - Statement - regularPrice = SCHEDULE_REGULAR_PRICE: null

2018-10-17 10:26:16 - [TEST_STEP][PASSED] - Statement - salePrice = SCHEDULE_SALE_PRICE: null

2018-10-17 10:26:16 - [TEST_STEP][PASSED] - Statement - quantity = 6: null

2018-10-17 10:26:16 - [TEST_STEP][PASSED] - Statement - subtotalRegular = CustomKeywords.beautytap.ShopAction.calculateTotal(quantity, regularPrice): beautytap.ShopAction.calculateTotal is PASSED

2018-10-17 10:26:16 - [MESSAGE][PASSED] - beautytap.ShopAction.calculateTotal is PASSED

2018-10-17 10:26:16 - [TEST_STEP][PASSED] - Statement - subtotalSale = CustomKeywords.beautytap.ShopAction.calculateTotal(1, salePrice): beautytap.ShopAction.calculateTotal is PASSED

2018-10-17 10:26:16 - [MESSAGE][PASSED] - beautytap.ShopAction.calculateTotal is PASSED

2018-10-17 10:26:16 - [TEST_STEP][PASSED] - Statement - shippingType = "free": null

2018-10-17 10:26:16 - [TEST_STEP][PASSED] - Statement - shippingLabel = FREE_SHIPPING_LABEL: null

2018-10-17 10:26:16 - [TEST_STEP][PASSED] - Statement - shippingTypeSale = "normal": null

2018-10-17 10:26:16 - [TEST_STEP][PASSED] - Statement - shippingLabelSale = SHIPPING_LABEL: null

2018-10-17 10:26:16 - [TEST_STEP][PASSED] - Statement - shippingPriceSale = SHIPPING_PRICE: null

2018-10-17 10:26:16 - [TEST_STEP][PASSED] - Statement - totalSale = java.lang.Float.parseFloat(java.lang.String.format("%.2f", subtotalSale + shippingPriceSale)): null

2018-10-17 10:26:16 - [TEST_STEP][PASSED] - Statement - schedulTimeout = 300: null

2018-10-17 10:26:16 - [TEST_STEP][PASSED] - Statement - limitStockSchedule = "yes": null

2018-10-17 10:26:16 - [TEST_STEP][PASSED] - Statement - variation = new org.json.JSONArray(): null

2018-10-17 10:26:16 - [TEST_STEP][PASSED] - Statement - scheduleDelay = 4: null

2018-10-17 10:26:16 - [TEST_STEP][PASSED] - Statement - scheduleDuration = 4: null

2018-10-17 10:26:16 - [TEST_STEP][PASSED] - Statement - paymentMethod = "Amazon Pay": null

2018-10-17 10:26:16 - [TEST_STEP][PASSED] - beautytap.GeneralAction.openBeautytap: beautytap.GeneralAction.openBeautytap is PASSED

2018-10-17 10:26:30 - [MESSAGE][PASSED] - Browser is opened with url: 'https://stage.beautytap.com/wp-admin'

2018-10-17 10:26:31 - [MESSAGE][PASSED] - Current window maximized

2018-10-17 10:26:36 - [MESSAGE][PASSED] - Refresh successfully

2018-10-17 10:26:36 - [MESSAGE][PASSED] - Wait for page load successfully

2018-10-17 10:26:36 - [MESSAGE][PASSED] - beautytap.GeneralAction.openBeautytap is PASSED

2018-10-17 10:26:36 - [TEST_STEP][PASSED] - beautytap.GeneralAction.login: beautytap.GeneralAction.login is PASSED

2018-10-17 10:26:36 - [MESSAGE][PASSED] - Text of object 'Object Repository/Page_login/txt_username' is cleared

2018-10-17 10:26:37 - [MESSAGE][PASSED] - Keys 'mrwhite' sent to object: 'Object Repository/Page_login/txt_username'

2018-10-17 10:26:37 - [MESSAGE][PASSED] - Text of object 'Object Repository/Page_login/txt_password' is cleared

2018-10-17 10:26:38 - [MESSAGE][PASSED] - Keys 'kgySM$Im' sent to object: 'Object Repository/Page_login/txt_password'

2018-10-17 10:26:48 - [MESSAGE][PASSED] - Object: 'Object Repository/Page_login/btn_login' is clicked on

2018-10-17 10:26:48 - [MESSAGE][PASSED] - Wait for page load successfully

2018-10-17 10:26:48 - [MESSAGE][PASSED] - beautytap.GeneralAction.login is PASSED

2018-10-17 10:26:48 - [TEST_STEP][PASSED] - beautytap.AdminAction.selectAdminMenu: beautytap.AdminAction.selectAdminMenu is PASSED

2018-10-17 10:26:59 - [MESSAGE][PASSED] - Object: '' is clicked on

2018-10-17 10:26:59 - [MESSAGE][PASSED] - Wait for page load successfully

2018-10-17 10:26:59 - [MESSAGE][PASSED] - beautytap.AdminAction.selectAdminMenu is PASSED

2018-10-17 10:26:59 - [TEST_STEP][PASSED] - Statement - datetime = CustomKeywords.beautytap.ShopAction.generateScheduleDateTime(TIMEZONE, scheduleDelay, scheduleDuration): beautytap.ShopAction.generateScheduleDateTime is PASSED

2018-10-17 10:26:59 - [MESSAGE][PASSED] - beautytap.ShopAction.generateScheduleDateTime is PASSED

2018-10-17 10:26:59 - [TEST_STEP][PASSED] - Statement - startDate = datetime.get("startdate"): null

2018-10-17 10:26:59 - [TEST_STEP][PASSED] - Statement - endDate = datetime.get("enddate"): null

2018-10-17 10:26:59 - [TEST_STEP][PASSED] - beautytap.AdminAction.scheduleSaleProduct: beautytap.AdminAction.scheduleSaleProduct is PASSED

2018-10-17 10:26:59 - [MESSAGE][PASSED] - Text of object 'Object Repository/Page_Admin/txt_searchProduct' is cleared

2018-10-17 10:27:00 - [MESSAGE][PASSED] - Keys 'PURITO Defence Barrier pH Cleanser 150ml' sent to object: 'Object Repository/Page_Admin/txt_searchProduct'

2018-10-17 10:27:06 - [MESSAGE][PASSED] - Object: 'Object Repository/Page_Admin/btn_searchProduct' is clicked on

2018-10-17 10:27:23 - [MESSAGE][PASSED] - Object: '' is clicked on

2018-10-17 10:27:33 - [MESSAGE][PASSED] - Delayed 10 second(s)

2018-10-17 10:27:39 - [MESSAGE][WARNING] - com.kms.katalon.core.webui.exception.WebElementNotFoundException: Web element with id: 'Object Repository/Page_Admin/link_schedule' located by 'By.xpath: //a[@class='sale_schedule' and text()='Schedule' and not(@style='display: none;')]' not found
[[ATTACHMENT|E:\\BeautytapAutomation\\beautytapAuto\\Beautytap\\Reports\\Regression\\20181017_102608\\1539746859080.png]]

2018-10-17 10:27:39 - [MESSAGE][PASSED] - Text of object 'Object Repository/Page_Admin/txt_salePrice' is cleared

2018-10-17 10:27:40 - [MESSAGE][PASSED] - Keys '10.8' sent to object: 'Object Repository/Page_Admin/txt_salePrice'

2018-10-17 10:27:41 - [MESSAGE][PASSED] - Text of object 'Object Repository/Page_Admin/txt_salePriceDateFrom' is cleared

2018-10-17 10:27:42 - [MESSAGE][PASSED] - Keys '2018-10-17 03:30:59' sent to object: 'Object Repository/Page_Admin/txt_salePriceDateFrom'

2018-10-17 10:27:42 - [MESSAGE][PASSED] - Text of object 'Object Repository/Page_Admin/txt_salePriceDateTo' is cleared

2018-10-17 10:27:43 - [MESSAGE][PASSED] - Keys '2018-10-17 03:34:59' sent to object: 'Object Repository/Page_Admin/txt_salePriceDateTo'

2018-10-17 10:27:43 - [MESSAGE][PASSED] - Object 'Object Repository/Page_Admin/chk_soldIndividualScheduled' is checked

2018-10-17 10:27:43 - [MESSAGE][PASSED] - Object: 'Object Repository/Page_Admin/txt_productName' is focused

2018-10-17 10:27:53 - [MESSAGE][PASSED] - Delayed 10 second(s)

2018-10-17 10:27:54 - [MESSAGE][PASSED] - Object: 'Object Repository/Page_Admin/btn_updateProduct' is clicked on

2018-10-17 10:28:13 - [MESSAGE][PASSED] - Object 'Object Repository/Page_Admin/lbl_productUpdatedMessage' is present

2018-10-17 10:28:13 - [MESSAGE][PASSED] - Wait for page load successfully

2018-10-17 10:28:13 - [MESSAGE][PASSED] - beautytap.AdminAction.scheduleSaleProduct is PASSED

2018-10-17 10:28:13 - [TEST_STEP][PASSED] - closeBrowser: Browser is closed

2018-10-17 10:28:14 - [MESSAGE][PASSED] - Browser is closed

2018-10-17 10:28:14 - [TEST_STEP][PASSED] - beautytap.GeneralAction.openBeautytap: beautytap.GeneralAction.openBeautytap is PASSED

2018-10-17 10:28:42 - [MESSAGE][PASSED] - Browser is opened with url: 'https://stage.beautytap.com'

2018-10-17 10:28:43 - [MESSAGE][PASSED] - Current window maximized

2018-10-17 10:28:50 - [MESSAGE][PASSED] - Refresh successfully

2018-10-17 10:28:50 - [MESSAGE][PASSED] - Wait for page load successfully

2018-10-17 10:28:50 - [MESSAGE][PASSED] - beautytap.GeneralAction.openBeautytap is PASSED

2018-10-17 10:28:50 - [TEST_STEP][PASSED] - beautytap.ShopAction.globalSearch: beautytap.ShopAction.globalSearch is PASSED

2018-10-17 10:28:51 - [MESSAGE][PASSED] - Object: 'Object Repository/Page_General/icon_search' is clicked on

2018-10-17 10:28:56 - [MESSAGE][PASSED] - Delayed 5 second(s)

2018-10-17 10:28:56 - [MESSAGE][PASSED] - Text of object 'Object Repository/Page_General/txt_search' is cleared

2018-10-17 10:28:56 - [MESSAGE][PASSED] - Keys 'CONTROL + v' sent to object: 'Object Repository/Page_General/txt_search'

2018-10-17 10:29:01 - [MESSAGE][PASSED] - Delayed 5 second(s)

2018-10-17 10:29:01 - [MESSAGE][PASSED] - beautytap.ShopAction.globalSearch is PASSED

2018-10-17 10:29:01 - [TEST_STEP][PASSED] - beautytap.ShopAction.VerifyProductOnSearchResult: beautytap.ShopAction.VerifyProductOnSearchResult is PASSED

2018-10-17 10:29:01 - [MESSAGE][PASSED] - beautytap.ShopAction.VerifyProductOnSearchResult is PASSED

2018-10-17 10:29:01 - [TEST_STEP][PASSED] - beautytap.ShopAction.selectSearchResult: beautytap.ShopAction.selectSearchResult is PASSED

2018-10-17 10:29:01 - [MESSAGE][PASSED] - Text of object '' is: 'PURITO Defence Barrier pH Cleanser 150ml'

2018-10-17 10:29:01 - [MESSAGE][PASSED] - Object '' is present

2018-10-17 10:29:13 - [MESSAGE][PASSED] - Object: '' is clicked on

2018-10-17 10:29:13 - [MESSAGE][PASSED] - Wait for page load successfully

2018-10-17 10:29:13 - [MESSAGE][PASSED] - beautytap.ShopAction.selectSearchResult is PASSED

2018-10-17 10:29:13 - [TEST_STEP][PASSED] - beautytap.ShopAction.VerifyProductDetails: Keyword VerifyProductDetails is Passed

2018-10-17 10:29:13 - [MESSAGE][PASSED] - Text of object '' is: 'PURITO Defence Barrier pH Cleanser 150ml'

2018-10-17 10:29:13 - [MESSAGE][PASSED] - Text of object '' is: '$12.80'

2018-10-17 10:29:13 - [MESSAGE][PASSED] - Get CSS 'color' value on '' successfully: 'rgba(255, 35, 134, 1)'.

2018-10-17 10:29:13 - [MESSAGE][PASSED] - Keyword VerifyProductDetails is Passed

2018-10-17 10:29:13 - [TEST_STEP][PASSED] - beautytap.ShopAction.selectCategory: beautytap.ShopAction.selectCategory is PASSED

2018-10-17 10:29:24 - [MESSAGE][PASSED] - Object: '' is clicked on

2018-10-17 10:29:24 - [MESSAGE][PASSED] - Wait for page load successfully

2018-10-17 10:29:24 - [MESSAGE][PASSED] - beautytap.ShopAction.selectCategory is PASSED

2018-10-17 10:29:24 - [TEST_STEP][PASSED] - beautytap.ShopAction.findProductOnProductList: beautytap.ShopAction.findProductOnProductList is PASSED

2018-10-17 10:29:24 - [MESSAGE][PASSED] - Text of object '' is: '77'

2018-10-17 10:29:29 - [MESSAGE][WARNING] - com.kms.katalon.core.webui.exception.WebElementNotFoundException: Web element with id: '' located by 'By.xpath: //a[text()='PURITO Defence Barrier pH Cleanser 150ml']' not found
[[ATTACHMENT|E:\\BeautytapAutomation\\beautytapAuto\\Beautytap\\Reports\\Regression\\20181017_102608\\1539746969404.png]]

2018-10-17 10:29:43 - [MESSAGE][PASSED] - Object: '' is clicked on

2018-10-17 10:29:43 - [MESSAGE][PASSED] - Wait for page load successfully

2018-10-17 10:29:43 - [MESSAGE][PASSED] - Object '' is present

2018-10-17 10:29:43 - [MESSAGE][PASSED] - beautytap.ShopAction.findProductOnProductList is PASSED

2018-10-17 10:29:43 - [TEST_STEP][PASSED] - beautytap.ShopAction.VerifyProductOnProductList: Keyword VerifyProductOnProductList is Passed

2018-10-17 10:29:43 - [MESSAGE][PASSED] - Object '' is present

2018-10-17 10:29:43 - [MESSAGE][PASSED] - Text of object '' is: '$12.80'

2018-10-17 10:29:43 - [MESSAGE][PASSED] - Get CSS 'color' value on '' successfully: 'rgba(255, 35, 134, 1)'.

2018-10-17 10:29:43 - [MESSAGE][PASSED] - Get CSS 'color' value on '' successfully: 'rgba(255, 35, 134, 1)'.

2018-10-17 10:29:43 - [MESSAGE][PASSED] - Keyword VerifyProductOnProductList is Passed

2018-10-17 10:29:43 - [TEST_STEP][PASSED] - beautytap.ShopAction.selectProductOnProductList: beautytap.ShopAction.selectProductOnProductList is PASSED

2018-10-17 10:29:51 - [MESSAGE][PASSED] - Object: '' is clicked on

2018-10-17 10:29:51 - [MESSAGE][PASSED] - Wait for page load successfully

2018-10-17 10:29:51 - [MESSAGE][PASSED] - beautytap.ShopAction.selectProductOnProductList is PASSED

2018-10-17 10:29:51 - [TEST_STEP][PASSED] - beautytap.ShopAction.addProductToCart: beautytap.ShopAction.addProductToCart is PASSED

2018-10-17 10:29:51 - [MESSAGE][PASSED] - Text of object 'Object Repository/Page_Shop/txt_quantity' is cleared

2018-10-17 10:29:52 - [MESSAGE][PASSED] - Keys '6' sent to object: 'Object Repository/Page_Shop/txt_quantity'

2018-10-17 10:29:52 - [MESSAGE][PASSED] - Object: 'Object Repository/Page_Shop/btn_addToCart' is clicked on

2018-10-17 10:29:52 - [MESSAGE][PASSED] - Wait for page load successfully

2018-10-17 10:30:03 - [MESSAGE][PASSED] - Object 'Object Repository/Page_Shop/lbl_message' is present

2018-10-17 10:30:08 - [MESSAGE][PASSED] - Delayed 5 second(s)

2018-10-17 10:30:08 - [MESSAGE][PASSED] - beautytap.ShopAction.addProductToCart is PASSED

2018-10-17 10:30:08 - [TEST_STEP][PASSED] - beautytap.ShopAction.goToCart: beautytap.ShopAction.goToCart is PASSED

2018-10-17 10:30:08 - [MESSAGE][PASSED] - Object 'Object Repository/Page_General/icon_cart' is present

2018-10-17 10:30:15 - [MESSAGE][PASSED] - Object: 'Object Repository/Page_General/icon_cart' is clicked on

2018-10-17 10:30:15 - [MESSAGE][PASSED] - Wait for page load successfully

2018-10-17 10:30:15 - [MESSAGE][PASSED] - beautytap.ShopAction.goToCart is PASSED

2018-10-17 10:30:15 - [TEST_STEP][PASSED] - beautytap.ShopAction.VerifyProductInCart: Keyword VerifyProductInCart is Passed

2018-10-17 10:30:15 - [MESSAGE][PASSED] - Object '' is present

2018-10-17 10:30:15 - [MESSAGE][PASSED] - Object '' is present

2018-10-17 10:30:15 - [MESSAGE][PASSED] - Text of object '' is: '$12.80'

2018-10-17 10:30:15 - [MESSAGE][PASSED] - Attribute 'value' of object '' is: '6'

2018-10-17 10:30:15 - [MESSAGE][PASSED] - Text of object '' is: '$76.80'

2018-10-17 10:30:15 - [MESSAGE][PASSED] - Keyword VerifyProductInCart is Passed

2018-10-17 10:30:15 - [TEST_STEP][PASSED] - beautytap.ShopAction.loginAmazonPay: beautytap.ShopAction.loginAmazonPay is PASSED

2018-10-17 10:30:16 - [MESSAGE][PASSED] - Object: 'Object Repository/Page_Cart/btn_payWithAmazon' is clicked on

2018-10-17 10:30:16 - [MESSAGE][PASSED] - Switched to window with index: '1'

2018-10-17 10:30:18 - [MESSAGE][PASSED] - Object 'Object Repository/Popup_Amazon/txt_email' is present

2018-10-17 10:30:18 - [MESSAGE][PASSED] - Text of object 'Object Repository/Popup_Amazon/txt_email' is cleared

2018-10-17 10:30:18 - [MESSAGE][PASSED] - Keys 'amazontest1503@yopmail.com' sent to object: 'Object Repository/Popup_Amazon/txt_email'

2018-10-17 10:30:18 - [MESSAGE][PASSED] - Text of object 'Object Repository/Popup_Amazon/txt_password' is cleared

2018-10-17 10:30:18 - [MESSAGE][PASSED] - Keys '123456' sent to object: 'Object Repository/Popup_Amazon/txt_password'

2018-10-17 10:30:22 - [MESSAGE][PASSED] - Object: 'Object Repository/Popup_Amazon/btn_signin' is clicked on

2018-10-17 10:30:22 - [MESSAGE][PASSED] - Switched to window with index: '0'

2018-10-17 10:30:52 - [MESSAGE][PASSED] - Delayed 30 second(s)

2018-10-17 10:30:52 - [MESSAGE][PASSED] - beautytap.ShopAction.loginAmazonPay is PASSED

2018-10-17 10:30:52 - [TEST_STEP][PASSED] - Statement - productArray = "[{"productname":"" + productName + "","variation":"","quantity":"" + quantity + "","price":"" + regularPrice + ""}]": null

2018-10-17 10:30:52 - [TEST_STEP][PASSED] - Statement - products = new org.json.JSONArray(productArray): null

2018-10-17 10:30:52 - [TEST_STEP][PASSED] - beautytap.ShopAction.VerifyOrderDetailsOnCheckout: Keyword VerifyOrderDetailsOnCheckout is Passed

2018-10-17 10:30:52 - [MESSAGE][PASSED] - Object '' is present

2018-10-17 10:30:52 - [MESSAGE][PASSED] - Text of object '' is: '$76.80'

2018-10-17 10:30:52 - [MESSAGE][PASSED] - Text of object '' is: 'Free shipping for orders over $70
Why does shipping take this long?'

2018-10-17 10:30:52 - [MESSAGE][PASSED] - Text of object '' is: '$76.80'

2018-10-17 10:30:52 - [MESSAGE][PASSED] - Keyword VerifyOrderDetailsOnCheckout is Passed

2018-10-17 10:30:52 - [TEST_STEP][PASSED] - beautytap.ShopAction.checkoutViaAmazonPay: beautytap.ShopAction.checkoutViaAmazonPay is PASSED

2018-10-17 10:30:52 - [MESSAGE][PASSED] - Object 'Object Repository/Page_Checkout/chk_terms' is clickable

2018-10-17 10:30:52 - [MESSAGE][PASSED] - Object 'Object Repository/Page_Checkout/chk_terms' is checked

2018-10-17 10:30:53 - [MESSAGE][PASSED] - Object: 'Object Repository/Page_Checkout/btn_placeOrder' is clicked on

2018-10-17 10:31:13 - [MESSAGE][PASSED] - Object 'Object Repository/Page_Checkout/lbl_orderReceived' is present

2018-10-17 10:31:13 - [MESSAGE][PASSED] - beautytap.ShopAction.checkoutViaAmazonPay is PASSED

2018-10-17 10:31:13 - [TEST_STEP][PASSED] - beautytap.ShopAction.VerifyOrderReceivedDetails: Keyword VerifyOrderReceivedDetails is Passed

2018-10-17 10:31:13 - [MESSAGE][PASSED] - Object '' is present

2018-10-17 10:31:13 - [MESSAGE][PASSED] - Text of object '' is: '$76.80'

2018-10-17 10:31:13 - [MESSAGE][PASSED] - Text of object '' is: 'Free shipping for orders over $70'

2018-10-17 10:31:18 - [MESSAGE][WARNING] - com.kms.katalon.core.webui.exception.WebElementNotFoundException: Web element with id: '' located by 'By.xpath: //th[text()='Shipping:']/parent::tr/td/span' not found
[[ATTACHMENT|E:\\BeautytapAutomation\\beautytapAuto\\Beautytap\\Reports\\Regression\\20181017_102608\\1539747078444.png]]

2018-10-17 10:31:18 - [MESSAGE][PASSED] - Text of object '' is: 'Amazon Pay'

2018-10-17 10:31:18 - [MESSAGE][PASSED] - Text of object '' is: '$76.80'

2018-10-17 10:31:18 - [MESSAGE][PASSED] - Keyword VerifyOrderReceivedDetails is Passed

2018-10-17 10:31:18 - [TEST_STEP][PASSED] - beautytap.ShopAction.waitForSchedule: beautytap.ShopAction.waitForSchedule is PASSED

2018-10-17 10:31:18 - [MESSAGE][PASSED] - beautytap.ShopAction.waitForSchedule is PASSED

2018-10-17 10:31:18 - [TEST_STEP][PASSED] - beautytap.ShopAction.globalSearch: beautytap.ShopAction.globalSearch is PASSED

2018-10-17 10:31:19 - [MESSAGE][PASSED] - Object: 'Object Repository/Page_General/icon_search' is clicked on

2018-10-17 10:31:24 - [MESSAGE][PASSED] - Delayed 5 second(s)

2018-10-17 10:31:24 - [MESSAGE][PASSED] - Text of object 'Object Repository/Page_General/txt_search' is cleared

2018-10-17 10:31:24 - [MESSAGE][PASSED] - Keys 'CONTROL + v' sent to object: 'Object Repository/Page_General/txt_search'

2018-10-17 10:31:29 - [MESSAGE][PASSED] - Delayed 5 second(s)

2018-10-17 10:31:29 - [MESSAGE][PASSED] - beautytap.ShopAction.globalSearch is PASSED

2018-10-17 10:31:29 - [TEST_STEP][PASSED] - beautytap.ShopAction.VerifyProductOnSearchResult: beautytap.ShopAction.VerifyProductOnSearchResult is PASSED

2018-10-17 10:31:29 - [MESSAGE][PASSED] - beautytap.ShopAction.VerifyProductOnSearchResult is PASSED

2018-10-17 10:31:29 - [TEST_STEP][PASSED] - beautytap.ShopAction.selectSearchResult: beautytap.ShopAction.selectSearchResult is PASSED

2018-10-17 10:31:29 - [MESSAGE][PASSED] - Text of object '' is: 'PURITO Defence Barrier pH Cleanser 150ml'

2018-10-17 10:31:29 - [MESSAGE][PASSED] - Object '' is present

2018-10-17 10:31:43 - [MESSAGE][PASSED] - Object: '' is clicked on

2018-10-17 10:31:43 - [MESSAGE][PASSED] - Wait for page load successfully

2018-10-17 10:31:43 - [MESSAGE][PASSED] - beautytap.ShopAction.selectSearchResult is PASSED

2018-10-17 10:31:43 - [TEST_STEP][PASSED] - beautytap.ShopAction.VerifyProductDetails: Keyword VerifyProductDetails is Passed

2018-10-17 10:31:43 - [MESSAGE][PASSED] - Text of object '' is: 'PURITO Defence Barrier pH Cleanser 150ml'

2018-10-17 10:31:43 - [MESSAGE][PASSED] - Text of object '' is: '$12.80'

2018-10-17 10:31:43 - [MESSAGE][PASSED] - Get CSS 'color' value on '' successfully: 'rgba(195, 195, 195, 1)'.

2018-10-17 10:31:44 - [MESSAGE][PASSED] - Text of object '' is: '$10.80'

2018-10-17 10:31:44 - [MESSAGE][PASSED] - Get CSS 'color' value on '' successfully: 'rgba(255, 35, 134, 1)'.

2018-10-17 10:31:44 - [MESSAGE][PASSED] - Keyword VerifyProductDetails is Passed

2018-10-17 10:31:44 - [TEST_STEP][PASSED] - beautytap.ShopAction.selectCategory: beautytap.ShopAction.selectCategory is PASSED

2018-10-17 10:31:51 - [MESSAGE][PASSED] - Object: '' is clicked on

2018-10-17 10:31:51 - [MESSAGE][PASSED] - Wait for page load successfully

2018-10-17 10:31:51 - [MESSAGE][PASSED] - beautytap.ShopAction.selectCategory is PASSED

2018-10-17 10:31:51 - [TEST_STEP][PASSED] - beautytap.ShopAction.findProductOnProductList: beautytap.ShopAction.findProductOnProductList is PASSED

2018-10-17 10:31:51 - [MESSAGE][PASSED] - Text of object '' is: '77'

2018-10-17 10:31:57 - [MESSAGE][WARNING] - com.kms.katalon.core.webui.exception.WebElementNotFoundException: Web element with id: '' located by 'By.xpath: //a[text()='PURITO Defence Barrier pH Cleanser 150ml']' not found
[[ATTACHMENT|E:\\BeautytapAutomation\\beautytapAuto\\Beautytap\\Reports\\Regression\\20181017_102608\\1539747117216.png]]

2018-10-17 10:32:10 - [MESSAGE][PASSED] - Object: '' is clicked on

2018-10-17 10:32:11 - [MESSAGE][PASSED] - Wait for page load successfully

2018-10-17 10:32:11 - [MESSAGE][PASSED] - Object '' is present

2018-10-17 10:32:11 - [MESSAGE][PASSED] - beautytap.ShopAction.findProductOnProductList is PASSED

2018-10-17 10:32:11 - [TEST_STEP][PASSED] - beautytap.ShopAction.VerifyProductOnProductList: Keyword VerifyProductOnProductList is Passed

2018-10-17 10:32:11 - [MESSAGE][PASSED] - Object '' is present

2018-10-17 10:32:11 - [MESSAGE][PASSED] - Text of object '' is: '$12.80'

2018-10-17 10:32:11 - [MESSAGE][PASSED] - Get CSS 'color' value on '' successfully: 'rgba(195, 195, 195, 1)'.

2018-10-17 10:32:11 - [MESSAGE][PASSED] - Get CSS 'color' value on '' successfully: 'rgba(195, 195, 195, 1)'.

2018-10-17 10:32:11 - [MESSAGE][PASSED] - Text of object '' is: '$10.80'

2018-10-17 10:32:11 - [MESSAGE][PASSED] - Get CSS 'color' value on '' successfully: 'rgba(255, 35, 134, 1)'.

2018-10-17 10:32:11 - [MESSAGE][PASSED] - Get CSS 'color' value on '' successfully: 'rgba(255, 35, 134, 1)'.

2018-10-17 10:32:11 - [MESSAGE][PASSED] - Keyword VerifyProductOnProductList is Passed

2018-10-17 10:32:11 - [TEST_STEP][PASSED] - verifyElementNotPresent: Web element with id: 'Object Repository/Page_Shop/txt_quantity' located by 'By.xpath: //input[@name='quantity']' is not present after '5' second(s)

2018-10-17 10:32:11 - [MESSAGE][PASSED] - Web element with id: 'Object Repository/Page_Shop/txt_quantity' located by 'By.xpath: //input[@name='quantity']' is not present after '5' second(s)

2018-10-17 10:32:11 - [TEST_STEP][PASSED] - beautytap.ShopAction.selectProductOnProductList: beautytap.ShopAction.selectProductOnProductList is PASSED

2018-10-17 10:32:21 - [MESSAGE][PASSED] - Object: '' is clicked on

2018-10-17 10:32:21 - [MESSAGE][PASSED] - Wait for page load successfully

2018-10-17 10:32:21 - [MESSAGE][PASSED] - beautytap.ShopAction.selectProductOnProductList is PASSED

2018-10-17 10:32:21 - [TEST_STEP][PASSED] - beautytap.ShopAction.addProductToCart: beautytap.ShopAction.addProductToCart is PASSED

2018-10-17 10:32:21 - [MESSAGE][PASSED] - Object: 'Object Repository/Page_Shop/btn_addToCart' is clicked on

2018-10-17 10:32:21 - [MESSAGE][PASSED] - Wait for page load successfully

2018-10-17 10:32:29 - [MESSAGE][PASSED] - Object 'Object Repository/Page_Shop/lbl_message' is present

2018-10-17 10:32:34 - [MESSAGE][PASSED] - Delayed 5 second(s)

2018-10-17 10:32:34 - [MESSAGE][PASSED] - beautytap.ShopAction.addProductToCart is PASSED

2018-10-17 10:32:34 - [TEST_STEP][PASSED] - beautytap.ShopAction.goToCart: beautytap.ShopAction.goToCart is PASSED

2018-10-17 10:32:34 - [MESSAGE][PASSED] - Object 'Object Repository/Page_General/icon_cart' is present

2018-10-17 10:32:40 - [MESSAGE][PASSED] - Object: 'Object Repository/Page_General/icon_cart' is clicked on

2018-10-17 10:32:40 - [MESSAGE][PASSED] - Wait for page load successfully

2018-10-17 10:32:40 - [MESSAGE][PASSED] - beautytap.ShopAction.goToCart is PASSED

2018-10-17 10:32:40 - [TEST_STEP][PASSED] - beautytap.ShopAction.VerifyProductInCart: Keyword VerifyProductInCart is Passed

2018-10-17 10:32:45 - [MESSAGE][WARNING] - com.kms.katalon.core.webui.exception.WebElementNotFoundException: Web element with id: '' located by 'By.xpath: //a[text()='PURITO Defence Barrier pH Cleanser 150ml']/ancestor::tr/td[5]/div/input' not found
[[ATTACHMENT|E:\\BeautytapAutomation\\beautytapAuto\\Beautytap\\Reports\\Regression\\20181017_102608\\1539747165421.png]]

2018-10-17 10:32:45 - [MESSAGE][PASSED] - Object '' is present

2018-10-17 10:32:45 - [MESSAGE][PASSED] - Text of object '' is: '$10.80'

2018-10-17 10:32:45 - [MESSAGE][PASSED] - Text of object '' is: '1'

2018-10-17 10:32:45 - [MESSAGE][PASSED] - Text of object '' is: '$10.80'

2018-10-17 10:32:45 - [MESSAGE][PASSED] - Keyword VerifyProductInCart is Passed

2018-10-17 10:32:45 - [TEST_STEP][PASSED] - beautytap.ShopAction.processToCheckout: beautytap.ShopAction.processToCheckout is PASSED

2018-10-17 10:32:52 - [MESSAGE][PASSED] - Object: 'Object Repository/Page_Cart/btn_checkout' is clicked on

2018-10-17 10:32:52 - [MESSAGE][PASSED] - Wait for page load successfully

2018-10-17 10:32:52 - [MESSAGE][PASSED] - beautytap.ShopAction.processToCheckout is PASSED

2018-10-17 10:32:52 - [TEST_STEP][PASSED] - beautytap.ShopAction.loginAmazonPay: beautytap.ShopAction.loginAmazonPay is PASSED

2018-10-17 10:32:53 - [MESSAGE][PASSED] - Object: 'Object Repository/Page_Checkout/btn_amazonPay' is clicked on

2018-10-17 10:32:53 - [MESSAGE][PASSED] - Switched to window with index: '1'

2018-10-17 10:32:55 - [MESSAGE][PASSED] - Object 'Object Repository/Popup_Amazon/txt_email' is present

2018-10-17 10:32:55 - [MESSAGE][PASSED] - Text of object 'Object Repository/Popup_Amazon/txt_email' is cleared

2018-10-17 10:32:55 - [MESSAGE][PASSED] - Keys 'amazontest1503@yopmail.com' sent to object: 'Object Repository/Popup_Amazon/txt_email'

2018-10-17 10:32:55 - [MESSAGE][PASSED] - Text of object 'Object Repository/Popup_Amazon/txt_password' is cleared

2018-10-17 10:32:55 - [MESSAGE][PASSED] - Keys '123456' sent to object: 'Object Repository/Popup_Amazon/txt_password'

2018-10-17 10:32:58 - [MESSAGE][PASSED] - Object: 'Object Repository/Popup_Amazon/btn_signin' is clicked on

2018-10-17 10:32:58 - [MESSAGE][PASSED] - Switched to window with index: '0'

2018-10-17 10:33:28 - [MESSAGE][PASSED] - Delayed 30 second(s)

2018-10-17 10:33:28 - [MESSAGE][PASSED] - beautytap.ShopAction.loginAmazonPay is PASSED

2018-10-17 10:33:28 - [TEST_STEP][PASSED] - Statement - productArraySale = "[{"productname":"" + productName + "","variation":"","quantity":"1","price":"" + salePrice + ""}]": null

2018-10-17 10:33:28 - [TEST_STEP][PASSED] - Statement - productSale = new org.json.JSONArray(productArraySale): null

2018-10-17 10:33:28 - [TEST_STEP][PASSED] - beautytap.ShopAction.VerifyOrderDetailsOnCheckout: Keyword VerifyOrderDetailsOnCheckout is Passed

2018-10-17 10:33:28 - [MESSAGE][PASSED] - Object '' is present

2018-10-17 10:33:28 - [MESSAGE][PASSED] - Text of object '' is: '$10.80'

2018-10-17 10:33:28 - [MESSAGE][PASSED] - Text of object '' is: 'Spend $59.20 more & get FREE SHIPPING!
($25) - DHL flat rate shipping: $25.00
Why does shipping take this long?'

2018-10-17 10:33:28 - [MESSAGE][PASSED] - Text of object '' is: '$25.00'

2018-10-17 10:33:28 - [MESSAGE][PASSED] - Text of object '' is: '$35.80'

2018-10-17 10:33:28 - [MESSAGE][PASSED] - Keyword VerifyOrderDetailsOnCheckout is Passed

2018-10-17 10:33:28 - [TEST_STEP][PASSED] - beautytap.ShopAction.checkoutViaAmazonPay: beautytap.ShopAction.checkoutViaAmazonPay is PASSED

2018-10-17 10:33:28 - [MESSAGE][PASSED] - Object 'Object Repository/Page_Checkout/chk_terms' is clickable

2018-10-17 10:33:29 - [MESSAGE][PASSED] - Object 'Object Repository/Page_Checkout/chk_terms' is checked

2018-10-17 10:33:29 - [MESSAGE][PASSED] - Object: 'Object Repository/Page_Checkout/btn_placeOrder' is clicked on

2018-10-17 10:33:43 - [MESSAGE][PASSED] - Object 'Object Repository/Page_Checkout/lbl_orderReceived' is present

2018-10-17 10:33:43 - [MESSAGE][PASSED] - beautytap.ShopAction.checkoutViaAmazonPay is PASSED

2018-10-17 10:33:43 - [TEST_STEP][PASSED] - beautytap.ShopAction.VerifyOrderReceivedDetails: Keyword VerifyOrderReceivedDetails is Passed

2018-10-17 10:33:43 - [MESSAGE][PASSED] - Object '' is present

2018-10-17 10:33:43 - [MESSAGE][PASSED] - Text of object '' is: '$10.80'

2018-10-17 10:33:44 - [MESSAGE][PASSED] - Text of object '' is: '$25.00 via ($25) - DHL flat rate shipping'

2018-10-17 10:33:44 - [MESSAGE][PASSED] - Object '' is present

2018-10-17 10:33:44 - [MESSAGE][PASSED] - Text of object '' is: '$25.00'

2018-10-17 10:33:44 - [MESSAGE][PASSED] - Text of object '' is: 'Amazon Pay'

2018-10-17 10:33:44 - [MESSAGE][PASSED] - Text of object '' is: '$35.80'

2018-10-17 10:33:44 - [MESSAGE][PASSED] - Keyword VerifyOrderReceivedDetails is Passed

2018-10-17 10:33:44 - [TEST_STEP][PASSED] - beautytap.ShopAction.waitForSchedule: beautytap.ShopAction.waitForSchedule is PASSED

2018-10-17 10:34:14 - [MESSAGE][PASSED] - Delayed 30 second(s)

2018-10-17 10:34:44 - [MESSAGE][PASSED] - Delayed 30 second(s)

2018-10-17 10:35:14 - [MESSAGE][PASSED] - Delayed 30 second(s)

2018-10-17 10:35:14 - [MESSAGE][PASSED] - beautytap.ShopAction.waitForSchedule is PASSED

2018-10-17 10:35:14 - [TEST_STEP][PASSED] - beautytap.GeneralAction.openBeautytap: beautytap.GeneralAction.openBeautytap is PASSED

2018-10-17 10:35:14 - [MESSAGE][WARNING] - A browser is already opened. Closing browser and opening a new one

2018-10-17 10:35:44 - [MESSAGE][PASSED] - Browser is opened with url: 'https://stage.beautytap.com'

2018-10-17 10:35:45 - [MESSAGE][PASSED] - Current window maximized

2018-10-17 10:35:52 - [MESSAGE][PASSED] - Refresh successfully

2018-10-17 10:35:52 - [MESSAGE][PASSED] - Wait for page load successfully

2018-10-17 10:35:52 - [MESSAGE][PASSED] - beautytap.GeneralAction.openBeautytap is PASSED

2018-10-17 10:35:52 - [TEST_STEP][PASSED] - beautytap.ShopAction.globalSearch: beautytap.ShopAction.globalSearch is PASSED

2018-10-17 10:35:53 - [MESSAGE][PASSED] - Object: 'Object Repository/Page_General/icon_search' is clicked on

2018-10-17 10:35:58 - [MESSAGE][PASSED] - Delayed 5 second(s)

2018-10-17 10:35:58 - [MESSAGE][PASSED] - Text of object 'Object Repository/Page_General/txt_search' is cleared

2018-10-17 10:35:58 - [MESSAGE][PASSED] - Keys 'CONTROL + v' sent to object: 'Object Repository/Page_General/txt_search'

2018-10-17 10:36:03 - [MESSAGE][PASSED] - Delayed 5 second(s)

2018-10-17 10:36:03 - [MESSAGE][PASSED] - beautytap.ShopAction.globalSearch is PASSED

2018-10-17 10:36:03 - [TEST_STEP][PASSED] - beautytap.ShopAction.VerifyProductOnSearchResult: beautytap.ShopAction.VerifyProductOnSearchResult is PASSED

2018-10-17 10:36:03 - [MESSAGE][PASSED] - beautytap.ShopAction.VerifyProductOnSearchResult is PASSED

2018-10-17 10:36:03 - [TEST_STEP][PASSED] - beautytap.ShopAction.selectSearchResult: beautytap.ShopAction.selectSearchResult is PASSED

2018-10-17 10:36:03 - [MESSAGE][PASSED] - Text of object '' is: 'PURITO Defence Barrier pH Cleanser 150ml'

2018-10-17 10:36:03 - [MESSAGE][PASSED] - Object '' is present

2018-10-17 10:36:17 - [MESSAGE][PASSED] - Object: '' is clicked on

2018-10-17 10:36:17 - [MESSAGE][PASSED] - Wait for page load successfully

2018-10-17 10:36:17 - [MESSAGE][PASSED] - beautytap.ShopAction.selectSearchResult is PASSED

2018-10-17 10:36:17 - [TEST_STEP][PASSED] - beautytap.ShopAction.VerifyProductDetails: Keyword VerifyProductDetails is Passed

2018-10-17 10:36:17 - [MESSAGE][PASSED] - Text of object '' is: 'PURITO Defence Barrier pH Cleanser 150ml'

2018-10-17 10:36:17 - [MESSAGE][PASSED] - Text of object '' is: '$12.80'

2018-10-17 10:36:17 - [MESSAGE][PASSED] - Get CSS 'color' value on '' successfully: 'rgba(255, 35, 134, 1)'.

2018-10-17 10:36:17 - [MESSAGE][PASSED] - Keyword VerifyProductDetails is Passed

2018-10-17 10:36:17 - [TEST_STEP][PASSED] - beautytap.ShopAction.selectCategory: beautytap.ShopAction.selectCategory is PASSED

2018-10-17 10:36:27 - [MESSAGE][PASSED] - Object: '' is clicked on

2018-10-17 10:36:27 - [MESSAGE][PASSED] - Wait for page load successfully

2018-10-17 10:36:27 - [MESSAGE][PASSED] - beautytap.ShopAction.selectCategory is PASSED

2018-10-17 10:36:27 - [TEST_STEP][PASSED] - beautytap.ShopAction.findProductOnProductList: beautytap.ShopAction.findProductOnProductList is PASSED

2018-10-17 10:36:27 - [MESSAGE][PASSED] - Text of object '' is: '77'

2018-10-17 10:36:33 - [MESSAGE][WARNING] - com.kms.katalon.core.webui.exception.WebElementNotFoundException: Web element with id: '' located by 'By.xpath: //a[text()='PURITO Defence Barrier pH Cleanser 150ml']' not found
[[ATTACHMENT|E:\\BeautytapAutomation\\beautytapAuto\\Beautytap\\Reports\\Regression\\20181017_102608\\1539747392853.png]]

2018-10-17 10:36:43 - [MESSAGE][PASSED] - Object: '' is clicked on

2018-10-17 10:36:43 - [MESSAGE][PASSED] - Wait for page load successfully

2018-10-17 10:36:43 - [MESSAGE][PASSED] - Object '' is present

2018-10-17 10:36:43 - [MESSAGE][PASSED] - beautytap.ShopAction.findProductOnProductList is PASSED

2018-10-17 10:36:43 - [TEST_STEP][PASSED] - beautytap.ShopAction.VerifyProductOnProductList: Keyword VerifyProductOnProductList is Passed

2018-10-17 10:36:43 - [MESSAGE][PASSED] - Object '' is present

2018-10-17 10:36:43 - [MESSAGE][PASSED] - Text of object '' is: '$12.80'

2018-10-17 10:36:43 - [MESSAGE][PASSED] - Get CSS 'color' value on '' successfully: 'rgba(255, 35, 134, 1)'.

2018-10-17 10:36:43 - [MESSAGE][PASSED] - Get CSS 'color' value on '' successfully: 'rgba(255, 35, 134, 1)'.

2018-10-17 10:36:43 - [MESSAGE][PASSED] - Keyword VerifyProductOnProductList is Passed

2018-10-17 10:36:43 - [TEST_STEP][PASSED] - beautytap.ShopAction.selectProductOnProductList: beautytap.ShopAction.selectProductOnProductList is PASSED

2018-10-17 10:36:51 - [MESSAGE][PASSED] - Object: '' is clicked on

2018-10-17 10:36:51 - [MESSAGE][PASSED] - Wait for page load successfully

2018-10-17 10:36:51 - [MESSAGE][PASSED] - beautytap.ShopAction.selectProductOnProductList is PASSED

2018-10-17 10:36:51 - [TEST_STEP][PASSED] - beautytap.ShopAction.addProductToCart: beautytap.ShopAction.addProductToCart is PASSED

2018-10-17 10:36:51 - [MESSAGE][PASSED] - Text of object 'Object Repository/Page_Shop/txt_quantity' is cleared

2018-10-17 10:36:51 - [MESSAGE][PASSED] - Keys '6' sent to object: 'Object Repository/Page_Shop/txt_quantity'

2018-10-17 10:36:51 - [MESSAGE][PASSED] - Object: 'Object Repository/Page_Shop/btn_addToCart' is clicked on

2018-10-17 10:36:51 - [MESSAGE][PASSED] - Wait for page load successfully

2018-10-17 10:37:00 - [MESSAGE][PASSED] - Object 'Object Repository/Page_Shop/lbl_message' is present

2018-10-17 10:37:05 - [MESSAGE][PASSED] - Delayed 5 second(s)

2018-10-17 10:37:05 - [MESSAGE][PASSED] - beautytap.ShopAction.addProductToCart is PASSED

2018-10-17 10:37:05 - [TEST_STEP][PASSED] - beautytap.ShopAction.goToCart: beautytap.ShopAction.goToCart is PASSED

2018-10-17 10:37:05 - [MESSAGE][PASSED] - Object 'Object Repository/Page_General/icon_cart' is present

2018-10-17 10:37:11 - [MESSAGE][PASSED] - Object: 'Object Repository/Page_General/icon_cart' is clicked on

2018-10-17 10:37:11 - [MESSAGE][PASSED] - Wait for page load successfully

2018-10-17 10:37:11 - [MESSAGE][PASSED] - beautytap.ShopAction.goToCart is PASSED

2018-10-17 10:37:11 - [TEST_STEP][PASSED] - beautytap.ShopAction.VerifyProductInCart: Keyword VerifyProductInCart is Passed

2018-10-17 10:37:11 - [MESSAGE][PASSED] - Object '' is present

2018-10-17 10:37:11 - [MESSAGE][PASSED] - Object '' is present

2018-10-17 10:37:11 - [MESSAGE][PASSED] - Text of object '' is: '$12.80'

2018-10-17 10:37:11 - [MESSAGE][PASSED] - Attribute 'value' of object '' is: '6'

2018-10-17 10:37:11 - [MESSAGE][PASSED] - Text of object '' is: '$76.80'

2018-10-17 10:37:11 - [MESSAGE][PASSED] - Keyword VerifyProductInCart is Passed

2018-10-17 10:37:11 - [TEST_STEP][PASSED] - beautytap.ShopAction.loginAmazonPay: beautytap.ShopAction.loginAmazonPay is PASSED

2018-10-17 10:37:12 - [MESSAGE][PASSED] - Object: 'Object Repository/Page_Cart/btn_payWithAmazon' is clicked on

2018-10-17 10:37:12 - [MESSAGE][PASSED] - Switched to window with index: '1'

2018-10-17 10:37:13 - [MESSAGE][PASSED] - Object 'Object Repository/Popup_Amazon/txt_email' is present

2018-10-17 10:37:14 - [MESSAGE][PASSED] - Text of object 'Object Repository/Popup_Amazon/txt_email' is cleared

2018-10-17 10:37:14 - [MESSAGE][PASSED] - Keys 'amazontest1503@yopmail.com' sent to object: 'Object Repository/Popup_Amazon/txt_email'

2018-10-17 10:37:14 - [MESSAGE][PASSED] - Text of object 'Object Repository/Popup_Amazon/txt_password' is cleared

2018-10-17 10:37:14 - [MESSAGE][PASSED] - Keys '123456' sent to object: 'Object Repository/Popup_Amazon/txt_password'

2018-10-17 10:37:17 - [MESSAGE][PASSED] - Object: 'Object Repository/Popup_Amazon/btn_signin' is clicked on

2018-10-17 10:37:17 - [MESSAGE][PASSED] - Switched to window with index: '0'

2018-10-17 10:37:47 - [MESSAGE][PASSED] - Delayed 30 second(s)

2018-10-17 10:37:47 - [MESSAGE][PASSED] - beautytap.ShopAction.loginAmazonPay is PASSED

2018-10-17 10:37:47 - [TEST_STEP][PASSED] - Statement - productArrayAfter = "[{"productname":"" + productName + "","variation":"","quantity":"" + quantity + "","price":"" + regularPrice + ""}]": null

2018-10-17 10:37:47 - [TEST_STEP][PASSED] - Statement - productsAfter = new org.json.JSONArray(productArrayAfter): null

2018-10-17 10:37:47 - [TEST_STEP][PASSED] - beautytap.ShopAction.VerifyOrderDetailsOnCheckout: Keyword VerifyOrderDetailsOnCheckout is Passed

2018-10-17 10:37:47 - [MESSAGE][PASSED] - Object '' is present

2018-10-17 10:37:47 - [MESSAGE][PASSED] - Text of object '' is: '$76.80'

2018-10-17 10:37:47 - [MESSAGE][PASSED] - Text of object '' is: 'Free shipping for orders over $70
Why does shipping take this long?'

2018-10-17 10:37:47 - [MESSAGE][PASSED] - Text of object '' is: '$76.80'

2018-10-17 10:37:47 - [MESSAGE][PASSED] - Keyword VerifyOrderDetailsOnCheckout is Passed

2018-10-17 10:37:47 - [TEST_STEP][PASSED] - beautytap.ShopAction.checkoutViaAmazonPay: beautytap.ShopAction.checkoutViaAmazonPay is PASSED

2018-10-17 10:37:47 - [MESSAGE][PASSED] - Object 'Object Repository/Page_Checkout/chk_terms' is clickable

2018-10-17 10:37:48 - [MESSAGE][PASSED] - Object 'Object Repository/Page_Checkout/chk_terms' is checked

2018-10-17 10:37:48 - [MESSAGE][PASSED] - Object: 'Object Repository/Page_Checkout/btn_placeOrder' is clicked on

2018-10-17 10:38:04 - [MESSAGE][PASSED] - Object 'Object Repository/Page_Checkout/lbl_orderReceived' is present

2018-10-17 10:38:04 - [MESSAGE][PASSED] - beautytap.ShopAction.checkoutViaAmazonPay is PASSED

2018-10-17 10:38:04 - [TEST_STEP][PASSED] - beautytap.ShopAction.VerifyOrderReceivedDetails: Keyword VerifyOrderReceivedDetails is Passed

2018-10-17 10:38:04 - [MESSAGE][PASSED] - Object '' is present

2018-10-17 10:38:04 - [MESSAGE][PASSED] - Text of object '' is: '$76.80'

2018-10-17 10:38:04 - [MESSAGE][PASSED] - Text of object '' is: 'Free shipping for orders over $70'

2018-10-17 10:38:10 - [MESSAGE][WARNING] - com.kms.katalon.core.webui.exception.WebElementNotFoundException: Web element with id: '' located by 'By.xpath: //th[text()='Shipping:']/parent::tr/td/span' not found
[[ATTACHMENT|E:\\BeautytapAutomation\\beautytapAuto\\Beautytap\\Reports\\Regression\\20181017_102608\\1539747490163.png]]

2018-10-17 10:38:10 - [MESSAGE][PASSED] - Text of object '' is: 'Amazon Pay'

2018-10-17 10:38:10 - [MESSAGE][PASSED] - Text of object '' is: '$76.80'

2018-10-17 10:38:10 - [MESSAGE][PASSED] - Keyword VerifyOrderReceivedDetails is Passed

2018-10-17 10:38:10 - [TEST_STEP][PASSED] - closeBrowser: Browser is closed

2018-10-17 10:38:11 - [MESSAGE][PASSED] - Browser is closed]]></system-out>
         <system-err><![CDATA[]]></system-err>
      </testcase>
      <testcase name="Test Cases/SignUp_Login_ResetPass/TC01_SignUp_Login_ResetPassword_Via_Email" classname="Test Cases/SignUp_Login_ResetPass/TC01_SignUp_Login_ResetPassword_Via_Email" status="PASSED">
         <system-out><![CDATA[2018-10-17 10:38:14 - [TEST_CASE][PASSED] - Test Cases/SignUp_Login_ResetPass/TC01_SignUp_Login_ResetPassword_Via_Email: Test Cases/SignUp_Login_ResetPass/TC01_SignUp_Login_ResetPassword_Via_Email

2018-10-17 10:38:14 - [TEST_STEP][PASSED] - Statement - r_string = new java.lang.Math().random().toString().substring(2, 8): null

2018-10-17 10:38:14 - [TEST_STEP][PASSED] - Statement - username = "auto" + r_string: null

2018-10-17 10:38:14 - [TEST_STEP][PASSED] - Statement - email = username + "@mailinator.com": null

2018-10-17 10:38:14 - [TEST_STEP][PASSED] - Statement - password = "123456": null

2018-10-17 10:38:14 - [TEST_STEP][PASSED] - Statement - newpassword = "test123": null

2018-10-17 10:38:14 - [TEST_STEP][PASSED] - Statement - name = "Auto User " + r_string: null

2018-10-17 10:38:14 - [TEST_STEP][PASSED] - Statement - birthday = "01/01/1990": null

2018-10-17 10:38:14 - [TEST_STEP][PASSED] - Statement - activation_subject = SITE_TITLE + " Activate your account": null

2018-10-17 10:38:14 - [TEST_STEP][PASSED] - Statement - resetpass_subject = SITE_TITLE + " Password Reset": null

2018-10-17 10:38:15 - [TEST_STEP][PASSED] - beautytap.GeneralAction.openBeautytap: beautytap.GeneralAction.openBeautytap is PASSED

2018-10-17 10:38:35 - [MESSAGE][PASSED] - Browser is opened with url: 'https://stage.beautytap.com'

2018-10-17 10:38:36 - [MESSAGE][PASSED] - Current window maximized

2018-10-17 10:38:48 - [MESSAGE][PASSED] - Refresh successfully

2018-10-17 10:38:48 - [MESSAGE][PASSED] - Wait for page load successfully

2018-10-17 10:38:48 - [MESSAGE][PASSED] - beautytap.GeneralAction.openBeautytap is PASSED

2018-10-17 10:38:48 - [TEST_STEP][PASSED] - beautytap.GeneralAction.clickNavigationMenu: beautytap.GeneralAction.clickNavigationMenu is PASSED

2018-10-17 10:38:52 - [MESSAGE][PASSED] - Object: 'Object Repository/Page_General/link_signup' is clicked on

2018-10-17 10:38:52 - [MESSAGE][PASSED] - Wait for page load successfully

2018-10-17 10:38:52 - [MESSAGE][PASSED] - beautytap.GeneralAction.clickNavigationMenu is PASSED

2018-10-17 10:38:52 - [TEST_STEP][PASSED] - beautytap.GeneralAction.signup: beautytap.GeneralAction.signup is PASSED

2018-10-17 10:38:52 - [MESSAGE][PASSED] - Keys 'auto728065' sent to object: 'Object Repository/Page_Signup/txt_username'

2018-10-17 10:38:53 - [MESSAGE][PASSED] - Keys 'auto728065@mailinator.com' sent to object: 'Object Repository/Page_Signup/txt_email'

2018-10-17 10:38:53 - [MESSAGE][PASSED] - Keys '123456' sent to object: 'Object Repository/Page_Signup/txt_password'

2018-10-17 10:38:53 - [MESSAGE][PASSED] - Keys 'Auto User 728065' sent to object: 'Object Repository/Page_Signup/txt_name'

2018-10-17 10:38:54 - [MESSAGE][PASSED] - Keys '01/01/1990' sent to object: 'Object Repository/Page_Signup/txt_birthday'

2018-10-17 10:38:54 - [MESSAGE][PASSED] - Object: 'Object Repository/Page_Signup/btn_signup' is clicked on

2018-10-17 10:38:54 - [MESSAGE][PASSED] - Wait for page load successfully

2018-10-17 10:38:54 - [MESSAGE][PASSED] - beautytap.GeneralAction.signup is PASSED

2018-10-17 10:38:54 - [TEST_STEP][PASSED] - verifyElementPresent: Object 'Object Repository/Page_Signup/lbl_sucessMessage' is present

2018-10-17 10:39:05 - [MESSAGE][PASSED] - Object 'Object Repository/Page_Signup/lbl_sucessMessage' is present

2018-10-17 10:39:05 - [TEST_STEP][PASSED] - beautytap.GeneralAction.openMailBox: beautytap.GeneralAction.openMailBox is PASSED

2018-10-17 10:39:07 - [MESSAGE][PASSED] - Navigate to 'https://www.mailinator.com' successfully

2018-10-17 10:39:07 - [MESSAGE][PASSED] - Wait for page load successfully

2018-10-17 10:39:07 - [MESSAGE][PASSED] - Keys 'auto728065' sent to object: 'Object Repository/Page_mailinator/txt_email'

2018-10-17 10:39:14 - [MESSAGE][PASSED] - Object: 'Object Repository/Page_mailinator/btn_go' is clicked on

2018-10-17 10:39:14 - [MESSAGE][PASSED] - Wait for page load successfully

2018-10-17 10:39:19 - [MESSAGE][PASSED] - Delayed 5 second(s)

2018-10-17 10:39:19 - [MESSAGE][PASSED] - beautytap.GeneralAction.openMailBox is PASSED

2018-10-17 10:39:19 - [TEST_STEP][PASSED] - beautytap.GeneralAction.verifyEmailExist: beautytap.GeneralAction.verifyEmailExist is PASSED

2018-10-17 10:39:20 - [MESSAGE][PASSED] - Object '' is present

2018-10-17 10:39:20 - [MESSAGE][PASSED] - beautytap.GeneralAction.verifyEmailExist is PASSED

2018-10-17 10:39:20 - [TEST_STEP][PASSED] - beautytap.GeneralAction.openEmail: beautytap.GeneralAction.openEmail is PASSED

2018-10-17 10:39:20 - [MESSAGE][PASSED] - Object: '' is clicked on

2018-10-17 10:39:20 - [MESSAGE][PASSED] - beautytap.GeneralAction.openEmail is PASSED

2018-10-17 10:39:20 - [TEST_STEP][PASSED] - beautytap.GeneralAction.clickEmailLink: beautytap.GeneralAction.clickEmailLink is PASSED

2018-10-17 10:39:20 - [MESSAGE][PASSED] - Text of object '' is: 'https://stage.beautytap.com/activate/tNxCTIggw8KM2cZqUUaOxj0JITn7XjPj/'

2018-10-17 10:39:47 - [MESSAGE][PASSED] - Navigate to 'https://stage.beautytap.com/activate/tNxCTIggw8KM2cZqUUaOxj0JITn7XjPj/' successfully

2018-10-17 10:39:47 - [MESSAGE][PASSED] - beautytap.GeneralAction.clickEmailLink is PASSED

2018-10-17 10:39:47 - [TEST_STEP][PASSED] - waitForPageLoad: Wait for page load successfully

2018-10-17 10:39:47 - [MESSAGE][PASSED] - Wait for page load successfully

2018-10-17 10:39:47 - [TEST_STEP][PASSED] - verifyElementPresent: Object 'Object Repository/Page_General/lbl_activeSuccessMessage' is present

2018-10-17 10:39:47 - [MESSAGE][PASSED] - Object 'Object Repository/Page_General/lbl_activeSuccessMessage' is present

2018-10-17 10:39:47 - [TEST_STEP][PASSED] - beautytap.GeneralAction.clickNavigationMenu: beautytap.GeneralAction.clickNavigationMenu is PASSED

2018-10-17 10:39:52 - [MESSAGE][PASSED] - Object: 'Object Repository/Page_General/link_login' is clicked on

2018-10-17 10:39:52 - [MESSAGE][PASSED] - Wait for page load successfully

2018-10-17 10:39:52 - [MESSAGE][PASSED] - beautytap.GeneralAction.clickNavigationMenu is PASSED

2018-10-17 10:39:52 - [TEST_STEP][PASSED] - beautytap.GeneralAction.login: beautytap.GeneralAction.login is PASSED

2018-10-17 10:39:52 - [MESSAGE][PASSED] - Text of object 'Object Repository/Page_login/txt_username' is cleared

2018-10-17 10:39:52 - [MESSAGE][PASSED] - Keys 'auto728065' sent to object: 'Object Repository/Page_login/txt_username'

2018-10-17 10:39:52 - [MESSAGE][PASSED] - Text of object 'Object Repository/Page_login/txt_password' is cleared

2018-10-17 10:39:52 - [MESSAGE][PASSED] - Keys '123456' sent to object: 'Object Repository/Page_login/txt_password'

2018-10-17 10:39:52 - [MESSAGE][PASSED] - Object: 'Object Repository/Page_login/btn_login' is clicked on

2018-10-17 10:39:52 - [MESSAGE][PASSED] - Wait for page load successfully

2018-10-17 10:39:52 - [MESSAGE][PASSED] - beautytap.GeneralAction.login is PASSED

2018-10-17 10:39:52 - [TEST_STEP][PASSED] - verifyElementPresent: Object 'Object Repository/Page_General/link_avatar' is present

2018-10-17 10:40:13 - [MESSAGE][PASSED] - Object 'Object Repository/Page_General/link_avatar' is present

2018-10-17 10:40:13 - [TEST_STEP][PASSED] - beautytap.GeneralAction.logout: beautytap.GeneralAction.logout is PASSED

2018-10-17 10:40:13 - [MESSAGE][PASSED] - Object: 'Object Repository/Page_General/link_avatar' is clicked on

2018-10-17 10:40:13 - [MESSAGE][PASSED] - Object 'Object Repository/Page_General/menu_logout' is present

2018-10-17 10:40:14 - [MESSAGE][PASSED] - Object: 'Object Repository/Page_General/menu_logout' is clicked on

2018-10-17 10:40:14 - [MESSAGE][PASSED] - Wait for page load successfully

2018-10-17 10:40:14 - [MESSAGE][PASSED] - beautytap.GeneralAction.logout is PASSED

2018-10-17 10:40:14 - [TEST_STEP][PASSED] - beautytap.GeneralAction.clickNavigationMenu: beautytap.GeneralAction.clickNavigationMenu is PASSED

2018-10-17 10:40:27 - [MESSAGE][PASSED] - Object: 'Object Repository/Page_General/link_login' is clicked on

2018-10-17 10:40:27 - [MESSAGE][PASSED] - Wait for page load successfully

2018-10-17 10:40:27 - [MESSAGE][PASSED] - beautytap.GeneralAction.clickNavigationMenu is PASSED

2018-10-17 10:40:27 - [TEST_STEP][PASSED] - beautytap.GeneralAction.login: beautytap.GeneralAction.login is PASSED

2018-10-17 10:40:27 - [MESSAGE][PASSED] - Text of object 'Object Repository/Page_login/txt_username' is cleared

2018-10-17 10:40:27 - [MESSAGE][PASSED] - Keys 'auto728065@mailinator.com' sent to object: 'Object Repository/Page_login/txt_username'

2018-10-17 10:40:27 - [MESSAGE][PASSED] - Text of object 'Object Repository/Page_login/txt_password' is cleared

2018-10-17 10:40:27 - [MESSAGE][PASSED] - Keys '123456' sent to object: 'Object Repository/Page_login/txt_password'

2018-10-17 10:40:28 - [MESSAGE][PASSED] - Object: 'Object Repository/Page_login/btn_login' is clicked on

2018-10-17 10:40:28 - [MESSAGE][PASSED] - Wait for page load successfully

2018-10-17 10:40:28 - [MESSAGE][PASSED] - beautytap.GeneralAction.login is PASSED

2018-10-17 10:40:28 - [TEST_STEP][PASSED] - verifyElementPresent: Object 'Object Repository/Page_General/link_avatar' is present

2018-10-17 10:40:51 - [MESSAGE][PASSED] - Object 'Object Repository/Page_General/link_avatar' is present

2018-10-17 10:40:51 - [TEST_STEP][PASSED] - beautytap.GeneralAction.logout: beautytap.GeneralAction.logout is PASSED

2018-10-17 10:40:52 - [MESSAGE][PASSED] - Object: 'Object Repository/Page_General/link_avatar' is clicked on

2018-10-17 10:40:52 - [MESSAGE][PASSED] - Object 'Object Repository/Page_General/menu_logout' is present

2018-10-17 10:40:52 - [MESSAGE][PASSED] - Object: 'Object Repository/Page_General/menu_logout' is clicked on

2018-10-17 10:40:53 - [MESSAGE][PASSED] - Wait for page load successfully

2018-10-17 10:40:53 - [MESSAGE][PASSED] - beautytap.GeneralAction.logout is PASSED

2018-10-17 10:40:53 - [TEST_STEP][PASSED] - beautytap.GeneralAction.clickNavigationMenu: beautytap.GeneralAction.clickNavigationMenu is PASSED

2018-10-17 10:41:05 - [MESSAGE][PASSED] - Object: 'Object Repository/Page_General/link_login' is clicked on

2018-10-17 10:41:05 - [MESSAGE][PASSED] - Wait for page load successfully

2018-10-17 10:41:05 - [MESSAGE][PASSED] - beautytap.GeneralAction.clickNavigationMenu is PASSED

2018-10-17 10:41:05 - [TEST_STEP][PASSED] - click: Object: 'Object Repository/Page_Login/link_forgotPassword' is clicked on

2018-10-17 10:41:09 - [MESSAGE][PASSED] - Object: 'Object Repository/Page_Login/link_forgotPassword' is clicked on

2018-10-17 10:41:09 - [TEST_STEP][PASSED] - sendKeys: Keys 'auto728065' sent to object: 'Object Repository/Page_ForgotPassword/txt_usernameOrEmail'

2018-10-17 10:41:10 - [MESSAGE][PASSED] - Keys 'auto728065' sent to object: 'Object Repository/Page_ForgotPassword/txt_usernameOrEmail'

2018-10-17 10:41:10 - [TEST_STEP][PASSED] - click: Object: 'Object Repository/Page_ForgotPassword/btn_forgotPassword' is clicked on

2018-10-17 10:41:10 - [MESSAGE][PASSED] - Object: 'Object Repository/Page_ForgotPassword/btn_forgotPassword' is clicked on

2018-10-17 10:41:10 - [TEST_STEP][PASSED] - verifyElementPresent: Object 'Object Repository/Page_ForgotPassword/lbl_sucessMessage' is present

2018-10-17 10:41:16 - [MESSAGE][PASSED] - Object 'Object Repository/Page_ForgotPassword/lbl_sucessMessage' is present

2018-10-17 10:41:16 - [TEST_STEP][PASSED] - beautytap.GeneralAction.openMailBox: beautytap.GeneralAction.openMailBox is PASSED

2018-10-17 10:41:17 - [MESSAGE][PASSED] - Navigate to 'https://www.mailinator.com' successfully

2018-10-17 10:41:17 - [MESSAGE][PASSED] - Wait for page load successfully

2018-10-17 10:41:17 - [MESSAGE][PASSED] - Keys 'auto728065' sent to object: 'Object Repository/Page_mailinator/txt_email'

2018-10-17 10:41:22 - [MESSAGE][PASSED] - Object: 'Object Repository/Page_mailinator/btn_go' is clicked on

2018-10-17 10:41:22 - [MESSAGE][PASSED] - Wait for page load successfully

2018-10-17 10:41:27 - [MESSAGE][PASSED] - Delayed 5 second(s)

2018-10-17 10:41:27 - [MESSAGE][PASSED] - beautytap.GeneralAction.openMailBox is PASSED

2018-10-17 10:41:27 - [TEST_STEP][PASSED] - beautytap.GeneralAction.verifyEmailExist: beautytap.GeneralAction.verifyEmailExist is PASSED

2018-10-17 10:41:27 - [MESSAGE][PASSED] - Object '' is present

2018-10-17 10:41:27 - [MESSAGE][PASSED] - beautytap.GeneralAction.verifyEmailExist is PASSED

2018-10-17 10:41:27 - [TEST_STEP][PASSED] - beautytap.GeneralAction.openEmail: beautytap.GeneralAction.openEmail is PASSED

2018-10-17 10:41:27 - [MESSAGE][PASSED] - Object: '' is clicked on

2018-10-17 10:41:27 - [MESSAGE][PASSED] - beautytap.GeneralAction.openEmail is PASSED

2018-10-17 10:41:27 - [TEST_STEP][PASSED] - beautytap.GeneralAction.clickEmailLink: beautytap.GeneralAction.clickEmailLink is PASSED

2018-10-17 10:41:28 - [MESSAGE][PASSED] - Text of object '' is: 'https://stage.beautytap.com/wp-login.php?action=rp&key=WqE7RPHNGTRcBggysK7V&login=auto728065'

2018-10-17 10:41:32 - [MESSAGE][PASSED] - Navigate to 'https://stage.beautytap.com/wp-login.php?action=rp&key=WqE7RPHNGTRcBggysK7V&login=auto728065' successfully

2018-10-17 10:41:32 - [MESSAGE][PASSED] - beautytap.GeneralAction.clickEmailLink is PASSED

2018-10-17 10:41:32 - [TEST_STEP][PASSED] - delay: Delayed 20 second(s)

2018-10-17 10:41:52 - [MESSAGE][PASSED] - Delayed 20 second(s)

2018-10-17 10:41:52 - [TEST_STEP][PASSED] - clearText: Text of object 'Object Repository/Page_ForgotPassword/txt_newPassword' is cleared

2018-10-17 10:41:53 - [MESSAGE][PASSED] - Text of object 'Object Repository/Page_ForgotPassword/txt_newPassword' is cleared

2018-10-17 10:41:53 - [TEST_STEP][PASSED] - sendKeys: Keys 'test123' sent to object: 'Object Repository/Page_ForgotPassword/txt_newPassword'

2018-10-17 10:41:53 - [MESSAGE][PASSED] - Keys 'test123' sent to object: 'Object Repository/Page_ForgotPassword/txt_newPassword'

2018-10-17 10:41:53 - [TEST_STEP][PASSED] - click: Object: 'Object Repository/Page_ForgotPassword/btn_resetPassword' is clicked on

2018-10-17 10:42:00 - [MESSAGE][PASSED] - Object: 'Object Repository/Page_ForgotPassword/btn_resetPassword' is clicked on

2018-10-17 10:42:00 - [TEST_STEP][PASSED] - verifyElementPresent: Object 'Object Repository/Page_ForgotPassword/lbl_resetPasswordMessage' is present

2018-10-17 10:42:01 - [MESSAGE][PASSED] - Object 'Object Repository/Page_ForgotPassword/lbl_resetPasswordMessage' is present

2018-10-17 10:42:01 - [TEST_STEP][PASSED] - beautytap.GeneralAction.clickNavigationMenu: beautytap.GeneralAction.clickNavigationMenu is PASSED

2018-10-17 10:42:05 - [MESSAGE][PASSED] - Object: 'Object Repository/Page_General/link_login' is clicked on

2018-10-17 10:42:05 - [MESSAGE][PASSED] - Wait for page load successfully

2018-10-17 10:42:05 - [MESSAGE][PASSED] - beautytap.GeneralAction.clickNavigationMenu is PASSED

2018-10-17 10:42:05 - [TEST_STEP][PASSED] - beautytap.GeneralAction.login: beautytap.GeneralAction.login is PASSED

2018-10-17 10:42:06 - [MESSAGE][PASSED] - Text of object 'Object Repository/Page_login/txt_username' is cleared

2018-10-17 10:42:06 - [MESSAGE][PASSED] - Keys 'auto728065' sent to object: 'Object Repository/Page_login/txt_username'

2018-10-17 10:42:06 - [MESSAGE][PASSED] - Text of object 'Object Repository/Page_login/txt_password' is cleared

2018-10-17 10:42:06 - [MESSAGE][PASSED] - Keys '123456' sent to object: 'Object Repository/Page_login/txt_password'

2018-10-17 10:42:07 - [MESSAGE][PASSED] - Object: 'Object Repository/Page_login/btn_login' is clicked on

2018-10-17 10:42:07 - [MESSAGE][PASSED] - Wait for page load successfully

2018-10-17 10:42:07 - [MESSAGE][PASSED] - beautytap.GeneralAction.login is PASSED

2018-10-17 10:42:07 - [TEST_STEP][PASSED] - verifyElementText: Actual text and expected text of test object 'Object Repository/Page_Login/lbl_errorMessage' are matched.

2018-10-17 10:42:08 - [MESSAGE][PASSED] - Actual text and expected text of test object 'Object Repository/Page_Login/lbl_errorMessage' are matched.

2018-10-17 10:42:08 - [TEST_STEP][PASSED] - beautytap.GeneralAction.login: beautytap.GeneralAction.login is PASSED

2018-10-17 10:42:08 - [MESSAGE][PASSED] - Text of object 'Object Repository/Page_login/txt_username' is cleared

2018-10-17 10:42:08 - [MESSAGE][PASSED] - Keys 'auto728065' sent to object: 'Object Repository/Page_login/txt_username'

2018-10-17 10:42:08 - [MESSAGE][PASSED] - Text of object 'Object Repository/Page_login/txt_password' is cleared

2018-10-17 10:42:08 - [MESSAGE][PASSED] - Keys 'test123' sent to object: 'Object Repository/Page_login/txt_password'

2018-10-17 10:42:08 - [MESSAGE][PASSED] - Object: 'Object Repository/Page_login/btn_login' is clicked on

2018-10-17 10:42:08 - [MESSAGE][PASSED] - Wait for page load successfully

2018-10-17 10:42:08 - [MESSAGE][PASSED] - beautytap.GeneralAction.login is PASSED

2018-10-17 10:42:08 - [TEST_STEP][PASSED] - verifyElementPresent: Object 'Object Repository/Page_General/link_avatar' is present

2018-10-17 10:42:28 - [MESSAGE][PASSED] - Object 'Object Repository/Page_General/link_avatar' is present

2018-10-17 10:42:28 - [TEST_STEP][PASSED] - beautytap.GeneralAction.logout: beautytap.GeneralAction.logout is PASSED

2018-10-17 10:42:28 - [MESSAGE][PASSED] - Object: 'Object Repository/Page_General/link_avatar' is clicked on

2018-10-17 10:42:28 - [MESSAGE][PASSED] - Object 'Object Repository/Page_General/menu_logout' is present

2018-10-17 10:42:29 - [MESSAGE][PASSED] - Object: 'Object Repository/Page_General/menu_logout' is clicked on

2018-10-17 10:42:29 - [MESSAGE][PASSED] - Wait for page load successfully

2018-10-17 10:42:29 - [MESSAGE][PASSED] - beautytap.GeneralAction.logout is PASSED

2018-10-17 10:42:29 - [TEST_STEP][PASSED] - beautytap.GeneralAction.clickNavigationMenu: beautytap.GeneralAction.clickNavigationMenu is PASSED

2018-10-17 10:42:41 - [MESSAGE][PASSED] - Object: 'Object Repository/Page_General/link_login' is clicked on

2018-10-17 10:42:41 - [MESSAGE][PASSED] - Wait for page load successfully

2018-10-17 10:42:41 - [MESSAGE][PASSED] - beautytap.GeneralAction.clickNavigationMenu is PASSED

2018-10-17 10:42:41 - [TEST_STEP][PASSED] - beautytap.GeneralAction.login: beautytap.GeneralAction.login is PASSED

2018-10-17 10:42:41 - [MESSAGE][PASSED] - Text of object 'Object Repository/Page_login/txt_username' is cleared

2018-10-17 10:42:41 - [MESSAGE][PASSED] - Keys 'auto728065@mailinator.com' sent to object: 'Object Repository/Page_login/txt_username'

2018-10-17 10:42:41 - [MESSAGE][PASSED] - Text of object 'Object Repository/Page_login/txt_password' is cleared

2018-10-17 10:42:41 - [MESSAGE][PASSED] - Keys 'test123' sent to object: 'Object Repository/Page_login/txt_password'

2018-10-17 10:42:42 - [MESSAGE][PASSED] - Object: 'Object Repository/Page_login/btn_login' is clicked on

2018-10-17 10:42:42 - [MESSAGE][PASSED] - Wait for page load successfully

2018-10-17 10:42:42 - [MESSAGE][PASSED] - beautytap.GeneralAction.login is PASSED

2018-10-17 10:42:42 - [TEST_STEP][PASSED] - verifyElementPresent: Object 'Object Repository/Page_General/link_avatar' is present

2018-10-17 10:43:02 - [MESSAGE][PASSED] - Object 'Object Repository/Page_General/link_avatar' is present

2018-10-17 10:43:02 - [TEST_STEP][PASSED] - beautytap.GeneralAction.logout: beautytap.GeneralAction.logout is PASSED

2018-10-17 10:43:02 - [MESSAGE][PASSED] - Object: 'Object Repository/Page_General/link_avatar' is clicked on

2018-10-17 10:43:03 - [MESSAGE][PASSED] - Object 'Object Repository/Page_General/menu_logout' is present

2018-10-17 10:43:03 - [MESSAGE][PASSED] - Object: 'Object Repository/Page_General/menu_logout' is clicked on

2018-10-17 10:43:03 - [MESSAGE][PASSED] - Wait for page load successfully

2018-10-17 10:43:04 - [MESSAGE][PASSED] - Browser is closed

2018-10-17 10:43:04 - [MESSAGE][PASSED] - beautytap.GeneralAction.logout is PASSED]]></system-out>
         <system-err><![CDATA[]]></system-err>
      </testcase>
      <testcase name="Test Cases/SignUp_Login_ResetPass/TC02_SignUp_Login_ViaFacebookEmail_NewUser_OldUser" classname="Test Cases/SignUp_Login_ResetPass/TC02_SignUp_Login_ViaFacebookEmail_NewUser_OldUser" status="PASSED">
         <system-out><![CDATA[2018-10-17 10:43:06 - [TEST_CASE][PASSED] - Test Cases/SignUp_Login_ResetPass/TC02_SignUp_Login_ViaFacebookEmail_NewUser_OldUser: Test Cases/SignUp_Login_ResetPass/TC02_SignUp_Login_ViaFacebookEmail_NewUser_OldUser

2018-10-17 10:43:06 - [TEST_STEP][PASSED] - beautytap.AdminAction.deleteUser: beautytap.AdminAction.deleteUser is PASSED

2018-10-17 10:43:15 - [MESSAGE][PASSED] - Browser is opened with url: 'https://stage.beautytap.com/login'

2018-10-17 10:43:16 - [MESSAGE][PASSED] - Current window maximized

2018-10-17 10:43:16 - [MESSAGE][PASSED] - Text of object 'Object Repository/Page_login/txt_username' is cleared

2018-10-17 10:43:16 - [MESSAGE][PASSED] - Keys 'mrwhite' sent to object: 'Object Repository/Page_login/txt_username'

2018-10-17 10:43:17 - [MESSAGE][PASSED] - Text of object 'Object Repository/Page_login/txt_password' is cleared

2018-10-17 10:43:17 - [MESSAGE][PASSED] - Keys 'kgySM$Im' sent to object: 'Object Repository/Page_login/txt_password'

2018-10-17 10:43:17 - [MESSAGE][PASSED] - Object: 'Object Repository/Page_login/btn_login' is clicked on

2018-10-17 10:43:17 - [MESSAGE][PASSED] - Wait for page load successfully

2018-10-17 10:43:17 - [MESSAGE][PASSED] - Wait for page load successfully

2018-10-17 10:43:27 - [MESSAGE][PASSED] - Navigate to 'https://stage.beautytap.com/admin' successfully

2018-10-17 10:43:27 - [MESSAGE][PASSED] - Wait for page load successfully

2018-10-17 10:43:34 - [MESSAGE][PASSED] - Object: 'Object Repository/Page_Admin/menu_users' is clicked on

2018-10-17 10:43:34 - [MESSAGE][PASSED] - Wait for page load successfully

2018-10-17 10:43:34 - [MESSAGE][PASSED] - Text of object 'Object Repository/Page_Admin/txt_searchUser' is cleared

2018-10-17 10:43:34 - [MESSAGE][PASSED] - Keys 'g5.posiba@gmail.com' sent to object: 'Object Repository/Page_Admin/txt_searchUser'

2018-10-17 10:43:39 - [MESSAGE][PASSED] - Object: 'Object Repository/Page_Admin/btn_searchUser' is clicked on

2018-10-17 10:43:39 - [MESSAGE][PASSED] - Wait for page load successfully

2018-10-17 10:43:39 - [MESSAGE][PASSED] - Text of object '' is: 'g5.posiba@gmail.com'

2018-10-17 10:43:39 - [MESSAGE][PASSED] - Attribute 'id' of object '' is: 'user-64405'

2018-10-17 10:43:39 - [MESSAGE][PASSED] - Object: '' is hovered

2018-10-17 10:43:44 - [MESSAGE][PASSED] - Delayed 5 second(s)

2018-10-17 10:43:47 - [MESSAGE][PASSED] - Object: '' is clicked on

2018-10-17 10:43:47 - [MESSAGE][FAILED] - No alert found
[[ATTACHMENT|E:\\BeautytapAutomation\\beautytapAuto\\Beautytap\\Reports\\Regression\\20181017_102608\\1539747827377.png]]

2018-10-17 10:43:48 - [MESSAGE][FAILED] - Unable to accept alert (Root cause: No alert found)
[[ATTACHMENT|E:\\BeautytapAutomation\\beautytapAuto\\Beautytap\\Reports\\Regression\\20181017_102608\\1539747827687.png]]

2018-10-17 10:43:48 - [MESSAGE][PASSED] - Browser is closed

2018-10-17 10:43:48 - [MESSAGE][PASSED] - beautytap.AdminAction.deleteUser is PASSED

2018-10-17 10:43:48 - [TEST_STEP][PASSED] - beautytap.GeneralAction.openBeautytap: beautytap.GeneralAction.openBeautytap is PASSED

2018-10-17 10:44:15 - [MESSAGE][PASSED] - Browser is opened with url: 'https://stage.beautytap.com'

2018-10-17 10:44:16 - [MESSAGE][PASSED] - Current window maximized

2018-10-17 10:44:24 - [MESSAGE][PASSED] - Refresh successfully

2018-10-17 10:44:24 - [MESSAGE][PASSED] - Wait for page load successfully

2018-10-17 10:44:24 - [MESSAGE][PASSED] - beautytap.GeneralAction.openBeautytap is PASSED

2018-10-17 10:44:24 - [TEST_STEP][PASSED] - beautytap.GeneralAction.clickNavigationMenu: beautytap.GeneralAction.clickNavigationMenu is PASSED

2018-10-17 10:44:28 - [MESSAGE][PASSED] - Object: 'Object Repository/Page_General/link_signup' is clicked on

2018-10-17 10:44:28 - [MESSAGE][PASSED] - Wait for page load successfully

2018-10-17 10:44:28 - [MESSAGE][PASSED] - beautytap.GeneralAction.clickNavigationMenu is PASSED

2018-10-17 10:44:28 - [TEST_STEP][PASSED] - beautytap.GeneralAction.signupViaFacebook: beautytap.GeneralAction.signupViaFacebook is PASSED

2018-10-17 10:44:28 - [MESSAGE][PASSED] - Object: 'Object Repository/Page_Signup/btn_signupFB' is clicked on

2018-10-17 10:44:28 - [MESSAGE][PASSED] - Switched to window with index: '1'

2018-10-17 10:44:31 - [MESSAGE][PASSED] - Keys 'g5.posiba@gmail.com' sent to object: 'Object Repository/Popup_FacebookLogin/txt_email'

2018-10-17 10:44:31 - [MESSAGE][PASSED] - Keys 'posiba123' sent to object: 'Object Repository/Popup_FacebookLogin/txt_password'

2018-10-17 10:44:33 - [MESSAGE][PASSED] - Object: 'Object Repository/Popup_FacebookLogin/btn_login' is clicked on

2018-10-17 10:44:35 - [MESSAGE][WARNING] - Cannot take screenshot

2018-10-17 10:44:35 - [MESSAGE][FAILED] - Unable to get text of object 'Object Repository/Popup_FacebookLogin/btn_confirmPermission' (Root cause: org.openqa.selenium.NoSuchWindowException: no such window: window was already closed
  (Session info: chrome=69.0.3497.100)
  (Driver info: chromedriver=2.35.528161 (5b82f2d2aae0ca24b877009200ced9065a772e73),platform=Windows NT 10.0.17134 x86_64) (WARNING: The server did not provide any stacktrace information)
Command duration or timeout: 0 milliseconds
Build info: version: '3.7.1', revision: '8a0099a', time: '2017-11-06T21:07:36.161Z'
System info: host: 'DESKTOP-G1UHP65', ip: '10.0.0.227', os.name: 'Windows 10', os.arch: 'amd64', os.version: '10.0', java.version: '1.8.0_102'
Driver info: com.kms.katalon.selenium.driver.CChromeDriver
Capabilities {acceptInsecureCerts: false, acceptSslCerts: false, applicationCacheEnabled: false, browserConnectionEnabled: false, browserName: chrome, chrome: {chromedriverVersion: 2.35.528161 (5b82f2d2aae0ca..., userDataDir: C:\Users\TRANGN~1\AppData\L...}, cssSelectorsEnabled: true, databaseEnabled: false, handlesAlerts: true, hasTouchScreen: false, javascriptEnabled: true, locationContextEnabled: true, mobileEmulationEnabled: false, nativeEvents: true, networkConnectionEnabled: false, pageLoadStrategy: normal, platform: XP, platformName: XP, rotatable: false, setWindowRect: true, takesHeapSnapshot: true, takesScreenshot: true, unexpectedAlertBehaviour: , unhandledPromptBehavior: , version: 69.0.3497.100, webStorageEnabled: true}
Session ID: 1259edf01bb4771b8702c1c04ab7ba98
*** Element info: {Using=xpath, value=//button[contains(@class,'layerConfirm') and contains(@name,'CONFIRM')]})

2018-10-17 10:44:35 - [MESSAGE][PASSED] - Switched to window with index: '0'

2018-10-17 10:44:50 - [MESSAGE][PASSED] - Delayed 15 second(s)

2018-10-17 10:44:54 - [MESSAGE][PASSED] - Wait for page load successfully

2018-10-17 10:44:54 - [MESSAGE][PASSED] - beautytap.GeneralAction.signupViaFacebook is PASSED

2018-10-17 10:44:54 - [TEST_STEP][PASSED] - verifyElementPresent: Object 'Object Repository/Page_General/link_avatar' is present

2018-10-17 10:44:54 - [MESSAGE][PASSED] - Object 'Object Repository/Page_General/link_avatar' is present

2018-10-17 10:44:54 - [TEST_STEP][PASSED] - beautytap.GeneralAction.logout: beautytap.GeneralAction.logout is PASSED

2018-10-17 10:44:54 - [MESSAGE][PASSED] - Object: 'Object Repository/Page_General/link_avatar' is clicked on

2018-10-17 10:44:54 - [MESSAGE][PASSED] - Object 'Object Repository/Page_General/menu_logout' is present

2018-10-17 10:44:55 - [MESSAGE][PASSED] - Object: 'Object Repository/Page_General/menu_logout' is clicked on

2018-10-17 10:44:55 - [MESSAGE][PASSED] - Wait for page load successfully

2018-10-17 10:44:56 - [MESSAGE][PASSED] - Browser is closed

2018-10-17 10:44:56 - [MESSAGE][PASSED] - beautytap.GeneralAction.logout is PASSED

2018-10-17 10:44:56 - [TEST_STEP][PASSED] - beautytap.AdminAction.deleteUser: beautytap.AdminAction.deleteUser is PASSED

2018-10-17 10:45:04 - [MESSAGE][PASSED] - Browser is opened with url: 'https://stage.beautytap.com/login'

2018-10-17 10:45:05 - [MESSAGE][PASSED] - Current window maximized

2018-10-17 10:45:05 - [MESSAGE][PASSED] - Text of object 'Object Repository/Page_login/txt_username' is cleared

2018-10-17 10:45:05 - [MESSAGE][PASSED] - Keys 'mrwhite' sent to object: 'Object Repository/Page_login/txt_username'

2018-10-17 10:45:05 - [MESSAGE][PASSED] - Text of object 'Object Repository/Page_login/txt_password' is cleared

2018-10-17 10:45:06 - [MESSAGE][PASSED] - Keys 'kgySM$Im' sent to object: 'Object Repository/Page_login/txt_password'

2018-10-17 10:45:06 - [MESSAGE][PASSED] - Object: 'Object Repository/Page_login/btn_login' is clicked on

2018-10-17 10:45:06 - [MESSAGE][PASSED] - Wait for page load successfully

2018-10-17 10:45:06 - [MESSAGE][PASSED] - Wait for page load successfully

2018-10-17 10:45:17 - [MESSAGE][PASSED] - Navigate to 'https://stage.beautytap.com/admin' successfully

2018-10-17 10:45:17 - [MESSAGE][PASSED] - Wait for page load successfully

2018-10-17 10:45:24 - [MESSAGE][PASSED] - Object: 'Object Repository/Page_Admin/menu_users' is clicked on

2018-10-17 10:45:24 - [MESSAGE][PASSED] - Wait for page load successfully

2018-10-17 10:45:24 - [MESSAGE][PASSED] - Text of object 'Object Repository/Page_Admin/txt_searchUser' is cleared

2018-10-17 10:45:25 - [MESSAGE][PASSED] - Keys 'g5.posiba@gmail.com' sent to object: 'Object Repository/Page_Admin/txt_searchUser'

2018-10-17 10:45:29 - [MESSAGE][PASSED] - Object: 'Object Repository/Page_Admin/btn_searchUser' is clicked on

2018-10-17 10:45:29 - [MESSAGE][PASSED] - Wait for page load successfully

2018-10-17 10:45:29 - [MESSAGE][PASSED] - Text of object '' is: 'g5.posiba@gmail.com'

2018-10-17 10:45:29 - [MESSAGE][PASSED] - Attribute 'id' of object '' is: 'user-64405'

2018-10-17 10:45:29 - [MESSAGE][PASSED] - Object: '' is hovered

2018-10-17 10:45:34 - [MESSAGE][PASSED] - Delayed 5 second(s)

2018-10-17 10:45:37 - [MESSAGE][PASSED] - Object: '' is clicked on

2018-10-17 10:45:37 - [MESSAGE][FAILED] - No alert found
[[ATTACHMENT|E:\\BeautytapAutomation\\beautytapAuto\\Beautytap\\Reports\\Regression\\20181017_102608\\1539747937288.png]]

2018-10-17 10:45:37 - [MESSAGE][FAILED] - Unable to accept alert (Root cause: No alert found)
[[ATTACHMENT|E:\\BeautytapAutomation\\beautytapAuto\\Beautytap\\Reports\\Regression\\20181017_102608\\1539747937597.png]]

2018-10-17 10:45:38 - [MESSAGE][PASSED] - Browser is closed

2018-10-17 10:45:38 - [MESSAGE][PASSED] - beautytap.AdminAction.deleteUser is PASSED

2018-10-17 10:45:38 - [TEST_STEP][PASSED] - beautytap.GeneralAction.openBeautytap: beautytap.GeneralAction.openBeautytap is PASSED

2018-10-17 10:46:06 - [MESSAGE][PASSED] - Browser is opened with url: 'https://stage.beautytap.com'

2018-10-17 10:46:07 - [MESSAGE][PASSED] - Current window maximized

2018-10-17 10:46:15 - [MESSAGE][PASSED] - Refresh successfully

2018-10-17 10:46:15 - [MESSAGE][PASSED] - Wait for page load successfully

2018-10-17 10:46:15 - [MESSAGE][PASSED] - beautytap.GeneralAction.openBeautytap is PASSED

2018-10-17 10:46:15 - [TEST_STEP][PASSED] - beautytap.GeneralAction.clickNavigationMenu: beautytap.GeneralAction.clickNavigationMenu is PASSED

2018-10-17 10:46:19 - [MESSAGE][PASSED] - Object: 'Object Repository/Page_General/link_login' is clicked on

2018-10-17 10:46:19 - [MESSAGE][PASSED] - Wait for page load successfully

2018-10-17 10:46:19 - [MESSAGE][PASSED] - beautytap.GeneralAction.clickNavigationMenu is PASSED

2018-10-17 10:46:19 - [TEST_STEP][PASSED] - beautytap.GeneralAction.login: beautytap.GeneralAction.login is PASSED

2018-10-17 10:46:19 - [MESSAGE][PASSED] - Object: 'Object Repository/Page_Login/btn_loginFB' is clicked on

2018-10-17 10:46:19 - [MESSAGE][PASSED] - Switched to window with index: '1'

2018-10-17 10:46:21 - [MESSAGE][PASSED] - Object 'Object Repository/Popup_FacebookLogin/txt_email' is visible

2018-10-17 10:46:21 - [MESSAGE][PASSED] - Keys 'g5.posiba@gmail.com' sent to object: 'Object Repository/Popup_FacebookLogin/txt_email'

2018-10-17 10:46:22 - [MESSAGE][PASSED] - Keys 'posiba123' sent to object: 'Object Repository/Popup_FacebookLogin/txt_password'

2018-10-17 10:46:23 - [MESSAGE][PASSED] - Object: 'Object Repository/Popup_FacebookLogin/btn_login' is clicked on

2018-10-17 10:46:23 - [MESSAGE][PASSED] - Switched to window with index: '0'

2018-10-17 10:46:23 - [MESSAGE][PASSED] - Wait for page load successfully

2018-10-17 10:46:23 - [MESSAGE][PASSED] - beautytap.GeneralAction.login is PASSED

2018-10-17 10:46:23 - [TEST_STEP][PASSED] - verifyElementPresent: Object 'Object Repository/Page_General/link_avatar' is present

2018-10-17 10:46:44 - [MESSAGE][PASSED] - Object 'Object Repository/Page_General/link_avatar' is present

2018-10-17 10:46:44 - [TEST_STEP][PASSED] - beautytap.GeneralAction.logout: beautytap.GeneralAction.logout is PASSED

2018-10-17 10:46:44 - [MESSAGE][PASSED] - Object: 'Object Repository/Page_General/link_avatar' is clicked on

2018-10-17 10:46:44 - [MESSAGE][PASSED] - Object 'Object Repository/Page_General/menu_logout' is present

2018-10-17 10:46:45 - [MESSAGE][PASSED] - Object: 'Object Repository/Page_General/menu_logout' is clicked on

2018-10-17 10:46:45 - [MESSAGE][PASSED] - Wait for page load successfully

2018-10-17 10:46:45 - [MESSAGE][PASSED] - Browser is closed

2018-10-17 10:46:45 - [MESSAGE][PASSED] - beautytap.GeneralAction.logout is PASSED

2018-10-17 10:46:45 - [TEST_STEP][PASSED] - beautytap.GeneralAction.openBeautytap: beautytap.GeneralAction.openBeautytap is PASSED

2018-10-17 10:47:01 - [MESSAGE][PASSED] - Browser is opened with url: 'https://stage.beautytap.com'

2018-10-17 10:47:02 - [MESSAGE][PASSED] - Current window maximized

2018-10-17 10:47:09 - [MESSAGE][PASSED] - Refresh successfully

2018-10-17 10:47:09 - [MESSAGE][PASSED] - Wait for page load successfully

2018-10-17 10:47:09 - [MESSAGE][PASSED] - beautytap.GeneralAction.openBeautytap is PASSED

2018-10-17 10:47:09 - [TEST_STEP][PASSED] - beautytap.GeneralAction.clickNavigationMenu: beautytap.GeneralAction.clickNavigationMenu is PASSED

2018-10-17 10:47:13 - [MESSAGE][PASSED] - Object: 'Object Repository/Page_General/link_signup' is clicked on

2018-10-17 10:47:13 - [MESSAGE][PASSED] - Wait for page load successfully

2018-10-17 10:47:13 - [MESSAGE][PASSED] - beautytap.GeneralAction.clickNavigationMenu is PASSED

2018-10-17 10:47:13 - [TEST_STEP][PASSED] - beautytap.GeneralAction.signupViaFacebook: beautytap.GeneralAction.signupViaFacebook is PASSED

2018-10-17 10:47:13 - [MESSAGE][PASSED] - Object: 'Object Repository/Page_Signup/btn_signupFB' is clicked on

2018-10-17 10:47:13 - [MESSAGE][PASSED] - Switched to window with index: '1'

2018-10-17 10:47:16 - [MESSAGE][PASSED] - Keys 'g5.posiba@gmail.com' sent to object: 'Object Repository/Popup_FacebookLogin/txt_email'

2018-10-17 10:47:16 - [MESSAGE][PASSED] - Keys 'posiba123' sent to object: 'Object Repository/Popup_FacebookLogin/txt_password'

2018-10-17 10:47:18 - [MESSAGE][PASSED] - Object: 'Object Repository/Popup_FacebookLogin/btn_login' is clicked on

2018-10-17 10:47:20 - [MESSAGE][WARNING] - Cannot take screenshot

2018-10-17 10:47:20 - [MESSAGE][FAILED] - Unable to get text of object 'Object Repository/Popup_FacebookLogin/btn_confirmPermission' (Root cause: org.openqa.selenium.NoSuchWindowException: no such window: window was already closed
  (Session info: chrome=69.0.3497.100)
  (Driver info: chromedriver=2.35.528161 (5b82f2d2aae0ca24b877009200ced9065a772e73),platform=Windows NT 10.0.17134 x86_64) (WARNING: The server did not provide any stacktrace information)
Command duration or timeout: 0 milliseconds
Build info: version: '3.7.1', revision: '8a0099a', time: '2017-11-06T21:07:36.161Z'
System info: host: 'DESKTOP-G1UHP65', ip: '10.0.0.227', os.name: 'Windows 10', os.arch: 'amd64', os.version: '10.0', java.version: '1.8.0_102'
Driver info: com.kms.katalon.selenium.driver.CChromeDriver
Capabilities {acceptInsecureCerts: false, acceptSslCerts: false, applicationCacheEnabled: false, browserConnectionEnabled: false, browserName: chrome, chrome: {chromedriverVersion: 2.35.528161 (5b82f2d2aae0ca..., userDataDir: C:\Users\TRANGN~1\AppData\L...}, cssSelectorsEnabled: true, databaseEnabled: false, handlesAlerts: true, hasTouchScreen: false, javascriptEnabled: true, locationContextEnabled: true, mobileEmulationEnabled: false, nativeEvents: true, networkConnectionEnabled: false, pageLoadStrategy: normal, platform: XP, platformName: XP, rotatable: false, setWindowRect: true, takesHeapSnapshot: true, takesScreenshot: true, unexpectedAlertBehaviour: , unhandledPromptBehavior: , version: 69.0.3497.100, webStorageEnabled: true}
Session ID: f5834d38d5b365f3298275437f44fe3a
*** Element info: {Using=xpath, value=//button[contains(@class,'layerConfirm') and contains(@name,'CONFIRM')]})

2018-10-17 10:47:20 - [MESSAGE][PASSED] - Switched to window with index: '0'

2018-10-17 10:47:35 - [MESSAGE][PASSED] - Delayed 15 second(s)

2018-10-17 10:47:39 - [MESSAGE][PASSED] - Wait for page load successfully

2018-10-17 10:47:39 - [MESSAGE][PASSED] - beautytap.GeneralAction.signupViaFacebook is PASSED

2018-10-17 10:47:39 - [TEST_STEP][PASSED] - verifyElementPresent: Object 'Object Repository/Page_General/link_avatar' is present

2018-10-17 10:47:39 - [MESSAGE][PASSED] - Object 'Object Repository/Page_General/link_avatar' is present

2018-10-17 10:47:39 - [TEST_STEP][PASSED] - beautytap.GeneralAction.logout: beautytap.GeneralAction.logout is PASSED

2018-10-17 10:47:40 - [MESSAGE][PASSED] - Object: 'Object Repository/Page_General/link_avatar' is clicked on

2018-10-17 10:47:40 - [MESSAGE][PASSED] - Object 'Object Repository/Page_General/menu_logout' is present

2018-10-17 10:47:40 - [MESSAGE][PASSED] - Object: 'Object Repository/Page_General/menu_logout' is clicked on

2018-10-17 10:47:40 - [MESSAGE][PASSED] - Wait for page load successfully

2018-10-17 10:47:41 - [MESSAGE][PASSED] - Browser is closed

2018-10-17 10:47:41 - [MESSAGE][PASSED] - beautytap.GeneralAction.logout is PASSED

2018-10-17 10:47:41 - [TEST_STEP][PASSED] - beautytap.GeneralAction.openBeautytap: beautytap.GeneralAction.openBeautytap is PASSED

2018-10-17 10:48:02 - [MESSAGE][PASSED] - Browser is opened with url: 'https://stage.beautytap.com'

2018-10-17 10:48:03 - [MESSAGE][PASSED] - Current window maximized

2018-10-17 10:48:11 - [MESSAGE][PASSED] - Refresh successfully

2018-10-17 10:48:11 - [MESSAGE][PASSED] - Wait for page load successfully

2018-10-17 10:48:11 - [MESSAGE][PASSED] - beautytap.GeneralAction.openBeautytap is PASSED

2018-10-17 10:48:11 - [TEST_STEP][PASSED] - beautytap.GeneralAction.clickNavigationMenu: beautytap.GeneralAction.clickNavigationMenu is PASSED

2018-10-17 10:48:14 - [MESSAGE][PASSED] - Object: 'Object Repository/Page_General/link_login' is clicked on

2018-10-17 10:48:14 - [MESSAGE][PASSED] - Wait for page load successfully

2018-10-17 10:48:14 - [MESSAGE][PASSED] - beautytap.GeneralAction.clickNavigationMenu is PASSED

2018-10-17 10:48:14 - [TEST_STEP][PASSED] - beautytap.GeneralAction.login: beautytap.GeneralAction.login is PASSED

2018-10-17 10:48:14 - [MESSAGE][PASSED] - Object: 'Object Repository/Page_Login/btn_loginFB' is clicked on

2018-10-17 10:48:14 - [MESSAGE][PASSED] - Switched to window with index: '1'

2018-10-17 10:48:17 - [MESSAGE][PASSED] - Object 'Object Repository/Popup_FacebookLogin/txt_email' is visible

2018-10-17 10:48:17 - [MESSAGE][PASSED] - Keys 'g5.posiba@gmail.com' sent to object: 'Object Repository/Popup_FacebookLogin/txt_email'

2018-10-17 10:48:17 - [MESSAGE][PASSED] - Keys 'posiba123' sent to object: 'Object Repository/Popup_FacebookLogin/txt_password'

2018-10-17 10:48:18 - [MESSAGE][PASSED] - Object: 'Object Repository/Popup_FacebookLogin/btn_login' is clicked on

2018-10-17 10:48:19 - [MESSAGE][PASSED] - Switched to window with index: '0'

2018-10-17 10:48:19 - [MESSAGE][PASSED] - Wait for page load successfully

2018-10-17 10:48:19 - [MESSAGE][PASSED] - beautytap.GeneralAction.login is PASSED

2018-10-17 10:48:19 - [TEST_STEP][PASSED] - verifyElementPresent: Object 'Object Repository/Page_General/link_avatar' is present

2018-10-17 10:48:39 - [MESSAGE][PASSED] - Object 'Object Repository/Page_General/link_avatar' is present

2018-10-17 10:48:39 - [TEST_STEP][PASSED] - beautytap.GeneralAction.logout: beautytap.GeneralAction.logout is PASSED

2018-10-17 10:48:40 - [MESSAGE][PASSED] - Object: 'Object Repository/Page_General/link_avatar' is clicked on

2018-10-17 10:48:40 - [MESSAGE][PASSED] - Object 'Object Repository/Page_General/menu_logout' is present

2018-10-17 10:48:40 - [MESSAGE][PASSED] - Object: 'Object Repository/Page_General/menu_logout' is clicked on

2018-10-17 10:48:40 - [MESSAGE][PASSED] - Wait for page load successfully

2018-10-17 10:48:41 - [MESSAGE][PASSED] - Browser is closed

2018-10-17 10:48:41 - [MESSAGE][PASSED] - beautytap.GeneralAction.logout is PASSED]]></system-out>
         <system-err><![CDATA[]]></system-err>
      </testcase>
      <testcase name="Test Cases/Shop/TC07_BuyProduct_EarnPendingPoint_EarnRedeemablePoint" classname="Test Cases/Shop/TC07_BuyProduct_EarnPendingPoint_EarnRedeemablePoint" status="PASSED">
         <system-out><![CDATA[2018-10-17 10:48:43 - [TEST_CASE][PASSED] - Test Cases/Shop/TC07_BuyProduct_EarnPendingPoint_EarnRedeemablePoint: Test Cases/Shop/TC07_BuyProduct_EarnPendingPoint_EarnRedeemablePoint

2018-10-17 10:48:44 - [TEST_STEP][PASSED] - Statement - username = USER_EMAIL: null

2018-10-17 10:48:44 - [TEST_STEP][PASSED] - Statement - password = USER_PASSWORD: null

2018-10-17 10:48:44 - [TEST_STEP][PASSED] - Statement - productName = SIMPLE_PRODUCT: null

2018-10-17 10:48:44 - [TEST_STEP][PASSED] - Statement - price = SIMPLE_PRODUCT_PRICE: null

2018-10-17 10:48:44 - [TEST_STEP][PASSED] - Statement - quantity = 3: null

2018-10-17 10:48:44 - [TEST_STEP][PASSED] - Statement - shippingLabel = FREE_SHIPPING_LABEL: null

2018-10-17 10:48:44 - [TEST_STEP][PASSED] - Statement - shippingPrice = 0: null

2018-10-17 10:48:44 - [TEST_STEP][PASSED] - Statement - subtotal = CustomKeywords.beautytap.ShopAction.calculateTotal(quantity, price): beautytap.ShopAction.calculateTotal is PASSED

2018-10-17 10:48:44 - [MESSAGE][PASSED] - beautytap.ShopAction.calculateTotal is PASSED

2018-10-17 10:48:44 - [TEST_STEP][PASSED] - Statement - total = subtotal + shippingPrice: null

2018-10-17 10:48:44 - [TEST_STEP][PASSED] - Statement - products = new org.json.JSONArray((((((([{"productname":" + productName) + ","variation":"","quantity":") + quantity) + ","price":") + price) + "}])): null

2018-10-17 10:48:44 - [TEST_STEP][PASSED] - Statement - billingInformation = new org.json.JSONObject((({"firstname":"Test","lastname":"Automation","country":"United States (US)","address":"123 Testing","city":"New York","state":"New York","zip":"90012","email":" + username) + "})): null

2018-10-17 10:48:44 - [TEST_STEP][PASSED] - Statement - paymentMethod = "PayPal": null

2018-10-17 10:48:44 - [TEST_STEP][PASSED] - beautytap.GeneralAction.openBeautytap: beautytap.GeneralAction.openBeautytap is PASSED

2018-10-17 10:49:07 - [MESSAGE][PASSED] - Browser is opened with url: 'https://stage.beautytap.com'

2018-10-17 10:49:09 - [MESSAGE][PASSED] - Current window maximized

2018-10-17 10:49:15 - [MESSAGE][PASSED] - Refresh successfully

2018-10-17 10:49:15 - [MESSAGE][PASSED] - Wait for page load successfully

2018-10-17 10:49:15 - [MESSAGE][PASSED] - beautytap.GeneralAction.openBeautytap is PASSED

2018-10-17 10:49:15 - [TEST_STEP][PASSED] - beautytap.GeneralAction.clickNavigationMenu: beautytap.GeneralAction.clickNavigationMenu is PASSED

2018-10-17 10:49:20 - [MESSAGE][PASSED] - Object: 'Object Repository/Page_General/link_login' is clicked on

2018-10-17 10:49:20 - [MESSAGE][PASSED] - Wait for page load successfully

2018-10-17 10:49:20 - [MESSAGE][PASSED] - beautytap.GeneralAction.clickNavigationMenu is PASSED

2018-10-17 10:49:20 - [TEST_STEP][PASSED] - beautytap.GeneralAction.login: beautytap.GeneralAction.login is PASSED

2018-10-17 10:49:20 - [MESSAGE][PASSED] - Text of object 'Object Repository/Page_login/txt_username' is cleared

2018-10-17 10:49:20 - [MESSAGE][PASSED] - Keys 'trang2408@mailinator.com' sent to object: 'Object Repository/Page_login/txt_username'

2018-10-17 10:49:20 - [MESSAGE][PASSED] - Text of object 'Object Repository/Page_login/txt_password' is cleared

2018-10-17 10:49:20 - [MESSAGE][PASSED] - Keys '123456' sent to object: 'Object Repository/Page_login/txt_password'

2018-10-17 10:49:20 - [MESSAGE][PASSED] - Object: 'Object Repository/Page_login/btn_login' is clicked on

2018-10-17 10:49:20 - [MESSAGE][PASSED] - Wait for page load successfully

2018-10-17 10:49:20 - [MESSAGE][PASSED] - beautytap.GeneralAction.login is PASSED

2018-10-17 10:49:20 - [TEST_STEP][PASSED] - beautytap.GeneralAction.selectProfileMenu: beautytap.GeneralAction.selectProfileMenu is PASSED

2018-10-17 10:49:41 - [MESSAGE][PASSED] - Object: 'Object Repository/Page_General/link_avatar' is clicked on

2018-10-17 10:49:43 - [MESSAGE][PASSED] - Delayed 2 second(s)

2018-10-17 10:49:47 - [MESSAGE][PASSED] - Object: '' is clicked on

2018-10-17 10:49:47 - [MESSAGE][PASSED] - Wait for page load successfully

2018-10-17 10:49:47 - [MESSAGE][PASSED] - beautytap.GeneralAction.selectProfileMenu is PASSED

2018-10-17 10:49:47 - [TEST_STEP][PASSED] - Statement - objReward = CustomKeywords.beautytap.ShopAction.getRewardDetails(): beautytap.ShopAction.getRewardDetails is PASSED

2018-10-17 10:49:47 - [MESSAGE][PASSED] - Text of object '' is: '1.2 x Rewards Multiplier!'

2018-10-17 10:49:47 - [MESSAGE][PASSED] - Text of object '' is: '1.2 x Rewards Multiplier!'

2018-10-17 10:49:47 - [MESSAGE][PASSED] - Text of object '' is: '13772.99'

2018-10-17 10:49:47 - [MESSAGE][PASSED] - Text of object '' is: '3475.00'

2018-10-17 10:49:47 - [MESSAGE][PASSED] - Text of object '' is: '9722.99'

2018-10-17 10:49:48 - [MESSAGE][PASSED] - Text of object '' is: '$522.00'

2018-10-17 10:49:48 - [MESSAGE][PASSED] - Text of object '' is: 'BB Boss'

2018-10-17 10:49:48 - [MESSAGE][PASSED] - beautytap.ShopAction.getRewardDetails is PASSED

2018-10-17 10:49:48 - [TEST_STEP][PASSED] - Statement - multiplier = java.lang.Float.parseFloat(objReward.get("multiplier")): null

2018-10-17 10:49:48 - [TEST_STEP][PASSED] - Statement - currentlevel = objReward.get("currentlevel"): null

2018-10-17 10:49:48 - [TEST_STEP][PASSED] - Statement - lifetime = java.lang.Float.parseFloat(objReward.get("lifetime")): null

2018-10-17 10:49:48 - [TEST_STEP][PASSED] - Statement - pending = java.lang.Float.parseFloat(objReward.get("pending")): null

2018-10-17 10:49:48 - [TEST_STEP][PASSED] - Statement - redeemable = java.lang.Float.parseFloat(objReward.get("redeemable")): null

2018-10-17 10:49:48 - [TEST_STEP][PASSED] - Statement - pointvalue = java.lang.Float.parseFloat(objReward.get("pointvalue")): null

2018-10-17 10:49:48 - [TEST_STEP][PASSED] - Statement - format = new java.text.DecimalFormat(0.##): null

2018-10-17 10:49:48 - [TEST_STEP][PASSED] - Statement - rewardEarned = java.lang.Float.parseFloat(format.format(multiplier * subtotal)): null

2018-10-17 10:49:48 - [TEST_STEP][PASSED] - Statement - notificationMessage = "You received " + rewardEarned + " redeemable points": null

2018-10-17 10:49:48 - [TEST_STEP][PASSED] - beautytap.ShopAction.globalSearch: beautytap.ShopAction.globalSearch is PASSED

2018-10-17 10:49:48 - [MESSAGE][PASSED] - Object: 'Object Repository/Page_General/icon_search' is clicked on

2018-10-17 10:49:53 - [MESSAGE][PASSED] - Delayed 5 second(s)

2018-10-17 10:49:53 - [MESSAGE][PASSED] - Text of object 'Object Repository/Page_General/txt_search' is cleared

2018-10-17 10:49:53 - [MESSAGE][PASSED] - Keys 'CONTROL + v' sent to object: 'Object Repository/Page_General/txt_search'

2018-10-17 10:49:58 - [MESSAGE][PASSED] - Delayed 5 second(s)

2018-10-17 10:49:58 - [MESSAGE][PASSED] - beautytap.ShopAction.globalSearch is PASSED

2018-10-17 10:49:58 - [TEST_STEP][PASSED] - beautytap.ShopAction.selectSearchResult: beautytap.ShopAction.selectSearchResult is PASSED

2018-10-17 10:49:58 - [MESSAGE][PASSED] - Text of object '' is: 'La Muse Correct Care Complete Cushion SPF50+'

2018-10-17 10:49:58 - [MESSAGE][PASSED] - Object '' is present

2018-10-17 10:50:07 - [MESSAGE][PASSED] - Object: '' is clicked on

2018-10-17 10:50:07 - [MESSAGE][PASSED] - Wait for page load successfully

2018-10-17 10:50:07 - [MESSAGE][PASSED] - beautytap.ShopAction.selectSearchResult is PASSED

2018-10-17 10:50:07 - [TEST_STEP][PASSED] - beautytap.ShopAction.addProductToCart: beautytap.ShopAction.addProductToCart is PASSED

2018-10-17 10:50:07 - [MESSAGE][PASSED] - Text of object 'Object Repository/Page_Shop/txt_quantity' is cleared

2018-10-17 10:50:07 - [MESSAGE][PASSED] - Keys '3' sent to object: 'Object Repository/Page_Shop/txt_quantity'

2018-10-17 10:50:07 - [MESSAGE][PASSED] - Object: 'Object Repository/Page_Shop/btn_addToCart' is clicked on

2018-10-17 10:50:07 - [MESSAGE][PASSED] - Wait for page load successfully

2018-10-17 10:50:14 - [MESSAGE][PASSED] - Object 'Object Repository/Page_Shop/lbl_message' is present

2018-10-17 10:50:19 - [MESSAGE][PASSED] - Delayed 5 second(s)

2018-10-17 10:50:19 - [MESSAGE][PASSED] - beautytap.ShopAction.addProductToCart is PASSED

2018-10-17 10:50:19 - [TEST_STEP][PASSED] - beautytap.ShopAction.goToCart: beautytap.ShopAction.goToCart is PASSED

2018-10-17 10:50:20 - [MESSAGE][PASSED] - Object 'Object Repository/Page_General/icon_cart' is present

2018-10-17 10:50:26 - [MESSAGE][PASSED] - Object: 'Object Repository/Page_General/icon_cart' is clicked on

2018-10-17 10:50:26 - [MESSAGE][PASSED] - Wait for page load successfully

2018-10-17 10:50:26 - [MESSAGE][PASSED] - beautytap.ShopAction.goToCart is PASSED

2018-10-17 10:50:26 - [TEST_STEP][PASSED] - beautytap.ShopAction.processToCheckout: beautytap.ShopAction.processToCheckout is PASSED

2018-10-17 10:50:34 - [MESSAGE][PASSED] - Object: 'Object Repository/Page_Cart/btn_checkout' is clicked on

2018-10-17 10:50:34 - [MESSAGE][PASSED] - Wait for page load successfully

2018-10-17 10:50:34 - [MESSAGE][PASSED] - beautytap.ShopAction.processToCheckout is PASSED

2018-10-17 10:50:34 - [TEST_STEP][PASSED] - beautytap.ShopAction.fillCustomerInformation: beautytap.ShopAction.fillCustomerInformation is PASSED

2018-10-17 10:50:34 - [MESSAGE][PASSED] - Text of object 'Object Repository/Page_Checkout/txt_billingFirstName' is cleared

2018-10-17 10:50:34 - [MESSAGE][PASSED] - Keys 'Test' sent to object: 'Object Repository/Page_Checkout/txt_billingFirstName'

2018-10-17 10:50:34 - [MESSAGE][PASSED] - Text of object 'Object Repository/Page_Checkout/txt_billingLastName' is cleared

2018-10-17 10:50:34 - [MESSAGE][PASSED] - Keys 'Automation' sent to object: 'Object Repository/Page_Checkout/txt_billingLastName'

2018-10-17 10:50:35 - [MESSAGE][PASSED] - All options with label 'United States (US)' are selected in object 'Object Repository/Page_Checkout/drop_billingCountry' 

2018-10-17 10:50:40 - [MESSAGE][PASSED] - Delayed 5 second(s)

2018-10-17 10:50:40 - [MESSAGE][PASSED] - Text of object 'Object Repository/Page_Checkout/txt_billingAddress' is cleared

2018-10-17 10:50:40 - [MESSAGE][PASSED] - Keys '123 Testing' sent to object: 'Object Repository/Page_Checkout/txt_billingAddress'

2018-10-17 10:50:40 - [MESSAGE][PASSED] - Text of object 'Object Repository/Page_Checkout/txt_billingCity' is cleared

2018-10-17 10:50:40 - [MESSAGE][PASSED] - Keys 'New York' sent to object: 'Object Repository/Page_Checkout/txt_billingCity'

2018-10-17 10:50:40 - [MESSAGE][PASSED] - All options with label 'New York' are selected in object 'Object Repository/Page_Checkout/drop_billingState' 

2018-10-17 10:50:41 - [MESSAGE][PASSED] - Text of object 'Object Repository/Page_Checkout/txt_billingZip' is cleared

2018-10-17 10:50:41 - [MESSAGE][PASSED] - Keys '90012' sent to object: 'Object Repository/Page_Checkout/txt_billingZip'

2018-10-17 10:50:41 - [MESSAGE][PASSED] - Text of object 'Object Repository/Page_Checkout/txt_billingEmail' is cleared

2018-10-17 10:50:42 - [MESSAGE][PASSED] - Keys 'trang2408@mailinator.com' sent to object: 'Object Repository/Page_Checkout/txt_billingEmail'

2018-10-17 10:50:42 - [MESSAGE][PASSED] - Object 'Object Repository/Page_Checkout/chk_shipToDifferentAddress' is un-checked

2018-10-17 10:50:42 - [MESSAGE][PASSED] - Text of object 'Object Repository/Page_Checkout/txt_orderNote' is cleared

2018-10-17 10:50:42 - [MESSAGE][PASSED] - Keys 'TC07' sent to object: 'Object Repository/Page_Checkout/txt_orderNote'

2018-10-17 10:50:42 - [MESSAGE][PASSED] - Object 'Object Repository/Page_Checkout/radio_creditCard' is checked

2018-10-17 10:50:47 - [MESSAGE][PASSED] - Delayed 5 second(s)

2018-10-17 10:50:47 - [MESSAGE][PASSED] - beautytap.ShopAction.fillCustomerInformation is PASSED

2018-10-17 10:50:47 - [TEST_STEP][PASSED] - beautytap.ShopAction.VerifyOrderDetailsOnCheckout: Keyword VerifyOrderDetailsOnCheckout is Passed

2018-10-17 10:50:47 - [MESSAGE][PASSED] - Object '' is present

2018-10-17 10:50:47 - [MESSAGE][PASSED] - Text of object '' is: '$95.40'

2018-10-17 10:50:48 - [MESSAGE][PASSED] - Text of object '' is: 'Free shipping for orders over $70
Why does shipping take this long?'

2018-10-17 10:50:48 - [MESSAGE][PASSED] - Text of object '' is: '$95.40'

2018-10-17 10:50:48 - [MESSAGE][PASSED] - Keyword VerifyOrderDetailsOnCheckout is Passed

2018-10-17 10:50:48 - [TEST_STEP][PASSED] - beautytap.ShopAction.VerifyRewardEarned: Keyword VerifyRewardEarned is Passed

2018-10-17 10:50:48 - [MESSAGE][PASSED] - Text of object '' is: 'Status: BB Boss ( $95.4 x Rewards Multiplier )'

2018-10-17 10:50:48 - [MESSAGE][PASSED] - Text of object '' is: 'Status: BB Boss ( $95.4 x Rewards Multiplier )'

2018-10-17 10:50:48 - [MESSAGE][PASSED] - Text of object '' is: 'Status: BB Boss ( $95.4 x Rewards Multiplier )'

2018-10-17 10:50:48 - [MESSAGE][PASSED] - Text of object '' is: 'Multiplier: $95.4 x 1.2'

2018-10-17 10:50:48 - [MESSAGE][PASSED] - Text of object '' is: 'Multiplier: $95.4 x 1.2'

2018-10-17 10:50:48 - [MESSAGE][PASSED] - Text of object '' is: '114.5 Points!'

2018-10-17 10:50:48 - [MESSAGE][PASSED] - Text of object '' is: '114.5 Points!'

2018-10-17 10:50:48 - [MESSAGE][PASSED] - Text of object '' is: 'Multiplier: $95.4 x 1.2'

2018-10-17 10:50:48 - [MESSAGE][PASSED] - Text of object '' is: 'Multiplier: $95.4 x 1.2'

2018-10-17 10:50:48 - [MESSAGE][PASSED] - Text of object '' is: 'Multiplier: $95.4 x 1.2'

2018-10-17 10:50:48 - [MESSAGE][PASSED] - Keyword VerifyRewardEarned is Passed

2018-10-17 10:50:48 - [TEST_STEP][PASSED] - beautytap.ShopAction.checkoutViaPaypal: beautytap.ShopAction.checkoutViaPaypal is PASSED

2018-10-17 10:50:49 - [MESSAGE][PASSED] - Object 'Object Repository/Page_Checkout/radio_paypal' is checked

2018-10-17 10:50:54 - [MESSAGE][PASSED] - Delayed 5 second(s)

2018-10-17 10:50:54 - [MESSAGE][PASSED] - Object 'Object Repository/Page_Checkout/chk_terms' is checked

2018-10-17 10:50:54 - [MESSAGE][PASSED] - Object: 'Object Repository/Page_Checkout/btn_placeOrder' is clicked on

2018-10-17 10:51:02 - [MESSAGE][PASSED] - Object 'Object Repository/Page_Paypal/txt_email' is present

2018-10-17 10:51:02 - [MESSAGE][PASSED] - Text of object 'Object Repository/Page_Paypal/txt_email' is cleared

2018-10-17 10:51:03 - [MESSAGE][PASSED] - Keys 'g1.posiba@gmail.com' sent to object: 'Object Repository/Page_Paypal/txt_email'

2018-10-17 10:51:03 - [MESSAGE][PASSED] - Text of object 'Object Repository/Page_Paypal/txt_password' is cleared

2018-10-17 10:51:03 - [MESSAGE][PASSED] - Keys 'Tr@ng99%' sent to object: 'Object Repository/Page_Paypal/txt_password'

2018-10-17 10:51:19 - [MESSAGE][PASSED] - Object: 'Object Repository/Page_Paypal/btn_login' is clicked on

2018-10-17 10:51:21 - [MESSAGE][PASSED] - Object 'Object Repository/Page_Paypal/btn_payNow' is present

2018-10-17 10:51:26 - [MESSAGE][PASSED] - Delayed 5 second(s)

2018-10-17 10:51:27 - [MESSAGE][PASSED] - Object: 'Object Repository/Page_Paypal/btn_payNow' is clicked on

2018-10-17 10:51:48 - [MESSAGE][PASSED] - Object 'Object Repository/Page_Checkout/lbl_orderReceived' is present

2018-10-17 10:51:48 - [MESSAGE][PASSED] - beautytap.ShopAction.checkoutViaPaypal is PASSED

2018-10-17 10:51:48 - [TEST_STEP][PASSED] - beautytap.ShopAction.VerifyOrderReceivedDetails: Keyword VerifyOrderReceivedDetails is Passed

2018-10-17 10:51:48 - [MESSAGE][PASSED] - Object '' is present

2018-10-17 10:51:48 - [MESSAGE][PASSED] - Text of object '' is: '$95.40'

2018-10-17 10:51:48 - [MESSAGE][PASSED] - Text of object '' is: 'Free shipping for orders over $70'

2018-10-17 10:51:54 - [MESSAGE][WARNING] - com.kms.katalon.core.webui.exception.WebElementNotFoundException: Web element with id: '' located by 'By.xpath: //th[text()='Shipping:']/parent::tr/td/span' not found
[[ATTACHMENT|E:\\BeautytapAutomation\\beautytapAuto\\Beautytap\\Reports\\Regression\\20181017_102608\\1539748314119.png]]

2018-10-17 10:51:54 - [MESSAGE][PASSED] - Text of object '' is: 'PayPal'

2018-10-17 10:51:54 - [MESSAGE][PASSED] - Text of object '' is: '$95.40'

2018-10-17 10:51:54 - [MESSAGE][PASSED] - Keyword VerifyOrderReceivedDetails is Passed

2018-10-17 10:51:54 - [TEST_STEP][PASSED] - beautytap.ShopAction.VerifyRewardEarned: Keyword VerifyRewardEarned is Passed

2018-10-17 10:51:54 - [MESSAGE][PASSED] - Text of object '' is: 'Status: BB Boss ( $95.40 x Rewards Multiplier )'

2018-10-17 10:51:54 - [MESSAGE][PASSED] - Text of object '' is: 'Status: BB Boss ( $95.40 x Rewards Multiplier )'

2018-10-17 10:51:54 - [MESSAGE][PASSED] - Text of object '' is: 'Status: BB Boss ( $95.40 x Rewards Multiplier )'

2018-10-17 10:51:54 - [MESSAGE][PASSED] - Text of object '' is: 'Multiplier: $95.40 x 1.2'

2018-10-17 10:51:54 - [MESSAGE][PASSED] - Text of object '' is: 'Multiplier: $95.40 x 1.2'

2018-10-17 10:51:54 - [MESSAGE][PASSED] - Text of object '' is: '114.5 Points!'

2018-10-17 10:51:54 - [MESSAGE][PASSED] - Text of object '' is: '114.5 Points!'

2018-10-17 10:51:54 - [MESSAGE][PASSED] - Text of object '' is: 'Multiplier: $95.40 x 1.2'

2018-10-17 10:51:54 - [MESSAGE][PASSED] - Text of object '' is: 'Multiplier: $95.40 x 1.2'

2018-10-17 10:51:54 - [MESSAGE][PASSED] - Text of object '' is: 'Multiplier: $95.40 x 1.2'

2018-10-17 10:51:54 - [MESSAGE][PASSED] - Keyword VerifyRewardEarned is Passed

2018-10-17 10:51:54 - [TEST_STEP][PASSED] - Statement - orderInfo = CustomKeywords.beautytap.ShopAction.getOrderInfoOnOrderReceived(): beautytap.ShopAction.getOrderInfoOnOrderReceived is PASSED

2018-10-17 10:51:55 - [MESSAGE][PASSED] - Text of object '' is: '137920'

2018-10-17 10:51:55 - [MESSAGE][PASSED] - Text of object '' is: 'October 16, 2018'

2018-10-17 10:51:55 - [MESSAGE][PASSED] - beautytap.ShopAction.getOrderInfoOnOrderReceived is PASSED

2018-10-17 10:51:55 - [TEST_STEP][PASSED] - Statement - orderNumber = orderInfo.get("ordernumber"): null

2018-10-17 10:51:55 - [TEST_STEP][PASSED] - Statement - orderDate = orderInfo.get("date"): null

2018-10-17 10:51:55 - [TEST_STEP][PASSED] - Statement - completeOrderSubject = "Your " + SITE_TITLE + " order from " + orderDate + " is complete": null

2018-10-17 10:51:55 - [TEST_STEP][PASSED] - Statement - completeOrderSubject = completeOrderSubject.replace("[", "").replace("]", ""): null

2018-10-17 10:51:55 - [TEST_STEP][PASSED] - beautytap.GeneralAction.selectProfileMenu: beautytap.GeneralAction.selectProfileMenu is PASSED

2018-10-17 10:51:55 - [MESSAGE][PASSED] - Object: 'Object Repository/Page_General/link_avatar' is clicked on

2018-10-17 10:51:57 - [MESSAGE][PASSED] - Delayed 2 second(s)

2018-10-17 10:52:02 - [MESSAGE][PASSED] - Object: '' is clicked on

2018-10-17 10:52:02 - [MESSAGE][PASSED] - Wait for page load successfully

2018-10-17 10:52:02 - [MESSAGE][PASSED] - beautytap.GeneralAction.selectProfileMenu is PASSED

2018-10-17 10:52:02 - [TEST_STEP][PASSED] - Statement - newPending = java.lang.Float.parseFloat(java.lang.String.format("%.2f", pending + rewardEarned)): null

2018-10-17 10:52:02 - [TEST_STEP][PASSED] - beautytap.ShopAction.VerifyRewardPointsDetails: Keyword VerifyRewardPoints is Passed

2018-10-17 10:52:02 - [MESSAGE][PASSED] - Text of object '' is: '13772.99'

2018-10-17 10:52:02 - [MESSAGE][PASSED] - Text of object '' is: '3589.48'

2018-10-17 10:52:02 - [MESSAGE][PASSED] - Text of object '' is: '9722.99'

2018-10-17 10:52:02 - [MESSAGE][PASSED] - Text of object '' is: '$522.00'

2018-10-17 10:52:02 - [MESSAGE][PASSED] - Keyword VerifyRewardPoints is Passed

2018-10-17 10:52:02 - [TEST_STEP][PASSED] - beautytap.ShopAction.VerifyRewardHistory: Keyword VerifyRewardHistory is Passed

2018-10-17 10:52:02 - [MESSAGE][PASSED] - Object '' is present

2018-10-17 10:52:02 - [MESSAGE][PASSED] - Text of object '' is: ''

2018-10-17 10:52:02 - [MESSAGE][PASSED] - Text of object '' is: '$95.40'

2018-10-17 10:52:02 - [MESSAGE][PASSED] - Text of object '' is: '1.2'

2018-10-17 10:52:02 - [MESSAGE][PASSED] - Text of object '' is: '0.00'

2018-10-17 10:52:02 - [MESSAGE][PASSED] - Text of object '' is: '9722.99'

2018-10-17 10:52:02 - [MESSAGE][PASSED] - Keyword VerifyRewardHistory is Passed

2018-10-17 10:52:02 - [TEST_STEP][PASSED] - beautytap.ShopAction.VerifyRewardHistory: Keyword VerifyRewardHistory is Passed

2018-10-17 10:52:02 - [MESSAGE][PASSED] - Object '' is present

2018-10-17 10:52:02 - [MESSAGE][PASSED] - Text of object '' is: ''

2018-10-17 10:52:02 - [MESSAGE][PASSED] - Text of object '' is: '$95.40'

2018-10-17 10:52:02 - [MESSAGE][PASSED] - Text of object '' is: '1.2'

2018-10-17 10:52:03 - [MESSAGE][PASSED] - Text of object '' is: '0.00'

2018-10-17 10:52:03 - [MESSAGE][PASSED] - Text of object '' is: '9722.99'

2018-10-17 10:52:03 - [MESSAGE][PASSED] - Keyword VerifyRewardHistory is Passed

2018-10-17 10:52:03 - [TEST_STEP][PASSED] - beautytap.GeneralAction.logout: beautytap.GeneralAction.logout is PASSED

2018-10-17 10:52:03 - [MESSAGE][PASSED] - Object: 'Object Repository/Page_General/link_avatar' is clicked on

2018-10-17 10:52:03 - [MESSAGE][PASSED] - Object 'Object Repository/Page_General/menu_logout' is present

2018-10-17 10:52:04 - [MESSAGE][PASSED] - Object: 'Object Repository/Page_General/menu_logout' is clicked on

2018-10-17 10:52:04 - [MESSAGE][PASSED] - Wait for page load successfully

2018-10-17 10:52:04 - [MESSAGE][PASSED] - beautytap.GeneralAction.logout is PASSED

2018-10-17 10:52:04 - [TEST_STEP][PASSED] - beautytap.GeneralAction.clickNavigationMenu: beautytap.GeneralAction.clickNavigationMenu is PASSED

2018-10-17 10:52:17 - [MESSAGE][PASSED] - Object: 'Object Repository/Page_General/link_login' is clicked on

2018-10-17 10:52:17 - [MESSAGE][PASSED] - Wait for page load successfully

2018-10-17 10:52:17 - [MESSAGE][PASSED] - beautytap.GeneralAction.clickNavigationMenu is PASSED

2018-10-17 10:52:17 - [TEST_STEP][PASSED] - beautytap.GeneralAction.login: beautytap.GeneralAction.login is PASSED

2018-10-17 10:52:17 - [MESSAGE][PASSED] - Text of object 'Object Repository/Page_login/txt_username' is cleared

2018-10-17 10:52:17 - [MESSAGE][PASSED] - Keys 'mrwhite' sent to object: 'Object Repository/Page_login/txt_username'

2018-10-17 10:52:17 - [MESSAGE][PASSED] - Text of object 'Object Repository/Page_login/txt_password' is cleared

2018-10-17 10:52:18 - [MESSAGE][PASSED] - Keys 'kgySM$Im' sent to object: 'Object Repository/Page_login/txt_password'

2018-10-17 10:52:18 - [MESSAGE][PASSED] - Object: 'Object Repository/Page_login/btn_login' is clicked on

2018-10-17 10:52:18 - [MESSAGE][PASSED] - Wait for page load successfully

2018-10-17 10:52:18 - [MESSAGE][PASSED] - beautytap.GeneralAction.login is PASSED

2018-10-17 10:52:18 - [TEST_STEP][PASSED] - navigateToUrl: Navigate to 'https://stage.beautytap.com/admin' successfully

2018-10-17 10:52:29 - [MESSAGE][PASSED] - Navigate to 'https://stage.beautytap.com/admin' successfully

2018-10-17 10:52:29 - [TEST_STEP][PASSED] - beautytap.AdminAction.changeOrderStatus: beautytap.AdminAction.changeOrderStatus is PASSED

2018-10-17 10:52:38 - [MESSAGE][PASSED] - Object: '' is clicked on

2018-10-17 10:52:38 - [MESSAGE][PASSED] - Wait for page load successfully

2018-10-17 10:52:45 - [MESSAGE][PASSED] - Object: '' is clicked on

2018-10-17 10:52:45 - [MESSAGE][PASSED] - Wait for page load successfully

2018-10-17 10:52:45 - [MESSAGE][PASSED] - Text of object 'Object Repository/Page_Admin/txt_searchOrder' is cleared

2018-10-17 10:52:45 - [MESSAGE][PASSED] - Keys '137920' sent to object: 'Object Repository/Page_Admin/txt_searchOrder'

2018-10-17 10:52:50 - [MESSAGE][PASSED] - Object: 'Object Repository/Page_Admin/btn_searchOrder' is clicked on

2018-10-17 10:52:50 - [MESSAGE][PASSED] - Wait for page load successfully

2018-10-17 10:53:02 - [MESSAGE][PASSED] - Object: '' is clicked on

2018-10-17 10:53:02 - [MESSAGE][PASSED] - Wait for page load successfully

2018-10-17 10:53:02 - [MESSAGE][PASSED] - All options with label 'Completed' are selected in object 'Object Repository/Page_Admin/drop_orderStatus' 

2018-10-17 10:53:02 - [MESSAGE][PASSED] - Object: 'Object Repository/Page_Admin/btn_saveOrder' is clicked on

2018-10-17 10:53:19 - [MESSAGE][PASSED] - Object 'Object Repository/Page_Admin/lbl_orderUpdatedMessage' is present

2018-10-17 10:53:19 - [MESSAGE][PASSED] - beautytap.AdminAction.changeOrderStatus is PASSED

2018-10-17 10:53:19 - [TEST_STEP][PASSED] - beautytap.GeneralAction.openMailBox: beautytap.GeneralAction.openMailBox is PASSED

2018-10-17 10:53:21 - [MESSAGE][PASSED] - Navigate to 'https://www.mailinator.com' successfully

2018-10-17 10:53:21 - [MESSAGE][PASSED] - Wait for page load successfully

2018-10-17 10:53:21 - [MESSAGE][PASSED] - Keys 'trang2408@mailinator.com' sent to object: 'Object Repository/Page_mailinator/txt_email'

2018-10-17 10:53:27 - [MESSAGE][PASSED] - Object: 'Object Repository/Page_mailinator/btn_go' is clicked on

2018-10-17 10:53:27 - [MESSAGE][PASSED] - Wait for page load successfully

2018-10-17 10:53:32 - [MESSAGE][PASSED] - Delayed 5 second(s)

2018-10-17 10:53:32 - [MESSAGE][PASSED] - beautytap.GeneralAction.openMailBox is PASSED

2018-10-17 10:53:32 - [TEST_STEP][PASSED] - beautytap.GeneralAction.verifyEmailExist: beautytap.GeneralAction.verifyEmailExist is PASSED

2018-10-17 10:53:32 - [MESSAGE][PASSED] - Object '' is present

2018-10-17 10:53:32 - [MESSAGE][PASSED] - beautytap.GeneralAction.verifyEmailExist is PASSED

2018-10-17 10:53:32 - [TEST_STEP][PASSED] - beautytap.GeneralAction.openEmail: beautytap.GeneralAction.openEmail is PASSED

2018-10-17 10:53:32 - [MESSAGE][PASSED] - Object: '' is clicked on

2018-10-17 10:53:32 - [MESSAGE][PASSED] - beautytap.GeneralAction.openEmail is PASSED

2018-10-17 10:53:32 - [TEST_STEP][PASSED] - beautytap.ShopAction.VerifyOrderCompleteEmail: Keyword VerifyOrderCompleteEmail is Passed

2018-10-17 10:53:33 - [MESSAGE][PASSED] - Object '' is present

2018-10-17 10:53:33 - [MESSAGE][PASSED] - Text of object '' is: 'La Muse Correct Care Complete Cushion SPF50+'

2018-10-17 10:53:33 - [MESSAGE][PASSED] - Text of object '' is: '3'

2018-10-17 10:53:33 - [MESSAGE][PASSED] - Text of object '' is: '$95.40'

2018-10-17 10:53:33 - [MESSAGE][PASSED] - Text of object '' is: '$95.40'

2018-10-17 10:53:33 - [MESSAGE][PASSED] - Text of object '' is: 'Free shipping for orders over $70'

2018-10-17 10:53:38 - [MESSAGE][WARNING] - com.kms.katalon.core.webui.exception.WebElementNotFoundException: Web element with id: '' located by 'By.xpath: //th[text()='Shipping:']/parent::tr/td/span' not found
[[ATTACHMENT|E:\\BeautytapAutomation\\beautytapAuto\\Beautytap\\Reports\\Regression\\20181017_102608\\1539748418664.png]]

2018-10-17 10:53:39 - [MESSAGE][PASSED] - Text of object '' is: 'PayPal'

2018-10-17 10:53:39 - [MESSAGE][PASSED] - Text of object '' is: '114.48'

2018-10-17 10:53:39 - [MESSAGE][PASSED] - Text of object '' is: '$95.40'

2018-10-17 10:53:39 - [MESSAGE][PASSED] - Keyword VerifyOrderCompleteEmail is Passed

2018-10-17 10:53:39 - [TEST_STEP][PASSED] - closeBrowser: Browser is closed

2018-10-17 10:53:40 - [MESSAGE][PASSED] - Browser is closed

2018-10-17 10:53:40 - [TEST_STEP][PASSED] - beautytap.GeneralAction.openBeautytap: beautytap.GeneralAction.openBeautytap is PASSED

2018-10-17 10:54:09 - [MESSAGE][PASSED] - Browser is opened with url: 'https://stage.beautytap.com'

2018-10-17 10:54:10 - [MESSAGE][PASSED] - Current window maximized

2018-10-17 10:54:18 - [MESSAGE][PASSED] - Refresh successfully

2018-10-17 10:54:18 - [MESSAGE][PASSED] - Wait for page load successfully

2018-10-17 10:54:18 - [MESSAGE][PASSED] - beautytap.GeneralAction.openBeautytap is PASSED

2018-10-17 10:54:18 - [TEST_STEP][PASSED] - beautytap.GeneralAction.clickNavigationMenu: beautytap.GeneralAction.clickNavigationMenu is PASSED

2018-10-17 10:54:21 - [MESSAGE][PASSED] - Object: 'Object Repository/Page_General/link_login' is clicked on

2018-10-17 10:54:21 - [MESSAGE][PASSED] - Wait for page load successfully

2018-10-17 10:54:21 - [MESSAGE][PASSED] - beautytap.GeneralAction.clickNavigationMenu is PASSED

2018-10-17 10:54:21 - [TEST_STEP][PASSED] - beautytap.GeneralAction.login: beautytap.GeneralAction.login is PASSED

2018-10-17 10:54:21 - [MESSAGE][PASSED] - Text of object 'Object Repository/Page_login/txt_username' is cleared

2018-10-17 10:54:22 - [MESSAGE][PASSED] - Keys 'trang2408@mailinator.com' sent to object: 'Object Repository/Page_login/txt_username'

2018-10-17 10:54:22 - [MESSAGE][PASSED] - Text of object 'Object Repository/Page_login/txt_password' is cleared

2018-10-17 10:54:22 - [MESSAGE][PASSED] - Keys '123456' sent to object: 'Object Repository/Page_login/txt_password'

2018-10-17 10:54:22 - [MESSAGE][PASSED] - Object: 'Object Repository/Page_login/btn_login' is clicked on

2018-10-17 10:54:22 - [MESSAGE][PASSED] - Wait for page load successfully

2018-10-17 10:54:22 - [MESSAGE][PASSED] - beautytap.GeneralAction.login is PASSED

2018-10-17 10:54:22 - [TEST_STEP][PASSED] - beautytap.GeneralAction.VerifyNotificationText: Keyword VerifyNotificationText is Passed

2018-10-17 10:54:42 - [MESSAGE][PASSED] - Object: 'Object Repository/Page_General/link_notificationIcon' is clicked on

2018-10-17 10:54:47 - [MESSAGE][PASSED] - Delayed 5 second(s)

2018-10-17 10:54:47 - [MESSAGE][PASSED] - Text of object '' is: 'You received 114.48 redeemable points'

2018-10-17 10:54:47 - [MESSAGE][PASSED] - Keyword VerifyNotificationText is Passed

2018-10-17 10:54:47 - [TEST_STEP][PASSED] - beautytap.GeneralAction.selectProfileMenu: beautytap.GeneralAction.selectProfileMenu is PASSED

2018-10-17 10:54:48 - [MESSAGE][PASSED] - Object: 'Object Repository/Page_General/link_avatar' is clicked on

2018-10-17 10:54:50 - [MESSAGE][PASSED] - Delayed 2 second(s)

2018-10-17 10:54:53 - [MESSAGE][PASSED] - Object: '' is clicked on

2018-10-17 10:54:53 - [MESSAGE][PASSED] - Wait for page load successfully

2018-10-17 10:54:53 - [MESSAGE][PASSED] - beautytap.GeneralAction.selectProfileMenu is PASSED

2018-10-17 10:54:53 - [TEST_STEP][PASSED] - Statement - newLifetime = java.lang.Float.parseFloat(java.lang.String.format("%.2f", lifetime + rewardEarned)): null

2018-10-17 10:54:53 - [TEST_STEP][PASSED] - Statement - newRedeemable = java.lang.Float.parseFloat(java.lang.String.format("%.2f", redeemable + rewardEarned)): null

2018-10-17 10:54:53 - [TEST_STEP][PASSED] - Statement - newPointValue = CustomKeywords.beautytap.ShopAction.calculateLoyaltyPointValue(newRedeemable): beautytap.ShopAction.calculateLoyaltyPointValue is PASSED

2018-10-17 10:54:53 - [MESSAGE][PASSED] - beautytap.ShopAction.calculateLoyaltyPointValue is PASSED

2018-10-17 10:54:53 - [TEST_STEP][PASSED] - beautytap.ShopAction.VerifyRewardPointsDetails: Keyword VerifyRewardPoints is Passed

2018-10-17 10:54:53 - [MESSAGE][PASSED] - Text of object '' is: '13887.47'

2018-10-17 10:54:54 - [MESSAGE][PASSED] - Text of object '' is: '3475.00'

2018-10-17 10:54:54 - [MESSAGE][PASSED] - Text of object '' is: '9837.47'

2018-10-17 10:54:54 - [MESSAGE][PASSED] - Text of object '' is: '$532.00'

2018-10-17 10:54:54 - [MESSAGE][PASSED] - Keyword VerifyRewardPoints is Passed

2018-10-17 10:54:54 - [TEST_STEP][PASSED] - beautytap.ShopAction.VerifyRewardHistory: Keyword VerifyRewardHistory is Passed

2018-10-17 10:54:54 - [MESSAGE][PASSED] - Object '' is present

2018-10-17 10:54:54 - [MESSAGE][PASSED] - Text of object '' is: ''

2018-10-17 10:54:54 - [MESSAGE][PASSED] - Text of object '' is: '$95.40'

2018-10-17 10:54:54 - [MESSAGE][PASSED] - Text of object '' is: '1.2'

2018-10-17 10:54:54 - [MESSAGE][PASSED] - Text of object '' is: '114.48'

2018-10-17 10:54:54 - [MESSAGE][PASSED] - Text of object '' is: '9837.47'

2018-10-17 10:54:54 - [MESSAGE][PASSED] - Keyword VerifyRewardHistory is Passed

2018-10-17 10:54:54 - [TEST_STEP][PASSED] - beautytap.GeneralAction.logout: beautytap.GeneralAction.logout is PASSED

2018-10-17 10:54:54 - [MESSAGE][PASSED] - Object: 'Object Repository/Page_General/link_avatar' is clicked on

2018-10-17 10:54:55 - [MESSAGE][PASSED] - Object 'Object Repository/Page_General/menu_logout' is present

2018-10-17 10:54:55 - [MESSAGE][PASSED] - Object: 'Object Repository/Page_General/menu_logout' is clicked on

2018-10-17 10:54:55 - [MESSAGE][PASSED] - Wait for page load successfully

2018-10-17 10:54:56 - [MESSAGE][PASSED] - Browser is closed

2018-10-17 10:54:56 - [MESSAGE][PASSED] - beautytap.GeneralAction.logout is PASSED]]></system-out>
         <system-err><![CDATA[]]></system-err>
      </testcase>
      <testcase name="Test Cases/Shop/TC08_BuyProduct_UsingRewardPoint" classname="Test Cases/Shop/TC08_BuyProduct_UsingRewardPoint" status="PASSED">
         <system-out><![CDATA[2018-10-17 10:54:58 - [TEST_CASE][PASSED] - Test Cases/Shop/TC08_BuyProduct_UsingRewardPoint: Test Cases/Shop/TC08_BuyProduct_UsingRewardPoint

2018-10-17 10:54:59 - [TEST_STEP][PASSED] - Statement - username = USER_EMAIL: null

2018-10-17 10:54:59 - [TEST_STEP][PASSED] - Statement - password = USER_PASSWORD: null

2018-10-17 10:54:59 - [TEST_STEP][PASSED] - Statement - productName = SIMPLE_PRODUCT: null

2018-10-17 10:54:59 - [TEST_STEP][PASSED] - Statement - price = SIMPLE_PRODUCT_PRICE: null

2018-10-17 10:54:59 - [TEST_STEP][PASSED] - Statement - quantity = 3: null

2018-10-17 10:54:59 - [TEST_STEP][PASSED] - Statement - shippingLabel = FREE_SHIPPING_LABEL: null

2018-10-17 10:54:59 - [TEST_STEP][PASSED] - Statement - shippingPrice = 0: null

2018-10-17 10:54:59 - [TEST_STEP][PASSED] - Statement - pointUsed = 60: null

2018-10-17 10:54:59 - [TEST_STEP][PASSED] - Statement - pointValueUsed = 2: null

2018-10-17 10:54:59 - [TEST_STEP][PASSED] - Statement - subtotal = CustomKeywords.beautytap.ShopAction.calculateTotal(quantity, price): beautytap.ShopAction.calculateTotal is PASSED

2018-10-17 10:54:59 - [MESSAGE][PASSED] - beautytap.ShopAction.calculateTotal is PASSED

2018-10-17 10:54:59 - [TEST_STEP][PASSED] - Statement - subtotalApplyReward = java.lang.Float.parseFloat(java.lang.String.format("%.2f", subtotal - pointValueUsed)): null

2018-10-17 10:54:59 - [TEST_STEP][PASSED] - Statement - total = java.lang.Float.parseFloat(java.lang.String.format("%.2f", subtotal - pointValueUsed + shippingPrice)): null

2018-10-17 10:54:59 - [TEST_STEP][PASSED] - Statement - products = new org.json.JSONArray((((((([{"productname":" + productName) + ","variation":"","quantity":") + quantity) + ","price":") + price) + "}])): null

2018-10-17 10:54:59 - [TEST_STEP][PASSED] - Statement - billingInformation = new org.json.JSONObject((({"firstname":"Test","lastname":"Automation","country":"United States (US)","address":"123 Testing","city":"New York","state":"New York","zip":"90012","email":" + username) + "})): null

2018-10-17 10:54:59 - [TEST_STEP][PASSED] - Statement - paymentMethod = "PayPal": null

2018-10-17 10:54:59 - [TEST_STEP][PASSED] - beautytap.GeneralAction.openBeautytap: beautytap.GeneralAction.openBeautytap is PASSED

2018-10-17 10:55:13 - [MESSAGE][PASSED] - Browser is opened with url: 'https://stage.beautytap.com'

2018-10-17 10:55:14 - [MESSAGE][PASSED] - Current window maximized

2018-10-17 10:55:21 - [MESSAGE][PASSED] - Refresh successfully

2018-10-17 10:55:21 - [MESSAGE][PASSED] - Wait for page load successfully

2018-10-17 10:55:21 - [MESSAGE][PASSED] - beautytap.GeneralAction.openBeautytap is PASSED

2018-10-17 10:55:21 - [TEST_STEP][PASSED] - beautytap.GeneralAction.clickNavigationMenu: beautytap.GeneralAction.clickNavigationMenu is PASSED

2018-10-17 10:55:25 - [MESSAGE][PASSED] - Object: 'Object Repository/Page_General/link_login' is clicked on

2018-10-17 10:55:25 - [MESSAGE][PASSED] - Wait for page load successfully

2018-10-17 10:55:25 - [MESSAGE][PASSED] - beautytap.GeneralAction.clickNavigationMenu is PASSED

2018-10-17 10:55:25 - [TEST_STEP][PASSED] - beautytap.GeneralAction.login: beautytap.GeneralAction.login is PASSED

2018-10-17 10:55:25 - [MESSAGE][PASSED] - Text of object 'Object Repository/Page_login/txt_username' is cleared

2018-10-17 10:55:25 - [MESSAGE][PASSED] - Keys 'trang2408@mailinator.com' sent to object: 'Object Repository/Page_login/txt_username'

2018-10-17 10:55:25 - [MESSAGE][PASSED] - Text of object 'Object Repository/Page_login/txt_password' is cleared

2018-10-17 10:55:26 - [MESSAGE][PASSED] - Keys '123456' sent to object: 'Object Repository/Page_login/txt_password'

2018-10-17 10:55:26 - [MESSAGE][PASSED] - Object: 'Object Repository/Page_login/btn_login' is clicked on

2018-10-17 10:55:26 - [MESSAGE][PASSED] - Wait for page load successfully

2018-10-17 10:55:26 - [MESSAGE][PASSED] - beautytap.GeneralAction.login is PASSED

2018-10-17 10:55:26 - [TEST_STEP][PASSED] - beautytap.GeneralAction.selectProfileMenu: beautytap.GeneralAction.selectProfileMenu is PASSED

2018-10-17 10:55:47 - [MESSAGE][PASSED] - Object: 'Object Repository/Page_General/link_avatar' is clicked on

2018-10-17 10:55:49 - [MESSAGE][PASSED] - Delayed 2 second(s)

2018-10-17 10:55:53 - [MESSAGE][PASSED] - Object: '' is clicked on

2018-10-17 10:55:53 - [MESSAGE][PASSED] - Wait for page load successfully

2018-10-17 10:55:53 - [MESSAGE][PASSED] - beautytap.GeneralAction.selectProfileMenu is PASSED

2018-10-17 10:55:53 - [TEST_STEP][PASSED] - Statement - objReward = CustomKeywords.beautytap.ShopAction.getRewardDetails(): beautytap.ShopAction.getRewardDetails is PASSED

2018-10-17 10:55:53 - [MESSAGE][PASSED] - Text of object '' is: '1.2 x Rewards Multiplier!'

2018-10-17 10:55:53 - [MESSAGE][PASSED] - Text of object '' is: '1.2 x Rewards Multiplier!'

2018-10-17 10:55:53 - [MESSAGE][PASSED] - Text of object '' is: '13887.47'

2018-10-17 10:55:53 - [MESSAGE][PASSED] - Text of object '' is: '3475.00'

2018-10-17 10:55:53 - [MESSAGE][PASSED] - Text of object '' is: '9837.47'

2018-10-17 10:55:53 - [MESSAGE][PASSED] - Text of object '' is: '$532.00'

2018-10-17 10:55:53 - [MESSAGE][PASSED] - Text of object '' is: 'BB Boss'

2018-10-17 10:55:53 - [MESSAGE][PASSED] - beautytap.ShopAction.getRewardDetails is PASSED

2018-10-17 10:55:53 - [TEST_STEP][PASSED] - Statement - multiplier = java.lang.Float.parseFloat(objReward.get("multiplier")): null

2018-10-17 10:55:53 - [TEST_STEP][PASSED] - Statement - currentlevel = objReward.get("currentlevel"): null

2018-10-17 10:55:53 - [TEST_STEP][PASSED] - Statement - lifetime = java.lang.Float.parseFloat(objReward.get("lifetime")): null

2018-10-17 10:55:53 - [TEST_STEP][PASSED] - Statement - pending = java.lang.Float.parseFloat(objReward.get("pending")): null

2018-10-17 10:55:53 - [TEST_STEP][PASSED] - Statement - redeemable = java.lang.Float.parseFloat(objReward.get("redeemable")): null

2018-10-17 10:55:53 - [TEST_STEP][PASSED] - Statement - pointvalue = java.lang.Float.parseFloat(objReward.get("pointvalue")): null

2018-10-17 10:55:53 - [TEST_STEP][PASSED] - Statement - rewardEarned = java.lang.Float.parseFloat(java.lang.String.format("%.2f", multiplier * subtotal - pointValueUsed)): null

2018-10-17 10:55:53 - [TEST_STEP][PASSED] - beautytap.ShopAction.globalSearch: beautytap.ShopAction.globalSearch is PASSED

2018-10-17 10:55:54 - [MESSAGE][PASSED] - Object: 'Object Repository/Page_General/icon_search' is clicked on

2018-10-17 10:55:59 - [MESSAGE][PASSED] - Delayed 5 second(s)

2018-10-17 10:55:59 - [MESSAGE][PASSED] - Text of object 'Object Repository/Page_General/txt_search' is cleared

2018-10-17 10:55:59 - [MESSAGE][PASSED] - Keys 'CONTROL + v' sent to object: 'Object Repository/Page_General/txt_search'

2018-10-17 10:56:04 - [MESSAGE][PASSED] - Delayed 5 second(s)

2018-10-17 10:56:04 - [MESSAGE][PASSED] - beautytap.ShopAction.globalSearch is PASSED

2018-10-17 10:56:04 - [TEST_STEP][PASSED] - beautytap.ShopAction.selectSearchResult: beautytap.ShopAction.selectSearchResult is PASSED

2018-10-17 10:56:04 - [MESSAGE][PASSED] - Text of object '' is: 'La Muse Correct Care Complete Cushion SPF50+'

2018-10-17 10:56:04 - [MESSAGE][PASSED] - Object '' is present

2018-10-17 10:56:13 - [MESSAGE][PASSED] - Object: '' is clicked on

2018-10-17 10:56:13 - [MESSAGE][PASSED] - Wait for page load successfully

2018-10-17 10:56:13 - [MESSAGE][PASSED] - beautytap.ShopAction.selectSearchResult is PASSED

2018-10-17 10:56:13 - [TEST_STEP][PASSED] - beautytap.ShopAction.addProductToCart: beautytap.ShopAction.addProductToCart is PASSED

2018-10-17 10:56:13 - [MESSAGE][PASSED] - Text of object 'Object Repository/Page_Shop/txt_quantity' is cleared

2018-10-17 10:56:13 - [MESSAGE][PASSED] - Keys '3' sent to object: 'Object Repository/Page_Shop/txt_quantity'

2018-10-17 10:56:14 - [MESSAGE][PASSED] - Object: 'Object Repository/Page_Shop/btn_addToCart' is clicked on

2018-10-17 10:56:14 - [MESSAGE][PASSED] - Wait for page load successfully

2018-10-17 10:56:21 - [MESSAGE][PASSED] - Object 'Object Repository/Page_Shop/lbl_message' is present

2018-10-17 10:56:26 - [MESSAGE][PASSED] - Delayed 5 second(s)

2018-10-17 10:56:26 - [MESSAGE][PASSED] - beautytap.ShopAction.addProductToCart is PASSED

2018-10-17 10:56:26 - [TEST_STEP][PASSED] - beautytap.ShopAction.goToCart: beautytap.ShopAction.goToCart is PASSED

2018-10-17 10:56:26 - [MESSAGE][PASSED] - Object 'Object Repository/Page_General/icon_cart' is present

2018-10-17 10:56:32 - [MESSAGE][PASSED] - Object: 'Object Repository/Page_General/icon_cart' is clicked on

2018-10-17 10:56:32 - [MESSAGE][PASSED] - Wait for page load successfully

2018-10-17 10:56:32 - [MESSAGE][PASSED] - beautytap.ShopAction.goToCart is PASSED

2018-10-17 10:56:32 - [TEST_STEP][PASSED] - beautytap.ShopAction.processToCheckout: beautytap.ShopAction.processToCheckout is PASSED

2018-10-17 10:56:39 - [MESSAGE][PASSED] - Object: 'Object Repository/Page_Cart/btn_checkout' is clicked on

2018-10-17 10:56:39 - [MESSAGE][PASSED] - Wait for page load successfully

2018-10-17 10:56:39 - [MESSAGE][PASSED] - beautytap.ShopAction.processToCheckout is PASSED

2018-10-17 10:56:39 - [TEST_STEP][PASSED] - beautytap.ShopAction.applyLoyaltyRewardPoint: beautytap.ShopAction.applyLoyaltyRewardPoint is PASSED

2018-10-17 10:56:39 - [MESSAGE][PASSED] - Object: 'Object Repository/Page_Checkout/link_clickToRedeem' is clicked on

2018-10-17 10:56:39 - [MESSAGE][PASSED] - Object '' is checked

2018-10-17 10:56:41 - [MESSAGE][PASSED] - Object '' is present

2018-10-17 10:56:41 - [MESSAGE][PASSED] - beautytap.ShopAction.applyLoyaltyRewardPoint is PASSED

2018-10-17 10:56:41 - [TEST_STEP][PASSED] - beautytap.ShopAction.fillCustomerInformation: beautytap.ShopAction.fillCustomerInformation is PASSED

2018-10-17 10:56:42 - [MESSAGE][PASSED] - Text of object 'Object Repository/Page_Checkout/txt_billingFirstName' is cleared

2018-10-17 10:56:42 - [MESSAGE][PASSED] - Keys 'Test' sent to object: 'Object Repository/Page_Checkout/txt_billingFirstName'

2018-10-17 10:56:42 - [MESSAGE][PASSED] - Text of object 'Object Repository/Page_Checkout/txt_billingLastName' is cleared

2018-10-17 10:56:42 - [MESSAGE][PASSED] - Keys 'Automation' sent to object: 'Object Repository/Page_Checkout/txt_billingLastName'

2018-10-17 10:56:42 - [MESSAGE][PASSED] - All options with label 'United States (US)' are selected in object 'Object Repository/Page_Checkout/drop_billingCountry' 

2018-10-17 10:56:47 - [MESSAGE][PASSED] - Delayed 5 second(s)

2018-10-17 10:56:48 - [MESSAGE][PASSED] - Text of object 'Object Repository/Page_Checkout/txt_billingAddress' is cleared

2018-10-17 10:56:48 - [MESSAGE][PASSED] - Keys '123 Testing' sent to object: 'Object Repository/Page_Checkout/txt_billingAddress'

2018-10-17 10:56:48 - [MESSAGE][PASSED] - Text of object 'Object Repository/Page_Checkout/txt_billingCity' is cleared

2018-10-17 10:56:48 - [MESSAGE][PASSED] - Keys 'New York' sent to object: 'Object Repository/Page_Checkout/txt_billingCity'

2018-10-17 10:56:49 - [MESSAGE][PASSED] - All options with label 'New York' are selected in object 'Object Repository/Page_Checkout/drop_billingState' 

2018-10-17 10:56:49 - [MESSAGE][PASSED] - Text of object 'Object Repository/Page_Checkout/txt_billingZip' is cleared

2018-10-17 10:56:49 - [MESSAGE][PASSED] - Keys '90012' sent to object: 'Object Repository/Page_Checkout/txt_billingZip'

2018-10-17 10:56:49 - [MESSAGE][PASSED] - Text of object 'Object Repository/Page_Checkout/txt_billingEmail' is cleared

2018-10-17 10:56:50 - [MESSAGE][PASSED] - Keys 'trang2408@mailinator.com' sent to object: 'Object Repository/Page_Checkout/txt_billingEmail'

2018-10-17 10:56:50 - [MESSAGE][PASSED] - Object 'Object Repository/Page_Checkout/chk_shipToDifferentAddress' is un-checked

2018-10-17 10:56:50 - [MESSAGE][PASSED] - Text of object 'Object Repository/Page_Checkout/txt_orderNote' is cleared

2018-10-17 10:56:51 - [MESSAGE][PASSED] - Keys 'TC08_checkout with reward' sent to object: 'Object Repository/Page_Checkout/txt_orderNote'

2018-10-17 10:56:51 - [MESSAGE][PASSED] - Object 'Object Repository/Page_Checkout/radio_creditCard' is checked

2018-10-17 10:56:56 - [MESSAGE][PASSED] - Delayed 5 second(s)

2018-10-17 10:56:56 - [MESSAGE][PASSED] - beautytap.ShopAction.fillCustomerInformation is PASSED

2018-10-17 10:56:56 - [TEST_STEP][PASSED] - beautytap.ShopAction.VerifyOrderDetailsOnCheckout: Keyword VerifyOrderDetailsOnCheckout is Passed

2018-10-17 10:56:56 - [MESSAGE][PASSED] - Object '' is present

2018-10-17 10:56:56 - [MESSAGE][PASSED] - Text of object '' is: '$95.40'

2018-10-17 10:56:56 - [MESSAGE][PASSED] - Text of object '' is: '60 points used'

2018-10-17 10:56:56 - [MESSAGE][PASSED] - Text of object '' is: '60 points used'

2018-10-17 10:56:56 - [MESSAGE][PASSED] - Text of object '' is: '$2.00'

2018-10-17 10:56:56 - [MESSAGE][PASSED] - Text of object '' is: 'Free shipping for orders over $70
Why does shipping take this long?'

2018-10-17 10:56:56 - [MESSAGE][PASSED] - Text of object '' is: '$93.40'

2018-10-17 10:56:56 - [MESSAGE][PASSED] - Keyword VerifyOrderDetailsOnCheckout is Passed

2018-10-17 10:56:56 - [TEST_STEP][PASSED] - beautytap.ShopAction.VerifyRewardEarned: Keyword VerifyRewardEarned is Passed

2018-10-17 10:56:56 - [MESSAGE][PASSED] - Text of object '' is: 'Status: BB Boss ( $93.4 x Rewards Multiplier )'

2018-10-17 10:56:56 - [MESSAGE][PASSED] - Text of object '' is: 'Status: BB Boss ( $93.4 x Rewards Multiplier )'

2018-10-17 10:56:57 - [MESSAGE][PASSED] - Text of object '' is: 'Status: BB Boss ( $93.4 x Rewards Multiplier )'

2018-10-17 10:56:57 - [MESSAGE][PASSED] - Text of object '' is: 'Multiplier: $93.4 x 1.2'

2018-10-17 10:56:57 - [MESSAGE][PASSED] - Text of object '' is: 'Multiplier: $93.4 x 1.2'

2018-10-17 10:56:57 - [MESSAGE][PASSED] - Text of object '' is: '112.1 Points!'

2018-10-17 10:56:57 - [MESSAGE][PASSED] - Text of object '' is: '112.1 Points!'

2018-10-17 10:56:57 - [MESSAGE][PASSED] - Text of object '' is: 'Multiplier: $93.4 x 1.2'

2018-10-17 10:56:57 - [MESSAGE][PASSED] - Text of object '' is: 'Multiplier: $93.4 x 1.2'

2018-10-17 10:56:57 - [MESSAGE][PASSED] - Text of object '' is: 'Multiplier: $93.4 x 1.2'

2018-10-17 10:56:57 - [MESSAGE][PASSED] - Keyword VerifyRewardEarned is Passed

2018-10-17 10:56:57 - [TEST_STEP][PASSED] - beautytap.ShopAction.checkoutViaPaypal: beautytap.ShopAction.checkoutViaPaypal is PASSED

2018-10-17 10:56:57 - [MESSAGE][PASSED] - Object 'Object Repository/Page_Checkout/radio_paypal' is checked

2018-10-17 10:57:02 - [MESSAGE][PASSED] - Delayed 5 second(s)

2018-10-17 10:57:02 - [MESSAGE][PASSED] - Object 'Object Repository/Page_Checkout/chk_terms' is checked

2018-10-17 10:57:03 - [MESSAGE][PASSED] - Object: 'Object Repository/Page_Checkout/btn_placeOrder' is clicked on

2018-10-17 10:57:10 - [MESSAGE][PASSED] - Object 'Object Repository/Page_Paypal/txt_email' is present

2018-10-17 10:57:10 - [MESSAGE][PASSED] - Text of object 'Object Repository/Page_Paypal/txt_email' is cleared

2018-10-17 10:57:11 - [MESSAGE][PASSED] - Keys 'g1.posiba@gmail.com' sent to object: 'Object Repository/Page_Paypal/txt_email'

2018-10-17 10:57:11 - [MESSAGE][PASSED] - Text of object 'Object Repository/Page_Paypal/txt_password' is cleared

2018-10-17 10:57:11 - [MESSAGE][PASSED] - Keys 'Tr@ng99%' sent to object: 'Object Repository/Page_Paypal/txt_password'

2018-10-17 10:57:25 - [MESSAGE][PASSED] - Object: 'Object Repository/Page_Paypal/btn_login' is clicked on

2018-10-17 10:57:28 - [MESSAGE][PASSED] - Object 'Object Repository/Page_Paypal/btn_payNow' is present

2018-10-17 10:57:33 - [MESSAGE][PASSED] - Delayed 5 second(s)

2018-10-17 10:57:33 - [MESSAGE][PASSED] - Object: 'Object Repository/Page_Paypal/btn_payNow' is clicked on

2018-10-17 10:57:49 - [MESSAGE][PASSED] - Object 'Object Repository/Page_Checkout/lbl_orderReceived' is present

2018-10-17 10:57:49 - [MESSAGE][PASSED] - beautytap.ShopAction.checkoutViaPaypal is PASSED

2018-10-17 10:57:49 - [TEST_STEP][PASSED] - beautytap.ShopAction.VerifyOrderReceivedDetails: Keyword VerifyOrderReceivedDetails is Passed

2018-10-17 10:57:50 - [MESSAGE][PASSED] - Object '' is present

2018-10-17 10:57:50 - [MESSAGE][PASSED] - Text of object '' is: '$95.40'

2018-10-17 10:57:50 - [MESSAGE][PASSED] - Text of object '' is: '60 points used'

2018-10-17 10:57:50 - [MESSAGE][PASSED] - Text of object '' is: '60 points used'

2018-10-17 10:57:50 - [MESSAGE][PASSED] - Text of object '' is: '$2.00'

2018-10-17 10:57:50 - [MESSAGE][PASSED] - Text of object '' is: 'Free shipping for orders over $70'

2018-10-17 10:57:55 - [MESSAGE][WARNING] - com.kms.katalon.core.webui.exception.WebElementNotFoundException: Web element with id: '' located by 'By.xpath: //th[text()='Shipping:']/parent::tr/td/span' not found
[[ATTACHMENT|E:\\BeautytapAutomation\\beautytapAuto\\Beautytap\\Reports\\Regression\\20181017_102608\\1539748675547.png]]

2018-10-17 10:57:55 - [MESSAGE][PASSED] - Text of object '' is: 'PayPal'

2018-10-17 10:57:55 - [MESSAGE][PASSED] - Text of object '' is: '$93.40'

2018-10-17 10:57:55 - [MESSAGE][PASSED] - Keyword VerifyOrderReceivedDetails is Passed

2018-10-17 10:57:55 - [TEST_STEP][PASSED] - Statement - orderInfo = CustomKeywords.beautytap.ShopAction.getOrderInfoOnOrderReceived(): beautytap.ShopAction.getOrderInfoOnOrderReceived is PASSED

2018-10-17 10:57:56 - [MESSAGE][PASSED] - Text of object '' is: '137923'

2018-10-17 10:57:56 - [MESSAGE][PASSED] - Text of object '' is: 'October 16, 2018'

2018-10-17 10:57:56 - [MESSAGE][PASSED] - beautytap.ShopAction.getOrderInfoOnOrderReceived is PASSED

2018-10-17 10:57:56 - [TEST_STEP][PASSED] - Statement - orderNumber = orderInfo.get("ordernumber"): null

2018-10-17 10:57:56 - [TEST_STEP][PASSED] - beautytap.ShopAction.VerifyRewardEarned: Keyword VerifyRewardEarned is Passed

2018-10-17 10:57:56 - [MESSAGE][PASSED] - Text of object '' is: 'Status: BB Boss ( $93.40 x Rewards Multiplier )'

2018-10-17 10:57:56 - [MESSAGE][PASSED] - Text of object '' is: 'Status: BB Boss ( $93.40 x Rewards Multiplier )'

2018-10-17 10:57:56 - [MESSAGE][PASSED] - Text of object '' is: 'Status: BB Boss ( $93.40 x Rewards Multiplier )'

2018-10-17 10:57:56 - [MESSAGE][PASSED] - Text of object '' is: 'Multiplier: $93.40 x 1.2'

2018-10-17 10:57:56 - [MESSAGE][PASSED] - Text of object '' is: 'Multiplier: $93.40 x 1.2'

2018-10-17 10:57:56 - [MESSAGE][PASSED] - Text of object '' is: '112.1 Points!'

2018-10-17 10:57:56 - [MESSAGE][PASSED] - Text of object '' is: '112.1 Points!'

2018-10-17 10:57:56 - [MESSAGE][PASSED] - Text of object '' is: 'Multiplier: $93.40 x 1.2'

2018-10-17 10:57:56 - [MESSAGE][PASSED] - Text of object '' is: 'Multiplier: $93.40 x 1.2'

2018-10-17 10:57:56 - [MESSAGE][PASSED] - Text of object '' is: 'Multiplier: $93.40 x 1.2'

2018-10-17 10:57:56 - [MESSAGE][PASSED] - Keyword VerifyRewardEarned is Passed

2018-10-17 10:57:56 - [TEST_STEP][PASSED] - beautytap.GeneralAction.selectProfileMenu: beautytap.GeneralAction.selectProfileMenu is PASSED

2018-10-17 10:57:56 - [MESSAGE][PASSED] - Object: 'Object Repository/Page_General/link_avatar' is clicked on

2018-10-17 10:57:58 - [MESSAGE][PASSED] - Delayed 2 second(s)

2018-10-17 10:58:03 - [MESSAGE][PASSED] - Object: '' is clicked on

2018-10-17 10:58:03 - [MESSAGE][PASSED] - Wait for page load successfully

2018-10-17 10:58:03 - [MESSAGE][PASSED] - beautytap.GeneralAction.selectProfileMenu is PASSED

2018-10-17 10:58:03 - [TEST_STEP][PASSED] - Statement - newPending = java.lang.Float.parseFloat(java.lang.String.format("%.2f", pending + rewardEarned)): null

2018-10-17 10:58:03 - [TEST_STEP][PASSED] - Statement - newRedeemable = java.lang.Float.parseFloat(java.lang.String.format("%.2f", redeemable - pointUsed)): null

2018-10-17 10:58:03 - [TEST_STEP][PASSED] - Statement - newPointValue = CustomKeywords.beautytap.ShopAction.calculateLoyaltyPointValue(newRedeemable): beautytap.ShopAction.calculateLoyaltyPointValue is PASSED

2018-10-17 10:58:03 - [MESSAGE][PASSED] - beautytap.ShopAction.calculateLoyaltyPointValue is PASSED

2018-10-17 10:58:03 - [TEST_STEP][PASSED] - beautytap.ShopAction.VerifyRewardPointsDetails: Keyword VerifyRewardPoints is Passed

2018-10-17 10:58:03 - [MESSAGE][PASSED] - Text of object '' is: '13887.47'

2018-10-17 10:58:03 - [MESSAGE][PASSED] - Text of object '' is: '3587.08'

2018-10-17 10:58:03 - [MESSAGE][PASSED] - Text of object '' is: '9777.47'

2018-10-17 10:58:03 - [MESSAGE][PASSED] - Text of object '' is: '$530.00'

2018-10-17 10:58:03 - [MESSAGE][PASSED] - Keyword VerifyRewardPoints is Passed

2018-10-17 10:58:03 - [TEST_STEP][PASSED] - beautytap.ShopAction.VerifyRewardHistory: Keyword VerifyRewardHistory is Passed

2018-10-17 10:58:03 - [MESSAGE][PASSED] - Object '' is present

2018-10-17 10:58:03 - [MESSAGE][PASSED] - Text of object '' is: '60'

2018-10-17 10:58:04 - [MESSAGE][PASSED] - Text of object '' is: '60'

2018-10-17 10:58:04 - [MESSAGE][PASSED] - Text of object '' is: '$93.40'

2018-10-17 10:58:04 - [MESSAGE][PASSED] - Text of object '' is: '1.2'

2018-10-17 10:58:04 - [MESSAGE][PASSED] - Text of object '' is: '-60.00'

2018-10-17 10:58:04 - [MESSAGE][PASSED] - Text of object '' is: '9777.47'

2018-10-17 10:58:04 - [MESSAGE][PASSED] - Keyword VerifyRewardHistory is Passed

2018-10-17 10:58:04 - [TEST_STEP][PASSED] - beautytap.ShopAction.VerifyRewardHistory: Keyword VerifyRewardHistory is Passed

2018-10-17 10:58:04 - [MESSAGE][PASSED] - Object '' is present

2018-10-17 10:58:04 - [MESSAGE][PASSED] - Text of object '' is: '60'

2018-10-17 10:58:04 - [MESSAGE][PASSED] - Text of object '' is: '60'

2018-10-17 10:58:04 - [MESSAGE][PASSED] - Text of object '' is: '$93.40'

2018-10-17 10:58:04 - [MESSAGE][PASSED] - Text of object '' is: '1.2'

2018-10-17 10:58:04 - [MESSAGE][PASSED] - Text of object '' is: '0.00'

2018-10-17 10:58:04 - [MESSAGE][PASSED] - Text of object '' is: '9777.47'

2018-10-17 10:58:04 - [MESSAGE][PASSED] - Keyword VerifyRewardHistory is Passed

2018-10-17 10:58:04 - [TEST_STEP][PASSED] - beautytap.GeneralAction.logout: beautytap.GeneralAction.logout is PASSED

2018-10-17 10:58:05 - [MESSAGE][PASSED] - Object: 'Object Repository/Page_General/link_avatar' is clicked on

2018-10-17 10:58:05 - [MESSAGE][PASSED] - Object 'Object Repository/Page_General/menu_logout' is present

2018-10-17 10:58:06 - [MESSAGE][PASSED] - Object: 'Object Repository/Page_General/menu_logout' is clicked on

2018-10-17 10:58:06 - [MESSAGE][PASSED] - Wait for page load successfully

2018-10-17 10:58:06 - [MESSAGE][PASSED] - beautytap.GeneralAction.logout is PASSED

2018-10-17 10:58:06 - [TEST_STEP][PASSED] - beautytap.GeneralAction.clickNavigationMenu: beautytap.GeneralAction.clickNavigationMenu is PASSED

2018-10-17 10:58:19 - [MESSAGE][PASSED] - Object: 'Object Repository/Page_General/link_login' is clicked on

2018-10-17 10:58:19 - [MESSAGE][PASSED] - Wait for page load successfully

2018-10-17 10:58:19 - [MESSAGE][PASSED] - beautytap.GeneralAction.clickNavigationMenu is PASSED

2018-10-17 10:58:19 - [TEST_STEP][PASSED] - beautytap.GeneralAction.login: beautytap.GeneralAction.login is PASSED

2018-10-17 10:58:19 - [MESSAGE][PASSED] - Text of object 'Object Repository/Page_login/txt_username' is cleared

2018-10-17 10:58:19 - [MESSAGE][PASSED] - Keys 'mrwhite' sent to object: 'Object Repository/Page_login/txt_username'

2018-10-17 10:58:19 - [MESSAGE][PASSED] - Text of object 'Object Repository/Page_login/txt_password' is cleared

2018-10-17 10:58:20 - [MESSAGE][PASSED] - Keys 'kgySM$Im' sent to object: 'Object Repository/Page_login/txt_password'

2018-10-17 10:58:20 - [MESSAGE][PASSED] - Object: 'Object Repository/Page_login/btn_login' is clicked on

2018-10-17 10:58:20 - [MESSAGE][PASSED] - Wait for page load successfully

2018-10-17 10:58:20 - [MESSAGE][PASSED] - beautytap.GeneralAction.login is PASSED

2018-10-17 10:58:20 - [TEST_STEP][PASSED] - navigateToUrl: Navigate to 'https://stage.beautytap.com/admin' successfully

2018-10-17 10:58:30 - [MESSAGE][PASSED] - Navigate to 'https://stage.beautytap.com/admin' successfully

2018-10-17 10:58:30 - [TEST_STEP][PASSED] - beautytap.AdminAction.changeOrderStatus: beautytap.AdminAction.changeOrderStatus is PASSED

2018-10-17 10:58:40 - [MESSAGE][PASSED] - Object: '' is clicked on

2018-10-17 10:58:40 - [MESSAGE][PASSED] - Wait for page load successfully

2018-10-17 10:58:47 - [MESSAGE][PASSED] - Object: '' is clicked on

2018-10-17 10:58:47 - [MESSAGE][PASSED] - Wait for page load successfully

2018-10-17 10:58:47 - [MESSAGE][PASSED] - Text of object 'Object Repository/Page_Admin/txt_searchOrder' is cleared

2018-10-17 10:58:47 - [MESSAGE][PASSED] - Keys '137923' sent to object: 'Object Repository/Page_Admin/txt_searchOrder'

2018-10-17 10:58:52 - [MESSAGE][PASSED] - Object: 'Object Repository/Page_Admin/btn_searchOrder' is clicked on

2018-10-17 10:58:52 - [MESSAGE][PASSED] - Wait for page load successfully

2018-10-17 10:59:05 - [MESSAGE][PASSED] - Object: '' is clicked on

2018-10-17 10:59:05 - [MESSAGE][PASSED] - Wait for page load successfully

2018-10-17 10:59:05 - [MESSAGE][PASSED] - All options with label 'Completed' are selected in object 'Object Repository/Page_Admin/drop_orderStatus' 

2018-10-17 10:59:05 - [MESSAGE][PASSED] - Object: 'Object Repository/Page_Admin/btn_saveOrder' is clicked on

2018-10-17 10:59:22 - [MESSAGE][PASSED] - Object 'Object Repository/Page_Admin/lbl_orderUpdatedMessage' is present

2018-10-17 10:59:22 - [MESSAGE][PASSED] - beautytap.AdminAction.changeOrderStatus is PASSED

2018-10-17 10:59:22 - [TEST_STEP][PASSED] - closeBrowser: Browser is closed

2018-10-17 10:59:23 - [MESSAGE][PASSED] - Browser is closed

2018-10-17 10:59:23 - [TEST_STEP][PASSED] - beautytap.GeneralAction.openBeautytap: beautytap.GeneralAction.openBeautytap is PASSED

2018-10-17 10:59:52 - [MESSAGE][PASSED] - Browser is opened with url: 'https://stage.beautytap.com'

2018-10-17 10:59:53 - [MESSAGE][PASSED] - Current window maximized

2018-10-17 11:00:01 - [MESSAGE][PASSED] - Refresh successfully

2018-10-17 11:00:01 - [MESSAGE][PASSED] - Wait for page load successfully

2018-10-17 11:00:01 - [MESSAGE][PASSED] - beautytap.GeneralAction.openBeautytap is PASSED

2018-10-17 11:00:01 - [TEST_STEP][PASSED] - beautytap.GeneralAction.clickNavigationMenu: beautytap.GeneralAction.clickNavigationMenu is PASSED

2018-10-17 11:00:05 - [MESSAGE][PASSED] - Object: 'Object Repository/Page_General/link_login' is clicked on

2018-10-17 11:00:05 - [MESSAGE][PASSED] - Wait for page load successfully

2018-10-17 11:00:05 - [MESSAGE][PASSED] - beautytap.GeneralAction.clickNavigationMenu is PASSED

2018-10-17 11:00:05 - [TEST_STEP][PASSED] - beautytap.GeneralAction.login: beautytap.GeneralAction.login is PASSED

2018-10-17 11:00:05 - [MESSAGE][PASSED] - Text of object 'Object Repository/Page_login/txt_username' is cleared

2018-10-17 11:00:06 - [MESSAGE][PASSED] - Keys 'trang2408@mailinator.com' sent to object: 'Object Repository/Page_login/txt_username'

2018-10-17 11:00:06 - [MESSAGE][PASSED] - Text of object 'Object Repository/Page_login/txt_password' is cleared

2018-10-17 11:00:06 - [MESSAGE][PASSED] - Keys '123456' sent to object: 'Object Repository/Page_login/txt_password'

2018-10-17 11:00:06 - [MESSAGE][PASSED] - Object: 'Object Repository/Page_login/btn_login' is clicked on

2018-10-17 11:00:06 - [MESSAGE][PASSED] - Wait for page load successfully

2018-10-17 11:00:06 - [MESSAGE][PASSED] - beautytap.GeneralAction.login is PASSED

2018-10-17 11:00:06 - [TEST_STEP][PASSED] - beautytap.GeneralAction.selectProfileMenu: beautytap.GeneralAction.selectProfileMenu is PASSED

2018-10-17 11:00:27 - [MESSAGE][PASSED] - Object: 'Object Repository/Page_General/link_avatar' is clicked on

2018-10-17 11:00:29 - [MESSAGE][PASSED] - Delayed 2 second(s)

2018-10-17 11:00:34 - [MESSAGE][PASSED] - Object: '' is clicked on

2018-10-17 11:00:34 - [MESSAGE][PASSED] - Wait for page load successfully

2018-10-17 11:00:34 - [MESSAGE][PASSED] - beautytap.GeneralAction.selectProfileMenu is PASSED

2018-10-17 11:00:34 - [TEST_STEP][PASSED] - Statement - newLifetime = java.lang.Float.parseFloat(java.lang.String.format("%.2f", lifetime + rewardEarned)): null

2018-10-17 11:00:34 - [TEST_STEP][PASSED] - Statement - newRedeemable = java.lang.Float.parseFloat(java.lang.String.format("%.2f", newRedeemable + rewardEarned)): null

2018-10-17 11:00:34 - [TEST_STEP][PASSED] - Statement - newPointValue = CustomKeywords.beautytap.ShopAction.calculateLoyaltyPointValue(newRedeemable): beautytap.ShopAction.calculateLoyaltyPointValue is PASSED

2018-10-17 11:00:34 - [MESSAGE][PASSED] - beautytap.ShopAction.calculateLoyaltyPointValue is PASSED

2018-10-17 11:00:34 - [TEST_STEP][PASSED] - beautytap.ShopAction.VerifyRewardPointsDetails: Keyword VerifyRewardPoints is Passed

2018-10-17 11:00:34 - [MESSAGE][PASSED] - Text of object '' is: '13999.55'

2018-10-17 11:00:34 - [MESSAGE][PASSED] - Text of object '' is: '3475.00'

2018-10-17 11:00:34 - [MESSAGE][PASSED] - Text of object '' is: '9889.55'

2018-10-17 11:00:34 - [MESSAGE][PASSED] - Text of object '' is: '$534.00'

2018-10-17 11:00:34 - [MESSAGE][PASSED] - Keyword VerifyRewardPoints is Passed

2018-10-17 11:00:34 - [TEST_STEP][PASSED] - beautytap.ShopAction.VerifyRewardHistory: Keyword VerifyRewardHistory is Passed

2018-10-17 11:00:34 - [MESSAGE][PASSED] - Object '' is present

2018-10-17 11:00:34 - [MESSAGE][PASSED] - Text of object '' is: '60'

2018-10-17 11:00:35 - [MESSAGE][PASSED] - Text of object '' is: '60'

2018-10-17 11:00:35 - [MESSAGE][PASSED] - Text of object '' is: '$93.40'

2018-10-17 11:00:35 - [MESSAGE][PASSED] - Text of object '' is: '1.2'

2018-10-17 11:00:35 - [MESSAGE][PASSED] - Text of object '' is: '112.08'

2018-10-17 11:00:35 - [MESSAGE][PASSED] - Text of object '' is: '9889.55'

2018-10-17 11:00:35 - [MESSAGE][PASSED] - Keyword VerifyRewardHistory is Passed

2018-10-17 11:00:35 - [TEST_STEP][PASSED] - beautytap.GeneralAction.logout: beautytap.GeneralAction.logout is PASSED

2018-10-17 11:00:35 - [MESSAGE][PASSED] - Object: 'Object Repository/Page_General/link_avatar' is clicked on

2018-10-17 11:00:36 - [MESSAGE][PASSED] - Object 'Object Repository/Page_General/menu_logout' is present

2018-10-17 11:00:36 - [MESSAGE][PASSED] - Object: 'Object Repository/Page_General/menu_logout' is clicked on

2018-10-17 11:00:36 - [MESSAGE][PASSED] - Wait for page load successfully

2018-10-17 11:00:37 - [MESSAGE][PASSED] - Browser is closed

2018-10-17 11:00:37 - [MESSAGE][PASSED] - beautytap.GeneralAction.logout is PASSED]]></system-out>
         <system-err><![CDATA[]]></system-err>
      </testcase>
      <testcase name="Test Cases/Shop/TC03_Search_SimpleProduct_Sale_Creditcard_LessThan60_Normal" classname="Test Cases/Shop/TC03_Search_SimpleProduct_Sale_Creditcard_LessThan60_Normal" status="PASSED">
         <system-out><![CDATA[2018-10-17 11:00:40 - [TEST_CASE][PASSED] - Test Cases/Shop/TC03_Search_SimpleProduct_Sale_Creditcard_LessThan60_Normal: Test Cases/Shop/TC03_Search_SimpleProduct_Sale_Creditcard_LessThan60_Normal

2018-10-17 11:00:40 - [TEST_STEP][PASSED] - Statement - productName = SIMPLE_SALE_PRODUCT: null

2018-10-17 11:00:40 - [TEST_STEP][PASSED] - Statement - saleprice = SIMPLE_SALE_PRICE: null

2018-10-17 11:00:40 - [TEST_STEP][PASSED] - Statement - regularprice = SIMPLE_SALE_REGULAR_PRICE: null

2018-10-17 11:00:40 - [TEST_STEP][PASSED] - Statement - r_string = new java.lang.Math().random().toString().substring(2, 8): null

2018-10-17 11:00:40 - [TEST_STEP][PASSED] - Statement - email = "auto" + r_string + "@mailinator.com": null

2018-10-17 11:00:40 - [TEST_STEP][PASSED] - Statement - orderNote = "auto" + r_string + "Order": null

2018-10-17 11:00:40 - [TEST_STEP][PASSED] - Statement - currentNumberItemInCart = <not implemented yet for class: org.codehaus.groovy.ast.expr.EmptyExpression>: null

2018-10-17 11:00:40 - [TEST_STEP][PASSED] - Statement - quantity = 1: null

2018-10-17 11:00:40 - [TEST_STEP][PASSED] - Statement - subtotal = CustomKeywords.beautytap.ShopAction.calculateTotal(quantity, saleprice): beautytap.ShopAction.calculateTotal is PASSED

2018-10-17 11:00:40 - [MESSAGE][PASSED] - beautytap.ShopAction.calculateTotal is PASSED

2018-10-17 11:00:40 - [TEST_STEP][PASSED] - Statement - total = subtotal + SHIPPING_PRICE: null

2018-10-17 11:00:40 - [TEST_STEP][PASSED] - Statement - total = CustomKeywords.beautytap.ShopAction.calculateTotal(1, total): beautytap.ShopAction.calculateTotal is PASSED

2018-10-17 11:00:40 - [MESSAGE][PASSED] - beautytap.ShopAction.calculateTotal is PASSED

2018-10-17 11:00:40 - [TEST_STEP][PASSED] - Statement - products = new org.json.JSONArray((((((([{"productname":" + productName) + ","variation":"","quantity":") + quantity) + ","price":") + saleprice) + "}])): null

2018-10-17 11:00:40 - [TEST_STEP][PASSED] - Statement - billingInformation = new org.json.JSONObject((({"firstname":"Test","lastname":"Automation","country":"United States (US)","address":"123 Testing","city":"New York","state":"New York","zip":"90012","email":" + email) + "})): null

2018-10-17 11:00:40 - [TEST_STEP][PASSED] - Statement - shippingLabel = SHIPPING_LABEL: null

2018-10-17 11:00:40 - [TEST_STEP][PASSED] - Statement - shippingPrice = SHIPPING_PRICE: null

2018-10-17 11:00:40 - [TEST_STEP][PASSED] - Statement - shippingType = "normal": null

2018-10-17 11:00:40 - [TEST_STEP][PASSED] - Statement - paymentMethod = "Credit Card Payment": null

2018-10-17 11:00:40 - [TEST_STEP][PASSED] - beautytap.GeneralAction.openBeautytap: beautytap.GeneralAction.openBeautytap is PASSED

2018-10-17 11:01:03 - [MESSAGE][PASSED] - Browser is opened with url: 'https://stage.beautytap.com'

2018-10-17 11:01:04 - [MESSAGE][PASSED] - Current window maximized

2018-10-17 11:01:12 - [MESSAGE][PASSED] - Refresh successfully

2018-10-17 11:01:12 - [MESSAGE][PASSED] - Wait for page load successfully

2018-10-17 11:01:12 - [MESSAGE][PASSED] - beautytap.GeneralAction.openBeautytap is PASSED

2018-10-17 11:01:12 - [TEST_STEP][PASSED] - beautytap.ShopAction.globalSearch: beautytap.ShopAction.globalSearch is PASSED

2018-10-17 11:01:13 - [MESSAGE][PASSED] - Object: 'Object Repository/Page_General/icon_search' is clicked on

2018-10-17 11:01:18 - [MESSAGE][PASSED] - Delayed 5 second(s)

2018-10-17 11:01:18 - [MESSAGE][PASSED] - Text of object 'Object Repository/Page_General/txt_search' is cleared

2018-10-17 11:01:18 - [MESSAGE][PASSED] - Keys 'CONTROL + v' sent to object: 'Object Repository/Page_General/txt_search'

2018-10-17 11:01:23 - [MESSAGE][PASSED] - Delayed 5 second(s)

2018-10-17 11:01:23 - [MESSAGE][PASSED] - beautytap.ShopAction.globalSearch is PASSED

2018-10-17 11:01:23 - [TEST_STEP][PASSED] - beautytap.ShopAction.VerifyProductOnSearchResult: beautytap.ShopAction.VerifyProductOnSearchResult is PASSED

2018-10-17 11:01:23 - [MESSAGE][PASSED] - beautytap.ShopAction.VerifyProductOnSearchResult is PASSED

2018-10-17 11:01:23 - [TEST_STEP][PASSED] - beautytap.ShopAction.selectSearchResult: beautytap.ShopAction.selectSearchResult is PASSED

2018-10-17 11:01:23 - [MESSAGE][PASSED] - Text of object '' is: 'Innisfree Perfect UV Protection Cream SPF50+/PA+++ (Long-Lasting For Oily Skin) 50ml'

2018-10-17 11:01:23 - [MESSAGE][PASSED] - Object '' is present

2018-10-17 11:01:32 - [MESSAGE][PASSED] - Object: '' is clicked on

2018-10-17 11:01:32 - [MESSAGE][PASSED] - Wait for page load successfully

2018-10-17 11:01:32 - [MESSAGE][PASSED] - beautytap.ShopAction.selectSearchResult is PASSED

2018-10-17 11:01:32 - [TEST_STEP][PASSED] - beautytap.ShopAction.VerifyProductDetails: Keyword VerifyProductDetails is Passed

2018-10-17 11:01:32 - [MESSAGE][PASSED] - Text of object '' is: 'Innisfree Perfect UV Protection Cream SPF50+/PA+++ (Long-Lasting For Oily Skin) 50ml'

2018-10-17 11:01:32 - [MESSAGE][PASSED] - Text of object '' is: '$12.50'

2018-10-17 11:01:32 - [MESSAGE][PASSED] - Get CSS 'color' value on '' successfully: 'rgba(195, 195, 195, 1)'.

2018-10-17 11:01:32 - [MESSAGE][PASSED] - Text of object '' is: '$11.99'

2018-10-17 11:01:32 - [MESSAGE][PASSED] - Get CSS 'color' value on '' successfully: 'rgba(255, 35, 134, 1)'.

2018-10-17 11:01:32 - [MESSAGE][PASSED] - Keyword VerifyProductDetails is Passed

2018-10-17 11:01:32 - [TEST_STEP][PASSED] - Statement - currentNumberItemInCart = CustomKeywords.beautytap.ShopAction.getNumberItemInCart(): beautytap.ShopAction.getNumberItemInCart is PASSED

2018-10-17 11:01:38 - [MESSAGE][WARNING] - com.kms.katalon.core.webui.exception.WebElementNotFoundException: Web element with id: '' located by 'By.xpath: //div[@class='header-right-top pull-right']/a[@class='shop-cart']/span[@class='number-cart']' not found
[[ATTACHMENT|E:\\BeautytapAutomation\\beautytapAuto\\Beautytap\\Reports\\Regression\\20181017_102608\\1539748897778.png]]

2018-10-17 11:01:38 - [MESSAGE][PASSED] - beautytap.ShopAction.getNumberItemInCart is PASSED

2018-10-17 11:01:38 - [TEST_STEP][PASSED] - beautytap.ShopAction.addProductToCart: beautytap.ShopAction.addProductToCart is PASSED

2018-10-17 11:01:38 - [MESSAGE][PASSED] - Text of object 'Object Repository/Page_Shop/txt_quantity' is cleared

2018-10-17 11:01:38 - [MESSAGE][PASSED] - Keys '1' sent to object: 'Object Repository/Page_Shop/txt_quantity'

2018-10-17 11:01:38 - [MESSAGE][PASSED] - Object: 'Object Repository/Page_Shop/btn_addToCart' is clicked on

2018-10-17 11:01:38 - [MESSAGE][PASSED] - Wait for page load successfully

2018-10-17 11:01:46 - [MESSAGE][PASSED] - Object 'Object Repository/Page_Shop/lbl_message' is present

2018-10-17 11:01:51 - [MESSAGE][PASSED] - Delayed 5 second(s)

2018-10-17 11:01:51 - [MESSAGE][PASSED] - beautytap.ShopAction.addProductToCart is PASSED

2018-10-17 11:01:51 - [TEST_STEP][PASSED] - beautytap.ShopAction.VerifyNumberItemInCart: Keyword VerifyNumberItemInCart is Passed, Number item in cart is 1, expected is 1

2018-10-17 11:01:51 - [MESSAGE][PASSED] - Object '' is present

2018-10-17 11:01:51 - [MESSAGE][PASSED] - Text of object '' is: '1'

2018-10-17 11:01:51 - [MESSAGE][PASSED] - Keyword VerifyNumberItemInCart is Passed, Number item in cart is 1, expected is 1

2018-10-17 11:01:51 - [TEST_STEP][PASSED] - beautytap.ShopAction.VerifyProductIsAddedToCart: beautytap.ShopAction.VerifyProductIsAddedToCart is PASSED

2018-10-17 11:02:22 - [MESSAGE][WARNING] - com.kms.katalon.core.webui.exception.WebElementNotFoundException: Web element with id: '' located by 'By.xpath: //div[@class='woocommerce-message' and contains(text(),'Innisfree Perfect UV Protection Cream SPF50+/PA+++ (Long-Lasting For Oily Skin) 50ml” have been added to your cart.')]' not found
[[ATTACHMENT|E:\\BeautytapAutomation\\beautytapAuto\\Beautytap\\Reports\\Regression\\20181017_102608\\1539748942626.png]]

2018-10-17 11:02:22 - [MESSAGE][PASSED] - beautytap.ShopAction.VerifyProductIsAddedToCart is PASSED

2018-10-17 11:02:22 - [TEST_STEP][PASSED] - beautytap.ShopAction.goToCart: beautytap.ShopAction.goToCart is PASSED

2018-10-17 11:02:22 - [MESSAGE][PASSED] - Object 'Object Repository/Page_General/icon_cart' is present

2018-10-17 11:02:36 - [MESSAGE][PASSED] - Object: 'Object Repository/Page_General/icon_cart' is clicked on

2018-10-17 11:02:36 - [MESSAGE][PASSED] - Wait for page load successfully

2018-10-17 11:02:36 - [MESSAGE][PASSED] - beautytap.ShopAction.goToCart is PASSED

2018-10-17 11:02:36 - [TEST_STEP][PASSED] - beautytap.ShopAction.VerifyProductInCart: Keyword VerifyProductInCart is Passed

2018-10-17 11:02:36 - [MESSAGE][PASSED] - Object '' is present

2018-10-17 11:02:36 - [MESSAGE][PASSED] - Object '' is present

2018-10-17 11:02:36 - [MESSAGE][PASSED] - Text of object '' is: '$11.99'

2018-10-17 11:02:36 - [MESSAGE][PASSED] - Attribute 'value' of object '' is: '1'

2018-10-17 11:02:36 - [MESSAGE][PASSED] - Text of object '' is: '$11.99'

2018-10-17 11:02:36 - [MESSAGE][PASSED] - Keyword VerifyProductInCart is Passed

2018-10-17 11:02:36 - [TEST_STEP][PASSED] - beautytap.ShopAction.processToCheckout: beautytap.ShopAction.processToCheckout is PASSED

2018-10-17 11:02:42 - [MESSAGE][PASSED] - Object: 'Object Repository/Page_Cart/btn_checkout' is clicked on

2018-10-17 11:02:42 - [MESSAGE][PASSED] - Wait for page load successfully

2018-10-17 11:02:42 - [MESSAGE][PASSED] - beautytap.ShopAction.processToCheckout is PASSED

2018-10-17 11:02:42 - [TEST_STEP][PASSED] - beautytap.ShopAction.fillCustomerInformation: beautytap.ShopAction.fillCustomerInformation is PASSED

2018-10-17 11:02:42 - [MESSAGE][PASSED] - Text of object 'Object Repository/Page_Checkout/txt_billingFirstName' is cleared

2018-10-17 11:02:42 - [MESSAGE][PASSED] - Keys 'Test' sent to object: 'Object Repository/Page_Checkout/txt_billingFirstName'

2018-10-17 11:02:42 - [MESSAGE][PASSED] - Text of object 'Object Repository/Page_Checkout/txt_billingLastName' is cleared

2018-10-17 11:02:43 - [MESSAGE][PASSED] - Keys 'Automation' sent to object: 'Object Repository/Page_Checkout/txt_billingLastName'

2018-10-17 11:02:43 - [MESSAGE][PASSED] - All options with label 'United States (US)' are selected in object 'Object Repository/Page_Checkout/drop_billingCountry' 

2018-10-17 11:02:48 - [MESSAGE][PASSED] - Delayed 5 second(s)

2018-10-17 11:02:48 - [MESSAGE][PASSED] - Text of object 'Object Repository/Page_Checkout/txt_billingAddress' is cleared

2018-10-17 11:02:49 - [MESSAGE][PASSED] - Keys '123 Testing' sent to object: 'Object Repository/Page_Checkout/txt_billingAddress'

2018-10-17 11:02:49 - [MESSAGE][PASSED] - Text of object 'Object Repository/Page_Checkout/txt_billingCity' is cleared

2018-10-17 11:02:49 - [MESSAGE][PASSED] - Keys 'New York' sent to object: 'Object Repository/Page_Checkout/txt_billingCity'

2018-10-17 11:02:49 - [MESSAGE][PASSED] - All options with label 'New York' are selected in object 'Object Repository/Page_Checkout/drop_billingState' 

2018-10-17 11:02:49 - [MESSAGE][PASSED] - Text of object 'Object Repository/Page_Checkout/txt_billingZip' is cleared

2018-10-17 11:02:49 - [MESSAGE][PASSED] - Keys '90012' sent to object: 'Object Repository/Page_Checkout/txt_billingZip'

2018-10-17 11:02:50 - [MESSAGE][PASSED] - Text of object 'Object Repository/Page_Checkout/txt_billingEmail' is cleared

2018-10-17 11:02:50 - [MESSAGE][PASSED] - Keys 'auto904425@mailinator.com' sent to object: 'Object Repository/Page_Checkout/txt_billingEmail'

2018-10-17 11:02:50 - [MESSAGE][PASSED] - Object 'Object Repository/Page_Checkout/chk_shipToDifferentAddress' is un-checked

2018-10-17 11:02:50 - [MESSAGE][PASSED] - Text of object 'Object Repository/Page_Checkout/txt_orderNote' is cleared

2018-10-17 11:02:51 - [MESSAGE][PASSED] - Keys 'auto904425Order' sent to object: 'Object Repository/Page_Checkout/txt_orderNote'

2018-10-17 11:02:51 - [MESSAGE][PASSED] - Object 'Object Repository/Page_Checkout/radio_creditCard' is checked

2018-10-17 11:02:56 - [MESSAGE][PASSED] - Delayed 5 second(s)

2018-10-17 11:02:56 - [MESSAGE][PASSED] - beautytap.ShopAction.fillCustomerInformation is PASSED

2018-10-17 11:02:56 - [TEST_STEP][PASSED] - beautytap.ShopAction.VerifyOrderDetailsOnCheckout: Keyword VerifyOrderDetailsOnCheckout is Passed

2018-10-17 11:02:56 - [MESSAGE][PASSED] - Object '' is present

2018-10-17 11:02:56 - [MESSAGE][PASSED] - Text of object '' is: '$11.99'

2018-10-17 11:02:56 - [MESSAGE][PASSED] - Text of object '' is: 'Spend $58.01 more & get FREE SHIPPING!
($25) - DHL flat rate shipping: $25.00
Why does shipping take this long?'

2018-10-17 11:02:56 - [MESSAGE][PASSED] - Text of object '' is: '$25.00'

2018-10-17 11:02:56 - [MESSAGE][PASSED] - Text of object '' is: '$36.99'

2018-10-17 11:02:56 - [MESSAGE][PASSED] - Keyword VerifyOrderDetailsOnCheckout is Passed

2018-10-17 11:02:56 - [TEST_STEP][PASSED] - beautytap.ShopAction.checkoutViaCreditCard: beautytap.ShopAction.checkoutViaCreditCard is PASSED

2018-10-17 11:02:56 - [MESSAGE][PASSED] - Object 'Object Repository/Page_Checkout/radio_creditCard' is checked

2018-10-17 11:03:06 - [MESSAGE][PASSED] - Delayed 10 second(s)

2018-10-17 11:03:06 - [MESSAGE][PASSED] - Text of object 'Object Repository/Page_Checkout/txt_cardNumber' is cleared

2018-10-17 11:03:07 - [MESSAGE][PASSED] - Keys '4032036248443549' sent to object: 'Object Repository/Page_Checkout/txt_cardNumber'

2018-10-17 11:03:07 - [MESSAGE][PASSED] - All options with label 'Visa' are selected in object 'Object Repository/Page_Checkout/drop_cardType' 

2018-10-17 11:03:07 - [MESSAGE][PASSED] - All options with label '07' are selected in object 'Object Repository/Page_Checkout/drop_expirationMonth' 

2018-10-17 11:03:07 - [MESSAGE][PASSED] - All options with label '2023' are selected in object 'Object Repository/Page_Checkout/drop_expirationYear' 

2018-10-17 11:03:07 - [MESSAGE][PASSED] - Text of object 'Object Repository/Page_Checkout/txt_cardCVV' is cleared

2018-10-17 11:03:07 - [MESSAGE][PASSED] - Keys '123' sent to object: 'Object Repository/Page_Checkout/txt_cardCVV'

2018-10-17 11:03:07 - [MESSAGE][PASSED] - Object 'Object Repository/Page_Checkout/chk_terms' is checked

2018-10-17 11:03:08 - [MESSAGE][PASSED] - Object: 'Object Repository/Page_Checkout/btn_placeOrder' is clicked on

2018-10-17 11:03:28 - [MESSAGE][PASSED] - Object 'Object Repository/Page_Checkout/lbl_orderReceived' is present

2018-10-17 11:03:28 - [MESSAGE][PASSED] - beautytap.ShopAction.checkoutViaCreditCard is PASSED

2018-10-17 11:03:28 - [TEST_STEP][PASSED] - beautytap.ShopAction.VerifyOrderReceivedDetails: Keyword VerifyOrderReceivedDetails is Passed

2018-10-17 11:03:28 - [MESSAGE][PASSED] - Object '' is present

2018-10-17 11:03:28 - [MESSAGE][PASSED] - Text of object '' is: '$11.99'

2018-10-17 11:03:28 - [MESSAGE][PASSED] - Text of object '' is: '$25.00 via ($25) - DHL flat rate shipping'

2018-10-17 11:03:28 - [MESSAGE][PASSED] - Object '' is present

2018-10-17 11:03:28 - [MESSAGE][PASSED] - Text of object '' is: '$25.00'

2018-10-17 11:03:28 - [MESSAGE][PASSED] - Text of object '' is: 'Credit Card Payment'

2018-10-17 11:03:28 - [MESSAGE][PASSED] - Text of object '' is: '$36.99'

2018-10-17 11:03:28 - [MESSAGE][PASSED] - Keyword VerifyOrderReceivedDetails is Passed

2018-10-17 11:03:28 - [TEST_STEP][PASSED] - closeBrowser: Browser is closed

2018-10-17 11:03:29 - [MESSAGE][PASSED] - Browser is closed]]></system-out>
         <system-err><![CDATA[]]></system-err>
      </testcase>
      <testcase name="Test Cases/Shop/TC04_Search_VariationProduct_NotSale_AmazonPay_GreaterThan200" classname="Test Cases/Shop/TC04_Search_VariationProduct_NotSale_AmazonPay_GreaterThan200" status="PASSED">
         <system-out><![CDATA[2018-10-17 11:03:31 - [TEST_CASE][PASSED] - Test Cases/Shop/TC04_Search_VariationProduct_NotSale_AmazonPay_GreaterThan200: Test Cases/Shop/TC04_Search_VariationProduct_NotSale_AmazonPay_GreaterThan200

2018-10-17 11:03:31 - [TEST_STEP][PASSED] - Statement - productName = VARIATION_PRODUCT: null

2018-10-17 11:03:31 - [TEST_STEP][PASSED] - Statement - price = VARIATION_PRICE1: null

2018-10-17 11:03:31 - [TEST_STEP][PASSED] - Statement - variation = VARIATION_NAME1: null

2018-10-17 11:03:32 - [TEST_STEP][PASSED] - Statement - r_string = new java.lang.Math().random().toString().substring(2, 8): null

2018-10-17 11:03:32 - [TEST_STEP][PASSED] - Statement - email = "auto" + r_string + "@mailinator.com": null

2018-10-17 11:03:32 - [TEST_STEP][PASSED] - Statement - orderNote = "auto" + r_string + "Order": null

2018-10-17 11:03:32 - [TEST_STEP][PASSED] - Statement - currentNumberItemInCart = <not implemented yet for class: org.codehaus.groovy.ast.expr.EmptyExpression>: null

2018-10-17 11:03:32 - [TEST_STEP][PASSED] - Statement - quantity = 8: null

2018-10-17 11:03:32 - [TEST_STEP][PASSED] - Statement - subtotal = CustomKeywords.beautytap.ShopAction.calculateTotal(quantity, price): beautytap.ShopAction.calculateTotal is PASSED

2018-10-17 11:03:32 - [MESSAGE][PASSED] - beautytap.ShopAction.calculateTotal is PASSED

2018-10-17 11:03:32 - [TEST_STEP][PASSED] - Statement - total = subtotal: null

2018-10-17 11:03:32 - [TEST_STEP][PASSED] - Statement - total = CustomKeywords.beautytap.ShopAction.calculateTotal(1, total): beautytap.ShopAction.calculateTotal is PASSED

2018-10-17 11:03:32 - [MESSAGE][PASSED] - beautytap.ShopAction.calculateTotal is PASSED

2018-10-17 11:03:32 - [TEST_STEP][PASSED] - Statement - products = new org.json.JSONArray((((((((([{"productname":" + productName) + ","variation":") + variation) + ","quantity":") + quantity) + ","price":") + price) + "}])): null

2018-10-17 11:03:32 - [TEST_STEP][PASSED] - Statement - shippingLabel = FREE_EMS_SHIPPING_LABEL: null

2018-10-17 11:03:32 - [TEST_STEP][PASSED] - Statement - shippingPrice = 0: null

2018-10-17 11:03:32 - [TEST_STEP][PASSED] - Statement - shippingType = "freeEMS": null

2018-10-17 11:03:32 - [TEST_STEP][PASSED] - Statement - paymentMethod = "Amazon Pay": null

2018-10-17 11:03:32 - [TEST_STEP][PASSED] - Statement - amazonAddress = "Trang N. CMT8 Floor 9th, Hochiminh, 3, 700000, Vietnam": null

2018-10-17 11:03:32 - [TEST_STEP][PASSED] - beautytap.GeneralAction.openBeautytap: beautytap.GeneralAction.openBeautytap is PASSED

2018-10-17 11:03:51 - [MESSAGE][PASSED] - Browser is opened with url: 'https://stage.beautytap.com'

2018-10-17 11:03:52 - [MESSAGE][PASSED] - Current window maximized

2018-10-17 11:03:59 - [MESSAGE][PASSED] - Refresh successfully

2018-10-17 11:03:59 - [MESSAGE][PASSED] - Wait for page load successfully

2018-10-17 11:03:59 - [MESSAGE][PASSED] - beautytap.GeneralAction.openBeautytap is PASSED

2018-10-17 11:03:59 - [TEST_STEP][PASSED] - beautytap.ShopAction.globalSearch: beautytap.ShopAction.globalSearch is PASSED

2018-10-17 11:03:59 - [MESSAGE][PASSED] - Object: 'Object Repository/Page_General/icon_search' is clicked on

2018-10-17 11:04:04 - [MESSAGE][PASSED] - Delayed 5 second(s)

2018-10-17 11:04:04 - [MESSAGE][PASSED] - Text of object 'Object Repository/Page_General/txt_search' is cleared

2018-10-17 11:04:04 - [MESSAGE][PASSED] - Keys 'CONTROL + v' sent to object: 'Object Repository/Page_General/txt_search'

2018-10-17 11:04:09 - [MESSAGE][PASSED] - Delayed 5 second(s)

2018-10-17 11:04:09 - [MESSAGE][PASSED] - beautytap.ShopAction.globalSearch is PASSED

2018-10-17 11:04:09 - [TEST_STEP][PASSED] - beautytap.ShopAction.VerifyProductOnSearchResult: beautytap.ShopAction.VerifyProductOnSearchResult is PASSED

2018-10-17 11:04:09 - [MESSAGE][PASSED] - beautytap.ShopAction.VerifyProductOnSearchResult is PASSED

2018-10-17 11:04:09 - [TEST_STEP][PASSED] - beautytap.ShopAction.selectSearchResult: beautytap.ShopAction.selectSearchResult is PASSED

2018-10-17 11:04:09 - [MESSAGE][PASSED] - Text of object '' is: 'MeloMELI Unicorn Heart Lake Cushion — 2 Choices'

2018-10-17 11:04:09 - [MESSAGE][PASSED] - Object '' is present

2018-10-17 11:04:20 - [MESSAGE][PASSED] - Object: '' is clicked on

2018-10-17 11:04:20 - [MESSAGE][PASSED] - Wait for page load successfully

2018-10-17 11:04:20 - [MESSAGE][PASSED] - beautytap.ShopAction.selectSearchResult is PASSED

2018-10-17 11:04:20 - [TEST_STEP][PASSED] - beautytap.ShopAction.selectProductVariation: beautytap.ShopAction.selectProductVariation is PASSED

2018-10-17 11:04:20 - [MESSAGE][PASSED] - Object: 'Object Repository/Page_Shop/drop_chooseOption' is clicked on

2018-10-17 11:04:21 - [MESSAGE][PASSED] - Delayed 1 second(s)

2018-10-17 11:04:21 - [MESSAGE][PASSED] - Object: '' is clicked on

2018-10-17 11:04:21 - [MESSAGE][PASSED] - beautytap.ShopAction.selectProductVariation is PASSED

2018-10-17 11:04:21 - [TEST_STEP][PASSED] - beautytap.ShopAction.VerifyProductDetails: Keyword VerifyProductDetails is Passed

2018-10-17 11:04:21 - [MESSAGE][PASSED] - Text of object '' is: 'MeloMELI Unicorn Heart Lake Cushion — 2 Choices'

2018-10-17 11:04:22 - [MESSAGE][PASSED] - All options with label 'Vanilla Beige' are selected in object 'Object Repository/Page_Shop/drop_chooseOption' 

2018-10-17 11:04:22 - [MESSAGE][PASSED] - Text of object '' is: '$26.70'

2018-10-17 11:04:22 - [MESSAGE][PASSED] - Get CSS 'color' value on '' successfully: 'rgba(255, 35, 134, 1)'.

2018-10-17 11:04:22 - [MESSAGE][PASSED] - Keyword VerifyProductDetails is Passed

2018-10-17 11:04:22 - [TEST_STEP][PASSED] - Statement - currentNumberItemInCart = CustomKeywords.beautytap.ShopAction.getNumberItemInCart(): beautytap.ShopAction.getNumberItemInCart is PASSED

2018-10-17 11:04:27 - [MESSAGE][WARNING] - com.kms.katalon.core.webui.exception.WebElementNotFoundException: Web element with id: '' located by 'By.xpath: //div[@class='header-right-top pull-right']/a[@class='shop-cart']/span[@class='number-cart']' not found
[[ATTACHMENT|E:\\BeautytapAutomation\\beautytapAuto\\Beautytap\\Reports\\Regression\\20181017_102608\\1539749067314.png]]

2018-10-17 11:04:27 - [MESSAGE][PASSED] - beautytap.ShopAction.getNumberItemInCart is PASSED

2018-10-17 11:04:27 - [TEST_STEP][PASSED] - beautytap.ShopAction.addProductToCart: beautytap.ShopAction.addProductToCart is PASSED

2018-10-17 11:04:27 - [MESSAGE][PASSED] - Text of object 'Object Repository/Page_Shop/txt_quantity' is cleared

2018-10-17 11:04:27 - [MESSAGE][PASSED] - Keys '8' sent to object: 'Object Repository/Page_Shop/txt_quantity'

2018-10-17 11:04:28 - [MESSAGE][PASSED] - Object: 'Object Repository/Page_Shop/btn_addToCart' is clicked on

2018-10-17 11:04:28 - [MESSAGE][PASSED] - Wait for page load successfully

2018-10-17 11:04:35 - [MESSAGE][PASSED] - Object 'Object Repository/Page_Shop/lbl_message' is present

2018-10-17 11:04:40 - [MESSAGE][PASSED] - Delayed 5 second(s)

2018-10-17 11:04:40 - [MESSAGE][PASSED] - beautytap.ShopAction.addProductToCart is PASSED

2018-10-17 11:04:40 - [TEST_STEP][PASSED] - beautytap.ShopAction.VerifyNumberItemInCart: Keyword VerifyNumberItemInCart is Passed, Number item in cart is 8, expected is 8

2018-10-17 11:04:41 - [MESSAGE][PASSED] - Object '' is present

2018-10-17 11:04:41 - [MESSAGE][PASSED] - Text of object '' is: '8'

2018-10-17 11:04:41 - [MESSAGE][PASSED] - Keyword VerifyNumberItemInCart is Passed, Number item in cart is 8, expected is 8

2018-10-17 11:04:41 - [TEST_STEP][PASSED] - beautytap.ShopAction.VerifyProductIsAddedToCart: beautytap.ShopAction.VerifyProductIsAddedToCart is PASSED

2018-10-17 11:04:41 - [MESSAGE][PASSED] - Object '' is present

2018-10-17 11:04:41 - [MESSAGE][PASSED] - beautytap.ShopAction.VerifyProductIsAddedToCart is PASSED

2018-10-17 11:04:41 - [TEST_STEP][PASSED] - beautytap.ShopAction.goToCart: beautytap.ShopAction.goToCart is PASSED

2018-10-17 11:04:41 - [MESSAGE][PASSED] - Object 'Object Repository/Page_General/icon_cart' is present

2018-10-17 11:04:47 - [MESSAGE][PASSED] - Object: 'Object Repository/Page_General/icon_cart' is clicked on

2018-10-17 11:04:47 - [MESSAGE][PASSED] - Wait for page load successfully

2018-10-17 11:04:47 - [MESSAGE][PASSED] - beautytap.ShopAction.goToCart is PASSED

2018-10-17 11:04:47 - [TEST_STEP][PASSED] - beautytap.ShopAction.VerifyProductInCart: Keyword VerifyProductInCart is Passed

2018-10-17 11:04:47 - [MESSAGE][PASSED] - Object '' is present

2018-10-17 11:04:47 - [MESSAGE][PASSED] - Object '' is present

2018-10-17 11:04:47 - [MESSAGE][PASSED] - Text of object '' is: '$26.70'

2018-10-17 11:04:47 - [MESSAGE][PASSED] - Attribute 'value' of object '' is: '8'

2018-10-17 11:04:47 - [MESSAGE][PASSED] - Text of object '' is: '$213.60'

2018-10-17 11:04:47 - [MESSAGE][PASSED] - Keyword VerifyProductInCart is Passed

2018-10-17 11:04:47 - [TEST_STEP][PASSED] - beautytap.ShopAction.processToCheckout: beautytap.ShopAction.processToCheckout is PASSED

2018-10-17 11:04:54 - [MESSAGE][PASSED] - Object: 'Object Repository/Page_Cart/btn_checkout' is clicked on

2018-10-17 11:04:54 - [MESSAGE][PASSED] - Wait for page load successfully

2018-10-17 11:04:54 - [MESSAGE][PASSED] - beautytap.ShopAction.processToCheckout is PASSED

2018-10-17 11:04:54 - [TEST_STEP][PASSED] - beautytap.ShopAction.loginAmazonPay: beautytap.ShopAction.loginAmazonPay is PASSED

2018-10-17 11:04:54 - [MESSAGE][PASSED] - Object: 'Object Repository/Page_Checkout/btn_amazonPay' is clicked on

2018-10-17 11:04:54 - [MESSAGE][PASSED] - Switched to window with index: '1'

2018-10-17 11:04:56 - [MESSAGE][PASSED] - Object 'Object Repository/Popup_Amazon/txt_email' is present

2018-10-17 11:04:56 - [MESSAGE][PASSED] - Text of object 'Object Repository/Popup_Amazon/txt_email' is cleared

2018-10-17 11:04:56 - [MESSAGE][PASSED] - Keys 'amazontest1503@yopmail.com' sent to object: 'Object Repository/Popup_Amazon/txt_email'

2018-10-17 11:04:56 - [MESSAGE][PASSED] - Text of object 'Object Repository/Popup_Amazon/txt_password' is cleared

2018-10-17 11:04:56 - [MESSAGE][PASSED] - Keys '123456' sent to object: 'Object Repository/Popup_Amazon/txt_password'

2018-10-17 11:04:59 - [MESSAGE][PASSED] - Object: 'Object Repository/Popup_Amazon/btn_signin' is clicked on

2018-10-17 11:04:59 - [MESSAGE][PASSED] - Switched to window with index: '0'

2018-10-17 11:05:29 - [MESSAGE][PASSED] - Delayed 30 second(s)

2018-10-17 11:05:29 - [MESSAGE][PASSED] - beautytap.ShopAction.loginAmazonPay is PASSED

2018-10-17 11:05:29 - [TEST_STEP][PASSED] - beautytap.ShopAction.selectAmazonPayAddress: beautytap.ShopAction.selectAmazonPayAddress is PASSED

2018-10-17 11:05:29 - [MESSAGE][PASSED] - Object '' is present

2018-10-17 11:05:29 - [MESSAGE][PASSED] - Text of object '' is: 'trang n. South La Brea Ave, Los Angeles, ca, 90016, United States'

2018-10-17 11:05:30 - [MESSAGE][PASSED] - Object '' is present

2018-10-17 11:05:30 - [MESSAGE][PASSED] - Text of object '' is: 'Trang N. CMT8 Floor 9th, toroto, 3, 70000, United States Minor Outlying Islands'

2018-10-17 11:05:30 - [MESSAGE][PASSED] - Object '' is present

2018-10-17 11:05:30 - [MESSAGE][PASSED] - Text of object '' is: 'Trang N. CMT8 Floor 9th, Hochiminh, 3, 700000, Vietnam'

2018-10-17 11:05:30 - [MESSAGE][PASSED] - Object: '' is clicked on

2018-10-17 11:05:35 - [MESSAGE][PASSED] - Delayed 5 second(s)

2018-10-17 11:05:35 - [MESSAGE][PASSED] - Switched to window with index: '0'

2018-10-17 11:05:35 - [MESSAGE][PASSED] - beautytap.ShopAction.selectAmazonPayAddress is PASSED

2018-10-17 11:05:35 - [TEST_STEP][PASSED] - beautytap.ShopAction.VerifyOrderDetailsOnCheckout: Keyword VerifyOrderDetailsOnCheckout is Passed

2018-10-17 11:05:35 - [MESSAGE][PASSED] - Object '' is present

2018-10-17 11:05:35 - [MESSAGE][PASSED] - Text of object '' is: '$213.60'

2018-10-17 11:05:35 - [MESSAGE][PASSED] - Text of object '' is: 'Free EMS shipping (over $200)
Why does shipping take this long?'

2018-10-17 11:05:35 - [MESSAGE][PASSED] - Text of object '' is: '$213.60'

2018-10-17 11:05:35 - [MESSAGE][PASSED] - Keyword VerifyOrderDetailsOnCheckout is Passed

2018-10-17 11:05:35 - [TEST_STEP][PASSED] - beautytap.ShopAction.checkoutViaAmazonPay: beautytap.ShopAction.checkoutViaAmazonPay is PASSED

2018-10-17 11:05:35 - [MESSAGE][PASSED] - Object 'Object Repository/Page_Checkout/chk_terms' is clickable

2018-10-17 11:05:35 - [MESSAGE][PASSED] - Object 'Object Repository/Page_Checkout/chk_terms' is checked

2018-10-17 11:05:36 - [MESSAGE][PASSED] - Object: 'Object Repository/Page_Checkout/btn_placeOrder' is clicked on

2018-10-17 11:05:51 - [MESSAGE][PASSED] - Object 'Object Repository/Page_Checkout/lbl_orderReceived' is present

2018-10-17 11:05:51 - [MESSAGE][PASSED] - beautytap.ShopAction.checkoutViaAmazonPay is PASSED

2018-10-17 11:05:51 - [TEST_STEP][PASSED] - beautytap.ShopAction.VerifyOrderReceivedDetails: Keyword VerifyOrderReceivedDetails is Passed

2018-10-17 11:05:51 - [MESSAGE][PASSED] - Object '' is present

2018-10-17 11:05:51 - [MESSAGE][PASSED] - Text of object '' is: '$213.60'

2018-10-17 11:05:51 - [MESSAGE][PASSED] - Text of object '' is: 'Free EMS shipping (over $200)'

2018-10-17 11:05:57 - [MESSAGE][WARNING] - com.kms.katalon.core.webui.exception.WebElementNotFoundException: Web element with id: '' located by 'By.xpath: //th[text()='Shipping:']/parent::tr/td/span' not found
[[ATTACHMENT|E:\\BeautytapAutomation\\beautytapAuto\\Beautytap\\Reports\\Regression\\20181017_102608\\1539749157115.png]]

2018-10-17 11:05:57 - [MESSAGE][PASSED] - Text of object '' is: 'Amazon Pay'

2018-10-17 11:05:57 - [MESSAGE][PASSED] - Text of object '' is: '$213.60'

2018-10-17 11:05:57 - [MESSAGE][PASSED] - Keyword VerifyOrderReceivedDetails is Passed

2018-10-17 11:05:57 - [TEST_STEP][PASSED] - closeBrowser: Browser is closed

2018-10-17 11:05:58 - [MESSAGE][PASSED] - Browser is closed]]></system-out>
         <system-err><![CDATA[]]></system-err>
      </testcase>
      <testcase name="Test Cases/Shop/TC05_Browse_SimpleProduct_NotSale_PayPal_GreaterThan60LessThan200" classname="Test Cases/Shop/TC05_Browse_SimpleProduct_NotSale_PayPal_GreaterThan60LessThan200" status="PASSED">
         <system-out><![CDATA[2018-10-17 11:06:00 - [TEST_CASE][PASSED] - Test Cases/Shop/TC05_Browse_SimpleProduct_NotSale_PayPal_GreaterThan60LessThan200: Test Cases/Shop/TC05_Browse_SimpleProduct_NotSale_PayPal_GreaterThan60LessThan200

2018-10-17 11:06:00 - [TEST_STEP][PASSED] - Statement - productName = SIMPLE_PRODUCT: null

2018-10-17 11:06:00 - [TEST_STEP][PASSED] - Statement - price = SIMPLE_PRODUCT_PRICE: null

2018-10-17 11:06:01 - [TEST_STEP][PASSED] - Statement - r_string = new java.lang.Math().random().toString().substring(2, 8): null

2018-10-17 11:06:01 - [TEST_STEP][PASSED] - Statement - email = "auto" + r_string + "@mailinator.com": null

2018-10-17 11:06:01 - [TEST_STEP][PASSED] - Statement - orderNote = "auto" + r_string + "Order": null

2018-10-17 11:06:01 - [TEST_STEP][PASSED] - Statement - currentNumberItemInCart = <not implemented yet for class: org.codehaus.groovy.ast.expr.EmptyExpression>: null

2018-10-17 11:06:01 - [TEST_STEP][PASSED] - Statement - quantity = 3: null

2018-10-17 11:06:01 - [TEST_STEP][PASSED] - Statement - subtotal = CustomKeywords.beautytap.ShopAction.calculateTotal(quantity, price): beautytap.ShopAction.calculateTotal is PASSED

2018-10-17 11:06:01 - [MESSAGE][PASSED] - beautytap.ShopAction.calculateTotal is PASSED

2018-10-17 11:06:01 - [TEST_STEP][PASSED] - Statement - total = subtotal: null

2018-10-17 11:06:01 - [TEST_STEP][PASSED] - Statement - total = CustomKeywords.beautytap.ShopAction.calculateTotal(1, total): beautytap.ShopAction.calculateTotal is PASSED

2018-10-17 11:06:01 - [MESSAGE][PASSED] - beautytap.ShopAction.calculateTotal is PASSED

2018-10-17 11:06:01 - [TEST_STEP][PASSED] - Statement - products = new org.json.JSONArray((((((([{"productname":" + productName) + ","variation":"","quantity":") + quantity) + ","price":") + price) + "}])): null

2018-10-17 11:06:01 - [TEST_STEP][PASSED] - Statement - billingInformation = new org.json.JSONObject((({"firstname":"Test","lastname":"Automation","country":"United States (US)","address":"123 Testing","city":"New York","state":"New York","zip":"90012","email":" + email) + "})): null

2018-10-17 11:06:01 - [TEST_STEP][PASSED] - Statement - shippingLabel = FREE_SHIPPING_LABEL: null

2018-10-17 11:06:01 - [TEST_STEP][PASSED] - Statement - shippingPrice = 0: null

2018-10-17 11:06:01 - [TEST_STEP][PASSED] - Statement - shippingType = "free": null

2018-10-17 11:06:01 - [TEST_STEP][PASSED] - Statement - paymentMethod = "PayPal": null

2018-10-17 11:06:01 - [TEST_STEP][PASSED] - Statement - category = "What's New": null

2018-10-17 11:06:01 - [TEST_STEP][PASSED] - beautytap.GeneralAction.openBeautytap: beautytap.GeneralAction.openBeautytap is PASSED

2018-10-17 11:06:19 - [MESSAGE][PASSED] - Browser is opened with url: 'https://stage.beautytap.com'

2018-10-17 11:06:20 - [MESSAGE][PASSED] - Current window maximized

2018-10-17 11:06:32 - [MESSAGE][PASSED] - Refresh successfully

2018-10-17 11:06:32 - [MESSAGE][PASSED] - Wait for page load successfully

2018-10-17 11:06:32 - [MESSAGE][PASSED] - beautytap.GeneralAction.openBeautytap is PASSED

2018-10-17 11:06:32 - [TEST_STEP][PASSED] - beautytap.ShopAction.selectCategory: beautytap.ShopAction.selectCategory is PASSED

2018-10-17 11:06:45 - [MESSAGE][PASSED] - Object: '' is clicked on

2018-10-17 11:06:45 - [MESSAGE][PASSED] - Wait for page load successfully

2018-10-17 11:06:45 - [MESSAGE][PASSED] - beautytap.ShopAction.selectCategory is PASSED

2018-10-17 11:06:45 - [TEST_STEP][PASSED] - beautytap.ShopAction.findProductOnProductList: beautytap.ShopAction.findProductOnProductList is PASSED

2018-10-17 11:06:45 - [MESSAGE][PASSED] - Text of object '' is: '77'

2018-10-17 11:06:51 - [MESSAGE][WARNING] - com.kms.katalon.core.webui.exception.WebElementNotFoundException: Web element with id: '' located by 'By.xpath: //a[text()='La Muse Correct Care Complete Cushion SPF50+']' not found
[[ATTACHMENT|E:\\BeautytapAutomation\\beautytapAuto\\Beautytap\\Reports\\Regression\\20181017_102608\\1539749211189.png]]

2018-10-17 11:07:04 - [MESSAGE][PASSED] - Object: '' is clicked on

2018-10-17 11:07:04 - [MESSAGE][PASSED] - Wait for page load successfully

2018-10-17 11:07:10 - [MESSAGE][WARNING] - com.kms.katalon.core.webui.exception.WebElementNotFoundException: Web element with id: '' located by 'By.xpath: //a[text()='La Muse Correct Care Complete Cushion SPF50+']' not found
[[ATTACHMENT|E:\\BeautytapAutomation\\beautytapAuto\\Beautytap\\Reports\\Regression\\20181017_102608\\1539749230222.png]]

2018-10-17 11:07:22 - [MESSAGE][PASSED] - Object: '' is clicked on

2018-10-17 11:07:22 - [MESSAGE][PASSED] - Wait for page load successfully

2018-10-17 11:07:22 - [MESSAGE][PASSED] - Object '' is present

2018-10-17 11:07:22 - [MESSAGE][PASSED] - beautytap.ShopAction.findProductOnProductList is PASSED

2018-10-17 11:07:22 - [TEST_STEP][PASSED] - beautytap.ShopAction.VerifyProductOnProductList: Keyword VerifyProductOnProductList is Passed

2018-10-17 11:07:22 - [MESSAGE][PASSED] - Object '' is present

2018-10-17 11:07:22 - [MESSAGE][PASSED] - Text of object '' is: '$31.80'

2018-10-17 11:07:22 - [MESSAGE][PASSED] - Get CSS 'color' value on '' successfully: 'rgba(255, 35, 134, 1)'.

2018-10-17 11:07:22 - [MESSAGE][PASSED] - Get CSS 'color' value on '' successfully: 'rgba(255, 35, 134, 1)'.

2018-10-17 11:07:22 - [MESSAGE][PASSED] - Keyword VerifyProductOnProductList is Passed

2018-10-17 11:07:22 - [TEST_STEP][PASSED] - beautytap.ShopAction.selectProductOnProductList: beautytap.ShopAction.selectProductOnProductList is PASSED

2018-10-17 11:07:32 - [MESSAGE][PASSED] - Object: '' is clicked on

2018-10-17 11:07:32 - [MESSAGE][PASSED] - Wait for page load successfully

2018-10-17 11:07:32 - [MESSAGE][PASSED] - beautytap.ShopAction.selectProductOnProductList is PASSED

2018-10-17 11:07:32 - [TEST_STEP][PASSED] - beautytap.ShopAction.VerifyProductDetails: Keyword VerifyProductDetails is Passed

2018-10-17 11:07:32 - [MESSAGE][PASSED] - Text of object '' is: 'La Muse Correct Care Complete Cushion SPF50+'

2018-10-17 11:07:32 - [MESSAGE][PASSED] - Text of object '' is: '$31.80'

2018-10-17 11:07:32 - [MESSAGE][PASSED] - Get CSS 'color' value on '' successfully: 'rgba(255, 35, 134, 1)'.

2018-10-17 11:07:32 - [MESSAGE][PASSED] - Keyword VerifyProductDetails is Passed

2018-10-17 11:07:32 - [TEST_STEP][PASSED] - Statement - currentNumberItemInCart = CustomKeywords.beautytap.ShopAction.getNumberItemInCart(): beautytap.ShopAction.getNumberItemInCart is PASSED

2018-10-17 11:07:38 - [MESSAGE][WARNING] - com.kms.katalon.core.webui.exception.WebElementNotFoundException: Web element with id: '' located by 'By.xpath: //div[@class='header-right-top pull-right']/a[@class='shop-cart']/span[@class='number-cart']' not found
[[ATTACHMENT|E:\\BeautytapAutomation\\beautytapAuto\\Beautytap\\Reports\\Regression\\20181017_102608\\1539749257780.png]]

2018-10-17 11:07:38 - [MESSAGE][PASSED] - beautytap.ShopAction.getNumberItemInCart is PASSED

2018-10-17 11:07:38 - [TEST_STEP][PASSED] - beautytap.ShopAction.addProductToCart: beautytap.ShopAction.addProductToCart is PASSED

2018-10-17 11:07:38 - [MESSAGE][PASSED] - Text of object 'Object Repository/Page_Shop/txt_quantity' is cleared

2018-10-17 11:07:38 - [MESSAGE][PASSED] - Keys '3' sent to object: 'Object Repository/Page_Shop/txt_quantity'

2018-10-17 11:07:38 - [MESSAGE][PASSED] - Object: 'Object Repository/Page_Shop/btn_addToCart' is clicked on

2018-10-17 11:07:38 - [MESSAGE][PASSED] - Wait for page load successfully

2018-10-17 11:07:47 - [MESSAGE][PASSED] - Object 'Object Repository/Page_Shop/lbl_message' is present

2018-10-17 11:07:52 - [MESSAGE][PASSED] - Delayed 5 second(s)

2018-10-17 11:07:52 - [MESSAGE][PASSED] - beautytap.ShopAction.addProductToCart is PASSED

2018-10-17 11:07:52 - [TEST_STEP][PASSED] - beautytap.ShopAction.VerifyNumberItemInCart: Keyword VerifyNumberItemInCart is Passed, Number item in cart is 3, expected is 3

2018-10-17 11:07:52 - [MESSAGE][PASSED] - Object '' is present

2018-10-17 11:07:52 - [MESSAGE][PASSED] - Text of object '' is: '3'

2018-10-17 11:07:52 - [MESSAGE][PASSED] - Keyword VerifyNumberItemInCart is Passed, Number item in cart is 3, expected is 3

2018-10-17 11:07:52 - [TEST_STEP][PASSED] - beautytap.ShopAction.VerifyProductIsAddedToCart: beautytap.ShopAction.VerifyProductIsAddedToCart is PASSED

2018-10-17 11:07:52 - [MESSAGE][PASSED] - Object '' is present

2018-10-17 11:07:52 - [MESSAGE][PASSED] - beautytap.ShopAction.VerifyProductIsAddedToCart is PASSED

2018-10-17 11:07:52 - [TEST_STEP][PASSED] - beautytap.ShopAction.goToCart: beautytap.ShopAction.goToCart is PASSED

2018-10-17 11:07:52 - [MESSAGE][PASSED] - Object 'Object Repository/Page_General/icon_cart' is present

2018-10-17 11:07:58 - [MESSAGE][PASSED] - Object: 'Object Repository/Page_General/icon_cart' is clicked on

2018-10-17 11:07:58 - [MESSAGE][PASSED] - Wait for page load successfully

2018-10-17 11:07:58 - [MESSAGE][PASSED] - beautytap.ShopAction.goToCart is PASSED

2018-10-17 11:07:58 - [TEST_STEP][PASSED] - beautytap.ShopAction.VerifyProductInCart: Keyword VerifyProductInCart is Passed

2018-10-17 11:07:58 - [MESSAGE][PASSED] - Object '' is present

2018-10-17 11:07:58 - [MESSAGE][PASSED] - Object '' is present

2018-10-17 11:07:58 - [MESSAGE][PASSED] - Text of object '' is: '$31.80'

2018-10-17 11:07:58 - [MESSAGE][PASSED] - Attribute 'value' of object '' is: '3'

2018-10-17 11:07:58 - [MESSAGE][PASSED] - Text of object '' is: '$95.40'

2018-10-17 11:07:58 - [MESSAGE][PASSED] - Keyword VerifyProductInCart is Passed

2018-10-17 11:07:58 - [TEST_STEP][PASSED] - beautytap.ShopAction.processToCheckout: beautytap.ShopAction.processToCheckout is PASSED

2018-10-17 11:08:04 - [MESSAGE][PASSED] - Object: 'Object Repository/Page_Cart/btn_checkout' is clicked on

2018-10-17 11:08:04 - [MESSAGE][PASSED] - Wait for page load successfully

2018-10-17 11:08:04 - [MESSAGE][PASSED] - beautytap.ShopAction.processToCheckout is PASSED

2018-10-17 11:08:04 - [TEST_STEP][PASSED] - beautytap.ShopAction.fillCustomerInformation: beautytap.ShopAction.fillCustomerInformation is PASSED

2018-10-17 11:08:04 - [MESSAGE][PASSED] - Text of object 'Object Repository/Page_Checkout/txt_billingFirstName' is cleared

2018-10-17 11:08:04 - [MESSAGE][PASSED] - Keys 'Test' sent to object: 'Object Repository/Page_Checkout/txt_billingFirstName'

2018-10-17 11:08:04 - [MESSAGE][PASSED] - Text of object 'Object Repository/Page_Checkout/txt_billingLastName' is cleared

2018-10-17 11:08:04 - [MESSAGE][PASSED] - Keys 'Automation' sent to object: 'Object Repository/Page_Checkout/txt_billingLastName'

2018-10-17 11:08:05 - [MESSAGE][PASSED] - All options with label 'United States (US)' are selected in object 'Object Repository/Page_Checkout/drop_billingCountry' 

2018-10-17 11:08:10 - [MESSAGE][PASSED] - Delayed 5 second(s)

2018-10-17 11:08:10 - [MESSAGE][PASSED] - Text of object 'Object Repository/Page_Checkout/txt_billingAddress' is cleared

2018-10-17 11:08:10 - [MESSAGE][PASSED] - Keys '123 Testing' sent to object: 'Object Repository/Page_Checkout/txt_billingAddress'

2018-10-17 11:08:10 - [MESSAGE][PASSED] - Text of object 'Object Repository/Page_Checkout/txt_billingCity' is cleared

2018-10-17 11:08:11 - [MESSAGE][PASSED] - Keys 'New York' sent to object: 'Object Repository/Page_Checkout/txt_billingCity'

2018-10-17 11:08:11 - [MESSAGE][PASSED] - All options with label 'New York' are selected in object 'Object Repository/Page_Checkout/drop_billingState' 

2018-10-17 11:08:11 - [MESSAGE][PASSED] - Text of object 'Object Repository/Page_Checkout/txt_billingZip' is cleared

2018-10-17 11:08:11 - [MESSAGE][PASSED] - Keys '90012' sent to object: 'Object Repository/Page_Checkout/txt_billingZip'

2018-10-17 11:08:11 - [MESSAGE][PASSED] - Text of object 'Object Repository/Page_Checkout/txt_billingEmail' is cleared

2018-10-17 11:08:12 - [MESSAGE][PASSED] - Keys 'auto778332@mailinator.com' sent to object: 'Object Repository/Page_Checkout/txt_billingEmail'

2018-10-17 11:08:12 - [MESSAGE][PASSED] - Object 'Object Repository/Page_Checkout/chk_shipToDifferentAddress' is un-checked

2018-10-17 11:08:12 - [MESSAGE][PASSED] - Text of object 'Object Repository/Page_Checkout/txt_orderNote' is cleared

2018-10-17 11:08:12 - [MESSAGE][PASSED] - Keys 'auto778332Order' sent to object: 'Object Repository/Page_Checkout/txt_orderNote'

2018-10-17 11:08:13 - [MESSAGE][PASSED] - Object 'Object Repository/Page_Checkout/radio_creditCard' is checked

2018-10-17 11:08:18 - [MESSAGE][PASSED] - Delayed 5 second(s)

2018-10-17 11:08:18 - [MESSAGE][PASSED] - beautytap.ShopAction.fillCustomerInformation is PASSED

2018-10-17 11:08:18 - [TEST_STEP][PASSED] - beautytap.ShopAction.VerifyOrderDetailsOnCheckout: Keyword VerifyOrderDetailsOnCheckout is Passed

2018-10-17 11:08:18 - [MESSAGE][PASSED] - Object '' is present

2018-10-17 11:08:18 - [MESSAGE][PASSED] - Text of object '' is: '$95.40'

2018-10-17 11:08:18 - [MESSAGE][PASSED] - Text of object '' is: 'Free shipping for orders over $70
Why does shipping take this long?'

2018-10-17 11:08:18 - [MESSAGE][PASSED] - Text of object '' is: '$95.40'

2018-10-17 11:08:18 - [MESSAGE][PASSED] - Keyword VerifyOrderDetailsOnCheckout is Passed

2018-10-17 11:08:18 - [TEST_STEP][PASSED] - beautytap.ShopAction.checkoutViaPaypal: beautytap.ShopAction.checkoutViaPaypal is PASSED

2018-10-17 11:08:18 - [MESSAGE][PASSED] - Object 'Object Repository/Page_Checkout/radio_paypal' is checked

2018-10-17 11:08:23 - [MESSAGE][PASSED] - Delayed 5 second(s)

2018-10-17 11:08:23 - [MESSAGE][PASSED] - Object 'Object Repository/Page_Checkout/chk_terms' is checked

2018-10-17 11:08:23 - [MESSAGE][PASSED] - Object: 'Object Repository/Page_Checkout/btn_placeOrder' is clicked on

2018-10-17 11:08:31 - [MESSAGE][PASSED] - Object 'Object Repository/Page_Paypal/txt_email' is present

2018-10-17 11:08:31 - [MESSAGE][PASSED] - Text of object 'Object Repository/Page_Paypal/txt_email' is cleared

2018-10-17 11:08:32 - [MESSAGE][PASSED] - Keys 'g1.posiba@gmail.com' sent to object: 'Object Repository/Page_Paypal/txt_email'

2018-10-17 11:08:32 - [MESSAGE][PASSED] - Text of object 'Object Repository/Page_Paypal/txt_password' is cleared

2018-10-17 11:08:32 - [MESSAGE][PASSED] - Keys 'Tr@ng99%' sent to object: 'Object Repository/Page_Paypal/txt_password'

2018-10-17 11:08:43 - [MESSAGE][PASSED] - Object: 'Object Repository/Page_Paypal/btn_login' is clicked on

2018-10-17 11:08:46 - [MESSAGE][PASSED] - Object 'Object Repository/Page_Paypal/btn_payNow' is present

2018-10-17 11:08:51 - [MESSAGE][PASSED] - Delayed 5 second(s)

2018-10-17 11:08:51 - [MESSAGE][PASSED] - Object: 'Object Repository/Page_Paypal/btn_payNow' is clicked on

2018-10-17 11:09:04 - [MESSAGE][PASSED] - Object 'Object Repository/Page_Checkout/lbl_orderReceived' is present

2018-10-17 11:09:04 - [MESSAGE][PASSED] - beautytap.ShopAction.checkoutViaPaypal is PASSED

2018-10-17 11:09:04 - [TEST_STEP][PASSED] - beautytap.ShopAction.VerifyOrderReceivedDetails: Keyword VerifyOrderReceivedDetails is Passed

2018-10-17 11:09:04 - [MESSAGE][PASSED] - Object '' is present

2018-10-17 11:09:05 - [MESSAGE][PASSED] - Text of object '' is: '$95.40'

2018-10-17 11:09:05 - [MESSAGE][PASSED] - Text of object '' is: 'Free shipping for orders over $70'

2018-10-17 11:09:10 - [MESSAGE][WARNING] - com.kms.katalon.core.webui.exception.WebElementNotFoundException: Web element with id: '' located by 'By.xpath: //th[text()='Shipping:']/parent::tr/td/span' not found
[[ATTACHMENT|E:\\BeautytapAutomation\\beautytapAuto\\Beautytap\\Reports\\Regression\\20181017_102608\\1539749350327.png]]

2018-10-17 11:09:10 - [MESSAGE][PASSED] - Text of object '' is: 'PayPal'

2018-10-17 11:09:10 - [MESSAGE][PASSED] - Text of object '' is: '$95.40'

2018-10-17 11:09:10 - [MESSAGE][PASSED] - Keyword VerifyOrderReceivedDetails is Passed

2018-10-17 11:09:10 - [TEST_STEP][PASSED] - closeBrowser: Browser is closed

2018-10-17 11:09:11 - [MESSAGE][PASSED] - Browser is closed]]></system-out>
         <system-err><![CDATA[]]></system-err>
      </testcase>
      <testcase name="Test Cases/Shop/TC06_Browse_VariationProduct_Sale_AmazonPayAtCart_LessThan60_EMS" classname="Test Cases/Shop/TC06_Browse_VariationProduct_Sale_AmazonPayAtCart_LessThan60_EMS" status="PASSED">
         <system-out><![CDATA[2018-10-17 11:09:13 - [TEST_CASE][PASSED] - Test Cases/Shop/TC06_Browse_VariationProduct_Sale_AmazonPayAtCart_LessThan60_EMS: Test Cases/Shop/TC06_Browse_VariationProduct_Sale_AmazonPayAtCart_LessThan60_EMS

2018-10-17 11:09:14 - [TEST_STEP][PASSED] - Statement - productName = VARIATION_SALE_PRODUCT: null

2018-10-17 11:09:14 - [TEST_STEP][PASSED] - Statement - saleprice = VARIATION_SALE_PRICE1: null

2018-10-17 11:09:14 - [TEST_STEP][PASSED] - Statement - redularprice = VARIATION_SALE_REGULAR_PRICE1: null

2018-10-17 11:09:14 - [TEST_STEP][PASSED] - Statement - variation = VARIATION_SALE_NAME1: null

2018-10-17 11:09:14 - [TEST_STEP][PASSED] - Statement - r_string = new java.lang.Math().random().toString().substring(2, 8): null

2018-10-17 11:09:14 - [TEST_STEP][PASSED] - Statement - email = "auto" + r_string + "@mailinator.com": null

2018-10-17 11:09:14 - [TEST_STEP][PASSED] - Statement - orderNote = "auto" + r_string + "Order": null

2018-10-17 11:09:14 - [TEST_STEP][PASSED] - Statement - currentNumberItemInCart = <not implemented yet for class: org.codehaus.groovy.ast.expr.EmptyExpression>: null

2018-10-17 11:09:14 - [TEST_STEP][PASSED] - Statement - quantity = 5: null

2018-10-17 11:09:14 - [TEST_STEP][PASSED] - Statement - shippingLabel = SHIPPING_LABEL: null

2018-10-17 11:09:14 - [TEST_STEP][PASSED] - Statement - shippingPrice = SHIPPING_PRICE: null

2018-10-17 11:09:14 - [TEST_STEP][PASSED] - Statement - subtotal = CustomKeywords.beautytap.ShopAction.calculateTotal(quantity, saleprice): beautytap.ShopAction.calculateTotal is PASSED

2018-10-17 11:09:14 - [MESSAGE][PASSED] - beautytap.ShopAction.calculateTotal is PASSED

2018-10-17 11:09:14 - [TEST_STEP][PASSED] - Statement - total = subtotal + shippingPrice: null

2018-10-17 11:09:14 - [TEST_STEP][PASSED] - Statement - total = CustomKeywords.beautytap.ShopAction.calculateTotal(1, total): beautytap.ShopAction.calculateTotal is PASSED

2018-10-17 11:09:14 - [MESSAGE][PASSED] - beautytap.ShopAction.calculateTotal is PASSED

2018-10-17 11:09:14 - [TEST_STEP][PASSED] - Statement - products = new org.json.JSONArray((((((((([{"productname":" + productName) + ","variation":") + variation) + ","quantity":") + quantity) + ","price":") + saleprice) + "}])): null

2018-10-17 11:09:14 - [TEST_STEP][PASSED] - Statement - billingInformation = new org.json.JSONObject((({"firstname":"Test","lastname":"Automation","country":"United States (US)","address":"123 Testing","city":"New York","state":"New York","zip":"90012","email":" + email) + "})): null

2018-10-17 11:09:14 - [TEST_STEP][PASSED] - Statement - shippingType = "normal": null

2018-10-17 11:09:14 - [TEST_STEP][PASSED] - Statement - paymentMethod = "Amazon Pay": null

2018-10-17 11:09:14 - [TEST_STEP][PASSED] - Statement - category = "Brands": null

2018-10-17 11:09:14 - [TEST_STEP][PASSED] - Statement - subcategory = "Innisfree": null

2018-10-17 11:09:14 - [TEST_STEP][PASSED] - beautytap.GeneralAction.openBeautytap: beautytap.GeneralAction.openBeautytap is PASSED

2018-10-17 11:09:43 - [MESSAGE][PASSED] - Browser is opened with url: 'https://stage.beautytap.com'

2018-10-17 11:09:44 - [MESSAGE][PASSED] - Current window maximized

2018-10-17 11:09:51 - [MESSAGE][PASSED] - Refresh successfully

2018-10-17 11:09:51 - [MESSAGE][PASSED] - Wait for page load successfully

2018-10-17 11:09:51 - [MESSAGE][PASSED] - beautytap.GeneralAction.openBeautytap is PASSED

2018-10-17 11:09:51 - [TEST_STEP][PASSED] - beautytap.ShopAction.selectCategory: beautytap.ShopAction.selectCategory is PASSED

2018-10-17 11:09:52 - [MESSAGE][PASSED] - Object: '' is clicked on

2018-10-17 11:09:54 - [MESSAGE][PASSED] - Delayed 2 second(s)

2018-10-17 11:10:14 - [MESSAGE][PASSED] - Object: '' is clicked on

2018-10-17 11:10:14 - [MESSAGE][PASSED] - Wait for page load successfully

2018-10-17 11:10:14 - [MESSAGE][PASSED] - beautytap.ShopAction.selectCategory is PASSED

2018-10-17 11:10:14 - [TEST_STEP][PASSED] - beautytap.ShopAction.findProductOnProductList: beautytap.ShopAction.findProductOnProductList is PASSED

2018-10-17 11:10:14 - [MESSAGE][PASSED] - Text of object '' is: '3'

2018-10-17 11:10:20 - [MESSAGE][WARNING] - com.kms.katalon.core.webui.exception.WebElementNotFoundException: Web element with id: '' located by 'By.xpath: //a[text()='Innisfree Eye Contouring Stick Round Shape 0.7g']' not found
[[ATTACHMENT|E:\\BeautytapAutomation\\beautytapAuto\\Beautytap\\Reports\\Regression\\20181017_102608\\1539749419805.png]]

2018-10-17 11:10:33 - [MESSAGE][PASSED] - Object: '' is clicked on

2018-10-17 11:10:33 - [MESSAGE][PASSED] - Wait for page load successfully

2018-10-17 11:10:34 - [MESSAGE][PASSED] - Object '' is present

2018-10-17 11:10:34 - [MESSAGE][PASSED] - beautytap.ShopAction.findProductOnProductList is PASSED

2018-10-17 11:10:34 - [TEST_STEP][PASSED] - beautytap.ShopAction.VerifyProductOnProductList: Keyword VerifyProductOnProductList is Passed

2018-10-17 11:10:34 - [MESSAGE][PASSED] - Object '' is present

2018-10-17 11:10:34 - [MESSAGE][PASSED] - Text of object '' is: '$4.95'

2018-10-17 11:10:34 - [MESSAGE][PASSED] - Get CSS 'color' value on '' successfully: 'rgba(255, 35, 134, 1)'.

2018-10-17 11:10:34 - [MESSAGE][PASSED] - Get CSS 'color' value on '' successfully: 'rgba(255, 35, 134, 1)'.

2018-10-17 11:10:34 - [MESSAGE][PASSED] - Text of object '' is: '$6.50'

2018-10-17 11:10:34 - [MESSAGE][PASSED] - Get CSS 'color' value on '' successfully: 'rgba(255, 35, 134, 1)'.

2018-10-17 11:10:34 - [MESSAGE][PASSED] - Get CSS 'color' value on '' successfully: 'rgba(255, 35, 134, 1)'.

2018-10-17 11:10:34 - [MESSAGE][PASSED] - Keyword VerifyProductOnProductList is Passed

2018-10-17 11:10:34 - [TEST_STEP][PASSED] - beautytap.ShopAction.selectProductOnProductList: beautytap.ShopAction.selectProductOnProductList is PASSED

2018-10-17 11:10:46 - [MESSAGE][PASSED] - Object: '' is clicked on

2018-10-17 11:10:46 - [MESSAGE][PASSED] - Wait for page load successfully

2018-10-17 11:10:46 - [MESSAGE][PASSED] - beautytap.ShopAction.selectProductOnProductList is PASSED

2018-10-17 11:10:46 - [TEST_STEP][PASSED] - beautytap.ShopAction.selectProductVariation: beautytap.ShopAction.selectProductVariation is PASSED

2018-10-17 11:10:46 - [MESSAGE][PASSED] - Object: 'Object Repository/Page_Shop/drop_chooseOption' is clicked on

2018-10-17 11:10:47 - [MESSAGE][PASSED] - Delayed 1 second(s)

2018-10-17 11:10:47 - [MESSAGE][PASSED] - Object: '' is clicked on

2018-10-17 11:10:47 - [MESSAGE][PASSED] - beautytap.ShopAction.selectProductVariation is PASSED

2018-10-17 11:10:47 - [TEST_STEP][PASSED] - beautytap.ShopAction.VerifyProductDetails: Keyword VerifyProductDetails is Passed

2018-10-17 11:10:48 - [MESSAGE][PASSED] - Text of object '' is: 'Innisfree Eye Contouring Stick Round Shape 0.7g'

2018-10-17 11:10:48 - [MESSAGE][PASSED] - All options with label '5' are selected in object 'Object Repository/Page_Shop/drop_chooseOption' 

2018-10-17 11:10:48 - [MESSAGE][PASSED] - Text of object '' is: '$6.50'

2018-10-17 11:10:48 - [MESSAGE][PASSED] - Get CSS 'color' value on '' successfully: 'rgba(195, 195, 195, 1)'.

2018-10-17 11:10:48 - [MESSAGE][PASSED] - Text of object '' is: '$4.95'

2018-10-17 11:10:48 - [MESSAGE][PASSED] - Get CSS 'color' value on '' successfully: 'rgba(255, 35, 134, 1)'.

2018-10-17 11:10:48 - [MESSAGE][PASSED] - Keyword VerifyProductDetails is Passed

2018-10-17 11:10:48 - [TEST_STEP][PASSED] - Statement - currentNumberItemInCart = CustomKeywords.beautytap.ShopAction.getNumberItemInCart(): beautytap.ShopAction.getNumberItemInCart is PASSED

2018-10-17 11:10:54 - [MESSAGE][WARNING] - com.kms.katalon.core.webui.exception.WebElementNotFoundException: Web element with id: '' located by 'By.xpath: //div[@class='header-right-top pull-right']/a[@class='shop-cart']/span[@class='number-cart']' not found
[[ATTACHMENT|E:\\BeautytapAutomation\\beautytapAuto\\Beautytap\\Reports\\Regression\\20181017_102608\\1539749454182.png]]

2018-10-17 11:10:54 - [MESSAGE][PASSED] - beautytap.ShopAction.getNumberItemInCart is PASSED

2018-10-17 11:10:54 - [TEST_STEP][PASSED] - beautytap.ShopAction.addProductToCart: beautytap.ShopAction.addProductToCart is PASSED

2018-10-17 11:10:54 - [MESSAGE][PASSED] - Text of object 'Object Repository/Page_Shop/txt_quantity' is cleared

2018-10-17 11:10:54 - [MESSAGE][PASSED] - Keys '5' sent to object: 'Object Repository/Page_Shop/txt_quantity'

2018-10-17 11:10:54 - [MESSAGE][PASSED] - Object: 'Object Repository/Page_Shop/btn_addToCart' is clicked on

2018-10-17 11:10:54 - [MESSAGE][PASSED] - Wait for page load successfully

2018-10-17 11:11:03 - [MESSAGE][PASSED] - Object 'Object Repository/Page_Shop/lbl_message' is present

2018-10-17 11:11:08 - [MESSAGE][PASSED] - Delayed 5 second(s)

2018-10-17 11:11:08 - [MESSAGE][PASSED] - beautytap.ShopAction.addProductToCart is PASSED

2018-10-17 11:11:08 - [TEST_STEP][PASSED] - beautytap.ShopAction.VerifyNumberItemInCart: Keyword VerifyNumberItemInCart is Passed, Number item in cart is 5, expected is 5

2018-10-17 11:11:08 - [MESSAGE][PASSED] - Object '' is present

2018-10-17 11:11:08 - [MESSAGE][PASSED] - Text of object '' is: '5'

2018-10-17 11:11:08 - [MESSAGE][PASSED] - Keyword VerifyNumberItemInCart is Passed, Number item in cart is 5, expected is 5

2018-10-17 11:11:08 - [TEST_STEP][PASSED] - beautytap.ShopAction.VerifyProductIsAddedToCart: beautytap.ShopAction.VerifyProductIsAddedToCart is PASSED

2018-10-17 11:11:08 - [MESSAGE][PASSED] - Object '' is present

2018-10-17 11:11:08 - [MESSAGE][PASSED] - beautytap.ShopAction.VerifyProductIsAddedToCart is PASSED

2018-10-17 11:11:08 - [TEST_STEP][PASSED] - beautytap.ShopAction.goToCart: beautytap.ShopAction.goToCart is PASSED

2018-10-17 11:11:08 - [MESSAGE][PASSED] - Object 'Object Repository/Page_General/icon_cart' is present

2018-10-17 11:11:15 - [MESSAGE][PASSED] - Object: 'Object Repository/Page_General/icon_cart' is clicked on

2018-10-17 11:11:15 - [MESSAGE][PASSED] - Wait for page load successfully

2018-10-17 11:11:15 - [MESSAGE][PASSED] - beautytap.ShopAction.goToCart is PASSED

2018-10-17 11:11:15 - [TEST_STEP][PASSED] - beautytap.ShopAction.VerifyProductInCart: Keyword VerifyProductInCart is Passed

2018-10-17 11:11:15 - [MESSAGE][PASSED] - Object '' is present

2018-10-17 11:11:15 - [MESSAGE][PASSED] - Object '' is present

2018-10-17 11:11:15 - [MESSAGE][PASSED] - Text of object '' is: '$4.95'

2018-10-17 11:11:15 - [MESSAGE][PASSED] - Attribute 'value' of object '' is: '5'

2018-10-17 11:11:15 - [MESSAGE][PASSED] - Text of object '' is: '$24.75'

2018-10-17 11:11:15 - [MESSAGE][PASSED] - Keyword VerifyProductInCart is Passed

2018-10-17 11:11:15 - [TEST_STEP][PASSED] - beautytap.ShopAction.loginAmazonPay: beautytap.ShopAction.loginAmazonPay is PASSED

2018-10-17 11:11:16 - [MESSAGE][PASSED] - Object: 'Object Repository/Page_Cart/btn_payWithAmazon' is clicked on

2018-10-17 11:11:16 - [MESSAGE][PASSED] - Switched to window with index: '1'

2018-10-17 11:11:17 - [MESSAGE][PASSED] - Object 'Object Repository/Popup_Amazon/txt_email' is present

2018-10-17 11:11:17 - [MESSAGE][PASSED] - Text of object 'Object Repository/Popup_Amazon/txt_email' is cleared

2018-10-17 11:11:17 - [MESSAGE][PASSED] - Keys 'amazontest1503@yopmail.com' sent to object: 'Object Repository/Popup_Amazon/txt_email'

2018-10-17 11:11:17 - [MESSAGE][PASSED] - Text of object 'Object Repository/Popup_Amazon/txt_password' is cleared

2018-10-17 11:11:18 - [MESSAGE][PASSED] - Keys '123456' sent to object: 'Object Repository/Popup_Amazon/txt_password'

2018-10-17 11:11:21 - [MESSAGE][PASSED] - Object: 'Object Repository/Popup_Amazon/btn_signin' is clicked on

2018-10-17 11:11:21 - [MESSAGE][PASSED] - Switched to window with index: '0'

2018-10-17 11:11:51 - [MESSAGE][PASSED] - Delayed 30 second(s)

2018-10-17 11:11:51 - [MESSAGE][PASSED] - beautytap.ShopAction.loginAmazonPay is PASSED

2018-10-17 11:11:51 - [TEST_STEP][PASSED] - beautytap.ShopAction.VerifyOrderDetailsOnCheckout: Keyword VerifyOrderDetailsOnCheckout is Passed

2018-10-17 11:11:51 - [MESSAGE][PASSED] - Object '' is present

2018-10-17 11:11:51 - [MESSAGE][PASSED] - Text of object '' is: '$24.75'

2018-10-17 11:11:51 - [MESSAGE][PASSED] - Text of object '' is: 'Spend $45.25 more & get FREE SHIPPING!
($25) - DHL flat rate shipping: $25.00
Why does shipping take this long?'

2018-10-17 11:11:51 - [MESSAGE][PASSED] - Text of object '' is: '$25.00'

2018-10-17 11:11:51 - [MESSAGE][PASSED] - Text of object '' is: '$49.75'

2018-10-17 11:11:51 - [MESSAGE][PASSED] - Keyword VerifyOrderDetailsOnCheckout is Passed

2018-10-17 11:11:51 - [TEST_STEP][PASSED] - beautytap.ShopAction.checkoutViaAmazonPay: beautytap.ShopAction.checkoutViaAmazonPay is PASSED

2018-10-17 11:11:51 - [MESSAGE][PASSED] - Object 'Object Repository/Page_Checkout/chk_terms' is clickable

2018-10-17 11:11:52 - [MESSAGE][PASSED] - Object 'Object Repository/Page_Checkout/chk_terms' is checked

2018-10-17 11:11:52 - [MESSAGE][PASSED] - Object: 'Object Repository/Page_Checkout/btn_placeOrder' is clicked on

2018-10-17 11:12:10 - [MESSAGE][PASSED] - Object 'Object Repository/Page_Checkout/lbl_orderReceived' is present

2018-10-17 11:12:10 - [MESSAGE][PASSED] - beautytap.ShopAction.checkoutViaAmazonPay is PASSED

2018-10-17 11:12:10 - [TEST_STEP][PASSED] - beautytap.ShopAction.VerifyOrderReceivedDetails: Keyword VerifyOrderReceivedDetails is Passed

2018-10-17 11:12:10 - [MESSAGE][PASSED] - Object '' is present

2018-10-17 11:12:10 - [MESSAGE][PASSED] - Text of object '' is: '$24.75'

2018-10-17 11:12:10 - [MESSAGE][PASSED] - Text of object '' is: '$25.00 via ($25) - DHL flat rate shipping'

2018-10-17 11:12:10 - [MESSAGE][PASSED] - Object '' is present

2018-10-17 11:12:10 - [MESSAGE][PASSED] - Text of object '' is: '$25.00'

2018-10-17 11:12:10 - [MESSAGE][PASSED] - Text of object '' is: 'Amazon Pay'

2018-10-17 11:12:10 - [MESSAGE][PASSED] - Text of object '' is: '$49.75'

2018-10-17 11:12:10 - [MESSAGE][PASSED] - Keyword VerifyOrderReceivedDetails is Passed

2018-10-17 11:12:10 - [TEST_STEP][PASSED] - closeBrowser: Browser is closed

2018-10-17 11:12:11 - [MESSAGE][PASSED] - Browser is closed]]></system-out>
         <system-err><![CDATA[]]></system-err>
      </testcase>
      <testcase name="Test Cases/Shop/TC11_HTTPS_Redirect" classname="Test Cases/Shop/TC11_HTTPS_Redirect" status="PASSED">
         <system-out><![CDATA[2018-10-17 11:12:13 - [TEST_CASE][PASSED] - Test Cases/Shop/TC11_HTTPS_Redirect: Test Cases/Shop/TC11_HTTPS_Redirect

2018-10-17 11:12:13 - [TEST_STEP][PASSED] - Statement - httpLink = SITE_URL: null

2018-10-17 11:12:13 - [TEST_STEP][PASSED] - Statement - httpLink = httpLink.replace("https", "http"): null

2018-10-17 11:12:13 - [TEST_STEP][PASSED] - Statement - httpsLink = SITE_URL: null

2018-10-17 11:12:14 - [TEST_STEP][PASSED] - beautytap.GeneralAction.openBeautytap: beautytap.GeneralAction.openBeautytap is PASSED

2018-10-17 11:12:29 - [MESSAGE][PASSED] - Browser is opened with url: 'http://stage.beautytap.com'

2018-10-17 11:12:30 - [MESSAGE][PASSED] - Current window maximized

2018-10-17 11:12:43 - [MESSAGE][PASSED] - Refresh successfully

2018-10-17 11:12:43 - [MESSAGE][PASSED] - Wait for page load successfully

2018-10-17 11:12:43 - [MESSAGE][PASSED] - beautytap.GeneralAction.openBeautytap is PASSED

2018-10-17 11:12:43 - [TEST_STEP][PASSED] - delay: Delayed 10 second(s)

2018-10-17 11:12:53 - [MESSAGE][PASSED] - Delayed 10 second(s)

2018-10-17 11:12:53 - [TEST_STEP][PASSED] - Statement - currentURL = com.kms.katalon.core.webui.keyword.WebUiBuiltInKeywords.getUrl(): Current window's url is: 'https://stage.beautytap.com/'

2018-10-17 11:12:53 - [MESSAGE][PASSED] - Current window's url is: 'https://stage.beautytap.com/'

2018-10-17 11:12:53 - [TEST_STEP][PASSED] - verifyMatch: Actual text 'https://stage.beautytap.com/' and expected text 'https://stage.beautytap.com.*' are matched  using regular expression

2018-10-17 11:12:53 - [MESSAGE][PASSED] - Actual text 'https://stage.beautytap.com/' and expected text 'https://stage.beautytap.com.*' are matched  using regular expression

2018-10-17 11:12:53 - [TEST_STEP][PASSED] - closeBrowser: Browser is closed

2018-10-17 11:12:54 - [MESSAGE][PASSED] - Browser is closed]]></system-out>
         <system-err><![CDATA[]]></system-err>
      </testcase>
      <system-out><![CDATA[2018-10-17 10:26:13 - [TEST_SUITE][PASSED] - Regression: Test Cases/Shop/TC11_HTTPS_Redirect]]></system-out>
      <system-err><![CDATA[]]></system-err>
   </testsuite>
</testsuites>
