<?xml version="1.0" encoding="UTF-8"?>
<testsuites name="Regression" time="3234" tests="9" failures="1" errors="0">
   <testsuite name="Regression" tests="9" failures="1" errors="0" time="3234" timestamp="2018-10-17 14:42:32" hostname="Trang Nguyen - DESKTOP-G1UHP65" id="Test Suites/Regression">
      <properties>
         <property name="deviceName" value=""/>
         <property name="devicePlatform" value=""/>
         <property name="logFolder" value="E:\\BeautytapAutomation\\beautytapAuto\\Beautytap\\Reports\\Regression\\20181017_144227"/>
         <property name="logFiles" value="E:\\BeautytapAutomation\\beautytapAuto\\Beautytap\\Reports\\Regression\\20181017_144227\\execution0.log"/>
         <property name="attachments" value="E:\\BeautytapAutomation\\beautytapAuto\\Beautytap\\Reports\\Regression\\20181017_144227\\1539762252916.png, E:\\BeautytapAutomation\\beautytapAuto\\Beautytap\\Reports\\Regression\\20181017_144227\\1539762364332.png, E:\\BeautytapAutomation\\beautytapAuto\\Beautytap\\Reports\\Regression\\20181017_144227\\1539762500269.png, E:\\BeautytapAutomation\\beautytapAuto\\Beautytap\\Reports\\Regression\\20181017_144227\\1539762536593.png, E:\\BeautytapAutomation\\beautytapAuto\\Beautytap\\Reports\\Regression\\20181017_144227\\1539762586342.png, E:\\BeautytapAutomation\\beautytapAuto\\Beautytap\\Reports\\Regression\\20181017_144227\\1539762791793.png, E:\\BeautytapAutomation\\beautytapAuto\\Beautytap\\Reports\\Regression\\20181017_144227\\1539762893583.png, E:\\BeautytapAutomation\\beautytapAuto\\Beautytap\\Reports\\Regression\\20181017_144227\\1539763243569.png, E:\\BeautytapAutomation\\beautytapAuto\\Beautytap\\Reports\\Regression\\20181017_144227\\1539763243858.png, E:\\BeautytapAutomation\\beautytapAuto\\Beautytap\\Reports\\Regression\\20181017_144227\\1539763366804.png, E:\\BeautytapAutomation\\beautytapAuto\\Beautytap\\Reports\\Regression\\20181017_144227\\1539763367144.png, E:\\BeautytapAutomation\\beautytapAuto\\Beautytap\\Reports\\Regression\\20181017_144227\\1539763808064.png, E:\\BeautytapAutomation\\beautytapAuto\\Beautytap\\Reports\\Regression\\20181017_144227\\1539763932541.png, E:\\BeautytapAutomation\\beautytapAuto\\Beautytap\\Reports\\Regression\\20181017_144227\\1539764423572.png, E:\\BeautytapAutomation\\beautytapAuto\\Beautytap\\Reports\\Regression\\20181017_144227\\1539764654091.png, E:\\BeautytapAutomation\\beautytapAuto\\Beautytap\\Reports\\Regression\\20181017_144227\\1539764699614.png, E:\\BeautytapAutomation\\beautytapAuto\\Beautytap\\Reports\\Regression\\20181017_144227\\1539764844808.png, E:\\BeautytapAutomation\\beautytapAuto\\Beautytap\\Reports\\Regression\\20181017_144227\\1539764938137.png, E:\\BeautytapAutomation\\beautytapAuto\\Beautytap\\Reports\\Regression\\20181017_144227\\1539764997899.png, E:\\BeautytapAutomation\\beautytapAuto\\Beautytap\\Reports\\Regression\\20181017_144227\\1539765017610.png, E:\\BeautytapAutomation\\beautytapAuto\\Beautytap\\Reports\\Regression\\20181017_144227\\1539765047458.png, E:\\BeautytapAutomation\\beautytapAuto\\Beautytap\\Reports\\Regression\\20181017_144227\\1539765155027.png, E:\\BeautytapAutomation\\beautytapAuto\\Beautytap\\Reports\\Regression\\20181017_144227\\1539765227028.png, E:\\BeautytapAutomation\\beautytapAuto\\Beautytap\\Reports\\Regression\\20181017_144227\\1539765261911.png"/>
         <property name="hostName" value="Trang Nguyen - DESKTOP-G1UHP65"/>
         <property name="os" value="Windows 10 64bit"/>
         <property name="katalonVersion" value="5.5.0.1"/>
         <property name="browser" value="Chrome 69.0.3497.100"/>
         <property name="hostAddress" value="10.0.0.227"/>
         <property name="sessionId" value="96c7d2808525e3d071767b5512d6a6b4"/>
         <property name="seleniumVersion" value="3.7.1"/>
         <property name="proxyInformation" value="ProxyInformation{proxyOption=NO_PROXY, proxyServerType=HTTP, password=, proxyServerAddress=, proxyServerPort=0}"/>
         <property name="platform" value="Windows 10"/>
      </properties>
      <testcase name="Test Cases/Shop/TC09_ScheduleSale_LimitStock_SimpleProduct" classname="Test Cases/Shop/TC09_ScheduleSale_LimitStock_SimpleProduct" status="FAILED">
         <failure type="FAILED" message="Keyword VerifyOrderReceivedDetails is Failed"/>
         <system-out><![CDATA[2018-10-17 14:42:33 - [TEST_CASE][FAILED] - Test Cases/Shop/TC09_ScheduleSale_LimitStock_SimpleProduct: Test Cases/Shop/TC09_ScheduleSale_LimitStock_SimpleProduct FAILED because (of) Keyword VerifyOrderReceivedDetails is Failed

2018-10-17 14:42:36 - [TEST_STEP][PASSED] - Statement - productName = SCHEDULE_SIMPLE_PRODUCT: null

2018-10-17 14:42:36 - [TEST_STEP][PASSED] - Statement - regularPrice = SCHEDULE_REGULAR_PRICE: null

2018-10-17 14:42:36 - [TEST_STEP][PASSED] - Statement - salePrice = SCHEDULE_SALE_PRICE: null

2018-10-17 14:42:36 - [TEST_STEP][PASSED] - Statement - quantity = 6: null

2018-10-17 14:42:36 - [TEST_STEP][PASSED] - Statement - subtotalRegular = CustomKeywords.beautytap.ShopAction.calculateTotal(quantity, regularPrice): beautytap.ShopAction.calculateTotal is PASSED

2018-10-17 14:42:36 - [MESSAGE][PASSED] - beautytap.ShopAction.calculateTotal is PASSED

2018-10-17 14:42:36 - [TEST_STEP][PASSED] - Statement - subtotalSale = CustomKeywords.beautytap.ShopAction.calculateTotal(1, salePrice): beautytap.ShopAction.calculateTotal is PASSED

2018-10-17 14:42:36 - [MESSAGE][PASSED] - beautytap.ShopAction.calculateTotal is PASSED

2018-10-17 14:42:36 - [TEST_STEP][PASSED] - Statement - shippingType = "free": null

2018-10-17 14:42:36 - [TEST_STEP][PASSED] - Statement - shippingLabel = FREE_SHIPPING_LABEL: null

2018-10-17 14:42:37 - [TEST_STEP][PASSED] - Statement - shippingTypeSale = "normal": null

2018-10-17 14:42:37 - [TEST_STEP][PASSED] - Statement - shippingLabelSale = SHIPPING_LABEL: null

2018-10-17 14:42:37 - [TEST_STEP][PASSED] - Statement - shippingPriceSale = SHIPPING_PRICE: null

2018-10-17 14:42:37 - [TEST_STEP][PASSED] - Statement - totalSale = java.lang.Float.parseFloat(java.lang.String.format("%.2f", subtotalSale + shippingPriceSale)): null

2018-10-17 14:42:37 - [TEST_STEP][PASSED] - Statement - schedulTimeout = 300: null

2018-10-17 14:42:37 - [TEST_STEP][PASSED] - Statement - limitStockSchedule = "yes": null

2018-10-17 14:42:37 - [TEST_STEP][PASSED] - Statement - variation = new org.json.JSONArray(): null

2018-10-17 14:42:37 - [TEST_STEP][PASSED] - Statement - scheduleDelay = 4: null

2018-10-17 14:42:37 - [TEST_STEP][PASSED] - Statement - scheduleDuration = 4: null

2018-10-17 14:42:37 - [TEST_STEP][PASSED] - Statement - paymentMethod = "Amazon Pay": null

2018-10-17 14:42:37 - [TEST_STEP][PASSED] - beautytap.GeneralAction.openBeautytap: beautytap.GeneralAction.openBeautytap is PASSED

2018-10-17 14:42:53 - [MESSAGE][PASSED] - Browser is opened with url: 'https://stage.beautytap.com/wp-admin'

2018-10-17 14:42:55 - [MESSAGE][PASSED] - Current window maximized

2018-10-17 14:42:59 - [MESSAGE][PASSED] - Refresh successfully

2018-10-17 14:42:59 - [MESSAGE][PASSED] - Wait for page load successfully

2018-10-17 14:42:59 - [MESSAGE][PASSED] - beautytap.GeneralAction.openBeautytap is PASSED

2018-10-17 14:42:59 - [TEST_STEP][PASSED] - beautytap.GeneralAction.login: beautytap.GeneralAction.login is PASSED

2018-10-17 14:42:59 - [MESSAGE][PASSED] - Text of object 'Object Repository/Page_login/txt_username' is cleared

2018-10-17 14:42:59 - [MESSAGE][PASSED] - Keys 'mrwhite' sent to object: 'Object Repository/Page_login/txt_username'

2018-10-17 14:42:59 - [MESSAGE][PASSED] - Text of object 'Object Repository/Page_login/txt_password' is cleared

2018-10-17 14:43:00 - [MESSAGE][PASSED] - Keys 'kgySM$Im' sent to object: 'Object Repository/Page_login/txt_password'

2018-10-17 14:43:13 - [MESSAGE][PASSED] - Object: 'Object Repository/Page_login/btn_login' is clicked on

2018-10-17 14:43:13 - [MESSAGE][PASSED] - Wait for page load successfully

2018-10-17 14:43:13 - [MESSAGE][PASSED] - beautytap.GeneralAction.login is PASSED

2018-10-17 14:43:13 - [TEST_STEP][PASSED] - beautytap.AdminAction.selectAdminMenu: beautytap.AdminAction.selectAdminMenu is PASSED

2018-10-17 14:43:28 - [MESSAGE][PASSED] - Object: '' is clicked on

2018-10-17 14:43:28 - [MESSAGE][PASSED] - Wait for page load successfully

2018-10-17 14:43:28 - [MESSAGE][PASSED] - beautytap.AdminAction.selectAdminMenu is PASSED

2018-10-17 14:43:28 - [TEST_STEP][PASSED] - Statement - datetime = CustomKeywords.beautytap.ShopAction.generateScheduleDateTime(TIMEZONE, scheduleDelay, scheduleDuration): beautytap.ShopAction.generateScheduleDateTime is PASSED

2018-10-17 14:43:28 - [MESSAGE][PASSED] - beautytap.ShopAction.generateScheduleDateTime is PASSED

2018-10-17 14:43:28 - [TEST_STEP][PASSED] - Statement - startDate = datetime.get("startdate"): null

2018-10-17 14:43:28 - [TEST_STEP][PASSED] - Statement - endDate = datetime.get("enddate"): null

2018-10-17 14:43:28 - [TEST_STEP][PASSED] - beautytap.AdminAction.scheduleSaleProduct: beautytap.AdminAction.scheduleSaleProduct is PASSED

2018-10-17 14:43:29 - [MESSAGE][PASSED] - Text of object 'Object Repository/Page_Admin/txt_searchProduct' is cleared

2018-10-17 14:43:32 - [MESSAGE][PASSED] - Keys 'PURITO Defence Barrier pH Cleanser 150ml' sent to object: 'Object Repository/Page_Admin/txt_searchProduct'

2018-10-17 14:43:38 - [MESSAGE][PASSED] - Object: 'Object Repository/Page_Admin/btn_searchProduct' is clicked on

2018-10-17 14:43:57 - [MESSAGE][PASSED] - Object: '' is clicked on

2018-10-17 14:44:07 - [MESSAGE][PASSED] - Delayed 10 second(s)

2018-10-17 14:44:13 - [MESSAGE][WARNING] - com.kms.katalon.core.webui.exception.WebElementNotFoundException: Web element with id: 'Object Repository/Page_Admin/link_schedule' located by 'By.xpath: //a[@class='sale_schedule' and text()='Schedule' and not(@style='display: none;')]' not found
[[ATTACHMENT|E:\\BeautytapAutomation\\beautytapAuto\\Beautytap\\Reports\\Regression\\20181017_144227\\1539762252916.png]]

2018-10-17 14:44:13 - [MESSAGE][PASSED] - Text of object 'Object Repository/Page_Admin/txt_salePrice' is cleared

2018-10-17 14:44:13 - [MESSAGE][PASSED] - Keys '10.8' sent to object: 'Object Repository/Page_Admin/txt_salePrice'

2018-10-17 14:44:14 - [MESSAGE][PASSED] - Text of object 'Object Repository/Page_Admin/txt_salePriceDateFrom' is cleared

2018-10-17 14:44:14 - [MESSAGE][PASSED] - Keys '2018-10-17 07:47:28' sent to object: 'Object Repository/Page_Admin/txt_salePriceDateFrom'

2018-10-17 14:44:15 - [MESSAGE][PASSED] - Text of object 'Object Repository/Page_Admin/txt_salePriceDateTo' is cleared

2018-10-17 14:44:15 - [MESSAGE][PASSED] - Keys '2018-10-17 07:51:28' sent to object: 'Object Repository/Page_Admin/txt_salePriceDateTo'

2018-10-17 14:44:16 - [MESSAGE][PASSED] - Object 'Object Repository/Page_Admin/chk_soldIndividualScheduled' is checked

2018-10-17 14:44:16 - [MESSAGE][PASSED] - Object: 'Object Repository/Page_Admin/txt_productName' is focused

2018-10-17 14:44:26 - [MESSAGE][PASSED] - Delayed 10 second(s)

2018-10-17 14:44:27 - [MESSAGE][PASSED] - Object: 'Object Repository/Page_Admin/btn_updateProduct' is clicked on

2018-10-17 14:44:48 - [MESSAGE][PASSED] - Object 'Object Repository/Page_Admin/lbl_productUpdatedMessage' is present

2018-10-17 14:44:48 - [MESSAGE][PASSED] - Wait for page load successfully

2018-10-17 14:44:48 - [MESSAGE][PASSED] - beautytap.AdminAction.scheduleSaleProduct is PASSED

2018-10-17 14:44:48 - [TEST_STEP][PASSED] - closeBrowser: Browser is closed

2018-10-17 14:44:49 - [MESSAGE][PASSED] - Browser is closed

2018-10-17 14:44:49 - [TEST_STEP][PASSED] - beautytap.GeneralAction.openBeautytap: beautytap.GeneralAction.openBeautytap is PASSED

2018-10-17 14:45:20 - [MESSAGE][PASSED] - Browser is opened with url: 'https://stage.beautytap.com'

2018-10-17 14:45:22 - [MESSAGE][PASSED] - Current window maximized

2018-10-17 14:45:29 - [MESSAGE][PASSED] - Refresh successfully

2018-10-17 14:45:29 - [MESSAGE][PASSED] - Wait for page load successfully

2018-10-17 14:45:29 - [MESSAGE][PASSED] - beautytap.GeneralAction.openBeautytap is PASSED

2018-10-17 14:45:29 - [TEST_STEP][PASSED] - beautytap.ShopAction.globalSearch: beautytap.ShopAction.globalSearch is PASSED

2018-10-17 14:45:30 - [MESSAGE][PASSED] - Object: 'Object Repository/Page_General/icon_search' is clicked on

2018-10-17 14:45:35 - [MESSAGE][PASSED] - Delayed 5 second(s)

2018-10-17 14:45:35 - [MESSAGE][PASSED] - Text of object 'Object Repository/Page_General/txt_search' is cleared

2018-10-17 14:45:35 - [MESSAGE][PASSED] - Keys 'CONTROL + v' sent to object: 'Object Repository/Page_General/txt_search'

2018-10-17 14:45:40 - [MESSAGE][PASSED] - Delayed 5 second(s)

2018-10-17 14:45:40 - [MESSAGE][PASSED] - beautytap.ShopAction.globalSearch is PASSED

2018-10-17 14:45:40 - [TEST_STEP][PASSED] - beautytap.ShopAction.VerifyProductOnSearchResult: beautytap.ShopAction.VerifyProductOnSearchResult is PASSED

2018-10-17 14:45:40 - [MESSAGE][PASSED] - beautytap.ShopAction.VerifyProductOnSearchResult is PASSED

2018-10-17 14:45:40 - [TEST_STEP][PASSED] - beautytap.ShopAction.selectSearchResult: beautytap.ShopAction.selectSearchResult is PASSED

2018-10-17 14:45:40 - [MESSAGE][PASSED] - Text of object '' is: 'PURITO Defence Barrier pH Cleanser 150ml'

2018-10-17 14:45:40 - [MESSAGE][PASSED] - Object '' is present

2018-10-17 14:45:49 - [MESSAGE][PASSED] - Object: '' is clicked on

2018-10-17 14:45:49 - [MESSAGE][PASSED] - Wait for page load successfully

2018-10-17 14:45:49 - [MESSAGE][PASSED] - beautytap.ShopAction.selectSearchResult is PASSED

2018-10-17 14:45:49 - [TEST_STEP][PASSED] - beautytap.ShopAction.VerifyProductDetails: Keyword VerifyProductDetails is Passed

2018-10-17 14:45:49 - [MESSAGE][PASSED] - Text of object '' is: 'PURITO Defence Barrier pH Cleanser 150ml'

2018-10-17 14:45:49 - [MESSAGE][PASSED] - Text of object '' is: '$12.80'

2018-10-17 14:45:50 - [MESSAGE][PASSED] - Get CSS 'color' value on '' successfully: 'rgba(255, 35, 134, 1)'.

2018-10-17 14:45:50 - [MESSAGE][PASSED] - Keyword VerifyProductDetails is Passed

2018-10-17 14:45:50 - [TEST_STEP][PASSED] - beautytap.ShopAction.selectCategory: beautytap.ShopAction.selectCategory is PASSED

2018-10-17 14:45:58 - [MESSAGE][PASSED] - Object: '' is clicked on

2018-10-17 14:45:58 - [MESSAGE][PASSED] - Wait for page load successfully

2018-10-17 14:45:58 - [MESSAGE][PASSED] - beautytap.ShopAction.selectCategory is PASSED

2018-10-17 14:45:58 - [TEST_STEP][PASSED] - beautytap.ShopAction.findProductOnProductList: beautytap.ShopAction.findProductOnProductList is PASSED

2018-10-17 14:45:59 - [MESSAGE][PASSED] - Text of object '' is: '77'

2018-10-17 14:46:04 - [MESSAGE][WARNING] - com.kms.katalon.core.webui.exception.WebElementNotFoundException: Web element with id: '' located by 'By.xpath: //a[text()='PURITO Defence Barrier pH Cleanser 150ml']' not found
[[ATTACHMENT|E:\\BeautytapAutomation\\beautytapAuto\\Beautytap\\Reports\\Regression\\20181017_144227\\1539762364332.png]]

2018-10-17 14:46:17 - [MESSAGE][PASSED] - Object: '' is clicked on

2018-10-17 14:46:17 - [MESSAGE][PASSED] - Wait for page load successfully

2018-10-17 14:46:17 - [MESSAGE][PASSED] - Object '' is present

2018-10-17 14:46:17 - [MESSAGE][PASSED] - beautytap.ShopAction.findProductOnProductList is PASSED

2018-10-17 14:46:17 - [TEST_STEP][PASSED] - beautytap.ShopAction.VerifyProductOnProductList: Keyword VerifyProductOnProductList is Passed

2018-10-17 14:46:17 - [MESSAGE][PASSED] - Object '' is present

2018-10-17 14:46:17 - [MESSAGE][PASSED] - Text of object '' is: '$12.80'

2018-10-17 14:46:17 - [MESSAGE][PASSED] - Get CSS 'color' value on '' successfully: 'rgba(255, 35, 134, 1)'.

2018-10-17 14:46:17 - [MESSAGE][PASSED] - Get CSS 'color' value on '' successfully: 'rgba(255, 35, 134, 1)'.

2018-10-17 14:46:17 - [MESSAGE][PASSED] - Keyword VerifyProductOnProductList is Passed

2018-10-17 14:46:17 - [TEST_STEP][PASSED] - beautytap.ShopAction.selectProductOnProductList: beautytap.ShopAction.selectProductOnProductList is PASSED

2018-10-17 14:46:25 - [MESSAGE][PASSED] - Object: '' is clicked on

2018-10-17 14:46:25 - [MESSAGE][PASSED] - Wait for page load successfully

2018-10-17 14:46:25 - [MESSAGE][PASSED] - beautytap.ShopAction.selectProductOnProductList is PASSED

2018-10-17 14:46:25 - [TEST_STEP][PASSED] - beautytap.ShopAction.addProductToCart: beautytap.ShopAction.addProductToCart is PASSED

2018-10-17 14:46:26 - [MESSAGE][PASSED] - Text of object 'Object Repository/Page_Shop/txt_quantity' is cleared

2018-10-17 14:46:26 - [MESSAGE][PASSED] - Keys '6' sent to object: 'Object Repository/Page_Shop/txt_quantity'

2018-10-17 14:46:27 - [MESSAGE][PASSED] - Object: 'Object Repository/Page_Shop/btn_addToCart' is clicked on

2018-10-17 14:46:27 - [MESSAGE][PASSED] - Wait for page load successfully

2018-10-17 14:46:39 - [MESSAGE][PASSED] - Object 'Object Repository/Page_Shop/lbl_message' is present

2018-10-17 14:46:44 - [MESSAGE][PASSED] - Delayed 5 second(s)

2018-10-17 14:46:44 - [MESSAGE][PASSED] - beautytap.ShopAction.addProductToCart is PASSED

2018-10-17 14:46:44 - [TEST_STEP][PASSED] - beautytap.ShopAction.goToCart: beautytap.ShopAction.goToCart is PASSED

2018-10-17 14:46:44 - [MESSAGE][PASSED] - Object 'Object Repository/Page_General/icon_cart' is present

2018-10-17 14:46:51 - [MESSAGE][PASSED] - Object: 'Object Repository/Page_General/icon_cart' is clicked on

2018-10-17 14:46:51 - [MESSAGE][PASSED] - Wait for page load successfully

2018-10-17 14:46:51 - [MESSAGE][PASSED] - beautytap.ShopAction.goToCart is PASSED

2018-10-17 14:46:51 - [TEST_STEP][PASSED] - beautytap.ShopAction.VerifyProductInCart: Keyword VerifyProductInCart is Passed

2018-10-17 14:46:52 - [MESSAGE][PASSED] - Object '' is present

2018-10-17 14:46:52 - [MESSAGE][PASSED] - Object '' is present

2018-10-17 14:46:52 - [MESSAGE][PASSED] - Text of object '' is: '$12.80'

2018-10-17 14:46:52 - [MESSAGE][PASSED] - Attribute 'value' of object '' is: '6'

2018-10-17 14:46:52 - [MESSAGE][PASSED] - Text of object '' is: '$76.80'

2018-10-17 14:46:52 - [MESSAGE][PASSED] - Keyword VerifyProductInCart is Passed

2018-10-17 14:46:52 - [TEST_STEP][PASSED] - beautytap.ShopAction.loginAmazonPay: beautytap.ShopAction.loginAmazonPay is PASSED

2018-10-17 14:46:52 - [MESSAGE][PASSED] - Object: 'Object Repository/Page_Cart/btn_payWithAmazon' is clicked on

2018-10-17 14:46:52 - [MESSAGE][PASSED] - Switched to window with index: '1'

2018-10-17 14:46:54 - [MESSAGE][PASSED] - Object 'Object Repository/Popup_Amazon/txt_email' is present

2018-10-17 14:46:54 - [MESSAGE][PASSED] - Text of object 'Object Repository/Popup_Amazon/txt_email' is cleared

2018-10-17 14:46:54 - [MESSAGE][PASSED] - Keys 'amazontest1503@yopmail.com' sent to object: 'Object Repository/Popup_Amazon/txt_email'

2018-10-17 14:46:54 - [MESSAGE][PASSED] - Text of object 'Object Repository/Popup_Amazon/txt_password' is cleared

2018-10-17 14:46:55 - [MESSAGE][PASSED] - Keys '123456' sent to object: 'Object Repository/Popup_Amazon/txt_password'

2018-10-17 14:46:58 - [MESSAGE][PASSED] - Object: 'Object Repository/Popup_Amazon/btn_signin' is clicked on

2018-10-17 14:46:58 - [MESSAGE][PASSED] - Switched to window with index: '0'

2018-10-17 14:47:28 - [MESSAGE][PASSED] - Delayed 30 second(s)

2018-10-17 14:47:28 - [MESSAGE][PASSED] - beautytap.ShopAction.loginAmazonPay is PASSED

2018-10-17 14:47:28 - [TEST_STEP][PASSED] - Statement - productArray = "[{"productname":"" + productName + "","variation":"","quantity":"" + quantity + "","price":"" + regularPrice + ""}]": null

2018-10-17 14:47:28 - [TEST_STEP][PASSED] - Statement - products = new org.json.JSONArray(productArray): null

2018-10-17 14:47:28 - [TEST_STEP][PASSED] - beautytap.ShopAction.VerifyOrderDetailsOnCheckout: Keyword VerifyOrderDetailsOnCheckout is Passed

2018-10-17 14:47:28 - [MESSAGE][PASSED] - Object '' is present

2018-10-17 14:47:28 - [MESSAGE][PASSED] - Text of object '' is: '$76.80'

2018-10-17 14:47:28 - [MESSAGE][PASSED] - Text of object '' is: 'Free shipping for orders over $70
Why does shipping take this long?'

2018-10-17 14:47:29 - [MESSAGE][PASSED] - Text of object '' is: '$76.80'

2018-10-17 14:47:29 - [MESSAGE][PASSED] - Keyword VerifyOrderDetailsOnCheckout is Passed

2018-10-17 14:47:29 - [TEST_STEP][PASSED] - beautytap.ShopAction.checkoutViaAmazonPay: beautytap.ShopAction.checkoutViaAmazonPay is PASSED

2018-10-17 14:47:29 - [MESSAGE][PASSED] - Object 'Object Repository/Page_Checkout/chk_terms' is clickable

2018-10-17 14:47:29 - [MESSAGE][PASSED] - Object 'Object Repository/Page_Checkout/chk_terms' is checked

2018-10-17 14:47:30 - [MESSAGE][PASSED] - Object: 'Object Repository/Page_Checkout/btn_placeOrder' is clicked on

2018-10-17 14:47:48 - [MESSAGE][PASSED] - Object 'Object Repository/Page_Checkout/lbl_orderReceived' is present

2018-10-17 14:47:48 - [MESSAGE][PASSED] - beautytap.ShopAction.checkoutViaAmazonPay is PASSED

2018-10-17 14:47:48 - [TEST_STEP][FAILED] - beautytap.ShopAction.VerifyOrderReceivedDetails: Keyword VerifyOrderReceivedDetails is Failed

2018-10-17 14:48:20 - [MESSAGE][WARNING] - com.kms.katalon.core.webui.exception.WebElementNotFoundException: Web element with id: '' located by 'By.xpath: //td[@class='woocommerce-table__product-name product-name']/a[contains(text(),'PURITO Defence Barrier pH Cleanser 150ml')]/following-sibling::strong[text()='× 6']/parent::td/parent::tr/td[@class='woocommerce-table__product-total product-total']/span[starts-with(text(),'76.8')]' not found
[[ATTACHMENT|E:\\BeautytapAutomation\\beautytapAuto\\Beautytap\\Reports\\Regression\\20181017_144227\\1539762500269.png]]

2018-10-17 14:48:20 - [MESSAGE][PASSED] - Text of object '' is: '$64.80'

2018-10-17 14:48:20 - [MESSAGE][PASSED] - Text of object '' is: '$25.00 via ($25) - DHL flat rate shipping'

2018-10-17 14:48:20 - [MESSAGE][PASSED] - Object '' is present

2018-10-17 14:48:20 - [MESSAGE][PASSED] - Text of object '' is: '$25.00'

2018-10-17 14:48:20 - [MESSAGE][PASSED] - Text of object '' is: 'Amazon Pay'

2018-10-17 14:48:20 - [MESSAGE][PASSED] - Text of object '' is: '$89.80'

2018-10-17 14:48:20 - [MESSAGE][FAILED] - Keyword VerifyOrderReceivedDetails is Failed

2018-10-17 14:48:20 - [TEST_STEP][PASSED] - beautytap.ShopAction.waitForSchedule: beautytap.ShopAction.waitForSchedule is PASSED

2018-10-17 14:48:20 - [MESSAGE][PASSED] - beautytap.ShopAction.waitForSchedule is PASSED

2018-10-17 14:48:20 - [TEST_STEP][PASSED] - beautytap.ShopAction.globalSearch: beautytap.ShopAction.globalSearch is PASSED

2018-10-17 14:48:21 - [MESSAGE][PASSED] - Object: 'Object Repository/Page_General/icon_search' is clicked on

2018-10-17 14:48:26 - [MESSAGE][PASSED] - Delayed 5 second(s)

2018-10-17 14:48:26 - [MESSAGE][PASSED] - Text of object 'Object Repository/Page_General/txt_search' is cleared

2018-10-17 14:48:26 - [MESSAGE][PASSED] - Keys 'CONTROL + v' sent to object: 'Object Repository/Page_General/txt_search'

2018-10-17 14:48:31 - [MESSAGE][PASSED] - Delayed 5 second(s)

2018-10-17 14:48:31 - [MESSAGE][PASSED] - beautytap.ShopAction.globalSearch is PASSED

2018-10-17 14:48:31 - [TEST_STEP][PASSED] - beautytap.ShopAction.VerifyProductOnSearchResult: beautytap.ShopAction.VerifyProductOnSearchResult is PASSED

2018-10-17 14:48:31 - [MESSAGE][PASSED] - beautytap.ShopAction.VerifyProductOnSearchResult is PASSED

2018-10-17 14:48:31 - [TEST_STEP][PASSED] - beautytap.ShopAction.selectSearchResult: beautytap.ShopAction.selectSearchResult is PASSED

2018-10-17 14:48:31 - [MESSAGE][PASSED] - Text of object '' is: 'PURITO Defence Barrier pH Cleanser 150ml'

2018-10-17 14:48:31 - [MESSAGE][PASSED] - Object '' is present

2018-10-17 14:48:40 - [MESSAGE][PASSED] - Object: '' is clicked on

2018-10-17 14:48:40 - [MESSAGE][PASSED] - Wait for page load successfully

2018-10-17 14:48:40 - [MESSAGE][PASSED] - beautytap.ShopAction.selectSearchResult is PASSED

2018-10-17 14:48:40 - [TEST_STEP][PASSED] - beautytap.ShopAction.VerifyProductDetails: Keyword VerifyProductDetails is Passed

2018-10-17 14:48:40 - [MESSAGE][PASSED] - Text of object '' is: 'PURITO Defence Barrier pH Cleanser 150ml'

2018-10-17 14:48:40 - [MESSAGE][PASSED] - Text of object '' is: '$12.80'

2018-10-17 14:48:40 - [MESSAGE][PASSED] - Get CSS 'color' value on '' successfully: 'rgba(195, 195, 195, 1)'.

2018-10-17 14:48:40 - [MESSAGE][PASSED] - Text of object '' is: '$10.80'

2018-10-17 14:48:40 - [MESSAGE][PASSED] - Get CSS 'color' value on '' successfully: 'rgba(255, 35, 134, 1)'.

2018-10-17 14:48:40 - [MESSAGE][PASSED] - Keyword VerifyProductDetails is Passed

2018-10-17 14:48:40 - [TEST_STEP][PASSED] - beautytap.ShopAction.selectCategory: beautytap.ShopAction.selectCategory is PASSED

2018-10-17 14:48:51 - [MESSAGE][PASSED] - Object: '' is clicked on

2018-10-17 14:48:51 - [MESSAGE][PASSED] - Wait for page load successfully

2018-10-17 14:48:51 - [MESSAGE][PASSED] - beautytap.ShopAction.selectCategory is PASSED

2018-10-17 14:48:51 - [TEST_STEP][PASSED] - beautytap.ShopAction.findProductOnProductList: beautytap.ShopAction.findProductOnProductList is PASSED

2018-10-17 14:48:51 - [MESSAGE][PASSED] - Text of object '' is: '77'

2018-10-17 14:48:56 - [MESSAGE][WARNING] - com.kms.katalon.core.webui.exception.WebElementNotFoundException: Web element with id: '' located by 'By.xpath: //a[text()='PURITO Defence Barrier pH Cleanser 150ml']' not found
[[ATTACHMENT|E:\\BeautytapAutomation\\beautytapAuto\\Beautytap\\Reports\\Regression\\20181017_144227\\1539762536593.png]]

2018-10-17 14:49:11 - [MESSAGE][PASSED] - Object: '' is clicked on

2018-10-17 14:49:11 - [MESSAGE][PASSED] - Wait for page load successfully

2018-10-17 14:49:11 - [MESSAGE][PASSED] - Object '' is present

2018-10-17 14:49:11 - [MESSAGE][PASSED] - beautytap.ShopAction.findProductOnProductList is PASSED

2018-10-17 14:49:11 - [TEST_STEP][PASSED] - beautytap.ShopAction.VerifyProductOnProductList: Keyword VerifyProductOnProductList is Passed

2018-10-17 14:49:11 - [MESSAGE][PASSED] - Object '' is present

2018-10-17 14:49:11 - [MESSAGE][PASSED] - Text of object '' is: '$12.80'

2018-10-17 14:49:11 - [MESSAGE][PASSED] - Get CSS 'color' value on '' successfully: 'rgba(195, 195, 195, 1)'.

2018-10-17 14:49:11 - [MESSAGE][PASSED] - Get CSS 'color' value on '' successfully: 'rgba(195, 195, 195, 1)'.

2018-10-17 14:49:12 - [MESSAGE][PASSED] - Text of object '' is: '$10.80'

2018-10-17 14:49:12 - [MESSAGE][PASSED] - Get CSS 'color' value on '' successfully: 'rgba(255, 35, 134, 1)'.

2018-10-17 14:49:12 - [MESSAGE][PASSED] - Get CSS 'color' value on '' successfully: 'rgba(255, 35, 134, 1)'.

2018-10-17 14:49:12 - [MESSAGE][PASSED] - Keyword VerifyProductOnProductList is Passed

2018-10-17 14:49:12 - [TEST_STEP][PASSED] - verifyElementNotPresent: Web element with id: 'Object Repository/Page_Shop/txt_quantity' located by 'By.xpath: //input[@name='quantity']' is not present after '5' second(s)

2018-10-17 14:49:12 - [MESSAGE][PASSED] - Web element with id: 'Object Repository/Page_Shop/txt_quantity' located by 'By.xpath: //input[@name='quantity']' is not present after '5' second(s)

2018-10-17 14:49:12 - [TEST_STEP][PASSED] - beautytap.ShopAction.selectProductOnProductList: beautytap.ShopAction.selectProductOnProductList is PASSED

2018-10-17 14:49:20 - [MESSAGE][PASSED] - Object: '' is clicked on

2018-10-17 14:49:20 - [MESSAGE][PASSED] - Wait for page load successfully

2018-10-17 14:49:20 - [MESSAGE][PASSED] - beautytap.ShopAction.selectProductOnProductList is PASSED

2018-10-17 14:49:20 - [TEST_STEP][PASSED] - beautytap.ShopAction.addProductToCart: beautytap.ShopAction.addProductToCart is PASSED

2018-10-17 14:49:21 - [MESSAGE][PASSED] - Object: 'Object Repository/Page_Shop/btn_addToCart' is clicked on

2018-10-17 14:49:21 - [MESSAGE][PASSED] - Wait for page load successfully

2018-10-17 14:49:30 - [MESSAGE][PASSED] - Object 'Object Repository/Page_Shop/lbl_message' is present

2018-10-17 14:49:35 - [MESSAGE][PASSED] - Delayed 5 second(s)

2018-10-17 14:49:35 - [MESSAGE][PASSED] - beautytap.ShopAction.addProductToCart is PASSED

2018-10-17 14:49:35 - [TEST_STEP][PASSED] - beautytap.ShopAction.goToCart: beautytap.ShopAction.goToCart is PASSED

2018-10-17 14:49:35 - [MESSAGE][PASSED] - Object 'Object Repository/Page_General/icon_cart' is present

2018-10-17 14:49:41 - [MESSAGE][PASSED] - Object: 'Object Repository/Page_General/icon_cart' is clicked on

2018-10-17 14:49:41 - [MESSAGE][PASSED] - Wait for page load successfully

2018-10-17 14:49:41 - [MESSAGE][PASSED] - beautytap.ShopAction.goToCart is PASSED

2018-10-17 14:49:41 - [TEST_STEP][PASSED] - beautytap.ShopAction.VerifyProductInCart: Keyword VerifyProductInCart is Passed

2018-10-17 14:49:46 - [MESSAGE][WARNING] - com.kms.katalon.core.webui.exception.WebElementNotFoundException: Web element with id: '' located by 'By.xpath: //a[text()='PURITO Defence Barrier pH Cleanser 150ml']/ancestor::tr/td[5]/div/input' not found
[[ATTACHMENT|E:\\BeautytapAutomation\\beautytapAuto\\Beautytap\\Reports\\Regression\\20181017_144227\\1539762586342.png]]

2018-10-17 14:49:46 - [MESSAGE][PASSED] - Object '' is present

2018-10-17 14:49:46 - [MESSAGE][PASSED] - Text of object '' is: '$10.80'

2018-10-17 14:49:46 - [MESSAGE][PASSED] - Text of object '' is: '1'

2018-10-17 14:49:47 - [MESSAGE][PASSED] - Text of object '' is: '$10.80'

2018-10-17 14:49:47 - [MESSAGE][PASSED] - Keyword VerifyProductInCart is Passed

2018-10-17 14:49:47 - [TEST_STEP][PASSED] - beautytap.ShopAction.processToCheckout: beautytap.ShopAction.processToCheckout is PASSED

2018-10-17 14:49:54 - [MESSAGE][PASSED] - Object: 'Object Repository/Page_Cart/btn_checkout' is clicked on

2018-10-17 14:49:54 - [MESSAGE][PASSED] - Wait for page load successfully

2018-10-17 14:49:54 - [MESSAGE][PASSED] - beautytap.ShopAction.processToCheckout is PASSED

2018-10-17 14:49:54 - [TEST_STEP][PASSED] - beautytap.ShopAction.loginAmazonPay: beautytap.ShopAction.loginAmazonPay is PASSED

2018-10-17 14:49:55 - [MESSAGE][PASSED] - Object: 'Object Repository/Page_Checkout/btn_amazonPay' is clicked on

2018-10-17 14:49:56 - [MESSAGE][PASSED] - Switched to window with index: '1'

2018-10-17 14:49:57 - [MESSAGE][PASSED] - Object 'Object Repository/Popup_Amazon/txt_email' is present

2018-10-17 14:49:57 - [MESSAGE][PASSED] - Text of object 'Object Repository/Popup_Amazon/txt_email' is cleared

2018-10-17 14:49:57 - [MESSAGE][PASSED] - Keys 'amazontest1503@yopmail.com' sent to object: 'Object Repository/Popup_Amazon/txt_email'

2018-10-17 14:49:58 - [MESSAGE][PASSED] - Text of object 'Object Repository/Popup_Amazon/txt_password' is cleared

2018-10-17 14:49:58 - [MESSAGE][PASSED] - Keys '123456' sent to object: 'Object Repository/Popup_Amazon/txt_password'

2018-10-17 14:50:01 - [MESSAGE][PASSED] - Object: 'Object Repository/Popup_Amazon/btn_signin' is clicked on

2018-10-17 14:50:01 - [MESSAGE][PASSED] - Switched to window with index: '0'

2018-10-17 14:50:31 - [MESSAGE][PASSED] - Delayed 30 second(s)

2018-10-17 14:50:31 - [MESSAGE][PASSED] - beautytap.ShopAction.loginAmazonPay is PASSED

2018-10-17 14:50:31 - [TEST_STEP][PASSED] - Statement - productArraySale = "[{"productname":"" + productName + "","variation":"","quantity":"1","price":"" + salePrice + ""}]": null

2018-10-17 14:50:31 - [TEST_STEP][PASSED] - Statement - productSale = new org.json.JSONArray(productArraySale): null

2018-10-17 14:50:31 - [TEST_STEP][PASSED] - beautytap.ShopAction.VerifyOrderDetailsOnCheckout: Keyword VerifyOrderDetailsOnCheckout is Passed

2018-10-17 14:50:31 - [MESSAGE][PASSED] - Object '' is present

2018-10-17 14:50:31 - [MESSAGE][PASSED] - Text of object '' is: '$10.80'

2018-10-17 14:50:31 - [MESSAGE][PASSED] - Text of object '' is: 'Spend $59.20 more & get FREE SHIPPING!
($25) - DHL flat rate shipping: $25.00
Why does shipping take this long?'

2018-10-17 14:50:31 - [MESSAGE][PASSED] - Text of object '' is: '$25.00'

2018-10-17 14:50:31 - [MESSAGE][PASSED] - Text of object '' is: '$35.80'

2018-10-17 14:50:31 - [MESSAGE][PASSED] - Keyword VerifyOrderDetailsOnCheckout is Passed

2018-10-17 14:50:31 - [TEST_STEP][PASSED] - beautytap.ShopAction.checkoutViaAmazonPay: beautytap.ShopAction.checkoutViaAmazonPay is PASSED

2018-10-17 14:50:32 - [MESSAGE][PASSED] - Object 'Object Repository/Page_Checkout/chk_terms' is clickable

2018-10-17 14:50:32 - [MESSAGE][PASSED] - Object 'Object Repository/Page_Checkout/chk_terms' is checked

2018-10-17 14:50:32 - [MESSAGE][PASSED] - Object: 'Object Repository/Page_Checkout/btn_placeOrder' is clicked on

2018-10-17 14:50:47 - [MESSAGE][PASSED] - Object 'Object Repository/Page_Checkout/lbl_orderReceived' is present

2018-10-17 14:50:47 - [MESSAGE][PASSED] - beautytap.ShopAction.checkoutViaAmazonPay is PASSED

2018-10-17 14:50:47 - [TEST_STEP][PASSED] - beautytap.ShopAction.VerifyOrderReceivedDetails: Keyword VerifyOrderReceivedDetails is Passed

2018-10-17 14:50:47 - [MESSAGE][PASSED] - Object '' is present

2018-10-17 14:50:47 - [MESSAGE][PASSED] - Text of object '' is: '$10.80'

2018-10-17 14:50:47 - [MESSAGE][PASSED] - Text of object '' is: '$25.00 via ($25) - DHL flat rate shipping'

2018-10-17 14:50:47 - [MESSAGE][PASSED] - Object '' is present

2018-10-17 14:50:47 - [MESSAGE][PASSED] - Text of object '' is: '$25.00'

2018-10-17 14:50:47 - [MESSAGE][PASSED] - Text of object '' is: 'Amazon Pay'

2018-10-17 14:50:47 - [MESSAGE][PASSED] - Text of object '' is: '$35.80'

2018-10-17 14:50:47 - [MESSAGE][PASSED] - Keyword VerifyOrderReceivedDetails is Passed

2018-10-17 14:50:47 - [TEST_STEP][PASSED] - beautytap.ShopAction.waitForSchedule: beautytap.ShopAction.waitForSchedule is PASSED

2018-10-17 14:51:17 - [MESSAGE][PASSED] - Delayed 30 second(s)

2018-10-17 14:51:47 - [MESSAGE][PASSED] - Delayed 30 second(s)

2018-10-17 14:51:47 - [MESSAGE][PASSED] - beautytap.ShopAction.waitForSchedule is PASSED

2018-10-17 14:51:47 - [TEST_STEP][PASSED] - beautytap.GeneralAction.openBeautytap: beautytap.GeneralAction.openBeautytap is PASSED

2018-10-17 14:51:47 - [MESSAGE][WARNING] - A browser is already opened. Closing browser and opening a new one

2018-10-17 14:52:21 - [MESSAGE][PASSED] - Browser is opened with url: 'https://stage.beautytap.com'

2018-10-17 14:52:22 - [MESSAGE][PASSED] - Current window maximized

2018-10-17 14:52:30 - [MESSAGE][PASSED] - Refresh successfully

2018-10-17 14:52:30 - [MESSAGE][PASSED] - Wait for page load successfully

2018-10-17 14:52:30 - [MESSAGE][PASSED] - beautytap.GeneralAction.openBeautytap is PASSED

2018-10-17 14:52:30 - [TEST_STEP][PASSED] - beautytap.ShopAction.globalSearch: beautytap.ShopAction.globalSearch is PASSED

2018-10-17 14:52:31 - [MESSAGE][PASSED] - Object: 'Object Repository/Page_General/icon_search' is clicked on

2018-10-17 14:52:36 - [MESSAGE][PASSED] - Delayed 5 second(s)

2018-10-17 14:52:36 - [MESSAGE][PASSED] - Text of object 'Object Repository/Page_General/txt_search' is cleared

2018-10-17 14:52:36 - [MESSAGE][PASSED] - Keys 'CONTROL + v' sent to object: 'Object Repository/Page_General/txt_search'

2018-10-17 14:52:41 - [MESSAGE][PASSED] - Delayed 5 second(s)

2018-10-17 14:52:41 - [MESSAGE][PASSED] - beautytap.ShopAction.globalSearch is PASSED

2018-10-17 14:52:41 - [TEST_STEP][PASSED] - beautytap.ShopAction.VerifyProductOnSearchResult: beautytap.ShopAction.VerifyProductOnSearchResult is PASSED

2018-10-17 14:52:41 - [MESSAGE][PASSED] - beautytap.ShopAction.VerifyProductOnSearchResult is PASSED

2018-10-17 14:52:41 - [TEST_STEP][PASSED] - beautytap.ShopAction.selectSearchResult: beautytap.ShopAction.selectSearchResult is PASSED

2018-10-17 14:52:41 - [MESSAGE][PASSED] - Text of object '' is: 'PURITO Defence Barrier pH Cleanser 150ml'

2018-10-17 14:52:41 - [MESSAGE][PASSED] - Object '' is present

2018-10-17 14:52:55 - [MESSAGE][PASSED] - Object: '' is clicked on

2018-10-17 14:52:55 - [MESSAGE][PASSED] - Wait for page load successfully

2018-10-17 14:52:55 - [MESSAGE][PASSED] - beautytap.ShopAction.selectSearchResult is PASSED

2018-10-17 14:52:55 - [TEST_STEP][PASSED] - beautytap.ShopAction.VerifyProductDetails: Keyword VerifyProductDetails is Passed

2018-10-17 14:52:56 - [MESSAGE][PASSED] - Text of object '' is: 'PURITO Defence Barrier pH Cleanser 150ml'

2018-10-17 14:52:56 - [MESSAGE][PASSED] - Text of object '' is: '$12.80'

2018-10-17 14:52:56 - [MESSAGE][PASSED] - Get CSS 'color' value on '' successfully: 'rgba(255, 35, 134, 1)'.

2018-10-17 14:52:56 - [MESSAGE][PASSED] - Keyword VerifyProductDetails is Passed

2018-10-17 14:52:56 - [TEST_STEP][PASSED] - beautytap.ShopAction.selectCategory: beautytap.ShopAction.selectCategory is PASSED

2018-10-17 14:53:06 - [MESSAGE][PASSED] - Object: '' is clicked on

2018-10-17 14:53:06 - [MESSAGE][PASSED] - Wait for page load successfully

2018-10-17 14:53:06 - [MESSAGE][PASSED] - beautytap.ShopAction.selectCategory is PASSED

2018-10-17 14:53:06 - [TEST_STEP][PASSED] - beautytap.ShopAction.findProductOnProductList: beautytap.ShopAction.findProductOnProductList is PASSED

2018-10-17 14:53:06 - [MESSAGE][PASSED] - Text of object '' is: '77'

2018-10-17 14:53:12 - [MESSAGE][WARNING] - com.kms.katalon.core.webui.exception.WebElementNotFoundException: Web element with id: '' located by 'By.xpath: //a[text()='PURITO Defence Barrier pH Cleanser 150ml']' not found
[[ATTACHMENT|E:\\BeautytapAutomation\\beautytapAuto\\Beautytap\\Reports\\Regression\\20181017_144227\\1539762791793.png]]

2018-10-17 14:53:25 - [MESSAGE][PASSED] - Object: '' is clicked on

2018-10-17 14:53:25 - [MESSAGE][PASSED] - Wait for page load successfully

2018-10-17 14:53:26 - [MESSAGE][PASSED] - Object '' is present

2018-10-17 14:53:26 - [MESSAGE][PASSED] - beautytap.ShopAction.findProductOnProductList is PASSED

2018-10-17 14:53:26 - [TEST_STEP][PASSED] - beautytap.ShopAction.VerifyProductOnProductList: Keyword VerifyProductOnProductList is Passed

2018-10-17 14:53:26 - [MESSAGE][PASSED] - Object '' is present

2018-10-17 14:53:26 - [MESSAGE][PASSED] - Text of object '' is: '$12.80'

2018-10-17 14:53:26 - [MESSAGE][PASSED] - Get CSS 'color' value on '' successfully: 'rgba(255, 35, 134, 1)'.

2018-10-17 14:53:26 - [MESSAGE][PASSED] - Get CSS 'color' value on '' successfully: 'rgba(255, 35, 134, 1)'.

2018-10-17 14:53:26 - [MESSAGE][PASSED] - Keyword VerifyProductOnProductList is Passed

2018-10-17 14:53:26 - [TEST_STEP][PASSED] - beautytap.ShopAction.selectProductOnProductList: beautytap.ShopAction.selectProductOnProductList is PASSED

2018-10-17 14:53:34 - [MESSAGE][PASSED] - Object: '' is clicked on

2018-10-17 14:53:34 - [MESSAGE][PASSED] - Wait for page load successfully

2018-10-17 14:53:34 - [MESSAGE][PASSED] - beautytap.ShopAction.selectProductOnProductList is PASSED

2018-10-17 14:53:34 - [TEST_STEP][PASSED] - beautytap.ShopAction.addProductToCart: beautytap.ShopAction.addProductToCart is PASSED

2018-10-17 14:53:34 - [MESSAGE][PASSED] - Text of object 'Object Repository/Page_Shop/txt_quantity' is cleared

2018-10-17 14:53:34 - [MESSAGE][PASSED] - Keys '6' sent to object: 'Object Repository/Page_Shop/txt_quantity'

2018-10-17 14:53:34 - [MESSAGE][PASSED] - Object: 'Object Repository/Page_Shop/btn_addToCart' is clicked on

2018-10-17 14:53:34 - [MESSAGE][PASSED] - Wait for page load successfully

2018-10-17 14:53:43 - [MESSAGE][PASSED] - Object 'Object Repository/Page_Shop/lbl_message' is present

2018-10-17 14:53:48 - [MESSAGE][PASSED] - Delayed 5 second(s)

2018-10-17 14:53:48 - [MESSAGE][PASSED] - beautytap.ShopAction.addProductToCart is PASSED

2018-10-17 14:53:48 - [TEST_STEP][PASSED] - beautytap.ShopAction.goToCart: beautytap.ShopAction.goToCart is PASSED

2018-10-17 14:53:48 - [MESSAGE][PASSED] - Object 'Object Repository/Page_General/icon_cart' is present

2018-10-17 14:53:55 - [MESSAGE][PASSED] - Object: 'Object Repository/Page_General/icon_cart' is clicked on

2018-10-17 14:53:55 - [MESSAGE][PASSED] - Wait for page load successfully

2018-10-17 14:53:55 - [MESSAGE][PASSED] - beautytap.ShopAction.goToCart is PASSED

2018-10-17 14:53:55 - [TEST_STEP][PASSED] - beautytap.ShopAction.VerifyProductInCart: Keyword VerifyProductInCart is Passed

2018-10-17 14:53:55 - [MESSAGE][PASSED] - Object '' is present

2018-10-17 14:53:55 - [MESSAGE][PASSED] - Object '' is present

2018-10-17 14:53:55 - [MESSAGE][PASSED] - Text of object '' is: '$12.80'

2018-10-17 14:53:55 - [MESSAGE][PASSED] - Attribute 'value' of object '' is: '6'

2018-10-17 14:53:56 - [MESSAGE][PASSED] - Text of object '' is: '$76.80'

2018-10-17 14:53:56 - [MESSAGE][PASSED] - Keyword VerifyProductInCart is Passed

2018-10-17 14:53:56 - [TEST_STEP][PASSED] - beautytap.ShopAction.loginAmazonPay: beautytap.ShopAction.loginAmazonPay is PASSED

2018-10-17 14:53:56 - [MESSAGE][PASSED] - Object: 'Object Repository/Page_Cart/btn_payWithAmazon' is clicked on

2018-10-17 14:53:56 - [MESSAGE][PASSED] - Switched to window with index: '1'

2018-10-17 14:53:57 - [MESSAGE][PASSED] - Object 'Object Repository/Popup_Amazon/txt_email' is present

2018-10-17 14:53:57 - [MESSAGE][PASSED] - Text of object 'Object Repository/Popup_Amazon/txt_email' is cleared

2018-10-17 14:53:58 - [MESSAGE][PASSED] - Keys 'amazontest1503@yopmail.com' sent to object: 'Object Repository/Popup_Amazon/txt_email'

2018-10-17 14:53:58 - [MESSAGE][PASSED] - Text of object 'Object Repository/Popup_Amazon/txt_password' is cleared

2018-10-17 14:53:58 - [MESSAGE][PASSED] - Keys '123456' sent to object: 'Object Repository/Popup_Amazon/txt_password'

2018-10-17 14:54:01 - [MESSAGE][PASSED] - Object: 'Object Repository/Popup_Amazon/btn_signin' is clicked on

2018-10-17 14:54:01 - [MESSAGE][PASSED] - Switched to window with index: '0'

2018-10-17 14:54:31 - [MESSAGE][PASSED] - Delayed 30 second(s)

2018-10-17 14:54:31 - [MESSAGE][PASSED] - beautytap.ShopAction.loginAmazonPay is PASSED

2018-10-17 14:54:31 - [TEST_STEP][PASSED] - Statement - productArrayAfter = "[{"productname":"" + productName + "","variation":"","quantity":"" + quantity + "","price":"" + regularPrice + ""}]": null

2018-10-17 14:54:31 - [TEST_STEP][PASSED] - Statement - productsAfter = new org.json.JSONArray(productArrayAfter): null

2018-10-17 14:54:31 - [TEST_STEP][PASSED] - beautytap.ShopAction.VerifyOrderDetailsOnCheckout: Keyword VerifyOrderDetailsOnCheckout is Passed

2018-10-17 14:54:31 - [MESSAGE][PASSED] - Object '' is present

2018-10-17 14:54:31 - [MESSAGE][PASSED] - Text of object '' is: '$76.80'

2018-10-17 14:54:31 - [MESSAGE][PASSED] - Text of object '' is: 'Free shipping for orders over $70
Why does shipping take this long?'

2018-10-17 14:54:31 - [MESSAGE][PASSED] - Text of object '' is: '$76.80'

2018-10-17 14:54:31 - [MESSAGE][PASSED] - Keyword VerifyOrderDetailsOnCheckout is Passed

2018-10-17 14:54:31 - [TEST_STEP][PASSED] - beautytap.ShopAction.checkoutViaAmazonPay: beautytap.ShopAction.checkoutViaAmazonPay is PASSED

2018-10-17 14:54:31 - [MESSAGE][PASSED] - Object 'Object Repository/Page_Checkout/chk_terms' is clickable

2018-10-17 14:54:31 - [MESSAGE][PASSED] - Object 'Object Repository/Page_Checkout/chk_terms' is checked

2018-10-17 14:54:32 - [MESSAGE][PASSED] - Object: 'Object Repository/Page_Checkout/btn_placeOrder' is clicked on

2018-10-17 14:54:48 - [MESSAGE][PASSED] - Object 'Object Repository/Page_Checkout/lbl_orderReceived' is present

2018-10-17 14:54:48 - [MESSAGE][PASSED] - beautytap.ShopAction.checkoutViaAmazonPay is PASSED

2018-10-17 14:54:48 - [TEST_STEP][PASSED] - beautytap.ShopAction.VerifyOrderReceivedDetails: Keyword VerifyOrderReceivedDetails is Passed

2018-10-17 14:54:48 - [MESSAGE][PASSED] - Object '' is present

2018-10-17 14:54:48 - [MESSAGE][PASSED] - Text of object '' is: '$76.80'

2018-10-17 14:54:48 - [MESSAGE][PASSED] - Text of object '' is: 'Free shipping for orders over $70'

2018-10-17 14:54:53 - [MESSAGE][WARNING] - com.kms.katalon.core.webui.exception.WebElementNotFoundException: Web element with id: '' located by 'By.xpath: //th[text()='Shipping:']/parent::tr/td/span' not found
[[ATTACHMENT|E:\\BeautytapAutomation\\beautytapAuto\\Beautytap\\Reports\\Regression\\20181017_144227\\1539762893583.png]]

2018-10-17 14:54:53 - [MESSAGE][PASSED] - Text of object '' is: 'Amazon Pay'

2018-10-17 14:54:54 - [MESSAGE][PASSED] - Text of object '' is: '$76.80'

2018-10-17 14:54:54 - [MESSAGE][PASSED] - Keyword VerifyOrderReceivedDetails is Passed

2018-10-17 14:54:54 - [TEST_STEP][PASSED] - closeBrowser: Browser is closed

2018-10-17 14:54:54 - [MESSAGE][PASSED] - Browser is closed]]></system-out>
         <system-err><![CDATA[2018-10-17 14:42:33 - [TEST_CASE][FAILED] - Test Cases/Shop/TC09_ScheduleSale_LimitStock_SimpleProduct: Test Cases/Shop/TC09_ScheduleSale_LimitStock_SimpleProduct FAILED because (of) Keyword VerifyOrderReceivedDetails is Failed]]></system-err>
      </testcase>
      <testcase name="Test Cases/SignUp_Login_ResetPass/TC01_SignUp_Login_ResetPassword_Via_Email" classname="Test Cases/SignUp_Login_ResetPass/TC01_SignUp_Login_ResetPassword_Via_Email" status="PASSED">
         <system-out><![CDATA[2018-10-17 14:54:57 - [TEST_CASE][PASSED] - Test Cases/SignUp_Login_ResetPass/TC01_SignUp_Login_ResetPassword_Via_Email: Test Cases/SignUp_Login_ResetPass/TC01_SignUp_Login_ResetPassword_Via_Email

2018-10-17 14:54:58 - [TEST_STEP][PASSED] - Statement - r_string = new java.lang.Math().random().toString().substring(2, 8): null

2018-10-17 14:54:58 - [TEST_STEP][PASSED] - Statement - username = "auto" + r_string: null

2018-10-17 14:54:58 - [TEST_STEP][PASSED] - Statement - email = username + "@mailinator.com": null

2018-10-17 14:54:58 - [TEST_STEP][PASSED] - Statement - password = "123456": null

2018-10-17 14:54:58 - [TEST_STEP][PASSED] - Statement - newpassword = "test123": null

2018-10-17 14:54:58 - [TEST_STEP][PASSED] - Statement - name = "Auto User " + r_string: null

2018-10-17 14:54:58 - [TEST_STEP][PASSED] - Statement - birthday = "01/01/1990": null

2018-10-17 14:54:58 - [TEST_STEP][PASSED] - Statement - activation_subject = SITE_TITLE + " Activate your account": null

2018-10-17 14:54:58 - [TEST_STEP][PASSED] - Statement - resetpass_subject = SITE_TITLE + " Password Reset": null

2018-10-17 14:54:58 - [TEST_STEP][PASSED] - beautytap.GeneralAction.openBeautytap: beautytap.GeneralAction.openBeautytap is PASSED

2018-10-17 14:55:28 - [MESSAGE][PASSED] - Browser is opened with url: 'https://stage.beautytap.com'

2018-10-17 14:55:29 - [MESSAGE][PASSED] - Current window maximized

2018-10-17 14:55:37 - [MESSAGE][PASSED] - Refresh successfully

2018-10-17 14:55:37 - [MESSAGE][PASSED] - Wait for page load successfully

2018-10-17 14:55:37 - [MESSAGE][PASSED] - beautytap.GeneralAction.openBeautytap is PASSED

2018-10-17 14:55:37 - [TEST_STEP][PASSED] - beautytap.GeneralAction.clickNavigationMenu: beautytap.GeneralAction.clickNavigationMenu is PASSED

2018-10-17 14:55:42 - [MESSAGE][PASSED] - Object: 'Object Repository/Page_General/link_signup' is clicked on

2018-10-17 14:55:42 - [MESSAGE][PASSED] - Wait for page load successfully

2018-10-17 14:55:42 - [MESSAGE][PASSED] - beautytap.GeneralAction.clickNavigationMenu is PASSED

2018-10-17 14:55:42 - [TEST_STEP][PASSED] - beautytap.GeneralAction.signup: beautytap.GeneralAction.signup is PASSED

2018-10-17 14:55:42 - [MESSAGE][PASSED] - Keys 'auto512665' sent to object: 'Object Repository/Page_Signup/txt_username'

2018-10-17 14:55:42 - [MESSAGE][PASSED] - Keys 'auto512665@mailinator.com' sent to object: 'Object Repository/Page_Signup/txt_email'

2018-10-17 14:55:42 - [MESSAGE][PASSED] - Keys '123456' sent to object: 'Object Repository/Page_Signup/txt_password'

2018-10-17 14:55:43 - [MESSAGE][PASSED] - Keys 'Auto User 512665' sent to object: 'Object Repository/Page_Signup/txt_name'

2018-10-17 14:55:43 - [MESSAGE][PASSED] - Keys '01/01/1990' sent to object: 'Object Repository/Page_Signup/txt_birthday'

2018-10-17 14:55:43 - [MESSAGE][PASSED] - Object: 'Object Repository/Page_Signup/btn_signup' is clicked on

2018-10-17 14:55:43 - [MESSAGE][PASSED] - Wait for page load successfully

2018-10-17 14:55:43 - [MESSAGE][PASSED] - beautytap.GeneralAction.signup is PASSED

2018-10-17 14:55:43 - [TEST_STEP][PASSED] - verifyElementPresent: Object 'Object Repository/Page_Signup/lbl_sucessMessage' is present

2018-10-17 14:55:54 - [MESSAGE][PASSED] - Object 'Object Repository/Page_Signup/lbl_sucessMessage' is present

2018-10-17 14:55:54 - [TEST_STEP][PASSED] - beautytap.GeneralAction.openMailBox: beautytap.GeneralAction.openMailBox is PASSED

2018-10-17 14:55:56 - [MESSAGE][PASSED] - Navigate to 'https://www.mailinator.com' successfully

2018-10-17 14:55:56 - [MESSAGE][PASSED] - Wait for page load successfully

2018-10-17 14:55:56 - [MESSAGE][PASSED] - Keys 'auto512665' sent to object: 'Object Repository/Page_mailinator/txt_email'

2018-10-17 14:56:03 - [MESSAGE][PASSED] - Object: 'Object Repository/Page_mailinator/btn_go' is clicked on

2018-10-17 14:56:03 - [MESSAGE][PASSED] - Wait for page load successfully

2018-10-17 14:56:08 - [MESSAGE][PASSED] - Delayed 5 second(s)

2018-10-17 14:56:08 - [MESSAGE][PASSED] - beautytap.GeneralAction.openMailBox is PASSED

2018-10-17 14:56:08 - [TEST_STEP][PASSED] - beautytap.GeneralAction.verifyEmailExist: beautytap.GeneralAction.verifyEmailExist is PASSED

2018-10-17 14:56:08 - [MESSAGE][PASSED] - Object '' is present

2018-10-17 14:56:08 - [MESSAGE][PASSED] - beautytap.GeneralAction.verifyEmailExist is PASSED

2018-10-17 14:56:08 - [TEST_STEP][PASSED] - beautytap.GeneralAction.openEmail: beautytap.GeneralAction.openEmail is PASSED

2018-10-17 14:56:08 - [MESSAGE][PASSED] - Object: '' is clicked on

2018-10-17 14:56:08 - [MESSAGE][PASSED] - beautytap.GeneralAction.openEmail is PASSED

2018-10-17 14:56:08 - [TEST_STEP][PASSED] - beautytap.GeneralAction.clickEmailLink: beautytap.GeneralAction.clickEmailLink is PASSED

2018-10-17 14:56:09 - [MESSAGE][PASSED] - Text of object '' is: 'https://stage.beautytap.com/activate/p1AfCVaGigkulEvg0div74Q1DcYaPPnG/'

2018-10-17 14:56:38 - [MESSAGE][PASSED] - Navigate to 'https://stage.beautytap.com/activate/p1AfCVaGigkulEvg0div74Q1DcYaPPnG/' successfully

2018-10-17 14:56:38 - [MESSAGE][PASSED] - beautytap.GeneralAction.clickEmailLink is PASSED

2018-10-17 14:56:38 - [TEST_STEP][PASSED] - waitForPageLoad: Wait for page load successfully

2018-10-17 14:56:38 - [MESSAGE][PASSED] - Wait for page load successfully

2018-10-17 14:56:38 - [TEST_STEP][PASSED] - verifyElementPresent: Object 'Object Repository/Page_General/lbl_activeSuccessMessage' is present

2018-10-17 14:56:38 - [MESSAGE][PASSED] - Object 'Object Repository/Page_General/lbl_activeSuccessMessage' is present

2018-10-17 14:56:38 - [TEST_STEP][PASSED] - beautytap.GeneralAction.clickNavigationMenu: beautytap.GeneralAction.clickNavigationMenu is PASSED

2018-10-17 14:56:42 - [MESSAGE][PASSED] - Object: 'Object Repository/Page_General/link_login' is clicked on

2018-10-17 14:56:42 - [MESSAGE][PASSED] - Wait for page load successfully

2018-10-17 14:56:42 - [MESSAGE][PASSED] - beautytap.GeneralAction.clickNavigationMenu is PASSED

2018-10-17 14:56:42 - [TEST_STEP][PASSED] - beautytap.GeneralAction.login: beautytap.GeneralAction.login is PASSED

2018-10-17 14:56:42 - [MESSAGE][PASSED] - Text of object 'Object Repository/Page_login/txt_username' is cleared

2018-10-17 14:56:42 - [MESSAGE][PASSED] - Keys 'auto512665' sent to object: 'Object Repository/Page_login/txt_username'

2018-10-17 14:56:42 - [MESSAGE][PASSED] - Text of object 'Object Repository/Page_login/txt_password' is cleared

2018-10-17 14:56:43 - [MESSAGE][PASSED] - Keys '123456' sent to object: 'Object Repository/Page_login/txt_password'

2018-10-17 14:56:43 - [MESSAGE][PASSED] - Object: 'Object Repository/Page_login/btn_login' is clicked on

2018-10-17 14:56:43 - [MESSAGE][PASSED] - Wait for page load successfully

2018-10-17 14:56:43 - [MESSAGE][PASSED] - beautytap.GeneralAction.login is PASSED

2018-10-17 14:56:43 - [TEST_STEP][PASSED] - verifyElementPresent: Object 'Object Repository/Page_General/link_avatar' is present

2018-10-17 14:57:04 - [MESSAGE][PASSED] - Object 'Object Repository/Page_General/link_avatar' is present

2018-10-17 14:57:04 - [TEST_STEP][PASSED] - beautytap.GeneralAction.logout: beautytap.GeneralAction.logout is PASSED

2018-10-17 14:57:04 - [MESSAGE][PASSED] - Object: 'Object Repository/Page_General/link_avatar' is clicked on

2018-10-17 14:57:05 - [MESSAGE][PASSED] - Object 'Object Repository/Page_General/menu_logout' is present

2018-10-17 14:57:05 - [MESSAGE][PASSED] - Object: 'Object Repository/Page_General/menu_logout' is clicked on

2018-10-17 14:57:05 - [MESSAGE][PASSED] - Wait for page load successfully

2018-10-17 14:57:05 - [MESSAGE][PASSED] - beautytap.GeneralAction.logout is PASSED

2018-10-17 14:57:05 - [TEST_STEP][PASSED] - beautytap.GeneralAction.clickNavigationMenu: beautytap.GeneralAction.clickNavigationMenu is PASSED

2018-10-17 14:57:17 - [MESSAGE][PASSED] - Object: 'Object Repository/Page_General/link_login' is clicked on

2018-10-17 14:57:17 - [MESSAGE][PASSED] - Wait for page load successfully

2018-10-17 14:57:17 - [MESSAGE][PASSED] - beautytap.GeneralAction.clickNavigationMenu is PASSED

2018-10-17 14:57:17 - [TEST_STEP][PASSED] - beautytap.GeneralAction.login: beautytap.GeneralAction.login is PASSED

2018-10-17 14:57:17 - [MESSAGE][PASSED] - Text of object 'Object Repository/Page_login/txt_username' is cleared

2018-10-17 14:57:18 - [MESSAGE][PASSED] - Keys 'auto512665@mailinator.com' sent to object: 'Object Repository/Page_login/txt_username'

2018-10-17 14:57:18 - [MESSAGE][PASSED] - Text of object 'Object Repository/Page_login/txt_password' is cleared

2018-10-17 14:57:18 - [MESSAGE][PASSED] - Keys '123456' sent to object: 'Object Repository/Page_login/txt_password'

2018-10-17 14:57:19 - [MESSAGE][PASSED] - Object: 'Object Repository/Page_login/btn_login' is clicked on

2018-10-17 14:57:19 - [MESSAGE][PASSED] - Wait for page load successfully

2018-10-17 14:57:19 - [MESSAGE][PASSED] - beautytap.GeneralAction.login is PASSED

2018-10-17 14:57:19 - [TEST_STEP][PASSED] - verifyElementPresent: Object 'Object Repository/Page_General/link_avatar' is present

2018-10-17 14:57:39 - [MESSAGE][PASSED] - Object 'Object Repository/Page_General/link_avatar' is present

2018-10-17 14:57:39 - [TEST_STEP][PASSED] - beautytap.GeneralAction.logout: beautytap.GeneralAction.logout is PASSED

2018-10-17 14:57:39 - [MESSAGE][PASSED] - Object: 'Object Repository/Page_General/link_avatar' is clicked on

2018-10-17 14:57:40 - [MESSAGE][PASSED] - Object 'Object Repository/Page_General/menu_logout' is present

2018-10-17 14:57:40 - [MESSAGE][PASSED] - Object: 'Object Repository/Page_General/menu_logout' is clicked on

2018-10-17 14:57:40 - [MESSAGE][PASSED] - Wait for page load successfully

2018-10-17 14:57:40 - [MESSAGE][PASSED] - beautytap.GeneralAction.logout is PASSED

2018-10-17 14:57:40 - [TEST_STEP][PASSED] - beautytap.GeneralAction.clickNavigationMenu: beautytap.GeneralAction.clickNavigationMenu is PASSED

2018-10-17 14:57:53 - [MESSAGE][PASSED] - Object: 'Object Repository/Page_General/link_login' is clicked on

2018-10-17 14:57:53 - [MESSAGE][PASSED] - Wait for page load successfully

2018-10-17 14:57:53 - [MESSAGE][PASSED] - beautytap.GeneralAction.clickNavigationMenu is PASSED

2018-10-17 14:57:53 - [TEST_STEP][PASSED] - click: Object: 'Object Repository/Page_Login/link_forgotPassword' is clicked on

2018-10-17 14:57:57 - [MESSAGE][PASSED] - Object: 'Object Repository/Page_Login/link_forgotPassword' is clicked on

2018-10-17 14:57:57 - [TEST_STEP][PASSED] - sendKeys: Keys 'auto512665' sent to object: 'Object Repository/Page_ForgotPassword/txt_usernameOrEmail'

2018-10-17 14:57:57 - [MESSAGE][PASSED] - Keys 'auto512665' sent to object: 'Object Repository/Page_ForgotPassword/txt_usernameOrEmail'

2018-10-17 14:57:57 - [TEST_STEP][PASSED] - click: Object: 'Object Repository/Page_ForgotPassword/btn_forgotPassword' is clicked on

2018-10-17 14:57:58 - [MESSAGE][PASSED] - Object: 'Object Repository/Page_ForgotPassword/btn_forgotPassword' is clicked on

2018-10-17 14:57:58 - [TEST_STEP][PASSED] - verifyElementPresent: Object 'Object Repository/Page_ForgotPassword/lbl_sucessMessage' is present

2018-10-17 14:58:04 - [MESSAGE][PASSED] - Object 'Object Repository/Page_ForgotPassword/lbl_sucessMessage' is present

2018-10-17 14:58:04 - [TEST_STEP][PASSED] - beautytap.GeneralAction.openMailBox: beautytap.GeneralAction.openMailBox is PASSED

2018-10-17 14:58:06 - [MESSAGE][PASSED] - Navigate to 'https://www.mailinator.com' successfully

2018-10-17 14:58:06 - [MESSAGE][PASSED] - Wait for page load successfully

2018-10-17 14:58:06 - [MESSAGE][PASSED] - Keys 'auto512665' sent to object: 'Object Repository/Page_mailinator/txt_email'

2018-10-17 14:58:11 - [MESSAGE][PASSED] - Object: 'Object Repository/Page_mailinator/btn_go' is clicked on

2018-10-17 14:58:11 - [MESSAGE][PASSED] - Wait for page load successfully

2018-10-17 14:58:16 - [MESSAGE][PASSED] - Delayed 5 second(s)

2018-10-17 14:58:16 - [MESSAGE][PASSED] - beautytap.GeneralAction.openMailBox is PASSED

2018-10-17 14:58:16 - [TEST_STEP][PASSED] - beautytap.GeneralAction.verifyEmailExist: beautytap.GeneralAction.verifyEmailExist is PASSED

2018-10-17 14:58:16 - [MESSAGE][PASSED] - Object '' is present

2018-10-17 14:58:16 - [MESSAGE][PASSED] - beautytap.GeneralAction.verifyEmailExist is PASSED

2018-10-17 14:58:16 - [TEST_STEP][PASSED] - beautytap.GeneralAction.openEmail: beautytap.GeneralAction.openEmail is PASSED

2018-10-17 14:58:16 - [MESSAGE][PASSED] - Object: '' is clicked on

2018-10-17 14:58:16 - [MESSAGE][PASSED] - beautytap.GeneralAction.openEmail is PASSED

2018-10-17 14:58:16 - [TEST_STEP][PASSED] - beautytap.GeneralAction.clickEmailLink: beautytap.GeneralAction.clickEmailLink is PASSED

2018-10-17 14:58:17 - [MESSAGE][PASSED] - Text of object '' is: 'https://stage.beautytap.com/wp-login.php?action=rp&key=fiOj9Xo6cWYy3bO3VzuX&login=auto512665'

2018-10-17 14:58:22 - [MESSAGE][PASSED] - Navigate to 'https://stage.beautytap.com/wp-login.php?action=rp&key=fiOj9Xo6cWYy3bO3VzuX&login=auto512665' successfully

2018-10-17 14:58:22 - [MESSAGE][PASSED] - beautytap.GeneralAction.clickEmailLink is PASSED

2018-10-17 14:58:22 - [TEST_STEP][PASSED] - delay: Delayed 20 second(s)

2018-10-17 14:58:42 - [MESSAGE][PASSED] - Delayed 20 second(s)

2018-10-17 14:58:42 - [TEST_STEP][PASSED] - clearText: Text of object 'Object Repository/Page_ForgotPassword/txt_newPassword' is cleared

2018-10-17 14:58:42 - [MESSAGE][PASSED] - Text of object 'Object Repository/Page_ForgotPassword/txt_newPassword' is cleared

2018-10-17 14:58:42 - [TEST_STEP][PASSED] - sendKeys: Keys 'test123' sent to object: 'Object Repository/Page_ForgotPassword/txt_newPassword'

2018-10-17 14:58:42 - [MESSAGE][PASSED] - Keys 'test123' sent to object: 'Object Repository/Page_ForgotPassword/txt_newPassword'

2018-10-17 14:58:42 - [TEST_STEP][PASSED] - click: Object: 'Object Repository/Page_ForgotPassword/btn_resetPassword' is clicked on

2018-10-17 14:58:49 - [MESSAGE][PASSED] - Object: 'Object Repository/Page_ForgotPassword/btn_resetPassword' is clicked on

2018-10-17 14:58:49 - [TEST_STEP][PASSED] - verifyElementPresent: Object 'Object Repository/Page_ForgotPassword/lbl_resetPasswordMessage' is present

2018-10-17 14:58:49 - [MESSAGE][PASSED] - Object 'Object Repository/Page_ForgotPassword/lbl_resetPasswordMessage' is present

2018-10-17 14:58:49 - [TEST_STEP][PASSED] - beautytap.GeneralAction.clickNavigationMenu: beautytap.GeneralAction.clickNavigationMenu is PASSED

2018-10-17 14:58:54 - [MESSAGE][PASSED] - Object: 'Object Repository/Page_General/link_login' is clicked on

2018-10-17 14:58:54 - [MESSAGE][PASSED] - Wait for page load successfully

2018-10-17 14:58:54 - [MESSAGE][PASSED] - beautytap.GeneralAction.clickNavigationMenu is PASSED

2018-10-17 14:58:54 - [TEST_STEP][PASSED] - beautytap.GeneralAction.login: beautytap.GeneralAction.login is PASSED

2018-10-17 14:58:54 - [MESSAGE][PASSED] - Text of object 'Object Repository/Page_login/txt_username' is cleared

2018-10-17 14:58:55 - [MESSAGE][PASSED] - Keys 'auto512665' sent to object: 'Object Repository/Page_login/txt_username'

2018-10-17 14:58:55 - [MESSAGE][PASSED] - Text of object 'Object Repository/Page_login/txt_password' is cleared

2018-10-17 14:58:55 - [MESSAGE][PASSED] - Keys '123456' sent to object: 'Object Repository/Page_login/txt_password'

2018-10-17 14:58:55 - [MESSAGE][PASSED] - Object: 'Object Repository/Page_login/btn_login' is clicked on

2018-10-17 14:58:55 - [MESSAGE][PASSED] - Wait for page load successfully

2018-10-17 14:58:55 - [MESSAGE][PASSED] - beautytap.GeneralAction.login is PASSED

2018-10-17 14:58:55 - [TEST_STEP][PASSED] - verifyElementText: Actual text and expected text of test object 'Object Repository/Page_Login/lbl_errorMessage' are matched.

2018-10-17 14:58:56 - [MESSAGE][PASSED] - Actual text and expected text of test object 'Object Repository/Page_Login/lbl_errorMessage' are matched.

2018-10-17 14:58:56 - [TEST_STEP][PASSED] - beautytap.GeneralAction.login: beautytap.GeneralAction.login is PASSED

2018-10-17 14:58:56 - [MESSAGE][PASSED] - Text of object 'Object Repository/Page_login/txt_username' is cleared

2018-10-17 14:58:56 - [MESSAGE][PASSED] - Keys 'auto512665' sent to object: 'Object Repository/Page_login/txt_username'

2018-10-17 14:58:56 - [MESSAGE][PASSED] - Text of object 'Object Repository/Page_login/txt_password' is cleared

2018-10-17 14:58:56 - [MESSAGE][PASSED] - Keys 'test123' sent to object: 'Object Repository/Page_login/txt_password'

2018-10-17 14:58:57 - [MESSAGE][PASSED] - Object: 'Object Repository/Page_login/btn_login' is clicked on

2018-10-17 14:58:57 - [MESSAGE][PASSED] - Wait for page load successfully

2018-10-17 14:58:57 - [MESSAGE][PASSED] - beautytap.GeneralAction.login is PASSED

2018-10-17 14:58:57 - [TEST_STEP][PASSED] - verifyElementPresent: Object 'Object Repository/Page_General/link_avatar' is present

2018-10-17 14:59:17 - [MESSAGE][PASSED] - Object 'Object Repository/Page_General/link_avatar' is present

2018-10-17 14:59:17 - [TEST_STEP][PASSED] - beautytap.GeneralAction.logout: beautytap.GeneralAction.logout is PASSED

2018-10-17 14:59:17 - [MESSAGE][PASSED] - Object: 'Object Repository/Page_General/link_avatar' is clicked on

2018-10-17 14:59:18 - [MESSAGE][PASSED] - Object 'Object Repository/Page_General/menu_logout' is present

2018-10-17 14:59:18 - [MESSAGE][PASSED] - Object: 'Object Repository/Page_General/menu_logout' is clicked on

2018-10-17 14:59:18 - [MESSAGE][PASSED] - Wait for page load successfully

2018-10-17 14:59:18 - [MESSAGE][PASSED] - beautytap.GeneralAction.logout is PASSED

2018-10-17 14:59:18 - [TEST_STEP][PASSED] - beautytap.GeneralAction.clickNavigationMenu: beautytap.GeneralAction.clickNavigationMenu is PASSED

2018-10-17 14:59:31 - [MESSAGE][PASSED] - Object: 'Object Repository/Page_General/link_login' is clicked on

2018-10-17 14:59:31 - [MESSAGE][PASSED] - Wait for page load successfully

2018-10-17 14:59:31 - [MESSAGE][PASSED] - beautytap.GeneralAction.clickNavigationMenu is PASSED

2018-10-17 14:59:31 - [TEST_STEP][PASSED] - beautytap.GeneralAction.login: beautytap.GeneralAction.login is PASSED

2018-10-17 14:59:31 - [MESSAGE][PASSED] - Text of object 'Object Repository/Page_login/txt_username' is cleared

2018-10-17 14:59:32 - [MESSAGE][PASSED] - Keys 'auto512665@mailinator.com' sent to object: 'Object Repository/Page_login/txt_username'

2018-10-17 14:59:32 - [MESSAGE][PASSED] - Text of object 'Object Repository/Page_login/txt_password' is cleared

2018-10-17 14:59:32 - [MESSAGE][PASSED] - Keys 'test123' sent to object: 'Object Repository/Page_login/txt_password'

2018-10-17 14:59:32 - [MESSAGE][PASSED] - Object: 'Object Repository/Page_login/btn_login' is clicked on

2018-10-17 14:59:32 - [MESSAGE][PASSED] - Wait for page load successfully

2018-10-17 14:59:32 - [MESSAGE][PASSED] - beautytap.GeneralAction.login is PASSED

2018-10-17 14:59:32 - [TEST_STEP][PASSED] - verifyElementPresent: Object 'Object Repository/Page_General/link_avatar' is present

2018-10-17 14:59:53 - [MESSAGE][PASSED] - Object 'Object Repository/Page_General/link_avatar' is present

2018-10-17 14:59:53 - [TEST_STEP][PASSED] - beautytap.GeneralAction.logout: beautytap.GeneralAction.logout is PASSED

2018-10-17 14:59:53 - [MESSAGE][PASSED] - Object: 'Object Repository/Page_General/link_avatar' is clicked on

2018-10-17 14:59:54 - [MESSAGE][PASSED] - Object 'Object Repository/Page_General/menu_logout' is present

2018-10-17 14:59:54 - [MESSAGE][PASSED] - Object: 'Object Repository/Page_General/menu_logout' is clicked on

2018-10-17 14:59:54 - [MESSAGE][PASSED] - Wait for page load successfully

2018-10-17 14:59:55 - [MESSAGE][PASSED] - Browser is closed

2018-10-17 14:59:55 - [MESSAGE][PASSED] - beautytap.GeneralAction.logout is PASSED]]></system-out>
         <system-err><![CDATA[]]></system-err>
      </testcase>
      <testcase name="Test Cases/SignUp_Login_ResetPass/TC02_SignUp_Login_ViaFacebookEmail_NewUser_OldUser" classname="Test Cases/SignUp_Login_ResetPass/TC02_SignUp_Login_ViaFacebookEmail_NewUser_OldUser" status="PASSED">
         <system-out><![CDATA[2018-10-17 14:59:57 - [TEST_CASE][PASSED] - Test Cases/SignUp_Login_ResetPass/TC02_SignUp_Login_ViaFacebookEmail_NewUser_OldUser: Test Cases/SignUp_Login_ResetPass/TC02_SignUp_Login_ViaFacebookEmail_NewUser_OldUser

2018-10-17 14:59:58 - [TEST_STEP][PASSED] - beautytap.AdminAction.deleteUser: beautytap.AdminAction.deleteUser is PASSED

2018-10-17 15:00:07 - [MESSAGE][PASSED] - Browser is opened with url: 'https://stage.beautytap.com/login'

2018-10-17 15:00:08 - [MESSAGE][PASSED] - Current window maximized

2018-10-17 15:00:08 - [MESSAGE][PASSED] - Text of object 'Object Repository/Page_login/txt_username' is cleared

2018-10-17 15:00:09 - [MESSAGE][PASSED] - Keys 'mrwhite' sent to object: 'Object Repository/Page_login/txt_username'

2018-10-17 15:00:09 - [MESSAGE][PASSED] - Text of object 'Object Repository/Page_login/txt_password' is cleared

2018-10-17 15:00:09 - [MESSAGE][PASSED] - Keys 'kgySM$Im' sent to object: 'Object Repository/Page_login/txt_password'

2018-10-17 15:00:09 - [MESSAGE][PASSED] - Object: 'Object Repository/Page_login/btn_login' is clicked on

2018-10-17 15:00:09 - [MESSAGE][PASSED] - Wait for page load successfully

2018-10-17 15:00:09 - [MESSAGE][PASSED] - Wait for page load successfully

2018-10-17 15:00:20 - [MESSAGE][PASSED] - Navigate to 'https://stage.beautytap.com/admin' successfully

2018-10-17 15:00:20 - [MESSAGE][PASSED] - Wait for page load successfully

2018-10-17 15:00:30 - [MESSAGE][PASSED] - Object: 'Object Repository/Page_Admin/menu_users' is clicked on

2018-10-17 15:00:30 - [MESSAGE][PASSED] - Wait for page load successfully

2018-10-17 15:00:30 - [MESSAGE][PASSED] - Text of object 'Object Repository/Page_Admin/txt_searchUser' is cleared

2018-10-17 15:00:30 - [MESSAGE][PASSED] - Keys 'g5.posiba@gmail.com' sent to object: 'Object Repository/Page_Admin/txt_searchUser'

2018-10-17 15:00:35 - [MESSAGE][PASSED] - Object: 'Object Repository/Page_Admin/btn_searchUser' is clicked on

2018-10-17 15:00:35 - [MESSAGE][PASSED] - Wait for page load successfully

2018-10-17 15:00:35 - [MESSAGE][PASSED] - Text of object '' is: 'g5.posiba@gmail.com'

2018-10-17 15:00:35 - [MESSAGE][PASSED] - Attribute 'id' of object '' is: 'user-64405'

2018-10-17 15:00:35 - [MESSAGE][PASSED] - Object: '' is hovered

2018-10-17 15:00:40 - [MESSAGE][PASSED] - Delayed 5 second(s)

2018-10-17 15:00:43 - [MESSAGE][PASSED] - Object: '' is clicked on

2018-10-17 15:00:43 - [MESSAGE][FAILED] - No alert found
[[ATTACHMENT|E:\\BeautytapAutomation\\beautytapAuto\\Beautytap\\Reports\\Regression\\20181017_144227\\1539763243569.png]]

2018-10-17 15:00:44 - [MESSAGE][FAILED] - Unable to accept alert (Root cause: No alert found)
[[ATTACHMENT|E:\\BeautytapAutomation\\beautytapAuto\\Beautytap\\Reports\\Regression\\20181017_144227\\1539763243858.png]]

2018-10-17 15:00:45 - [MESSAGE][PASSED] - Browser is closed

2018-10-17 15:00:45 - [MESSAGE][PASSED] - beautytap.AdminAction.deleteUser is PASSED

2018-10-17 15:00:45 - [TEST_STEP][PASSED] - beautytap.GeneralAction.openBeautytap: beautytap.GeneralAction.openBeautytap is PASSED

2018-10-17 15:01:13 - [MESSAGE][PASSED] - Browser is opened with url: 'https://stage.beautytap.com'

2018-10-17 15:01:15 - [MESSAGE][PASSED] - Current window maximized

2018-10-17 15:01:22 - [MESSAGE][PASSED] - Refresh successfully

2018-10-17 15:01:22 - [MESSAGE][PASSED] - Wait for page load successfully

2018-10-17 15:01:22 - [MESSAGE][PASSED] - beautytap.GeneralAction.openBeautytap is PASSED

2018-10-17 15:01:22 - [TEST_STEP][PASSED] - beautytap.GeneralAction.clickNavigationMenu: beautytap.GeneralAction.clickNavigationMenu is PASSED

2018-10-17 15:01:27 - [MESSAGE][PASSED] - Object: 'Object Repository/Page_General/link_signup' is clicked on

2018-10-17 15:01:27 - [MESSAGE][PASSED] - Wait for page load successfully

2018-10-17 15:01:27 - [MESSAGE][PASSED] - beautytap.GeneralAction.clickNavigationMenu is PASSED

2018-10-17 15:01:27 - [TEST_STEP][PASSED] - beautytap.GeneralAction.signupViaFacebook: beautytap.GeneralAction.signupViaFacebook is PASSED

2018-10-17 15:01:27 - [MESSAGE][PASSED] - Object: 'Object Repository/Page_Signup/btn_signupFB' is clicked on

2018-10-17 15:01:27 - [MESSAGE][PASSED] - Switched to window with index: '1'

2018-10-17 15:01:29 - [MESSAGE][PASSED] - Keys 'g5.posiba@gmail.com' sent to object: 'Object Repository/Popup_FacebookLogin/txt_email'

2018-10-17 15:01:30 - [MESSAGE][PASSED] - Keys 'posiba123' sent to object: 'Object Repository/Popup_FacebookLogin/txt_password'

2018-10-17 15:01:31 - [MESSAGE][PASSED] - Object: 'Object Repository/Popup_FacebookLogin/btn_login' is clicked on

2018-10-17 15:01:33 - [MESSAGE][WARNING] - Cannot take screenshot

2018-10-17 15:01:33 - [MESSAGE][FAILED] - Unable to get text of object 'Object Repository/Popup_FacebookLogin/btn_confirmPermission' (Root cause: org.openqa.selenium.NoSuchWindowException: no such window: window was already closed
  (Session info: chrome=69.0.3497.100)
  (Driver info: chromedriver=2.35.528161 (5b82f2d2aae0ca24b877009200ced9065a772e73),platform=Windows NT 10.0.17134 x86_64) (WARNING: The server did not provide any stacktrace information)
Command duration or timeout: 0 milliseconds
Build info: version: '3.7.1', revision: '8a0099a', time: '2017-11-06T21:07:36.161Z'
System info: host: 'DESKTOP-G1UHP65', ip: '10.0.0.227', os.name: 'Windows 10', os.arch: 'amd64', os.version: '10.0', java.version: '1.8.0_102'
Driver info: com.kms.katalon.selenium.driver.CChromeDriver
Capabilities {acceptInsecureCerts: false, acceptSslCerts: false, applicationCacheEnabled: false, browserConnectionEnabled: false, browserName: chrome, chrome: {chromedriverVersion: 2.35.528161 (5b82f2d2aae0ca..., userDataDir: C:\Users\TRANGN~1\AppData\L...}, cssSelectorsEnabled: true, databaseEnabled: false, handlesAlerts: true, hasTouchScreen: false, javascriptEnabled: true, locationContextEnabled: true, mobileEmulationEnabled: false, nativeEvents: true, networkConnectionEnabled: false, pageLoadStrategy: normal, platform: XP, platformName: XP, rotatable: false, setWindowRect: true, takesHeapSnapshot: true, takesScreenshot: true, unexpectedAlertBehaviour: , unhandledPromptBehavior: , version: 69.0.3497.100, webStorageEnabled: true}
Session ID: b28084e8e1713e23577a9c41ca217f58
*** Element info: {Using=xpath, value=//button[contains(@class,'layerConfirm') and contains(@name,'CONFIRM')]})

2018-10-17 15:01:33 - [MESSAGE][PASSED] - Switched to window with index: '0'

2018-10-17 15:01:48 - [MESSAGE][PASSED] - Delayed 15 second(s)

2018-10-17 15:01:54 - [MESSAGE][PASSED] - Wait for page load successfully

2018-10-17 15:01:54 - [MESSAGE][PASSED] - beautytap.GeneralAction.signupViaFacebook is PASSED

2018-10-17 15:01:54 - [TEST_STEP][PASSED] - verifyElementPresent: Object 'Object Repository/Page_General/link_avatar' is present

2018-10-17 15:01:54 - [MESSAGE][PASSED] - Object 'Object Repository/Page_General/link_avatar' is present

2018-10-17 15:01:54 - [TEST_STEP][PASSED] - beautytap.GeneralAction.logout: beautytap.GeneralAction.logout is PASSED

2018-10-17 15:01:54 - [MESSAGE][PASSED] - Object: 'Object Repository/Page_General/link_avatar' is clicked on

2018-10-17 15:01:55 - [MESSAGE][PASSED] - Object 'Object Repository/Page_General/menu_logout' is present

2018-10-17 15:01:55 - [MESSAGE][PASSED] - Object: 'Object Repository/Page_General/menu_logout' is clicked on

2018-10-17 15:01:55 - [MESSAGE][PASSED] - Wait for page load successfully

2018-10-17 15:01:56 - [MESSAGE][PASSED] - Browser is closed

2018-10-17 15:01:56 - [MESSAGE][PASSED] - beautytap.GeneralAction.logout is PASSED

2018-10-17 15:01:56 - [TEST_STEP][PASSED] - beautytap.AdminAction.deleteUser: beautytap.AdminAction.deleteUser is PASSED

2018-10-17 15:02:08 - [MESSAGE][PASSED] - Browser is opened with url: 'https://stage.beautytap.com/login'

2018-10-17 15:02:09 - [MESSAGE][PASSED] - Current window maximized

2018-10-17 15:02:09 - [MESSAGE][PASSED] - Text of object 'Object Repository/Page_login/txt_username' is cleared

2018-10-17 15:02:10 - [MESSAGE][PASSED] - Keys 'mrwhite' sent to object: 'Object Repository/Page_login/txt_username'

2018-10-17 15:02:10 - [MESSAGE][PASSED] - Text of object 'Object Repository/Page_login/txt_password' is cleared

2018-10-17 15:02:10 - [MESSAGE][PASSED] - Keys 'kgySM$Im' sent to object: 'Object Repository/Page_login/txt_password'

2018-10-17 15:02:10 - [MESSAGE][PASSED] - Object: 'Object Repository/Page_login/btn_login' is clicked on

2018-10-17 15:02:10 - [MESSAGE][PASSED] - Wait for page load successfully

2018-10-17 15:02:11 - [MESSAGE][PASSED] - Wait for page load successfully

2018-10-17 15:02:24 - [MESSAGE][PASSED] - Navigate to 'https://stage.beautytap.com/admin' successfully

2018-10-17 15:02:24 - [MESSAGE][PASSED] - Wait for page load successfully

2018-10-17 15:02:32 - [MESSAGE][PASSED] - Object: 'Object Repository/Page_Admin/menu_users' is clicked on

2018-10-17 15:02:32 - [MESSAGE][PASSED] - Wait for page load successfully

2018-10-17 15:02:32 - [MESSAGE][PASSED] - Text of object 'Object Repository/Page_Admin/txt_searchUser' is cleared

2018-10-17 15:02:32 - [MESSAGE][PASSED] - Keys 'g5.posiba@gmail.com' sent to object: 'Object Repository/Page_Admin/txt_searchUser'

2018-10-17 15:02:38 - [MESSAGE][PASSED] - Object: 'Object Repository/Page_Admin/btn_searchUser' is clicked on

2018-10-17 15:02:38 - [MESSAGE][PASSED] - Wait for page load successfully

2018-10-17 15:02:38 - [MESSAGE][PASSED] - Text of object '' is: 'g5.posiba@gmail.com'

2018-10-17 15:02:38 - [MESSAGE][PASSED] - Attribute 'id' of object '' is: 'user-64405'

2018-10-17 15:02:38 - [MESSAGE][PASSED] - Object: '' is hovered

2018-10-17 15:02:43 - [MESSAGE][PASSED] - Delayed 5 second(s)

2018-10-17 15:02:46 - [MESSAGE][PASSED] - Object: '' is clicked on

2018-10-17 15:02:47 - [MESSAGE][FAILED] - No alert found
[[ATTACHMENT|E:\\BeautytapAutomation\\beautytapAuto\\Beautytap\\Reports\\Regression\\20181017_144227\\1539763366804.png]]

2018-10-17 15:02:47 - [MESSAGE][FAILED] - Unable to accept alert (Root cause: No alert found)
[[ATTACHMENT|E:\\BeautytapAutomation\\beautytapAuto\\Beautytap\\Reports\\Regression\\20181017_144227\\1539763367144.png]]

2018-10-17 15:02:48 - [MESSAGE][PASSED] - Browser is closed

2018-10-17 15:02:48 - [MESSAGE][PASSED] - beautytap.AdminAction.deleteUser is PASSED

2018-10-17 15:02:48 - [TEST_STEP][PASSED] - beautytap.GeneralAction.openBeautytap: beautytap.GeneralAction.openBeautytap is PASSED

2018-10-17 15:03:48 - [MESSAGE][PASSED] - Browser is opened with url: 'https://stage.beautytap.com'

2018-10-17 15:03:49 - [MESSAGE][PASSED] - Current window maximized

2018-10-17 15:03:57 - [MESSAGE][PASSED] - Refresh successfully

2018-10-17 15:03:58 - [MESSAGE][PASSED] - Wait for page load successfully

2018-10-17 15:03:58 - [MESSAGE][PASSED] - beautytap.GeneralAction.openBeautytap is PASSED

2018-10-17 15:03:58 - [TEST_STEP][PASSED] - beautytap.GeneralAction.clickNavigationMenu: beautytap.GeneralAction.clickNavigationMenu is PASSED

2018-10-17 15:04:01 - [MESSAGE][PASSED] - Object: 'Object Repository/Page_General/link_login' is clicked on

2018-10-17 15:04:01 - [MESSAGE][PASSED] - Wait for page load successfully

2018-10-17 15:04:01 - [MESSAGE][PASSED] - beautytap.GeneralAction.clickNavigationMenu is PASSED

2018-10-17 15:04:01 - [TEST_STEP][PASSED] - beautytap.GeneralAction.login: beautytap.GeneralAction.login is PASSED

2018-10-17 15:04:02 - [MESSAGE][PASSED] - Object: 'Object Repository/Page_Login/btn_loginFB' is clicked on

2018-10-17 15:04:02 - [MESSAGE][PASSED] - Switched to window with index: '1'

2018-10-17 15:04:04 - [MESSAGE][PASSED] - Object 'Object Repository/Popup_FacebookLogin/txt_email' is visible

2018-10-17 15:04:05 - [MESSAGE][PASSED] - Keys 'g5.posiba@gmail.com' sent to object: 'Object Repository/Popup_FacebookLogin/txt_email'

2018-10-17 15:04:05 - [MESSAGE][PASSED] - Keys 'posiba123' sent to object: 'Object Repository/Popup_FacebookLogin/txt_password'

2018-10-17 15:04:07 - [MESSAGE][PASSED] - Object: 'Object Repository/Popup_FacebookLogin/btn_login' is clicked on

2018-10-17 15:04:07 - [MESSAGE][PASSED] - Switched to window with index: '0'

2018-10-17 15:04:07 - [MESSAGE][PASSED] - Wait for page load successfully

2018-10-17 15:04:07 - [MESSAGE][PASSED] - beautytap.GeneralAction.login is PASSED

2018-10-17 15:04:07 - [TEST_STEP][PASSED] - verifyElementPresent: Object 'Object Repository/Page_General/link_avatar' is present

2018-10-17 15:04:28 - [MESSAGE][PASSED] - Object 'Object Repository/Page_General/link_avatar' is present

2018-10-17 15:04:28 - [TEST_STEP][PASSED] - beautytap.GeneralAction.logout: beautytap.GeneralAction.logout is PASSED

2018-10-17 15:04:28 - [MESSAGE][PASSED] - Object: 'Object Repository/Page_General/link_avatar' is clicked on

2018-10-17 15:04:28 - [MESSAGE][PASSED] - Object 'Object Repository/Page_General/menu_logout' is present

2018-10-17 15:04:29 - [MESSAGE][PASSED] - Object: 'Object Repository/Page_General/menu_logout' is clicked on

2018-10-17 15:04:29 - [MESSAGE][PASSED] - Wait for page load successfully

2018-10-17 15:04:30 - [MESSAGE][PASSED] - Browser is closed

2018-10-17 15:04:30 - [MESSAGE][PASSED] - beautytap.GeneralAction.logout is PASSED

2018-10-17 15:04:30 - [TEST_STEP][PASSED] - beautytap.GeneralAction.openBeautytap: beautytap.GeneralAction.openBeautytap is PASSED

2018-10-17 15:04:51 - [MESSAGE][PASSED] - Browser is opened with url: 'https://stage.beautytap.com'

2018-10-17 15:04:52 - [MESSAGE][PASSED] - Current window maximized

2018-10-17 15:04:59 - [MESSAGE][PASSED] - Refresh successfully

2018-10-17 15:04:59 - [MESSAGE][PASSED] - Wait for page load successfully

2018-10-17 15:04:59 - [MESSAGE][PASSED] - beautytap.GeneralAction.openBeautytap is PASSED

2018-10-17 15:04:59 - [TEST_STEP][PASSED] - beautytap.GeneralAction.clickNavigationMenu: beautytap.GeneralAction.clickNavigationMenu is PASSED

2018-10-17 15:05:04 - [MESSAGE][PASSED] - Object: 'Object Repository/Page_General/link_signup' is clicked on

2018-10-17 15:05:04 - [MESSAGE][PASSED] - Wait for page load successfully

2018-10-17 15:05:04 - [MESSAGE][PASSED] - beautytap.GeneralAction.clickNavigationMenu is PASSED

2018-10-17 15:05:04 - [TEST_STEP][PASSED] - beautytap.GeneralAction.signupViaFacebook: beautytap.GeneralAction.signupViaFacebook is PASSED

2018-10-17 15:05:04 - [MESSAGE][PASSED] - Object: 'Object Repository/Page_Signup/btn_signupFB' is clicked on

2018-10-17 15:05:04 - [MESSAGE][PASSED] - Switched to window with index: '1'

2018-10-17 15:05:07 - [MESSAGE][PASSED] - Keys 'g5.posiba@gmail.com' sent to object: 'Object Repository/Popup_FacebookLogin/txt_email'

2018-10-17 15:05:07 - [MESSAGE][PASSED] - Keys 'posiba123' sent to object: 'Object Repository/Popup_FacebookLogin/txt_password'

2018-10-17 15:05:08 - [MESSAGE][PASSED] - Object: 'Object Repository/Popup_FacebookLogin/btn_login' is clicked on

2018-10-17 15:05:11 - [MESSAGE][WARNING] - Cannot take screenshot

2018-10-17 15:05:11 - [MESSAGE][FAILED] - Unable to get text of object 'Object Repository/Popup_FacebookLogin/btn_confirmPermission' (Root cause: org.openqa.selenium.NoSuchWindowException: no such window: window was already closed
  (Session info: chrome=69.0.3497.100)
  (Driver info: chromedriver=2.35.528161 (5b82f2d2aae0ca24b877009200ced9065a772e73),platform=Windows NT 10.0.17134 x86_64) (WARNING: The server did not provide any stacktrace information)
Command duration or timeout: 0 milliseconds
Build info: version: '3.7.1', revision: '8a0099a', time: '2017-11-06T21:07:36.161Z'
System info: host: 'DESKTOP-G1UHP65', ip: '10.0.0.227', os.name: 'Windows 10', os.arch: 'amd64', os.version: '10.0', java.version: '1.8.0_102'
Driver info: com.kms.katalon.selenium.driver.CChromeDriver
Capabilities {acceptInsecureCerts: false, acceptSslCerts: false, applicationCacheEnabled: false, browserConnectionEnabled: false, browserName: chrome, chrome: {chromedriverVersion: 2.35.528161 (5b82f2d2aae0ca..., userDataDir: C:\Users\TRANGN~1\AppData\L...}, cssSelectorsEnabled: true, databaseEnabled: false, handlesAlerts: true, hasTouchScreen: false, javascriptEnabled: true, locationContextEnabled: true, mobileEmulationEnabled: false, nativeEvents: true, networkConnectionEnabled: false, pageLoadStrategy: normal, platform: XP, platformName: XP, rotatable: false, setWindowRect: true, takesHeapSnapshot: true, takesScreenshot: true, unexpectedAlertBehaviour: , unhandledPromptBehavior: , version: 69.0.3497.100, webStorageEnabled: true}
Session ID: d5d149accf4748a926fa50518efe0cb1
*** Element info: {Using=xpath, value=//button[contains(@class,'layerConfirm') and contains(@name,'CONFIRM')]})

2018-10-17 15:05:11 - [MESSAGE][PASSED] - Switched to window with index: '0'

2018-10-17 15:05:26 - [MESSAGE][PASSED] - Delayed 15 second(s)

2018-10-17 15:05:31 - [MESSAGE][PASSED] - Wait for page load successfully

2018-10-17 15:05:31 - [MESSAGE][PASSED] - beautytap.GeneralAction.signupViaFacebook is PASSED

2018-10-17 15:05:31 - [TEST_STEP][PASSED] - verifyElementPresent: Object 'Object Repository/Page_General/link_avatar' is present

2018-10-17 15:05:31 - [MESSAGE][PASSED] - Object 'Object Repository/Page_General/link_avatar' is present

2018-10-17 15:05:31 - [TEST_STEP][PASSED] - beautytap.GeneralAction.logout: beautytap.GeneralAction.logout is PASSED

2018-10-17 15:05:31 - [MESSAGE][PASSED] - Object: 'Object Repository/Page_General/link_avatar' is clicked on

2018-10-17 15:05:31 - [MESSAGE][PASSED] - Object 'Object Repository/Page_General/menu_logout' is present

2018-10-17 15:05:32 - [MESSAGE][PASSED] - Object: 'Object Repository/Page_General/menu_logout' is clicked on

2018-10-17 15:05:32 - [MESSAGE][PASSED] - Wait for page load successfully

2018-10-17 15:05:33 - [MESSAGE][PASSED] - Browser is closed

2018-10-17 15:05:33 - [MESSAGE][PASSED] - beautytap.GeneralAction.logout is PASSED

2018-10-17 15:05:33 - [TEST_STEP][PASSED] - beautytap.GeneralAction.openBeautytap: beautytap.GeneralAction.openBeautytap is PASSED

2018-10-17 15:06:03 - [MESSAGE][PASSED] - Browser is opened with url: 'https://stage.beautytap.com'

2018-10-17 15:06:04 - [MESSAGE][PASSED] - Current window maximized

2018-10-17 15:06:12 - [MESSAGE][PASSED] - Refresh successfully

2018-10-17 15:06:12 - [MESSAGE][PASSED] - Wait for page load successfully

2018-10-17 15:06:12 - [MESSAGE][PASSED] - beautytap.GeneralAction.openBeautytap is PASSED

2018-10-17 15:06:12 - [TEST_STEP][PASSED] - beautytap.GeneralAction.clickNavigationMenu: beautytap.GeneralAction.clickNavigationMenu is PASSED

2018-10-17 15:06:17 - [MESSAGE][PASSED] - Object: 'Object Repository/Page_General/link_login' is clicked on

2018-10-17 15:06:17 - [MESSAGE][PASSED] - Wait for page load successfully

2018-10-17 15:06:17 - [MESSAGE][PASSED] - beautytap.GeneralAction.clickNavigationMenu is PASSED

2018-10-17 15:06:17 - [TEST_STEP][PASSED] - beautytap.GeneralAction.login: beautytap.GeneralAction.login is PASSED

2018-10-17 15:06:17 - [MESSAGE][PASSED] - Object: 'Object Repository/Page_Login/btn_loginFB' is clicked on

2018-10-17 15:06:17 - [MESSAGE][PASSED] - Switched to window with index: '1'

2018-10-17 15:06:20 - [MESSAGE][PASSED] - Object 'Object Repository/Popup_FacebookLogin/txt_email' is visible

2018-10-17 15:06:20 - [MESSAGE][PASSED] - Keys 'g5.posiba@gmail.com' sent to object: 'Object Repository/Popup_FacebookLogin/txt_email'

2018-10-17 15:06:20 - [MESSAGE][PASSED] - Keys 'posiba123' sent to object: 'Object Repository/Popup_FacebookLogin/txt_password'

2018-10-17 15:06:22 - [MESSAGE][PASSED] - Object: 'Object Repository/Popup_FacebookLogin/btn_login' is clicked on

2018-10-17 15:06:22 - [MESSAGE][PASSED] - Switched to window with index: '0'

2018-10-17 15:06:22 - [MESSAGE][PASSED] - Wait for page load successfully

2018-10-17 15:06:22 - [MESSAGE][PASSED] - beautytap.GeneralAction.login is PASSED

2018-10-17 15:06:22 - [TEST_STEP][PASSED] - verifyElementPresent: Object 'Object Repository/Page_General/link_avatar' is present

2018-10-17 15:06:44 - [MESSAGE][PASSED] - Object 'Object Repository/Page_General/link_avatar' is present

2018-10-17 15:06:44 - [TEST_STEP][PASSED] - beautytap.GeneralAction.logout: beautytap.GeneralAction.logout is PASSED

2018-10-17 15:06:44 - [MESSAGE][PASSED] - Object: 'Object Repository/Page_General/link_avatar' is clicked on

2018-10-17 15:06:44 - [MESSAGE][PASSED] - Object 'Object Repository/Page_General/menu_logout' is present

2018-10-17 15:06:44 - [MESSAGE][PASSED] - Object: 'Object Repository/Page_General/menu_logout' is clicked on

2018-10-17 15:06:52 - [MESSAGE][PASSED] - Wait for page load successfully

2018-10-17 15:06:53 - [MESSAGE][PASSED] - Browser is closed

2018-10-17 15:06:53 - [MESSAGE][PASSED] - beautytap.GeneralAction.logout is PASSED]]></system-out>
         <system-err><![CDATA[]]></system-err>
      </testcase>
      <testcase name="Test Cases/Shop/TC07_BuyProduct_EarnPendingPoint_EarnRedeemablePoint" classname="Test Cases/Shop/TC07_BuyProduct_EarnPendingPoint_EarnRedeemablePoint" status="PASSED">
         <system-out><![CDATA[2018-10-17 15:06:56 - [TEST_CASE][PASSED] - Test Cases/Shop/TC07_BuyProduct_EarnPendingPoint_EarnRedeemablePoint: Test Cases/Shop/TC07_BuyProduct_EarnPendingPoint_EarnRedeemablePoint

2018-10-17 15:06:56 - [TEST_STEP][PASSED] - Statement - username = USER_EMAIL: null

2018-10-17 15:06:56 - [TEST_STEP][PASSED] - Statement - password = USER_PASSWORD: null

2018-10-17 15:06:56 - [TEST_STEP][PASSED] - Statement - productName = SIMPLE_PRODUCT: null

2018-10-17 15:06:56 - [TEST_STEP][PASSED] - Statement - price = SIMPLE_PRODUCT_PRICE: null

2018-10-17 15:06:56 - [TEST_STEP][PASSED] - Statement - quantity = 3: null

2018-10-17 15:06:56 - [TEST_STEP][PASSED] - Statement - shippingLabel = FREE_SHIPPING_LABEL: null

2018-10-17 15:06:56 - [TEST_STEP][PASSED] - Statement - shippingPrice = 0: null

2018-10-17 15:06:56 - [TEST_STEP][PASSED] - Statement - subtotal = CustomKeywords.beautytap.ShopAction.calculateTotal(quantity, price): beautytap.ShopAction.calculateTotal is PASSED

2018-10-17 15:06:56 - [MESSAGE][PASSED] - beautytap.ShopAction.calculateTotal is PASSED

2018-10-17 15:06:56 - [TEST_STEP][PASSED] - Statement - total = subtotal + shippingPrice: null

2018-10-17 15:06:56 - [TEST_STEP][PASSED] - Statement - products = new org.json.JSONArray((((((([{"productname":" + productName) + ","variation":"","quantity":") + quantity) + ","price":") + price) + "}])): null

2018-10-17 15:06:56 - [TEST_STEP][PASSED] - Statement - billingInformation = new org.json.JSONObject((({"firstname":"Test","lastname":"Automation","country":"United States (US)","address":"123 Testing","city":"New York","state":"New York","zip":"90012","email":" + username) + "})): null

2018-10-17 15:06:56 - [TEST_STEP][PASSED] - Statement - paymentMethod = "PayPal": null

2018-10-17 15:06:56 - [TEST_STEP][PASSED] - beautytap.GeneralAction.openBeautytap: beautytap.GeneralAction.openBeautytap is PASSED

2018-10-17 15:07:14 - [MESSAGE][PASSED] - Browser is opened with url: 'https://stage.beautytap.com'

2018-10-17 15:07:15 - [MESSAGE][PASSED] - Current window maximized

2018-10-17 15:07:22 - [MESSAGE][PASSED] - Refresh successfully

2018-10-17 15:07:22 - [MESSAGE][PASSED] - Wait for page load successfully

2018-10-17 15:07:22 - [MESSAGE][PASSED] - beautytap.GeneralAction.openBeautytap is PASSED

2018-10-17 15:07:22 - [TEST_STEP][PASSED] - beautytap.GeneralAction.clickNavigationMenu: beautytap.GeneralAction.clickNavigationMenu is PASSED

2018-10-17 15:07:26 - [MESSAGE][PASSED] - Object: 'Object Repository/Page_General/link_login' is clicked on

2018-10-17 15:07:26 - [MESSAGE][PASSED] - Wait for page load successfully

2018-10-17 15:07:26 - [MESSAGE][PASSED] - beautytap.GeneralAction.clickNavigationMenu is PASSED

2018-10-17 15:07:26 - [TEST_STEP][PASSED] - beautytap.GeneralAction.login: beautytap.GeneralAction.login is PASSED

2018-10-17 15:07:26 - [MESSAGE][PASSED] - Text of object 'Object Repository/Page_login/txt_username' is cleared

2018-10-17 15:07:27 - [MESSAGE][PASSED] - Keys 'trang2408@mailinator.com' sent to object: 'Object Repository/Page_login/txt_username'

2018-10-17 15:07:27 - [MESSAGE][PASSED] - Text of object 'Object Repository/Page_login/txt_password' is cleared

2018-10-17 15:07:27 - [MESSAGE][PASSED] - Keys '123456' sent to object: 'Object Repository/Page_login/txt_password'

2018-10-17 15:07:27 - [MESSAGE][PASSED] - Object: 'Object Repository/Page_login/btn_login' is clicked on

2018-10-17 15:07:27 - [MESSAGE][PASSED] - Wait for page load successfully

2018-10-17 15:07:27 - [MESSAGE][PASSED] - beautytap.GeneralAction.login is PASSED

2018-10-17 15:07:27 - [TEST_STEP][PASSED] - beautytap.GeneralAction.selectProfileMenu: beautytap.GeneralAction.selectProfileMenu is PASSED

2018-10-17 15:07:49 - [MESSAGE][PASSED] - Object: 'Object Repository/Page_General/link_avatar' is clicked on

2018-10-17 15:07:51 - [MESSAGE][PASSED] - Delayed 2 second(s)

2018-10-17 15:07:55 - [MESSAGE][PASSED] - Object: '' is clicked on

2018-10-17 15:07:55 - [MESSAGE][PASSED] - Wait for page load successfully

2018-10-17 15:07:55 - [MESSAGE][PASSED] - beautytap.GeneralAction.selectProfileMenu is PASSED

2018-10-17 15:07:55 - [TEST_STEP][PASSED] - Statement - objReward = CustomKeywords.beautytap.ShopAction.getRewardDetails(): beautytap.ShopAction.getRewardDetails is PASSED

2018-10-17 15:07:55 - [MESSAGE][PASSED] - Text of object '' is: '1.2 x Rewards Multiplier!'

2018-10-17 15:07:55 - [MESSAGE][PASSED] - Text of object '' is: '1.2 x Rewards Multiplier!'

2018-10-17 15:07:55 - [MESSAGE][PASSED] - Text of object '' is: '14226.11'

2018-10-17 15:07:55 - [MESSAGE][PASSED] - Text of object '' is: '3475.00'

2018-10-17 15:07:55 - [MESSAGE][PASSED] - Text of object '' is: '10056.11'

2018-10-17 15:07:55 - [MESSAGE][PASSED] - Text of object '' is: '$550.00'

2018-10-17 15:07:55 - [MESSAGE][PASSED] - Text of object '' is: 'BB Boss'

2018-10-17 15:07:55 - [MESSAGE][PASSED] - beautytap.ShopAction.getRewardDetails is PASSED

2018-10-17 15:07:55 - [TEST_STEP][PASSED] - Statement - multiplier = java.lang.Float.parseFloat(objReward.get("multiplier")): null

2018-10-17 15:07:55 - [TEST_STEP][PASSED] - Statement - currentlevel = objReward.get("currentlevel"): null

2018-10-17 15:07:55 - [TEST_STEP][PASSED] - Statement - lifetime = java.lang.Float.parseFloat(objReward.get("lifetime")): null

2018-10-17 15:07:56 - [TEST_STEP][PASSED] - Statement - pending = java.lang.Float.parseFloat(objReward.get("pending")): null

2018-10-17 15:07:56 - [TEST_STEP][PASSED] - Statement - redeemable = java.lang.Float.parseFloat(objReward.get("redeemable")): null

2018-10-17 15:07:56 - [TEST_STEP][PASSED] - Statement - pointvalue = java.lang.Float.parseFloat(objReward.get("pointvalue")): null

2018-10-17 15:07:56 - [TEST_STEP][PASSED] - Statement - format = new java.text.DecimalFormat(0.##): null

2018-10-17 15:07:56 - [TEST_STEP][PASSED] - Statement - rewardEarned = java.lang.Float.parseFloat(format.format(multiplier * subtotal)): null

2018-10-17 15:07:56 - [TEST_STEP][PASSED] - Statement - notificationMessage = "You received " + rewardEarned + " redeemable points": null

2018-10-17 15:07:56 - [TEST_STEP][PASSED] - beautytap.ShopAction.globalSearch: beautytap.ShopAction.globalSearch is PASSED

2018-10-17 15:07:56 - [MESSAGE][PASSED] - Object: 'Object Repository/Page_General/icon_search' is clicked on

2018-10-17 15:08:01 - [MESSAGE][PASSED] - Delayed 5 second(s)

2018-10-17 15:08:01 - [MESSAGE][PASSED] - Text of object 'Object Repository/Page_General/txt_search' is cleared

2018-10-17 15:08:01 - [MESSAGE][PASSED] - Keys 'CONTROL + v' sent to object: 'Object Repository/Page_General/txt_search'

2018-10-17 15:08:06 - [MESSAGE][PASSED] - Delayed 5 second(s)

2018-10-17 15:08:06 - [MESSAGE][PASSED] - beautytap.ShopAction.globalSearch is PASSED

2018-10-17 15:08:06 - [TEST_STEP][PASSED] - beautytap.ShopAction.selectSearchResult: beautytap.ShopAction.selectSearchResult is PASSED

2018-10-17 15:08:06 - [MESSAGE][PASSED] - Text of object '' is: 'La Muse Correct Care Complete Cushion SPF50+'

2018-10-17 15:08:06 - [MESSAGE][PASSED] - Object '' is present

2018-10-17 15:08:15 - [MESSAGE][PASSED] - Object: '' is clicked on

2018-10-17 15:08:15 - [MESSAGE][PASSED] - Wait for page load successfully

2018-10-17 15:08:15 - [MESSAGE][PASSED] - beautytap.ShopAction.selectSearchResult is PASSED

2018-10-17 15:08:15 - [TEST_STEP][PASSED] - beautytap.ShopAction.addProductToCart: beautytap.ShopAction.addProductToCart is PASSED

2018-10-17 15:08:15 - [MESSAGE][PASSED] - Text of object 'Object Repository/Page_Shop/txt_quantity' is cleared

2018-10-17 15:08:15 - [MESSAGE][PASSED] - Keys '3' sent to object: 'Object Repository/Page_Shop/txt_quantity'

2018-10-17 15:08:16 - [MESSAGE][PASSED] - Object: 'Object Repository/Page_Shop/btn_addToCart' is clicked on

2018-10-17 15:08:16 - [MESSAGE][PASSED] - Wait for page load successfully

2018-10-17 15:08:25 - [MESSAGE][PASSED] - Object 'Object Repository/Page_Shop/lbl_message' is present

2018-10-17 15:08:30 - [MESSAGE][PASSED] - Delayed 5 second(s)

2018-10-17 15:08:30 - [MESSAGE][PASSED] - beautytap.ShopAction.addProductToCart is PASSED

2018-10-17 15:08:30 - [TEST_STEP][PASSED] - beautytap.ShopAction.goToCart: beautytap.ShopAction.goToCart is PASSED

2018-10-17 15:08:30 - [MESSAGE][PASSED] - Object 'Object Repository/Page_General/icon_cart' is present

2018-10-17 15:08:36 - [MESSAGE][PASSED] - Object: 'Object Repository/Page_General/icon_cart' is clicked on

2018-10-17 15:08:36 - [MESSAGE][PASSED] - Wait for page load successfully

2018-10-17 15:08:36 - [MESSAGE][PASSED] - beautytap.ShopAction.goToCart is PASSED

2018-10-17 15:08:36 - [TEST_STEP][PASSED] - beautytap.ShopAction.processToCheckout: beautytap.ShopAction.processToCheckout is PASSED

2018-10-17 15:08:45 - [MESSAGE][PASSED] - Object: 'Object Repository/Page_Cart/btn_checkout' is clicked on

2018-10-17 15:08:45 - [MESSAGE][PASSED] - Wait for page load successfully

2018-10-17 15:08:45 - [MESSAGE][PASSED] - beautytap.ShopAction.processToCheckout is PASSED

2018-10-17 15:08:45 - [TEST_STEP][PASSED] - beautytap.ShopAction.fillCustomerInformation: beautytap.ShopAction.fillCustomerInformation is PASSED

2018-10-17 15:08:45 - [MESSAGE][PASSED] - Text of object 'Object Repository/Page_Checkout/txt_billingFirstName' is cleared

2018-10-17 15:08:45 - [MESSAGE][PASSED] - Keys 'Test' sent to object: 'Object Repository/Page_Checkout/txt_billingFirstName'

2018-10-17 15:08:46 - [MESSAGE][PASSED] - Text of object 'Object Repository/Page_Checkout/txt_billingLastName' is cleared

2018-10-17 15:08:47 - [MESSAGE][PASSED] - Keys 'Automation' sent to object: 'Object Repository/Page_Checkout/txt_billingLastName'

2018-10-17 15:08:47 - [MESSAGE][PASSED] - All options with label 'United States (US)' are selected in object 'Object Repository/Page_Checkout/drop_billingCountry' 

2018-10-17 15:08:52 - [MESSAGE][PASSED] - Delayed 5 second(s)

2018-10-17 15:08:52 - [MESSAGE][PASSED] - Text of object 'Object Repository/Page_Checkout/txt_billingAddress' is cleared

2018-10-17 15:08:53 - [MESSAGE][PASSED] - Keys '123 Testing' sent to object: 'Object Repository/Page_Checkout/txt_billingAddress'

2018-10-17 15:08:53 - [MESSAGE][PASSED] - Text of object 'Object Repository/Page_Checkout/txt_billingCity' is cleared

2018-10-17 15:08:54 - [MESSAGE][PASSED] - Keys 'New York' sent to object: 'Object Repository/Page_Checkout/txt_billingCity'

2018-10-17 15:08:54 - [MESSAGE][PASSED] - All options with label 'New York' are selected in object 'Object Repository/Page_Checkout/drop_billingState' 

2018-10-17 15:08:54 - [MESSAGE][PASSED] - Text of object 'Object Repository/Page_Checkout/txt_billingZip' is cleared

2018-10-17 15:08:54 - [MESSAGE][PASSED] - Keys '90012' sent to object: 'Object Repository/Page_Checkout/txt_billingZip'

2018-10-17 15:08:55 - [MESSAGE][PASSED] - Text of object 'Object Repository/Page_Checkout/txt_billingEmail' is cleared

2018-10-17 15:08:56 - [MESSAGE][PASSED] - Keys 'trang2408@mailinator.com' sent to object: 'Object Repository/Page_Checkout/txt_billingEmail'

2018-10-17 15:08:56 - [MESSAGE][PASSED] - Object 'Object Repository/Page_Checkout/chk_shipToDifferentAddress' is un-checked

2018-10-17 15:08:57 - [MESSAGE][PASSED] - Text of object 'Object Repository/Page_Checkout/txt_orderNote' is cleared

2018-10-17 15:08:57 - [MESSAGE][PASSED] - Keys 'TC07' sent to object: 'Object Repository/Page_Checkout/txt_orderNote'

2018-10-17 15:08:57 - [MESSAGE][PASSED] - Object 'Object Repository/Page_Checkout/radio_creditCard' is checked

2018-10-17 15:09:02 - [MESSAGE][PASSED] - Delayed 5 second(s)

2018-10-17 15:09:02 - [MESSAGE][PASSED] - beautytap.ShopAction.fillCustomerInformation is PASSED

2018-10-17 15:09:02 - [TEST_STEP][PASSED] - beautytap.ShopAction.VerifyOrderDetailsOnCheckout: Keyword VerifyOrderDetailsOnCheckout is Passed

2018-10-17 15:09:02 - [MESSAGE][PASSED] - Object '' is present

2018-10-17 15:09:02 - [MESSAGE][PASSED] - Text of object '' is: '$95.40'

2018-10-17 15:09:02 - [MESSAGE][PASSED] - Text of object '' is: 'Free shipping for orders over $70
Why does shipping take this long?'

2018-10-17 15:09:03 - [MESSAGE][PASSED] - Text of object '' is: '$95.40'

2018-10-17 15:09:03 - [MESSAGE][PASSED] - Keyword VerifyOrderDetailsOnCheckout is Passed

2018-10-17 15:09:03 - [TEST_STEP][PASSED] - beautytap.ShopAction.VerifyRewardEarned: Keyword VerifyRewardEarned is Passed

2018-10-17 15:09:03 - [MESSAGE][PASSED] - Text of object '' is: 'Status: BB Boss ( $95.4 x Rewards Multiplier )'

2018-10-17 15:09:03 - [MESSAGE][PASSED] - Text of object '' is: 'Status: BB Boss ( $95.4 x Rewards Multiplier )'

2018-10-17 15:09:03 - [MESSAGE][PASSED] - Text of object '' is: 'Status: BB Boss ( $95.4 x Rewards Multiplier )'

2018-10-17 15:09:03 - [MESSAGE][PASSED] - Text of object '' is: 'Multiplier: $95.4 x 1.2'

2018-10-17 15:09:03 - [MESSAGE][PASSED] - Text of object '' is: 'Multiplier: $95.4 x 1.2'

2018-10-17 15:09:03 - [MESSAGE][PASSED] - Text of object '' is: '114.5 Points!'

2018-10-17 15:09:03 - [MESSAGE][PASSED] - Text of object '' is: '114.5 Points!'

2018-10-17 15:09:04 - [MESSAGE][PASSED] - Text of object '' is: 'Multiplier: $95.4 x 1.2'

2018-10-17 15:09:04 - [MESSAGE][PASSED] - Text of object '' is: 'Multiplier: $95.4 x 1.2'

2018-10-17 15:09:04 - [MESSAGE][PASSED] - Text of object '' is: 'Multiplier: $95.4 x 1.2'

2018-10-17 15:09:04 - [MESSAGE][PASSED] - Keyword VerifyRewardEarned is Passed

2018-10-17 15:09:04 - [TEST_STEP][PASSED] - beautytap.ShopAction.checkoutViaPaypal: beautytap.ShopAction.checkoutViaPaypal is PASSED

2018-10-17 15:09:04 - [MESSAGE][PASSED] - Object 'Object Repository/Page_Checkout/radio_paypal' is checked

2018-10-17 15:09:09 - [MESSAGE][PASSED] - Delayed 5 second(s)

2018-10-17 15:09:09 - [MESSAGE][PASSED] - Object 'Object Repository/Page_Checkout/chk_terms' is checked

2018-10-17 15:09:10 - [MESSAGE][PASSED] - Object: 'Object Repository/Page_Checkout/btn_placeOrder' is clicked on

2018-10-17 15:09:18 - [MESSAGE][PASSED] - Object 'Object Repository/Page_Paypal/txt_email' is present

2018-10-17 15:09:18 - [MESSAGE][PASSED] - Text of object 'Object Repository/Page_Paypal/txt_email' is cleared

2018-10-17 15:09:19 - [MESSAGE][PASSED] - Keys 'g1.posiba@gmail.com' sent to object: 'Object Repository/Page_Paypal/txt_email'

2018-10-17 15:09:19 - [MESSAGE][PASSED] - Text of object 'Object Repository/Page_Paypal/txt_password' is cleared

2018-10-17 15:09:19 - [MESSAGE][PASSED] - Keys 'Tr@ng99%' sent to object: 'Object Repository/Page_Paypal/txt_password'

2018-10-17 15:09:30 - [MESSAGE][PASSED] - Object: 'Object Repository/Page_Paypal/btn_login' is clicked on

2018-10-17 15:09:33 - [MESSAGE][PASSED] - Object 'Object Repository/Page_Paypal/btn_payNow' is present

2018-10-17 15:09:38 - [MESSAGE][PASSED] - Delayed 5 second(s)

2018-10-17 15:09:39 - [MESSAGE][PASSED] - Object: 'Object Repository/Page_Paypal/btn_payNow' is clicked on

2018-10-17 15:10:02 - [MESSAGE][PASSED] - Object 'Object Repository/Page_Checkout/lbl_orderReceived' is present

2018-10-17 15:10:02 - [MESSAGE][PASSED] - beautytap.ShopAction.checkoutViaPaypal is PASSED

2018-10-17 15:10:02 - [TEST_STEP][PASSED] - beautytap.ShopAction.VerifyOrderReceivedDetails: Keyword VerifyOrderReceivedDetails is Passed

2018-10-17 15:10:02 - [MESSAGE][PASSED] - Object '' is present

2018-10-17 15:10:02 - [MESSAGE][PASSED] - Text of object '' is: '$95.40'

2018-10-17 15:10:02 - [MESSAGE][PASSED] - Text of object '' is: 'Free shipping for orders over $70'

2018-10-17 15:10:08 - [MESSAGE][WARNING] - com.kms.katalon.core.webui.exception.WebElementNotFoundException: Web element with id: '' located by 'By.xpath: //th[text()='Shipping:']/parent::tr/td/span' not found
[[ATTACHMENT|E:\\BeautytapAutomation\\beautytapAuto\\Beautytap\\Reports\\Regression\\20181017_144227\\1539763808064.png]]

2018-10-17 15:10:08 - [MESSAGE][PASSED] - Text of object '' is: 'PayPal'

2018-10-17 15:10:08 - [MESSAGE][PASSED] - Text of object '' is: '$95.40'

2018-10-17 15:10:08 - [MESSAGE][PASSED] - Keyword VerifyOrderReceivedDetails is Passed

2018-10-17 15:10:08 - [TEST_STEP][PASSED] - beautytap.ShopAction.VerifyRewardEarned: Keyword VerifyRewardEarned is Passed

2018-10-17 15:10:08 - [MESSAGE][PASSED] - Text of object '' is: 'Status: BB Boss ( $95.40 x Rewards Multiplier )'

2018-10-17 15:10:08 - [MESSAGE][PASSED] - Text of object '' is: 'Status: BB Boss ( $95.40 x Rewards Multiplier )'

2018-10-17 15:10:08 - [MESSAGE][PASSED] - Text of object '' is: 'Status: BB Boss ( $95.40 x Rewards Multiplier )'

2018-10-17 15:10:08 - [MESSAGE][PASSED] - Text of object '' is: 'Multiplier: $95.40 x 1.2'

2018-10-17 15:10:08 - [MESSAGE][PASSED] - Text of object '' is: 'Multiplier: $95.40 x 1.2'

2018-10-17 15:10:08 - [MESSAGE][PASSED] - Text of object '' is: '114.5 Points!'

2018-10-17 15:10:08 - [MESSAGE][PASSED] - Text of object '' is: '114.5 Points!'

2018-10-17 15:10:08 - [MESSAGE][PASSED] - Text of object '' is: 'Multiplier: $95.40 x 1.2'

2018-10-17 15:10:08 - [MESSAGE][PASSED] - Text of object '' is: 'Multiplier: $95.40 x 1.2'

2018-10-17 15:10:08 - [MESSAGE][PASSED] - Text of object '' is: 'Multiplier: $95.40 x 1.2'

2018-10-17 15:10:08 - [MESSAGE][PASSED] - Keyword VerifyRewardEarned is Passed

2018-10-17 15:10:08 - [TEST_STEP][PASSED] - Statement - orderInfo = CustomKeywords.beautytap.ShopAction.getOrderInfoOnOrderReceived(): beautytap.ShopAction.getOrderInfoOnOrderReceived is PASSED

2018-10-17 15:10:09 - [MESSAGE][PASSED] - Text of object '' is: '137974'

2018-10-17 15:10:09 - [MESSAGE][PASSED] - Text of object '' is: 'October 17, 2018'

2018-10-17 15:10:09 - [MESSAGE][PASSED] - beautytap.ShopAction.getOrderInfoOnOrderReceived is PASSED

2018-10-17 15:10:09 - [TEST_STEP][PASSED] - Statement - orderNumber = orderInfo.get("ordernumber"): null

2018-10-17 15:10:09 - [TEST_STEP][PASSED] - Statement - orderDate = orderInfo.get("date"): null

2018-10-17 15:10:09 - [TEST_STEP][PASSED] - Statement - completeOrderSubject = "Your " + SITE_TITLE + " order from " + orderDate + " is complete": null

2018-10-17 15:10:09 - [TEST_STEP][PASSED] - Statement - completeOrderSubject = completeOrderSubject.replace("[", "").replace("]", ""): null

2018-10-17 15:10:09 - [TEST_STEP][PASSED] - beautytap.GeneralAction.selectProfileMenu: beautytap.GeneralAction.selectProfileMenu is PASSED

2018-10-17 15:10:09 - [MESSAGE][PASSED] - Object: 'Object Repository/Page_General/link_avatar' is clicked on

2018-10-17 15:10:11 - [MESSAGE][PASSED] - Delayed 2 second(s)

2018-10-17 15:10:16 - [MESSAGE][PASSED] - Object: '' is clicked on

2018-10-17 15:10:16 - [MESSAGE][PASSED] - Wait for page load successfully

2018-10-17 15:10:16 - [MESSAGE][PASSED] - beautytap.GeneralAction.selectProfileMenu is PASSED

2018-10-17 15:10:16 - [TEST_STEP][PASSED] - Statement - newPending = java.lang.Float.parseFloat(java.lang.String.format("%.2f", pending + rewardEarned)): null

2018-10-17 15:10:16 - [TEST_STEP][PASSED] - beautytap.ShopAction.VerifyRewardPointsDetails: Keyword VerifyRewardPoints is Passed

2018-10-17 15:10:16 - [MESSAGE][PASSED] - Text of object '' is: '14226.11'

2018-10-17 15:10:17 - [MESSAGE][PASSED] - Text of object '' is: '3589.48'

2018-10-17 15:10:17 - [MESSAGE][PASSED] - Text of object '' is: '10056.11'

2018-10-17 15:10:17 - [MESSAGE][PASSED] - Text of object '' is: '$550.00'

2018-10-17 15:10:17 - [MESSAGE][PASSED] - Keyword VerifyRewardPoints is Passed

2018-10-17 15:10:17 - [TEST_STEP][PASSED] - beautytap.ShopAction.VerifyRewardHistory: Keyword VerifyRewardHistory is Passed

2018-10-17 15:10:17 - [MESSAGE][PASSED] - Object '' is present

2018-10-17 15:10:17 - [MESSAGE][PASSED] - Text of object '' is: ''

2018-10-17 15:10:17 - [MESSAGE][PASSED] - Text of object '' is: '$95.40'

2018-10-17 15:10:17 - [MESSAGE][PASSED] - Text of object '' is: '1.2'

2018-10-17 15:10:17 - [MESSAGE][PASSED] - Text of object '' is: '0.00'

2018-10-17 15:10:17 - [MESSAGE][PASSED] - Text of object '' is: '10056.11'

2018-10-17 15:10:17 - [MESSAGE][PASSED] - Keyword VerifyRewardHistory is Passed

2018-10-17 15:10:17 - [TEST_STEP][PASSED] - beautytap.ShopAction.VerifyRewardHistory: Keyword VerifyRewardHistory is Passed

2018-10-17 15:10:17 - [MESSAGE][PASSED] - Object '' is present

2018-10-17 15:10:17 - [MESSAGE][PASSED] - Text of object '' is: ''

2018-10-17 15:10:17 - [MESSAGE][PASSED] - Text of object '' is: '$95.40'

2018-10-17 15:10:17 - [MESSAGE][PASSED] - Text of object '' is: '1.2'

2018-10-17 15:10:17 - [MESSAGE][PASSED] - Text of object '' is: '0.00'

2018-10-17 15:10:18 - [MESSAGE][PASSED] - Text of object '' is: '10056.11'

2018-10-17 15:10:18 - [MESSAGE][PASSED] - Keyword VerifyRewardHistory is Passed

2018-10-17 15:10:18 - [TEST_STEP][PASSED] - beautytap.GeneralAction.logout: beautytap.GeneralAction.logout is PASSED

2018-10-17 15:10:18 - [MESSAGE][PASSED] - Object: 'Object Repository/Page_General/link_avatar' is clicked on

2018-10-17 15:10:19 - [MESSAGE][PASSED] - Object 'Object Repository/Page_General/menu_logout' is present

2018-10-17 15:10:19 - [MESSAGE][PASSED] - Object: 'Object Repository/Page_General/menu_logout' is clicked on

2018-10-17 15:10:19 - [MESSAGE][PASSED] - Wait for page load successfully

2018-10-17 15:10:19 - [MESSAGE][PASSED] - beautytap.GeneralAction.logout is PASSED

2018-10-17 15:10:19 - [TEST_STEP][PASSED] - beautytap.GeneralAction.clickNavigationMenu: beautytap.GeneralAction.clickNavigationMenu is PASSED

2018-10-17 15:10:32 - [MESSAGE][PASSED] - Object: 'Object Repository/Page_General/link_login' is clicked on

2018-10-17 15:10:32 - [MESSAGE][PASSED] - Wait for page load successfully

2018-10-17 15:10:32 - [MESSAGE][PASSED] - beautytap.GeneralAction.clickNavigationMenu is PASSED

2018-10-17 15:10:32 - [TEST_STEP][PASSED] - beautytap.GeneralAction.login: beautytap.GeneralAction.login is PASSED

2018-10-17 15:10:32 - [MESSAGE][PASSED] - Text of object 'Object Repository/Page_login/txt_username' is cleared

2018-10-17 15:10:32 - [MESSAGE][PASSED] - Keys 'mrwhite' sent to object: 'Object Repository/Page_login/txt_username'

2018-10-17 15:10:32 - [MESSAGE][PASSED] - Text of object 'Object Repository/Page_login/txt_password' is cleared

2018-10-17 15:10:32 - [MESSAGE][PASSED] - Keys 'kgySM$Im' sent to object: 'Object Repository/Page_login/txt_password'

2018-10-17 15:10:33 - [MESSAGE][PASSED] - Object: 'Object Repository/Page_login/btn_login' is clicked on

2018-10-17 15:10:33 - [MESSAGE][PASSED] - Wait for page load successfully

2018-10-17 15:10:33 - [MESSAGE][PASSED] - beautytap.GeneralAction.login is PASSED

2018-10-17 15:10:33 - [TEST_STEP][PASSED] - navigateToUrl: Navigate to 'https://stage.beautytap.com/admin' successfully

2018-10-17 15:10:44 - [MESSAGE][PASSED] - Navigate to 'https://stage.beautytap.com/admin' successfully

2018-10-17 15:10:44 - [TEST_STEP][PASSED] - beautytap.AdminAction.changeOrderStatus: beautytap.AdminAction.changeOrderStatus is PASSED

2018-10-17 15:10:55 - [MESSAGE][PASSED] - Object: '' is clicked on

2018-10-17 15:10:55 - [MESSAGE][PASSED] - Wait for page load successfully

2018-10-17 15:11:02 - [MESSAGE][PASSED] - Object: '' is clicked on

2018-10-17 15:11:02 - [MESSAGE][PASSED] - Wait for page load successfully

2018-10-17 15:11:03 - [MESSAGE][PASSED] - Text of object 'Object Repository/Page_Admin/txt_searchOrder' is cleared

2018-10-17 15:11:03 - [MESSAGE][PASSED] - Keys '137974' sent to object: 'Object Repository/Page_Admin/txt_searchOrder'

2018-10-17 15:11:08 - [MESSAGE][PASSED] - Object: 'Object Repository/Page_Admin/btn_searchOrder' is clicked on

2018-10-17 15:11:08 - [MESSAGE][PASSED] - Wait for page load successfully

2018-10-17 15:11:25 - [MESSAGE][PASSED] - Object: '' is clicked on

2018-10-17 15:11:25 - [MESSAGE][PASSED] - Wait for page load successfully

2018-10-17 15:11:26 - [MESSAGE][PASSED] - All options with label 'Completed' are selected in object 'Object Repository/Page_Admin/drop_orderStatus' 

2018-10-17 15:11:26 - [MESSAGE][PASSED] - Object: 'Object Repository/Page_Admin/btn_saveOrder' is clicked on

2018-10-17 15:11:46 - [MESSAGE][PASSED] - Object 'Object Repository/Page_Admin/lbl_orderUpdatedMessage' is present

2018-10-17 15:11:46 - [MESSAGE][PASSED] - beautytap.AdminAction.changeOrderStatus is PASSED

2018-10-17 15:11:46 - [TEST_STEP][PASSED] - beautytap.GeneralAction.openMailBox: beautytap.GeneralAction.openMailBox is PASSED

2018-10-17 15:11:48 - [MESSAGE][PASSED] - Navigate to 'https://www.mailinator.com' successfully

2018-10-17 15:11:48 - [MESSAGE][PASSED] - Wait for page load successfully

2018-10-17 15:11:48 - [MESSAGE][PASSED] - Keys 'trang2408@mailinator.com' sent to object: 'Object Repository/Page_mailinator/txt_email'

2018-10-17 15:12:00 - [MESSAGE][PASSED] - Object: 'Object Repository/Page_mailinator/btn_go' is clicked on

2018-10-17 15:12:00 - [MESSAGE][PASSED] - Wait for page load successfully

2018-10-17 15:12:05 - [MESSAGE][PASSED] - Delayed 5 second(s)

2018-10-17 15:12:05 - [MESSAGE][PASSED] - beautytap.GeneralAction.openMailBox is PASSED

2018-10-17 15:12:05 - [TEST_STEP][PASSED] - beautytap.GeneralAction.verifyEmailExist: beautytap.GeneralAction.verifyEmailExist is PASSED

2018-10-17 15:12:05 - [MESSAGE][PASSED] - Object '' is present

2018-10-17 15:12:05 - [MESSAGE][PASSED] - beautytap.GeneralAction.verifyEmailExist is PASSED

2018-10-17 15:12:05 - [TEST_STEP][PASSED] - beautytap.GeneralAction.openEmail: beautytap.GeneralAction.openEmail is PASSED

2018-10-17 15:12:06 - [MESSAGE][PASSED] - Object: '' is clicked on

2018-10-17 15:12:06 - [MESSAGE][PASSED] - beautytap.GeneralAction.openEmail is PASSED

2018-10-17 15:12:06 - [TEST_STEP][PASSED] - beautytap.ShopAction.VerifyOrderCompleteEmail: Keyword VerifyOrderCompleteEmail is Passed

2018-10-17 15:12:06 - [MESSAGE][PASSED] - Object '' is present

2018-10-17 15:12:06 - [MESSAGE][PASSED] - Text of object '' is: 'La Muse Correct Care Complete Cushion SPF50+'

2018-10-17 15:12:07 - [MESSAGE][PASSED] - Text of object '' is: '3'

2018-10-17 15:12:07 - [MESSAGE][PASSED] - Text of object '' is: '$95.40'

2018-10-17 15:12:07 - [MESSAGE][PASSED] - Text of object '' is: '$95.40'

2018-10-17 15:12:07 - [MESSAGE][PASSED] - Text of object '' is: 'Free shipping for orders over $70'

2018-10-17 15:12:12 - [MESSAGE][WARNING] - com.kms.katalon.core.webui.exception.WebElementNotFoundException: Web element with id: '' located by 'By.xpath: //th[text()='Shipping:']/parent::tr/td/span' not found
[[ATTACHMENT|E:\\BeautytapAutomation\\beautytapAuto\\Beautytap\\Reports\\Regression\\20181017_144227\\1539763932541.png]]

2018-10-17 15:12:12 - [MESSAGE][PASSED] - Text of object '' is: 'PayPal'

2018-10-17 15:12:13 - [MESSAGE][PASSED] - Text of object '' is: '114.48'

2018-10-17 15:12:13 - [MESSAGE][PASSED] - Text of object '' is: '$95.40'

2018-10-17 15:12:13 - [MESSAGE][PASSED] - Keyword VerifyOrderCompleteEmail is Passed

2018-10-17 15:12:13 - [TEST_STEP][PASSED] - closeBrowser: Browser is closed

2018-10-17 15:12:14 - [MESSAGE][PASSED] - Browser is closed

2018-10-17 15:12:14 - [TEST_STEP][PASSED] - beautytap.GeneralAction.openBeautytap: beautytap.GeneralAction.openBeautytap is PASSED

2018-10-17 15:12:59 - [MESSAGE][PASSED] - Browser is opened with url: 'https://stage.beautytap.com'

2018-10-17 15:13:00 - [MESSAGE][PASSED] - Current window maximized

2018-10-17 15:13:08 - [MESSAGE][PASSED] - Refresh successfully

2018-10-17 15:13:08 - [MESSAGE][PASSED] - Wait for page load successfully

2018-10-17 15:13:08 - [MESSAGE][PASSED] - beautytap.GeneralAction.openBeautytap is PASSED

2018-10-17 15:13:08 - [TEST_STEP][PASSED] - beautytap.GeneralAction.clickNavigationMenu: beautytap.GeneralAction.clickNavigationMenu is PASSED

2018-10-17 15:13:12 - [MESSAGE][PASSED] - Object: 'Object Repository/Page_General/link_login' is clicked on

2018-10-17 15:13:12 - [MESSAGE][PASSED] - Wait for page load successfully

2018-10-17 15:13:12 - [MESSAGE][PASSED] - beautytap.GeneralAction.clickNavigationMenu is PASSED

2018-10-17 15:13:12 - [TEST_STEP][PASSED] - beautytap.GeneralAction.login: beautytap.GeneralAction.login is PASSED

2018-10-17 15:13:12 - [MESSAGE][PASSED] - Text of object 'Object Repository/Page_login/txt_username' is cleared

2018-10-17 15:13:13 - [MESSAGE][PASSED] - Keys 'trang2408@mailinator.com' sent to object: 'Object Repository/Page_login/txt_username'

2018-10-17 15:13:13 - [MESSAGE][PASSED] - Text of object 'Object Repository/Page_login/txt_password' is cleared

2018-10-17 15:13:13 - [MESSAGE][PASSED] - Keys '123456' sent to object: 'Object Repository/Page_login/txt_password'

2018-10-17 15:13:13 - [MESSAGE][PASSED] - Object: 'Object Repository/Page_login/btn_login' is clicked on

2018-10-17 15:13:13 - [MESSAGE][PASSED] - Wait for page load successfully

2018-10-17 15:13:13 - [MESSAGE][PASSED] - beautytap.GeneralAction.login is PASSED

2018-10-17 15:13:13 - [TEST_STEP][PASSED] - beautytap.GeneralAction.VerifyNotificationText: Keyword VerifyNotificationText is Passed

2018-10-17 15:13:36 - [MESSAGE][PASSED] - Object: 'Object Repository/Page_General/link_notificationIcon' is clicked on

2018-10-17 15:13:41 - [MESSAGE][PASSED] - Delayed 5 second(s)

2018-10-17 15:13:41 - [MESSAGE][PASSED] - Text of object '' is: 'You received 114.48 redeemable points'

2018-10-17 15:13:41 - [MESSAGE][PASSED] - Keyword VerifyNotificationText is Passed

2018-10-17 15:13:41 - [TEST_STEP][PASSED] - beautytap.GeneralAction.selectProfileMenu: beautytap.GeneralAction.selectProfileMenu is PASSED

2018-10-17 15:13:41 - [MESSAGE][PASSED] - Object: 'Object Repository/Page_General/link_avatar' is clicked on

2018-10-17 15:13:43 - [MESSAGE][PASSED] - Delayed 2 second(s)

2018-10-17 15:13:48 - [MESSAGE][PASSED] - Object: '' is clicked on

2018-10-17 15:13:48 - [MESSAGE][PASSED] - Wait for page load successfully

2018-10-17 15:13:48 - [MESSAGE][PASSED] - beautytap.GeneralAction.selectProfileMenu is PASSED

2018-10-17 15:13:48 - [TEST_STEP][PASSED] - Statement - newLifetime = java.lang.Float.parseFloat(java.lang.String.format("%.2f", lifetime + rewardEarned)): null

2018-10-17 15:13:48 - [TEST_STEP][PASSED] - Statement - newRedeemable = java.lang.Float.parseFloat(java.lang.String.format("%.2f", redeemable + rewardEarned)): null

2018-10-17 15:13:48 - [TEST_STEP][PASSED] - Statement - newPointValue = CustomKeywords.beautytap.ShopAction.calculateLoyaltyPointValue(newRedeemable): beautytap.ShopAction.calculateLoyaltyPointValue is PASSED

2018-10-17 15:13:48 - [MESSAGE][PASSED] - beautytap.ShopAction.calculateLoyaltyPointValue is PASSED

2018-10-17 15:13:48 - [TEST_STEP][PASSED] - beautytap.ShopAction.VerifyRewardPointsDetails: Keyword VerifyRewardPoints is Passed

2018-10-17 15:13:48 - [MESSAGE][PASSED] - Text of object '' is: '14340.59'

2018-10-17 15:13:48 - [MESSAGE][PASSED] - Text of object '' is: '3475.00'

2018-10-17 15:13:48 - [MESSAGE][PASSED] - Text of object '' is: '10170.59'

2018-10-17 15:13:49 - [MESSAGE][PASSED] - Text of object '' is: '$555.00'

2018-10-17 15:13:49 - [MESSAGE][PASSED] - Keyword VerifyRewardPoints is Passed

2018-10-17 15:13:49 - [TEST_STEP][PASSED] - beautytap.ShopAction.VerifyRewardHistory: Keyword VerifyRewardHistory is Passed

2018-10-17 15:13:49 - [MESSAGE][PASSED] - Object '' is present

2018-10-17 15:13:49 - [MESSAGE][PASSED] - Text of object '' is: ''

2018-10-17 15:13:49 - [MESSAGE][PASSED] - Text of object '' is: '$95.40'

2018-10-17 15:13:49 - [MESSAGE][PASSED] - Text of object '' is: '1.2'

2018-10-17 15:13:49 - [MESSAGE][PASSED] - Text of object '' is: '114.48'

2018-10-17 15:13:49 - [MESSAGE][PASSED] - Text of object '' is: '10170.59'

2018-10-17 15:13:49 - [MESSAGE][PASSED] - Keyword VerifyRewardHistory is Passed

2018-10-17 15:13:49 - [TEST_STEP][PASSED] - beautytap.GeneralAction.logout: beautytap.GeneralAction.logout is PASSED

2018-10-17 15:13:49 - [MESSAGE][PASSED] - Object: 'Object Repository/Page_General/link_avatar' is clicked on

2018-10-17 15:13:50 - [MESSAGE][PASSED] - Object 'Object Repository/Page_General/menu_logout' is present

2018-10-17 15:13:50 - [MESSAGE][PASSED] - Object: 'Object Repository/Page_General/menu_logout' is clicked on

2018-10-17 15:13:50 - [MESSAGE][PASSED] - Wait for page load successfully

2018-10-17 15:13:52 - [MESSAGE][PASSED] - Browser is closed

2018-10-17 15:13:52 - [MESSAGE][PASSED] - beautytap.GeneralAction.logout is PASSED]]></system-out>
         <system-err><![CDATA[]]></system-err>
      </testcase>
      <testcase name="Test Cases/Shop/TC08_BuyProduct_UsingRewardPoint" classname="Test Cases/Shop/TC08_BuyProduct_UsingRewardPoint" status="PASSED">
         <system-out><![CDATA[2018-10-17 15:13:55 - [TEST_CASE][PASSED] - Test Cases/Shop/TC08_BuyProduct_UsingRewardPoint: Test Cases/Shop/TC08_BuyProduct_UsingRewardPoint

2018-10-17 15:13:56 - [TEST_STEP][PASSED] - Statement - username = USER_EMAIL: null

2018-10-17 15:13:56 - [TEST_STEP][PASSED] - Statement - password = USER_PASSWORD: null

2018-10-17 15:13:56 - [TEST_STEP][PASSED] - Statement - productName = SIMPLE_PRODUCT: null

2018-10-17 15:13:56 - [TEST_STEP][PASSED] - Statement - price = SIMPLE_PRODUCT_PRICE: null

2018-10-17 15:13:56 - [TEST_STEP][PASSED] - Statement - quantity = 3: null

2018-10-17 15:13:56 - [TEST_STEP][PASSED] - Statement - shippingLabel = FREE_SHIPPING_LABEL: null

2018-10-17 15:13:56 - [TEST_STEP][PASSED] - Statement - shippingPrice = 0: null

2018-10-17 15:13:56 - [TEST_STEP][PASSED] - Statement - pointUsed = 60: null

2018-10-17 15:13:56 - [TEST_STEP][PASSED] - Statement - pointValueUsed = 2: null

2018-10-17 15:13:56 - [TEST_STEP][PASSED] - Statement - subtotal = CustomKeywords.beautytap.ShopAction.calculateTotal(quantity, price): beautytap.ShopAction.calculateTotal is PASSED

2018-10-17 15:13:56 - [MESSAGE][PASSED] - beautytap.ShopAction.calculateTotal is PASSED

2018-10-17 15:13:56 - [TEST_STEP][PASSED] - Statement - subtotalApplyReward = java.lang.Float.parseFloat(java.lang.String.format("%.2f", subtotal - pointValueUsed)): null

2018-10-17 15:13:56 - [TEST_STEP][PASSED] - Statement - total = java.lang.Float.parseFloat(java.lang.String.format("%.2f", subtotal - pointValueUsed + shippingPrice)): null

2018-10-17 15:13:56 - [TEST_STEP][PASSED] - Statement - products = new org.json.JSONArray((((((([{"productname":" + productName) + ","variation":"","quantity":") + quantity) + ","price":") + price) + "}])): null

2018-10-17 15:13:56 - [TEST_STEP][PASSED] - Statement - billingInformation = new org.json.JSONObject((({"firstname":"Test","lastname":"Automation","country":"United States (US)","address":"123 Testing","city":"New York","state":"New York","zip":"90012","email":" + username) + "})): null

2018-10-17 15:13:56 - [TEST_STEP][PASSED] - Statement - paymentMethod = "PayPal": null

2018-10-17 15:13:56 - [TEST_STEP][PASSED] - beautytap.GeneralAction.openBeautytap: beautytap.GeneralAction.openBeautytap is PASSED

2018-10-17 15:17:09 - [MESSAGE][PASSED] - Browser is opened with url: 'https://stage.beautytap.com'

2018-10-17 15:17:10 - [MESSAGE][PASSED] - Current window maximized

2018-10-17 15:17:40 - [MESSAGE][PASSED] - Refresh successfully

2018-10-17 15:17:40 - [MESSAGE][PASSED] - Wait for page load successfully

2018-10-17 15:17:40 - [MESSAGE][PASSED] - beautytap.GeneralAction.openBeautytap is PASSED

2018-10-17 15:17:40 - [TEST_STEP][PASSED] - beautytap.GeneralAction.clickNavigationMenu: beautytap.GeneralAction.clickNavigationMenu is PASSED

2018-10-17 15:17:45 - [MESSAGE][PASSED] - Object: 'Object Repository/Page_General/link_login' is clicked on

2018-10-17 15:17:45 - [MESSAGE][PASSED] - Wait for page load successfully

2018-10-17 15:17:45 - [MESSAGE][PASSED] - beautytap.GeneralAction.clickNavigationMenu is PASSED

2018-10-17 15:17:45 - [TEST_STEP][PASSED] - beautytap.GeneralAction.login: beautytap.GeneralAction.login is PASSED

2018-10-17 15:17:45 - [MESSAGE][PASSED] - Text of object 'Object Repository/Page_login/txt_username' is cleared

2018-10-17 15:17:45 - [MESSAGE][PASSED] - Keys 'trang2408@mailinator.com' sent to object: 'Object Repository/Page_login/txt_username'

2018-10-17 15:17:45 - [MESSAGE][PASSED] - Text of object 'Object Repository/Page_login/txt_password' is cleared

2018-10-17 15:17:46 - [MESSAGE][PASSED] - Keys '123456' sent to object: 'Object Repository/Page_login/txt_password'

2018-10-17 15:17:46 - [MESSAGE][PASSED] - Object: 'Object Repository/Page_login/btn_login' is clicked on

2018-10-17 15:17:46 - [MESSAGE][PASSED] - Wait for page load successfully

2018-10-17 15:17:46 - [MESSAGE][PASSED] - beautytap.GeneralAction.login is PASSED

2018-10-17 15:17:46 - [TEST_STEP][PASSED] - beautytap.GeneralAction.selectProfileMenu: beautytap.GeneralAction.selectProfileMenu is PASSED

2018-10-17 15:18:08 - [MESSAGE][PASSED] - Object: 'Object Repository/Page_General/link_avatar' is clicked on

2018-10-17 15:18:10 - [MESSAGE][PASSED] - Delayed 2 second(s)

2018-10-17 15:18:16 - [MESSAGE][PASSED] - Object: '' is clicked on

2018-10-17 15:18:16 - [MESSAGE][PASSED] - Wait for page load successfully

2018-10-17 15:18:16 - [MESSAGE][PASSED] - beautytap.GeneralAction.selectProfileMenu is PASSED

2018-10-17 15:18:16 - [TEST_STEP][PASSED] - Statement - objReward = CustomKeywords.beautytap.ShopAction.getRewardDetails(): beautytap.ShopAction.getRewardDetails is PASSED

2018-10-17 15:18:16 - [MESSAGE][PASSED] - Text of object '' is: '1.2 x Rewards Multiplier!'

2018-10-17 15:18:16 - [MESSAGE][PASSED] - Text of object '' is: '1.2 x Rewards Multiplier!'

2018-10-17 15:18:16 - [MESSAGE][PASSED] - Text of object '' is: '14340.59'

2018-10-17 15:18:16 - [MESSAGE][PASSED] - Text of object '' is: '3475.00'

2018-10-17 15:18:16 - [MESSAGE][PASSED] - Text of object '' is: '10170.59'

2018-10-17 15:18:16 - [MESSAGE][PASSED] - Text of object '' is: '$555.00'

2018-10-17 15:18:16 - [MESSAGE][PASSED] - Text of object '' is: 'BB Boss'

2018-10-17 15:18:16 - [MESSAGE][PASSED] - beautytap.ShopAction.getRewardDetails is PASSED

2018-10-17 15:18:16 - [TEST_STEP][PASSED] - Statement - multiplier = java.lang.Float.parseFloat(objReward.get("multiplier")): null

2018-10-17 15:18:16 - [TEST_STEP][PASSED] - Statement - currentlevel = objReward.get("currentlevel"): null

2018-10-17 15:18:16 - [TEST_STEP][PASSED] - Statement - lifetime = java.lang.Float.parseFloat(objReward.get("lifetime")): null

2018-10-17 15:18:16 - [TEST_STEP][PASSED] - Statement - pending = java.lang.Float.parseFloat(objReward.get("pending")): null

2018-10-17 15:18:16 - [TEST_STEP][PASSED] - Statement - redeemable = java.lang.Float.parseFloat(objReward.get("redeemable")): null

2018-10-17 15:18:16 - [TEST_STEP][PASSED] - Statement - pointvalue = java.lang.Float.parseFloat(objReward.get("pointvalue")): null

2018-10-17 15:18:16 - [TEST_STEP][PASSED] - Statement - rewardEarned = java.lang.Float.parseFloat(java.lang.String.format("%.2f", multiplier * subtotal - pointValueUsed)): null

2018-10-17 15:18:16 - [TEST_STEP][PASSED] - beautytap.ShopAction.globalSearch: beautytap.ShopAction.globalSearch is PASSED

2018-10-17 15:18:17 - [MESSAGE][PASSED] - Object: 'Object Repository/Page_General/icon_search' is clicked on

2018-10-17 15:18:22 - [MESSAGE][PASSED] - Delayed 5 second(s)

2018-10-17 15:18:22 - [MESSAGE][PASSED] - Text of object 'Object Repository/Page_General/txt_search' is cleared

2018-10-17 15:18:22 - [MESSAGE][PASSED] - Keys 'CONTROL + v' sent to object: 'Object Repository/Page_General/txt_search'

2018-10-17 15:18:27 - [MESSAGE][PASSED] - Delayed 5 second(s)

2018-10-17 15:18:27 - [MESSAGE][PASSED] - beautytap.ShopAction.globalSearch is PASSED

2018-10-17 15:18:27 - [TEST_STEP][PASSED] - beautytap.ShopAction.selectSearchResult: beautytap.ShopAction.selectSearchResult is PASSED

2018-10-17 15:18:27 - [MESSAGE][PASSED] - Text of object '' is: 'La Muse Correct Care Complete Cushion SPF50+'

2018-10-17 15:18:27 - [MESSAGE][PASSED] - Object '' is present

2018-10-17 15:18:37 - [MESSAGE][PASSED] - Object: '' is clicked on

2018-10-17 15:18:37 - [MESSAGE][PASSED] - Wait for page load successfully

2018-10-17 15:18:37 - [MESSAGE][PASSED] - beautytap.ShopAction.selectSearchResult is PASSED

2018-10-17 15:18:37 - [TEST_STEP][PASSED] - beautytap.ShopAction.addProductToCart: beautytap.ShopAction.addProductToCart is PASSED

2018-10-17 15:18:37 - [MESSAGE][PASSED] - Text of object 'Object Repository/Page_Shop/txt_quantity' is cleared

2018-10-17 15:18:37 - [MESSAGE][PASSED] - Keys '3' sent to object: 'Object Repository/Page_Shop/txt_quantity'

2018-10-17 15:18:37 - [MESSAGE][PASSED] - Object: 'Object Repository/Page_Shop/btn_addToCart' is clicked on

2018-10-17 15:18:37 - [MESSAGE][PASSED] - Wait for page load successfully

2018-10-17 15:18:44 - [MESSAGE][PASSED] - Object 'Object Repository/Page_Shop/lbl_message' is present

2018-10-17 15:18:49 - [MESSAGE][PASSED] - Delayed 5 second(s)

2018-10-17 15:18:49 - [MESSAGE][PASSED] - beautytap.ShopAction.addProductToCart is PASSED

2018-10-17 15:18:49 - [TEST_STEP][PASSED] - beautytap.ShopAction.goToCart: beautytap.ShopAction.goToCart is PASSED

2018-10-17 15:18:49 - [MESSAGE][PASSED] - Object 'Object Repository/Page_General/icon_cart' is present

2018-10-17 15:18:56 - [MESSAGE][PASSED] - Object: 'Object Repository/Page_General/icon_cart' is clicked on

2018-10-17 15:18:56 - [MESSAGE][PASSED] - Wait for page load successfully

2018-10-17 15:18:56 - [MESSAGE][PASSED] - beautytap.ShopAction.goToCart is PASSED

2018-10-17 15:18:56 - [TEST_STEP][PASSED] - beautytap.ShopAction.processToCheckout: beautytap.ShopAction.processToCheckout is PASSED

2018-10-17 15:19:03 - [MESSAGE][PASSED] - Object: 'Object Repository/Page_Cart/btn_checkout' is clicked on

2018-10-17 15:19:03 - [MESSAGE][PASSED] - Wait for page load successfully

2018-10-17 15:19:03 - [MESSAGE][PASSED] - beautytap.ShopAction.processToCheckout is PASSED

2018-10-17 15:19:03 - [TEST_STEP][PASSED] - beautytap.ShopAction.applyLoyaltyRewardPoint: beautytap.ShopAction.applyLoyaltyRewardPoint is PASSED

2018-10-17 15:19:04 - [MESSAGE][PASSED] - Object: 'Object Repository/Page_Checkout/link_clickToRedeem' is clicked on

2018-10-17 15:19:04 - [MESSAGE][PASSED] - Object '' is checked

2018-10-17 15:19:06 - [MESSAGE][PASSED] - Object '' is present

2018-10-17 15:19:06 - [MESSAGE][PASSED] - beautytap.ShopAction.applyLoyaltyRewardPoint is PASSED

2018-10-17 15:19:06 - [TEST_STEP][PASSED] - beautytap.ShopAction.fillCustomerInformation: beautytap.ShopAction.fillCustomerInformation is PASSED

2018-10-17 15:19:06 - [MESSAGE][PASSED] - Text of object 'Object Repository/Page_Checkout/txt_billingFirstName' is cleared

2018-10-17 15:19:06 - [MESSAGE][PASSED] - Keys 'Test' sent to object: 'Object Repository/Page_Checkout/txt_billingFirstName'

2018-10-17 15:19:06 - [MESSAGE][PASSED] - Text of object 'Object Repository/Page_Checkout/txt_billingLastName' is cleared

2018-10-17 15:19:07 - [MESSAGE][PASSED] - Keys 'Automation' sent to object: 'Object Repository/Page_Checkout/txt_billingLastName'

2018-10-17 15:19:07 - [MESSAGE][PASSED] - All options with label 'United States (US)' are selected in object 'Object Repository/Page_Checkout/drop_billingCountry' 

2018-10-17 15:19:12 - [MESSAGE][PASSED] - Delayed 5 second(s)

2018-10-17 15:19:12 - [MESSAGE][PASSED] - Text of object 'Object Repository/Page_Checkout/txt_billingAddress' is cleared

2018-10-17 15:19:12 - [MESSAGE][PASSED] - Keys '123 Testing' sent to object: 'Object Repository/Page_Checkout/txt_billingAddress'

2018-10-17 15:19:13 - [MESSAGE][PASSED] - Text of object 'Object Repository/Page_Checkout/txt_billingCity' is cleared

2018-10-17 15:19:13 - [MESSAGE][PASSED] - Keys 'New York' sent to object: 'Object Repository/Page_Checkout/txt_billingCity'

2018-10-17 15:19:13 - [MESSAGE][PASSED] - All options with label 'New York' are selected in object 'Object Repository/Page_Checkout/drop_billingState' 

2018-10-17 15:19:13 - [MESSAGE][PASSED] - Text of object 'Object Repository/Page_Checkout/txt_billingZip' is cleared

2018-10-17 15:19:13 - [MESSAGE][PASSED] - Keys '90012' sent to object: 'Object Repository/Page_Checkout/txt_billingZip'

2018-10-17 15:19:14 - [MESSAGE][PASSED] - Text of object 'Object Repository/Page_Checkout/txt_billingEmail' is cleared

2018-10-17 15:19:14 - [MESSAGE][PASSED] - Keys 'trang2408@mailinator.com' sent to object: 'Object Repository/Page_Checkout/txt_billingEmail'

2018-10-17 15:19:15 - [MESSAGE][PASSED] - Object 'Object Repository/Page_Checkout/chk_shipToDifferentAddress' is un-checked

2018-10-17 15:19:15 - [MESSAGE][PASSED] - Text of object 'Object Repository/Page_Checkout/txt_orderNote' is cleared

2018-10-17 15:19:15 - [MESSAGE][PASSED] - Keys 'TC08_checkout with reward' sent to object: 'Object Repository/Page_Checkout/txt_orderNote'

2018-10-17 15:19:15 - [MESSAGE][PASSED] - Object 'Object Repository/Page_Checkout/radio_creditCard' is checked

2018-10-17 15:19:20 - [MESSAGE][PASSED] - Delayed 5 second(s)

2018-10-17 15:19:20 - [MESSAGE][PASSED] - beautytap.ShopAction.fillCustomerInformation is PASSED

2018-10-17 15:19:20 - [TEST_STEP][PASSED] - beautytap.ShopAction.VerifyOrderDetailsOnCheckout: Keyword VerifyOrderDetailsOnCheckout is Passed

2018-10-17 15:19:20 - [MESSAGE][PASSED] - Object '' is present

2018-10-17 15:19:20 - [MESSAGE][PASSED] - Text of object '' is: '$95.40'

2018-10-17 15:19:21 - [MESSAGE][PASSED] - Text of object '' is: '60 points used'

2018-10-17 15:19:21 - [MESSAGE][PASSED] - Text of object '' is: '60 points used'

2018-10-17 15:19:21 - [MESSAGE][PASSED] - Text of object '' is: '$2.00'

2018-10-17 15:19:21 - [MESSAGE][PASSED] - Text of object '' is: 'Free shipping for orders over $70
Why does shipping take this long?'

2018-10-17 15:19:21 - [MESSAGE][PASSED] - Text of object '' is: '$93.40'

2018-10-17 15:19:21 - [MESSAGE][PASSED] - Keyword VerifyOrderDetailsOnCheckout is Passed

2018-10-17 15:19:21 - [TEST_STEP][PASSED] - beautytap.ShopAction.VerifyRewardEarned: Keyword VerifyRewardEarned is Passed

2018-10-17 15:19:21 - [MESSAGE][PASSED] - Text of object '' is: 'Status: BB Boss ( $93.4 x Rewards Multiplier )'

2018-10-17 15:19:21 - [MESSAGE][PASSED] - Text of object '' is: 'Status: BB Boss ( $93.4 x Rewards Multiplier )'

2018-10-17 15:19:21 - [MESSAGE][PASSED] - Text of object '' is: 'Status: BB Boss ( $93.4 x Rewards Multiplier )'

2018-10-17 15:19:21 - [MESSAGE][PASSED] - Text of object '' is: 'Multiplier: $93.4 x 1.2'

2018-10-17 15:19:21 - [MESSAGE][PASSED] - Text of object '' is: 'Multiplier: $93.4 x 1.2'

2018-10-17 15:19:21 - [MESSAGE][PASSED] - Text of object '' is: '112.1 Points!'

2018-10-17 15:19:21 - [MESSAGE][PASSED] - Text of object '' is: '112.1 Points!'

2018-10-17 15:19:21 - [MESSAGE][PASSED] - Text of object '' is: 'Multiplier: $93.4 x 1.2'

2018-10-17 15:19:21 - [MESSAGE][PASSED] - Text of object '' is: 'Multiplier: $93.4 x 1.2'

2018-10-17 15:19:21 - [MESSAGE][PASSED] - Text of object '' is: 'Multiplier: $93.4 x 1.2'

2018-10-17 15:19:21 - [MESSAGE][PASSED] - Keyword VerifyRewardEarned is Passed

2018-10-17 15:19:21 - [TEST_STEP][PASSED] - beautytap.ShopAction.checkoutViaPaypal: beautytap.ShopAction.checkoutViaPaypal is PASSED

2018-10-17 15:19:22 - [MESSAGE][PASSED] - Object 'Object Repository/Page_Checkout/radio_paypal' is checked

2018-10-17 15:19:27 - [MESSAGE][PASSED] - Delayed 5 second(s)

2018-10-17 15:19:27 - [MESSAGE][PASSED] - Object 'Object Repository/Page_Checkout/chk_terms' is checked

2018-10-17 15:19:27 - [MESSAGE][PASSED] - Object: 'Object Repository/Page_Checkout/btn_placeOrder' is clicked on

2018-10-17 15:19:36 - [MESSAGE][PASSED] - Object 'Object Repository/Page_Paypal/txt_email' is present

2018-10-17 15:19:36 - [MESSAGE][PASSED] - Text of object 'Object Repository/Page_Paypal/txt_email' is cleared

2018-10-17 15:19:37 - [MESSAGE][PASSED] - Keys 'g1.posiba@gmail.com' sent to object: 'Object Repository/Page_Paypal/txt_email'

2018-10-17 15:19:37 - [MESSAGE][PASSED] - Text of object 'Object Repository/Page_Paypal/txt_password' is cleared

2018-10-17 15:19:37 - [MESSAGE][PASSED] - Keys 'Tr@ng99%' sent to object: 'Object Repository/Page_Paypal/txt_password'

2018-10-17 15:19:47 - [MESSAGE][PASSED] - Object: 'Object Repository/Page_Paypal/btn_login' is clicked on

2018-10-17 15:19:51 - [MESSAGE][PASSED] - Object 'Object Repository/Page_Paypal/btn_payNow' is present

2018-10-17 15:19:56 - [MESSAGE][PASSED] - Delayed 5 second(s)

2018-10-17 15:19:56 - [MESSAGE][PASSED] - Object: 'Object Repository/Page_Paypal/btn_payNow' is clicked on

2018-10-17 15:20:17 - [MESSAGE][PASSED] - Object 'Object Repository/Page_Checkout/lbl_orderReceived' is present

2018-10-17 15:20:17 - [MESSAGE][PASSED] - beautytap.ShopAction.checkoutViaPaypal is PASSED

2018-10-17 15:20:17 - [TEST_STEP][PASSED] - beautytap.ShopAction.VerifyOrderReceivedDetails: Keyword VerifyOrderReceivedDetails is Passed

2018-10-17 15:20:17 - [MESSAGE][PASSED] - Object '' is present

2018-10-17 15:20:18 - [MESSAGE][PASSED] - Text of object '' is: '$95.40'

2018-10-17 15:20:18 - [MESSAGE][PASSED] - Text of object '' is: '60 points used'

2018-10-17 15:20:18 - [MESSAGE][PASSED] - Text of object '' is: '60 points used'

2018-10-17 15:20:18 - [MESSAGE][PASSED] - Text of object '' is: '$2.00'

2018-10-17 15:20:18 - [MESSAGE][PASSED] - Text of object '' is: 'Free shipping for orders over $70'

2018-10-17 15:20:24 - [MESSAGE][WARNING] - com.kms.katalon.core.webui.exception.WebElementNotFoundException: Web element with id: '' located by 'By.xpath: //th[text()='Shipping:']/parent::tr/td/span' not found
[[ATTACHMENT|E:\\BeautytapAutomation\\beautytapAuto\\Beautytap\\Reports\\Regression\\20181017_144227\\1539764423572.png]]

2018-10-17 15:20:24 - [MESSAGE][PASSED] - Text of object '' is: 'PayPal'

2018-10-17 15:20:24 - [MESSAGE][PASSED] - Text of object '' is: '$93.40'

2018-10-17 15:20:24 - [MESSAGE][PASSED] - Keyword VerifyOrderReceivedDetails is Passed

2018-10-17 15:20:24 - [TEST_STEP][PASSED] - Statement - orderInfo = CustomKeywords.beautytap.ShopAction.getOrderInfoOnOrderReceived(): beautytap.ShopAction.getOrderInfoOnOrderReceived is PASSED

2018-10-17 15:20:24 - [MESSAGE][PASSED] - Text of object '' is: '137978'

2018-10-17 15:20:24 - [MESSAGE][PASSED] - Text of object '' is: 'October 17, 2018'

2018-10-17 15:20:24 - [MESSAGE][PASSED] - beautytap.ShopAction.getOrderInfoOnOrderReceived is PASSED

2018-10-17 15:20:24 - [TEST_STEP][PASSED] - Statement - orderNumber = orderInfo.get("ordernumber"): null

2018-10-17 15:20:24 - [TEST_STEP][PASSED] - beautytap.ShopAction.VerifyRewardEarned: Keyword VerifyRewardEarned is Passed

2018-10-17 15:20:24 - [MESSAGE][PASSED] - Text of object '' is: 'Status: BB Boss ( $93.40 x Rewards Multiplier )'

2018-10-17 15:20:24 - [MESSAGE][PASSED] - Text of object '' is: 'Status: BB Boss ( $93.40 x Rewards Multiplier )'

2018-10-17 15:20:24 - [MESSAGE][PASSED] - Text of object '' is: 'Status: BB Boss ( $93.40 x Rewards Multiplier )'

2018-10-17 15:20:24 - [MESSAGE][PASSED] - Text of object '' is: 'Multiplier: $93.40 x 1.2'

2018-10-17 15:20:24 - [MESSAGE][PASSED] - Text of object '' is: 'Multiplier: $93.40 x 1.2'

2018-10-17 15:20:24 - [MESSAGE][PASSED] - Text of object '' is: '112.1 Points!'

2018-10-17 15:20:24 - [MESSAGE][PASSED] - Text of object '' is: '112.1 Points!'

2018-10-17 15:20:24 - [MESSAGE][PASSED] - Text of object '' is: 'Multiplier: $93.40 x 1.2'

2018-10-17 15:20:24 - [MESSAGE][PASSED] - Text of object '' is: 'Multiplier: $93.40 x 1.2'

2018-10-17 15:20:24 - [MESSAGE][PASSED] - Text of object '' is: 'Multiplier: $93.40 x 1.2'

2018-10-17 15:20:24 - [MESSAGE][PASSED] - Keyword VerifyRewardEarned is Passed

2018-10-17 15:20:24 - [TEST_STEP][PASSED] - beautytap.GeneralAction.selectProfileMenu: beautytap.GeneralAction.selectProfileMenu is PASSED

2018-10-17 15:20:25 - [MESSAGE][PASSED] - Object: 'Object Repository/Page_General/link_avatar' is clicked on

2018-10-17 15:20:27 - [MESSAGE][PASSED] - Delayed 2 second(s)

2018-10-17 15:20:32 - [MESSAGE][PASSED] - Object: '' is clicked on

2018-10-17 15:20:32 - [MESSAGE][PASSED] - Wait for page load successfully

2018-10-17 15:20:32 - [MESSAGE][PASSED] - beautytap.GeneralAction.selectProfileMenu is PASSED

2018-10-17 15:20:32 - [TEST_STEP][PASSED] - Statement - newPending = java.lang.Float.parseFloat(java.lang.String.format("%.2f", pending + rewardEarned)): null

2018-10-17 15:20:32 - [TEST_STEP][PASSED] - Statement - newRedeemable = java.lang.Float.parseFloat(java.lang.String.format("%.2f", redeemable - pointUsed)): null

2018-10-17 15:20:32 - [TEST_STEP][PASSED] - Statement - newPointValue = CustomKeywords.beautytap.ShopAction.calculateLoyaltyPointValue(newRedeemable): beautytap.ShopAction.calculateLoyaltyPointValue is PASSED

2018-10-17 15:20:32 - [MESSAGE][PASSED] - beautytap.ShopAction.calculateLoyaltyPointValue is PASSED

2018-10-17 15:20:32 - [TEST_STEP][PASSED] - beautytap.ShopAction.VerifyRewardPointsDetails: Keyword VerifyRewardPoints is Passed

2018-10-17 15:20:32 - [MESSAGE][PASSED] - Text of object '' is: '14340.59'

2018-10-17 15:20:32 - [MESSAGE][PASSED] - Text of object '' is: '3587.08'

2018-10-17 15:20:32 - [MESSAGE][PASSED] - Text of object '' is: '10110.59'

2018-10-17 15:20:32 - [MESSAGE][PASSED] - Text of object '' is: '$552.00'

2018-10-17 15:20:32 - [MESSAGE][PASSED] - Keyword VerifyRewardPoints is Passed

2018-10-17 15:20:32 - [TEST_STEP][PASSED] - beautytap.ShopAction.VerifyRewardHistory: Keyword VerifyRewardHistory is Passed

2018-10-17 15:20:32 - [MESSAGE][PASSED] - Object '' is present

2018-10-17 15:20:32 - [MESSAGE][PASSED] - Text of object '' is: '60'

2018-10-17 15:20:32 - [MESSAGE][PASSED] - Text of object '' is: '60'

2018-10-17 15:20:32 - [MESSAGE][PASSED] - Text of object '' is: '$93.40'

2018-10-17 15:20:32 - [MESSAGE][PASSED] - Text of object '' is: '1.2'

2018-10-17 15:20:32 - [MESSAGE][PASSED] - Text of object '' is: '-60.00'

2018-10-17 15:20:32 - [MESSAGE][PASSED] - Text of object '' is: '10110.59'

2018-10-17 15:20:32 - [MESSAGE][PASSED] - Keyword VerifyRewardHistory is Passed

2018-10-17 15:20:32 - [TEST_STEP][PASSED] - beautytap.ShopAction.VerifyRewardHistory: Keyword VerifyRewardHistory is Passed

2018-10-17 15:20:32 - [MESSAGE][PASSED] - Object '' is present

2018-10-17 15:20:32 - [MESSAGE][PASSED] - Text of object '' is: '60'

2018-10-17 15:20:32 - [MESSAGE][PASSED] - Text of object '' is: '60'

2018-10-17 15:20:33 - [MESSAGE][PASSED] - Text of object '' is: '$93.40'

2018-10-17 15:20:33 - [MESSAGE][PASSED] - Text of object '' is: '1.2'

2018-10-17 15:20:33 - [MESSAGE][PASSED] - Text of object '' is: '0.00'

2018-10-17 15:20:33 - [MESSAGE][PASSED] - Text of object '' is: '10110.59'

2018-10-17 15:20:33 - [MESSAGE][PASSED] - Keyword VerifyRewardHistory is Passed

2018-10-17 15:20:33 - [TEST_STEP][PASSED] - beautytap.GeneralAction.logout: beautytap.GeneralAction.logout is PASSED

2018-10-17 15:20:33 - [MESSAGE][PASSED] - Object: 'Object Repository/Page_General/link_avatar' is clicked on

2018-10-17 15:20:33 - [MESSAGE][PASSED] - Object 'Object Repository/Page_General/menu_logout' is present

2018-10-17 15:20:34 - [MESSAGE][PASSED] - Object: 'Object Repository/Page_General/menu_logout' is clicked on

2018-10-17 15:20:34 - [MESSAGE][PASSED] - Wait for page load successfully

2018-10-17 15:20:34 - [MESSAGE][PASSED] - beautytap.GeneralAction.logout is PASSED

2018-10-17 15:20:34 - [TEST_STEP][PASSED] - beautytap.GeneralAction.clickNavigationMenu: beautytap.GeneralAction.clickNavigationMenu is PASSED

2018-10-17 15:20:49 - [MESSAGE][PASSED] - Object: 'Object Repository/Page_General/link_login' is clicked on

2018-10-17 15:20:49 - [MESSAGE][PASSED] - Wait for page load successfully

2018-10-17 15:20:49 - [MESSAGE][PASSED] - beautytap.GeneralAction.clickNavigationMenu is PASSED

2018-10-17 15:20:49 - [TEST_STEP][PASSED] - beautytap.GeneralAction.login: beautytap.GeneralAction.login is PASSED

2018-10-17 15:20:49 - [MESSAGE][PASSED] - Text of object 'Object Repository/Page_login/txt_username' is cleared

2018-10-17 15:20:49 - [MESSAGE][PASSED] - Keys 'mrwhite' sent to object: 'Object Repository/Page_login/txt_username'

2018-10-17 15:20:50 - [MESSAGE][PASSED] - Text of object 'Object Repository/Page_login/txt_password' is cleared

2018-10-17 15:20:50 - [MESSAGE][PASSED] - Keys 'kgySM$Im' sent to object: 'Object Repository/Page_login/txt_password'

2018-10-17 15:20:50 - [MESSAGE][PASSED] - Object: 'Object Repository/Page_login/btn_login' is clicked on

2018-10-17 15:20:50 - [MESSAGE][PASSED] - Wait for page load successfully

2018-10-17 15:20:50 - [MESSAGE][PASSED] - beautytap.GeneralAction.login is PASSED

2018-10-17 15:20:50 - [TEST_STEP][PASSED] - navigateToUrl: Navigate to 'https://stage.beautytap.com/admin' successfully

2018-10-17 15:21:02 - [MESSAGE][PASSED] - Navigate to 'https://stage.beautytap.com/admin' successfully

2018-10-17 15:21:02 - [TEST_STEP][PASSED] - beautytap.AdminAction.changeOrderStatus: beautytap.AdminAction.changeOrderStatus is PASSED

2018-10-17 15:21:13 - [MESSAGE][PASSED] - Object: '' is clicked on

2018-10-17 15:21:13 - [MESSAGE][PASSED] - Wait for page load successfully

2018-10-17 15:21:20 - [MESSAGE][PASSED] - Object: '' is clicked on

2018-10-17 15:21:20 - [MESSAGE][PASSED] - Wait for page load successfully

2018-10-17 15:21:21 - [MESSAGE][PASSED] - Text of object 'Object Repository/Page_Admin/txt_searchOrder' is cleared

2018-10-17 15:21:21 - [MESSAGE][PASSED] - Keys '137978' sent to object: 'Object Repository/Page_Admin/txt_searchOrder'

2018-10-17 15:21:27 - [MESSAGE][PASSED] - Object: 'Object Repository/Page_Admin/btn_searchOrder' is clicked on

2018-10-17 15:21:27 - [MESSAGE][PASSED] - Wait for page load successfully

2018-10-17 15:21:41 - [MESSAGE][PASSED] - Object: '' is clicked on

2018-10-17 15:21:41 - [MESSAGE][PASSED] - Wait for page load successfully

2018-10-17 15:21:41 - [MESSAGE][PASSED] - All options with label 'Completed' are selected in object 'Object Repository/Page_Admin/drop_orderStatus' 

2018-10-17 15:21:41 - [MESSAGE][PASSED] - Object: 'Object Repository/Page_Admin/btn_saveOrder' is clicked on

2018-10-17 15:21:59 - [MESSAGE][PASSED] - Object 'Object Repository/Page_Admin/lbl_orderUpdatedMessage' is present

2018-10-17 15:21:59 - [MESSAGE][PASSED] - beautytap.AdminAction.changeOrderStatus is PASSED

2018-10-17 15:21:59 - [TEST_STEP][PASSED] - closeBrowser: Browser is closed

2018-10-17 15:22:01 - [MESSAGE][PASSED] - Browser is closed

2018-10-17 15:22:01 - [TEST_STEP][PASSED] - beautytap.GeneralAction.openBeautytap: beautytap.GeneralAction.openBeautytap is PASSED

2018-10-17 15:22:36 - [MESSAGE][PASSED] - Browser is opened with url: 'https://stage.beautytap.com'

2018-10-17 15:22:38 - [MESSAGE][PASSED] - Current window maximized

2018-10-17 15:22:45 - [MESSAGE][PASSED] - Refresh successfully

2018-10-17 15:22:46 - [MESSAGE][PASSED] - Wait for page load successfully

2018-10-17 15:22:46 - [MESSAGE][PASSED] - beautytap.GeneralAction.openBeautytap is PASSED

2018-10-17 15:22:46 - [TEST_STEP][PASSED] - beautytap.GeneralAction.clickNavigationMenu: beautytap.GeneralAction.clickNavigationMenu is PASSED

2018-10-17 15:22:49 - [MESSAGE][PASSED] - Object: 'Object Repository/Page_General/link_login' is clicked on

2018-10-17 15:22:49 - [MESSAGE][PASSED] - Wait for page load successfully

2018-10-17 15:22:49 - [MESSAGE][PASSED] - beautytap.GeneralAction.clickNavigationMenu is PASSED

2018-10-17 15:22:49 - [TEST_STEP][PASSED] - beautytap.GeneralAction.login: beautytap.GeneralAction.login is PASSED

2018-10-17 15:22:50 - [MESSAGE][PASSED] - Text of object 'Object Repository/Page_login/txt_username' is cleared

2018-10-17 15:22:50 - [MESSAGE][PASSED] - Keys 'trang2408@mailinator.com' sent to object: 'Object Repository/Page_login/txt_username'

2018-10-17 15:22:50 - [MESSAGE][PASSED] - Text of object 'Object Repository/Page_login/txt_password' is cleared

2018-10-17 15:22:50 - [MESSAGE][PASSED] - Keys '123456' sent to object: 'Object Repository/Page_login/txt_password'

2018-10-17 15:22:51 - [MESSAGE][PASSED] - Object: 'Object Repository/Page_login/btn_login' is clicked on

2018-10-17 15:22:51 - [MESSAGE][PASSED] - Wait for page load successfully

2018-10-17 15:22:51 - [MESSAGE][PASSED] - beautytap.GeneralAction.login is PASSED

2018-10-17 15:22:51 - [TEST_STEP][PASSED] - beautytap.GeneralAction.selectProfileMenu: beautytap.GeneralAction.selectProfileMenu is PASSED

2018-10-17 15:23:11 - [MESSAGE][PASSED] - Object: 'Object Repository/Page_General/link_avatar' is clicked on

2018-10-17 15:23:13 - [MESSAGE][PASSED] - Delayed 2 second(s)

2018-10-17 15:23:17 - [MESSAGE][PASSED] - Object: '' is clicked on

2018-10-17 15:23:17 - [MESSAGE][PASSED] - Wait for page load successfully

2018-10-17 15:23:17 - [MESSAGE][PASSED] - beautytap.GeneralAction.selectProfileMenu is PASSED

2018-10-17 15:23:17 - [TEST_STEP][PASSED] - Statement - newLifetime = java.lang.Float.parseFloat(java.lang.String.format("%.2f", lifetime + rewardEarned)): null

2018-10-17 15:23:17 - [TEST_STEP][PASSED] - Statement - newRedeemable = java.lang.Float.parseFloat(java.lang.String.format("%.2f", newRedeemable + rewardEarned)): null

2018-10-17 15:23:17 - [TEST_STEP][PASSED] - Statement - newPointValue = CustomKeywords.beautytap.ShopAction.calculateLoyaltyPointValue(newRedeemable): beautytap.ShopAction.calculateLoyaltyPointValue is PASSED

2018-10-17 15:23:17 - [MESSAGE][PASSED] - beautytap.ShopAction.calculateLoyaltyPointValue is PASSED

2018-10-17 15:23:17 - [TEST_STEP][PASSED] - beautytap.ShopAction.VerifyRewardPointsDetails: Keyword VerifyRewardPoints is Passed

2018-10-17 15:23:17 - [MESSAGE][PASSED] - Text of object '' is: '14452.67'

2018-10-17 15:23:17 - [MESSAGE][PASSED] - Text of object '' is: '3475.00'

2018-10-17 15:23:17 - [MESSAGE][PASSED] - Text of object '' is: '10222.67'

2018-10-17 15:23:17 - [MESSAGE][PASSED] - Text of object '' is: '$557.00'

2018-10-17 15:23:17 - [MESSAGE][PASSED] - Keyword VerifyRewardPoints is Passed

2018-10-17 15:23:17 - [TEST_STEP][PASSED] - beautytap.ShopAction.VerifyRewardHistory: Keyword VerifyRewardHistory is Passed

2018-10-17 15:23:17 - [MESSAGE][PASSED] - Object '' is present

2018-10-17 15:23:17 - [MESSAGE][PASSED] - Text of object '' is: '60'

2018-10-17 15:23:17 - [MESSAGE][PASSED] - Text of object '' is: '60'

2018-10-17 15:23:17 - [MESSAGE][PASSED] - Text of object '' is: '$93.40'

2018-10-17 15:23:18 - [MESSAGE][PASSED] - Text of object '' is: '1.2'

2018-10-17 15:23:18 - [MESSAGE][PASSED] - Text of object '' is: '112.08'

2018-10-17 15:23:18 - [MESSAGE][PASSED] - Text of object '' is: '10222.67'

2018-10-17 15:23:18 - [MESSAGE][PASSED] - Keyword VerifyRewardHistory is Passed

2018-10-17 15:23:18 - [TEST_STEP][PASSED] - beautytap.GeneralAction.logout: beautytap.GeneralAction.logout is PASSED

2018-10-17 15:23:18 - [MESSAGE][PASSED] - Object: 'Object Repository/Page_General/link_avatar' is clicked on

2018-10-17 15:23:19 - [MESSAGE][PASSED] - Object 'Object Repository/Page_General/menu_logout' is present

2018-10-17 15:23:19 - [MESSAGE][PASSED] - Object: 'Object Repository/Page_General/menu_logout' is clicked on

2018-10-17 15:23:19 - [MESSAGE][PASSED] - Wait for page load successfully

2018-10-17 15:23:20 - [MESSAGE][PASSED] - Browser is closed

2018-10-17 15:23:20 - [MESSAGE][PASSED] - beautytap.GeneralAction.logout is PASSED]]></system-out>
         <system-err><![CDATA[]]></system-err>
      </testcase>
      <testcase name="Test Cases/Shop/TC03_Search_SimpleProduct_Sale_Creditcard_LessThan60_Normal" classname="Test Cases/Shop/TC03_Search_SimpleProduct_Sale_Creditcard_LessThan60_Normal" status="PASSED">
         <system-out><![CDATA[2018-10-17 15:23:23 - [TEST_CASE][PASSED] - Test Cases/Shop/TC03_Search_SimpleProduct_Sale_Creditcard_LessThan60_Normal: Test Cases/Shop/TC03_Search_SimpleProduct_Sale_Creditcard_LessThan60_Normal

2018-10-17 15:23:23 - [TEST_STEP][PASSED] - Statement - productName = SIMPLE_SALE_PRODUCT: null

2018-10-17 15:23:23 - [TEST_STEP][PASSED] - Statement - saleprice = SIMPLE_SALE_PRICE: null

2018-10-17 15:23:23 - [TEST_STEP][PASSED] - Statement - regularprice = SIMPLE_SALE_REGULAR_PRICE: null

2018-10-17 15:23:23 - [TEST_STEP][PASSED] - Statement - r_string = new java.lang.Math().random().toString().substring(2, 8): null

2018-10-17 15:23:23 - [TEST_STEP][PASSED] - Statement - email = "auto" + r_string + "@mailinator.com": null

2018-10-17 15:23:23 - [TEST_STEP][PASSED] - Statement - orderNote = "auto" + r_string + "Order": null

2018-10-17 15:23:23 - [TEST_STEP][PASSED] - Statement - currentNumberItemInCart = <not implemented yet for class: org.codehaus.groovy.ast.expr.EmptyExpression>: null

2018-10-17 15:23:23 - [TEST_STEP][PASSED] - Statement - quantity = 1: null

2018-10-17 15:23:23 - [TEST_STEP][PASSED] - Statement - subtotal = CustomKeywords.beautytap.ShopAction.calculateTotal(quantity, saleprice): beautytap.ShopAction.calculateTotal is PASSED

2018-10-17 15:23:23 - [MESSAGE][PASSED] - beautytap.ShopAction.calculateTotal is PASSED

2018-10-17 15:23:23 - [TEST_STEP][PASSED] - Statement - total = subtotal + SHIPPING_PRICE: null

2018-10-17 15:23:23 - [TEST_STEP][PASSED] - Statement - total = CustomKeywords.beautytap.ShopAction.calculateTotal(1, total): beautytap.ShopAction.calculateTotal is PASSED

2018-10-17 15:23:23 - [MESSAGE][PASSED] - beautytap.ShopAction.calculateTotal is PASSED

2018-10-17 15:23:23 - [TEST_STEP][PASSED] - Statement - products = new org.json.JSONArray((((((([{"productname":" + productName) + ","variation":"","quantity":") + quantity) + ","price":") + saleprice) + "}])): null

2018-10-17 15:23:23 - [TEST_STEP][PASSED] - Statement - billingInformation = new org.json.JSONObject((({"firstname":"Test","lastname":"Automation","country":"United States (US)","address":"123 Testing","city":"New York","state":"New York","zip":"90012","email":" + email) + "})): null

2018-10-17 15:23:23 - [TEST_STEP][PASSED] - Statement - shippingLabel = SHIPPING_LABEL: null

2018-10-17 15:23:23 - [TEST_STEP][PASSED] - Statement - shippingPrice = SHIPPING_PRICE: null

2018-10-17 15:23:23 - [TEST_STEP][PASSED] - Statement - shippingType = "normal": null

2018-10-17 15:23:23 - [TEST_STEP][PASSED] - Statement - paymentMethod = "Credit Card Payment": null

2018-10-17 15:23:23 - [TEST_STEP][PASSED] - beautytap.GeneralAction.openBeautytap: beautytap.GeneralAction.openBeautytap is PASSED

2018-10-17 15:23:40 - [MESSAGE][PASSED] - Browser is opened with url: 'https://stage.beautytap.com'

2018-10-17 15:23:41 - [MESSAGE][PASSED] - Current window maximized

2018-10-17 15:23:48 - [MESSAGE][PASSED] - Refresh successfully

2018-10-17 15:23:48 - [MESSAGE][PASSED] - Wait for page load successfully

2018-10-17 15:23:48 - [MESSAGE][PASSED] - beautytap.GeneralAction.openBeautytap is PASSED

2018-10-17 15:23:48 - [TEST_STEP][PASSED] - beautytap.ShopAction.globalSearch: beautytap.ShopAction.globalSearch is PASSED

2018-10-17 15:23:49 - [MESSAGE][PASSED] - Object: 'Object Repository/Page_General/icon_search' is clicked on

2018-10-17 15:23:54 - [MESSAGE][PASSED] - Delayed 5 second(s)

2018-10-17 15:23:54 - [MESSAGE][PASSED] - Text of object 'Object Repository/Page_General/txt_search' is cleared

2018-10-17 15:23:54 - [MESSAGE][PASSED] - Keys 'CONTROL + v' sent to object: 'Object Repository/Page_General/txt_search'

2018-10-17 15:23:59 - [MESSAGE][PASSED] - Delayed 5 second(s)

2018-10-17 15:23:59 - [MESSAGE][PASSED] - beautytap.ShopAction.globalSearch is PASSED

2018-10-17 15:23:59 - [TEST_STEP][PASSED] - beautytap.ShopAction.VerifyProductOnSearchResult: beautytap.ShopAction.VerifyProductOnSearchResult is PASSED

2018-10-17 15:23:59 - [MESSAGE][PASSED] - beautytap.ShopAction.VerifyProductOnSearchResult is PASSED

2018-10-17 15:23:59 - [TEST_STEP][PASSED] - beautytap.ShopAction.selectSearchResult: beautytap.ShopAction.selectSearchResult is PASSED

2018-10-17 15:23:59 - [MESSAGE][PASSED] - Text of object '' is: 'Innisfree Perfect UV Protection Cream SPF50+/PA+++ (Long-Lasting For Oily Skin) 50ml'

2018-10-17 15:23:59 - [MESSAGE][PASSED] - Object '' is present

2018-10-17 15:24:08 - [MESSAGE][PASSED] - Object: '' is clicked on

2018-10-17 15:24:08 - [MESSAGE][PASSED] - Wait for page load successfully

2018-10-17 15:24:08 - [MESSAGE][PASSED] - beautytap.ShopAction.selectSearchResult is PASSED

2018-10-17 15:24:08 - [TEST_STEP][PASSED] - beautytap.ShopAction.VerifyProductDetails: Keyword VerifyProductDetails is Passed

2018-10-17 15:24:08 - [MESSAGE][PASSED] - Text of object '' is: 'Innisfree Perfect UV Protection Cream SPF50+/PA+++ (Long-Lasting For Oily Skin) 50ml'

2018-10-17 15:24:08 - [MESSAGE][PASSED] - Text of object '' is: '$12.50'

2018-10-17 15:24:08 - [MESSAGE][PASSED] - Get CSS 'color' value on '' successfully: 'rgba(195, 195, 195, 1)'.

2018-10-17 15:24:08 - [MESSAGE][PASSED] - Text of object '' is: '$11.99'

2018-10-17 15:24:08 - [MESSAGE][PASSED] - Get CSS 'color' value on '' successfully: 'rgba(255, 35, 134, 1)'.

2018-10-17 15:24:08 - [MESSAGE][PASSED] - Keyword VerifyProductDetails is Passed

2018-10-17 15:24:08 - [TEST_STEP][PASSED] - Statement - currentNumberItemInCart = CustomKeywords.beautytap.ShopAction.getNumberItemInCart(): beautytap.ShopAction.getNumberItemInCart is PASSED

2018-10-17 15:24:14 - [MESSAGE][WARNING] - com.kms.katalon.core.webui.exception.WebElementNotFoundException: Web element with id: '' located by 'By.xpath: //div[@class='header-right-top pull-right']/a[@class='shop-cart']/span[@class='number-cart']' not found
[[ATTACHMENT|E:\\BeautytapAutomation\\beautytapAuto\\Beautytap\\Reports\\Regression\\20181017_144227\\1539764654091.png]]

2018-10-17 15:24:14 - [MESSAGE][PASSED] - beautytap.ShopAction.getNumberItemInCart is PASSED

2018-10-17 15:24:14 - [TEST_STEP][PASSED] - beautytap.ShopAction.addProductToCart: beautytap.ShopAction.addProductToCart is PASSED

2018-10-17 15:24:14 - [MESSAGE][PASSED] - Text of object 'Object Repository/Page_Shop/txt_quantity' is cleared

2018-10-17 15:24:14 - [MESSAGE][PASSED] - Keys '1' sent to object: 'Object Repository/Page_Shop/txt_quantity'

2018-10-17 15:24:14 - [MESSAGE][PASSED] - Object: 'Object Repository/Page_Shop/btn_addToCart' is clicked on

2018-10-17 15:24:14 - [MESSAGE][PASSED] - Wait for page load successfully

2018-10-17 15:24:23 - [MESSAGE][PASSED] - Object 'Object Repository/Page_Shop/lbl_message' is present

2018-10-17 15:24:28 - [MESSAGE][PASSED] - Delayed 5 second(s)

2018-10-17 15:24:28 - [MESSAGE][PASSED] - beautytap.ShopAction.addProductToCart is PASSED

2018-10-17 15:24:28 - [TEST_STEP][PASSED] - beautytap.ShopAction.VerifyNumberItemInCart: Keyword VerifyNumberItemInCart is Passed, Number item in cart is 1, expected is 1

2018-10-17 15:24:28 - [MESSAGE][PASSED] - Object '' is present

2018-10-17 15:24:28 - [MESSAGE][PASSED] - Text of object '' is: '1'

2018-10-17 15:24:28 - [MESSAGE][PASSED] - Keyword VerifyNumberItemInCart is Passed, Number item in cart is 1, expected is 1

2018-10-17 15:24:28 - [TEST_STEP][PASSED] - beautytap.ShopAction.VerifyProductIsAddedToCart: beautytap.ShopAction.VerifyProductIsAddedToCart is PASSED

2018-10-17 15:24:59 - [MESSAGE][WARNING] - com.kms.katalon.core.webui.exception.WebElementNotFoundException: Web element with id: '' located by 'By.xpath: //div[@class='woocommerce-message' and contains(text(),'Innisfree Perfect UV Protection Cream SPF50+/PA+++ (Long-Lasting For Oily Skin) 50ml” have been added to your cart.')]' not found
[[ATTACHMENT|E:\\BeautytapAutomation\\beautytapAuto\\Beautytap\\Reports\\Regression\\20181017_144227\\1539764699614.png]]

2018-10-17 15:24:59 - [MESSAGE][PASSED] - beautytap.ShopAction.VerifyProductIsAddedToCart is PASSED

2018-10-17 15:24:59 - [TEST_STEP][PASSED] - beautytap.ShopAction.goToCart: beautytap.ShopAction.goToCart is PASSED

2018-10-17 15:24:59 - [MESSAGE][PASSED] - Object 'Object Repository/Page_General/icon_cart' is present

2018-10-17 15:25:06 - [MESSAGE][PASSED] - Object: 'Object Repository/Page_General/icon_cart' is clicked on

2018-10-17 15:25:06 - [MESSAGE][PASSED] - Wait for page load successfully

2018-10-17 15:25:06 - [MESSAGE][PASSED] - beautytap.ShopAction.goToCart is PASSED

2018-10-17 15:25:06 - [TEST_STEP][PASSED] - beautytap.ShopAction.VerifyProductInCart: Keyword VerifyProductInCart is Passed

2018-10-17 15:25:06 - [MESSAGE][PASSED] - Object '' is present

2018-10-17 15:25:06 - [MESSAGE][PASSED] - Object '' is present

2018-10-17 15:25:06 - [MESSAGE][PASSED] - Text of object '' is: '$11.99'

2018-10-17 15:25:06 - [MESSAGE][PASSED] - Attribute 'value' of object '' is: '1'

2018-10-17 15:25:06 - [MESSAGE][PASSED] - Text of object '' is: '$11.99'

2018-10-17 15:25:06 - [MESSAGE][PASSED] - Keyword VerifyProductInCart is Passed

2018-10-17 15:25:06 - [TEST_STEP][PASSED] - beautytap.ShopAction.processToCheckout: beautytap.ShopAction.processToCheckout is PASSED

2018-10-17 15:25:12 - [MESSAGE][PASSED] - Object: 'Object Repository/Page_Cart/btn_checkout' is clicked on

2018-10-17 15:25:12 - [MESSAGE][PASSED] - Wait for page load successfully

2018-10-17 15:25:12 - [MESSAGE][PASSED] - beautytap.ShopAction.processToCheckout is PASSED

2018-10-17 15:25:12 - [TEST_STEP][PASSED] - beautytap.ShopAction.fillCustomerInformation: beautytap.ShopAction.fillCustomerInformation is PASSED

2018-10-17 15:25:12 - [MESSAGE][PASSED] - Text of object 'Object Repository/Page_Checkout/txt_billingFirstName' is cleared

2018-10-17 15:25:12 - [MESSAGE][PASSED] - Keys 'Test' sent to object: 'Object Repository/Page_Checkout/txt_billingFirstName'

2018-10-17 15:25:13 - [MESSAGE][PASSED] - Text of object 'Object Repository/Page_Checkout/txt_billingLastName' is cleared

2018-10-17 15:25:13 - [MESSAGE][PASSED] - Keys 'Automation' sent to object: 'Object Repository/Page_Checkout/txt_billingLastName'

2018-10-17 15:25:14 - [MESSAGE][PASSED] - All options with label 'United States (US)' are selected in object 'Object Repository/Page_Checkout/drop_billingCountry' 

2018-10-17 15:25:19 - [MESSAGE][PASSED] - Delayed 5 second(s)

2018-10-17 15:25:19 - [MESSAGE][PASSED] - Text of object 'Object Repository/Page_Checkout/txt_billingAddress' is cleared

2018-10-17 15:25:19 - [MESSAGE][PASSED] - Keys '123 Testing' sent to object: 'Object Repository/Page_Checkout/txt_billingAddress'

2018-10-17 15:25:19 - [MESSAGE][PASSED] - Text of object 'Object Repository/Page_Checkout/txt_billingCity' is cleared

2018-10-17 15:25:20 - [MESSAGE][PASSED] - Keys 'New York' sent to object: 'Object Repository/Page_Checkout/txt_billingCity'

2018-10-17 15:25:20 - [MESSAGE][PASSED] - All options with label 'New York' are selected in object 'Object Repository/Page_Checkout/drop_billingState' 

2018-10-17 15:25:20 - [MESSAGE][PASSED] - Text of object 'Object Repository/Page_Checkout/txt_billingZip' is cleared

2018-10-17 15:25:20 - [MESSAGE][PASSED] - Keys '90012' sent to object: 'Object Repository/Page_Checkout/txt_billingZip'

2018-10-17 15:25:20 - [MESSAGE][PASSED] - Text of object 'Object Repository/Page_Checkout/txt_billingEmail' is cleared

2018-10-17 15:25:21 - [MESSAGE][PASSED] - Keys 'auto048313@mailinator.com' sent to object: 'Object Repository/Page_Checkout/txt_billingEmail'

2018-10-17 15:25:21 - [MESSAGE][PASSED] - Object 'Object Repository/Page_Checkout/chk_shipToDifferentAddress' is un-checked

2018-10-17 15:25:22 - [MESSAGE][PASSED] - Text of object 'Object Repository/Page_Checkout/txt_orderNote' is cleared

2018-10-17 15:25:22 - [MESSAGE][PASSED] - Keys 'auto048313Order' sent to object: 'Object Repository/Page_Checkout/txt_orderNote'

2018-10-17 15:25:22 - [MESSAGE][PASSED] - Object 'Object Repository/Page_Checkout/radio_creditCard' is checked

2018-10-17 15:25:27 - [MESSAGE][PASSED] - Delayed 5 second(s)

2018-10-17 15:25:27 - [MESSAGE][PASSED] - beautytap.ShopAction.fillCustomerInformation is PASSED

2018-10-17 15:25:27 - [TEST_STEP][PASSED] - beautytap.ShopAction.VerifyOrderDetailsOnCheckout: Keyword VerifyOrderDetailsOnCheckout is Passed

2018-10-17 15:25:27 - [MESSAGE][PASSED] - Object '' is present

2018-10-17 15:25:27 - [MESSAGE][PASSED] - Text of object '' is: '$11.99'

2018-10-17 15:25:27 - [MESSAGE][PASSED] - Text of object '' is: 'Spend $58.01 more & get FREE SHIPPING!
($25) - DHL flat rate shipping: $25.00
Why does shipping take this long?'

2018-10-17 15:25:27 - [MESSAGE][PASSED] - Text of object '' is: '$25.00'

2018-10-17 15:25:27 - [MESSAGE][PASSED] - Text of object '' is: '$36.99'

2018-10-17 15:25:27 - [MESSAGE][PASSED] - Keyword VerifyOrderDetailsOnCheckout is Passed

2018-10-17 15:25:27 - [TEST_STEP][PASSED] - beautytap.ShopAction.checkoutViaCreditCard: beautytap.ShopAction.checkoutViaCreditCard is PASSED

2018-10-17 15:25:27 - [MESSAGE][PASSED] - Object 'Object Repository/Page_Checkout/radio_creditCard' is checked

2018-10-17 15:25:37 - [MESSAGE][PASSED] - Delayed 10 second(s)

2018-10-17 15:25:38 - [MESSAGE][PASSED] - Text of object 'Object Repository/Page_Checkout/txt_cardNumber' is cleared

2018-10-17 15:25:38 - [MESSAGE][PASSED] - Keys '4032036248443549' sent to object: 'Object Repository/Page_Checkout/txt_cardNumber'

2018-10-17 15:25:38 - [MESSAGE][PASSED] - All options with label 'Visa' are selected in object 'Object Repository/Page_Checkout/drop_cardType' 

2018-10-17 15:25:39 - [MESSAGE][PASSED] - All options with label '07' are selected in object 'Object Repository/Page_Checkout/drop_expirationMonth' 

2018-10-17 15:25:39 - [MESSAGE][PASSED] - All options with label '2023' are selected in object 'Object Repository/Page_Checkout/drop_expirationYear' 

2018-10-17 15:25:39 - [MESSAGE][PASSED] - Text of object 'Object Repository/Page_Checkout/txt_cardCVV' is cleared

2018-10-17 15:25:39 - [MESSAGE][PASSED] - Keys '123' sent to object: 'Object Repository/Page_Checkout/txt_cardCVV'

2018-10-17 15:25:39 - [MESSAGE][PASSED] - Object 'Object Repository/Page_Checkout/chk_terms' is checked

2018-10-17 15:25:40 - [MESSAGE][PASSED] - Object: 'Object Repository/Page_Checkout/btn_placeOrder' is clicked on

2018-10-17 15:25:56 - [MESSAGE][PASSED] - Object 'Object Repository/Page_Checkout/lbl_orderReceived' is present

2018-10-17 15:25:56 - [MESSAGE][PASSED] - beautytap.ShopAction.checkoutViaCreditCard is PASSED

2018-10-17 15:25:56 - [TEST_STEP][PASSED] - beautytap.ShopAction.VerifyOrderReceivedDetails: Keyword VerifyOrderReceivedDetails is Passed

2018-10-17 15:25:56 - [MESSAGE][PASSED] - Object '' is present

2018-10-17 15:25:56 - [MESSAGE][PASSED] - Text of object '' is: '$11.99'

2018-10-17 15:25:56 - [MESSAGE][PASSED] - Text of object '' is: '$25.00 via ($25) - DHL flat rate shipping'

2018-10-17 15:25:56 - [MESSAGE][PASSED] - Object '' is present

2018-10-17 15:25:56 - [MESSAGE][PASSED] - Text of object '' is: '$25.00'

2018-10-17 15:25:56 - [MESSAGE][PASSED] - Text of object '' is: 'Credit Card Payment'

2018-10-17 15:25:56 - [MESSAGE][PASSED] - Text of object '' is: '$36.99'

2018-10-17 15:25:56 - [MESSAGE][PASSED] - Keyword VerifyOrderReceivedDetails is Passed

2018-10-17 15:25:56 - [TEST_STEP][PASSED] - closeBrowser: Browser is closed

2018-10-17 15:25:57 - [MESSAGE][PASSED] - Browser is closed]]></system-out>
         <system-err><![CDATA[]]></system-err>
      </testcase>
      <testcase name="Test Cases/Shop/TC04_Search_VariationProduct_NotSale_AmazonPay_GreaterThan200" classname="Test Cases/Shop/TC04_Search_VariationProduct_NotSale_AmazonPay_GreaterThan200" status="PASSED">
         <system-out><![CDATA[2018-10-17 15:25:59 - [TEST_CASE][PASSED] - Test Cases/Shop/TC04_Search_VariationProduct_NotSale_AmazonPay_GreaterThan200: Test Cases/Shop/TC04_Search_VariationProduct_NotSale_AmazonPay_GreaterThan200

2018-10-17 15:26:00 - [TEST_STEP][PASSED] - Statement - productName = VARIATION_PRODUCT: null

2018-10-17 15:26:00 - [TEST_STEP][PASSED] - Statement - price = VARIATION_PRICE1: null

2018-10-17 15:26:00 - [TEST_STEP][PASSED] - Statement - variation = VARIATION_NAME1: null

2018-10-17 15:26:00 - [TEST_STEP][PASSED] - Statement - r_string = new java.lang.Math().random().toString().substring(2, 8): null

2018-10-17 15:26:00 - [TEST_STEP][PASSED] - Statement - email = "auto" + r_string + "@mailinator.com": null

2018-10-17 15:26:00 - [TEST_STEP][PASSED] - Statement - orderNote = "auto" + r_string + "Order": null

2018-10-17 15:26:00 - [TEST_STEP][PASSED] - Statement - currentNumberItemInCart = <not implemented yet for class: org.codehaus.groovy.ast.expr.EmptyExpression>: null

2018-10-17 15:26:00 - [TEST_STEP][PASSED] - Statement - quantity = 8: null

2018-10-17 15:26:00 - [TEST_STEP][PASSED] - Statement - subtotal = CustomKeywords.beautytap.ShopAction.calculateTotal(quantity, price): beautytap.ShopAction.calculateTotal is PASSED

2018-10-17 15:26:00 - [MESSAGE][PASSED] - beautytap.ShopAction.calculateTotal is PASSED

2018-10-17 15:26:00 - [TEST_STEP][PASSED] - Statement - total = subtotal: null

2018-10-17 15:26:00 - [TEST_STEP][PASSED] - Statement - total = CustomKeywords.beautytap.ShopAction.calculateTotal(1, total): beautytap.ShopAction.calculateTotal is PASSED

2018-10-17 15:26:00 - [MESSAGE][PASSED] - beautytap.ShopAction.calculateTotal is PASSED

2018-10-17 15:26:00 - [TEST_STEP][PASSED] - Statement - products = new org.json.JSONArray((((((((([{"productname":" + productName) + ","variation":") + variation) + ","quantity":") + quantity) + ","price":") + price) + "}])): null

2018-10-17 15:26:00 - [TEST_STEP][PASSED] - Statement - shippingLabel = FREE_EMS_SHIPPING_LABEL: null

2018-10-17 15:26:00 - [TEST_STEP][PASSED] - Statement - shippingPrice = 0: null

2018-10-17 15:26:00 - [TEST_STEP][PASSED] - Statement - shippingType = "freeEMS": null

2018-10-17 15:26:00 - [TEST_STEP][PASSED] - Statement - paymentMethod = "Amazon Pay": null

2018-10-17 15:26:00 - [TEST_STEP][PASSED] - Statement - amazonAddress = "Trang N. CMT8 Floor 9th, Hochiminh, 3, 700000, Vietnam": null

2018-10-17 15:26:00 - [TEST_STEP][PASSED] - beautytap.GeneralAction.openBeautytap: beautytap.GeneralAction.openBeautytap is PASSED

2018-10-17 15:26:44 - [MESSAGE][PASSED] - Browser is opened with url: 'https://stage.beautytap.com'

2018-10-17 15:26:46 - [MESSAGE][PASSED] - Current window maximized

2018-10-17 15:26:54 - [MESSAGE][PASSED] - Refresh successfully

2018-10-17 15:26:54 - [MESSAGE][PASSED] - Wait for page load successfully

2018-10-17 15:26:54 - [MESSAGE][PASSED] - beautytap.GeneralAction.openBeautytap is PASSED

2018-10-17 15:26:54 - [TEST_STEP][PASSED] - beautytap.ShopAction.globalSearch: beautytap.ShopAction.globalSearch is PASSED

2018-10-17 15:26:54 - [MESSAGE][PASSED] - Object: 'Object Repository/Page_General/icon_search' is clicked on

2018-10-17 15:26:59 - [MESSAGE][PASSED] - Delayed 5 second(s)

2018-10-17 15:26:59 - [MESSAGE][PASSED] - Text of object 'Object Repository/Page_General/txt_search' is cleared

2018-10-17 15:27:00 - [MESSAGE][PASSED] - Keys 'CONTROL + v' sent to object: 'Object Repository/Page_General/txt_search'

2018-10-17 15:27:05 - [MESSAGE][PASSED] - Delayed 5 second(s)

2018-10-17 15:27:05 - [MESSAGE][PASSED] - beautytap.ShopAction.globalSearch is PASSED

2018-10-17 15:27:05 - [TEST_STEP][PASSED] - beautytap.ShopAction.VerifyProductOnSearchResult: beautytap.ShopAction.VerifyProductOnSearchResult is PASSED

2018-10-17 15:27:05 - [MESSAGE][PASSED] - beautytap.ShopAction.VerifyProductOnSearchResult is PASSED

2018-10-17 15:27:05 - [TEST_STEP][PASSED] - beautytap.ShopAction.selectSearchResult: beautytap.ShopAction.selectSearchResult is PASSED

2018-10-17 15:27:05 - [MESSAGE][PASSED] - Text of object '' is: 'MeloMELI Unicorn Heart Lake Cushion — 2 Choices'

2018-10-17 15:27:05 - [MESSAGE][PASSED] - Object '' is present

2018-10-17 15:27:17 - [MESSAGE][PASSED] - Object: '' is clicked on

2018-10-17 15:27:17 - [MESSAGE][PASSED] - Wait for page load successfully

2018-10-17 15:27:17 - [MESSAGE][PASSED] - beautytap.ShopAction.selectSearchResult is PASSED

2018-10-17 15:27:17 - [TEST_STEP][PASSED] - beautytap.ShopAction.selectProductVariation: beautytap.ShopAction.selectProductVariation is PASSED

2018-10-17 15:27:17 - [MESSAGE][PASSED] - Object: 'Object Repository/Page_Shop/drop_chooseOption' is clicked on

2018-10-17 15:27:18 - [MESSAGE][PASSED] - Delayed 1 second(s)

2018-10-17 15:27:18 - [MESSAGE][PASSED] - Object: '' is clicked on

2018-10-17 15:27:18 - [MESSAGE][PASSED] - beautytap.ShopAction.selectProductVariation is PASSED

2018-10-17 15:27:18 - [TEST_STEP][PASSED] - beautytap.ShopAction.VerifyProductDetails: Keyword VerifyProductDetails is Passed

2018-10-17 15:27:18 - [MESSAGE][PASSED] - Text of object '' is: 'MeloMELI Unicorn Heart Lake Cushion — 2 Choices'

2018-10-17 15:27:19 - [MESSAGE][PASSED] - All options with label 'Vanilla Beige' are selected in object 'Object Repository/Page_Shop/drop_chooseOption' 

2018-10-17 15:27:19 - [MESSAGE][PASSED] - Text of object '' is: '$26.70'

2018-10-17 15:27:19 - [MESSAGE][PASSED] - Get CSS 'color' value on '' successfully: 'rgba(255, 35, 134, 1)'.

2018-10-17 15:27:19 - [MESSAGE][PASSED] - Keyword VerifyProductDetails is Passed

2018-10-17 15:27:19 - [TEST_STEP][PASSED] - Statement - currentNumberItemInCart = CustomKeywords.beautytap.ShopAction.getNumberItemInCart(): beautytap.ShopAction.getNumberItemInCart is PASSED

2018-10-17 15:27:25 - [MESSAGE][WARNING] - com.kms.katalon.core.webui.exception.WebElementNotFoundException: Web element with id: '' located by 'By.xpath: //div[@class='header-right-top pull-right']/a[@class='shop-cart']/span[@class='number-cart']' not found
[[ATTACHMENT|E:\\BeautytapAutomation\\beautytapAuto\\Beautytap\\Reports\\Regression\\20181017_144227\\1539764844808.png]]

2018-10-17 15:27:25 - [MESSAGE][PASSED] - beautytap.ShopAction.getNumberItemInCart is PASSED

2018-10-17 15:27:25 - [TEST_STEP][PASSED] - beautytap.ShopAction.addProductToCart: beautytap.ShopAction.addProductToCart is PASSED

2018-10-17 15:27:25 - [MESSAGE][PASSED] - Text of object 'Object Repository/Page_Shop/txt_quantity' is cleared

2018-10-17 15:27:25 - [MESSAGE][PASSED] - Keys '8' sent to object: 'Object Repository/Page_Shop/txt_quantity'

2018-10-17 15:27:25 - [MESSAGE][PASSED] - Object: 'Object Repository/Page_Shop/btn_addToCart' is clicked on

2018-10-17 15:27:25 - [MESSAGE][PASSED] - Wait for page load successfully

2018-10-17 15:27:33 - [MESSAGE][PASSED] - Object 'Object Repository/Page_Shop/lbl_message' is present

2018-10-17 15:27:38 - [MESSAGE][PASSED] - Delayed 5 second(s)

2018-10-17 15:27:38 - [MESSAGE][PASSED] - beautytap.ShopAction.addProductToCart is PASSED

2018-10-17 15:27:38 - [TEST_STEP][PASSED] - beautytap.ShopAction.VerifyNumberItemInCart: Keyword VerifyNumberItemInCart is Passed, Number item in cart is 8, expected is 8

2018-10-17 15:27:38 - [MESSAGE][PASSED] - Object '' is present

2018-10-17 15:27:38 - [MESSAGE][PASSED] - Text of object '' is: '8'

2018-10-17 15:27:38 - [MESSAGE][PASSED] - Keyword VerifyNumberItemInCart is Passed, Number item in cart is 8, expected is 8

2018-10-17 15:27:38 - [TEST_STEP][PASSED] - beautytap.ShopAction.VerifyProductIsAddedToCart: beautytap.ShopAction.VerifyProductIsAddedToCart is PASSED

2018-10-17 15:27:38 - [MESSAGE][PASSED] - Object '' is present

2018-10-17 15:27:38 - [MESSAGE][PASSED] - beautytap.ShopAction.VerifyProductIsAddedToCart is PASSED

2018-10-17 15:27:38 - [TEST_STEP][PASSED] - beautytap.ShopAction.goToCart: beautytap.ShopAction.goToCart is PASSED

2018-10-17 15:27:38 - [MESSAGE][PASSED] - Object 'Object Repository/Page_General/icon_cart' is present

2018-10-17 15:27:46 - [MESSAGE][PASSED] - Object: 'Object Repository/Page_General/icon_cart' is clicked on

2018-10-17 15:27:46 - [MESSAGE][PASSED] - Wait for page load successfully

2018-10-17 15:27:46 - [MESSAGE][PASSED] - beautytap.ShopAction.goToCart is PASSED

2018-10-17 15:27:46 - [TEST_STEP][PASSED] - beautytap.ShopAction.VerifyProductInCart: Keyword VerifyProductInCart is Passed

2018-10-17 15:27:46 - [MESSAGE][PASSED] - Object '' is present

2018-10-17 15:27:46 - [MESSAGE][PASSED] - Object '' is present

2018-10-17 15:27:46 - [MESSAGE][PASSED] - Text of object '' is: '$26.70'

2018-10-17 15:27:46 - [MESSAGE][PASSED] - Attribute 'value' of object '' is: '8'

2018-10-17 15:27:46 - [MESSAGE][PASSED] - Text of object '' is: '$213.60'

2018-10-17 15:27:46 - [MESSAGE][PASSED] - Keyword VerifyProductInCart is Passed

2018-10-17 15:27:46 - [TEST_STEP][PASSED] - beautytap.ShopAction.processToCheckout: beautytap.ShopAction.processToCheckout is PASSED

2018-10-17 15:27:53 - [MESSAGE][PASSED] - Object: 'Object Repository/Page_Cart/btn_checkout' is clicked on

2018-10-17 15:27:53 - [MESSAGE][PASSED] - Wait for page load successfully

2018-10-17 15:27:53 - [MESSAGE][PASSED] - beautytap.ShopAction.processToCheckout is PASSED

2018-10-17 15:27:53 - [TEST_STEP][PASSED] - beautytap.ShopAction.loginAmazonPay: beautytap.ShopAction.loginAmazonPay is PASSED

2018-10-17 15:27:53 - [MESSAGE][PASSED] - Object: 'Object Repository/Page_Checkout/btn_amazonPay' is clicked on

2018-10-17 15:27:53 - [MESSAGE][PASSED] - Switched to window with index: '1'

2018-10-17 15:27:55 - [MESSAGE][PASSED] - Object 'Object Repository/Popup_Amazon/txt_email' is present

2018-10-17 15:27:55 - [MESSAGE][PASSED] - Text of object 'Object Repository/Popup_Amazon/txt_email' is cleared

2018-10-17 15:27:56 - [MESSAGE][PASSED] - Keys 'amazontest1503@yopmail.com' sent to object: 'Object Repository/Popup_Amazon/txt_email'

2018-10-17 15:27:56 - [MESSAGE][PASSED] - Text of object 'Object Repository/Popup_Amazon/txt_password' is cleared

2018-10-17 15:27:56 - [MESSAGE][PASSED] - Keys '123456' sent to object: 'Object Repository/Popup_Amazon/txt_password'

2018-10-17 15:27:59 - [MESSAGE][PASSED] - Object: 'Object Repository/Popup_Amazon/btn_signin' is clicked on

2018-10-17 15:27:59 - [MESSAGE][PASSED] - Switched to window with index: '0'

2018-10-17 15:28:29 - [MESSAGE][PASSED] - Delayed 30 second(s)

2018-10-17 15:28:29 - [MESSAGE][PASSED] - beautytap.ShopAction.loginAmazonPay is PASSED

2018-10-17 15:28:29 - [TEST_STEP][PASSED] - beautytap.ShopAction.selectAmazonPayAddress: beautytap.ShopAction.selectAmazonPayAddress is PASSED

2018-10-17 15:28:29 - [MESSAGE][PASSED] - Object '' is present

2018-10-17 15:28:30 - [MESSAGE][PASSED] - Text of object '' is: 'trang n. South La Brea Ave, Los Angeles, ca, 90016, United States'

2018-10-17 15:28:30 - [MESSAGE][PASSED] - Object '' is present

2018-10-17 15:28:30 - [MESSAGE][PASSED] - Text of object '' is: 'Trang N. CMT8 Floor 9th, toroto, 3, 70000, United States Minor Outlying Islands'

2018-10-17 15:28:30 - [MESSAGE][PASSED] - Object '' is present

2018-10-17 15:28:30 - [MESSAGE][PASSED] - Text of object '' is: 'Trang N. CMT8 Floor 9th, Hochiminh, 3, 700000, Vietnam'

2018-10-17 15:28:30 - [MESSAGE][PASSED] - Object: '' is clicked on

2018-10-17 15:28:35 - [MESSAGE][PASSED] - Delayed 5 second(s)

2018-10-17 15:28:35 - [MESSAGE][PASSED] - Switched to window with index: '0'

2018-10-17 15:28:35 - [MESSAGE][PASSED] - beautytap.ShopAction.selectAmazonPayAddress is PASSED

2018-10-17 15:28:35 - [TEST_STEP][PASSED] - beautytap.ShopAction.VerifyOrderDetailsOnCheckout: Keyword VerifyOrderDetailsOnCheckout is Passed

2018-10-17 15:28:35 - [MESSAGE][PASSED] - Object '' is present

2018-10-17 15:28:35 - [MESSAGE][PASSED] - Text of object '' is: '$213.60'

2018-10-17 15:28:35 - [MESSAGE][PASSED] - Text of object '' is: 'Free EMS shipping (over $200)
Why does shipping take this long?'

2018-10-17 15:28:35 - [MESSAGE][PASSED] - Text of object '' is: '$213.60'

2018-10-17 15:28:35 - [MESSAGE][PASSED] - Keyword VerifyOrderDetailsOnCheckout is Passed

2018-10-17 15:28:35 - [TEST_STEP][PASSED] - beautytap.ShopAction.checkoutViaAmazonPay: beautytap.ShopAction.checkoutViaAmazonPay is PASSED

2018-10-17 15:28:35 - [MESSAGE][PASSED] - Object 'Object Repository/Page_Checkout/chk_terms' is clickable

2018-10-17 15:28:36 - [MESSAGE][PASSED] - Object 'Object Repository/Page_Checkout/chk_terms' is checked

2018-10-17 15:28:36 - [MESSAGE][PASSED] - Object: 'Object Repository/Page_Checkout/btn_placeOrder' is clicked on

2018-10-17 15:28:52 - [MESSAGE][PASSED] - Object 'Object Repository/Page_Checkout/lbl_orderReceived' is present

2018-10-17 15:28:52 - [MESSAGE][PASSED] - beautytap.ShopAction.checkoutViaAmazonPay is PASSED

2018-10-17 15:28:52 - [TEST_STEP][PASSED] - beautytap.ShopAction.VerifyOrderReceivedDetails: Keyword VerifyOrderReceivedDetails is Passed

2018-10-17 15:28:52 - [MESSAGE][PASSED] - Object '' is present

2018-10-17 15:28:52 - [MESSAGE][PASSED] - Text of object '' is: '$213.60'

2018-10-17 15:28:52 - [MESSAGE][PASSED] - Text of object '' is: 'Free EMS shipping (over $200)'

2018-10-17 15:28:58 - [MESSAGE][WARNING] - com.kms.katalon.core.webui.exception.WebElementNotFoundException: Web element with id: '' located by 'By.xpath: //th[text()='Shipping:']/parent::tr/td/span' not found
[[ATTACHMENT|E:\\BeautytapAutomation\\beautytapAuto\\Beautytap\\Reports\\Regression\\20181017_144227\\1539764938137.png]]

2018-10-17 15:28:58 - [MESSAGE][PASSED] - Text of object '' is: 'Amazon Pay'

2018-10-17 15:28:58 - [MESSAGE][PASSED] - Text of object '' is: '$213.60'

2018-10-17 15:28:58 - [MESSAGE][PASSED] - Keyword VerifyOrderReceivedDetails is Passed

2018-10-17 15:28:58 - [TEST_STEP][PASSED] - closeBrowser: Browser is closed

2018-10-17 15:28:59 - [MESSAGE][PASSED] - Browser is closed]]></system-out>
         <system-err><![CDATA[]]></system-err>
      </testcase>
      <testcase name="Test Cases/Shop/TC05_Browse_SimpleProduct_NotSale_PayPal_GreaterThan60LessThan200" classname="Test Cases/Shop/TC05_Browse_SimpleProduct_NotSale_PayPal_GreaterThan60LessThan200" status="PASSED">
         <system-out><![CDATA[2018-10-17 15:29:01 - [TEST_CASE][PASSED] - Test Cases/Shop/TC05_Browse_SimpleProduct_NotSale_PayPal_GreaterThan60LessThan200: Test Cases/Shop/TC05_Browse_SimpleProduct_NotSale_PayPal_GreaterThan60LessThan200

2018-10-17 15:29:02 - [TEST_STEP][PASSED] - Statement - productName = SIMPLE_PRODUCT: null

2018-10-17 15:29:02 - [TEST_STEP][PASSED] - Statement - price = SIMPLE_PRODUCT_PRICE: null

2018-10-17 15:29:02 - [TEST_STEP][PASSED] - Statement - r_string = new java.lang.Math().random().toString().substring(2, 8): null

2018-10-17 15:29:02 - [TEST_STEP][PASSED] - Statement - email = "auto" + r_string + "@mailinator.com": null

2018-10-17 15:29:02 - [TEST_STEP][PASSED] - Statement - orderNote = "auto" + r_string + "Order": null

2018-10-17 15:29:02 - [TEST_STEP][PASSED] - Statement - currentNumberItemInCart = <not implemented yet for class: org.codehaus.groovy.ast.expr.EmptyExpression>: null

2018-10-17 15:29:02 - [TEST_STEP][PASSED] - Statement - quantity = 3: null

2018-10-17 15:29:02 - [TEST_STEP][PASSED] - Statement - subtotal = CustomKeywords.beautytap.ShopAction.calculateTotal(quantity, price): beautytap.ShopAction.calculateTotal is PASSED

2018-10-17 15:29:02 - [MESSAGE][PASSED] - beautytap.ShopAction.calculateTotal is PASSED

2018-10-17 15:29:02 - [TEST_STEP][PASSED] - Statement - total = subtotal: null

2018-10-17 15:29:02 - [TEST_STEP][PASSED] - Statement - total = CustomKeywords.beautytap.ShopAction.calculateTotal(1, total): beautytap.ShopAction.calculateTotal is PASSED

2018-10-17 15:29:02 - [MESSAGE][PASSED] - beautytap.ShopAction.calculateTotal is PASSED

2018-10-17 15:29:02 - [TEST_STEP][PASSED] - Statement - products = new org.json.JSONArray((((((([{"productname":" + productName) + ","variation":"","quantity":") + quantity) + ","price":") + price) + "}])): null

2018-10-17 15:29:02 - [TEST_STEP][PASSED] - Statement - billingInformation = new org.json.JSONObject((({"firstname":"Test","lastname":"Automation","country":"United States (US)","address":"123 Testing","city":"New York","state":"New York","zip":"90012","email":" + email) + "})): null

2018-10-17 15:29:02 - [TEST_STEP][PASSED] - Statement - shippingLabel = FREE_SHIPPING_LABEL: null

2018-10-17 15:29:02 - [TEST_STEP][PASSED] - Statement - shippingPrice = 0: null

2018-10-17 15:29:02 - [TEST_STEP][PASSED] - Statement - shippingType = "free": null

2018-10-17 15:29:02 - [TEST_STEP][PASSED] - Statement - paymentMethod = "PayPal": null

2018-10-17 15:29:02 - [TEST_STEP][PASSED] - Statement - category = "What's New": null

2018-10-17 15:29:02 - [TEST_STEP][PASSED] - beautytap.GeneralAction.openBeautytap: beautytap.GeneralAction.openBeautytap is PASSED

2018-10-17 15:29:24 - [MESSAGE][PASSED] - Browser is opened with url: 'https://stage.beautytap.com'

2018-10-17 15:29:25 - [MESSAGE][PASSED] - Current window maximized

2018-10-17 15:29:36 - [MESSAGE][PASSED] - Refresh successfully

2018-10-17 15:29:36 - [MESSAGE][PASSED] - Wait for page load successfully

2018-10-17 15:29:36 - [MESSAGE][PASSED] - beautytap.GeneralAction.openBeautytap is PASSED

2018-10-17 15:29:36 - [TEST_STEP][PASSED] - beautytap.ShopAction.selectCategory: beautytap.ShopAction.selectCategory is PASSED

2018-10-17 15:29:52 - [MESSAGE][PASSED] - Object: '' is clicked on

2018-10-17 15:29:52 - [MESSAGE][PASSED] - Wait for page load successfully

2018-10-17 15:29:52 - [MESSAGE][PASSED] - beautytap.ShopAction.selectCategory is PASSED

2018-10-17 15:29:52 - [TEST_STEP][PASSED] - beautytap.ShopAction.findProductOnProductList: beautytap.ShopAction.findProductOnProductList is PASSED

2018-10-17 15:29:52 - [MESSAGE][PASSED] - Text of object '' is: '77'

2018-10-17 15:29:58 - [MESSAGE][WARNING] - com.kms.katalon.core.webui.exception.WebElementNotFoundException: Web element with id: '' located by 'By.xpath: //a[text()='La Muse Correct Care Complete Cushion SPF50+']' not found
[[ATTACHMENT|E:\\BeautytapAutomation\\beautytapAuto\\Beautytap\\Reports\\Regression\\20181017_144227\\1539764997899.png]]

2018-10-17 15:30:12 - [MESSAGE][PASSED] - Object: '' is clicked on

2018-10-17 15:30:12 - [MESSAGE][PASSED] - Wait for page load successfully

2018-10-17 15:30:17 - [MESSAGE][WARNING] - com.kms.katalon.core.webui.exception.WebElementNotFoundException: Web element with id: '' located by 'By.xpath: //a[text()='La Muse Correct Care Complete Cushion SPF50+']' not found
[[ATTACHMENT|E:\\BeautytapAutomation\\beautytapAuto\\Beautytap\\Reports\\Regression\\20181017_144227\\1539765017610.png]]

2018-10-17 15:30:32 - [MESSAGE][PASSED] - Object: '' is clicked on

2018-10-17 15:30:32 - [MESSAGE][PASSED] - Wait for page load successfully

2018-10-17 15:30:32 - [MESSAGE][PASSED] - Object '' is present

2018-10-17 15:30:32 - [MESSAGE][PASSED] - beautytap.ShopAction.findProductOnProductList is PASSED

2018-10-17 15:30:32 - [TEST_STEP][PASSED] - beautytap.ShopAction.VerifyProductOnProductList: Keyword VerifyProductOnProductList is Passed

2018-10-17 15:30:32 - [MESSAGE][PASSED] - Object '' is present

2018-10-17 15:30:32 - [MESSAGE][PASSED] - Text of object '' is: '$31.80'

2018-10-17 15:30:32 - [MESSAGE][PASSED] - Get CSS 'color' value on '' successfully: 'rgba(255, 35, 134, 1)'.

2018-10-17 15:30:32 - [MESSAGE][PASSED] - Get CSS 'color' value on '' successfully: 'rgba(255, 35, 134, 1)'.

2018-10-17 15:30:32 - [MESSAGE][PASSED] - Keyword VerifyProductOnProductList is Passed

2018-10-17 15:30:32 - [TEST_STEP][PASSED] - beautytap.ShopAction.selectProductOnProductList: beautytap.ShopAction.selectProductOnProductList is PASSED

2018-10-17 15:30:41 - [MESSAGE][PASSED] - Object: '' is clicked on

2018-10-17 15:30:41 - [MESSAGE][PASSED] - Wait for page load successfully

2018-10-17 15:30:41 - [MESSAGE][PASSED] - beautytap.ShopAction.selectProductOnProductList is PASSED

2018-10-17 15:30:41 - [TEST_STEP][PASSED] - beautytap.ShopAction.VerifyProductDetails: Keyword VerifyProductDetails is Passed

2018-10-17 15:30:42 - [MESSAGE][PASSED] - Text of object '' is: 'La Muse Correct Care Complete Cushion SPF50+'

2018-10-17 15:30:42 - [MESSAGE][PASSED] - Text of object '' is: '$31.80'

2018-10-17 15:30:42 - [MESSAGE][PASSED] - Get CSS 'color' value on '' successfully: 'rgba(255, 35, 134, 1)'.

2018-10-17 15:30:42 - [MESSAGE][PASSED] - Keyword VerifyProductDetails is Passed

2018-10-17 15:30:42 - [TEST_STEP][PASSED] - Statement - currentNumberItemInCart = CustomKeywords.beautytap.ShopAction.getNumberItemInCart(): beautytap.ShopAction.getNumberItemInCart is PASSED

2018-10-17 15:30:47 - [MESSAGE][WARNING] - com.kms.katalon.core.webui.exception.WebElementNotFoundException: Web element with id: '' located by 'By.xpath: //div[@class='header-right-top pull-right']/a[@class='shop-cart']/span[@class='number-cart']' not found
[[ATTACHMENT|E:\\BeautytapAutomation\\beautytapAuto\\Beautytap\\Reports\\Regression\\20181017_144227\\1539765047458.png]]

2018-10-17 15:30:47 - [MESSAGE][PASSED] - beautytap.ShopAction.getNumberItemInCart is PASSED

2018-10-17 15:30:47 - [TEST_STEP][PASSED] - beautytap.ShopAction.addProductToCart: beautytap.ShopAction.addProductToCart is PASSED

2018-10-17 15:30:47 - [MESSAGE][PASSED] - Text of object 'Object Repository/Page_Shop/txt_quantity' is cleared

2018-10-17 15:30:48 - [MESSAGE][PASSED] - Keys '3' sent to object: 'Object Repository/Page_Shop/txt_quantity'

2018-10-17 15:30:48 - [MESSAGE][PASSED] - Object: 'Object Repository/Page_Shop/btn_addToCart' is clicked on

2018-10-17 15:30:48 - [MESSAGE][PASSED] - Wait for page load successfully

2018-10-17 15:30:56 - [MESSAGE][PASSED] - Object 'Object Repository/Page_Shop/lbl_message' is present

2018-10-17 15:31:01 - [MESSAGE][PASSED] - Delayed 5 second(s)

2018-10-17 15:31:01 - [MESSAGE][PASSED] - beautytap.ShopAction.addProductToCart is PASSED

2018-10-17 15:31:01 - [TEST_STEP][PASSED] - beautytap.ShopAction.VerifyNumberItemInCart: Keyword VerifyNumberItemInCart is Passed, Number item in cart is 3, expected is 3

2018-10-17 15:31:01 - [MESSAGE][PASSED] - Object '' is present

2018-10-17 15:31:01 - [MESSAGE][PASSED] - Text of object '' is: '3'

2018-10-17 15:31:01 - [MESSAGE][PASSED] - Keyword VerifyNumberItemInCart is Passed, Number item in cart is 3, expected is 3

2018-10-17 15:31:01 - [TEST_STEP][PASSED] - beautytap.ShopAction.VerifyProductIsAddedToCart: beautytap.ShopAction.VerifyProductIsAddedToCart is PASSED

2018-10-17 15:31:01 - [MESSAGE][PASSED] - Object '' is present

2018-10-17 15:31:01 - [MESSAGE][PASSED] - beautytap.ShopAction.VerifyProductIsAddedToCart is PASSED

2018-10-17 15:31:01 - [TEST_STEP][PASSED] - beautytap.ShopAction.goToCart: beautytap.ShopAction.goToCart is PASSED

2018-10-17 15:31:01 - [MESSAGE][PASSED] - Object 'Object Repository/Page_General/icon_cart' is present

2018-10-17 15:31:08 - [MESSAGE][PASSED] - Object: 'Object Repository/Page_General/icon_cart' is clicked on

2018-10-17 15:31:08 - [MESSAGE][PASSED] - Wait for page load successfully

2018-10-17 15:31:08 - [MESSAGE][PASSED] - beautytap.ShopAction.goToCart is PASSED

2018-10-17 15:31:08 - [TEST_STEP][PASSED] - beautytap.ShopAction.VerifyProductInCart: Keyword VerifyProductInCart is Passed

2018-10-17 15:31:08 - [MESSAGE][PASSED] - Object '' is present

2018-10-17 15:31:08 - [MESSAGE][PASSED] - Object '' is present

2018-10-17 15:31:08 - [MESSAGE][PASSED] - Text of object '' is: '$31.80'

2018-10-17 15:31:08 - [MESSAGE][PASSED] - Attribute 'value' of object '' is: '3'

2018-10-17 15:31:08 - [MESSAGE][PASSED] - Text of object '' is: '$95.40'

2018-10-17 15:31:08 - [MESSAGE][PASSED] - Keyword VerifyProductInCart is Passed

2018-10-17 15:31:08 - [TEST_STEP][PASSED] - beautytap.ShopAction.processToCheckout: beautytap.ShopAction.processToCheckout is PASSED

2018-10-17 15:31:14 - [MESSAGE][PASSED] - Object: 'Object Repository/Page_Cart/btn_checkout' is clicked on

2018-10-17 15:31:14 - [MESSAGE][PASSED] - Wait for page load successfully

2018-10-17 15:31:14 - [MESSAGE][PASSED] - beautytap.ShopAction.processToCheckout is PASSED

2018-10-17 15:31:14 - [TEST_STEP][PASSED] - beautytap.ShopAction.fillCustomerInformation: beautytap.ShopAction.fillCustomerInformation is PASSED

2018-10-17 15:31:14 - [MESSAGE][PASSED] - Text of object 'Object Repository/Page_Checkout/txt_billingFirstName' is cleared

2018-10-17 15:31:15 - [MESSAGE][PASSED] - Keys 'Test' sent to object: 'Object Repository/Page_Checkout/txt_billingFirstName'

2018-10-17 15:31:15 - [MESSAGE][PASSED] - Text of object 'Object Repository/Page_Checkout/txt_billingLastName' is cleared

2018-10-17 15:31:15 - [MESSAGE][PASSED] - Keys 'Automation' sent to object: 'Object Repository/Page_Checkout/txt_billingLastName'

2018-10-17 15:31:17 - [MESSAGE][PASSED] - All options with label 'United States (US)' are selected in object 'Object Repository/Page_Checkout/drop_billingCountry' 

2018-10-17 15:31:22 - [MESSAGE][PASSED] - Delayed 5 second(s)

2018-10-17 15:31:22 - [MESSAGE][PASSED] - Text of object 'Object Repository/Page_Checkout/txt_billingAddress' is cleared

2018-10-17 15:31:22 - [MESSAGE][PASSED] - Keys '123 Testing' sent to object: 'Object Repository/Page_Checkout/txt_billingAddress'

2018-10-17 15:31:22 - [MESSAGE][PASSED] - Text of object 'Object Repository/Page_Checkout/txt_billingCity' is cleared

2018-10-17 15:31:23 - [MESSAGE][PASSED] - Keys 'New York' sent to object: 'Object Repository/Page_Checkout/txt_billingCity'

2018-10-17 15:31:23 - [MESSAGE][PASSED] - All options with label 'New York' are selected in object 'Object Repository/Page_Checkout/drop_billingState' 

2018-10-17 15:31:23 - [MESSAGE][PASSED] - Text of object 'Object Repository/Page_Checkout/txt_billingZip' is cleared

2018-10-17 15:31:23 - [MESSAGE][PASSED] - Keys '90012' sent to object: 'Object Repository/Page_Checkout/txt_billingZip'

2018-10-17 15:31:23 - [MESSAGE][PASSED] - Text of object 'Object Repository/Page_Checkout/txt_billingEmail' is cleared

2018-10-17 15:31:24 - [MESSAGE][PASSED] - Keys 'auto318216@mailinator.com' sent to object: 'Object Repository/Page_Checkout/txt_billingEmail'

2018-10-17 15:31:24 - [MESSAGE][PASSED] - Object 'Object Repository/Page_Checkout/chk_shipToDifferentAddress' is un-checked

2018-10-17 15:31:25 - [MESSAGE][PASSED] - Text of object 'Object Repository/Page_Checkout/txt_orderNote' is cleared

2018-10-17 15:31:25 - [MESSAGE][PASSED] - Keys 'auto318216Order' sent to object: 'Object Repository/Page_Checkout/txt_orderNote'

2018-10-17 15:31:25 - [MESSAGE][PASSED] - Object 'Object Repository/Page_Checkout/radio_creditCard' is checked

2018-10-17 15:31:30 - [MESSAGE][PASSED] - Delayed 5 second(s)

2018-10-17 15:31:30 - [MESSAGE][PASSED] - beautytap.ShopAction.fillCustomerInformation is PASSED

2018-10-17 15:31:30 - [TEST_STEP][PASSED] - beautytap.ShopAction.VerifyOrderDetailsOnCheckout: Keyword VerifyOrderDetailsOnCheckout is Passed

2018-10-17 15:31:30 - [MESSAGE][PASSED] - Object '' is present

2018-10-17 15:31:30 - [MESSAGE][PASSED] - Text of object '' is: '$95.40'

2018-10-17 15:31:30 - [MESSAGE][PASSED] - Text of object '' is: 'Free shipping for orders over $70
Why does shipping take this long?'

2018-10-17 15:31:30 - [MESSAGE][PASSED] - Text of object '' is: '$95.40'

2018-10-17 15:31:30 - [MESSAGE][PASSED] - Keyword VerifyOrderDetailsOnCheckout is Passed

2018-10-17 15:31:30 - [TEST_STEP][PASSED] - beautytap.ShopAction.checkoutViaPaypal: beautytap.ShopAction.checkoutViaPaypal is PASSED

2018-10-17 15:31:31 - [MESSAGE][PASSED] - Object 'Object Repository/Page_Checkout/radio_paypal' is checked

2018-10-17 15:31:36 - [MESSAGE][PASSED] - Delayed 5 second(s)

2018-10-17 15:31:36 - [MESSAGE][PASSED] - Object 'Object Repository/Page_Checkout/chk_terms' is checked

2018-10-17 15:31:36 - [MESSAGE][PASSED] - Object: 'Object Repository/Page_Checkout/btn_placeOrder' is clicked on

2018-10-17 15:31:44 - [MESSAGE][PASSED] - Object 'Object Repository/Page_Paypal/txt_email' is present

2018-10-17 15:31:44 - [MESSAGE][PASSED] - Text of object 'Object Repository/Page_Paypal/txt_email' is cleared

2018-10-17 15:31:45 - [MESSAGE][PASSED] - Keys 'g1.posiba@gmail.com' sent to object: 'Object Repository/Page_Paypal/txt_email'

2018-10-17 15:31:45 - [MESSAGE][PASSED] - Text of object 'Object Repository/Page_Paypal/txt_password' is cleared

2018-10-17 15:31:45 - [MESSAGE][PASSED] - Keys 'Tr@ng99%' sent to object: 'Object Repository/Page_Paypal/txt_password'

2018-10-17 15:31:58 - [MESSAGE][PASSED] - Object: 'Object Repository/Page_Paypal/btn_login' is clicked on

2018-10-17 15:32:01 - [MESSAGE][PASSED] - Object 'Object Repository/Page_Paypal/btn_payNow' is present

2018-10-17 15:32:06 - [MESSAGE][PASSED] - Delayed 5 second(s)

2018-10-17 15:32:07 - [MESSAGE][PASSED] - Object: 'Object Repository/Page_Paypal/btn_payNow' is clicked on

2018-10-17 15:32:29 - [MESSAGE][PASSED] - Object 'Object Repository/Page_Checkout/lbl_orderReceived' is present

2018-10-17 15:32:29 - [MESSAGE][PASSED] - beautytap.ShopAction.checkoutViaPaypal is PASSED

2018-10-17 15:32:29 - [TEST_STEP][PASSED] - beautytap.ShopAction.VerifyOrderReceivedDetails: Keyword VerifyOrderReceivedDetails is Passed

2018-10-17 15:32:29 - [MESSAGE][PASSED] - Object '' is present

2018-10-17 15:32:29 - [MESSAGE][PASSED] - Text of object '' is: '$95.40'

2018-10-17 15:32:29 - [MESSAGE][PASSED] - Text of object '' is: 'Free shipping for orders over $70'

2018-10-17 15:32:35 - [MESSAGE][WARNING] - com.kms.katalon.core.webui.exception.WebElementNotFoundException: Web element with id: '' located by 'By.xpath: //th[text()='Shipping:']/parent::tr/td/span' not found
[[ATTACHMENT|E:\\BeautytapAutomation\\beautytapAuto\\Beautytap\\Reports\\Regression\\20181017_144227\\1539765155027.png]]

2018-10-17 15:32:35 - [MESSAGE][PASSED] - Text of object '' is: 'PayPal'

2018-10-17 15:32:35 - [MESSAGE][PASSED] - Text of object '' is: '$95.40'

2018-10-17 15:32:35 - [MESSAGE][PASSED] - Keyword VerifyOrderReceivedDetails is Passed

2018-10-17 15:32:35 - [TEST_STEP][PASSED] - closeBrowser: Browser is closed

2018-10-17 15:32:36 - [MESSAGE][PASSED] - Browser is closed]]></system-out>
         <system-err><![CDATA[]]></system-err>
      </testcase>
      <testcase name="Test Cases/Shop/TC06_Browse_VariationProduct_Sale_AmazonPayAtCart_LessThan60_EMS" classname="Test Cases/Shop/TC06_Browse_VariationProduct_Sale_AmazonPayAtCart_LessThan60_EMS" status="PASSED">
         <system-out><![CDATA[2018-10-17 15:32:38 - [TEST_CASE][PASSED] - Test Cases/Shop/TC06_Browse_VariationProduct_Sale_AmazonPayAtCart_LessThan60_EMS: Test Cases/Shop/TC06_Browse_VariationProduct_Sale_AmazonPayAtCart_LessThan60_EMS

2018-10-17 15:32:39 - [TEST_STEP][PASSED] - Statement - productName = VARIATION_SALE_PRODUCT: null

2018-10-17 15:32:39 - [TEST_STEP][PASSED] - Statement - saleprice = VARIATION_SALE_PRICE1: null

2018-10-17 15:32:39 - [TEST_STEP][PASSED] - Statement - redularprice = VARIATION_SALE_REGULAR_PRICE1: null

2018-10-17 15:32:39 - [TEST_STEP][PASSED] - Statement - variation = VARIATION_SALE_NAME1: null

2018-10-17 15:32:39 - [TEST_STEP][PASSED] - Statement - r_string = new java.lang.Math().random().toString().substring(2, 8): null

2018-10-17 15:32:39 - [TEST_STEP][PASSED] - Statement - email = "auto" + r_string + "@mailinator.com": null

2018-10-17 15:32:39 - [TEST_STEP][PASSED] - Statement - orderNote = "auto" + r_string + "Order": null

2018-10-17 15:32:39 - [TEST_STEP][PASSED] - Statement - currentNumberItemInCart = <not implemented yet for class: org.codehaus.groovy.ast.expr.EmptyExpression>: null

2018-10-17 15:32:39 - [TEST_STEP][PASSED] - Statement - quantity = 5: null

2018-10-17 15:32:39 - [TEST_STEP][PASSED] - Statement - shippingLabel = SHIPPING_LABEL: null

2018-10-17 15:32:39 - [TEST_STEP][PASSED] - Statement - shippingPrice = SHIPPING_PRICE: null

2018-10-17 15:32:39 - [TEST_STEP][PASSED] - Statement - subtotal = CustomKeywords.beautytap.ShopAction.calculateTotal(quantity, saleprice): beautytap.ShopAction.calculateTotal is PASSED

2018-10-17 15:32:39 - [MESSAGE][PASSED] - beautytap.ShopAction.calculateTotal is PASSED

2018-10-17 15:32:39 - [TEST_STEP][PASSED] - Statement - total = subtotal + shippingPrice: null

2018-10-17 15:32:39 - [TEST_STEP][PASSED] - Statement - total = CustomKeywords.beautytap.ShopAction.calculateTotal(1, total): beautytap.ShopAction.calculateTotal is PASSED

2018-10-17 15:32:39 - [MESSAGE][PASSED] - beautytap.ShopAction.calculateTotal is PASSED

2018-10-17 15:32:39 - [TEST_STEP][PASSED] - Statement - products = new org.json.JSONArray((((((((([{"productname":" + productName) + ","variation":") + variation) + ","quantity":") + quantity) + ","price":") + saleprice) + "}])): null

2018-10-17 15:32:39 - [TEST_STEP][PASSED] - Statement - billingInformation = new org.json.JSONObject((({"firstname":"Test","lastname":"Automation","country":"United States (US)","address":"123 Testing","city":"New York","state":"New York","zip":"90012","email":" + email) + "})): null

2018-10-17 15:32:39 - [TEST_STEP][PASSED] - Statement - shippingType = "normal": null

2018-10-17 15:32:39 - [TEST_STEP][PASSED] - Statement - paymentMethod = "Amazon Pay": null

2018-10-17 15:32:39 - [TEST_STEP][PASSED] - Statement - category = "Brands": null

2018-10-17 15:32:39 - [TEST_STEP][PASSED] - Statement - subcategory = "Innisfree": null

2018-10-17 15:32:39 - [TEST_STEP][PASSED] - beautytap.GeneralAction.openBeautytap: beautytap.GeneralAction.openBeautytap is PASSED

2018-10-17 15:33:13 - [MESSAGE][PASSED] - Browser is opened with url: 'https://stage.beautytap.com'

2018-10-17 15:33:14 - [MESSAGE][PASSED] - Current window maximized

2018-10-17 15:33:24 - [MESSAGE][PASSED] - Refresh successfully

2018-10-17 15:33:24 - [MESSAGE][PASSED] - Wait for page load successfully

2018-10-17 15:33:24 - [MESSAGE][PASSED] - beautytap.GeneralAction.openBeautytap is PASSED

2018-10-17 15:33:24 - [TEST_STEP][PASSED] - beautytap.ShopAction.selectCategory: beautytap.ShopAction.selectCategory is PASSED

2018-10-17 15:33:24 - [MESSAGE][PASSED] - Object: '' is clicked on

2018-10-17 15:33:26 - [MESSAGE][PASSED] - Delayed 2 second(s)

2018-10-17 15:33:41 - [MESSAGE][PASSED] - Object: '' is clicked on

2018-10-17 15:33:41 - [MESSAGE][PASSED] - Wait for page load successfully

2018-10-17 15:33:41 - [MESSAGE][PASSED] - beautytap.ShopAction.selectCategory is PASSED

2018-10-17 15:33:41 - [TEST_STEP][PASSED] - beautytap.ShopAction.findProductOnProductList: beautytap.ShopAction.findProductOnProductList is PASSED

2018-10-17 15:33:41 - [MESSAGE][PASSED] - Text of object '' is: '3'

2018-10-17 15:33:47 - [MESSAGE][WARNING] - com.kms.katalon.core.webui.exception.WebElementNotFoundException: Web element with id: '' located by 'By.xpath: //a[text()='Innisfree Eye Contouring Stick Round Shape 0.7g']' not found
[[ATTACHMENT|E:\\BeautytapAutomation\\beautytapAuto\\Beautytap\\Reports\\Regression\\20181017_144227\\1539765227028.png]]

2018-10-17 15:34:02 - [MESSAGE][PASSED] - Object: '' is clicked on

2018-10-17 15:34:02 - [MESSAGE][PASSED] - Wait for page load successfully

2018-10-17 15:34:02 - [MESSAGE][PASSED] - Object '' is present

2018-10-17 15:34:02 - [MESSAGE][PASSED] - beautytap.ShopAction.findProductOnProductList is PASSED

2018-10-17 15:34:02 - [TEST_STEP][PASSED] - beautytap.ShopAction.VerifyProductOnProductList: Keyword VerifyProductOnProductList is Passed

2018-10-17 15:34:02 - [MESSAGE][PASSED] - Object '' is present

2018-10-17 15:34:02 - [MESSAGE][PASSED] - Text of object '' is: '$4.95'

2018-10-17 15:34:02 - [MESSAGE][PASSED] - Get CSS 'color' value on '' successfully: 'rgba(255, 35, 134, 1)'.

2018-10-17 15:34:02 - [MESSAGE][PASSED] - Get CSS 'color' value on '' successfully: 'rgba(255, 35, 134, 1)'.

2018-10-17 15:34:02 - [MESSAGE][PASSED] - Text of object '' is: '$6.50'

2018-10-17 15:34:02 - [MESSAGE][PASSED] - Get CSS 'color' value on '' successfully: 'rgba(255, 35, 134, 1)'.

2018-10-17 15:34:02 - [MESSAGE][PASSED] - Get CSS 'color' value on '' successfully: 'rgba(255, 35, 134, 1)'.

2018-10-17 15:34:02 - [MESSAGE][PASSED] - Keyword VerifyProductOnProductList is Passed

2018-10-17 15:34:02 - [TEST_STEP][PASSED] - beautytap.ShopAction.selectProductOnProductList: beautytap.ShopAction.selectProductOnProductList is PASSED

2018-10-17 15:34:13 - [MESSAGE][PASSED] - Object: '' is clicked on

2018-10-17 15:34:13 - [MESSAGE][PASSED] - Wait for page load successfully

2018-10-17 15:34:13 - [MESSAGE][PASSED] - beautytap.ShopAction.selectProductOnProductList is PASSED

2018-10-17 15:34:13 - [TEST_STEP][PASSED] - beautytap.ShopAction.selectProductVariation: beautytap.ShopAction.selectProductVariation is PASSED

2018-10-17 15:34:14 - [MESSAGE][PASSED] - Object: 'Object Repository/Page_Shop/drop_chooseOption' is clicked on

2018-10-17 15:34:15 - [MESSAGE][PASSED] - Delayed 1 second(s)

2018-10-17 15:34:15 - [MESSAGE][PASSED] - Object: '' is clicked on

2018-10-17 15:34:15 - [MESSAGE][PASSED] - beautytap.ShopAction.selectProductVariation is PASSED

2018-10-17 15:34:15 - [TEST_STEP][PASSED] - beautytap.ShopAction.VerifyProductDetails: Keyword VerifyProductDetails is Passed

2018-10-17 15:34:15 - [MESSAGE][PASSED] - Text of object '' is: 'Innisfree Eye Contouring Stick Round Shape 0.7g'

2018-10-17 15:34:16 - [MESSAGE][PASSED] - All options with label '5' are selected in object 'Object Repository/Page_Shop/drop_chooseOption' 

2018-10-17 15:34:16 - [MESSAGE][PASSED] - Text of object '' is: '$6.50'

2018-10-17 15:34:16 - [MESSAGE][PASSED] - Get CSS 'color' value on '' successfully: 'rgba(195, 195, 195, 1)'.

2018-10-17 15:34:16 - [MESSAGE][PASSED] - Text of object '' is: '$4.95'

2018-10-17 15:34:16 - [MESSAGE][PASSED] - Get CSS 'color' value on '' successfully: 'rgba(255, 35, 134, 1)'.

2018-10-17 15:34:16 - [MESSAGE][PASSED] - Keyword VerifyProductDetails is Passed

2018-10-17 15:34:16 - [TEST_STEP][PASSED] - Statement - currentNumberItemInCart = CustomKeywords.beautytap.ShopAction.getNumberItemInCart(): beautytap.ShopAction.getNumberItemInCart is PASSED

2018-10-17 15:34:22 - [MESSAGE][WARNING] - com.kms.katalon.core.webui.exception.WebElementNotFoundException: Web element with id: '' located by 'By.xpath: //div[@class='header-right-top pull-right']/a[@class='shop-cart']/span[@class='number-cart']' not found
[[ATTACHMENT|E:\\BeautytapAutomation\\beautytapAuto\\Beautytap\\Reports\\Regression\\20181017_144227\\1539765261911.png]]

2018-10-17 15:34:22 - [MESSAGE][PASSED] - beautytap.ShopAction.getNumberItemInCart is PASSED

2018-10-17 15:34:22 - [TEST_STEP][PASSED] - beautytap.ShopAction.addProductToCart: beautytap.ShopAction.addProductToCart is PASSED

2018-10-17 15:34:22 - [MESSAGE][PASSED] - Text of object 'Object Repository/Page_Shop/txt_quantity' is cleared

2018-10-17 15:34:22 - [MESSAGE][PASSED] - Keys '5' sent to object: 'Object Repository/Page_Shop/txt_quantity'

2018-10-17 15:34:22 - [MESSAGE][PASSED] - Object: 'Object Repository/Page_Shop/btn_addToCart' is clicked on

2018-10-17 15:34:22 - [MESSAGE][PASSED] - Wait for page load successfully

2018-10-17 15:34:31 - [MESSAGE][PASSED] - Object 'Object Repository/Page_Shop/lbl_message' is present

2018-10-17 15:34:36 - [MESSAGE][PASSED] - Delayed 5 second(s)

2018-10-17 15:34:36 - [MESSAGE][PASSED] - beautytap.ShopAction.addProductToCart is PASSED

2018-10-17 15:34:36 - [TEST_STEP][PASSED] - beautytap.ShopAction.VerifyNumberItemInCart: Keyword VerifyNumberItemInCart is Passed, Number item in cart is 5, expected is 5

2018-10-17 15:34:36 - [MESSAGE][PASSED] - Object '' is present

2018-10-17 15:34:36 - [MESSAGE][PASSED] - Text of object '' is: '5'

2018-10-17 15:34:36 - [MESSAGE][PASSED] - Keyword VerifyNumberItemInCart is Passed, Number item in cart is 5, expected is 5

2018-10-17 15:34:36 - [TEST_STEP][PASSED] - beautytap.ShopAction.VerifyProductIsAddedToCart: beautytap.ShopAction.VerifyProductIsAddedToCart is PASSED

2018-10-17 15:34:36 - [MESSAGE][PASSED] - Object '' is present

2018-10-17 15:34:36 - [MESSAGE][PASSED] - beautytap.ShopAction.VerifyProductIsAddedToCart is PASSED

2018-10-17 15:34:36 - [TEST_STEP][PASSED] - beautytap.ShopAction.goToCart: beautytap.ShopAction.goToCart is PASSED

2018-10-17 15:34:36 - [MESSAGE][PASSED] - Object 'Object Repository/Page_General/icon_cart' is present

2018-10-17 15:34:43 - [MESSAGE][PASSED] - Object: 'Object Repository/Page_General/icon_cart' is clicked on

2018-10-17 15:34:43 - [MESSAGE][PASSED] - Wait for page load successfully

2018-10-17 15:34:43 - [MESSAGE][PASSED] - beautytap.ShopAction.goToCart is PASSED

2018-10-17 15:34:43 - [TEST_STEP][PASSED] - beautytap.ShopAction.VerifyProductInCart: Keyword VerifyProductInCart is Passed

2018-10-17 15:34:43 - [MESSAGE][PASSED] - Object '' is present

2018-10-17 15:34:43 - [MESSAGE][PASSED] - Object '' is present

2018-10-17 15:34:43 - [MESSAGE][PASSED] - Text of object '' is: '$4.95'

2018-10-17 15:34:43 - [MESSAGE][PASSED] - Attribute 'value' of object '' is: '5'

2018-10-17 15:34:43 - [MESSAGE][PASSED] - Text of object '' is: '$24.75'

2018-10-17 15:34:43 - [MESSAGE][PASSED] - Keyword VerifyProductInCart is Passed

2018-10-17 15:34:43 - [TEST_STEP][PASSED] - beautytap.ShopAction.loginAmazonPay: beautytap.ShopAction.loginAmazonPay is PASSED

2018-10-17 15:34:43 - [MESSAGE][PASSED] - Object: 'Object Repository/Page_Cart/btn_payWithAmazon' is clicked on

2018-10-17 15:34:43 - [MESSAGE][PASSED] - Switched to window with index: '1'

2018-10-17 15:34:45 - [MESSAGE][PASSED] - Object 'Object Repository/Popup_Amazon/txt_email' is present

2018-10-17 15:34:45 - [MESSAGE][PASSED] - Text of object 'Object Repository/Popup_Amazon/txt_email' is cleared

2018-10-17 15:34:45 - [MESSAGE][PASSED] - Keys 'amazontest1503@yopmail.com' sent to object: 'Object Repository/Popup_Amazon/txt_email'

2018-10-17 15:34:45 - [MESSAGE][PASSED] - Text of object 'Object Repository/Popup_Amazon/txt_password' is cleared

2018-10-17 15:34:46 - [MESSAGE][PASSED] - Keys '123456' sent to object: 'Object Repository/Popup_Amazon/txt_password'

2018-10-17 15:34:49 - [MESSAGE][PASSED] - Object: 'Object Repository/Popup_Amazon/btn_signin' is clicked on

2018-10-17 15:34:49 - [MESSAGE][PASSED] - Switched to window with index: '0'

2018-10-17 15:35:19 - [MESSAGE][PASSED] - Delayed 30 second(s)

2018-10-17 15:35:19 - [MESSAGE][PASSED] - beautytap.ShopAction.loginAmazonPay is PASSED

2018-10-17 15:35:19 - [TEST_STEP][PASSED] - beautytap.ShopAction.VerifyOrderDetailsOnCheckout: Keyword VerifyOrderDetailsOnCheckout is Passed

2018-10-17 15:35:19 - [MESSAGE][PASSED] - Object '' is present

2018-10-17 15:35:19 - [MESSAGE][PASSED] - Text of object '' is: '$24.75'

2018-10-17 15:35:19 - [MESSAGE][PASSED] - Text of object '' is: 'Spend $45.25 more & get FREE SHIPPING!
($25) - DHL flat rate shipping: $25.00
Why does shipping take this long?'

2018-10-17 15:35:19 - [MESSAGE][PASSED] - Text of object '' is: '$25.00'

2018-10-17 15:35:19 - [MESSAGE][PASSED] - Text of object '' is: '$49.75'

2018-10-17 15:35:20 - [MESSAGE][PASSED] - Keyword VerifyOrderDetailsOnCheckout is Passed

2018-10-17 15:35:20 - [TEST_STEP][PASSED] - beautytap.ShopAction.checkoutViaAmazonPay: beautytap.ShopAction.checkoutViaAmazonPay is PASSED

2018-10-17 15:35:20 - [MESSAGE][PASSED] - Object 'Object Repository/Page_Checkout/chk_terms' is clickable

2018-10-17 15:35:20 - [MESSAGE][PASSED] - Object 'Object Repository/Page_Checkout/chk_terms' is checked

2018-10-17 15:35:20 - [MESSAGE][PASSED] - Object: 'Object Repository/Page_Checkout/btn_placeOrder' is clicked on

2018-10-17 15:35:37 - [MESSAGE][PASSED] - Object 'Object Repository/Page_Checkout/lbl_orderReceived' is present

2018-10-17 15:35:37 - [MESSAGE][PASSED] - beautytap.ShopAction.checkoutViaAmazonPay is PASSED

2018-10-17 15:35:37 - [TEST_STEP][PASSED] - beautytap.ShopAction.VerifyOrderReceivedDetails: Keyword VerifyOrderReceivedDetails is Passed

2018-10-17 15:35:37 - [MESSAGE][PASSED] - Object '' is present

2018-10-17 15:35:37 - [MESSAGE][PASSED] - Text of object '' is: '$24.75'

2018-10-17 15:35:38 - [MESSAGE][PASSED] - Text of object '' is: '$25.00 via ($25) - DHL flat rate shipping'

2018-10-17 15:35:38 - [MESSAGE][PASSED] - Object '' is present

2018-10-17 15:35:38 - [MESSAGE][PASSED] - Text of object '' is: '$25.00'

2018-10-17 15:35:38 - [MESSAGE][PASSED] - Text of object '' is: 'Amazon Pay'

2018-10-17 15:35:38 - [MESSAGE][PASSED] - Text of object '' is: '$49.75'

2018-10-17 15:35:38 - [MESSAGE][PASSED] - Keyword VerifyOrderReceivedDetails is Passed

2018-10-17 15:35:38 - [TEST_STEP][PASSED] - closeBrowser: Browser is closed

2018-10-17 15:35:39 - [MESSAGE][PASSED] - Browser is closed]]></system-out>
         <system-err><![CDATA[]]></system-err>
      </testcase>
      <testcase name="Test Cases/Shop/TC11_HTTPS_Redirect" classname="Test Cases/Shop/TC11_HTTPS_Redirect" status="PASSED">
         <system-out><![CDATA[2018-10-17 15:35:41 - [TEST_CASE][PASSED] - Test Cases/Shop/TC11_HTTPS_Redirect: Test Cases/Shop/TC11_HTTPS_Redirect

2018-10-17 15:35:41 - [TEST_STEP][PASSED] - Statement - httpLink = SITE_URL: null

2018-10-17 15:35:41 - [TEST_STEP][PASSED] - Statement - httpLink = httpLink.replace("https", "http"): null

2018-10-17 15:35:41 - [TEST_STEP][PASSED] - Statement - httpsLink = SITE_URL: null

2018-10-17 15:35:41 - [TEST_STEP][PASSED] - beautytap.GeneralAction.openBeautytap: beautytap.GeneralAction.openBeautytap is PASSED

2018-10-17 15:35:59 - [MESSAGE][PASSED] - Browser is opened with url: 'http://stage.beautytap.com'

2018-10-17 15:36:01 - [MESSAGE][PASSED] - Current window maximized

2018-10-17 15:36:13 - [MESSAGE][PASSED] - Refresh successfully

2018-10-17 15:36:13 - [MESSAGE][PASSED] - Wait for page load successfully

2018-10-17 15:36:13 - [MESSAGE][PASSED] - beautytap.GeneralAction.openBeautytap is PASSED

2018-10-17 15:36:13 - [TEST_STEP][PASSED] - delay: Delayed 10 second(s)

2018-10-17 15:36:23 - [MESSAGE][PASSED] - Delayed 10 second(s)

2018-10-17 15:36:23 - [TEST_STEP][PASSED] - Statement - currentURL = com.kms.katalon.core.webui.keyword.WebUiBuiltInKeywords.getUrl(): Current window's url is: 'https://stage.beautytap.com/'

2018-10-17 15:36:23 - [MESSAGE][PASSED] - Current window's url is: 'https://stage.beautytap.com/'

2018-10-17 15:36:23 - [TEST_STEP][PASSED] - verifyMatch: Actual text 'https://stage.beautytap.com/' and expected text 'https://stage.beautytap.com.*' are matched  using regular expression

2018-10-17 15:36:23 - [MESSAGE][PASSED] - Actual text 'https://stage.beautytap.com/' and expected text 'https://stage.beautytap.com.*' are matched  using regular expression

2018-10-17 15:36:23 - [TEST_STEP][PASSED] - closeBrowser: Browser is closed

2018-10-17 15:36:25 - [MESSAGE][PASSED] - Browser is closed]]></system-out>
         <system-err><![CDATA[]]></system-err>
      </testcase>
      <system-out><![CDATA[2018-10-17 14:42:32 - [TEST_SUITE][FAILED] - Regression: Test Cases/Shop/TC09_ScheduleSale_LimitStock_SimpleProduct FAILED because (of) Keyword VerifyOrderReceivedDetails is Failed]]></system-out>
      <system-err><![CDATA[2018-10-17 14:42:32 - [TEST_SUITE][FAILED] - Regression: Test Cases/Shop/TC09_ScheduleSale_LimitStock_SimpleProduct FAILED because (of) Keyword VerifyOrderReceivedDetails is Failed]]></system-err>
   </testsuite>
</testsuites>
