<?xml version="1.0" encoding="UTF-8"?>
<testsuites name="TS1" time="880" tests="2" failures="1" errors="0">
   <testsuite name="TS1" tests="2" failures="1" errors="0" time="880" timestamp="2018-09-19 17:31:50" hostname="Trang Nguyen - DESKTOP-G1UHP65" id="Test Suites/TS1">
      <properties>
         <property name="deviceName" value=""/>
         <property name="devicePlatform" value=""/>
         <property name="logFolder" value="E:\\BeautytapAutomation\\beautytapAuto\\Beautytap\\Reports\\TS1\\20180919_173148"/>
         <property name="logFiles" value="E:\\BeautytapAutomation\\beautytapAuto\\Beautytap\\Reports\\TS1\\20180919_173148\\execution0.log"/>
         <property name="attachments" value="E:\\BeautytapAutomation\\beautytapAuto\\Beautytap\\Reports\\TS1\\20180919_173148\\1537353561277.png, E:\\BeautytapAutomation\\beautytapAuto\\Beautytap\\Reports\\TS1\\20180919_173148\\1537353619640.png, E:\\BeautytapAutomation\\beautytapAuto\\Beautytap\\Reports\\TS1\\20180919_173148\\1537353625249.png, E:\\BeautytapAutomation\\beautytapAuto\\Beautytap\\Reports\\TS1\\20180919_173148\\1537353704700.png, E:\\BeautytapAutomation\\beautytapAuto\\Beautytap\\Reports\\TS1\\20180919_173148\\1537353874946.png"/>
         <property name="hostName" value="Trang Nguyen - DESKTOP-G1UHP65"/>
         <property name="os" value="Windows 10 64bit"/>
         <property name="katalonVersion" value="5.5.0.1"/>
         <property name="browser" value="Chrome 69.0.3497.100"/>
         <property name="hostAddress" value="10.0.0.86"/>
         <property name="sessionId" value="d77a62700981a08e5a8701aec36b23d5"/>
         <property name="seleniumVersion" value="3.7.1"/>
         <property name="proxyInformation" value="ProxyInformation{proxyOption=NO_PROXY, proxyServerType=HTTP, password=, proxyServerAddress=, proxyServerPort=0}"/>
         <property name="platform" value="Windows 10"/>
      </properties>
      <testcase name="Test Cases/SignUp_Login_ResetPass/TC02_SignUp_Login_ViaFacebookEmail_NewUser_OldUser" classname="Test Cases/SignUp_Login_ResetPass/TC02_SignUp_Login_ViaFacebookEmail_NewUser_OldUser" status="PASSED">
         <system-out><![CDATA[2018-09-19 17:31:51 - [TEST_CASE][PASSED] - Test Cases/SignUp_Login_ResetPass/TC02_SignUp_Login_ViaFacebookEmail_NewUser_OldUser: Test Cases/SignUp_Login_ResetPass/TC02_SignUp_Login_ViaFacebookEmail_NewUser_OldUser

2018-09-19 17:31:52 - [TEST_STEP][PASSED] - beautytap.AdminAction.deleteUser: beautytap.AdminAction.deleteUser is PASSED

2018-09-19 17:32:01 - [MESSAGE][PASSED] - Browser is opened with url: 'https://stage.beautytap.com/login'

2018-09-19 17:32:02 - [MESSAGE][PASSED] - Current window maximized

2018-09-19 17:32:03 - [MESSAGE][PASSED] - Text of object 'Object Repository/Page_login/txt_username' is cleared

2018-09-19 17:32:03 - [MESSAGE][PASSED] - Keys 'mrwhite' sent to object: 'Object Repository/Page_login/txt_username'

2018-09-19 17:32:03 - [MESSAGE][PASSED] - Text of object 'Object Repository/Page_login/txt_password' is cleared

2018-09-19 17:32:04 - [MESSAGE][PASSED] - Keys 'kgySM$Im' sent to object: 'Object Repository/Page_login/txt_password'

2018-09-19 17:32:04 - [MESSAGE][PASSED] - Object: 'Object Repository/Page_login/btn_login' is clicked on

2018-09-19 17:32:04 - [MESSAGE][PASSED] - Wait for page load successfully

2018-09-19 17:32:04 - [MESSAGE][PASSED] - Wait for page load successfully

2018-09-19 17:32:11 - [MESSAGE][PASSED] - Navigate to 'https://stage.beautytap.com/admin' successfully

2018-09-19 17:32:11 - [MESSAGE][PASSED] - Wait for page load successfully

2018-09-19 17:32:18 - [MESSAGE][PASSED] - Object: 'Object Repository/Page_Admin/menu_users' is clicked on

2018-09-19 17:32:18 - [MESSAGE][PASSED] - Wait for page load successfully

2018-09-19 17:32:18 - [MESSAGE][PASSED] - Text of object 'Object Repository/Page_Admin/txt_searchUser' is cleared

2018-09-19 17:32:19 - [MESSAGE][PASSED] - Keys 'g5.posiba@gmail.com' sent to object: 'Object Repository/Page_Admin/txt_searchUser'

2018-09-19 17:32:21 - [MESSAGE][PASSED] - Object: 'Object Repository/Page_Admin/btn_searchUser' is clicked on

2018-09-19 17:32:21 - [MESSAGE][PASSED] - Wait for page load successfully

2018-09-19 17:32:22 - [MESSAGE][PASSED] - Text of object '' is: 'g5.posiba@gmail.com'

2018-09-19 17:32:22 - [MESSAGE][PASSED] - Attribute 'id' of object '' is: 'user-64396'

2018-09-19 17:32:22 - [MESSAGE][PASSED] - Object: '' is hovered

2018-09-19 17:32:27 - [MESSAGE][PASSED] - Delayed 5 second(s)

2018-09-19 17:32:27 - [MESSAGE][PASSED] - Object: '' is clicked on

2018-09-19 17:32:27 - [MESSAGE][PASSED] - Alert accepted

2018-09-19 17:32:28 - [MESSAGE][PASSED] - Wait for page load successfully

2018-09-19 17:32:34 - [MESSAGE][PASSED] - Object: 'Object Repository/Page_Admin/btn_confirmDeleteUser' is clicked on

2018-09-19 17:32:34 - [MESSAGE][PASSED] - Wait for page load successfully

2018-09-19 17:32:35 - [MESSAGE][PASSED] - Browser is closed

2018-09-19 17:32:35 - [MESSAGE][PASSED] - beautytap.AdminAction.deleteUser is PASSED

2018-09-19 17:32:35 - [TEST_STEP][PASSED] - beautytap.GeneralAction.openBeautytap: beautytap.GeneralAction.openBeautytap is PASSED

2018-09-19 17:33:03 - [MESSAGE][PASSED] - Browser is opened with url: 'https://stage.beautytap.com'

2018-09-19 17:33:05 - [MESSAGE][PASSED] - Current window maximized

2018-09-19 17:33:09 - [MESSAGE][PASSED] - Refresh successfully

2018-09-19 17:33:09 - [MESSAGE][PASSED] - Wait for page load successfully

2018-09-19 17:33:09 - [MESSAGE][PASSED] - beautytap.GeneralAction.openBeautytap is PASSED

2018-09-19 17:33:09 - [TEST_STEP][PASSED] - beautytap.GeneralAction.clickNavigationMenu: beautytap.GeneralAction.clickNavigationMenu is PASSED

2018-09-19 17:33:13 - [MESSAGE][PASSED] - Object: 'Object Repository/Page_General/link_signup' is clicked on

2018-09-19 17:33:13 - [MESSAGE][PASSED] - Wait for page load successfully

2018-09-19 17:33:13 - [MESSAGE][PASSED] - beautytap.GeneralAction.clickNavigationMenu is PASSED

2018-09-19 17:33:13 - [TEST_STEP][PASSED] - beautytap.GeneralAction.signupViaFacebook: beautytap.GeneralAction.signupViaFacebook is PASSED

2018-09-19 17:33:13 - [MESSAGE][PASSED] - Object: 'Object Repository/Page_Signup/btn_signupFB' is clicked on

2018-09-19 17:33:14 - [MESSAGE][PASSED] - Switched to window with index: '1'

2018-09-19 17:33:16 - [MESSAGE][PASSED] - Keys 'g5.posiba@gmail.com' sent to object: 'Object Repository/Popup_FacebookLogin/txt_email'

2018-09-19 17:33:16 - [MESSAGE][PASSED] - Keys 'posiba123' sent to object: 'Object Repository/Popup_FacebookLogin/txt_password'

2018-09-19 17:33:17 - [MESSAGE][PASSED] - Object: 'Object Repository/Popup_FacebookLogin/btn_login' is clicked on

2018-09-19 17:33:19 - [MESSAGE][WARNING] - Cannot take screenshot

2018-09-19 17:33:19 - [MESSAGE][FAILED] - Unable to get text of object 'Object Repository/Popup_FacebookLogin/btn_confirmPermission' (Root cause: org.openqa.selenium.NoSuchWindowException: no such window: window was already closed
  (Session info: chrome=69.0.3497.100)
  (Driver info: chromedriver=2.35.528161 (5b82f2d2aae0ca24b877009200ced9065a772e73),platform=Windows NT 10.0.17134 x86_64) (WARNING: The server did not provide any stacktrace information)
Command duration or timeout: 0 milliseconds
Build info: version: '3.7.1', revision: '8a0099a', time: '2017-11-06T21:07:36.161Z'
System info: host: 'DESKTOP-G1UHP65', ip: '10.0.0.86', os.name: 'Windows 10', os.arch: 'amd64', os.version: '10.0', java.version: '1.8.0_102'
Driver info: com.kms.katalon.selenium.driver.CChromeDriver
Capabilities {acceptInsecureCerts: false, acceptSslCerts: false, applicationCacheEnabled: false, browserConnectionEnabled: false, browserName: chrome, chrome: {chromedriverVersion: 2.35.528161 (5b82f2d2aae0ca..., userDataDir: C:\Users\TRANGN~1\AppData\L...}, cssSelectorsEnabled: true, databaseEnabled: false, handlesAlerts: true, hasTouchScreen: false, javascriptEnabled: true, locationContextEnabled: true, mobileEmulationEnabled: false, nativeEvents: true, networkConnectionEnabled: false, pageLoadStrategy: normal, platform: XP, platformName: XP, rotatable: false, setWindowRect: true, takesHeapSnapshot: true, takesScreenshot: true, unexpectedAlertBehaviour: , unhandledPromptBehavior: , version: 69.0.3497.100, webStorageEnabled: true}
Session ID: 6a30d9213e1449747ea1dae27a4da30b
*** Element info: {Using=xpath, value=//button[contains(@class,'layerConfirm') and contains(@name,'CONFIRM')]})

2018-09-19 17:33:19 - [MESSAGE][PASSED] - Switched to window with index: '0'

2018-09-19 17:33:34 - [MESSAGE][PASSED] - Delayed 15 second(s)

2018-09-19 17:33:43 - [MESSAGE][PASSED] - Wait for page load successfully

2018-09-19 17:33:43 - [MESSAGE][PASSED] - beautytap.GeneralAction.signupViaFacebook is PASSED

2018-09-19 17:33:43 - [TEST_STEP][PASSED] - verifyElementPresent: Object 'Object Repository/Page_General/link_avatar' is present

2018-09-19 17:33:43 - [MESSAGE][PASSED] - Object 'Object Repository/Page_General/link_avatar' is present

2018-09-19 17:33:43 - [TEST_STEP][PASSED] - beautytap.GeneralAction.logout: beautytap.GeneralAction.logout is PASSED

2018-09-19 17:33:43 - [MESSAGE][PASSED] - Object: 'Object Repository/Page_General/link_avatar' is clicked on

2018-09-19 17:33:43 - [MESSAGE][PASSED] - Object 'Object Repository/Page_General/menu_logout' is present

2018-09-19 17:33:44 - [MESSAGE][PASSED] - Object: 'Object Repository/Page_General/menu_logout' is clicked on

2018-09-19 17:33:48 - [MESSAGE][PASSED] - Wait for page load successfully

2018-09-19 17:33:49 - [MESSAGE][PASSED] - Browser is closed

2018-09-19 17:33:49 - [MESSAGE][PASSED] - beautytap.GeneralAction.logout is PASSED

2018-09-19 17:33:49 - [TEST_STEP][PASSED] - beautytap.AdminAction.deleteUser: beautytap.AdminAction.deleteUser is PASSED

2018-09-19 17:33:56 - [MESSAGE][PASSED] - Browser is opened with url: 'https://stage.beautytap.com/login'

2018-09-19 17:33:57 - [MESSAGE][PASSED] - Current window maximized

2018-09-19 17:33:57 - [MESSAGE][PASSED] - Text of object 'Object Repository/Page_login/txt_username' is cleared

2018-09-19 17:33:58 - [MESSAGE][PASSED] - Keys 'mrwhite' sent to object: 'Object Repository/Page_login/txt_username'

2018-09-19 17:33:58 - [MESSAGE][PASSED] - Text of object 'Object Repository/Page_login/txt_password' is cleared

2018-09-19 17:33:58 - [MESSAGE][PASSED] - Keys 'kgySM$Im' sent to object: 'Object Repository/Page_login/txt_password'

2018-09-19 17:33:59 - [MESSAGE][PASSED] - Object: 'Object Repository/Page_login/btn_login' is clicked on

2018-09-19 17:33:59 - [MESSAGE][PASSED] - Wait for page load successfully

2018-09-19 17:33:59 - [MESSAGE][PASSED] - Wait for page load successfully

2018-09-19 17:34:06 - [MESSAGE][PASSED] - Navigate to 'https://stage.beautytap.com/admin' successfully

2018-09-19 17:34:06 - [MESSAGE][PASSED] - Wait for page load successfully

2018-09-19 17:34:12 - [MESSAGE][PASSED] - Object: 'Object Repository/Page_Admin/menu_users' is clicked on

2018-09-19 17:34:12 - [MESSAGE][PASSED] - Wait for page load successfully

2018-09-19 17:34:12 - [MESSAGE][PASSED] - Text of object 'Object Repository/Page_Admin/txt_searchUser' is cleared

2018-09-19 17:34:12 - [MESSAGE][PASSED] - Keys 'g5.posiba@gmail.com' sent to object: 'Object Repository/Page_Admin/txt_searchUser'

2018-09-19 17:34:16 - [MESSAGE][PASSED] - Object: 'Object Repository/Page_Admin/btn_searchUser' is clicked on

2018-09-19 17:34:16 - [MESSAGE][PASSED] - Wait for page load successfully

2018-09-19 17:34:16 - [MESSAGE][PASSED] - Text of object '' is: 'g5.posiba@gmail.com'

2018-09-19 17:34:16 - [MESSAGE][PASSED] - Attribute 'id' of object '' is: 'user-64397'

2018-09-19 17:34:16 - [MESSAGE][PASSED] - Object: '' is hovered

2018-09-19 17:34:21 - [MESSAGE][PASSED] - Delayed 5 second(s)

2018-09-19 17:34:21 - [MESSAGE][PASSED] - Object: '' is clicked on

2018-09-19 17:34:21 - [MESSAGE][PASSED] - Alert accepted

2018-09-19 17:34:25 - [MESSAGE][PASSED] - Wait for page load successfully

2018-09-19 17:34:31 - [MESSAGE][PASSED] - Object: 'Object Repository/Page_Admin/btn_confirmDeleteUser' is clicked on

2018-09-19 17:34:31 - [MESSAGE][PASSED] - Wait for page load successfully

2018-09-19 17:34:32 - [MESSAGE][PASSED] - Browser is closed

2018-09-19 17:34:32 - [MESSAGE][PASSED] - beautytap.AdminAction.deleteUser is PASSED

2018-09-19 17:34:32 - [TEST_STEP][PASSED] - beautytap.GeneralAction.openBeautytap: beautytap.GeneralAction.openBeautytap is PASSED

2018-09-19 17:35:01 - [MESSAGE][PASSED] - Browser is opened with url: 'https://stage.beautytap.com'

2018-09-19 17:35:03 - [MESSAGE][PASSED] - Current window maximized

2018-09-19 17:35:07 - [MESSAGE][PASSED] - Refresh successfully

2018-09-19 17:35:07 - [MESSAGE][PASSED] - Wait for page load successfully

2018-09-19 17:35:07 - [MESSAGE][PASSED] - beautytap.GeneralAction.openBeautytap is PASSED

2018-09-19 17:35:07 - [TEST_STEP][PASSED] - beautytap.GeneralAction.clickNavigationMenu: beautytap.GeneralAction.clickNavigationMenu is PASSED

2018-09-19 17:35:10 - [MESSAGE][PASSED] - Object: 'Object Repository/Page_General/link_login' is clicked on

2018-09-19 17:35:10 - [MESSAGE][PASSED] - Wait for page load successfully

2018-09-19 17:35:10 - [MESSAGE][PASSED] - beautytap.GeneralAction.clickNavigationMenu is PASSED

2018-09-19 17:35:10 - [TEST_STEP][PASSED] - beautytap.GeneralAction.login: beautytap.GeneralAction.login is PASSED

2018-09-19 17:35:10 - [MESSAGE][PASSED] - Object: 'Object Repository/Page_Login/btn_loginFB' is clicked on

2018-09-19 17:35:10 - [MESSAGE][PASSED] - Switched to window with index: '1'

2018-09-19 17:35:12 - [MESSAGE][PASSED] - Object 'Object Repository/Popup_FacebookLogin/txt_email' is visible

2018-09-19 17:35:12 - [MESSAGE][PASSED] - Keys 'g5.posiba@gmail.com' sent to object: 'Object Repository/Popup_FacebookLogin/txt_email'

2018-09-19 17:35:13 - [MESSAGE][PASSED] - Keys 'posiba123' sent to object: 'Object Repository/Popup_FacebookLogin/txt_password'

2018-09-19 17:35:14 - [MESSAGE][PASSED] - Object: 'Object Repository/Popup_FacebookLogin/btn_login' is clicked on

2018-09-19 17:35:14 - [MESSAGE][PASSED] - Switched to window with index: '0'

2018-09-19 17:35:14 - [MESSAGE][PASSED] - Wait for page load successfully

2018-09-19 17:35:14 - [MESSAGE][PASSED] - beautytap.GeneralAction.login is PASSED

2018-09-19 17:35:14 - [TEST_STEP][PASSED] - verifyElementPresent: Object 'Object Repository/Page_General/link_avatar' is present

2018-09-19 17:35:38 - [MESSAGE][PASSED] - Object 'Object Repository/Page_General/link_avatar' is present

2018-09-19 17:35:38 - [TEST_STEP][PASSED] - beautytap.GeneralAction.logout: beautytap.GeneralAction.logout is PASSED

2018-09-19 17:35:38 - [MESSAGE][PASSED] - Object: 'Object Repository/Page_General/link_avatar' is clicked on

2018-09-19 17:35:38 - [MESSAGE][PASSED] - Object 'Object Repository/Page_General/menu_logout' is present

2018-09-19 17:35:38 - [MESSAGE][PASSED] - Object: 'Object Repository/Page_General/menu_logout' is clicked on

2018-09-19 17:35:38 - [MESSAGE][PASSED] - Wait for page load successfully

2018-09-19 17:35:39 - [MESSAGE][PASSED] - Browser is closed

2018-09-19 17:35:39 - [MESSAGE][PASSED] - beautytap.GeneralAction.logout is PASSED

2018-09-19 17:35:39 - [TEST_STEP][PASSED] - beautytap.GeneralAction.openBeautytap: beautytap.GeneralAction.openBeautytap is PASSED

2018-09-19 17:35:57 - [MESSAGE][PASSED] - Browser is opened with url: 'https://stage.beautytap.com'

2018-09-19 17:35:59 - [MESSAGE][PASSED] - Current window maximized

2018-09-19 17:36:03 - [MESSAGE][PASSED] - Refresh successfully

2018-09-19 17:36:03 - [MESSAGE][PASSED] - Wait for page load successfully

2018-09-19 17:36:03 - [MESSAGE][PASSED] - beautytap.GeneralAction.openBeautytap is PASSED

2018-09-19 17:36:03 - [TEST_STEP][PASSED] - beautytap.GeneralAction.clickNavigationMenu: beautytap.GeneralAction.clickNavigationMenu is PASSED

2018-09-19 17:36:05 - [MESSAGE][PASSED] - Object: 'Object Repository/Page_General/link_signup' is clicked on

2018-09-19 17:36:05 - [MESSAGE][PASSED] - Wait for page load successfully

2018-09-19 17:36:05 - [MESSAGE][PASSED] - beautytap.GeneralAction.clickNavigationMenu is PASSED

2018-09-19 17:36:05 - [TEST_STEP][PASSED] - beautytap.GeneralAction.signupViaFacebook: beautytap.GeneralAction.signupViaFacebook is PASSED

2018-09-19 17:36:05 - [MESSAGE][PASSED] - Object: 'Object Repository/Page_Signup/btn_signupFB' is clicked on

2018-09-19 17:36:06 - [MESSAGE][PASSED] - Switched to window with index: '1'

2018-09-19 17:36:08 - [MESSAGE][PASSED] - Keys 'g5.posiba@gmail.com' sent to object: 'Object Repository/Popup_FacebookLogin/txt_email'

2018-09-19 17:36:08 - [MESSAGE][PASSED] - Keys 'posiba123' sent to object: 'Object Repository/Popup_FacebookLogin/txt_password'

2018-09-19 17:36:10 - [MESSAGE][PASSED] - Object: 'Object Repository/Popup_FacebookLogin/btn_login' is clicked on

2018-09-19 17:36:12 - [MESSAGE][WARNING] - Cannot take screenshot

2018-09-19 17:36:12 - [MESSAGE][FAILED] - Unable to get text of object 'Object Repository/Popup_FacebookLogin/btn_confirmPermission' (Root cause: org.openqa.selenium.NoSuchWindowException: no such window: window was already closed
  (Session info: chrome=69.0.3497.100)
  (Driver info: chromedriver=2.35.528161 (5b82f2d2aae0ca24b877009200ced9065a772e73),platform=Windows NT 10.0.17134 x86_64) (WARNING: The server did not provide any stacktrace information)
Command duration or timeout: 0 milliseconds
Build info: version: '3.7.1', revision: '8a0099a', time: '2017-11-06T21:07:36.161Z'
System info: host: 'DESKTOP-G1UHP65', ip: '10.0.0.86', os.name: 'Windows 10', os.arch: 'amd64', os.version: '10.0', java.version: '1.8.0_102'
Driver info: com.kms.katalon.selenium.driver.CChromeDriver
Capabilities {acceptInsecureCerts: false, acceptSslCerts: false, applicationCacheEnabled: false, browserConnectionEnabled: false, browserName: chrome, chrome: {chromedriverVersion: 2.35.528161 (5b82f2d2aae0ca..., userDataDir: C:\Users\TRANGN~1\AppData\L...}, cssSelectorsEnabled: true, databaseEnabled: false, handlesAlerts: true, hasTouchScreen: false, javascriptEnabled: true, locationContextEnabled: true, mobileEmulationEnabled: false, nativeEvents: true, networkConnectionEnabled: false, pageLoadStrategy: normal, platform: XP, platformName: XP, rotatable: false, setWindowRect: true, takesHeapSnapshot: true, takesScreenshot: true, unexpectedAlertBehaviour: , unhandledPromptBehavior: , version: 69.0.3497.100, webStorageEnabled: true}
Session ID: 05ed3d1a53f1bf5e4f4ba84c36997bda
*** Element info: {Using=xpath, value=//button[contains(@class,'layerConfirm') and contains(@name,'CONFIRM')]})

2018-09-19 17:36:12 - [MESSAGE][PASSED] - Switched to window with index: '0'

2018-09-19 17:36:27 - [MESSAGE][PASSED] - Delayed 15 second(s)

2018-09-19 17:36:27 - [MESSAGE][PASSED] - Wait for page load successfully

2018-09-19 17:36:27 - [MESSAGE][PASSED] - beautytap.GeneralAction.signupViaFacebook is PASSED

2018-09-19 17:36:27 - [TEST_STEP][PASSED] - verifyElementPresent: Object 'Object Repository/Page_General/link_avatar' is present

2018-09-19 17:36:28 - [MESSAGE][PASSED] - Object 'Object Repository/Page_General/link_avatar' is present

2018-09-19 17:36:28 - [TEST_STEP][PASSED] - beautytap.GeneralAction.logout: beautytap.GeneralAction.logout is PASSED

2018-09-19 17:36:28 - [MESSAGE][PASSED] - Object: 'Object Repository/Page_General/link_avatar' is clicked on

2018-09-19 17:36:28 - [MESSAGE][PASSED] - Object 'Object Repository/Page_General/menu_logout' is present

2018-09-19 17:36:29 - [MESSAGE][PASSED] - Object: 'Object Repository/Page_General/menu_logout' is clicked on

2018-09-19 17:36:29 - [MESSAGE][PASSED] - Wait for page load successfully

2018-09-19 17:36:30 - [MESSAGE][PASSED] - Browser is closed

2018-09-19 17:36:30 - [MESSAGE][PASSED] - beautytap.GeneralAction.logout is PASSED

2018-09-19 17:36:30 - [TEST_STEP][PASSED] - beautytap.GeneralAction.openBeautytap: beautytap.GeneralAction.openBeautytap is PASSED

2018-09-19 17:36:58 - [MESSAGE][PASSED] - Browser is opened with url: 'https://stage.beautytap.com'

2018-09-19 17:36:59 - [MESSAGE][PASSED] - Current window maximized

2018-09-19 17:37:04 - [MESSAGE][PASSED] - Refresh successfully

2018-09-19 17:37:04 - [MESSAGE][PASSED] - Wait for page load successfully

2018-09-19 17:37:04 - [MESSAGE][PASSED] - beautytap.GeneralAction.openBeautytap is PASSED

2018-09-19 17:37:04 - [TEST_STEP][PASSED] - beautytap.GeneralAction.clickNavigationMenu: beautytap.GeneralAction.clickNavigationMenu is PASSED

2018-09-19 17:37:07 - [MESSAGE][PASSED] - Object: 'Object Repository/Page_General/link_login' is clicked on

2018-09-19 17:37:07 - [MESSAGE][PASSED] - Wait for page load successfully

2018-09-19 17:37:07 - [MESSAGE][PASSED] - beautytap.GeneralAction.clickNavigationMenu is PASSED

2018-09-19 17:37:07 - [TEST_STEP][PASSED] - beautytap.GeneralAction.login: beautytap.GeneralAction.login is PASSED

2018-09-19 17:37:07 - [MESSAGE][PASSED] - Object: 'Object Repository/Page_Login/btn_loginFB' is clicked on

2018-09-19 17:37:07 - [MESSAGE][PASSED] - Switched to window with index: '1'

2018-09-19 17:37:09 - [MESSAGE][PASSED] - Object 'Object Repository/Popup_FacebookLogin/txt_email' is visible

2018-09-19 17:37:09 - [MESSAGE][PASSED] - Keys 'g5.posiba@gmail.com' sent to object: 'Object Repository/Popup_FacebookLogin/txt_email'

2018-09-19 17:37:09 - [MESSAGE][PASSED] - Keys 'posiba123' sent to object: 'Object Repository/Popup_FacebookLogin/txt_password'

2018-09-19 17:37:11 - [MESSAGE][PASSED] - Object: 'Object Repository/Popup_FacebookLogin/btn_login' is clicked on

2018-09-19 17:37:11 - [MESSAGE][PASSED] - Switched to window with index: '0'

2018-09-19 17:37:11 - [MESSAGE][PASSED] - Wait for page load successfully

2018-09-19 17:37:11 - [MESSAGE][PASSED] - beautytap.GeneralAction.login is PASSED

2018-09-19 17:37:11 - [TEST_STEP][PASSED] - verifyElementPresent: Object 'Object Repository/Page_General/link_avatar' is present

2018-09-19 17:37:21 - [MESSAGE][PASSED] - Object 'Object Repository/Page_General/link_avatar' is present

2018-09-19 17:37:21 - [TEST_STEP][PASSED] - beautytap.GeneralAction.logout: beautytap.GeneralAction.logout is PASSED

2018-09-19 17:37:21 - [MESSAGE][PASSED] - Object: 'Object Repository/Page_General/link_avatar' is clicked on

2018-09-19 17:37:22 - [MESSAGE][PASSED] - Object 'Object Repository/Page_General/menu_logout' is present

2018-09-19 17:37:23 - [MESSAGE][PASSED] - Object: 'Object Repository/Page_General/menu_logout' is clicked on

2018-09-19 17:37:23 - [MESSAGE][PASSED] - Wait for page load successfully

2018-09-19 17:37:23 - [MESSAGE][PASSED] - Browser is closed

2018-09-19 17:37:23 - [MESSAGE][PASSED] - beautytap.GeneralAction.logout is PASSED]]></system-out>
         <system-err><![CDATA[]]></system-err>
      </testcase>
      <testcase name="Test Cases/Shop/TC07_BuyProduct_EarnPendingPoint_EarnRedeemablePoint" classname="Test Cases/Shop/TC07_BuyProduct_EarnPendingPoint_EarnRedeemablePoint" status="FAILED">
         <failure type="FAILED" message="Keyword VerifyOrderDetailsOnCheckout is Failed"/>
         <system-out><![CDATA[2018-09-19 17:37:26 - [TEST_CASE][FAILED] - Test Cases/Shop/TC07_BuyProduct_EarnPendingPoint_EarnRedeemablePoint: Test Cases/Shop/TC07_BuyProduct_EarnPendingPoint_EarnRedeemablePoint FAILED because (of) Keyword VerifyOrderDetailsOnCheckout is Failed

2018-09-19 17:37:26 - [TEST_STEP][PASSED] - Statement - username = USER_EMAIL: null

2018-09-19 17:37:26 - [TEST_STEP][PASSED] - Statement - password = USER_PASSWORD: null

2018-09-19 17:37:26 - [TEST_STEP][PASSED] - Statement - productName = SIMPLE_PRODUCT: null

2018-09-19 17:37:26 - [TEST_STEP][PASSED] - Statement - price = SIMPLE_PRODUCT_PRICE: null

2018-09-19 17:37:26 - [TEST_STEP][PASSED] - Statement - quantity = 3: null

2018-09-19 17:37:26 - [TEST_STEP][PASSED] - Statement - shippingLabel = FREE_SHIPPING_LABEL: null

2018-09-19 17:37:26 - [TEST_STEP][PASSED] - Statement - shippingPrice = 0: null

2018-09-19 17:37:26 - [TEST_STEP][PASSED] - Statement - subtotal = CustomKeywords.beautytap.ShopAction.calculateTotal(quantity, price): beautytap.ShopAction.calculateTotal is PASSED

2018-09-19 17:37:26 - [MESSAGE][PASSED] - beautytap.ShopAction.calculateTotal is PASSED

2018-09-19 17:37:26 - [TEST_STEP][PASSED] - Statement - total = subtotal + shippingPrice: null

2018-09-19 17:37:26 - [TEST_STEP][PASSED] - Statement - products = new org.json.JSONArray((((((([{"productname":" + productName) + ","variation":"","quantity":") + quantity) + ","price":") + price) + "}])): null

2018-09-19 17:37:26 - [TEST_STEP][PASSED] - Statement - billingInformation = new org.json.JSONObject((({"firstname":"Test","lastname":"Automation","country":"United States (US)","address":"123 Testing","city":"New York","state":"New York","zip":"90012","email":" + username) + "})): null

2018-09-19 17:37:26 - [TEST_STEP][PASSED] - Statement - paymentMethod = "Credit Card Payment": null

2018-09-19 17:37:26 - [TEST_STEP][PASSED] - beautytap.GeneralAction.openBeautytap: beautytap.GeneralAction.openBeautytap is PASSED

2018-09-19 17:37:46 - [MESSAGE][PASSED] - Browser is opened with url: 'https://stage.beautytap.com'

2018-09-19 17:37:47 - [MESSAGE][PASSED] - Current window maximized

2018-09-19 17:37:51 - [MESSAGE][PASSED] - Refresh successfully

2018-09-19 17:37:51 - [MESSAGE][PASSED] - Wait for page load successfully

2018-09-19 17:37:51 - [MESSAGE][PASSED] - beautytap.GeneralAction.openBeautytap is PASSED

2018-09-19 17:37:51 - [TEST_STEP][PASSED] - beautytap.GeneralAction.clickNavigationMenu: beautytap.GeneralAction.clickNavigationMenu is PASSED

2018-09-19 17:37:53 - [MESSAGE][PASSED] - Object: 'Object Repository/Page_General/link_login' is clicked on

2018-09-19 17:37:53 - [MESSAGE][PASSED] - Wait for page load successfully

2018-09-19 17:37:53 - [MESSAGE][PASSED] - beautytap.GeneralAction.clickNavigationMenu is PASSED

2018-09-19 17:37:53 - [TEST_STEP][PASSED] - beautytap.GeneralAction.login: beautytap.GeneralAction.login is PASSED

2018-09-19 17:37:53 - [MESSAGE][PASSED] - Text of object 'Object Repository/Page_login/txt_username' is cleared

2018-09-19 17:37:54 - [MESSAGE][PASSED] - Keys 'trang2408@mailinator.com' sent to object: 'Object Repository/Page_login/txt_username'

2018-09-19 17:37:54 - [MESSAGE][PASSED] - Text of object 'Object Repository/Page_login/txt_password' is cleared

2018-09-19 17:37:54 - [MESSAGE][PASSED] - Keys '123456' sent to object: 'Object Repository/Page_login/txt_password'

2018-09-19 17:37:54 - [MESSAGE][PASSED] - Object: 'Object Repository/Page_login/btn_login' is clicked on

2018-09-19 17:37:54 - [MESSAGE][PASSED] - Wait for page load successfully

2018-09-19 17:37:54 - [MESSAGE][PASSED] - beautytap.GeneralAction.login is PASSED

2018-09-19 17:37:54 - [TEST_STEP][PASSED] - beautytap.GeneralAction.selectProfileMenu: beautytap.GeneralAction.selectProfileMenu is PASSED

2018-09-19 17:38:02 - [MESSAGE][PASSED] - Object: 'Object Repository/Page_General/link_avatar' is clicked on

2018-09-19 17:38:04 - [MESSAGE][PASSED] - Delayed 2 second(s)

2018-09-19 17:38:07 - [MESSAGE][PASSED] - Object: '' is clicked on

2018-09-19 17:38:07 - [MESSAGE][PASSED] - Wait for page load successfully

2018-09-19 17:38:07 - [MESSAGE][PASSED] - beautytap.GeneralAction.selectProfileMenu is PASSED

2018-09-19 17:38:07 - [TEST_STEP][PASSED] - Statement - objRewoard = CustomKeywords.beautytap.ShopAction.getRewardDetails(): beautytap.ShopAction.getRewardDetails is PASSED

2018-09-19 17:38:07 - [MESSAGE][PASSED] - Text of object '' is: '1.1 x Rewards Multiplier!'

2018-09-19 17:38:07 - [MESSAGE][PASSED] - Text of object '' is: '1.1 x Rewards Multiplier!'

2018-09-19 17:38:07 - [MESSAGE][PASSED] - Text of object '' is: '3204.75'

2018-09-19 17:38:07 - [MESSAGE][PASSED] - Text of object '' is: '2534.94'

2018-09-19 17:38:08 - [MESSAGE][PASSED] - Text of object '' is: '1374.75'

2018-09-19 17:38:08 - [MESSAGE][PASSED] - Text of object '' is: '$69.00'

2018-09-19 17:38:08 - [MESSAGE][PASSED] - Text of object '' is: 'Beauty Bae'

2018-09-19 17:38:08 - [MESSAGE][PASSED] - beautytap.ShopAction.getRewardDetails is PASSED

2018-09-19 17:38:08 - [TEST_STEP][PASSED] - Statement - multiplier = java.lang.Float.parseFloat(objRewoard.get("multiplier")): null

2018-09-19 17:38:08 - [TEST_STEP][PASSED] - Statement - currentlevel = objRewoard.get("currentlevel"): null

2018-09-19 17:38:08 - [TEST_STEP][PASSED] - Statement - lifetime = java.lang.Float.parseFloat(objRewoard.get("lifetime")): null

2018-09-19 17:38:08 - [TEST_STEP][PASSED] - Statement - pending = java.lang.Float.parseFloat(objRewoard.get("pending")): null

2018-09-19 17:38:08 - [TEST_STEP][PASSED] - Statement - redeemable = java.lang.Float.parseFloat(objRewoard.get("redeemable")): null

2018-09-19 17:38:08 - [TEST_STEP][PASSED] - Statement - pointvalue = java.lang.Float.parseFloat(objRewoard.get("pointvalue")): null

2018-09-19 17:38:08 - [TEST_STEP][PASSED] - Statement - rewardEarned = java.lang.Float.parseFloat(java.lang.String.format("%.2f", multiplier * subtotal)): null

2018-09-19 17:38:08 - [TEST_STEP][PASSED] - Statement - notificationMessage = "You received " + rewardEarned + " redeemable points": null

2018-09-19 17:38:08 - [TEST_STEP][PASSED] - beautytap.ShopAction.globalSearch: beautytap.ShopAction.globalSearch is PASSED

2018-09-19 17:38:08 - [MESSAGE][PASSED] - Object: 'Object Repository/Page_General/icon_search' is clicked on

2018-09-19 17:38:13 - [MESSAGE][PASSED] - Delayed 5 second(s)

2018-09-19 17:38:13 - [MESSAGE][PASSED] - Text of object 'Object Repository/Page_General/txt_search' is cleared

2018-09-19 17:38:13 - [MESSAGE][PASSED] - Keys 'CONTROL + v' sent to object: 'Object Repository/Page_General/txt_search'

2018-09-19 17:38:15 - [MESSAGE][PASSED] - Object 'Object Repository/Page_General/div_searchResult' is present

2018-09-19 17:38:15 - [MESSAGE][PASSED] - beautytap.ShopAction.globalSearch is PASSED

2018-09-19 17:38:15 - [TEST_STEP][PASSED] - beautytap.ShopAction.selectProductOnSearchResult: beautytap.ShopAction.selectProductOnSearchResult is PASSED

2018-09-19 17:38:22 - [MESSAGE][PASSED] - Object: '' is clicked on

2018-09-19 17:38:22 - [MESSAGE][PASSED] - Wait for page load successfully

2018-09-19 17:38:22 - [MESSAGE][PASSED] - beautytap.ShopAction.selectProductOnSearchResult is PASSED

2018-09-19 17:38:22 - [TEST_STEP][PASSED] - beautytap.ShopAction.addProductToCart: beautytap.ShopAction.addProductToCart is PASSED

2018-09-19 17:38:23 - [MESSAGE][PASSED] - Text of object 'Object Repository/Page_Shop/txt_quantity' is cleared

2018-09-19 17:38:23 - [MESSAGE][PASSED] - Keys '3' sent to object: 'Object Repository/Page_Shop/txt_quantity'

2018-09-19 17:38:23 - [MESSAGE][PASSED] - Object: 'Object Repository/Page_Shop/btn_addToCart' is clicked on

2018-09-19 17:38:23 - [MESSAGE][PASSED] - Wait for page load successfully

2018-09-19 17:38:28 - [MESSAGE][PASSED] - Object 'Object Repository/Page_Shop/lbl_message' is present

2018-09-19 17:38:28 - [MESSAGE][PASSED] - beautytap.ShopAction.addProductToCart is PASSED

2018-09-19 17:38:28 - [TEST_STEP][PASSED] - beautytap.ShopAction.goToCart: beautytap.ShopAction.goToCart is PASSED

2018-09-19 17:38:32 - [MESSAGE][PASSED] - Object: 'Object Repository/Page_General/icon_cart' is clicked on

2018-09-19 17:38:32 - [MESSAGE][PASSED] - Wait for page load successfully

2018-09-19 17:38:32 - [MESSAGE][PASSED] - beautytap.ShopAction.goToCart is PASSED

2018-09-19 17:38:32 - [TEST_STEP][PASSED] - beautytap.ShopAction.processToCheckout: beautytap.ShopAction.processToCheckout is PASSED

2018-09-19 17:38:36 - [MESSAGE][PASSED] - Object: 'Object Repository/Page_Cart/btn_checkout' is clicked on

2018-09-19 17:38:36 - [MESSAGE][PASSED] - Wait for page load successfully

2018-09-19 17:38:36 - [MESSAGE][PASSED] - beautytap.ShopAction.processToCheckout is PASSED

2018-09-19 17:38:36 - [TEST_STEP][PASSED] - beautytap.ShopAction.fillCustomerInformation: beautytap.ShopAction.fillCustomerInformation is PASSED

2018-09-19 17:38:36 - [MESSAGE][PASSED] - Text of object 'Object Repository/Page_Checkout/txt_billingFirstName' is cleared

2018-09-19 17:38:37 - [MESSAGE][PASSED] - Keys 'Test' sent to object: 'Object Repository/Page_Checkout/txt_billingFirstName'

2018-09-19 17:38:37 - [MESSAGE][PASSED] - Text of object 'Object Repository/Page_Checkout/txt_billingLastName' is cleared

2018-09-19 17:38:37 - [MESSAGE][PASSED] - Keys 'Automation' sent to object: 'Object Repository/Page_Checkout/txt_billingLastName'

2018-09-19 17:38:37 - [MESSAGE][PASSED] - All options with label 'United States (US)' are selected in object 'Object Repository/Page_Checkout/drop_billingCountry' 

2018-09-19 17:38:42 - [MESSAGE][PASSED] - Delayed 5 second(s)

2018-09-19 17:38:42 - [MESSAGE][PASSED] - Text of object 'Object Repository/Page_Checkout/txt_billingAddress' is cleared

2018-09-19 17:38:43 - [MESSAGE][PASSED] - Keys '123 Testing' sent to object: 'Object Repository/Page_Checkout/txt_billingAddress'

2018-09-19 17:38:43 - [MESSAGE][PASSED] - Text of object 'Object Repository/Page_Checkout/txt_billingCity' is cleared

2018-09-19 17:38:43 - [MESSAGE][PASSED] - Keys 'New York' sent to object: 'Object Repository/Page_Checkout/txt_billingCity'

2018-09-19 17:38:43 - [MESSAGE][PASSED] - All options with label 'New York' are selected in object 'Object Repository/Page_Checkout/drop_billingState' 

2018-09-19 17:38:43 - [MESSAGE][PASSED] - Text of object 'Object Repository/Page_Checkout/txt_billingZip' is cleared

2018-09-19 17:38:44 - [MESSAGE][PASSED] - Keys '90012' sent to object: 'Object Repository/Page_Checkout/txt_billingZip'

2018-09-19 17:38:44 - [MESSAGE][PASSED] - Text of object 'Object Repository/Page_Checkout/txt_billingEmail' is cleared

2018-09-19 17:38:44 - [MESSAGE][PASSED] - Keys 'trang2408@mailinator.com' sent to object: 'Object Repository/Page_Checkout/txt_billingEmail'

2018-09-19 17:38:44 - [MESSAGE][PASSED] - Object 'Object Repository/Page_Checkout/chk_shipToDifferentAddress' is un-checked

2018-09-19 17:38:45 - [MESSAGE][PASSED] - Text of object 'Object Repository/Page_Checkout/txt_orderNote' is cleared

2018-09-19 17:38:45 - [MESSAGE][PASSED] - Keys 'TC07' sent to object: 'Object Repository/Page_Checkout/txt_orderNote'

2018-09-19 17:38:45 - [MESSAGE][PASSED] - Object 'Object Repository/Page_Checkout/radio_creditCard' is checked

2018-09-19 17:38:50 - [MESSAGE][PASSED] - Delayed 5 second(s)

2018-09-19 17:38:50 - [MESSAGE][PASSED] - beautytap.ShopAction.fillCustomerInformation is PASSED

2018-09-19 17:38:50 - [TEST_STEP][FAILED] - beautytap.ShopAction.VerifyOrderDetailsOnCheckout: Keyword VerifyOrderDetailsOnCheckout is Failed

2018-09-19 17:39:21 - [MESSAGE][WARNING] - com.kms.katalon.core.webui.exception.WebElementNotFoundException: Web element with id: '' located by 'By.xpath: //td[@class='product-name' and contains(text(),'La Muse Correct Care Complete Cushion SPF50+')]/strong[@class='product-quantity' and text()='× 3']/ancestor::tr/td[@class='product-total']/span[starts-with(text(),'95.4')]' not found
[[ATTACHMENT|E:\\BeautytapAutomation\\beautytapAuto\\Beautytap\\Reports\\TS1\\20180919_173148\\1537353561277.png]]

2018-09-19 17:39:21 - [MESSAGE][PASSED] - Text of object '' is: '$190.80'

2018-09-19 17:39:21 - [MESSAGE][PASSED] - Text of object '' is: 'Free shipping for orders over $60
Why does shipping take this long?'

2018-09-19 17:39:21 - [MESSAGE][PASSED] - Text of object '' is: '$190.80'

2018-09-19 17:39:21 - [MESSAGE][FAILED] - Keyword VerifyOrderDetailsOnCheckout is Failed

2018-09-19 17:39:21 - [TEST_STEP][FAILED] - beautytap.ShopAction.VerifyRewardEarned: Keyword VerifyRewardEarned is Failed

2018-09-19 17:39:21 - [MESSAGE][PASSED] - Text of object '' is: 'Status: Beauty Bae ( $190.8 x Rewards Multiplier )'

2018-09-19 17:39:21 - [MESSAGE][PASSED] - Text of object '' is: 'Status: Beauty Bae ( $190.8 x Rewards Multiplier )'

2018-09-19 17:39:21 - [MESSAGE][PASSED] - Text of object '' is: 'Status: Beauty Bae ( $190.8 x Rewards Multiplier )'

2018-09-19 17:39:22 - [MESSAGE][PASSED] - Text of object '' is: 'Multiplier: $190.8 x 1.1'

2018-09-19 17:39:22 - [MESSAGE][PASSED] - Text of object '' is: 'Multiplier: $190.8 x 1.1'

2018-09-19 17:39:22 - [MESSAGE][PASSED] - Text of object '' is: '209.9 Points!'

2018-09-19 17:39:22 - [MESSAGE][PASSED] - Text of object '' is: '209.9 Points!'

2018-09-19 17:39:22 - [MESSAGE][PASSED] - Text of object '' is: 'Multiplier: $190.8 x 1.1'

2018-09-19 17:39:22 - [MESSAGE][PASSED] - Text of object '' is: 'Multiplier: $190.8 x 1.1'

2018-09-19 17:39:22 - [MESSAGE][PASSED] - Text of object '' is: 'Multiplier: $190.8 x 1.1'

2018-09-19 17:39:22 - [MESSAGE][FAILED] - Keyword VerifyRewardEarned is Failed

2018-09-19 17:39:22 - [TEST_STEP][PASSED] - beautytap.ShopAction.checkoutViaCreditCard: beautytap.ShopAction.checkoutViaCreditCard is PASSED

2018-09-19 17:39:22 - [MESSAGE][PASSED] - Object 'Object Repository/Page_Checkout/radio_creditCard' is checked

2018-09-19 17:39:32 - [MESSAGE][PASSED] - Delayed 10 second(s)

2018-09-19 17:39:32 - [MESSAGE][PASSED] - Text of object 'Object Repository/Page_Checkout/txt_cardNumber' is cleared

2018-09-19 17:39:32 - [MESSAGE][PASSED] - Keys '4032036248443549' sent to object: 'Object Repository/Page_Checkout/txt_cardNumber'

2018-09-19 17:39:33 - [MESSAGE][PASSED] - All options with label 'Visa' are selected in object 'Object Repository/Page_Checkout/drop_cardType' 

2018-09-19 17:39:33 - [MESSAGE][PASSED] - All options with label '07' are selected in object 'Object Repository/Page_Checkout/drop_expirationMonth' 

2018-09-19 17:39:33 - [MESSAGE][PASSED] - All options with label '2023' are selected in object 'Object Repository/Page_Checkout/drop_expirationYear' 

2018-09-19 17:39:33 - [MESSAGE][PASSED] - Text of object 'Object Repository/Page_Checkout/txt_cardCVV' is cleared

2018-09-19 17:39:33 - [MESSAGE][PASSED] - Keys '123' sent to object: 'Object Repository/Page_Checkout/txt_cardCVV'

2018-09-19 17:39:33 - [MESSAGE][PASSED] - Object 'Object Repository/Page_Checkout/chk_terms' is checked

2018-09-19 17:39:34 - [MESSAGE][PASSED] - Object: 'Object Repository/Page_Checkout/btn_placeOrder' is clicked on

2018-09-19 17:39:48 - [MESSAGE][PASSED] - Object 'Object Repository/Page_Checkout/lbl_orderReceived' is present

2018-09-19 17:39:48 - [MESSAGE][PASSED] - beautytap.ShopAction.checkoutViaCreditCard is PASSED

2018-09-19 17:39:48 - [TEST_STEP][FAILED] - beautytap.ShopAction.VerifyOrderReceivedDetails: Keyword VerifyOrderReceivedDetails is Failed

2018-09-19 17:40:19 - [MESSAGE][WARNING] - com.kms.katalon.core.webui.exception.WebElementNotFoundException: Web element with id: '' located by 'By.xpath: //td[@class='woocommerce-table__product-name product-name']/a[contains(text(),'La Muse Correct Care Complete Cushion SPF50+')]/following-sibling::strong[text()='× 3']/parent::td/parent::tr/td[@class='woocommerce-table__product-total product-total']/span[starts-with(text(),'95.4')]' not found
[[ATTACHMENT|E:\\BeautytapAutomation\\beautytapAuto\\Beautytap\\Reports\\TS1\\20180919_173148\\1537353619640.png]]

2018-09-19 17:40:20 - [MESSAGE][PASSED] - Text of object '' is: '$190.80'

2018-09-19 17:40:20 - [MESSAGE][PASSED] - Text of object '' is: 'Free shipping for orders over $60'

2018-09-19 17:40:25 - [MESSAGE][WARNING] - com.kms.katalon.core.webui.exception.WebElementNotFoundException: Web element with id: '' located by 'By.xpath: //th[text()='Shipping:']/parent::tr/td/span' not found
[[ATTACHMENT|E:\\BeautytapAutomation\\beautytapAuto\\Beautytap\\Reports\\TS1\\20180919_173148\\1537353625249.png]]

2018-09-19 17:40:25 - [MESSAGE][PASSED] - Text of object '' is: 'Credit Card Payment'

2018-09-19 17:40:25 - [MESSAGE][PASSED] - Text of object '' is: '$190.80'

2018-09-19 17:40:25 - [MESSAGE][FAILED] - Keyword VerifyOrderReceivedDetails is Failed

2018-09-19 17:40:25 - [TEST_STEP][FAILED] - beautytap.ShopAction.VerifyRewardEarned: Keyword VerifyRewardEarned is Failed

2018-09-19 17:40:25 - [MESSAGE][PASSED] - Text of object '' is: 'Status: Beauty Bae ( $190.80 x Rewards Multiplier )'

2018-09-19 17:40:25 - [MESSAGE][PASSED] - Text of object '' is: 'Status: Beauty Bae ( $190.80 x Rewards Multiplier )'

2018-09-19 17:40:26 - [MESSAGE][PASSED] - Text of object '' is: 'Status: Beauty Bae ( $190.80 x Rewards Multiplier )'

2018-09-19 17:40:26 - [MESSAGE][PASSED] - Text of object '' is: 'Multiplier: $190.80 x 1.1'

2018-09-19 17:40:26 - [MESSAGE][PASSED] - Text of object '' is: 'Multiplier: $190.80 x 1.1'

2018-09-19 17:40:26 - [MESSAGE][PASSED] - Text of object '' is: '209.9 Points!'

2018-09-19 17:40:26 - [MESSAGE][PASSED] - Text of object '' is: '209.9 Points!'

2018-09-19 17:40:26 - [MESSAGE][PASSED] - Text of object '' is: 'Multiplier: $190.80 x 1.1'

2018-09-19 17:40:26 - [MESSAGE][PASSED] - Text of object '' is: 'Multiplier: $190.80 x 1.1'

2018-09-19 17:40:26 - [MESSAGE][PASSED] - Text of object '' is: 'Multiplier: $190.80 x 1.1'

2018-09-19 17:40:26 - [MESSAGE][FAILED] - Keyword VerifyRewardEarned is Failed

2018-09-19 17:40:26 - [TEST_STEP][PASSED] - Statement - orderInfo = CustomKeywords.beautytap.ShopAction.getOrderInfoOnOrderReceived(): beautytap.ShopAction.getOrderInfoOnOrderReceived is PASSED

2018-09-19 17:40:26 - [MESSAGE][PASSED] - Text of object '' is: '136572'

2018-09-19 17:40:26 - [MESSAGE][PASSED] - Text of object '' is: 'September 19, 2018'

2018-09-19 17:40:26 - [MESSAGE][PASSED] - beautytap.ShopAction.getOrderInfoOnOrderReceived is PASSED

2018-09-19 17:40:26 - [TEST_STEP][PASSED] - Statement - orderNumber = orderInfo.get("ordernumber"): null

2018-09-19 17:40:26 - [TEST_STEP][PASSED] - Statement - orderDate = orderInfo.get("date"): null

2018-09-19 17:40:26 - [TEST_STEP][PASSED] - Statement - completeOrderSubject = "Your " + SITE_TITLE + " order from " + orderDate + " is complete": null

2018-09-19 17:40:26 - [TEST_STEP][PASSED] - Statement - completeOrderSubject = completeOrderSubject.replace("[", "").replace("]", ""): null

2018-09-19 17:40:26 - [TEST_STEP][PASSED] - beautytap.GeneralAction.selectProfileMenu: beautytap.GeneralAction.selectProfileMenu is PASSED

2018-09-19 17:40:26 - [MESSAGE][PASSED] - Object: 'Object Repository/Page_General/link_avatar' is clicked on

2018-09-19 17:40:28 - [MESSAGE][PASSED] - Delayed 2 second(s)

2018-09-19 17:40:32 - [MESSAGE][PASSED] - Object: '' is clicked on

2018-09-19 17:40:32 - [MESSAGE][PASSED] - Wait for page load successfully

2018-09-19 17:40:32 - [MESSAGE][PASSED] - beautytap.GeneralAction.selectProfileMenu is PASSED

2018-09-19 17:40:32 - [TEST_STEP][PASSED] - Statement - newPending = java.lang.Float.parseFloat(java.lang.String.format("%.2f", pending + rewardEarned)): null

2018-09-19 17:40:32 - [TEST_STEP][FAILED] - beautytap.ShopAction.VerifyRewardPointsDetails: Keyword VerifyRewardPoints is Failed

2018-09-19 17:40:32 - [MESSAGE][PASSED] - Text of object '' is: '3204.75'

2018-09-19 17:40:32 - [MESSAGE][PASSED] - Text of object '' is: '2744.82'

2018-09-19 17:40:32 - [MESSAGE][PASSED] - Text of object '' is: '1374.75'

2018-09-19 17:40:32 - [MESSAGE][PASSED] - Text of object '' is: '$69.00'

2018-09-19 17:40:32 - [MESSAGE][FAILED] - Keyword VerifyRewardPoints is Failed

2018-09-19 17:40:32 - [TEST_STEP][FAILED] - beautytap.ShopAction.VerifyRewardHistory: Keyword VerifyRewardHistory is Failed

2018-09-19 17:40:32 - [MESSAGE][PASSED] - Object '' is present

2018-09-19 17:40:32 - [MESSAGE][PASSED] - Text of object '' is: ''

2018-09-19 17:40:32 - [MESSAGE][PASSED] - Text of object '' is: '$190.80'

2018-09-19 17:40:32 - [MESSAGE][PASSED] - Text of object '' is: '1.1'

2018-09-19 17:40:32 - [MESSAGE][PASSED] - Text of object '' is: '0.00'

2018-09-19 17:40:32 - [MESSAGE][PASSED] - Text of object '' is: '1374.75'

2018-09-19 17:40:32 - [MESSAGE][FAILED] - Keyword VerifyRewardHistory is Failed

2018-09-19 17:40:32 - [TEST_STEP][FAILED] - beautytap.ShopAction.VerifyRewardHistory: Keyword VerifyRewardHistory is Failed

2018-09-19 17:40:32 - [MESSAGE][PASSED] - Object '' is present

2018-09-19 17:40:33 - [MESSAGE][PASSED] - Text of object '' is: ''

2018-09-19 17:40:33 - [MESSAGE][PASSED] - Text of object '' is: '$190.80'

2018-09-19 17:40:33 - [MESSAGE][PASSED] - Text of object '' is: '1.1'

2018-09-19 17:40:33 - [MESSAGE][PASSED] - Text of object '' is: '0.00'

2018-09-19 17:40:33 - [MESSAGE][PASSED] - Text of object '' is: '1374.75'

2018-09-19 17:40:33 - [MESSAGE][FAILED] - Keyword VerifyRewardHistory is Failed

2018-09-19 17:40:33 - [TEST_STEP][PASSED] - beautytap.GeneralAction.logout: beautytap.GeneralAction.logout is PASSED

2018-09-19 17:40:33 - [MESSAGE][PASSED] - Object: 'Object Repository/Page_General/link_avatar' is clicked on

2018-09-19 17:40:33 - [MESSAGE][PASSED] - Object 'Object Repository/Page_General/menu_logout' is present

2018-09-19 17:40:34 - [MESSAGE][PASSED] - Object: 'Object Repository/Page_General/menu_logout' is clicked on

2018-09-19 17:40:34 - [MESSAGE][PASSED] - Wait for page load successfully

2018-09-19 17:40:34 - [MESSAGE][PASSED] - beautytap.GeneralAction.logout is PASSED

2018-09-19 17:40:34 - [TEST_STEP][PASSED] - beautytap.GeneralAction.clickNavigationMenu: beautytap.GeneralAction.clickNavigationMenu is PASSED

2018-09-19 17:40:41 - [MESSAGE][PASSED] - Object: 'Object Repository/Page_General/link_login' is clicked on

2018-09-19 17:40:41 - [MESSAGE][PASSED] - Wait for page load successfully

2018-09-19 17:40:41 - [MESSAGE][PASSED] - beautytap.GeneralAction.clickNavigationMenu is PASSED

2018-09-19 17:40:41 - [TEST_STEP][PASSED] - beautytap.GeneralAction.login: beautytap.GeneralAction.login is PASSED

2018-09-19 17:40:42 - [MESSAGE][PASSED] - Text of object 'Object Repository/Page_login/txt_username' is cleared

2018-09-19 17:40:42 - [MESSAGE][PASSED] - Keys 'mrwhite' sent to object: 'Object Repository/Page_login/txt_username'

2018-09-19 17:40:42 - [MESSAGE][PASSED] - Text of object 'Object Repository/Page_login/txt_password' is cleared

2018-09-19 17:40:42 - [MESSAGE][PASSED] - Keys 'kgySM$Im' sent to object: 'Object Repository/Page_login/txt_password'

2018-09-19 17:40:42 - [MESSAGE][PASSED] - Object: 'Object Repository/Page_login/btn_login' is clicked on

2018-09-19 17:40:42 - [MESSAGE][PASSED] - Wait for page load successfully

2018-09-19 17:40:42 - [MESSAGE][PASSED] - beautytap.GeneralAction.login is PASSED

2018-09-19 17:40:42 - [TEST_STEP][PASSED] - navigateToUrl: Navigate to 'https://stage.beautytap.com/admin' successfully

2018-09-19 17:40:50 - [MESSAGE][PASSED] - Navigate to 'https://stage.beautytap.com/admin' successfully

2018-09-19 17:40:50 - [TEST_STEP][PASSED] - beautytap.AdminAction.changeOrderStatus: beautytap.AdminAction.changeOrderStatus is PASSED

2018-09-19 17:40:58 - [MESSAGE][PASSED] - Object: '' is clicked on

2018-09-19 17:40:58 - [MESSAGE][PASSED] - Wait for page load successfully

2018-09-19 17:41:03 - [MESSAGE][PASSED] - Object: '' is clicked on

2018-09-19 17:41:03 - [MESSAGE][PASSED] - Wait for page load successfully

2018-09-19 17:41:04 - [MESSAGE][PASSED] - Text of object 'Object Repository/Page_Admin/txt_searchOrder' is cleared

2018-09-19 17:41:04 - [MESSAGE][PASSED] - Keys '136572' sent to object: 'Object Repository/Page_Admin/txt_searchOrder'

2018-09-19 17:41:07 - [MESSAGE][PASSED] - Object: 'Object Repository/Page_Admin/btn_searchOrder' is clicked on

2018-09-19 17:41:07 - [MESSAGE][PASSED] - Wait for page load successfully

2018-09-19 17:41:17 - [MESSAGE][PASSED] - Object: '' is clicked on

2018-09-19 17:41:17 - [MESSAGE][PASSED] - Wait for page load successfully

2018-09-19 17:41:17 - [MESSAGE][PASSED] - All options with label 'Completed' are selected in object 'Object Repository/Page_Admin/drop_orderStatus' 

2018-09-19 17:41:18 - [MESSAGE][PASSED] - Object: 'Object Repository/Page_Admin/btn_saveOrder' is clicked on

2018-09-19 17:41:27 - [MESSAGE][PASSED] - Object 'Object Repository/Page_Admin/lbl_orderUpdatedMessage' is present

2018-09-19 17:41:27 - [MESSAGE][PASSED] - beautytap.AdminAction.changeOrderStatus is PASSED

2018-09-19 17:41:27 - [TEST_STEP][PASSED] - beautytap.GeneralAction.openMailBox: beautytap.GeneralAction.openMailBox is PASSED

2018-09-19 17:41:29 - [MESSAGE][PASSED] - Navigate to 'https://www.mailinator.com' successfully

2018-09-19 17:41:29 - [MESSAGE][PASSED] - Wait for page load successfully

2018-09-19 17:41:29 - [MESSAGE][PASSED] - Keys 'trang2408@mailinator.com' sent to object: 'Object Repository/Page_mailinator/txt_email'

2018-09-19 17:41:33 - [MESSAGE][PASSED] - Object: 'Object Repository/Page_mailinator/btn_go' is clicked on

2018-09-19 17:41:33 - [MESSAGE][PASSED] - Wait for page load successfully

2018-09-19 17:41:38 - [MESSAGE][PASSED] - Delayed 5 second(s)

2018-09-19 17:41:38 - [MESSAGE][PASSED] - beautytap.GeneralAction.openMailBox is PASSED

2018-09-19 17:41:38 - [TEST_STEP][PASSED] - beautytap.GeneralAction.verifyEmailExist: beautytap.GeneralAction.verifyEmailExist is PASSED

2018-09-19 17:41:38 - [MESSAGE][PASSED] - Object '' is present

2018-09-19 17:41:38 - [MESSAGE][PASSED] - beautytap.GeneralAction.verifyEmailExist is PASSED

2018-09-19 17:41:38 - [TEST_STEP][PASSED] - beautytap.GeneralAction.openEmail: beautytap.GeneralAction.openEmail is PASSED

2018-09-19 17:41:38 - [MESSAGE][PASSED] - Object: '' is clicked on

2018-09-19 17:41:38 - [MESSAGE][PASSED] - beautytap.GeneralAction.openEmail is PASSED

2018-09-19 17:41:38 - [TEST_STEP][FAILED] - beautytap.ShopAction.VerifyOrderCompleteEmail: Keyword VerifyOrderCompleteEmail is Failed

2018-09-19 17:41:39 - [MESSAGE][PASSED] - Object '' is present

2018-09-19 17:41:39 - [MESSAGE][PASSED] - Text of object '' is: 'La Muse Correct Care Complete Cushion SPF50+'

2018-09-19 17:41:39 - [MESSAGE][PASSED] - Text of object '' is: '6'

2018-09-19 17:41:39 - [MESSAGE][PASSED] - Text of object '' is: '$190.80'

2018-09-19 17:41:39 - [MESSAGE][PASSED] - Text of object '' is: '$190.80'

2018-09-19 17:41:39 - [MESSAGE][PASSED] - Text of object '' is: 'Free shipping for orders over $60'

2018-09-19 17:41:45 - [MESSAGE][WARNING] - com.kms.katalon.core.webui.exception.WebElementNotFoundException: Web element with id: '' located by 'By.xpath: //th[text()='Shipping:']/parent::tr/td/span' not found
[[ATTACHMENT|E:\\BeautytapAutomation\\beautytapAuto\\Beautytap\\Reports\\TS1\\20180919_173148\\1537353704700.png]]

2018-09-19 17:41:45 - [MESSAGE][PASSED] - Text of object '' is: 'Credit Card Payment'

2018-09-19 17:41:45 - [MESSAGE][PASSED] - Text of object '' is: '209.88'

2018-09-19 17:41:45 - [MESSAGE][PASSED] - Text of object '' is: '$190.80'

2018-09-19 17:41:45 - [MESSAGE][FAILED] - Keyword VerifyOrderCompleteEmail is Failed

2018-09-19 17:41:45 - [TEST_STEP][PASSED] - closeBrowser: Browser is closed

2018-09-19 17:41:46 - [MESSAGE][PASSED] - Browser is closed

2018-09-19 17:41:46 - [TEST_STEP][PASSED] - beautytap.GeneralAction.openBeautytap: beautytap.GeneralAction.openBeautytap is PASSED

2018-09-19 17:41:59 - [MESSAGE][PASSED] - Browser is opened with url: 'https://stage.beautytap.com'

2018-09-19 17:42:00 - [MESSAGE][PASSED] - Current window maximized

2018-09-19 17:42:04 - [MESSAGE][PASSED] - Refresh successfully

2018-09-19 17:42:04 - [MESSAGE][PASSED] - Wait for page load successfully

2018-09-19 17:42:04 - [MESSAGE][PASSED] - beautytap.GeneralAction.openBeautytap is PASSED

2018-09-19 17:42:04 - [TEST_STEP][PASSED] - beautytap.GeneralAction.clickNavigationMenu: beautytap.GeneralAction.clickNavigationMenu is PASSED

2018-09-19 17:42:06 - [MESSAGE][PASSED] - Object: 'Object Repository/Page_General/link_login' is clicked on

2018-09-19 17:42:06 - [MESSAGE][PASSED] - Wait for page load successfully

2018-09-19 17:42:06 - [MESSAGE][PASSED] - beautytap.GeneralAction.clickNavigationMenu is PASSED

2018-09-19 17:42:06 - [TEST_STEP][PASSED] - beautytap.GeneralAction.login: beautytap.GeneralAction.login is PASSED

2018-09-19 17:42:06 - [MESSAGE][PASSED] - Text of object 'Object Repository/Page_login/txt_username' is cleared

2018-09-19 17:42:07 - [MESSAGE][PASSED] - Keys 'trang2408@mailinator.com' sent to object: 'Object Repository/Page_login/txt_username'

2018-09-19 17:42:07 - [MESSAGE][PASSED] - Text of object 'Object Repository/Page_login/txt_password' is cleared

2018-09-19 17:42:07 - [MESSAGE][PASSED] - Keys '123456' sent to object: 'Object Repository/Page_login/txt_password'

2018-09-19 17:42:07 - [MESSAGE][PASSED] - Object: 'Object Repository/Page_login/btn_login' is clicked on

2018-09-19 17:42:07 - [MESSAGE][PASSED] - Wait for page load successfully

2018-09-19 17:42:07 - [MESSAGE][PASSED] - beautytap.GeneralAction.login is PASSED

2018-09-19 17:42:07 - [TEST_STEP][FAILED] - beautytap.GeneralAction.VerifyNotificationText: Keyword VerifyNotificationText is Failed

2018-09-19 17:42:15 - [MESSAGE][PASSED] - Object: 'Object Repository/Page_General/link_notificationIcon' is clicked on

2018-09-19 17:42:20 - [MESSAGE][PASSED] - Delayed 5 second(s)

2018-09-19 17:42:20 - [MESSAGE][PASSED] - Text of object '' is: 'You received 209.88 redeemable points'

2018-09-19 17:42:20 - [MESSAGE][FAILED] - Keyword VerifyNotificationText is Failed

2018-09-19 17:42:20 - [TEST_STEP][PASSED] - beautytap.GeneralAction.selectProfileMenu: beautytap.GeneralAction.selectProfileMenu is PASSED

2018-09-19 17:42:20 - [MESSAGE][PASSED] - Object: 'Object Repository/Page_General/link_avatar' is clicked on

2018-09-19 17:42:22 - [MESSAGE][PASSED] - Delayed 2 second(s)

2018-09-19 17:42:25 - [MESSAGE][PASSED] - Object: '' is clicked on

2018-09-19 17:42:25 - [MESSAGE][PASSED] - Wait for page load successfully

2018-09-19 17:42:25 - [MESSAGE][PASSED] - beautytap.GeneralAction.selectProfileMenu is PASSED

2018-09-19 17:42:25 - [TEST_STEP][PASSED] - Statement - newLifetime = java.lang.Float.parseFloat(java.lang.String.format("%.2f", lifetime + rewardEarned)): null

2018-09-19 17:42:25 - [TEST_STEP][PASSED] - Statement - newRedeemable = java.lang.Float.parseFloat(java.lang.String.format("%.2f", redeemable + rewardEarned)): null

2018-09-19 17:42:25 - [TEST_STEP][PASSED] - Statement - newPointValue = CustomKeywords.beautytap.ShopAction.calculateLoyaltyPointValue(newRedeemable): beautytap.ShopAction.calculateLoyaltyPointValue is PASSED

2018-09-19 17:42:25 - [MESSAGE][PASSED] - beautytap.ShopAction.calculateLoyaltyPointValue is PASSED

2018-09-19 17:42:25 - [TEST_STEP][FAILED] - beautytap.ShopAction.VerifyRewardPointsDetails: Keyword VerifyRewardPoints is Failed

2018-09-19 17:42:25 - [MESSAGE][PASSED] - Text of object '' is: '3414.63'

2018-09-19 17:42:25 - [MESSAGE][PASSED] - Text of object '' is: '2534.94'

2018-09-19 17:42:26 - [MESSAGE][PASSED] - Text of object '' is: '1584.63'

2018-09-19 17:42:26 - [MESSAGE][PASSED] - Text of object '' is: '$77.00'

2018-09-19 17:42:26 - [MESSAGE][FAILED] - Keyword VerifyRewardPoints is Failed

2018-09-19 17:42:26 - [TEST_STEP][FAILED] - beautytap.ShopAction.VerifyRewardHistory: Keyword VerifyRewardHistory is Failed

2018-09-19 17:42:26 - [MESSAGE][PASSED] - Object '' is present

2018-09-19 17:42:26 - [MESSAGE][PASSED] - Text of object '' is: ''

2018-09-19 17:42:26 - [MESSAGE][PASSED] - Text of object '' is: '$190.80'

2018-09-19 17:42:26 - [MESSAGE][PASSED] - Text of object '' is: '1.1'

2018-09-19 17:42:26 - [MESSAGE][PASSED] - Text of object '' is: '209.88'

2018-09-19 17:42:26 - [MESSAGE][PASSED] - Text of object '' is: '1584.63'

2018-09-19 17:42:26 - [MESSAGE][FAILED] - Keyword VerifyRewardHistory is Failed

2018-09-19 17:42:26 - [TEST_STEP][PASSED] - beautytap.GeneralAction.logout: beautytap.GeneralAction.logout is PASSED

2018-09-19 17:42:26 - [MESSAGE][PASSED] - Object: 'Object Repository/Page_General/link_avatar' is clicked on

2018-09-19 17:42:27 - [MESSAGE][PASSED] - Object 'Object Repository/Page_General/menu_logout' is present

2018-09-19 17:42:27 - [MESSAGE][PASSED] - Object: 'Object Repository/Page_General/menu_logout' is clicked on

2018-09-19 17:42:27 - [MESSAGE][PASSED] - Wait for page load successfully

2018-09-19 17:42:27 - [MESSAGE][PASSED] - beautytap.GeneralAction.logout is PASSED]]></system-out>
         <system-err><![CDATA[2018-09-19 17:37:26 - [TEST_CASE][FAILED] - Test Cases/Shop/TC07_BuyProduct_EarnPendingPoint_EarnRedeemablePoint: Test Cases/Shop/TC07_BuyProduct_EarnPendingPoint_EarnRedeemablePoint FAILED because (of) Keyword VerifyOrderDetailsOnCheckout is Failed]]></system-err>
      </testcase>
      <testcase name="Test Cases/Shop/TC08_BuyProduct_UsingRewardPoint" classname="Test Cases/Shop/TC08_BuyProduct_UsingRewardPoint" status="PASSED">
         <system-out><![CDATA[2018-09-19 17:42:29 - [TEST_CASE][PASSED] - Test Cases/Shop/TC08_BuyProduct_UsingRewardPoint: Test Cases/Shop/TC08_BuyProduct_UsingRewardPoint

2018-09-19 17:42:30 - [TEST_STEP][PASSED] - Statement - username = USER_EMAIL: null

2018-09-19 17:42:30 - [TEST_STEP][PASSED] - Statement - password = USER_PASSWORD: null

2018-09-19 17:42:30 - [TEST_STEP][PASSED] - Statement - productName = SIMPLE_PRODUCT: null

2018-09-19 17:42:30 - [TEST_STEP][PASSED] - Statement - price = SIMPLE_PRODUCT_PRICE: null

2018-09-19 17:42:30 - [TEST_STEP][PASSED] - Statement - quantity = 3: null

2018-09-19 17:42:30 - [TEST_STEP][PASSED] - Statement - shippingLabel = FREE_SHIPPING_LABEL: null

2018-09-19 17:42:30 - [TEST_STEP][PASSED] - Statement - shippingPrice = 0: null

2018-09-19 17:42:30 - [TEST_STEP][PASSED] - Statement - pointUsed = 60: null

2018-09-19 17:42:30 - [TEST_STEP][PASSED] - Statement - pointValueUsed = 2: null

2018-09-19 17:42:30 - [TEST_STEP][PASSED] - Statement - subtotal = CustomKeywords.beautytap.ShopAction.calculateTotal(quantity, price): beautytap.ShopAction.calculateTotal is PASSED

2018-09-19 17:42:30 - [MESSAGE][PASSED] - beautytap.ShopAction.calculateTotal is PASSED

2018-09-19 17:42:30 - [TEST_STEP][PASSED] - Statement - subtotalApplyReward = java.lang.Float.parseFloat(java.lang.String.format("%.2f", subtotal - pointValueUsed)): null

2018-09-19 17:42:30 - [TEST_STEP][PASSED] - Statement - total = java.lang.Float.parseFloat(java.lang.String.format("%.2f", subtotal - pointValueUsed + shippingPrice)): null

2018-09-19 17:42:30 - [TEST_STEP][PASSED] - Statement - products = new org.json.JSONArray((((((([{"productname":" + productName) + ","variation":"","quantity":") + quantity) + ","price":") + price) + "}])): null

2018-09-19 17:42:30 - [TEST_STEP][PASSED] - Statement - billingInformation = new org.json.JSONObject((({"firstname":"Test","lastname":"Automation","country":"United States (US)","address":"123 Testing","city":"New York","state":"New York","zip":"90012","email":" + username) + "})): null

2018-09-19 17:42:30 - [TEST_STEP][PASSED] - Statement - paymentMethod = "Credit Card Payment": null

2018-09-19 17:42:30 - [TEST_STEP][PASSED] - beautytap.GeneralAction.openBeautytap: beautytap.GeneralAction.openBeautytap is PASSED

2018-09-19 17:42:30 - [MESSAGE][WARNING] - A browser is already opened. Closing browser and opening a new one

2018-09-19 17:42:54 - [MESSAGE][PASSED] - Browser is opened with url: 'https://stage.beautytap.com'

2018-09-19 17:42:55 - [MESSAGE][PASSED] - Current window maximized

2018-09-19 17:42:59 - [MESSAGE][PASSED] - Refresh successfully

2018-09-19 17:42:59 - [MESSAGE][PASSED] - Wait for page load successfully

2018-09-19 17:42:59 - [MESSAGE][PASSED] - beautytap.GeneralAction.openBeautytap is PASSED

2018-09-19 17:42:59 - [TEST_STEP][PASSED] - beautytap.GeneralAction.clickNavigationMenu: beautytap.GeneralAction.clickNavigationMenu is PASSED

2018-09-19 17:43:02 - [MESSAGE][PASSED] - Object: 'Object Repository/Page_General/link_login' is clicked on

2018-09-19 17:43:02 - [MESSAGE][PASSED] - Wait for page load successfully

2018-09-19 17:43:02 - [MESSAGE][PASSED] - beautytap.GeneralAction.clickNavigationMenu is PASSED

2018-09-19 17:43:02 - [TEST_STEP][PASSED] - beautytap.GeneralAction.login: beautytap.GeneralAction.login is PASSED

2018-09-19 17:43:02 - [MESSAGE][PASSED] - Text of object 'Object Repository/Page_login/txt_username' is cleared

2018-09-19 17:43:02 - [MESSAGE][PASSED] - Keys 'trang2408@mailinator.com' sent to object: 'Object Repository/Page_login/txt_username'

2018-09-19 17:43:02 - [MESSAGE][PASSED] - Text of object 'Object Repository/Page_login/txt_password' is cleared

2018-09-19 17:43:03 - [MESSAGE][PASSED] - Keys '123456' sent to object: 'Object Repository/Page_login/txt_password'

2018-09-19 17:43:03 - [MESSAGE][PASSED] - Object: 'Object Repository/Page_login/btn_login' is clicked on

2018-09-19 17:43:03 - [MESSAGE][PASSED] - Wait for page load successfully

2018-09-19 17:43:03 - [MESSAGE][PASSED] - beautytap.GeneralAction.login is PASSED

2018-09-19 17:43:03 - [TEST_STEP][PASSED] - beautytap.GeneralAction.selectProfileMenu: beautytap.GeneralAction.selectProfileMenu is PASSED

2018-09-19 17:43:11 - [MESSAGE][PASSED] - Object: 'Object Repository/Page_General/link_avatar' is clicked on

2018-09-19 17:43:13 - [MESSAGE][PASSED] - Delayed 2 second(s)

2018-09-19 17:43:17 - [MESSAGE][PASSED] - Object: '' is clicked on

2018-09-19 17:43:17 - [MESSAGE][PASSED] - Wait for page load successfully

2018-09-19 17:43:17 - [MESSAGE][PASSED] - beautytap.GeneralAction.selectProfileMenu is PASSED

2018-09-19 17:43:17 - [TEST_STEP][PASSED] - Statement - objReward = CustomKeywords.beautytap.ShopAction.getRewardDetails(): beautytap.ShopAction.getRewardDetails is PASSED

2018-09-19 17:43:17 - [MESSAGE][PASSED] - Text of object '' is: '1.1 x Rewards Multiplier!'

2018-09-19 17:43:17 - [MESSAGE][PASSED] - Text of object '' is: '1.1 x Rewards Multiplier!'

2018-09-19 17:43:17 - [MESSAGE][PASSED] - Text of object '' is: '3414.63'

2018-09-19 17:43:17 - [MESSAGE][PASSED] - Text of object '' is: '2534.94'

2018-09-19 17:43:17 - [MESSAGE][PASSED] - Text of object '' is: '1584.63'

2018-09-19 17:43:17 - [MESSAGE][PASSED] - Text of object '' is: '$77.00'

2018-09-19 17:43:17 - [MESSAGE][PASSED] - Text of object '' is: 'Beauty Bae'

2018-09-19 17:43:17 - [MESSAGE][PASSED] - beautytap.ShopAction.getRewardDetails is PASSED

2018-09-19 17:43:17 - [TEST_STEP][PASSED] - Statement - multiplier = java.lang.Float.parseFloat(objReward.get("multiplier")): null

2018-09-19 17:43:17 - [TEST_STEP][PASSED] - Statement - currentlevel = objReward.get("currentlevel"): null

2018-09-19 17:43:17 - [TEST_STEP][PASSED] - Statement - lifetime = java.lang.Float.parseFloat(objReward.get("lifetime")): null

2018-09-19 17:43:17 - [TEST_STEP][PASSED] - Statement - pending = java.lang.Float.parseFloat(objReward.get("pending")): null

2018-09-19 17:43:17 - [TEST_STEP][PASSED] - Statement - redeemable = java.lang.Float.parseFloat(objReward.get("redeemable")): null

2018-09-19 17:43:17 - [TEST_STEP][PASSED] - Statement - pointvalue = java.lang.Float.parseFloat(objReward.get("pointvalue")): null

2018-09-19 17:43:17 - [TEST_STEP][PASSED] - Statement - rewardEarned = java.lang.Float.parseFloat(java.lang.String.format("%.2f", multiplier * subtotal - pointValueUsed)): null

2018-09-19 17:43:17 - [TEST_STEP][PASSED] - beautytap.ShopAction.globalSearch: beautytap.ShopAction.globalSearch is PASSED

2018-09-19 17:43:18 - [MESSAGE][PASSED] - Object: 'Object Repository/Page_General/icon_search' is clicked on

2018-09-19 17:43:23 - [MESSAGE][PASSED] - Delayed 5 second(s)

2018-09-19 17:43:23 - [MESSAGE][PASSED] - Text of object 'Object Repository/Page_General/txt_search' is cleared

2018-09-19 17:43:23 - [MESSAGE][PASSED] - Keys 'CONTROL + v' sent to object: 'Object Repository/Page_General/txt_search'

2018-09-19 17:43:24 - [MESSAGE][PASSED] - Object 'Object Repository/Page_General/div_searchResult' is present

2018-09-19 17:43:24 - [MESSAGE][PASSED] - beautytap.ShopAction.globalSearch is PASSED

2018-09-19 17:43:24 - [TEST_STEP][PASSED] - beautytap.ShopAction.selectProductOnSearchResult: beautytap.ShopAction.selectProductOnSearchResult is PASSED

2018-09-19 17:43:31 - [MESSAGE][PASSED] - Object: '' is clicked on

2018-09-19 17:43:31 - [MESSAGE][PASSED] - Wait for page load successfully

2018-09-19 17:43:31 - [MESSAGE][PASSED] - beautytap.ShopAction.selectProductOnSearchResult is PASSED

2018-09-19 17:43:31 - [TEST_STEP][PASSED] - beautytap.ShopAction.addProductToCart: beautytap.ShopAction.addProductToCart is PASSED

2018-09-19 17:43:32 - [MESSAGE][PASSED] - Text of object 'Object Repository/Page_Shop/txt_quantity' is cleared

2018-09-19 17:43:32 - [MESSAGE][PASSED] - Keys '3' sent to object: 'Object Repository/Page_Shop/txt_quantity'

2018-09-19 17:43:32 - [MESSAGE][PASSED] - Object: 'Object Repository/Page_Shop/btn_addToCart' is clicked on

2018-09-19 17:43:32 - [MESSAGE][PASSED] - Wait for page load successfully

2018-09-19 17:43:37 - [MESSAGE][PASSED] - Object 'Object Repository/Page_Shop/lbl_message' is present

2018-09-19 17:43:37 - [MESSAGE][PASSED] - beautytap.ShopAction.addProductToCart is PASSED

2018-09-19 17:43:37 - [TEST_STEP][PASSED] - beautytap.ShopAction.goToCart: beautytap.ShopAction.goToCart is PASSED

2018-09-19 17:43:42 - [MESSAGE][PASSED] - Object: 'Object Repository/Page_General/icon_cart' is clicked on

2018-09-19 17:43:42 - [MESSAGE][PASSED] - Wait for page load successfully

2018-09-19 17:43:42 - [MESSAGE][PASSED] - beautytap.ShopAction.goToCart is PASSED

2018-09-19 17:43:42 - [TEST_STEP][PASSED] - beautytap.ShopAction.processToCheckout: beautytap.ShopAction.processToCheckout is PASSED

2018-09-19 17:43:46 - [MESSAGE][PASSED] - Object: 'Object Repository/Page_Cart/btn_checkout' is clicked on

2018-09-19 17:43:46 - [MESSAGE][PASSED] - Wait for page load successfully

2018-09-19 17:43:46 - [MESSAGE][PASSED] - beautytap.ShopAction.processToCheckout is PASSED

2018-09-19 17:43:46 - [TEST_STEP][PASSED] - beautytap.ShopAction.applyLoyaltyRewardPoint: beautytap.ShopAction.applyLoyaltyRewardPoint is PASSED

2018-09-19 17:43:46 - [MESSAGE][PASSED] - Object: 'Object Repository/Page_Checkout/link_clickToRedeem' is clicked on

2018-09-19 17:43:47 - [MESSAGE][PASSED] - Object '' is checked

2018-09-19 17:43:47 - [MESSAGE][PASSED] - Object: 'Object Repository/Page_Checkout/btn_applyReward' is clicked on

2018-09-19 17:43:47 - [MESSAGE][PASSED] - Object '' is present

2018-09-19 17:43:47 - [MESSAGE][PASSED] - beautytap.ShopAction.applyLoyaltyRewardPoint is PASSED

2018-09-19 17:43:47 - [TEST_STEP][PASSED] - beautytap.ShopAction.fillCustomerInformation: beautytap.ShopAction.fillCustomerInformation is PASSED

2018-09-19 17:43:47 - [MESSAGE][PASSED] - Text of object 'Object Repository/Page_Checkout/txt_billingFirstName' is cleared

2018-09-19 17:43:48 - [MESSAGE][PASSED] - Keys 'Test' sent to object: 'Object Repository/Page_Checkout/txt_billingFirstName'

2018-09-19 17:43:48 - [MESSAGE][PASSED] - Text of object 'Object Repository/Page_Checkout/txt_billingLastName' is cleared

2018-09-19 17:43:48 - [MESSAGE][PASSED] - Keys 'Automation' sent to object: 'Object Repository/Page_Checkout/txt_billingLastName'

2018-09-19 17:43:48 - [MESSAGE][PASSED] - All options with label 'United States (US)' are selected in object 'Object Repository/Page_Checkout/drop_billingCountry' 

2018-09-19 17:43:53 - [MESSAGE][PASSED] - Delayed 5 second(s)

2018-09-19 17:43:53 - [MESSAGE][PASSED] - Text of object 'Object Repository/Page_Checkout/txt_billingAddress' is cleared

2018-09-19 17:43:54 - [MESSAGE][PASSED] - Keys '123 Testing' sent to object: 'Object Repository/Page_Checkout/txt_billingAddress'

2018-09-19 17:43:54 - [MESSAGE][PASSED] - Text of object 'Object Repository/Page_Checkout/txt_billingCity' is cleared

2018-09-19 17:43:54 - [MESSAGE][PASSED] - Keys 'New York' sent to object: 'Object Repository/Page_Checkout/txt_billingCity'

2018-09-19 17:43:55 - [MESSAGE][PASSED] - All options with label 'New York' are selected in object 'Object Repository/Page_Checkout/drop_billingState' 

2018-09-19 17:43:55 - [MESSAGE][PASSED] - Text of object 'Object Repository/Page_Checkout/txt_billingZip' is cleared

2018-09-19 17:43:55 - [MESSAGE][PASSED] - Keys '90012' sent to object: 'Object Repository/Page_Checkout/txt_billingZip'

2018-09-19 17:43:55 - [MESSAGE][PASSED] - Text of object 'Object Repository/Page_Checkout/txt_billingEmail' is cleared

2018-09-19 17:43:55 - [MESSAGE][PASSED] - Keys 'trang2408@mailinator.com' sent to object: 'Object Repository/Page_Checkout/txt_billingEmail'

2018-09-19 17:43:56 - [MESSAGE][PASSED] - Object 'Object Repository/Page_Checkout/chk_shipToDifferentAddress' is un-checked

2018-09-19 17:43:56 - [MESSAGE][PASSED] - Text of object 'Object Repository/Page_Checkout/txt_orderNote' is cleared

2018-09-19 17:43:56 - [MESSAGE][PASSED] - Keys 'TC08_checkout with reward' sent to object: 'Object Repository/Page_Checkout/txt_orderNote'

2018-09-19 17:43:56 - [MESSAGE][PASSED] - Object 'Object Repository/Page_Checkout/radio_creditCard' is checked

2018-09-19 17:44:01 - [MESSAGE][PASSED] - Delayed 5 second(s)

2018-09-19 17:44:01 - [MESSAGE][PASSED] - beautytap.ShopAction.fillCustomerInformation is PASSED

2018-09-19 17:44:01 - [TEST_STEP][PASSED] - beautytap.ShopAction.VerifyOrderDetailsOnCheckout: Keyword VerifyOrderDetailsOnCheckout is Passed

2018-09-19 17:44:01 - [MESSAGE][PASSED] - Object '' is present

2018-09-19 17:44:01 - [MESSAGE][PASSED] - Text of object '' is: '$95.40'

2018-09-19 17:44:01 - [MESSAGE][PASSED] - Text of object '' is: '60 points used'

2018-09-19 17:44:01 - [MESSAGE][PASSED] - Text of object '' is: '60 points used'

2018-09-19 17:44:01 - [MESSAGE][PASSED] - Text of object '' is: '$2.00'

2018-09-19 17:44:02 - [MESSAGE][PASSED] - Text of object '' is: 'Free shipping for orders over $60
Why does shipping take this long?'

2018-09-19 17:44:02 - [MESSAGE][PASSED] - Text of object '' is: '$93.40'

2018-09-19 17:44:02 - [MESSAGE][PASSED] - Keyword VerifyOrderDetailsOnCheckout is Passed

2018-09-19 17:44:02 - [TEST_STEP][PASSED] - beautytap.ShopAction.VerifyRewardEarned: Keyword VerifyRewardEarned is Passed

2018-09-19 17:44:02 - [MESSAGE][PASSED] - Text of object '' is: 'Status: Beauty Bae ( $93.4 x Rewards Multiplier )'

2018-09-19 17:44:02 - [MESSAGE][PASSED] - Text of object '' is: 'Status: Beauty Bae ( $93.4 x Rewards Multiplier )'

2018-09-19 17:44:02 - [MESSAGE][PASSED] - Text of object '' is: 'Status: Beauty Bae ( $93.4 x Rewards Multiplier )'

2018-09-19 17:44:02 - [MESSAGE][PASSED] - Text of object '' is: 'Multiplier: $93.4 x 1.1'

2018-09-19 17:44:02 - [MESSAGE][PASSED] - Text of object '' is: 'Multiplier: $93.4 x 1.1'

2018-09-19 17:44:02 - [MESSAGE][PASSED] - Text of object '' is: '102.7 Points!'

2018-09-19 17:44:02 - [MESSAGE][PASSED] - Text of object '' is: '102.7 Points!'

2018-09-19 17:44:02 - [MESSAGE][PASSED] - Text of object '' is: 'Multiplier: $93.4 x 1.1'

2018-09-19 17:44:02 - [MESSAGE][PASSED] - Text of object '' is: 'Multiplier: $93.4 x 1.1'

2018-09-19 17:44:02 - [MESSAGE][PASSED] - Text of object '' is: 'Multiplier: $93.4 x 1.1'

2018-09-19 17:44:02 - [MESSAGE][PASSED] - Keyword VerifyRewardEarned is Passed

2018-09-19 17:44:02 - [TEST_STEP][PASSED] - beautytap.ShopAction.checkoutViaCreditCard: beautytap.ShopAction.checkoutViaCreditCard is PASSED

2018-09-19 17:44:02 - [MESSAGE][PASSED] - Object 'Object Repository/Page_Checkout/radio_creditCard' is checked

2018-09-19 17:44:12 - [MESSAGE][PASSED] - Delayed 10 second(s)

2018-09-19 17:44:12 - [MESSAGE][PASSED] - Text of object 'Object Repository/Page_Checkout/txt_cardNumber' is cleared

2018-09-19 17:44:13 - [MESSAGE][PASSED] - Keys '4032036248443549' sent to object: 'Object Repository/Page_Checkout/txt_cardNumber'

2018-09-19 17:44:13 - [MESSAGE][PASSED] - All options with label 'Visa' are selected in object 'Object Repository/Page_Checkout/drop_cardType' 

2018-09-19 17:44:13 - [MESSAGE][PASSED] - All options with label '07' are selected in object 'Object Repository/Page_Checkout/drop_expirationMonth' 

2018-09-19 17:44:13 - [MESSAGE][PASSED] - All options with label '2023' are selected in object 'Object Repository/Page_Checkout/drop_expirationYear' 

2018-09-19 17:44:13 - [MESSAGE][PASSED] - Text of object 'Object Repository/Page_Checkout/txt_cardCVV' is cleared

2018-09-19 17:44:13 - [MESSAGE][PASSED] - Keys '123' sent to object: 'Object Repository/Page_Checkout/txt_cardCVV'

2018-09-19 17:44:13 - [MESSAGE][PASSED] - Object 'Object Repository/Page_Checkout/chk_terms' is checked

2018-09-19 17:44:14 - [MESSAGE][PASSED] - Object: 'Object Repository/Page_Checkout/btn_placeOrder' is clicked on

2018-09-19 17:44:29 - [MESSAGE][PASSED] - Object 'Object Repository/Page_Checkout/lbl_orderReceived' is present

2018-09-19 17:44:29 - [MESSAGE][PASSED] - beautytap.ShopAction.checkoutViaCreditCard is PASSED

2018-09-19 17:44:29 - [TEST_STEP][PASSED] - beautytap.ShopAction.VerifyOrderReceivedDetails: Keyword VerifyOrderReceivedDetails is Passed

2018-09-19 17:44:29 - [MESSAGE][PASSED] - Object '' is present

2018-09-19 17:44:29 - [MESSAGE][PASSED] - Text of object '' is: '$95.40'

2018-09-19 17:44:29 - [MESSAGE][PASSED] - Text of object '' is: '60 points used'

2018-09-19 17:44:29 - [MESSAGE][PASSED] - Text of object '' is: '60 points used'

2018-09-19 17:44:29 - [MESSAGE][PASSED] - Text of object '' is: '$2.00'

2018-09-19 17:44:29 - [MESSAGE][PASSED] - Text of object '' is: 'Free shipping for orders over $60'

2018-09-19 17:44:35 - [MESSAGE][WARNING] - com.kms.katalon.core.webui.exception.WebElementNotFoundException: Web element with id: '' located by 'By.xpath: //th[text()='Shipping:']/parent::tr/td/span' not found
[[ATTACHMENT|E:\\BeautytapAutomation\\beautytapAuto\\Beautytap\\Reports\\TS1\\20180919_173148\\1537353874946.png]]

2018-09-19 17:44:35 - [MESSAGE][PASSED] - Text of object '' is: 'Credit Card Payment'

2018-09-19 17:44:35 - [MESSAGE][PASSED] - Text of object '' is: '$93.40'

2018-09-19 17:44:35 - [MESSAGE][PASSED] - Keyword VerifyOrderReceivedDetails is Passed

2018-09-19 17:44:35 - [TEST_STEP][PASSED] - Statement - orderInfo = CustomKeywords.beautytap.ShopAction.getOrderInfoOnOrderReceived(): beautytap.ShopAction.getOrderInfoOnOrderReceived is PASSED

2018-09-19 17:44:35 - [MESSAGE][PASSED] - Text of object '' is: '136575'

2018-09-19 17:44:35 - [MESSAGE][PASSED] - Text of object '' is: 'September 19, 2018'

2018-09-19 17:44:35 - [MESSAGE][PASSED] - beautytap.ShopAction.getOrderInfoOnOrderReceived is PASSED

2018-09-19 17:44:35 - [TEST_STEP][PASSED] - Statement - orderNumber = orderInfo.get("ordernumber"): null

2018-09-19 17:44:35 - [TEST_STEP][PASSED] - beautytap.ShopAction.VerifyRewardEarned: Keyword VerifyRewardEarned is Passed

2018-09-19 17:44:35 - [MESSAGE][PASSED] - Text of object '' is: 'Status: Beauty Bae ( $93.40 x Rewards Multiplier )'

2018-09-19 17:44:35 - [MESSAGE][PASSED] - Text of object '' is: 'Status: Beauty Bae ( $93.40 x Rewards Multiplier )'

2018-09-19 17:44:35 - [MESSAGE][PASSED] - Text of object '' is: 'Status: Beauty Bae ( $93.40 x Rewards Multiplier )'

2018-09-19 17:44:35 - [MESSAGE][PASSED] - Text of object '' is: 'Multiplier: $93.40 x 1.1'

2018-09-19 17:44:35 - [MESSAGE][PASSED] - Text of object '' is: 'Multiplier: $93.40 x 1.1'

2018-09-19 17:44:35 - [MESSAGE][PASSED] - Text of object '' is: '102.7 Points!'

2018-09-19 17:44:35 - [MESSAGE][PASSED] - Text of object '' is: '102.7 Points!'

2018-09-19 17:44:35 - [MESSAGE][PASSED] - Text of object '' is: 'Multiplier: $93.40 x 1.1'

2018-09-19 17:44:35 - [MESSAGE][PASSED] - Text of object '' is: 'Multiplier: $93.40 x 1.1'

2018-09-19 17:44:35 - [MESSAGE][PASSED] - Text of object '' is: 'Multiplier: $93.40 x 1.1'

2018-09-19 17:44:35 - [MESSAGE][PASSED] - Keyword VerifyRewardEarned is Passed

2018-09-19 17:44:35 - [TEST_STEP][PASSED] - beautytap.GeneralAction.selectProfileMenu: beautytap.GeneralAction.selectProfileMenu is PASSED

2018-09-19 17:44:36 - [MESSAGE][PASSED] - Object: 'Object Repository/Page_General/link_avatar' is clicked on

2018-09-19 17:44:38 - [MESSAGE][PASSED] - Delayed 2 second(s)

2018-09-19 17:44:41 - [MESSAGE][PASSED] - Object: '' is clicked on

2018-09-19 17:44:41 - [MESSAGE][PASSED] - Wait for page load successfully

2018-09-19 17:44:41 - [MESSAGE][PASSED] - beautytap.GeneralAction.selectProfileMenu is PASSED

2018-09-19 17:44:41 - [TEST_STEP][PASSED] - Statement - newPending = java.lang.Float.parseFloat(java.lang.String.format("%.2f", pending + rewardEarned)): null

2018-09-19 17:44:41 - [TEST_STEP][PASSED] - Statement - newRedeemable = java.lang.Float.parseFloat(java.lang.String.format("%.2f", redeemable - pointUsed)): null

2018-09-19 17:44:41 - [TEST_STEP][PASSED] - Statement - newPointValue = CustomKeywords.beautytap.ShopAction.calculateLoyaltyPointValue(newRedeemable): beautytap.ShopAction.calculateLoyaltyPointValue is PASSED

2018-09-19 17:44:41 - [MESSAGE][PASSED] - beautytap.ShopAction.calculateLoyaltyPointValue is PASSED

2018-09-19 17:44:41 - [TEST_STEP][PASSED] - beautytap.ShopAction.VerifyRewardPointsDetails: Keyword VerifyRewardPoints is Passed

2018-09-19 17:44:41 - [MESSAGE][PASSED] - Text of object '' is: '3414.63'

2018-09-19 17:44:41 - [MESSAGE][PASSED] - Text of object '' is: '2637.68'

2018-09-19 17:44:41 - [MESSAGE][PASSED] - Text of object '' is: '1524.63'

2018-09-19 17:44:41 - [MESSAGE][PASSED] - Text of object '' is: '$75.00'

2018-09-19 17:44:41 - [MESSAGE][PASSED] - Keyword VerifyRewardPoints is Passed

2018-09-19 17:44:41 - [TEST_STEP][PASSED] - beautytap.ShopAction.VerifyRewardHistory: Keyword VerifyRewardHistory is Passed

2018-09-19 17:44:41 - [MESSAGE][PASSED] - Object '' is present

2018-09-19 17:44:41 - [MESSAGE][PASSED] - Text of object '' is: '60'

2018-09-19 17:44:41 - [MESSAGE][PASSED] - Text of object '' is: '60'

2018-09-19 17:44:41 - [MESSAGE][PASSED] - Text of object '' is: '$93.40'

2018-09-19 17:44:41 - [MESSAGE][PASSED] - Text of object '' is: '1.1'

2018-09-19 17:44:41 - [MESSAGE][PASSED] - Text of object '' is: '-60.00'

2018-09-19 17:44:42 - [MESSAGE][PASSED] - Text of object '' is: '1524.63'

2018-09-19 17:44:42 - [MESSAGE][PASSED] - Keyword VerifyRewardHistory is Passed

2018-09-19 17:44:42 - [TEST_STEP][PASSED] - beautytap.ShopAction.VerifyRewardHistory: Keyword VerifyRewardHistory is Passed

2018-09-19 17:44:42 - [MESSAGE][PASSED] - Object '' is present

2018-09-19 17:44:42 - [MESSAGE][PASSED] - Text of object '' is: '60'

2018-09-19 17:44:42 - [MESSAGE][PASSED] - Text of object '' is: '60'

2018-09-19 17:44:42 - [MESSAGE][PASSED] - Text of object '' is: '$93.40'

2018-09-19 17:44:42 - [MESSAGE][PASSED] - Text of object '' is: '1.1'

2018-09-19 17:44:42 - [MESSAGE][PASSED] - Text of object '' is: '0.00'

2018-09-19 17:44:42 - [MESSAGE][PASSED] - Text of object '' is: '1524.63'

2018-09-19 17:44:42 - [MESSAGE][PASSED] - Keyword VerifyRewardHistory is Passed

2018-09-19 17:44:42 - [TEST_STEP][PASSED] - beautytap.GeneralAction.logout: beautytap.GeneralAction.logout is PASSED

2018-09-19 17:44:42 - [MESSAGE][PASSED] - Object: 'Object Repository/Page_General/link_avatar' is clicked on

2018-09-19 17:44:42 - [MESSAGE][PASSED] - Object 'Object Repository/Page_General/menu_logout' is present

2018-09-19 17:44:43 - [MESSAGE][PASSED] - Object: 'Object Repository/Page_General/menu_logout' is clicked on

2018-09-19 17:44:43 - [MESSAGE][PASSED] - Wait for page load successfully

2018-09-19 17:44:43 - [MESSAGE][PASSED] - beautytap.GeneralAction.logout is PASSED

2018-09-19 17:44:43 - [TEST_STEP][PASSED] - beautytap.GeneralAction.clickNavigationMenu: beautytap.GeneralAction.clickNavigationMenu is PASSED

2018-09-19 17:44:49 - [MESSAGE][PASSED] - Object: 'Object Repository/Page_General/link_login' is clicked on

2018-09-19 17:44:49 - [MESSAGE][PASSED] - Wait for page load successfully

2018-09-19 17:44:49 - [MESSAGE][PASSED] - beautytap.GeneralAction.clickNavigationMenu is PASSED

2018-09-19 17:44:49 - [TEST_STEP][PASSED] - beautytap.GeneralAction.login: beautytap.GeneralAction.login is PASSED

2018-09-19 17:44:50 - [MESSAGE][PASSED] - Text of object 'Object Repository/Page_login/txt_username' is cleared

2018-09-19 17:44:50 - [MESSAGE][PASSED] - Keys 'mrwhite' sent to object: 'Object Repository/Page_login/txt_username'

2018-09-19 17:44:50 - [MESSAGE][PASSED] - Text of object 'Object Repository/Page_login/txt_password' is cleared

2018-09-19 17:44:50 - [MESSAGE][PASSED] - Keys 'kgySM$Im' sent to object: 'Object Repository/Page_login/txt_password'

2018-09-19 17:44:50 - [MESSAGE][PASSED] - Object: 'Object Repository/Page_login/btn_login' is clicked on

2018-09-19 17:44:50 - [MESSAGE][PASSED] - Wait for page load successfully

2018-09-19 17:44:50 - [MESSAGE][PASSED] - beautytap.GeneralAction.login is PASSED

2018-09-19 17:44:50 - [TEST_STEP][PASSED] - navigateToUrl: Navigate to 'https://stage.beautytap.com/admin' successfully

2018-09-19 17:44:58 - [MESSAGE][PASSED] - Navigate to 'https://stage.beautytap.com/admin' successfully

2018-09-19 17:44:58 - [TEST_STEP][PASSED] - beautytap.AdminAction.changeOrderStatus: beautytap.AdminAction.changeOrderStatus is PASSED

2018-09-19 17:45:05 - [MESSAGE][PASSED] - Object: '' is clicked on

2018-09-19 17:45:06 - [MESSAGE][PASSED] - Wait for page load successfully

2018-09-19 17:45:11 - [MESSAGE][PASSED] - Object: '' is clicked on

2018-09-19 17:45:11 - [MESSAGE][PASSED] - Wait for page load successfully

2018-09-19 17:45:11 - [MESSAGE][PASSED] - Text of object 'Object Repository/Page_Admin/txt_searchOrder' is cleared

2018-09-19 17:45:11 - [MESSAGE][PASSED] - Keys '136575' sent to object: 'Object Repository/Page_Admin/txt_searchOrder'

2018-09-19 17:45:14 - [MESSAGE][PASSED] - Object: 'Object Repository/Page_Admin/btn_searchOrder' is clicked on

2018-09-19 17:45:14 - [MESSAGE][PASSED] - Wait for page load successfully

2018-09-19 17:45:23 - [MESSAGE][PASSED] - Object: '' is clicked on

2018-09-19 17:45:23 - [MESSAGE][PASSED] - Wait for page load successfully

2018-09-19 17:45:23 - [MESSAGE][PASSED] - All options with label 'Completed' are selected in object 'Object Repository/Page_Admin/drop_orderStatus' 

2018-09-19 17:45:23 - [MESSAGE][PASSED] - Object: 'Object Repository/Page_Admin/btn_saveOrder' is clicked on

2018-09-19 17:45:34 - [MESSAGE][PASSED] - Object 'Object Repository/Page_Admin/lbl_orderUpdatedMessage' is present

2018-09-19 17:45:34 - [MESSAGE][PASSED] - beautytap.AdminAction.changeOrderStatus is PASSED

2018-09-19 17:45:34 - [TEST_STEP][PASSED] - closeBrowser: Browser is closed

2018-09-19 17:45:35 - [MESSAGE][PASSED] - Browser is closed

2018-09-19 17:45:35 - [TEST_STEP][PASSED] - beautytap.GeneralAction.openBeautytap: beautytap.GeneralAction.openBeautytap is PASSED

2018-09-19 17:46:04 - [MESSAGE][PASSED] - Browser is opened with url: 'https://stage.beautytap.com'

2018-09-19 17:46:05 - [MESSAGE][PASSED] - Current window maximized

2018-09-19 17:46:09 - [MESSAGE][PASSED] - Refresh successfully

2018-09-19 17:46:09 - [MESSAGE][PASSED] - Wait for page load successfully

2018-09-19 17:46:09 - [MESSAGE][PASSED] - beautytap.GeneralAction.openBeautytap is PASSED

2018-09-19 17:46:09 - [TEST_STEP][PASSED] - beautytap.GeneralAction.clickNavigationMenu: beautytap.GeneralAction.clickNavigationMenu is PASSED

2018-09-19 17:46:11 - [MESSAGE][PASSED] - Object: 'Object Repository/Page_General/link_login' is clicked on

2018-09-19 17:46:11 - [MESSAGE][PASSED] - Wait for page load successfully

2018-09-19 17:46:11 - [MESSAGE][PASSED] - beautytap.GeneralAction.clickNavigationMenu is PASSED

2018-09-19 17:46:11 - [TEST_STEP][PASSED] - beautytap.GeneralAction.login: beautytap.GeneralAction.login is PASSED

2018-09-19 17:46:11 - [MESSAGE][PASSED] - Text of object 'Object Repository/Page_login/txt_username' is cleared

2018-09-19 17:46:12 - [MESSAGE][PASSED] - Keys 'trang2408@mailinator.com' sent to object: 'Object Repository/Page_login/txt_username'

2018-09-19 17:46:12 - [MESSAGE][PASSED] - Text of object 'Object Repository/Page_login/txt_password' is cleared

2018-09-19 17:46:12 - [MESSAGE][PASSED] - Keys '123456' sent to object: 'Object Repository/Page_login/txt_password'

2018-09-19 17:46:12 - [MESSAGE][PASSED] - Object: 'Object Repository/Page_login/btn_login' is clicked on

2018-09-19 17:46:12 - [MESSAGE][PASSED] - Wait for page load successfully

2018-09-19 17:46:12 - [MESSAGE][PASSED] - beautytap.GeneralAction.login is PASSED

2018-09-19 17:46:12 - [TEST_STEP][PASSED] - beautytap.GeneralAction.selectProfileMenu: beautytap.GeneralAction.selectProfileMenu is PASSED

2018-09-19 17:46:21 - [MESSAGE][PASSED] - Object: 'Object Repository/Page_General/link_avatar' is clicked on

2018-09-19 17:46:23 - [MESSAGE][PASSED] - Delayed 2 second(s)

2018-09-19 17:46:26 - [MESSAGE][PASSED] - Object: '' is clicked on

2018-09-19 17:46:26 - [MESSAGE][PASSED] - Wait for page load successfully

2018-09-19 17:46:26 - [MESSAGE][PASSED] - beautytap.GeneralAction.selectProfileMenu is PASSED

2018-09-19 17:46:26 - [TEST_STEP][PASSED] - Statement - newLifetime = java.lang.Float.parseFloat(java.lang.String.format("%.2f", lifetime + rewardEarned)): null

2018-09-19 17:46:26 - [TEST_STEP][PASSED] - Statement - newRedeemable = java.lang.Float.parseFloat(java.lang.String.format("%.2f", newRedeemable + rewardEarned)): null

2018-09-19 17:46:26 - [TEST_STEP][PASSED] - Statement - newPointValue = CustomKeywords.beautytap.ShopAction.calculateLoyaltyPointValue(newRedeemable): beautytap.ShopAction.calculateLoyaltyPointValue is PASSED

2018-09-19 17:46:26 - [MESSAGE][PASSED] - beautytap.ShopAction.calculateLoyaltyPointValue is PASSED

2018-09-19 17:46:26 - [TEST_STEP][PASSED] - beautytap.ShopAction.VerifyRewardPointsDetails: Keyword VerifyRewardPoints is Passed

2018-09-19 17:46:26 - [MESSAGE][PASSED] - Text of object '' is: '3517.37'

2018-09-19 17:46:26 - [MESSAGE][PASSED] - Text of object '' is: '2534.94'

2018-09-19 17:46:26 - [MESSAGE][PASSED] - Text of object '' is: '1627.37'

2018-09-19 17:46:27 - [MESSAGE][PASSED] - Text of object '' is: '$79.00'

2018-09-19 17:46:27 - [MESSAGE][PASSED] - Keyword VerifyRewardPoints is Passed

2018-09-19 17:46:27 - [TEST_STEP][PASSED] - beautytap.ShopAction.VerifyRewardHistory: Keyword VerifyRewardHistory is Passed

2018-09-19 17:46:27 - [MESSAGE][PASSED] - Object '' is present

2018-09-19 17:46:27 - [MESSAGE][PASSED] - Text of object '' is: '60'

2018-09-19 17:46:27 - [MESSAGE][PASSED] - Text of object '' is: '60'

2018-09-19 17:46:27 - [MESSAGE][PASSED] - Text of object '' is: '$93.40'

2018-09-19 17:46:27 - [MESSAGE][PASSED] - Text of object '' is: '1.1'

2018-09-19 17:46:27 - [MESSAGE][PASSED] - Text of object '' is: '102.74'

2018-09-19 17:46:27 - [MESSAGE][PASSED] - Text of object '' is: '1627.37'

2018-09-19 17:46:27 - [MESSAGE][PASSED] - Keyword VerifyRewardHistory is Passed

2018-09-19 17:46:27 - [TEST_STEP][PASSED] - beautytap.GeneralAction.logout: beautytap.GeneralAction.logout is PASSED

2018-09-19 17:46:27 - [MESSAGE][PASSED] - Object: 'Object Repository/Page_General/link_avatar' is clicked on

2018-09-19 17:46:27 - [MESSAGE][PASSED] - Object 'Object Repository/Page_General/menu_logout' is present

2018-09-19 17:46:27 - [MESSAGE][PASSED] - Object: 'Object Repository/Page_General/menu_logout' is clicked on

2018-09-19 17:46:28 - [MESSAGE][PASSED] - Wait for page load successfully

2018-09-19 17:46:28 - [MESSAGE][PASSED] - Browser is closed

2018-09-19 17:46:28 - [MESSAGE][PASSED] - beautytap.GeneralAction.logout is PASSED]]></system-out>
         <system-err><![CDATA[]]></system-err>
      </testcase>
      <system-out><![CDATA[2018-09-19 17:31:50 - [TEST_SUITE][FAILED] - TS1: Test Cases/Shop/TC07_BuyProduct_EarnPendingPoint_EarnRedeemablePoint FAILED because (of) Keyword VerifyOrderDetailsOnCheckout is Failed]]></system-out>
      <system-err><![CDATA[2018-09-19 17:31:50 - [TEST_SUITE][FAILED] - TS1: Test Cases/Shop/TC07_BuyProduct_EarnPendingPoint_EarnRedeemablePoint FAILED because (of) Keyword VerifyOrderDetailsOnCheckout is Failed]]></system-err>
   </testsuite>
</testsuites>
