<?xml version="1.0" encoding="UTF-8"?>
<testsuites name="TS1" time="879" tests="1" failures="2" errors="0">
   <testsuite name="TS1" tests="1" failures="2" errors="0" time="879" timestamp="2018-09-19 18:59:53" hostname="Trang Nguyen - DESKTOP-G1UHP65" id="Test Suites/TS1">
      <properties>
         <property name="deviceName" value=""/>
         <property name="devicePlatform" value=""/>
         <property name="logFolder" value="E:\\BeautytapAutomation\\beautytapAuto\\Beautytap\\Reports\\TS1\\20180919_185950"/>
         <property name="logFiles" value="E:\\BeautytapAutomation\\beautytapAuto\\Beautytap\\Reports\\TS1\\20180919_185950\\execution0.log"/>
         <property name="attachments" value="E:\\BeautytapAutomation\\beautytapAuto\\Beautytap\\Reports\\TS1\\20180919_185950\\1537358789271.png, E:\\BeautytapAutomation\\beautytapAuto\\Beautytap\\Reports\\TS1\\20180919_185950\\1537358883490.png, E:\\BeautytapAutomation\\beautytapAuto\\Beautytap\\Reports\\TS1\\20180919_185950\\1537358889034.png, E:\\BeautytapAutomation\\beautytapAuto\\Beautytap\\Reports\\TS1\\20180919_185950\\1537358970688.png, E:\\BeautytapAutomation\\beautytapAuto\\Beautytap\\Reports\\TS1\\20180919_185950\\1537359172761.png"/>
         <property name="hostName" value="Trang Nguyen - DESKTOP-G1UHP65"/>
         <property name="os" value="Windows 10 64bit"/>
         <property name="katalonVersion" value="5.5.0.1"/>
         <property name="browser" value="Chrome 69.0.3497.100"/>
         <property name="hostAddress" value="10.0.0.86"/>
         <property name="sessionId" value="84176fc5ac5aacc51bd322aa1e67efbc"/>
         <property name="seleniumVersion" value="3.7.1"/>
         <property name="proxyInformation" value="ProxyInformation{proxyOption=NO_PROXY, proxyServerType=HTTP, password=, proxyServerAddress=, proxyServerPort=0}"/>
         <property name="platform" value="Windows 10"/>
      </properties>
      <testcase name="Test Cases/SignUp_Login_ResetPass/TC02_SignUp_Login_ViaFacebookEmail_NewUser_OldUser" classname="Test Cases/SignUp_Login_ResetPass/TC02_SignUp_Login_ViaFacebookEmail_NewUser_OldUser" status="PASSED">
         <system-out><![CDATA[2018-09-19 18:59:53 - [TEST_CASE][PASSED] - Test Cases/SignUp_Login_ResetPass/TC02_SignUp_Login_ViaFacebookEmail_NewUser_OldUser: Test Cases/SignUp_Login_ResetPass/TC02_SignUp_Login_ViaFacebookEmail_NewUser_OldUser

2018-09-19 18:59:54 - [TEST_STEP][PASSED] - beautytap.AdminAction.deleteUser: beautytap.AdminAction.deleteUser is PASSED

2018-09-19 19:00:05 - [MESSAGE][PASSED] - Browser is opened with url: 'https://stage.beautytap.com/login'

2018-09-19 19:00:06 - [MESSAGE][PASSED] - Current window maximized

2018-09-19 19:00:07 - [MESSAGE][PASSED] - Text of object 'Object Repository/Page_login/txt_username' is cleared

2018-09-19 19:00:07 - [MESSAGE][PASSED] - Keys 'mrwhite' sent to object: 'Object Repository/Page_login/txt_username'

2018-09-19 19:00:07 - [MESSAGE][PASSED] - Text of object 'Object Repository/Page_login/txt_password' is cleared

2018-09-19 19:00:08 - [MESSAGE][PASSED] - Keys 'kgySM$Im' sent to object: 'Object Repository/Page_login/txt_password'

2018-09-19 19:00:08 - [MESSAGE][PASSED] - Object: 'Object Repository/Page_login/btn_login' is clicked on

2018-09-19 19:00:08 - [MESSAGE][PASSED] - Wait for page load successfully

2018-09-19 19:00:08 - [MESSAGE][PASSED] - Wait for page load successfully

2018-09-19 19:00:15 - [MESSAGE][PASSED] - Navigate to 'https://stage.beautytap.com/admin' successfully

2018-09-19 19:00:15 - [MESSAGE][PASSED] - Wait for page load successfully

2018-09-19 19:00:22 - [MESSAGE][PASSED] - Object: 'Object Repository/Page_Admin/menu_users' is clicked on

2018-09-19 19:00:22 - [MESSAGE][PASSED] - Wait for page load successfully

2018-09-19 19:00:22 - [MESSAGE][PASSED] - Text of object 'Object Repository/Page_Admin/txt_searchUser' is cleared

2018-09-19 19:00:23 - [MESSAGE][PASSED] - Keys 'g5.posiba@gmail.com' sent to object: 'Object Repository/Page_Admin/txt_searchUser'

2018-09-19 19:00:26 - [MESSAGE][PASSED] - Object: 'Object Repository/Page_Admin/btn_searchUser' is clicked on

2018-09-19 19:00:26 - [MESSAGE][PASSED] - Wait for page load successfully

2018-09-19 19:00:26 - [MESSAGE][PASSED] - Text of object '' is: 'g5.posiba@gmail.com'

2018-09-19 19:00:26 - [MESSAGE][PASSED] - Attribute 'id' of object '' is: 'user-64400'

2018-09-19 19:00:26 - [MESSAGE][PASSED] - Object: '' is hovered

2018-09-19 19:00:31 - [MESSAGE][PASSED] - Delayed 5 second(s)

2018-09-19 19:00:31 - [MESSAGE][PASSED] - Object: '' is clicked on

2018-09-19 19:00:31 - [MESSAGE][PASSED] - Alert accepted

2018-09-19 19:00:33 - [MESSAGE][PASSED] - Wait for page load successfully

2018-09-19 19:00:38 - [MESSAGE][PASSED] - Object: 'Object Repository/Page_Admin/btn_confirmDeleteUser' is clicked on

2018-09-19 19:00:38 - [MESSAGE][PASSED] - Wait for page load successfully

2018-09-19 19:00:39 - [MESSAGE][PASSED] - Browser is closed

2018-09-19 19:00:39 - [MESSAGE][PASSED] - beautytap.AdminAction.deleteUser is PASSED

2018-09-19 19:00:39 - [TEST_STEP][PASSED] - beautytap.GeneralAction.openBeautytap: beautytap.GeneralAction.openBeautytap is PASSED

2018-09-19 19:00:53 - [MESSAGE][PASSED] - Browser is opened with url: 'https://stage.beautytap.com'

2018-09-19 19:00:54 - [MESSAGE][PASSED] - Current window maximized

2018-09-19 19:00:58 - [MESSAGE][PASSED] - Refresh successfully

2018-09-19 19:00:58 - [MESSAGE][PASSED] - Wait for page load successfully

2018-09-19 19:00:58 - [MESSAGE][PASSED] - beautytap.GeneralAction.openBeautytap is PASSED

2018-09-19 19:00:58 - [TEST_STEP][PASSED] - beautytap.GeneralAction.clickNavigationMenu: beautytap.GeneralAction.clickNavigationMenu is PASSED

2018-09-19 19:01:01 - [MESSAGE][PASSED] - Object: 'Object Repository/Page_General/link_signup' is clicked on

2018-09-19 19:01:01 - [MESSAGE][PASSED] - Wait for page load successfully

2018-09-19 19:01:01 - [MESSAGE][PASSED] - beautytap.GeneralAction.clickNavigationMenu is PASSED

2018-09-19 19:01:01 - [TEST_STEP][PASSED] - beautytap.GeneralAction.signupViaFacebook: beautytap.GeneralAction.signupViaFacebook is PASSED

2018-09-19 19:01:01 - [MESSAGE][PASSED] - Object: 'Object Repository/Page_Signup/btn_signupFB' is clicked on

2018-09-19 19:01:01 - [MESSAGE][PASSED] - Switched to window with index: '1'

2018-09-19 19:01:03 - [MESSAGE][PASSED] - Keys 'g5.posiba@gmail.com' sent to object: 'Object Repository/Popup_FacebookLogin/txt_email'

2018-09-19 19:01:03 - [MESSAGE][PASSED] - Keys 'posiba123' sent to object: 'Object Repository/Popup_FacebookLogin/txt_password'

2018-09-19 19:01:05 - [MESSAGE][PASSED] - Object: 'Object Repository/Popup_FacebookLogin/btn_login' is clicked on

2018-09-19 19:01:07 - [MESSAGE][WARNING] - Cannot take screenshot

2018-09-19 19:01:07 - [MESSAGE][FAILED] - Unable to get text of object 'Object Repository/Popup_FacebookLogin/btn_confirmPermission' (Root cause: org.openqa.selenium.NoSuchWindowException: no such window: window was already closed
  (Session info: chrome=69.0.3497.100)
  (Driver info: chromedriver=2.35.528161 (5b82f2d2aae0ca24b877009200ced9065a772e73),platform=Windows NT 10.0.17134 x86_64) (WARNING: The server did not provide any stacktrace information)
Command duration or timeout: 0 milliseconds
Build info: version: '3.7.1', revision: '8a0099a', time: '2017-11-06T21:07:36.161Z'
System info: host: 'DESKTOP-G1UHP65', ip: '10.0.0.86', os.name: 'Windows 10', os.arch: 'amd64', os.version: '10.0', java.version: '1.8.0_102'
Driver info: com.kms.katalon.selenium.driver.CChromeDriver
Capabilities {acceptInsecureCerts: false, acceptSslCerts: false, applicationCacheEnabled: false, browserConnectionEnabled: false, browserName: chrome, chrome: {chromedriverVersion: 2.35.528161 (5b82f2d2aae0ca..., userDataDir: C:\Users\TRANGN~1\AppData\L...}, cssSelectorsEnabled: true, databaseEnabled: false, handlesAlerts: true, hasTouchScreen: false, javascriptEnabled: true, locationContextEnabled: true, mobileEmulationEnabled: false, nativeEvents: true, networkConnectionEnabled: false, pageLoadStrategy: normal, platform: XP, platformName: XP, rotatable: false, setWindowRect: true, takesHeapSnapshot: true, takesScreenshot: true, unexpectedAlertBehaviour: , unhandledPromptBehavior: , version: 69.0.3497.100, webStorageEnabled: true}
Session ID: e3a773a5ef3b812362b9b09960eb7823
*** Element info: {Using=xpath, value=//button[contains(@class,'layerConfirm') and contains(@name,'CONFIRM')]})

2018-09-19 19:01:07 - [MESSAGE][PASSED] - Switched to window with index: '0'

2018-09-19 19:01:22 - [MESSAGE][PASSED] - Delayed 15 second(s)

2018-09-19 19:01:29 - [MESSAGE][PASSED] - Wait for page load successfully

2018-09-19 19:01:29 - [MESSAGE][PASSED] - beautytap.GeneralAction.signupViaFacebook is PASSED

2018-09-19 19:01:29 - [TEST_STEP][PASSED] - verifyElementPresent: Object 'Object Repository/Page_General/link_avatar' is present

2018-09-19 19:01:29 - [MESSAGE][PASSED] - Object 'Object Repository/Page_General/link_avatar' is present

2018-09-19 19:01:29 - [TEST_STEP][PASSED] - beautytap.GeneralAction.logout: beautytap.GeneralAction.logout is PASSED

2018-09-19 19:01:29 - [MESSAGE][PASSED] - Object: 'Object Repository/Page_General/link_avatar' is clicked on

2018-09-19 19:01:29 - [MESSAGE][PASSED] - Object 'Object Repository/Page_General/menu_logout' is present

2018-09-19 19:01:29 - [MESSAGE][PASSED] - Object: 'Object Repository/Page_General/menu_logout' is clicked on

2018-09-19 19:01:29 - [MESSAGE][PASSED] - Wait for page load successfully

2018-09-19 19:01:30 - [MESSAGE][PASSED] - Browser is closed

2018-09-19 19:01:30 - [MESSAGE][PASSED] - beautytap.GeneralAction.logout is PASSED

2018-09-19 19:01:30 - [TEST_STEP][PASSED] - beautytap.AdminAction.deleteUser: beautytap.AdminAction.deleteUser is PASSED

2018-09-19 19:01:37 - [MESSAGE][PASSED] - Browser is opened with url: 'https://stage.beautytap.com/login'

2018-09-19 19:01:38 - [MESSAGE][PASSED] - Current window maximized

2018-09-19 19:01:39 - [MESSAGE][PASSED] - Text of object 'Object Repository/Page_login/txt_username' is cleared

2018-09-19 19:01:39 - [MESSAGE][PASSED] - Keys 'mrwhite' sent to object: 'Object Repository/Page_login/txt_username'

2018-09-19 19:01:39 - [MESSAGE][PASSED] - Text of object 'Object Repository/Page_login/txt_password' is cleared

2018-09-19 19:01:39 - [MESSAGE][PASSED] - Keys 'kgySM$Im' sent to object: 'Object Repository/Page_login/txt_password'

2018-09-19 19:01:39 - [MESSAGE][PASSED] - Object: 'Object Repository/Page_login/btn_login' is clicked on

2018-09-19 19:01:39 - [MESSAGE][PASSED] - Wait for page load successfully

2018-09-19 19:01:40 - [MESSAGE][PASSED] - Wait for page load successfully

2018-09-19 19:01:47 - [MESSAGE][PASSED] - Navigate to 'https://stage.beautytap.com/admin' successfully

2018-09-19 19:01:47 - [MESSAGE][PASSED] - Wait for page load successfully

2018-09-19 19:01:53 - [MESSAGE][PASSED] - Object: 'Object Repository/Page_Admin/menu_users' is clicked on

2018-09-19 19:01:53 - [MESSAGE][PASSED] - Wait for page load successfully

2018-09-19 19:01:53 - [MESSAGE][PASSED] - Text of object 'Object Repository/Page_Admin/txt_searchUser' is cleared

2018-09-19 19:01:54 - [MESSAGE][PASSED] - Keys 'g5.posiba@gmail.com' sent to object: 'Object Repository/Page_Admin/txt_searchUser'

2018-09-19 19:01:57 - [MESSAGE][PASSED] - Object: 'Object Repository/Page_Admin/btn_searchUser' is clicked on

2018-09-19 19:01:57 - [MESSAGE][PASSED] - Wait for page load successfully

2018-09-19 19:01:57 - [MESSAGE][PASSED] - Text of object '' is: 'g5.posiba@gmail.com'

2018-09-19 19:01:57 - [MESSAGE][PASSED] - Attribute 'id' of object '' is: 'user-64401'

2018-09-19 19:01:57 - [MESSAGE][PASSED] - Object: '' is hovered

2018-09-19 19:02:02 - [MESSAGE][PASSED] - Delayed 5 second(s)

2018-09-19 19:02:02 - [MESSAGE][PASSED] - Object: '' is clicked on

2018-09-19 19:02:02 - [MESSAGE][PASSED] - Alert accepted

2018-09-19 19:02:03 - [MESSAGE][PASSED] - Wait for page load successfully

2018-09-19 19:02:09 - [MESSAGE][PASSED] - Object: 'Object Repository/Page_Admin/btn_confirmDeleteUser' is clicked on

2018-09-19 19:02:09 - [MESSAGE][PASSED] - Wait for page load successfully

2018-09-19 19:02:10 - [MESSAGE][PASSED] - Browser is closed

2018-09-19 19:02:10 - [MESSAGE][PASSED] - beautytap.AdminAction.deleteUser is PASSED

2018-09-19 19:02:10 - [TEST_STEP][PASSED] - beautytap.GeneralAction.openBeautytap: beautytap.GeneralAction.openBeautytap is PASSED

2018-09-19 19:02:25 - [MESSAGE][PASSED] - Browser is opened with url: 'https://stage.beautytap.com'

2018-09-19 19:02:26 - [MESSAGE][PASSED] - Current window maximized

2018-09-19 19:02:29 - [MESSAGE][PASSED] - Refresh successfully

2018-09-19 19:02:29 - [MESSAGE][PASSED] - Wait for page load successfully

2018-09-19 19:02:29 - [MESSAGE][PASSED] - beautytap.GeneralAction.openBeautytap is PASSED

2018-09-19 19:02:29 - [TEST_STEP][PASSED] - beautytap.GeneralAction.clickNavigationMenu: beautytap.GeneralAction.clickNavigationMenu is PASSED

2018-09-19 19:02:33 - [MESSAGE][PASSED] - Object: 'Object Repository/Page_General/link_login' is clicked on

2018-09-19 19:02:33 - [MESSAGE][PASSED] - Wait for page load successfully

2018-09-19 19:02:33 - [MESSAGE][PASSED] - beautytap.GeneralAction.clickNavigationMenu is PASSED

2018-09-19 19:02:33 - [TEST_STEP][PASSED] - beautytap.GeneralAction.login: beautytap.GeneralAction.login is PASSED

2018-09-19 19:02:33 - [MESSAGE][PASSED] - Object: 'Object Repository/Page_Login/btn_loginFB' is clicked on

2018-09-19 19:02:33 - [MESSAGE][PASSED] - Switched to window with index: '1'

2018-09-19 19:02:35 - [MESSAGE][PASSED] - Object 'Object Repository/Popup_FacebookLogin/txt_email' is visible

2018-09-19 19:02:35 - [MESSAGE][PASSED] - Keys 'g5.posiba@gmail.com' sent to object: 'Object Repository/Popup_FacebookLogin/txt_email'

2018-09-19 19:02:36 - [MESSAGE][PASSED] - Keys 'posiba123' sent to object: 'Object Repository/Popup_FacebookLogin/txt_password'

2018-09-19 19:02:37 - [MESSAGE][PASSED] - Object: 'Object Repository/Popup_FacebookLogin/btn_login' is clicked on

2018-09-19 19:02:37 - [MESSAGE][PASSED] - Switched to window with index: '0'

2018-09-19 19:02:37 - [MESSAGE][PASSED] - Wait for page load successfully

2018-09-19 19:02:37 - [MESSAGE][PASSED] - beautytap.GeneralAction.login is PASSED

2018-09-19 19:02:37 - [TEST_STEP][PASSED] - verifyElementPresent: Object 'Object Repository/Page_General/link_avatar' is present

2018-09-19 19:03:01 - [MESSAGE][PASSED] - Object 'Object Repository/Page_General/link_avatar' is present

2018-09-19 19:03:01 - [TEST_STEP][PASSED] - beautytap.GeneralAction.logout: beautytap.GeneralAction.logout is PASSED

2018-09-19 19:03:01 - [MESSAGE][PASSED] - Object: 'Object Repository/Page_General/link_avatar' is clicked on

2018-09-19 19:03:01 - [MESSAGE][PASSED] - Object 'Object Repository/Page_General/menu_logout' is present

2018-09-19 19:03:02 - [MESSAGE][PASSED] - Object: 'Object Repository/Page_General/menu_logout' is clicked on

2018-09-19 19:03:02 - [MESSAGE][PASSED] - Wait for page load successfully

2018-09-19 19:03:02 - [MESSAGE][PASSED] - Browser is closed

2018-09-19 19:03:02 - [MESSAGE][PASSED] - beautytap.GeneralAction.logout is PASSED

2018-09-19 19:03:02 - [TEST_STEP][PASSED] - beautytap.GeneralAction.openBeautytap: beautytap.GeneralAction.openBeautytap is PASSED

2018-09-19 19:03:31 - [MESSAGE][PASSED] - Browser is opened with url: 'https://stage.beautytap.com'

2018-09-19 19:03:32 - [MESSAGE][PASSED] - Current window maximized

2018-09-19 19:03:36 - [MESSAGE][PASSED] - Refresh successfully

2018-09-19 19:03:36 - [MESSAGE][PASSED] - Wait for page load successfully

2018-09-19 19:03:36 - [MESSAGE][PASSED] - beautytap.GeneralAction.openBeautytap is PASSED

2018-09-19 19:03:36 - [TEST_STEP][PASSED] - beautytap.GeneralAction.clickNavigationMenu: beautytap.GeneralAction.clickNavigationMenu is PASSED

2018-09-19 19:03:38 - [MESSAGE][PASSED] - Object: 'Object Repository/Page_General/link_signup' is clicked on

2018-09-19 19:03:38 - [MESSAGE][PASSED] - Wait for page load successfully

2018-09-19 19:03:38 - [MESSAGE][PASSED] - beautytap.GeneralAction.clickNavigationMenu is PASSED

2018-09-19 19:03:38 - [TEST_STEP][PASSED] - beautytap.GeneralAction.signupViaFacebook: beautytap.GeneralAction.signupViaFacebook is PASSED

2018-09-19 19:03:39 - [MESSAGE][PASSED] - Object: 'Object Repository/Page_Signup/btn_signupFB' is clicked on

2018-09-19 19:03:39 - [MESSAGE][PASSED] - Switched to window with index: '1'

2018-09-19 19:03:41 - [MESSAGE][PASSED] - Keys 'g5.posiba@gmail.com' sent to object: 'Object Repository/Popup_FacebookLogin/txt_email'

2018-09-19 19:03:41 - [MESSAGE][PASSED] - Keys 'posiba123' sent to object: 'Object Repository/Popup_FacebookLogin/txt_password'

2018-09-19 19:03:43 - [MESSAGE][PASSED] - Object: 'Object Repository/Popup_FacebookLogin/btn_login' is clicked on

2018-09-19 19:03:45 - [MESSAGE][WARNING] - Cannot take screenshot

2018-09-19 19:03:45 - [MESSAGE][FAILED] - Unable to get text of object 'Object Repository/Popup_FacebookLogin/btn_confirmPermission' (Root cause: org.openqa.selenium.NoSuchWindowException: no such window: window was already closed
  (Session info: chrome=69.0.3497.100)
  (Driver info: chromedriver=2.35.528161 (5b82f2d2aae0ca24b877009200ced9065a772e73),platform=Windows NT 10.0.17134 x86_64) (WARNING: The server did not provide any stacktrace information)
Command duration or timeout: 0 milliseconds
Build info: version: '3.7.1', revision: '8a0099a', time: '2017-11-06T21:07:36.161Z'
System info: host: 'DESKTOP-G1UHP65', ip: '10.0.0.86', os.name: 'Windows 10', os.arch: 'amd64', os.version: '10.0', java.version: '1.8.0_102'
Driver info: com.kms.katalon.selenium.driver.CChromeDriver
Capabilities {acceptInsecureCerts: false, acceptSslCerts: false, applicationCacheEnabled: false, browserConnectionEnabled: false, browserName: chrome, chrome: {chromedriverVersion: 2.35.528161 (5b82f2d2aae0ca..., userDataDir: C:\Users\TRANGN~1\AppData\L...}, cssSelectorsEnabled: true, databaseEnabled: false, handlesAlerts: true, hasTouchScreen: false, javascriptEnabled: true, locationContextEnabled: true, mobileEmulationEnabled: false, nativeEvents: true, networkConnectionEnabled: false, pageLoadStrategy: normal, platform: XP, platformName: XP, rotatable: false, setWindowRect: true, takesHeapSnapshot: true, takesScreenshot: true, unexpectedAlertBehaviour: , unhandledPromptBehavior: , version: 69.0.3497.100, webStorageEnabled: true}
Session ID: 88469f3ae9be2f327b8e4ca994964e5d
*** Element info: {Using=xpath, value=//button[contains(@class,'layerConfirm') and contains(@name,'CONFIRM')]})

2018-09-19 19:03:45 - [MESSAGE][PASSED] - Switched to window with index: '0'

2018-09-19 19:04:00 - [MESSAGE][PASSED] - Delayed 15 second(s)

2018-09-19 19:04:00 - [MESSAGE][PASSED] - Wait for page load successfully

2018-09-19 19:04:00 - [MESSAGE][PASSED] - beautytap.GeneralAction.signupViaFacebook is PASSED

2018-09-19 19:04:00 - [TEST_STEP][PASSED] - verifyElementPresent: Object 'Object Repository/Page_General/link_avatar' is present

2018-09-19 19:04:00 - [MESSAGE][PASSED] - Object 'Object Repository/Page_General/link_avatar' is present

2018-09-19 19:04:00 - [TEST_STEP][PASSED] - beautytap.GeneralAction.logout: beautytap.GeneralAction.logout is PASSED

2018-09-19 19:04:00 - [MESSAGE][PASSED] - Object: 'Object Repository/Page_General/link_avatar' is clicked on

2018-09-19 19:04:00 - [MESSAGE][PASSED] - Object 'Object Repository/Page_General/menu_logout' is present

2018-09-19 19:04:00 - [MESSAGE][PASSED] - Object: 'Object Repository/Page_General/menu_logout' is clicked on

2018-09-19 19:04:00 - [MESSAGE][PASSED] - Wait for page load successfully

2018-09-19 19:04:01 - [MESSAGE][PASSED] - Browser is closed

2018-09-19 19:04:01 - [MESSAGE][PASSED] - beautytap.GeneralAction.logout is PASSED

2018-09-19 19:04:01 - [TEST_STEP][PASSED] - beautytap.GeneralAction.openBeautytap: beautytap.GeneralAction.openBeautytap is PASSED

2018-09-19 19:04:14 - [MESSAGE][PASSED] - Browser is opened with url: 'https://stage.beautytap.com'

2018-09-19 19:04:16 - [MESSAGE][PASSED] - Current window maximized

2018-09-19 19:04:19 - [MESSAGE][PASSED] - Refresh successfully

2018-09-19 19:04:19 - [MESSAGE][PASSED] - Wait for page load successfully

2018-09-19 19:04:19 - [MESSAGE][PASSED] - beautytap.GeneralAction.openBeautytap is PASSED

2018-09-19 19:04:19 - [TEST_STEP][PASSED] - beautytap.GeneralAction.clickNavigationMenu: beautytap.GeneralAction.clickNavigationMenu is PASSED

2018-09-19 19:04:22 - [MESSAGE][PASSED] - Object: 'Object Repository/Page_General/link_login' is clicked on

2018-09-19 19:04:22 - [MESSAGE][PASSED] - Wait for page load successfully

2018-09-19 19:04:22 - [MESSAGE][PASSED] - beautytap.GeneralAction.clickNavigationMenu is PASSED

2018-09-19 19:04:22 - [TEST_STEP][PASSED] - beautytap.GeneralAction.login: beautytap.GeneralAction.login is PASSED

2018-09-19 19:04:22 - [MESSAGE][PASSED] - Object: 'Object Repository/Page_Login/btn_loginFB' is clicked on

2018-09-19 19:04:22 - [MESSAGE][PASSED] - Switched to window with index: '1'

2018-09-19 19:04:24 - [MESSAGE][PASSED] - Object 'Object Repository/Popup_FacebookLogin/txt_email' is visible

2018-09-19 19:04:24 - [MESSAGE][PASSED] - Keys 'g5.posiba@gmail.com' sent to object: 'Object Repository/Popup_FacebookLogin/txt_email'

2018-09-19 19:04:25 - [MESSAGE][PASSED] - Keys 'posiba123' sent to object: 'Object Repository/Popup_FacebookLogin/txt_password'

2018-09-19 19:04:26 - [MESSAGE][PASSED] - Object: 'Object Repository/Popup_FacebookLogin/btn_login' is clicked on

2018-09-19 19:04:26 - [MESSAGE][PASSED] - Switched to window with index: '0'

2018-09-19 19:04:26 - [MESSAGE][PASSED] - Wait for page load successfully

2018-09-19 19:04:26 - [MESSAGE][PASSED] - beautytap.GeneralAction.login is PASSED

2018-09-19 19:04:26 - [TEST_STEP][PASSED] - verifyElementPresent: Object 'Object Repository/Page_General/link_avatar' is present

2018-09-19 19:04:35 - [MESSAGE][PASSED] - Object 'Object Repository/Page_General/link_avatar' is present

2018-09-19 19:04:35 - [TEST_STEP][PASSED] - beautytap.GeneralAction.logout: beautytap.GeneralAction.logout is PASSED

2018-09-19 19:04:35 - [MESSAGE][PASSED] - Object: 'Object Repository/Page_General/link_avatar' is clicked on

2018-09-19 19:04:35 - [MESSAGE][PASSED] - Object 'Object Repository/Page_General/menu_logout' is present

2018-09-19 19:04:36 - [MESSAGE][PASSED] - Object: 'Object Repository/Page_General/menu_logout' is clicked on

2018-09-19 19:04:36 - [MESSAGE][PASSED] - Wait for page load successfully

2018-09-19 19:04:37 - [MESSAGE][PASSED] - Browser is closed

2018-09-19 19:04:37 - [MESSAGE][PASSED] - beautytap.GeneralAction.logout is PASSED]]></system-out>
         <system-err><![CDATA[]]></system-err>
      </testcase>
      <testcase name="Test Cases/Shop/TC07_BuyProduct_EarnPendingPoint_EarnRedeemablePoint" classname="Test Cases/Shop/TC07_BuyProduct_EarnPendingPoint_EarnRedeemablePoint" status="FAILED">
         <failure type="FAILED" message="Keyword VerifyOrderDetailsOnCheckout is Failed"/>
         <system-out><![CDATA[2018-09-19 19:04:39 - [TEST_CASE][FAILED] - Test Cases/Shop/TC07_BuyProduct_EarnPendingPoint_EarnRedeemablePoint: Test Cases/Shop/TC07_BuyProduct_EarnPendingPoint_EarnRedeemablePoint FAILED because (of) Keyword VerifyOrderDetailsOnCheckout is Failed

2018-09-19 19:04:40 - [TEST_STEP][PASSED] - Statement - username = USER_EMAIL: null

2018-09-19 19:04:40 - [TEST_STEP][PASSED] - Statement - password = USER_PASSWORD: null

2018-09-19 19:04:40 - [TEST_STEP][PASSED] - Statement - productName = SIMPLE_PRODUCT: null

2018-09-19 19:04:40 - [TEST_STEP][PASSED] - Statement - price = SIMPLE_PRODUCT_PRICE: null

2018-09-19 19:04:40 - [TEST_STEP][PASSED] - Statement - quantity = 3: null

2018-09-19 19:04:40 - [TEST_STEP][PASSED] - Statement - shippingLabel = FREE_SHIPPING_LABEL: null

2018-09-19 19:04:40 - [TEST_STEP][PASSED] - Statement - shippingPrice = 0: null

2018-09-19 19:04:40 - [TEST_STEP][PASSED] - Statement - subtotal = CustomKeywords.beautytap.ShopAction.calculateTotal(quantity, price): beautytap.ShopAction.calculateTotal is PASSED

2018-09-19 19:04:40 - [MESSAGE][PASSED] - beautytap.ShopAction.calculateTotal is PASSED

2018-09-19 19:04:40 - [TEST_STEP][PASSED] - Statement - total = subtotal + shippingPrice: null

2018-09-19 19:04:40 - [TEST_STEP][PASSED] - Statement - products = new org.json.JSONArray((((((([{"productname":" + productName) + ","variation":"","quantity":") + quantity) + ","price":") + price) + "}])): null

2018-09-19 19:04:40 - [TEST_STEP][PASSED] - Statement - billingInformation = new org.json.JSONObject((({"firstname":"Test","lastname":"Automation","country":"United States (US)","address":"123 Testing","city":"New York","state":"New York","zip":"90012","email":" + username) + "})): null

2018-09-19 19:04:40 - [TEST_STEP][PASSED] - Statement - paymentMethod = "Paypal": null

2018-09-19 19:04:40 - [TEST_STEP][PASSED] - beautytap.GeneralAction.openBeautytap: beautytap.GeneralAction.openBeautytap is PASSED

2018-09-19 19:04:52 - [MESSAGE][PASSED] - Browser is opened with url: 'https://stage.beautytap.com'

2018-09-19 19:04:54 - [MESSAGE][PASSED] - Current window maximized

2018-09-19 19:04:58 - [MESSAGE][PASSED] - Refresh successfully

2018-09-19 19:04:58 - [MESSAGE][PASSED] - Wait for page load successfully

2018-09-19 19:04:58 - [MESSAGE][PASSED] - beautytap.GeneralAction.openBeautytap is PASSED

2018-09-19 19:04:58 - [TEST_STEP][PASSED] - beautytap.GeneralAction.clickNavigationMenu: beautytap.GeneralAction.clickNavigationMenu is PASSED

2018-09-19 19:05:00 - [MESSAGE][PASSED] - Object: 'Object Repository/Page_General/link_login' is clicked on

2018-09-19 19:05:00 - [MESSAGE][PASSED] - Wait for page load successfully

2018-09-19 19:05:00 - [MESSAGE][PASSED] - beautytap.GeneralAction.clickNavigationMenu is PASSED

2018-09-19 19:05:00 - [TEST_STEP][PASSED] - beautytap.GeneralAction.login: beautytap.GeneralAction.login is PASSED

2018-09-19 19:05:00 - [MESSAGE][PASSED] - Text of object 'Object Repository/Page_login/txt_username' is cleared

2018-09-19 19:05:00 - [MESSAGE][PASSED] - Keys 'trang2408@mailinator.com' sent to object: 'Object Repository/Page_login/txt_username'

2018-09-19 19:05:00 - [MESSAGE][PASSED] - Text of object 'Object Repository/Page_login/txt_password' is cleared

2018-09-19 19:05:01 - [MESSAGE][PASSED] - Keys '123456' sent to object: 'Object Repository/Page_login/txt_password'

2018-09-19 19:05:01 - [MESSAGE][PASSED] - Object: 'Object Repository/Page_login/btn_login' is clicked on

2018-09-19 19:05:01 - [MESSAGE][PASSED] - Wait for page load successfully

2018-09-19 19:05:01 - [MESSAGE][PASSED] - beautytap.GeneralAction.login is PASSED

2018-09-19 19:05:01 - [TEST_STEP][PASSED] - beautytap.GeneralAction.selectProfileMenu: beautytap.GeneralAction.selectProfileMenu is PASSED

2018-09-19 19:05:09 - [MESSAGE][PASSED] - Object: 'Object Repository/Page_General/link_avatar' is clicked on

2018-09-19 19:05:11 - [MESSAGE][PASSED] - Delayed 2 second(s)

2018-09-19 19:05:15 - [MESSAGE][PASSED] - Object: '' is clicked on

2018-09-19 19:05:15 - [MESSAGE][PASSED] - Wait for page load successfully

2018-09-19 19:05:15 - [MESSAGE][PASSED] - beautytap.GeneralAction.selectProfileMenu is PASSED

2018-09-19 19:05:15 - [TEST_STEP][PASSED] - Statement - objRewoard = CustomKeywords.beautytap.ShopAction.getRewardDetails(): beautytap.ShopAction.getRewardDetails is PASSED

2018-09-19 19:05:15 - [MESSAGE][PASSED] - Text of object '' is: '1.1 x Rewards Multiplier!'

2018-09-19 19:05:15 - [MESSAGE][PASSED] - Text of object '' is: '1.1 x Rewards Multiplier!'

2018-09-19 19:05:15 - [MESSAGE][PASSED] - Text of object '' is: '3727.25'

2018-09-19 19:05:15 - [MESSAGE][PASSED] - Text of object '' is: '2952.50'

2018-09-19 19:05:15 - [MESSAGE][PASSED] - Text of object '' is: '1777.25'

2018-09-19 19:05:15 - [MESSAGE][PASSED] - Text of object '' is: '$90.00'

2018-09-19 19:05:16 - [MESSAGE][PASSED] - Text of object '' is: 'Beauty Bae'

2018-09-19 19:05:16 - [MESSAGE][PASSED] - beautytap.ShopAction.getRewardDetails is PASSED

2018-09-19 19:05:16 - [TEST_STEP][PASSED] - Statement - multiplier = java.lang.Float.parseFloat(objRewoard.get("multiplier")): null

2018-09-19 19:05:16 - [TEST_STEP][PASSED] - Statement - currentlevel = objRewoard.get("currentlevel"): null

2018-09-19 19:05:16 - [TEST_STEP][PASSED] - Statement - lifetime = java.lang.Float.parseFloat(objRewoard.get("lifetime")): null

2018-09-19 19:05:16 - [TEST_STEP][PASSED] - Statement - pending = java.lang.Float.parseFloat(objRewoard.get("pending")): null

2018-09-19 19:05:16 - [TEST_STEP][PASSED] - Statement - redeemable = java.lang.Float.parseFloat(objRewoard.get("redeemable")): null

2018-09-19 19:05:16 - [TEST_STEP][PASSED] - Statement - pointvalue = java.lang.Float.parseFloat(objRewoard.get("pointvalue")): null

2018-09-19 19:05:16 - [TEST_STEP][PASSED] - Statement - rewardEarned = java.lang.Float.parseFloat(java.lang.String.format("%.2f", multiplier * subtotal)): null

2018-09-19 19:05:16 - [TEST_STEP][PASSED] - Statement - notificationMessage = "You received " + rewardEarned + " redeemable points": null

2018-09-19 19:05:16 - [TEST_STEP][PASSED] - beautytap.ShopAction.globalSearch: beautytap.ShopAction.globalSearch is PASSED

2018-09-19 19:05:16 - [MESSAGE][PASSED] - Object: 'Object Repository/Page_General/icon_search' is clicked on

2018-09-19 19:05:21 - [MESSAGE][PASSED] - Delayed 5 second(s)

2018-09-19 19:05:21 - [MESSAGE][PASSED] - Text of object 'Object Repository/Page_General/txt_search' is cleared

2018-09-19 19:05:21 - [MESSAGE][PASSED] - Keys 'CONTROL + v' sent to object: 'Object Repository/Page_General/txt_search'

2018-09-19 19:05:23 - [MESSAGE][PASSED] - Object 'Object Repository/Page_General/div_searchResult' is present

2018-09-19 19:05:23 - [MESSAGE][PASSED] - beautytap.ShopAction.globalSearch is PASSED

2018-09-19 19:05:23 - [TEST_STEP][PASSED] - beautytap.ShopAction.selectProductOnSearchResult: beautytap.ShopAction.selectProductOnSearchResult is PASSED

2018-09-19 19:05:29 - [MESSAGE][PASSED] - Object: '' is clicked on

2018-09-19 19:05:29 - [MESSAGE][PASSED] - Wait for page load successfully

2018-09-19 19:05:29 - [MESSAGE][PASSED] - beautytap.ShopAction.selectProductOnSearchResult is PASSED

2018-09-19 19:05:29 - [TEST_STEP][PASSED] - beautytap.ShopAction.addProductToCart: beautytap.ShopAction.addProductToCart is PASSED

2018-09-19 19:05:29 - [MESSAGE][PASSED] - Text of object 'Object Repository/Page_Shop/txt_quantity' is cleared

2018-09-19 19:05:29 - [MESSAGE][PASSED] - Keys '3' sent to object: 'Object Repository/Page_Shop/txt_quantity'

2018-09-19 19:05:29 - [MESSAGE][PASSED] - Object: 'Object Repository/Page_Shop/btn_addToCart' is clicked on

2018-09-19 19:05:29 - [MESSAGE][PASSED] - Wait for page load successfully

2018-09-19 19:05:35 - [MESSAGE][PASSED] - Object 'Object Repository/Page_Shop/lbl_message' is present

2018-09-19 19:05:35 - [MESSAGE][PASSED] - beautytap.ShopAction.addProductToCart is PASSED

2018-09-19 19:05:35 - [TEST_STEP][PASSED] - beautytap.ShopAction.goToCart: beautytap.ShopAction.goToCart is PASSED

2018-09-19 19:05:40 - [MESSAGE][PASSED] - Object: 'Object Repository/Page_General/icon_cart' is clicked on

2018-09-19 19:05:40 - [MESSAGE][PASSED] - Wait for page load successfully

2018-09-19 19:05:40 - [MESSAGE][PASSED] - beautytap.ShopAction.goToCart is PASSED

2018-09-19 19:05:40 - [TEST_STEP][PASSED] - beautytap.ShopAction.processToCheckout: beautytap.ShopAction.processToCheckout is PASSED

2018-09-19 19:05:44 - [MESSAGE][PASSED] - Object: 'Object Repository/Page_Cart/btn_checkout' is clicked on

2018-09-19 19:05:44 - [MESSAGE][PASSED] - Wait for page load successfully

2018-09-19 19:05:44 - [MESSAGE][PASSED] - beautytap.ShopAction.processToCheckout is PASSED

2018-09-19 19:05:44 - [TEST_STEP][PASSED] - beautytap.ShopAction.fillCustomerInformation: beautytap.ShopAction.fillCustomerInformation is PASSED

2018-09-19 19:05:44 - [MESSAGE][PASSED] - Text of object 'Object Repository/Page_Checkout/txt_billingFirstName' is cleared

2018-09-19 19:05:45 - [MESSAGE][PASSED] - Keys 'Test' sent to object: 'Object Repository/Page_Checkout/txt_billingFirstName'

2018-09-19 19:05:45 - [MESSAGE][PASSED] - Text of object 'Object Repository/Page_Checkout/txt_billingLastName' is cleared

2018-09-19 19:05:45 - [MESSAGE][PASSED] - Keys 'Automation' sent to object: 'Object Repository/Page_Checkout/txt_billingLastName'

2018-09-19 19:05:45 - [MESSAGE][PASSED] - All options with label 'United States (US)' are selected in object 'Object Repository/Page_Checkout/drop_billingCountry' 

2018-09-19 19:05:50 - [MESSAGE][PASSED] - Delayed 5 second(s)

2018-09-19 19:05:50 - [MESSAGE][PASSED] - Text of object 'Object Repository/Page_Checkout/txt_billingAddress' is cleared

2018-09-19 19:05:51 - [MESSAGE][PASSED] - Keys '123 Testing' sent to object: 'Object Repository/Page_Checkout/txt_billingAddress'

2018-09-19 19:05:51 - [MESSAGE][PASSED] - Text of object 'Object Repository/Page_Checkout/txt_billingCity' is cleared

2018-09-19 19:05:51 - [MESSAGE][PASSED] - Keys 'New York' sent to object: 'Object Repository/Page_Checkout/txt_billingCity'

2018-09-19 19:05:51 - [MESSAGE][PASSED] - All options with label 'New York' are selected in object 'Object Repository/Page_Checkout/drop_billingState' 

2018-09-19 19:05:51 - [MESSAGE][PASSED] - Text of object 'Object Repository/Page_Checkout/txt_billingZip' is cleared

2018-09-19 19:05:51 - [MESSAGE][PASSED] - Keys '90012' sent to object: 'Object Repository/Page_Checkout/txt_billingZip'

2018-09-19 19:05:52 - [MESSAGE][PASSED] - Text of object 'Object Repository/Page_Checkout/txt_billingEmail' is cleared

2018-09-19 19:05:52 - [MESSAGE][PASSED] - Keys 'trang2408@mailinator.com' sent to object: 'Object Repository/Page_Checkout/txt_billingEmail'

2018-09-19 19:05:52 - [MESSAGE][PASSED] - Object 'Object Repository/Page_Checkout/chk_shipToDifferentAddress' is un-checked

2018-09-19 19:05:52 - [MESSAGE][PASSED] - Text of object 'Object Repository/Page_Checkout/txt_orderNote' is cleared

2018-09-19 19:05:53 - [MESSAGE][PASSED] - Keys 'TC07' sent to object: 'Object Repository/Page_Checkout/txt_orderNote'

2018-09-19 19:05:53 - [MESSAGE][PASSED] - Object 'Object Repository/Page_Checkout/radio_creditCard' is checked

2018-09-19 19:05:58 - [MESSAGE][PASSED] - Delayed 5 second(s)

2018-09-19 19:05:58 - [MESSAGE][PASSED] - beautytap.ShopAction.fillCustomerInformation is PASSED

2018-09-19 19:05:58 - [TEST_STEP][FAILED] - beautytap.ShopAction.VerifyOrderDetailsOnCheckout: Keyword VerifyOrderDetailsOnCheckout is Failed

2018-09-19 19:06:29 - [MESSAGE][WARNING] - com.kms.katalon.core.webui.exception.WebElementNotFoundException: Web element with id: '' located by 'By.xpath: //td[@class='product-name' and contains(text(),'La Muse Correct Care Complete Cushion SPF50+')]/strong[@class='product-quantity' and text()='× 3']/ancestor::tr/td[@class='product-total']/span[starts-with(text(),'95.4')]' not found
[[ATTACHMENT|E:\\BeautytapAutomation\\beautytapAuto\\Beautytap\\Reports\\TS1\\20180919_185950\\1537358789271.png]]

2018-09-19 19:06:29 - [MESSAGE][PASSED] - Text of object '' is: '$286.20'

2018-09-19 19:06:29 - [MESSAGE][PASSED] - Text of object '' is: 'Free EMS shipping (over $200)
Why does shipping take this long?'

2018-09-19 19:06:29 - [MESSAGE][PASSED] - Text of object '' is: '$286.20'

2018-09-19 19:06:29 - [MESSAGE][FAILED] - Keyword VerifyOrderDetailsOnCheckout is Failed

2018-09-19 19:06:29 - [TEST_STEP][FAILED] - beautytap.ShopAction.VerifyRewardEarned: Keyword VerifyRewardEarned is Failed

2018-09-19 19:06:29 - [MESSAGE][PASSED] - Text of object '' is: 'Status: Beauty Bae ( $286.2 x Rewards Multiplier )'

2018-09-19 19:06:29 - [MESSAGE][PASSED] - Text of object '' is: 'Status: Beauty Bae ( $286.2 x Rewards Multiplier )'

2018-09-19 19:06:30 - [MESSAGE][PASSED] - Text of object '' is: 'Status: Beauty Bae ( $286.2 x Rewards Multiplier )'

2018-09-19 19:06:30 - [MESSAGE][PASSED] - Text of object '' is: 'Multiplier: $286.2 x 1.1'

2018-09-19 19:06:30 - [MESSAGE][PASSED] - Text of object '' is: 'Multiplier: $286.2 x 1.1'

2018-09-19 19:06:30 - [MESSAGE][PASSED] - Text of object '' is: '314.8 Points!'

2018-09-19 19:06:30 - [MESSAGE][PASSED] - Text of object '' is: '314.8 Points!'

2018-09-19 19:06:30 - [MESSAGE][PASSED] - Text of object '' is: 'Multiplier: $286.2 x 1.1'

2018-09-19 19:06:30 - [MESSAGE][PASSED] - Text of object '' is: 'Multiplier: $286.2 x 1.1'

2018-09-19 19:06:30 - [MESSAGE][PASSED] - Text of object '' is: 'Multiplier: $286.2 x 1.1'

2018-09-19 19:06:30 - [MESSAGE][FAILED] - Keyword VerifyRewardEarned is Failed

2018-09-19 19:06:30 - [TEST_STEP][PASSED] - beautytap.ShopAction.checkoutViaPaypal: beautytap.ShopAction.checkoutViaPaypal is PASSED

2018-09-19 19:06:30 - [MESSAGE][PASSED] - Object 'Object Repository/Page_Checkout/radio_paypal' is checked

2018-09-19 19:06:35 - [MESSAGE][PASSED] - Delayed 5 second(s)

2018-09-19 19:06:35 - [MESSAGE][PASSED] - Object 'Object Repository/Page_Checkout/chk_terms' is checked

2018-09-19 19:06:35 - [MESSAGE][PASSED] - Object: 'Object Repository/Page_Checkout/btn_placeOrder' is clicked on

2018-09-19 19:06:45 - [MESSAGE][PASSED] - Object 'Object Repository/Page_Paypal/txt_email' is present

2018-09-19 19:06:45 - [MESSAGE][PASSED] - Text of object 'Object Repository/Page_Paypal/txt_email' is cleared

2018-09-19 19:06:45 - [MESSAGE][PASSED] - Keys 'g1.posiba@gmail.com' sent to object: 'Object Repository/Page_Paypal/txt_email'

2018-09-19 19:06:45 - [MESSAGE][PASSED] - Text of object 'Object Repository/Page_Paypal/txt_password' is cleared

2018-09-19 19:06:46 - [MESSAGE][PASSED] - Keys 'Tr@ng99%' sent to object: 'Object Repository/Page_Paypal/txt_password'

2018-09-19 19:06:59 - [MESSAGE][PASSED] - Object: 'Object Repository/Page_Paypal/btn_login' is clicked on

2018-09-19 19:07:07 - [MESSAGE][PASSED] - Object 'Object Repository/Page_Paypal/btn_payNow' is present

2018-09-19 19:07:12 - [MESSAGE][PASSED] - Delayed 5 second(s)

2018-09-19 19:07:12 - [MESSAGE][PASSED] - Object: 'Object Repository/Page_Paypal/btn_payNow' is clicked on

2018-09-19 19:07:32 - [MESSAGE][PASSED] - Object 'Object Repository/Page_Checkout/lbl_orderReceived' is present

2018-09-19 19:07:32 - [MESSAGE][PASSED] - beautytap.ShopAction.checkoutViaPaypal is PASSED

2018-09-19 19:07:32 - [TEST_STEP][FAILED] - beautytap.ShopAction.VerifyOrderReceivedDetails: Keyword VerifyOrderReceivedDetails is Failed

2018-09-19 19:08:03 - [MESSAGE][WARNING] - com.kms.katalon.core.webui.exception.WebElementNotFoundException: Web element with id: '' located by 'By.xpath: //td[@class='woocommerce-table__product-name product-name']/a[contains(text(),'La Muse Correct Care Complete Cushion SPF50+')]/following-sibling::strong[text()='× 3']/parent::td/parent::tr/td[@class='woocommerce-table__product-total product-total']/span[starts-with(text(),'95.4')]' not found
[[ATTACHMENT|E:\\BeautytapAutomation\\beautytapAuto\\Beautytap\\Reports\\TS1\\20180919_185950\\1537358883490.png]]

2018-09-19 19:08:03 - [MESSAGE][PASSED] - Text of object '' is: '$286.20'

2018-09-19 19:08:03 - [MESSAGE][PASSED] - Text of object '' is: 'Free EMS shipping (over $200)'

2018-09-19 19:08:09 - [MESSAGE][WARNING] - com.kms.katalon.core.webui.exception.WebElementNotFoundException: Web element with id: '' located by 'By.xpath: //th[text()='Shipping:']/parent::tr/td/span' not found
[[ATTACHMENT|E:\\BeautytapAutomation\\beautytapAuto\\Beautytap\\Reports\\TS1\\20180919_185950\\1537358889034.png]]

2018-09-19 19:08:09 - [MESSAGE][PASSED] - Text of object '' is: 'PayPal'

2018-09-19 19:08:09 - [MESSAGE][PASSED] - Text of object '' is: '$286.20'

2018-09-19 19:08:09 - [MESSAGE][FAILED] - Keyword VerifyOrderReceivedDetails is Failed

2018-09-19 19:08:09 - [TEST_STEP][FAILED] - beautytap.ShopAction.VerifyRewardEarned: Keyword VerifyRewardEarned is Failed

2018-09-19 19:08:09 - [MESSAGE][PASSED] - Text of object '' is: 'Status: Beauty Bae ( $286.20 x Rewards Multiplier )'

2018-09-19 19:08:09 - [MESSAGE][PASSED] - Text of object '' is: 'Status: Beauty Bae ( $286.20 x Rewards Multiplier )'

2018-09-19 19:08:09 - [MESSAGE][PASSED] - Text of object '' is: 'Status: Beauty Bae ( $286.20 x Rewards Multiplier )'

2018-09-19 19:08:09 - [MESSAGE][PASSED] - Text of object '' is: 'Multiplier: $286.20 x 1.1'

2018-09-19 19:08:09 - [MESSAGE][PASSED] - Text of object '' is: 'Multiplier: $286.20 x 1.1'

2018-09-19 19:08:09 - [MESSAGE][PASSED] - Text of object '' is: '314.8 Points!'

2018-09-19 19:08:09 - [MESSAGE][PASSED] - Text of object '' is: '314.8 Points!'

2018-09-19 19:08:09 - [MESSAGE][PASSED] - Text of object '' is: 'Multiplier: $286.20 x 1.1'

2018-09-19 19:08:09 - [MESSAGE][PASSED] - Text of object '' is: 'Multiplier: $286.20 x 1.1'

2018-09-19 19:08:09 - [MESSAGE][PASSED] - Text of object '' is: 'Multiplier: $286.20 x 1.1'

2018-09-19 19:08:09 - [MESSAGE][FAILED] - Keyword VerifyRewardEarned is Failed

2018-09-19 19:08:09 - [TEST_STEP][PASSED] - Statement - orderInfo = CustomKeywords.beautytap.ShopAction.getOrderInfoOnOrderReceived(): beautytap.ShopAction.getOrderInfoOnOrderReceived is PASSED

2018-09-19 19:08:09 - [MESSAGE][PASSED] - Text of object '' is: '136604'

2018-09-19 19:08:09 - [MESSAGE][PASSED] - Text of object '' is: 'September 19, 2018'

2018-09-19 19:08:09 - [MESSAGE][PASSED] - beautytap.ShopAction.getOrderInfoOnOrderReceived is PASSED

2018-09-19 19:08:09 - [TEST_STEP][PASSED] - Statement - orderNumber = orderInfo.get("ordernumber"): null

2018-09-19 19:08:09 - [TEST_STEP][PASSED] - Statement - orderDate = orderInfo.get("date"): null

2018-09-19 19:08:09 - [TEST_STEP][PASSED] - Statement - completeOrderSubject = "Your " + SITE_TITLE + " order from " + orderDate + " is complete": null

2018-09-19 19:08:09 - [TEST_STEP][PASSED] - Statement - completeOrderSubject = completeOrderSubject.replace("[", "").replace("]", ""): null

2018-09-19 19:08:09 - [TEST_STEP][PASSED] - beautytap.GeneralAction.selectProfileMenu: beautytap.GeneralAction.selectProfileMenu is PASSED

2018-09-19 19:08:10 - [MESSAGE][PASSED] - Object: 'Object Repository/Page_General/link_avatar' is clicked on

2018-09-19 19:08:12 - [MESSAGE][PASSED] - Delayed 2 second(s)

2018-09-19 19:08:16 - [MESSAGE][PASSED] - Object: '' is clicked on

2018-09-19 19:08:16 - [MESSAGE][PASSED] - Wait for page load successfully

2018-09-19 19:08:16 - [MESSAGE][PASSED] - beautytap.GeneralAction.selectProfileMenu is PASSED

2018-09-19 19:08:16 - [TEST_STEP][PASSED] - Statement - newPending = java.lang.Float.parseFloat(java.lang.String.format("%.2f", pending + rewardEarned)): null

2018-09-19 19:08:16 - [TEST_STEP][FAILED] - beautytap.ShopAction.VerifyRewardPointsDetails: Keyword VerifyRewardPoints is Failed

2018-09-19 19:08:16 - [MESSAGE][PASSED] - Text of object '' is: '3727.25'

2018-09-19 19:08:16 - [MESSAGE][PASSED] - Text of object '' is: '3267.32'

2018-09-19 19:08:16 - [MESSAGE][PASSED] - Text of object '' is: '1777.25'

2018-09-19 19:08:16 - [MESSAGE][PASSED] - Text of object '' is: '$90.00'

2018-09-19 19:08:16 - [MESSAGE][FAILED] - Keyword VerifyRewardPoints is Failed

2018-09-19 19:08:16 - [TEST_STEP][FAILED] - beautytap.ShopAction.VerifyRewardHistory: Keyword VerifyRewardHistory is Failed

2018-09-19 19:08:16 - [MESSAGE][PASSED] - Object '' is present

2018-09-19 19:08:16 - [MESSAGE][PASSED] - Text of object '' is: ''

2018-09-19 19:08:16 - [MESSAGE][PASSED] - Text of object '' is: '$286.20'

2018-09-19 19:08:16 - [MESSAGE][PASSED] - Text of object '' is: '1.1'

2018-09-19 19:08:16 - [MESSAGE][PASSED] - Text of object '' is: '0.00'

2018-09-19 19:08:16 - [MESSAGE][PASSED] - Text of object '' is: '1777.25'

2018-09-19 19:08:16 - [MESSAGE][FAILED] - Keyword VerifyRewardHistory is Failed

2018-09-19 19:08:16 - [TEST_STEP][FAILED] - beautytap.ShopAction.VerifyRewardHistory: Keyword VerifyRewardHistory is Failed

2018-09-19 19:08:17 - [MESSAGE][PASSED] - Object '' is present

2018-09-19 19:08:17 - [MESSAGE][PASSED] - Text of object '' is: ''

2018-09-19 19:08:17 - [MESSAGE][PASSED] - Text of object '' is: '$286.20'

2018-09-19 19:08:17 - [MESSAGE][PASSED] - Text of object '' is: '1.1'

2018-09-19 19:08:17 - [MESSAGE][PASSED] - Text of object '' is: '0.00'

2018-09-19 19:08:17 - [MESSAGE][PASSED] - Text of object '' is: '1777.25'

2018-09-19 19:08:17 - [MESSAGE][FAILED] - Keyword VerifyRewardHistory is Failed

2018-09-19 19:08:17 - [TEST_STEP][PASSED] - beautytap.GeneralAction.logout: beautytap.GeneralAction.logout is PASSED

2018-09-19 19:08:17 - [MESSAGE][PASSED] - Object: 'Object Repository/Page_General/link_avatar' is clicked on

2018-09-19 19:08:17 - [MESSAGE][PASSED] - Object 'Object Repository/Page_General/menu_logout' is present

2018-09-19 19:08:18 - [MESSAGE][PASSED] - Object: 'Object Repository/Page_General/menu_logout' is clicked on

2018-09-19 19:08:18 - [MESSAGE][PASSED] - Wait for page load successfully

2018-09-19 19:08:18 - [MESSAGE][PASSED] - beautytap.GeneralAction.logout is PASSED

2018-09-19 19:08:18 - [TEST_STEP][PASSED] - beautytap.GeneralAction.clickNavigationMenu: beautytap.GeneralAction.clickNavigationMenu is PASSED

2018-09-19 19:08:28 - [MESSAGE][PASSED] - Object: 'Object Repository/Page_General/link_login' is clicked on

2018-09-19 19:08:28 - [MESSAGE][PASSED] - Wait for page load successfully

2018-09-19 19:08:28 - [MESSAGE][PASSED] - beautytap.GeneralAction.clickNavigationMenu is PASSED

2018-09-19 19:08:28 - [TEST_STEP][PASSED] - beautytap.GeneralAction.login: beautytap.GeneralAction.login is PASSED

2018-09-19 19:08:28 - [MESSAGE][PASSED] - Text of object 'Object Repository/Page_login/txt_username' is cleared

2018-09-19 19:08:29 - [MESSAGE][PASSED] - Keys 'mrwhite' sent to object: 'Object Repository/Page_login/txt_username'

2018-09-19 19:08:29 - [MESSAGE][PASSED] - Text of object 'Object Repository/Page_login/txt_password' is cleared

2018-09-19 19:08:29 - [MESSAGE][PASSED] - Keys 'kgySM$Im' sent to object: 'Object Repository/Page_login/txt_password'

2018-09-19 19:08:29 - [MESSAGE][PASSED] - Object: 'Object Repository/Page_login/btn_login' is clicked on

2018-09-19 19:08:29 - [MESSAGE][PASSED] - Wait for page load successfully

2018-09-19 19:08:29 - [MESSAGE][PASSED] - beautytap.GeneralAction.login is PASSED

2018-09-19 19:08:29 - [TEST_STEP][PASSED] - navigateToUrl: Navigate to 'https://stage.beautytap.com/admin' successfully

2018-09-19 19:08:36 - [MESSAGE][PASSED] - Navigate to 'https://stage.beautytap.com/admin' successfully

2018-09-19 19:08:36 - [TEST_STEP][PASSED] - beautytap.AdminAction.changeOrderStatus: beautytap.AdminAction.changeOrderStatus is PASSED

2018-09-19 19:08:45 - [MESSAGE][PASSED] - Object: '' is clicked on

2018-09-19 19:08:45 - [MESSAGE][PASSED] - Wait for page load successfully

2018-09-19 19:08:50 - [MESSAGE][PASSED] - Object: '' is clicked on

2018-09-19 19:08:50 - [MESSAGE][PASSED] - Wait for page load successfully

2018-09-19 19:08:50 - [MESSAGE][PASSED] - Text of object 'Object Repository/Page_Admin/txt_searchOrder' is cleared

2018-09-19 19:08:51 - [MESSAGE][PASSED] - Keys '136604' sent to object: 'Object Repository/Page_Admin/txt_searchOrder'

2018-09-19 19:08:54 - [MESSAGE][PASSED] - Object: 'Object Repository/Page_Admin/btn_searchOrder' is clicked on

2018-09-19 19:08:54 - [MESSAGE][PASSED] - Wait for page load successfully

2018-09-19 19:09:03 - [MESSAGE][PASSED] - Object: '' is clicked on

2018-09-19 19:09:03 - [MESSAGE][PASSED] - Wait for page load successfully

2018-09-19 19:09:03 - [MESSAGE][PASSED] - All options with label 'Completed' are selected in object 'Object Repository/Page_Admin/drop_orderStatus' 

2018-09-19 19:09:04 - [MESSAGE][PASSED] - Object: 'Object Repository/Page_Admin/btn_saveOrder' is clicked on

2018-09-19 19:09:15 - [MESSAGE][PASSED] - Object 'Object Repository/Page_Admin/lbl_orderUpdatedMessage' is present

2018-09-19 19:09:15 - [MESSAGE][PASSED] - beautytap.AdminAction.changeOrderStatus is PASSED

2018-09-19 19:09:15 - [TEST_STEP][PASSED] - beautytap.GeneralAction.openMailBox: beautytap.GeneralAction.openMailBox is PASSED

2018-09-19 19:09:17 - [MESSAGE][PASSED] - Navigate to 'https://www.mailinator.com' successfully

2018-09-19 19:09:17 - [MESSAGE][PASSED] - Wait for page load successfully

2018-09-19 19:09:17 - [MESSAGE][PASSED] - Keys 'trang2408@mailinator.com' sent to object: 'Object Repository/Page_mailinator/txt_email'

2018-09-19 19:09:19 - [MESSAGE][PASSED] - Object: 'Object Repository/Page_mailinator/btn_go' is clicked on

2018-09-19 19:09:19 - [MESSAGE][PASSED] - Wait for page load successfully

2018-09-19 19:09:24 - [MESSAGE][PASSED] - Delayed 5 second(s)

2018-09-19 19:09:24 - [MESSAGE][PASSED] - beautytap.GeneralAction.openMailBox is PASSED

2018-09-19 19:09:24 - [TEST_STEP][PASSED] - beautytap.GeneralAction.verifyEmailExist: beautytap.GeneralAction.verifyEmailExist is PASSED

2018-09-19 19:09:24 - [MESSAGE][PASSED] - Object '' is present

2018-09-19 19:09:24 - [MESSAGE][PASSED] - beautytap.GeneralAction.verifyEmailExist is PASSED

2018-09-19 19:09:24 - [TEST_STEP][PASSED] - beautytap.GeneralAction.openEmail: beautytap.GeneralAction.openEmail is PASSED

2018-09-19 19:09:24 - [MESSAGE][PASSED] - Object: '' is clicked on

2018-09-19 19:09:24 - [MESSAGE][PASSED] - beautytap.GeneralAction.openEmail is PASSED

2018-09-19 19:09:24 - [TEST_STEP][FAILED] - beautytap.ShopAction.VerifyOrderCompleteEmail: Keyword VerifyOrderCompleteEmail is Failed

2018-09-19 19:09:25 - [MESSAGE][PASSED] - Object '' is present

2018-09-19 19:09:25 - [MESSAGE][PASSED] - Text of object '' is: 'La Muse Correct Care Complete Cushion SPF50+'

2018-09-19 19:09:25 - [MESSAGE][PASSED] - Text of object '' is: '9'

2018-09-19 19:09:25 - [MESSAGE][PASSED] - Text of object '' is: '$286.20'

2018-09-19 19:09:25 - [MESSAGE][PASSED] - Text of object '' is: '$286.20'

2018-09-19 19:09:25 - [MESSAGE][PASSED] - Text of object '' is: 'Free EMS shipping (over $200)'

2018-09-19 19:09:30 - [MESSAGE][WARNING] - com.kms.katalon.core.webui.exception.WebElementNotFoundException: Web element with id: '' located by 'By.xpath: //th[text()='Shipping:']/parent::tr/td/span' not found
[[ATTACHMENT|E:\\BeautytapAutomation\\beautytapAuto\\Beautytap\\Reports\\TS1\\20180919_185950\\1537358970688.png]]

2018-09-19 19:09:31 - [MESSAGE][PASSED] - Text of object '' is: 'PayPal'

2018-09-19 19:09:31 - [MESSAGE][PASSED] - Text of object '' is: '314.82'

2018-09-19 19:09:31 - [MESSAGE][PASSED] - Text of object '' is: '$286.20'

2018-09-19 19:09:31 - [MESSAGE][FAILED] - Keyword VerifyOrderCompleteEmail is Failed

2018-09-19 19:09:31 - [TEST_STEP][PASSED] - closeBrowser: Browser is closed

2018-09-19 19:09:32 - [MESSAGE][PASSED] - Browser is closed

2018-09-19 19:09:32 - [TEST_STEP][PASSED] - beautytap.GeneralAction.openBeautytap: beautytap.GeneralAction.openBeautytap is PASSED

2018-09-19 19:09:45 - [MESSAGE][PASSED] - Browser is opened with url: 'https://stage.beautytap.com'

2018-09-19 19:09:46 - [MESSAGE][PASSED] - Current window maximized

2018-09-19 19:09:50 - [MESSAGE][PASSED] - Refresh successfully

2018-09-19 19:09:50 - [MESSAGE][PASSED] - Wait for page load successfully

2018-09-19 19:09:50 - [MESSAGE][PASSED] - beautytap.GeneralAction.openBeautytap is PASSED

2018-09-19 19:09:50 - [TEST_STEP][PASSED] - beautytap.GeneralAction.clickNavigationMenu: beautytap.GeneralAction.clickNavigationMenu is PASSED

2018-09-19 19:09:52 - [MESSAGE][PASSED] - Object: 'Object Repository/Page_General/link_login' is clicked on

2018-09-19 19:09:52 - [MESSAGE][PASSED] - Wait for page load successfully

2018-09-19 19:09:52 - [MESSAGE][PASSED] - beautytap.GeneralAction.clickNavigationMenu is PASSED

2018-09-19 19:09:52 - [TEST_STEP][PASSED] - beautytap.GeneralAction.login: beautytap.GeneralAction.login is PASSED

2018-09-19 19:09:52 - [MESSAGE][PASSED] - Text of object 'Object Repository/Page_login/txt_username' is cleared

2018-09-19 19:09:53 - [MESSAGE][PASSED] - Keys 'trang2408@mailinator.com' sent to object: 'Object Repository/Page_login/txt_username'

2018-09-19 19:09:53 - [MESSAGE][PASSED] - Text of object 'Object Repository/Page_login/txt_password' is cleared

2018-09-19 19:09:53 - [MESSAGE][PASSED] - Keys '123456' sent to object: 'Object Repository/Page_login/txt_password'

2018-09-19 19:09:53 - [MESSAGE][PASSED] - Object: 'Object Repository/Page_login/btn_login' is clicked on

2018-09-19 19:09:53 - [MESSAGE][PASSED] - Wait for page load successfully

2018-09-19 19:09:53 - [MESSAGE][PASSED] - beautytap.GeneralAction.login is PASSED

2018-09-19 19:09:53 - [TEST_STEP][FAILED] - beautytap.GeneralAction.VerifyNotificationText: Keyword VerifyNotificationText is Failed

2018-09-19 19:10:01 - [MESSAGE][PASSED] - Object: 'Object Repository/Page_General/link_notificationIcon' is clicked on

2018-09-19 19:10:06 - [MESSAGE][PASSED] - Delayed 5 second(s)

2018-09-19 19:10:06 - [MESSAGE][PASSED] - Text of object '' is: 'You received 314.82 redeemable points'

2018-09-19 19:10:06 - [MESSAGE][FAILED] - Keyword VerifyNotificationText is Failed

2018-09-19 19:10:06 - [TEST_STEP][PASSED] - beautytap.GeneralAction.selectProfileMenu: beautytap.GeneralAction.selectProfileMenu is PASSED

2018-09-19 19:10:06 - [MESSAGE][PASSED] - Object: 'Object Repository/Page_General/link_avatar' is clicked on

2018-09-19 19:10:08 - [MESSAGE][PASSED] - Delayed 2 second(s)

2018-09-19 19:10:12 - [MESSAGE][PASSED] - Object: '' is clicked on

2018-09-19 19:10:12 - [MESSAGE][PASSED] - Wait for page load successfully

2018-09-19 19:10:12 - [MESSAGE][PASSED] - beautytap.GeneralAction.selectProfileMenu is PASSED

2018-09-19 19:10:12 - [TEST_STEP][PASSED] - Statement - newLifetime = java.lang.Float.parseFloat(java.lang.String.format("%.2f", lifetime + rewardEarned)): null

2018-09-19 19:10:12 - [TEST_STEP][PASSED] - Statement - newRedeemable = java.lang.Float.parseFloat(java.lang.String.format("%.2f", redeemable + rewardEarned)): null

2018-09-19 19:10:12 - [TEST_STEP][PASSED] - Statement - newPointValue = CustomKeywords.beautytap.ShopAction.calculateLoyaltyPointValue(newRedeemable): beautytap.ShopAction.calculateLoyaltyPointValue is PASSED

2018-09-19 19:10:12 - [MESSAGE][PASSED] - beautytap.ShopAction.calculateLoyaltyPointValue is PASSED

2018-09-19 19:10:12 - [TEST_STEP][FAILED] - beautytap.ShopAction.VerifyRewardPointsDetails: Keyword VerifyRewardPoints is Failed

2018-09-19 19:10:12 - [MESSAGE][PASSED] - Text of object '' is: '4042.07'

2018-09-19 19:10:12 - [MESSAGE][PASSED] - Text of object '' is: '2952.50'

2018-09-19 19:10:12 - [MESSAGE][PASSED] - Text of object '' is: '2092.07'

2018-09-19 19:10:13 - [MESSAGE][PASSED] - Text of object '' is: '$112.00'

2018-09-19 19:10:13 - [MESSAGE][FAILED] - Keyword VerifyRewardPoints is Failed

2018-09-19 19:10:13 - [TEST_STEP][FAILED] - beautytap.ShopAction.VerifyRewardHistory: Keyword VerifyRewardHistory is Failed

2018-09-19 19:10:13 - [MESSAGE][PASSED] - Object '' is present

2018-09-19 19:10:13 - [MESSAGE][PASSED] - Text of object '' is: ''

2018-09-19 19:10:13 - [MESSAGE][PASSED] - Text of object '' is: '$286.20'

2018-09-19 19:10:13 - [MESSAGE][PASSED] - Text of object '' is: '1.1'

2018-09-19 19:10:13 - [MESSAGE][PASSED] - Text of object '' is: '314.82'

2018-09-19 19:10:13 - [MESSAGE][PASSED] - Text of object '' is: '2092.07'

2018-09-19 19:10:13 - [MESSAGE][FAILED] - Keyword VerifyRewardHistory is Failed

2018-09-19 19:10:13 - [TEST_STEP][PASSED] - beautytap.GeneralAction.logout: beautytap.GeneralAction.logout is PASSED

2018-09-19 19:10:13 - [MESSAGE][PASSED] - Object: 'Object Repository/Page_General/link_avatar' is clicked on

2018-09-19 19:10:14 - [MESSAGE][PASSED] - Object 'Object Repository/Page_General/menu_logout' is present

2018-09-19 19:10:14 - [MESSAGE][PASSED] - Object: 'Object Repository/Page_General/menu_logout' is clicked on

2018-09-19 19:10:14 - [MESSAGE][PASSED] - Wait for page load successfully

2018-09-19 19:10:14 - [MESSAGE][PASSED] - beautytap.GeneralAction.logout is PASSED]]></system-out>
         <system-err><![CDATA[2018-09-19 19:04:39 - [TEST_CASE][FAILED] - Test Cases/Shop/TC07_BuyProduct_EarnPendingPoint_EarnRedeemablePoint: Test Cases/Shop/TC07_BuyProduct_EarnPendingPoint_EarnRedeemablePoint FAILED because (of) Keyword VerifyOrderDetailsOnCheckout is Failed]]></system-err>
      </testcase>
      <testcase name="Test Cases/Shop/TC08_BuyProduct_UsingRewardPoint" classname="Test Cases/Shop/TC08_BuyProduct_UsingRewardPoint" status="FAILED">
         <failure type="FAILED" message="Keyword VerifyOrderReceivedDetails is Failed"/>
         <system-out><![CDATA[2018-09-19 19:10:16 - [TEST_CASE][FAILED] - Test Cases/Shop/TC08_BuyProduct_UsingRewardPoint: Test Cases/Shop/TC08_BuyProduct_UsingRewardPoint FAILED because (of) Keyword VerifyOrderReceivedDetails is Failed

2018-09-19 19:10:17 - [TEST_STEP][PASSED] - Statement - username = USER_EMAIL: null

2018-09-19 19:10:17 - [TEST_STEP][PASSED] - Statement - password = USER_PASSWORD: null

2018-09-19 19:10:17 - [TEST_STEP][PASSED] - Statement - productName = SIMPLE_PRODUCT: null

2018-09-19 19:10:17 - [TEST_STEP][PASSED] - Statement - price = SIMPLE_PRODUCT_PRICE: null

2018-09-19 19:10:17 - [TEST_STEP][PASSED] - Statement - quantity = 3: null

2018-09-19 19:10:17 - [TEST_STEP][PASSED] - Statement - shippingLabel = FREE_SHIPPING_LABEL: null

2018-09-19 19:10:17 - [TEST_STEP][PASSED] - Statement - shippingPrice = 0: null

2018-09-19 19:10:17 - [TEST_STEP][PASSED] - Statement - pointUsed = 60: null

2018-09-19 19:10:17 - [TEST_STEP][PASSED] - Statement - pointValueUsed = 2: null

2018-09-19 19:10:17 - [TEST_STEP][PASSED] - Statement - subtotal = CustomKeywords.beautytap.ShopAction.calculateTotal(quantity, price): beautytap.ShopAction.calculateTotal is PASSED

2018-09-19 19:10:17 - [MESSAGE][PASSED] - beautytap.ShopAction.calculateTotal is PASSED

2018-09-19 19:10:17 - [TEST_STEP][PASSED] - Statement - subtotalApplyReward = java.lang.Float.parseFloat(java.lang.String.format("%.2f", subtotal - pointValueUsed)): null

2018-09-19 19:10:17 - [TEST_STEP][PASSED] - Statement - total = java.lang.Float.parseFloat(java.lang.String.format("%.2f", subtotal - pointValueUsed + shippingPrice)): null

2018-09-19 19:10:17 - [TEST_STEP][PASSED] - Statement - products = new org.json.JSONArray((((((([{"productname":" + productName) + ","variation":"","quantity":") + quantity) + ","price":") + price) + "}])): null

2018-09-19 19:10:17 - [TEST_STEP][PASSED] - Statement - billingInformation = new org.json.JSONObject((({"firstname":"Test","lastname":"Automation","country":"United States (US)","address":"123 Testing","city":"New York","state":"New York","zip":"90012","email":" + username) + "})): null

2018-09-19 19:10:17 - [TEST_STEP][PASSED] - Statement - paymentMethod = "Paypal": null

2018-09-19 19:10:17 - [TEST_STEP][PASSED] - beautytap.GeneralAction.openBeautytap: beautytap.GeneralAction.openBeautytap is PASSED

2018-09-19 19:10:17 - [MESSAGE][WARNING] - A browser is already opened. Closing browser and opening a new one

2018-09-19 19:10:43 - [MESSAGE][PASSED] - Browser is opened with url: 'https://stage.beautytap.com'

2018-09-19 19:10:44 - [MESSAGE][PASSED] - Current window maximized

2018-09-19 19:10:48 - [MESSAGE][PASSED] - Refresh successfully

2018-09-19 19:10:48 - [MESSAGE][PASSED] - Wait for page load successfully

2018-09-19 19:10:48 - [MESSAGE][PASSED] - beautytap.GeneralAction.openBeautytap is PASSED

2018-09-19 19:10:48 - [TEST_STEP][PASSED] - beautytap.GeneralAction.clickNavigationMenu: beautytap.GeneralAction.clickNavigationMenu is PASSED

2018-09-19 19:10:50 - [MESSAGE][PASSED] - Object: 'Object Repository/Page_General/link_login' is clicked on

2018-09-19 19:10:50 - [MESSAGE][PASSED] - Wait for page load successfully

2018-09-19 19:10:50 - [MESSAGE][PASSED] - beautytap.GeneralAction.clickNavigationMenu is PASSED

2018-09-19 19:10:50 - [TEST_STEP][PASSED] - beautytap.GeneralAction.login: beautytap.GeneralAction.login is PASSED

2018-09-19 19:10:50 - [MESSAGE][PASSED] - Text of object 'Object Repository/Page_login/txt_username' is cleared

2018-09-19 19:10:51 - [MESSAGE][PASSED] - Keys 'trang2408@mailinator.com' sent to object: 'Object Repository/Page_login/txt_username'

2018-09-19 19:10:51 - [MESSAGE][PASSED] - Text of object 'Object Repository/Page_login/txt_password' is cleared

2018-09-19 19:10:51 - [MESSAGE][PASSED] - Keys '123456' sent to object: 'Object Repository/Page_login/txt_password'

2018-09-19 19:10:51 - [MESSAGE][PASSED] - Object: 'Object Repository/Page_login/btn_login' is clicked on

2018-09-19 19:10:51 - [MESSAGE][PASSED] - Wait for page load successfully

2018-09-19 19:10:51 - [MESSAGE][PASSED] - beautytap.GeneralAction.login is PASSED

2018-09-19 19:10:51 - [TEST_STEP][PASSED] - beautytap.GeneralAction.selectProfileMenu: beautytap.GeneralAction.selectProfileMenu is PASSED

2018-09-19 19:10:59 - [MESSAGE][PASSED] - Object: 'Object Repository/Page_General/link_avatar' is clicked on

2018-09-19 19:11:01 - [MESSAGE][PASSED] - Delayed 2 second(s)

2018-09-19 19:11:05 - [MESSAGE][PASSED] - Object: '' is clicked on

2018-09-19 19:11:05 - [MESSAGE][PASSED] - Wait for page load successfully

2018-09-19 19:11:05 - [MESSAGE][PASSED] - beautytap.GeneralAction.selectProfileMenu is PASSED

2018-09-19 19:11:05 - [TEST_STEP][PASSED] - Statement - objReward = CustomKeywords.beautytap.ShopAction.getRewardDetails(): beautytap.ShopAction.getRewardDetails is PASSED

2018-09-19 19:11:05 - [MESSAGE][PASSED] - Text of object '' is: '1.1 x Rewards Multiplier!'

2018-09-19 19:11:05 - [MESSAGE][PASSED] - Text of object '' is: '1.1 x Rewards Multiplier!'

2018-09-19 19:11:05 - [MESSAGE][PASSED] - Text of object '' is: '4042.07'

2018-09-19 19:11:05 - [MESSAGE][PASSED] - Text of object '' is: '2952.50'

2018-09-19 19:11:05 - [MESSAGE][PASSED] - Text of object '' is: '2092.07'

2018-09-19 19:11:05 - [MESSAGE][PASSED] - Text of object '' is: '$112.00'

2018-09-19 19:11:05 - [MESSAGE][PASSED] - Text of object '' is: 'Beauty Bae'

2018-09-19 19:11:05 - [MESSAGE][PASSED] - beautytap.ShopAction.getRewardDetails is PASSED

2018-09-19 19:11:05 - [TEST_STEP][PASSED] - Statement - multiplier = java.lang.Float.parseFloat(objReward.get("multiplier")): null

2018-09-19 19:11:05 - [TEST_STEP][PASSED] - Statement - currentlevel = objReward.get("currentlevel"): null

2018-09-19 19:11:05 - [TEST_STEP][PASSED] - Statement - lifetime = java.lang.Float.parseFloat(objReward.get("lifetime")): null

2018-09-19 19:11:05 - [TEST_STEP][PASSED] - Statement - pending = java.lang.Float.parseFloat(objReward.get("pending")): null

2018-09-19 19:11:05 - [TEST_STEP][PASSED] - Statement - redeemable = java.lang.Float.parseFloat(objReward.get("redeemable")): null

2018-09-19 19:11:05 - [TEST_STEP][PASSED] - Statement - pointvalue = java.lang.Float.parseFloat(objReward.get("pointvalue")): null

2018-09-19 19:11:05 - [TEST_STEP][PASSED] - Statement - rewardEarned = java.lang.Float.parseFloat(java.lang.String.format("%.2f", multiplier * subtotal - pointValueUsed)): null

2018-09-19 19:11:05 - [TEST_STEP][PASSED] - beautytap.ShopAction.globalSearch: beautytap.ShopAction.globalSearch is PASSED

2018-09-19 19:11:05 - [MESSAGE][PASSED] - Object: 'Object Repository/Page_General/icon_search' is clicked on

2018-09-19 19:11:10 - [MESSAGE][PASSED] - Delayed 5 second(s)

2018-09-19 19:11:10 - [MESSAGE][PASSED] - Text of object 'Object Repository/Page_General/txt_search' is cleared

2018-09-19 19:11:10 - [MESSAGE][PASSED] - Keys 'CONTROL + v' sent to object: 'Object Repository/Page_General/txt_search'

2018-09-19 19:11:12 - [MESSAGE][PASSED] - Object 'Object Repository/Page_General/div_searchResult' is present

2018-09-19 19:11:12 - [MESSAGE][PASSED] - beautytap.ShopAction.globalSearch is PASSED

2018-09-19 19:11:12 - [TEST_STEP][PASSED] - beautytap.ShopAction.selectProductOnSearchResult: beautytap.ShopAction.selectProductOnSearchResult is PASSED

2018-09-19 19:11:18 - [MESSAGE][PASSED] - Object: '' is clicked on

2018-09-19 19:11:18 - [MESSAGE][PASSED] - Wait for page load successfully

2018-09-19 19:11:18 - [MESSAGE][PASSED] - beautytap.ShopAction.selectProductOnSearchResult is PASSED

2018-09-19 19:11:18 - [TEST_STEP][PASSED] - beautytap.ShopAction.addProductToCart: beautytap.ShopAction.addProductToCart is PASSED

2018-09-19 19:11:18 - [MESSAGE][PASSED] - Text of object 'Object Repository/Page_Shop/txt_quantity' is cleared

2018-09-19 19:11:19 - [MESSAGE][PASSED] - Keys '3' sent to object: 'Object Repository/Page_Shop/txt_quantity'

2018-09-19 19:11:19 - [MESSAGE][PASSED] - Object: 'Object Repository/Page_Shop/btn_addToCart' is clicked on

2018-09-19 19:11:19 - [MESSAGE][PASSED] - Wait for page load successfully

2018-09-19 19:11:24 - [MESSAGE][PASSED] - Object 'Object Repository/Page_Shop/lbl_message' is present

2018-09-19 19:11:24 - [MESSAGE][PASSED] - beautytap.ShopAction.addProductToCart is PASSED

2018-09-19 19:11:24 - [TEST_STEP][PASSED] - beautytap.ShopAction.goToCart: beautytap.ShopAction.goToCart is PASSED

2018-09-19 19:11:29 - [MESSAGE][PASSED] - Object: 'Object Repository/Page_General/icon_cart' is clicked on

2018-09-19 19:11:29 - [MESSAGE][PASSED] - Wait for page load successfully

2018-09-19 19:11:29 - [MESSAGE][PASSED] - beautytap.ShopAction.goToCart is PASSED

2018-09-19 19:11:29 - [TEST_STEP][PASSED] - beautytap.ShopAction.processToCheckout: beautytap.ShopAction.processToCheckout is PASSED

2018-09-19 19:11:33 - [MESSAGE][PASSED] - Object: 'Object Repository/Page_Cart/btn_checkout' is clicked on

2018-09-19 19:11:33 - [MESSAGE][PASSED] - Wait for page load successfully

2018-09-19 19:11:33 - [MESSAGE][PASSED] - beautytap.ShopAction.processToCheckout is PASSED

2018-09-19 19:11:33 - [TEST_STEP][PASSED] - beautytap.ShopAction.applyLoyaltyRewardPoint: beautytap.ShopAction.applyLoyaltyRewardPoint is PASSED

2018-09-19 19:11:33 - [MESSAGE][PASSED] - Object: 'Object Repository/Page_Checkout/link_clickToRedeem' is clicked on

2018-09-19 19:11:34 - [MESSAGE][PASSED] - Object '' is checked

2018-09-19 19:11:34 - [MESSAGE][PASSED] - Object: 'Object Repository/Page_Checkout/btn_applyReward' is clicked on

2018-09-19 19:11:34 - [MESSAGE][PASSED] - Object '' is present

2018-09-19 19:11:34 - [MESSAGE][PASSED] - beautytap.ShopAction.applyLoyaltyRewardPoint is PASSED

2018-09-19 19:11:34 - [TEST_STEP][PASSED] - beautytap.ShopAction.fillCustomerInformation: beautytap.ShopAction.fillCustomerInformation is PASSED

2018-09-19 19:11:34 - [MESSAGE][PASSED] - Text of object 'Object Repository/Page_Checkout/txt_billingFirstName' is cleared

2018-09-19 19:11:35 - [MESSAGE][PASSED] - Keys 'Test' sent to object: 'Object Repository/Page_Checkout/txt_billingFirstName'

2018-09-19 19:11:35 - [MESSAGE][PASSED] - Text of object 'Object Repository/Page_Checkout/txt_billingLastName' is cleared

2018-09-19 19:11:35 - [MESSAGE][PASSED] - Keys 'Automation' sent to object: 'Object Repository/Page_Checkout/txt_billingLastName'

2018-09-19 19:11:35 - [MESSAGE][PASSED] - All options with label 'United States (US)' are selected in object 'Object Repository/Page_Checkout/drop_billingCountry' 

2018-09-19 19:11:40 - [MESSAGE][PASSED] - Delayed 5 second(s)

2018-09-19 19:11:40 - [MESSAGE][PASSED] - Text of object 'Object Repository/Page_Checkout/txt_billingAddress' is cleared

2018-09-19 19:11:41 - [MESSAGE][PASSED] - Keys '123 Testing' sent to object: 'Object Repository/Page_Checkout/txt_billingAddress'

2018-09-19 19:11:41 - [MESSAGE][PASSED] - Text of object 'Object Repository/Page_Checkout/txt_billingCity' is cleared

2018-09-19 19:11:41 - [MESSAGE][PASSED] - Keys 'New York' sent to object: 'Object Repository/Page_Checkout/txt_billingCity'

2018-09-19 19:11:41 - [MESSAGE][PASSED] - All options with label 'New York' are selected in object 'Object Repository/Page_Checkout/drop_billingState' 

2018-09-19 19:11:41 - [MESSAGE][PASSED] - Text of object 'Object Repository/Page_Checkout/txt_billingZip' is cleared

2018-09-19 19:11:41 - [MESSAGE][PASSED] - Keys '90012' sent to object: 'Object Repository/Page_Checkout/txt_billingZip'

2018-09-19 19:11:41 - [MESSAGE][PASSED] - Text of object 'Object Repository/Page_Checkout/txt_billingEmail' is cleared

2018-09-19 19:11:42 - [MESSAGE][PASSED] - Keys 'trang2408@mailinator.com' sent to object: 'Object Repository/Page_Checkout/txt_billingEmail'

2018-09-19 19:11:42 - [MESSAGE][PASSED] - Object 'Object Repository/Page_Checkout/chk_shipToDifferentAddress' is un-checked

2018-09-19 19:11:42 - [MESSAGE][PASSED] - Text of object 'Object Repository/Page_Checkout/txt_orderNote' is cleared

2018-09-19 19:11:43 - [MESSAGE][PASSED] - Keys 'TC08_checkout with reward' sent to object: 'Object Repository/Page_Checkout/txt_orderNote'

2018-09-19 19:11:43 - [MESSAGE][PASSED] - Object 'Object Repository/Page_Checkout/radio_creditCard' is checked

2018-09-19 19:11:48 - [MESSAGE][PASSED] - Delayed 5 second(s)

2018-09-19 19:11:48 - [MESSAGE][PASSED] - beautytap.ShopAction.fillCustomerInformation is PASSED

2018-09-19 19:11:48 - [TEST_STEP][PASSED] - beautytap.ShopAction.VerifyOrderDetailsOnCheckout: Keyword VerifyOrderDetailsOnCheckout is Passed

2018-09-19 19:11:48 - [MESSAGE][PASSED] - Object '' is present

2018-09-19 19:11:48 - [MESSAGE][PASSED] - Text of object '' is: '$95.40'

2018-09-19 19:11:48 - [MESSAGE][PASSED] - Text of object '' is: '60 points used'

2018-09-19 19:11:48 - [MESSAGE][PASSED] - Text of object '' is: '60 points used'

2018-09-19 19:11:48 - [MESSAGE][PASSED] - Text of object '' is: '$2.00'

2018-09-19 19:11:48 - [MESSAGE][PASSED] - Text of object '' is: 'Free shipping for orders over $60
Why does shipping take this long?'

2018-09-19 19:11:48 - [MESSAGE][PASSED] - Text of object '' is: '$93.40'

2018-09-19 19:11:48 - [MESSAGE][PASSED] - Keyword VerifyOrderDetailsOnCheckout is Passed

2018-09-19 19:11:48 - [TEST_STEP][PASSED] - beautytap.ShopAction.VerifyRewardEarned: Keyword VerifyRewardEarned is Passed

2018-09-19 19:11:48 - [MESSAGE][PASSED] - Text of object '' is: 'Status: Beauty Bae ( $93.4 x Rewards Multiplier )'

2018-09-19 19:11:48 - [MESSAGE][PASSED] - Text of object '' is: 'Status: Beauty Bae ( $93.4 x Rewards Multiplier )'

2018-09-19 19:11:48 - [MESSAGE][PASSED] - Text of object '' is: 'Status: Beauty Bae ( $93.4 x Rewards Multiplier )'

2018-09-19 19:11:48 - [MESSAGE][PASSED] - Text of object '' is: 'Multiplier: $93.4 x 1.1'

2018-09-19 19:11:48 - [MESSAGE][PASSED] - Text of object '' is: 'Multiplier: $93.4 x 1.1'

2018-09-19 19:11:48 - [MESSAGE][PASSED] - Text of object '' is: '102.7 Points!'

2018-09-19 19:11:48 - [MESSAGE][PASSED] - Text of object '' is: '102.7 Points!'

2018-09-19 19:11:48 - [MESSAGE][PASSED] - Text of object '' is: 'Multiplier: $93.4 x 1.1'

2018-09-19 19:11:48 - [MESSAGE][PASSED] - Text of object '' is: 'Multiplier: $93.4 x 1.1'

2018-09-19 19:11:48 - [MESSAGE][PASSED] - Text of object '' is: 'Multiplier: $93.4 x 1.1'

2018-09-19 19:11:48 - [MESSAGE][PASSED] - Keyword VerifyRewardEarned is Passed

2018-09-19 19:11:48 - [TEST_STEP][PASSED] - beautytap.ShopAction.checkoutViaPaypal: beautytap.ShopAction.checkoutViaPaypal is PASSED

2018-09-19 19:11:49 - [MESSAGE][PASSED] - Object 'Object Repository/Page_Checkout/radio_paypal' is checked

2018-09-19 19:11:54 - [MESSAGE][PASSED] - Delayed 5 second(s)

2018-09-19 19:11:54 - [MESSAGE][PASSED] - Object 'Object Repository/Page_Checkout/chk_terms' is checked

2018-09-19 19:11:54 - [MESSAGE][PASSED] - Object: 'Object Repository/Page_Checkout/btn_placeOrder' is clicked on

2018-09-19 19:12:02 - [MESSAGE][PASSED] - Object 'Object Repository/Page_Paypal/txt_email' is present

2018-09-19 19:12:02 - [MESSAGE][PASSED] - Text of object 'Object Repository/Page_Paypal/txt_email' is cleared

2018-09-19 19:12:03 - [MESSAGE][PASSED] - Keys 'g1.posiba@gmail.com' sent to object: 'Object Repository/Page_Paypal/txt_email'

2018-09-19 19:12:03 - [MESSAGE][PASSED] - Text of object 'Object Repository/Page_Paypal/txt_password' is cleared

2018-09-19 19:12:03 - [MESSAGE][PASSED] - Keys 'Tr@ng99%' sent to object: 'Object Repository/Page_Paypal/txt_password'

2018-09-19 19:12:14 - [MESSAGE][PASSED] - Object: 'Object Repository/Page_Paypal/btn_login' is clicked on

2018-09-19 19:12:21 - [MESSAGE][PASSED] - Object 'Object Repository/Page_Paypal/btn_payNow' is present

2018-09-19 19:12:26 - [MESSAGE][PASSED] - Delayed 5 second(s)

2018-09-19 19:12:26 - [MESSAGE][PASSED] - Object: 'Object Repository/Page_Paypal/btn_payNow' is clicked on

2018-09-19 19:12:47 - [MESSAGE][PASSED] - Object 'Object Repository/Page_Checkout/lbl_orderReceived' is present

2018-09-19 19:12:47 - [MESSAGE][PASSED] - beautytap.ShopAction.checkoutViaPaypal is PASSED

2018-09-19 19:12:47 - [TEST_STEP][FAILED] - beautytap.ShopAction.VerifyOrderReceivedDetails: Keyword VerifyOrderReceivedDetails is Failed

2018-09-19 19:12:47 - [MESSAGE][PASSED] - Object '' is present

2018-09-19 19:12:47 - [MESSAGE][PASSED] - Text of object '' is: '$95.40'

2018-09-19 19:12:47 - [MESSAGE][PASSED] - Text of object '' is: '60 points used'

2018-09-19 19:12:47 - [MESSAGE][PASSED] - Text of object '' is: '60 points used'

2018-09-19 19:12:47 - [MESSAGE][PASSED] - Text of object '' is: '$2.00'

2018-09-19 19:12:47 - [MESSAGE][PASSED] - Text of object '' is: 'Free shipping for orders over $60'

2018-09-19 19:12:53 - [MESSAGE][WARNING] - com.kms.katalon.core.webui.exception.WebElementNotFoundException: Web element with id: '' located by 'By.xpath: //th[text()='Shipping:']/parent::tr/td/span' not found
[[ATTACHMENT|E:\\BeautytapAutomation\\beautytapAuto\\Beautytap\\Reports\\TS1\\20180919_185950\\1537359172761.png]]

2018-09-19 19:12:53 - [MESSAGE][PASSED] - Text of object '' is: 'PayPal'

2018-09-19 19:12:53 - [MESSAGE][PASSED] - Text of object '' is: '$93.40'

2018-09-19 19:12:53 - [MESSAGE][FAILED] - Keyword VerifyOrderReceivedDetails is Failed

2018-09-19 19:12:53 - [TEST_STEP][PASSED] - Statement - orderInfo = CustomKeywords.beautytap.ShopAction.getOrderInfoOnOrderReceived(): beautytap.ShopAction.getOrderInfoOnOrderReceived is PASSED

2018-09-19 19:12:53 - [MESSAGE][PASSED] - Text of object '' is: '136607'

2018-09-19 19:12:53 - [MESSAGE][PASSED] - Text of object '' is: 'September 19, 2018'

2018-09-19 19:12:53 - [MESSAGE][PASSED] - beautytap.ShopAction.getOrderInfoOnOrderReceived is PASSED

2018-09-19 19:12:53 - [TEST_STEP][PASSED] - Statement - orderNumber = orderInfo.get("ordernumber"): null

2018-09-19 19:12:53 - [TEST_STEP][PASSED] - beautytap.ShopAction.VerifyRewardEarned: Keyword VerifyRewardEarned is Passed

2018-09-19 19:12:53 - [MESSAGE][PASSED] - Text of object '' is: 'Status: Beauty Bae ( $93.40 x Rewards Multiplier )'

2018-09-19 19:12:53 - [MESSAGE][PASSED] - Text of object '' is: 'Status: Beauty Bae ( $93.40 x Rewards Multiplier )'

2018-09-19 19:12:53 - [MESSAGE][PASSED] - Text of object '' is: 'Status: Beauty Bae ( $93.40 x Rewards Multiplier )'

2018-09-19 19:12:53 - [MESSAGE][PASSED] - Text of object '' is: 'Multiplier: $93.40 x 1.1'

2018-09-19 19:12:53 - [MESSAGE][PASSED] - Text of object '' is: 'Multiplier: $93.40 x 1.1'

2018-09-19 19:12:53 - [MESSAGE][PASSED] - Text of object '' is: '102.7 Points!'

2018-09-19 19:12:53 - [MESSAGE][PASSED] - Text of object '' is: '102.7 Points!'

2018-09-19 19:12:53 - [MESSAGE][PASSED] - Text of object '' is: 'Multiplier: $93.40 x 1.1'

2018-09-19 19:12:53 - [MESSAGE][PASSED] - Text of object '' is: 'Multiplier: $93.40 x 1.1'

2018-09-19 19:12:53 - [MESSAGE][PASSED] - Text of object '' is: 'Multiplier: $93.40 x 1.1'

2018-09-19 19:12:53 - [MESSAGE][PASSED] - Keyword VerifyRewardEarned is Passed

2018-09-19 19:12:53 - [TEST_STEP][PASSED] - beautytap.GeneralAction.selectProfileMenu: beautytap.GeneralAction.selectProfileMenu is PASSED

2018-09-19 19:12:53 - [MESSAGE][PASSED] - Object: 'Object Repository/Page_General/link_avatar' is clicked on

2018-09-19 19:12:55 - [MESSAGE][PASSED] - Delayed 2 second(s)

2018-09-19 19:12:59 - [MESSAGE][PASSED] - Object: '' is clicked on

2018-09-19 19:12:59 - [MESSAGE][PASSED] - Wait for page load successfully

2018-09-19 19:12:59 - [MESSAGE][PASSED] - beautytap.GeneralAction.selectProfileMenu is PASSED

2018-09-19 19:12:59 - [TEST_STEP][PASSED] - Statement - newPending = java.lang.Float.parseFloat(java.lang.String.format("%.2f", pending + rewardEarned)): null

2018-09-19 19:12:59 - [TEST_STEP][PASSED] - Statement - newRedeemable = java.lang.Float.parseFloat(java.lang.String.format("%.2f", redeemable - pointUsed)): null

2018-09-19 19:12:59 - [TEST_STEP][PASSED] - Statement - newPointValue = CustomKeywords.beautytap.ShopAction.calculateLoyaltyPointValue(newRedeemable): beautytap.ShopAction.calculateLoyaltyPointValue is PASSED

2018-09-19 19:12:59 - [MESSAGE][PASSED] - beautytap.ShopAction.calculateLoyaltyPointValue is PASSED

2018-09-19 19:12:59 - [TEST_STEP][PASSED] - beautytap.ShopAction.VerifyRewardPointsDetails: Keyword VerifyRewardPoints is Passed

2018-09-19 19:12:59 - [MESSAGE][PASSED] - Text of object '' is: '4042.07'

2018-09-19 19:13:00 - [MESSAGE][PASSED] - Text of object '' is: '3055.24'

2018-09-19 19:13:00 - [MESSAGE][PASSED] - Text of object '' is: '2032.07'

2018-09-19 19:13:00 - [MESSAGE][PASSED] - Text of object '' is: '$110.00'

2018-09-19 19:13:00 - [MESSAGE][PASSED] - Keyword VerifyRewardPoints is Passed

2018-09-19 19:13:00 - [TEST_STEP][PASSED] - beautytap.ShopAction.VerifyRewardHistory: Keyword VerifyRewardHistory is Passed

2018-09-19 19:13:00 - [MESSAGE][PASSED] - Object '' is present

2018-09-19 19:13:00 - [MESSAGE][PASSED] - Text of object '' is: '60'

2018-09-19 19:13:00 - [MESSAGE][PASSED] - Text of object '' is: '60'

2018-09-19 19:13:00 - [MESSAGE][PASSED] - Text of object '' is: '$93.40'

2018-09-19 19:13:00 - [MESSAGE][PASSED] - Text of object '' is: '1.1'

2018-09-19 19:13:00 - [MESSAGE][PASSED] - Text of object '' is: '-60.00'

2018-09-19 19:13:00 - [MESSAGE][PASSED] - Text of object '' is: '2032.07'

2018-09-19 19:13:00 - [MESSAGE][PASSED] - Keyword VerifyRewardHistory is Passed

2018-09-19 19:13:00 - [TEST_STEP][PASSED] - beautytap.ShopAction.VerifyRewardHistory: Keyword VerifyRewardHistory is Passed

2018-09-19 19:13:00 - [MESSAGE][PASSED] - Object '' is present

2018-09-19 19:13:00 - [MESSAGE][PASSED] - Text of object '' is: '60'

2018-09-19 19:13:00 - [MESSAGE][PASSED] - Text of object '' is: '60'

2018-09-19 19:13:01 - [MESSAGE][PASSED] - Text of object '' is: '$93.40'

2018-09-19 19:13:01 - [MESSAGE][PASSED] - Text of object '' is: '1.1'

2018-09-19 19:13:01 - [MESSAGE][PASSED] - Text of object '' is: '0.00'

2018-09-19 19:13:01 - [MESSAGE][PASSED] - Text of object '' is: '2032.07'

2018-09-19 19:13:01 - [MESSAGE][PASSED] - Keyword VerifyRewardHistory is Passed

2018-09-19 19:13:01 - [TEST_STEP][PASSED] - beautytap.GeneralAction.logout: beautytap.GeneralAction.logout is PASSED

2018-09-19 19:13:01 - [MESSAGE][PASSED] - Object: 'Object Repository/Page_General/link_avatar' is clicked on

2018-09-19 19:13:01 - [MESSAGE][PASSED] - Object 'Object Repository/Page_General/menu_logout' is present

2018-09-19 19:13:02 - [MESSAGE][PASSED] - Object: 'Object Repository/Page_General/menu_logout' is clicked on

2018-09-19 19:13:02 - [MESSAGE][PASSED] - Wait for page load successfully

2018-09-19 19:13:02 - [MESSAGE][PASSED] - beautytap.GeneralAction.logout is PASSED

2018-09-19 19:13:02 - [TEST_STEP][PASSED] - beautytap.GeneralAction.clickNavigationMenu: beautytap.GeneralAction.clickNavigationMenu is PASSED

2018-09-19 19:13:09 - [MESSAGE][PASSED] - Object: 'Object Repository/Page_General/link_login' is clicked on

2018-09-19 19:13:09 - [MESSAGE][PASSED] - Wait for page load successfully

2018-09-19 19:13:09 - [MESSAGE][PASSED] - beautytap.GeneralAction.clickNavigationMenu is PASSED

2018-09-19 19:13:09 - [TEST_STEP][PASSED] - beautytap.GeneralAction.login: beautytap.GeneralAction.login is PASSED

2018-09-19 19:13:09 - [MESSAGE][PASSED] - Text of object 'Object Repository/Page_login/txt_username' is cleared

2018-09-19 19:13:09 - [MESSAGE][PASSED] - Keys 'mrwhite' sent to object: 'Object Repository/Page_login/txt_username'

2018-09-19 19:13:09 - [MESSAGE][PASSED] - Text of object 'Object Repository/Page_login/txt_password' is cleared

2018-09-19 19:13:09 - [MESSAGE][PASSED] - Keys 'kgySM$Im' sent to object: 'Object Repository/Page_login/txt_password'

2018-09-19 19:13:09 - [MESSAGE][PASSED] - Object: 'Object Repository/Page_login/btn_login' is clicked on

2018-09-19 19:13:09 - [MESSAGE][PASSED] - Wait for page load successfully

2018-09-19 19:13:09 - [MESSAGE][PASSED] - beautytap.GeneralAction.login is PASSED

2018-09-19 19:13:09 - [TEST_STEP][PASSED] - navigateToUrl: Navigate to 'https://stage.beautytap.com/admin' successfully

2018-09-19 19:13:17 - [MESSAGE][PASSED] - Navigate to 'https://stage.beautytap.com/admin' successfully

2018-09-19 19:13:17 - [TEST_STEP][PASSED] - beautytap.AdminAction.changeOrderStatus: beautytap.AdminAction.changeOrderStatus is PASSED

2018-09-19 19:13:25 - [MESSAGE][PASSED] - Object: '' is clicked on

2018-09-19 19:13:25 - [MESSAGE][PASSED] - Wait for page load successfully

2018-09-19 19:13:30 - [MESSAGE][PASSED] - Object: '' is clicked on

2018-09-19 19:13:30 - [MESSAGE][PASSED] - Wait for page load successfully

2018-09-19 19:13:30 - [MESSAGE][PASSED] - Text of object 'Object Repository/Page_Admin/txt_searchOrder' is cleared

2018-09-19 19:13:30 - [MESSAGE][PASSED] - Keys '136607' sent to object: 'Object Repository/Page_Admin/txt_searchOrder'

2018-09-19 19:13:34 - [MESSAGE][PASSED] - Object: 'Object Repository/Page_Admin/btn_searchOrder' is clicked on

2018-09-19 19:13:34 - [MESSAGE][PASSED] - Wait for page load successfully

2018-09-19 19:13:42 - [MESSAGE][PASSED] - Object: '' is clicked on

2018-09-19 19:13:42 - [MESSAGE][PASSED] - Wait for page load successfully

2018-09-19 19:13:42 - [MESSAGE][PASSED] - All options with label 'Completed' are selected in object 'Object Repository/Page_Admin/drop_orderStatus' 

2018-09-19 19:13:43 - [MESSAGE][PASSED] - Object: 'Object Repository/Page_Admin/btn_saveOrder' is clicked on

2018-09-19 19:13:53 - [MESSAGE][PASSED] - Object 'Object Repository/Page_Admin/lbl_orderUpdatedMessage' is present

2018-09-19 19:13:53 - [MESSAGE][PASSED] - beautytap.AdminAction.changeOrderStatus is PASSED

2018-09-19 19:13:53 - [TEST_STEP][PASSED] - closeBrowser: Browser is closed

2018-09-19 19:13:54 - [MESSAGE][PASSED] - Browser is closed

2018-09-19 19:13:54 - [TEST_STEP][PASSED] - beautytap.GeneralAction.openBeautytap: beautytap.GeneralAction.openBeautytap is PASSED

2018-09-19 19:14:06 - [MESSAGE][PASSED] - Browser is opened with url: 'https://stage.beautytap.com'

2018-09-19 19:14:08 - [MESSAGE][PASSED] - Current window maximized

2018-09-19 19:14:11 - [MESSAGE][PASSED] - Refresh successfully

2018-09-19 19:14:11 - [MESSAGE][PASSED] - Wait for page load successfully

2018-09-19 19:14:11 - [MESSAGE][PASSED] - beautytap.GeneralAction.openBeautytap is PASSED

2018-09-19 19:14:11 - [TEST_STEP][PASSED] - beautytap.GeneralAction.clickNavigationMenu: beautytap.GeneralAction.clickNavigationMenu is PASSED

2018-09-19 19:14:14 - [MESSAGE][PASSED] - Object: 'Object Repository/Page_General/link_login' is clicked on

2018-09-19 19:14:14 - [MESSAGE][PASSED] - Wait for page load successfully

2018-09-19 19:14:14 - [MESSAGE][PASSED] - beautytap.GeneralAction.clickNavigationMenu is PASSED

2018-09-19 19:14:14 - [TEST_STEP][PASSED] - beautytap.GeneralAction.login: beautytap.GeneralAction.login is PASSED

2018-09-19 19:14:14 - [MESSAGE][PASSED] - Text of object 'Object Repository/Page_login/txt_username' is cleared

2018-09-19 19:14:14 - [MESSAGE][PASSED] - Keys 'trang2408@mailinator.com' sent to object: 'Object Repository/Page_login/txt_username'

2018-09-19 19:14:15 - [MESSAGE][PASSED] - Text of object 'Object Repository/Page_login/txt_password' is cleared

2018-09-19 19:14:15 - [MESSAGE][PASSED] - Keys '123456' sent to object: 'Object Repository/Page_login/txt_password'

2018-09-19 19:14:15 - [MESSAGE][PASSED] - Object: 'Object Repository/Page_login/btn_login' is clicked on

2018-09-19 19:14:15 - [MESSAGE][PASSED] - Wait for page load successfully

2018-09-19 19:14:15 - [MESSAGE][PASSED] - beautytap.GeneralAction.login is PASSED

2018-09-19 19:14:15 - [TEST_STEP][PASSED] - beautytap.GeneralAction.selectProfileMenu: beautytap.GeneralAction.selectProfileMenu is PASSED

2018-09-19 19:14:23 - [MESSAGE][PASSED] - Object: 'Object Repository/Page_General/link_avatar' is clicked on

2018-09-19 19:14:25 - [MESSAGE][PASSED] - Delayed 2 second(s)

2018-09-19 19:14:28 - [MESSAGE][PASSED] - Object: '' is clicked on

2018-09-19 19:14:28 - [MESSAGE][PASSED] - Wait for page load successfully

2018-09-19 19:14:28 - [MESSAGE][PASSED] - beautytap.GeneralAction.selectProfileMenu is PASSED

2018-09-19 19:14:28 - [TEST_STEP][PASSED] - Statement - newLifetime = java.lang.Float.parseFloat(java.lang.String.format("%.2f", lifetime + rewardEarned)): null

2018-09-19 19:14:28 - [TEST_STEP][PASSED] - Statement - newRedeemable = java.lang.Float.parseFloat(java.lang.String.format("%.2f", newRedeemable + rewardEarned)): null

2018-09-19 19:14:28 - [TEST_STEP][PASSED] - Statement - newPointValue = CustomKeywords.beautytap.ShopAction.calculateLoyaltyPointValue(newRedeemable): beautytap.ShopAction.calculateLoyaltyPointValue is PASSED

2018-09-19 19:14:28 - [MESSAGE][PASSED] - beautytap.ShopAction.calculateLoyaltyPointValue is PASSED

2018-09-19 19:14:28 - [TEST_STEP][PASSED] - beautytap.ShopAction.VerifyRewardPointsDetails: Keyword VerifyRewardPoints is Passed

2018-09-19 19:14:28 - [MESSAGE][PASSED] - Text of object '' is: '4144.81'

2018-09-19 19:14:28 - [MESSAGE][PASSED] - Text of object '' is: '2952.50'

2018-09-19 19:14:28 - [MESSAGE][PASSED] - Text of object '' is: '2134.81'

2018-09-19 19:14:28 - [MESSAGE][PASSED] - Text of object '' is: '$114.00'

2018-09-19 19:14:28 - [MESSAGE][PASSED] - Keyword VerifyRewardPoints is Passed

2018-09-19 19:14:28 - [TEST_STEP][PASSED] - beautytap.ShopAction.VerifyRewardHistory: Keyword VerifyRewardHistory is Passed

2018-09-19 19:14:28 - [MESSAGE][PASSED] - Object '' is present

2018-09-19 19:14:28 - [MESSAGE][PASSED] - Text of object '' is: '60'

2018-09-19 19:14:28 - [MESSAGE][PASSED] - Text of object '' is: '60'

2018-09-19 19:14:28 - [MESSAGE][PASSED] - Text of object '' is: '$93.40'

2018-09-19 19:14:28 - [MESSAGE][PASSED] - Text of object '' is: '1.1'

2018-09-19 19:14:28 - [MESSAGE][PASSED] - Text of object '' is: '102.74'

2018-09-19 19:14:28 - [MESSAGE][PASSED] - Text of object '' is: '2134.81'

2018-09-19 19:14:28 - [MESSAGE][PASSED] - Keyword VerifyRewardHistory is Passed

2018-09-19 19:14:28 - [TEST_STEP][PASSED] - beautytap.GeneralAction.logout: beautytap.GeneralAction.logout is PASSED

2018-09-19 19:14:29 - [MESSAGE][PASSED] - Object: 'Object Repository/Page_General/link_avatar' is clicked on

2018-09-19 19:14:29 - [MESSAGE][PASSED] - Object 'Object Repository/Page_General/menu_logout' is present

2018-09-19 19:14:29 - [MESSAGE][PASSED] - Object: 'Object Repository/Page_General/menu_logout' is clicked on

2018-09-19 19:14:29 - [MESSAGE][PASSED] - Wait for page load successfully

2018-09-19 19:14:30 - [MESSAGE][PASSED] - Browser is closed

2018-09-19 19:14:30 - [MESSAGE][PASSED] - beautytap.GeneralAction.logout is PASSED]]></system-out>
         <system-err><![CDATA[2018-09-19 19:10:16 - [TEST_CASE][FAILED] - Test Cases/Shop/TC08_BuyProduct_UsingRewardPoint: Test Cases/Shop/TC08_BuyProduct_UsingRewardPoint FAILED because (of) Keyword VerifyOrderReceivedDetails is Failed]]></system-err>
      </testcase>
      <system-out><![CDATA[2018-09-19 18:59:53 - [TEST_SUITE][FAILED] - TS1: Test Cases/Shop/TC07_BuyProduct_EarnPendingPoint_EarnRedeemablePoint FAILED because (of) Keyword VerifyOrderDetailsOnCheckout is Failed]]></system-out>
      <system-err><![CDATA[2018-09-19 18:59:53 - [TEST_SUITE][FAILED] - TS1: Test Cases/Shop/TC07_BuyProduct_EarnPendingPoint_EarnRedeemablePoint FAILED because (of) Keyword VerifyOrderDetailsOnCheckout is Failed]]></system-err>
   </testsuite>
</testsuites>
