<?xml version="1.0" encoding="UTF-8"?>
<testsuites name="Regression" time="2379" tests="10" failures="0" errors="0">
   <testsuite name="Regression" tests="10" failures="0" errors="0" time="2379" timestamp="2018-10-08 13:31:17" hostname="Trang Nguyen - DESKTOP-G1UHP65" id="Test Suites/Regression">
      <properties>
         <property name="deviceName" value=""/>
         <property name="devicePlatform" value=""/>
         <property name="logFolder" value="E:\\BeautytapAutomation\\beautytapAuto\\Beautytap\\Reports\\Regression\\20181008_133113"/>
         <property name="logFiles" value="E:\\BeautytapAutomation\\beautytapAuto\\Beautytap\\Reports\\Regression\\20181008_133113\\execution0.log"/>
         <property name="attachments" value="E:\\BeautytapAutomation\\beautytapAuto\\Beautytap\\Reports\\Regression\\20181008_133113\\1538980357046.png, E:\\BeautytapAutomation\\beautytapAuto\\Beautytap\\Reports\\Regression\\20181008_133113\\1538980442938.png, E:\\BeautytapAutomation\\beautytapAuto\\Beautytap\\Reports\\Regression\\20181008_133113\\1538980527583.png, E:\\BeautytapAutomation\\beautytapAuto\\Beautytap\\Reports\\Regression\\20181008_133113\\1538980618345.png, E:\\BeautytapAutomation\\beautytapAuto\\Beautytap\\Reports\\Regression\\20181008_133113\\1538980647091.png, E:\\BeautytapAutomation\\beautytapAuto\\Beautytap\\Reports\\Regression\\20181008_133113\\1538980871775.png, E:\\BeautytapAutomation\\beautytapAuto\\Beautytap\\Reports\\Regression\\20181008_133113\\1538980953610.png, E:\\BeautytapAutomation\\beautytapAuto\\Beautytap\\Reports\\Regression\\20181008_133113\\1538981190940.png, E:\\BeautytapAutomation\\beautytapAuto\\Beautytap\\Reports\\Regression\\20181008_133113\\1538981191262.png, E:\\BeautytapAutomation\\beautytapAuto\\Beautytap\\Reports\\Regression\\20181008_133113\\1538981294717.png, E:\\BeautytapAutomation\\beautytapAuto\\Beautytap\\Reports\\Regression\\20181008_133113\\1538981295019.png, E:\\BeautytapAutomation\\beautytapAuto\\Beautytap\\Reports\\Regression\\20181008_133113\\1538981610724.png, E:\\BeautytapAutomation\\beautytapAuto\\Beautytap\\Reports\\Regression\\20181008_133113\\1538981698023.png, E:\\BeautytapAutomation\\beautytapAuto\\Beautytap\\Reports\\Regression\\20181008_133113\\1538981910020.png, E:\\BeautytapAutomation\\beautytapAuto\\Beautytap\\Reports\\Regression\\20181008_133113\\1538982086162.png, E:\\BeautytapAutomation\\beautytapAuto\\Beautytap\\Reports\\Regression\\20181008_133113\\1538982123952.png, E:\\BeautytapAutomation\\beautytapAuto\\Beautytap\\Reports\\Regression\\20181008_133113\\1538982235503.png, E:\\BeautytapAutomation\\beautytapAuto\\Beautytap\\Reports\\Regression\\20181008_133113\\1538982308061.png, E:\\BeautytapAutomation\\beautytapAuto\\Beautytap\\Reports\\Regression\\20181008_133113\\1538982349868.png, E:\\BeautytapAutomation\\beautytapAuto\\Beautytap\\Reports\\Regression\\20181008_133113\\1538982364336.png, E:\\BeautytapAutomation\\beautytapAuto\\Beautytap\\Reports\\Regression\\20181008_133113\\1538982385194.png, E:\\BeautytapAutomation\\beautytapAuto\\Beautytap\\Reports\\Regression\\20181008_133113\\1538982478150.png, E:\\BeautytapAutomation\\beautytapAuto\\Beautytap\\Reports\\Regression\\20181008_133113\\1538982521115.png, E:\\BeautytapAutomation\\beautytapAuto\\Beautytap\\Reports\\Regression\\20181008_133113\\1538982547281.png"/>
         <property name="hostName" value="Trang Nguyen - DESKTOP-G1UHP65"/>
         <property name="os" value="Windows 10 64bit"/>
         <property name="katalonVersion" value="5.5.0.1"/>
         <property name="browser" value="Chrome 69.0.3497.100"/>
         <property name="hostAddress" value="10.0.0.227"/>
         <property name="sessionId" value="8afdf4bccd5775eef353897575710be4"/>
         <property name="seleniumVersion" value="3.7.1"/>
         <property name="proxyInformation" value="ProxyInformation{proxyOption=NO_PROXY, proxyServerType=HTTP, password=, proxyServerAddress=, proxyServerPort=0}"/>
         <property name="platform" value="Windows 10"/>
      </properties>
      <testcase name="Test Cases/Shop/TC09_ScheduleSale_LimitStock_SimpleProduct" classname="Test Cases/Shop/TC09_ScheduleSale_LimitStock_SimpleProduct" status="PASSED">
         <system-out><![CDATA[2018-10-08 13:31:18 - [TEST_CASE][PASSED] - Test Cases/Shop/TC09_ScheduleSale_LimitStock_SimpleProduct: Test Cases/Shop/TC09_ScheduleSale_LimitStock_SimpleProduct

2018-10-08 13:31:20 - [TEST_STEP][PASSED] - Statement - productName = SCHEDULE_SIMPLE_PRODUCT: null

2018-10-08 13:31:20 - [TEST_STEP][PASSED] - Statement - regularPrice = SCHEDULE_REGULAR_PRICE: null

2018-10-08 13:31:20 - [TEST_STEP][PASSED] - Statement - salePrice = SCHEDULE_SALE_PRICE: null

2018-10-08 13:31:20 - [TEST_STEP][PASSED] - Statement - quantity = 6: null

2018-10-08 13:31:20 - [TEST_STEP][PASSED] - Statement - subtotalRegular = CustomKeywords.beautytap.ShopAction.calculateTotal(quantity, regularPrice): beautytap.ShopAction.calculateTotal is PASSED

2018-10-08 13:31:20 - [MESSAGE][PASSED] - beautytap.ShopAction.calculateTotal is PASSED

2018-10-08 13:31:20 - [TEST_STEP][PASSED] - Statement - subtotalSale = CustomKeywords.beautytap.ShopAction.calculateTotal(1, salePrice): beautytap.ShopAction.calculateTotal is PASSED

2018-10-08 13:31:20 - [MESSAGE][PASSED] - beautytap.ShopAction.calculateTotal is PASSED

2018-10-08 13:31:20 - [TEST_STEP][PASSED] - Statement - shippingType = "free": null

2018-10-08 13:31:20 - [TEST_STEP][PASSED] - Statement - shippingLabel = FREE_SHIPPING_LABEL: null

2018-10-08 13:31:20 - [TEST_STEP][PASSED] - Statement - shippingTypeSale = "normal": null

2018-10-08 13:31:21 - [TEST_STEP][PASSED] - Statement - shippingLabelSale = SHIPPING_LABEL: null

2018-10-08 13:31:21 - [TEST_STEP][PASSED] - Statement - shippingPriceSale = SHIPPING_PRICE: null

2018-10-08 13:31:21 - [TEST_STEP][PASSED] - Statement - totalSale = java.lang.Float.parseFloat(java.lang.String.format("%.2f", subtotalSale + shippingPriceSale)): null

2018-10-08 13:31:21 - [TEST_STEP][PASSED] - Statement - schedulTimeout = 300: null

2018-10-08 13:31:21 - [TEST_STEP][PASSED] - Statement - limitStockSchedule = "yes": null

2018-10-08 13:31:21 - [TEST_STEP][PASSED] - Statement - variation = new org.json.JSONArray(): null

2018-10-08 13:31:21 - [TEST_STEP][PASSED] - Statement - scheduleDelay = 4: null

2018-10-08 13:31:21 - [TEST_STEP][PASSED] - Statement - scheduleDuration = 4: null

2018-10-08 13:31:21 - [TEST_STEP][PASSED] - Statement - paymentMethod = "Amazon Pay": null

2018-10-08 13:31:21 - [TEST_STEP][PASSED] - beautytap.GeneralAction.openBeautytap: beautytap.GeneralAction.openBeautytap is PASSED

2018-10-08 13:31:35 - [MESSAGE][PASSED] - Browser is opened with url: 'https://stage.beautytap.com/wp-admin'

2018-10-08 13:31:37 - [MESSAGE][PASSED] - Current window maximized

2018-10-08 13:31:40 - [MESSAGE][PASSED] - Refresh successfully

2018-10-08 13:31:40 - [MESSAGE][PASSED] - Wait for page load successfully

2018-10-08 13:31:40 - [MESSAGE][PASSED] - beautytap.GeneralAction.openBeautytap is PASSED

2018-10-08 13:31:40 - [TEST_STEP][PASSED] - beautytap.GeneralAction.login: beautytap.GeneralAction.login is PASSED

2018-10-08 13:31:40 - [MESSAGE][PASSED] - Text of object 'Object Repository/Page_login/txt_username' is cleared

2018-10-08 13:31:40 - [MESSAGE][PASSED] - Keys 'mrwhite' sent to object: 'Object Repository/Page_login/txt_username'

2018-10-08 13:31:41 - [MESSAGE][PASSED] - Text of object 'Object Repository/Page_login/txt_password' is cleared

2018-10-08 13:31:41 - [MESSAGE][PASSED] - Keys 'kgySM$Im' sent to object: 'Object Repository/Page_login/txt_password'

2018-10-08 13:31:54 - [MESSAGE][PASSED] - Object: 'Object Repository/Page_login/btn_login' is clicked on

2018-10-08 13:31:54 - [MESSAGE][PASSED] - Wait for page load successfully

2018-10-08 13:31:54 - [MESSAGE][PASSED] - beautytap.GeneralAction.login is PASSED

2018-10-08 13:31:54 - [TEST_STEP][PASSED] - beautytap.AdminAction.selectAdminMenu: beautytap.AdminAction.selectAdminMenu is PASSED

2018-10-08 13:32:02 - [MESSAGE][PASSED] - Object: '' is clicked on

2018-10-08 13:32:02 - [MESSAGE][PASSED] - Wait for page load successfully

2018-10-08 13:32:02 - [MESSAGE][PASSED] - beautytap.AdminAction.selectAdminMenu is PASSED

2018-10-08 13:32:02 - [TEST_STEP][PASSED] - Statement - datetime = CustomKeywords.beautytap.ShopAction.generateScheduleDateTime(TIMEZONE, scheduleDelay, scheduleDuration): beautytap.ShopAction.generateScheduleDateTime is PASSED

2018-10-08 13:32:02 - [MESSAGE][PASSED] - beautytap.ShopAction.generateScheduleDateTime is PASSED

2018-10-08 13:32:02 - [TEST_STEP][PASSED] - Statement - startDate = datetime.get("startdate"): null

2018-10-08 13:32:02 - [TEST_STEP][PASSED] - Statement - endDate = datetime.get("enddate"): null

2018-10-08 13:32:02 - [TEST_STEP][PASSED] - beautytap.AdminAction.scheduleSaleProduct: beautytap.AdminAction.scheduleSaleProduct is PASSED

2018-10-08 13:32:03 - [MESSAGE][PASSED] - Text of object 'Object Repository/Page_Admin/txt_searchProduct' is cleared

2018-10-08 13:32:04 - [MESSAGE][PASSED] - Keys 'PURITO Defence Barrier pH Cleanser 150ml' sent to object: 'Object Repository/Page_Admin/txt_searchProduct'

2018-10-08 13:32:08 - [MESSAGE][PASSED] - Object: 'Object Repository/Page_Admin/btn_searchProduct' is clicked on

2018-10-08 13:32:21 - [MESSAGE][PASSED] - Object: '' is clicked on

2018-10-08 13:32:31 - [MESSAGE][PASSED] - Delayed 10 second(s)

2018-10-08 13:32:37 - [MESSAGE][WARNING] - com.kms.katalon.core.webui.exception.WebElementNotFoundException: Web element with id: 'Object Repository/Page_Admin/link_schedule' located by 'By.xpath: //a[@class='sale_schedule' and text()='Schedule' and not(@style='display: none;')]' not found
[[ATTACHMENT|E:\\BeautytapAutomation\\beautytapAuto\\Beautytap\\Reports\\Regression\\20181008_133113\\1538980357046.png]]

2018-10-08 13:32:37 - [MESSAGE][PASSED] - Text of object 'Object Repository/Page_Admin/txt_salePrice' is cleared

2018-10-08 13:32:38 - [MESSAGE][PASSED] - Keys '10.8' sent to object: 'Object Repository/Page_Admin/txt_salePrice'

2018-10-08 13:32:38 - [MESSAGE][PASSED] - Text of object 'Object Repository/Page_Admin/txt_salePriceDateFrom' is cleared

2018-10-08 13:32:39 - [MESSAGE][PASSED] - Keys '2018-10-08 06:36:02' sent to object: 'Object Repository/Page_Admin/txt_salePriceDateFrom'

2018-10-08 13:32:39 - [MESSAGE][PASSED] - Text of object 'Object Repository/Page_Admin/txt_salePriceDateTo' is cleared

2018-10-08 13:32:40 - [MESSAGE][PASSED] - Keys '2018-10-08 06:40:02' sent to object: 'Object Repository/Page_Admin/txt_salePriceDateTo'

2018-10-08 13:32:40 - [MESSAGE][PASSED] - Object 'Object Repository/Page_Admin/chk_soldIndividualScheduled' is checked

2018-10-08 13:32:40 - [MESSAGE][PASSED] - Object: 'Object Repository/Page_Admin/txt_productName' is focused

2018-10-08 13:32:50 - [MESSAGE][PASSED] - Delayed 10 second(s)

2018-10-08 13:32:50 - [MESSAGE][PASSED] - Object: 'Object Repository/Page_Admin/btn_updateProduct' is clicked on

2018-10-08 13:33:04 - [MESSAGE][PASSED] - Object 'Object Repository/Page_Admin/lbl_productUpdatedMessage' is present

2018-10-08 13:33:04 - [MESSAGE][PASSED] - Wait for page load successfully

2018-10-08 13:33:04 - [MESSAGE][PASSED] - beautytap.AdminAction.scheduleSaleProduct is PASSED

2018-10-08 13:33:04 - [TEST_STEP][PASSED] - closeBrowser: Browser is closed

2018-10-08 13:33:05 - [MESSAGE][PASSED] - Browser is closed

2018-10-08 13:33:05 - [TEST_STEP][PASSED] - beautytap.GeneralAction.openBeautytap: beautytap.GeneralAction.openBeautytap is PASSED

2018-10-08 13:33:27 - [MESSAGE][PASSED] - Browser is opened with url: 'https://stage.beautytap.com'

2018-10-08 13:33:29 - [MESSAGE][PASSED] - Current window maximized

2018-10-08 13:33:34 - [MESSAGE][PASSED] - Refresh successfully

2018-10-08 13:33:34 - [MESSAGE][PASSED] - Wait for page load successfully

2018-10-08 13:33:34 - [MESSAGE][PASSED] - beautytap.GeneralAction.openBeautytap is PASSED

2018-10-08 13:33:34 - [TEST_STEP][PASSED] - beautytap.ShopAction.globalSearch: beautytap.ShopAction.globalSearch is PASSED

2018-10-08 13:33:34 - [MESSAGE][PASSED] - Object: 'Object Repository/Page_General/icon_search' is clicked on

2018-10-08 13:33:39 - [MESSAGE][PASSED] - Delayed 5 second(s)

2018-10-08 13:33:39 - [MESSAGE][PASSED] - Text of object 'Object Repository/Page_General/txt_search' is cleared

2018-10-08 13:33:40 - [MESSAGE][PASSED] - Keys 'CONTROL + v' sent to object: 'Object Repository/Page_General/txt_search'

2018-10-08 13:33:45 - [MESSAGE][PASSED] - Delayed 5 second(s)

2018-10-08 13:33:45 - [MESSAGE][PASSED] - beautytap.ShopAction.globalSearch is PASSED

2018-10-08 13:33:45 - [TEST_STEP][PASSED] - beautytap.ShopAction.VerifyProductOnSearchResult: beautytap.ShopAction.VerifyProductOnSearchResult is PASSED

2018-10-08 13:33:45 - [MESSAGE][PASSED] - beautytap.ShopAction.VerifyProductOnSearchResult is PASSED

2018-10-08 13:33:45 - [TEST_STEP][PASSED] - beautytap.ShopAction.selectSearchResult: beautytap.ShopAction.selectSearchResult is PASSED

2018-10-08 13:33:45 - [MESSAGE][PASSED] - Text of object '' is: 'PURITO Defence Barrier pH Cleanser 150ml'

2018-10-08 13:33:45 - [MESSAGE][PASSED] - Object '' is present

2018-10-08 13:33:50 - [MESSAGE][PASSED] - Object: '' is clicked on

2018-10-08 13:33:50 - [MESSAGE][PASSED] - Wait for page load successfully

2018-10-08 13:33:50 - [MESSAGE][PASSED] - beautytap.ShopAction.selectSearchResult is PASSED

2018-10-08 13:33:50 - [TEST_STEP][PASSED] - beautytap.ShopAction.VerifyProductDetails: Keyword VerifyProductDetails is Passed

2018-10-08 13:33:50 - [MESSAGE][PASSED] - Text of object '' is: 'PURITO Defence Barrier pH Cleanser 150ml'

2018-10-08 13:33:50 - [MESSAGE][PASSED] - Text of object '' is: '$12.80'

2018-10-08 13:33:50 - [MESSAGE][PASSED] - Get CSS 'color' value on '' successfully: 'rgba(255, 35, 134, 1)'.

2018-10-08 13:33:50 - [MESSAGE][PASSED] - Keyword VerifyProductDetails is Passed

2018-10-08 13:33:50 - [TEST_STEP][PASSED] - beautytap.ShopAction.selectCategory: beautytap.ShopAction.selectCategory is PASSED

2018-10-08 13:33:57 - [MESSAGE][PASSED] - Object: '' is clicked on

2018-10-08 13:33:57 - [MESSAGE][PASSED] - Wait for page load successfully

2018-10-08 13:33:57 - [MESSAGE][PASSED] - beautytap.ShopAction.selectCategory is PASSED

2018-10-08 13:33:57 - [TEST_STEP][PASSED] - beautytap.ShopAction.findProductOnProductList: beautytap.ShopAction.findProductOnProductList is PASSED

2018-10-08 13:33:57 - [MESSAGE][PASSED] - Text of object '' is: '77'

2018-10-08 13:34:03 - [MESSAGE][WARNING] - com.kms.katalon.core.webui.exception.WebElementNotFoundException: Web element with id: '' located by 'By.xpath: //a[text()='PURITO Defence Barrier pH Cleanser 150ml']' not found
[[ATTACHMENT|E:\\BeautytapAutomation\\beautytapAuto\\Beautytap\\Reports\\Regression\\20181008_133113\\1538980442938.png]]

2018-10-08 13:34:12 - [MESSAGE][PASSED] - Object: '' is clicked on

2018-10-08 13:34:12 - [MESSAGE][PASSED] - Wait for page load successfully

2018-10-08 13:34:12 - [MESSAGE][PASSED] - Object '' is present

2018-10-08 13:34:12 - [MESSAGE][PASSED] - beautytap.ShopAction.findProductOnProductList is PASSED

2018-10-08 13:34:12 - [TEST_STEP][PASSED] - beautytap.ShopAction.VerifyProductOnProductList: Keyword VerifyProductOnProductList is Passed

2018-10-08 13:34:12 - [MESSAGE][PASSED] - Object '' is present

2018-10-08 13:34:12 - [MESSAGE][PASSED] - Text of object '' is: '$12.80'

2018-10-08 13:34:12 - [MESSAGE][PASSED] - Get CSS 'color' value on '' successfully: 'rgba(255, 35, 134, 1)'.

2018-10-08 13:34:12 - [MESSAGE][PASSED] - Get CSS 'color' value on '' successfully: 'rgba(255, 35, 134, 1)'.

2018-10-08 13:34:12 - [MESSAGE][PASSED] - Keyword VerifyProductOnProductList is Passed

2018-10-08 13:34:12 - [TEST_STEP][PASSED] - beautytap.ShopAction.selectProductOnProductList: beautytap.ShopAction.selectProductOnProductList is PASSED

2018-10-08 13:34:17 - [MESSAGE][PASSED] - Object: '' is clicked on

2018-10-08 13:34:17 - [MESSAGE][PASSED] - Wait for page load successfully

2018-10-08 13:34:17 - [MESSAGE][PASSED] - beautytap.ShopAction.selectProductOnProductList is PASSED

2018-10-08 13:34:17 - [TEST_STEP][PASSED] - beautytap.ShopAction.addProductToCart: beautytap.ShopAction.addProductToCart is PASSED

2018-10-08 13:34:17 - [MESSAGE][PASSED] - Text of object 'Object Repository/Page_Shop/txt_quantity' is cleared

2018-10-08 13:34:18 - [MESSAGE][PASSED] - Keys '6' sent to object: 'Object Repository/Page_Shop/txt_quantity'

2018-10-08 13:34:18 - [MESSAGE][PASSED] - Object: 'Object Repository/Page_Shop/btn_addToCart' is clicked on

2018-10-08 13:34:18 - [MESSAGE][PASSED] - Wait for page load successfully

2018-10-08 13:34:23 - [MESSAGE][PASSED] - Object 'Object Repository/Page_Shop/lbl_message' is present

2018-10-08 13:34:23 - [MESSAGE][PASSED] - beautytap.ShopAction.addProductToCart is PASSED

2018-10-08 13:34:23 - [TEST_STEP][PASSED] - beautytap.ShopAction.goToCart: beautytap.ShopAction.goToCart is PASSED

2018-10-08 13:34:23 - [MESSAGE][PASSED] - Object 'Object Repository/Page_General/icon_cart' is present

2018-10-08 13:34:28 - [MESSAGE][PASSED] - Object: 'Object Repository/Page_General/icon_cart' is clicked on

2018-10-08 13:34:28 - [MESSAGE][PASSED] - Wait for page load successfully

2018-10-08 13:34:28 - [MESSAGE][PASSED] - beautytap.ShopAction.goToCart is PASSED

2018-10-08 13:34:28 - [TEST_STEP][PASSED] - beautytap.ShopAction.VerifyProductInCart: Keyword VerifyProductInCart is Passed

2018-10-08 13:34:28 - [MESSAGE][PASSED] - Object '' is present

2018-10-08 13:34:28 - [MESSAGE][PASSED] - Object '' is present

2018-10-08 13:34:29 - [MESSAGE][PASSED] - Text of object '' is: '$12.80'

2018-10-08 13:34:29 - [MESSAGE][PASSED] - Attribute 'value' of object '' is: '6'

2018-10-08 13:34:29 - [MESSAGE][PASSED] - Text of object '' is: '$76.80'

2018-10-08 13:34:29 - [MESSAGE][PASSED] - Keyword VerifyProductInCart is Passed

2018-10-08 13:34:29 - [TEST_STEP][PASSED] - beautytap.ShopAction.loginAmazonPay: beautytap.ShopAction.loginAmazonPay is PASSED

2018-10-08 13:34:30 - [MESSAGE][PASSED] - Object: 'Object Repository/Page_Cart/btn_payWithAmazon' is clicked on

2018-10-08 13:34:30 - [MESSAGE][PASSED] - Switched to window with index: '1'

2018-10-08 13:34:31 - [MESSAGE][PASSED] - Object 'Object Repository/Popup_Amazon/txt_email' is present

2018-10-08 13:34:31 - [MESSAGE][PASSED] - Text of object 'Object Repository/Popup_Amazon/txt_email' is cleared

2018-10-08 13:34:32 - [MESSAGE][PASSED] - Keys 'amazontest1503@yopmail.com' sent to object: 'Object Repository/Popup_Amazon/txt_email'

2018-10-08 13:34:32 - [MESSAGE][PASSED] - Text of object 'Object Repository/Popup_Amazon/txt_password' is cleared

2018-10-08 13:34:32 - [MESSAGE][PASSED] - Keys '123456' sent to object: 'Object Repository/Popup_Amazon/txt_password'

2018-10-08 13:34:35 - [MESSAGE][PASSED] - Object: 'Object Repository/Popup_Amazon/btn_signin' is clicked on

2018-10-08 13:34:35 - [MESSAGE][PASSED] - Switched to window with index: '0'

2018-10-08 13:35:05 - [MESSAGE][PASSED] - Delayed 30 second(s)

2018-10-08 13:35:05 - [MESSAGE][PASSED] - beautytap.ShopAction.loginAmazonPay is PASSED

2018-10-08 13:35:05 - [TEST_STEP][PASSED] - Statement - productArray = "[{"productname":"" + productName + "","variation":"","quantity":"" + quantity + "","price":"" + regularPrice + ""}]": null

2018-10-08 13:35:05 - [TEST_STEP][PASSED] - Statement - products = new org.json.JSONArray(productArray): null

2018-10-08 13:35:05 - [TEST_STEP][PASSED] - beautytap.ShopAction.VerifyOrderDetailsOnCheckout: Keyword VerifyOrderDetailsOnCheckout is Passed

2018-10-08 13:35:05 - [MESSAGE][PASSED] - Object '' is present

2018-10-08 13:35:06 - [MESSAGE][PASSED] - Text of object '' is: '$76.80'

2018-10-08 13:35:06 - [MESSAGE][PASSED] - Text of object '' is: 'Free shipping for orders over $60
Why does shipping take this long?'

2018-10-08 13:35:06 - [MESSAGE][PASSED] - Text of object '' is: '$76.80'

2018-10-08 13:35:06 - [MESSAGE][PASSED] - Keyword VerifyOrderDetailsOnCheckout is Passed

2018-10-08 13:35:06 - [TEST_STEP][PASSED] - beautytap.ShopAction.checkoutViaAmazonPay: beautytap.ShopAction.checkoutViaAmazonPay is PASSED

2018-10-08 13:35:06 - [MESSAGE][PASSED] - Object 'Object Repository/Page_Checkout/chk_terms' is clickable

2018-10-08 13:35:06 - [MESSAGE][PASSED] - Object 'Object Repository/Page_Checkout/chk_terms' is checked

2018-10-08 13:35:06 - [MESSAGE][PASSED] - Object: 'Object Repository/Page_Checkout/btn_placeOrder' is clicked on

2018-10-08 13:35:21 - [MESSAGE][PASSED] - Object 'Object Repository/Page_Checkout/lbl_orderReceived' is present

2018-10-08 13:35:21 - [MESSAGE][PASSED] - beautytap.ShopAction.checkoutViaAmazonPay is PASSED

2018-10-08 13:35:21 - [TEST_STEP][PASSED] - beautytap.ShopAction.VerifyOrderReceivedDetails: Keyword VerifyOrderReceivedDetails is Passed

2018-10-08 13:35:22 - [MESSAGE][PASSED] - Object '' is present

2018-10-08 13:35:22 - [MESSAGE][PASSED] - Text of object '' is: '$76.80'

2018-10-08 13:35:22 - [MESSAGE][PASSED] - Text of object '' is: 'Free shipping for orders over $60'

2018-10-08 13:35:27 - [MESSAGE][WARNING] - com.kms.katalon.core.webui.exception.WebElementNotFoundException: Web element with id: '' located by 'By.xpath: //th[text()='Shipping:']/parent::tr/td/span' not found
[[ATTACHMENT|E:\\BeautytapAutomation\\beautytapAuto\\Beautytap\\Reports\\Regression\\20181008_133113\\1538980527583.png]]

2018-10-08 13:35:27 - [MESSAGE][PASSED] - Text of object '' is: 'Amazon Pay'

2018-10-08 13:35:28 - [MESSAGE][PASSED] - Text of object '' is: '$76.80'

2018-10-08 13:35:28 - [MESSAGE][PASSED] - Keyword VerifyOrderReceivedDetails is Passed

2018-10-08 13:35:28 - [TEST_STEP][PASSED] - beautytap.ShopAction.waitForSchedule: beautytap.ShopAction.waitForSchedule is PASSED

2018-10-08 13:35:58 - [MESSAGE][PASSED] - Delayed 30 second(s)

2018-10-08 13:36:28 - [MESSAGE][PASSED] - Delayed 30 second(s)

2018-10-08 13:36:28 - [MESSAGE][PASSED] - beautytap.ShopAction.waitForSchedule is PASSED

2018-10-08 13:36:28 - [TEST_STEP][PASSED] - beautytap.ShopAction.globalSearch: beautytap.ShopAction.globalSearch is PASSED

2018-10-08 13:36:28 - [MESSAGE][PASSED] - Object: 'Object Repository/Page_General/icon_search' is clicked on

2018-10-08 13:36:33 - [MESSAGE][PASSED] - Delayed 5 second(s)

2018-10-08 13:36:33 - [MESSAGE][PASSED] - Text of object 'Object Repository/Page_General/txt_search' is cleared

2018-10-08 13:36:33 - [MESSAGE][PASSED] - Keys 'CONTROL + v' sent to object: 'Object Repository/Page_General/txt_search'

2018-10-08 13:36:38 - [MESSAGE][PASSED] - Delayed 5 second(s)

2018-10-08 13:36:38 - [MESSAGE][PASSED] - beautytap.ShopAction.globalSearch is PASSED

2018-10-08 13:36:38 - [TEST_STEP][PASSED] - beautytap.ShopAction.VerifyProductOnSearchResult: beautytap.ShopAction.VerifyProductOnSearchResult is PASSED

2018-10-08 13:36:38 - [MESSAGE][PASSED] - beautytap.ShopAction.VerifyProductOnSearchResult is PASSED

2018-10-08 13:36:38 - [TEST_STEP][PASSED] - beautytap.ShopAction.selectSearchResult: beautytap.ShopAction.selectSearchResult is PASSED

2018-10-08 13:36:38 - [MESSAGE][PASSED] - Text of object '' is: 'PURITO Defence Barrier pH Cleanser 150ml'

2018-10-08 13:36:38 - [MESSAGE][PASSED] - Object '' is present

2018-10-08 13:36:44 - [MESSAGE][PASSED] - Object: '' is clicked on

2018-10-08 13:36:44 - [MESSAGE][PASSED] - Wait for page load successfully

2018-10-08 13:36:44 - [MESSAGE][PASSED] - beautytap.ShopAction.selectSearchResult is PASSED

2018-10-08 13:36:44 - [TEST_STEP][PASSED] - beautytap.ShopAction.VerifyProductDetails: Keyword VerifyProductDetails is Passed

2018-10-08 13:36:44 - [MESSAGE][PASSED] - Text of object '' is: 'PURITO Defence Barrier pH Cleanser 150ml'

2018-10-08 13:36:44 - [MESSAGE][PASSED] - Text of object '' is: '$12.80'

2018-10-08 13:36:44 - [MESSAGE][PASSED] - Get CSS 'color' value on '' successfully: 'rgba(195, 195, 195, 1)'.

2018-10-08 13:36:45 - [MESSAGE][PASSED] - Text of object '' is: '$10.80'

2018-10-08 13:36:45 - [MESSAGE][PASSED] - Get CSS 'color' value on '' successfully: 'rgba(255, 35, 134, 1)'.

2018-10-08 13:36:45 - [MESSAGE][PASSED] - Keyword VerifyProductDetails is Passed

2018-10-08 13:36:45 - [TEST_STEP][PASSED] - beautytap.ShopAction.selectCategory: beautytap.ShopAction.selectCategory is PASSED

2018-10-08 13:36:53 - [MESSAGE][PASSED] - Object: '' is clicked on

2018-10-08 13:36:53 - [MESSAGE][PASSED] - Wait for page load successfully

2018-10-08 13:36:53 - [MESSAGE][PASSED] - beautytap.ShopAction.selectCategory is PASSED

2018-10-08 13:36:53 - [TEST_STEP][PASSED] - beautytap.ShopAction.findProductOnProductList: beautytap.ShopAction.findProductOnProductList is PASSED

2018-10-08 13:36:53 - [MESSAGE][PASSED] - Text of object '' is: '77'

2018-10-08 13:36:58 - [MESSAGE][WARNING] - com.kms.katalon.core.webui.exception.WebElementNotFoundException: Web element with id: '' located by 'By.xpath: //a[text()='PURITO Defence Barrier pH Cleanser 150ml']' not found
[[ATTACHMENT|E:\\BeautytapAutomation\\beautytapAuto\\Beautytap\\Reports\\Regression\\20181008_133113\\1538980618345.png]]

2018-10-08 13:37:06 - [MESSAGE][PASSED] - Object: '' is clicked on

2018-10-08 13:37:06 - [MESSAGE][PASSED] - Wait for page load successfully

2018-10-08 13:37:06 - [MESSAGE][PASSED] - Object '' is present

2018-10-08 13:37:06 - [MESSAGE][PASSED] - beautytap.ShopAction.findProductOnProductList is PASSED

2018-10-08 13:37:06 - [TEST_STEP][PASSED] - beautytap.ShopAction.VerifyProductOnProductList: Keyword VerifyProductOnProductList is Passed

2018-10-08 13:37:06 - [MESSAGE][PASSED] - Object '' is present

2018-10-08 13:37:06 - [MESSAGE][PASSED] - Text of object '' is: '$12.80'

2018-10-08 13:37:07 - [MESSAGE][PASSED] - Get CSS 'color' value on '' successfully: 'rgba(195, 195, 195, 1)'.

2018-10-08 13:37:07 - [MESSAGE][PASSED] - Get CSS 'color' value on '' successfully: 'rgba(195, 195, 195, 1)'.

2018-10-08 13:37:07 - [MESSAGE][PASSED] - Text of object '' is: '$10.80'

2018-10-08 13:37:07 - [MESSAGE][PASSED] - Get CSS 'color' value on '' successfully: 'rgba(255, 35, 134, 1)'.

2018-10-08 13:37:07 - [MESSAGE][PASSED] - Get CSS 'color' value on '' successfully: 'rgba(255, 35, 134, 1)'.

2018-10-08 13:37:07 - [MESSAGE][PASSED] - Keyword VerifyProductOnProductList is Passed

2018-10-08 13:37:07 - [TEST_STEP][PASSED] - verifyElementNotPresent: Web element with id: 'Object Repository/Page_Shop/txt_quantity' located by 'By.xpath: //input[@name='quantity']' is not present after '5' second(s)

2018-10-08 13:37:07 - [MESSAGE][PASSED] - Web element with id: 'Object Repository/Page_Shop/txt_quantity' located by 'By.xpath: //input[@name='quantity']' is not present after '5' second(s)

2018-10-08 13:37:07 - [TEST_STEP][PASSED] - beautytap.ShopAction.selectProductOnProductList: beautytap.ShopAction.selectProductOnProductList is PASSED

2018-10-08 13:37:12 - [MESSAGE][PASSED] - Object: '' is clicked on

2018-10-08 13:37:12 - [MESSAGE][PASSED] - Wait for page load successfully

2018-10-08 13:37:12 - [MESSAGE][PASSED] - beautytap.ShopAction.selectProductOnProductList is PASSED

2018-10-08 13:37:12 - [TEST_STEP][PASSED] - beautytap.ShopAction.addProductToCart: beautytap.ShopAction.addProductToCart is PASSED

2018-10-08 13:37:12 - [MESSAGE][PASSED] - Object: 'Object Repository/Page_Shop/btn_addToCart' is clicked on

2018-10-08 13:37:12 - [MESSAGE][PASSED] - Wait for page load successfully

2018-10-08 13:37:17 - [MESSAGE][PASSED] - Object 'Object Repository/Page_Shop/lbl_message' is present

2018-10-08 13:37:17 - [MESSAGE][PASSED] - beautytap.ShopAction.addProductToCart is PASSED

2018-10-08 13:37:17 - [TEST_STEP][PASSED] - beautytap.ShopAction.goToCart: beautytap.ShopAction.goToCart is PASSED

2018-10-08 13:37:17 - [MESSAGE][PASSED] - Object 'Object Repository/Page_General/icon_cart' is present

2018-10-08 13:37:21 - [MESSAGE][PASSED] - Object: 'Object Repository/Page_General/icon_cart' is clicked on

2018-10-08 13:37:21 - [MESSAGE][PASSED] - Wait for page load successfully

2018-10-08 13:37:21 - [MESSAGE][PASSED] - beautytap.ShopAction.goToCart is PASSED

2018-10-08 13:37:21 - [TEST_STEP][PASSED] - beautytap.ShopAction.VerifyProductInCart: Keyword VerifyProductInCart is Passed

2018-10-08 13:37:27 - [MESSAGE][WARNING] - com.kms.katalon.core.webui.exception.WebElementNotFoundException: Web element with id: '' located by 'By.xpath: //a[text()='PURITO Defence Barrier pH Cleanser 150ml']/ancestor::tr/td[5]/div/input' not found
[[ATTACHMENT|E:\\BeautytapAutomation\\beautytapAuto\\Beautytap\\Reports\\Regression\\20181008_133113\\1538980647091.png]]

2018-10-08 13:37:27 - [MESSAGE][PASSED] - Object '' is present

2018-10-08 13:37:27 - [MESSAGE][PASSED] - Text of object '' is: '$10.80'

2018-10-08 13:37:27 - [MESSAGE][PASSED] - Text of object '' is: '1'

2018-10-08 13:37:27 - [MESSAGE][PASSED] - Text of object '' is: '$10.80'

2018-10-08 13:37:27 - [MESSAGE][PASSED] - Keyword VerifyProductInCart is Passed

2018-10-08 13:37:27 - [TEST_STEP][PASSED] - beautytap.ShopAction.processToCheckout: beautytap.ShopAction.processToCheckout is PASSED

2018-10-08 13:37:33 - [MESSAGE][PASSED] - Object: 'Object Repository/Page_Cart/btn_checkout' is clicked on

2018-10-08 13:37:33 - [MESSAGE][PASSED] - Wait for page load successfully

2018-10-08 13:37:33 - [MESSAGE][PASSED] - beautytap.ShopAction.processToCheckout is PASSED

2018-10-08 13:37:33 - [TEST_STEP][PASSED] - beautytap.ShopAction.loginAmazonPay: beautytap.ShopAction.loginAmazonPay is PASSED

2018-10-08 13:37:34 - [MESSAGE][PASSED] - Object: 'Object Repository/Page_Checkout/btn_amazonPay' is clicked on

2018-10-08 13:37:34 - [MESSAGE][PASSED] - Switched to window with index: '1'

2018-10-08 13:37:35 - [MESSAGE][PASSED] - Object 'Object Repository/Popup_Amazon/txt_email' is present

2018-10-08 13:37:35 - [MESSAGE][PASSED] - Text of object 'Object Repository/Popup_Amazon/txt_email' is cleared

2018-10-08 13:37:35 - [MESSAGE][PASSED] - Keys 'amazontest1503@yopmail.com' sent to object: 'Object Repository/Popup_Amazon/txt_email'

2018-10-08 13:37:35 - [MESSAGE][PASSED] - Text of object 'Object Repository/Popup_Amazon/txt_password' is cleared

2018-10-08 13:37:35 - [MESSAGE][PASSED] - Keys '123456' sent to object: 'Object Repository/Popup_Amazon/txt_password'

2018-10-08 13:37:38 - [MESSAGE][PASSED] - Object: 'Object Repository/Popup_Amazon/btn_signin' is clicked on

2018-10-08 13:37:38 - [MESSAGE][PASSED] - Switched to window with index: '0'

2018-10-08 13:38:08 - [MESSAGE][PASSED] - Delayed 30 second(s)

2018-10-08 13:38:08 - [MESSAGE][PASSED] - beautytap.ShopAction.loginAmazonPay is PASSED

2018-10-08 13:38:08 - [TEST_STEP][PASSED] - Statement - productArraySale = "[{"productname":"" + productName + "","variation":"","quantity":"1","price":"" + salePrice + ""}]": null

2018-10-08 13:38:08 - [TEST_STEP][PASSED] - Statement - productSale = new org.json.JSONArray(productArraySale): null

2018-10-08 13:38:08 - [TEST_STEP][PASSED] - beautytap.ShopAction.VerifyOrderDetailsOnCheckout: Keyword VerifyOrderDetailsOnCheckout is Passed

2018-10-08 13:38:08 - [MESSAGE][PASSED] - Object '' is present

2018-10-08 13:38:08 - [MESSAGE][PASSED] - Text of object '' is: '$10.80'

2018-10-08 13:38:08 - [MESSAGE][PASSED] - Object '' has attribute 'checked'

2018-10-08 13:38:09 - [MESSAGE][PASSED] - Text of object '' is: '($12.50) Pantos (est. 14-25 working days including processing): $12.50'

2018-10-08 13:38:09 - [MESSAGE][PASSED] - Text of object '' is: '$12.50'

2018-10-08 13:38:09 - [MESSAGE][PASSED] - Text of object '' is: '$23.30'

2018-10-08 13:38:09 - [MESSAGE][PASSED] - Keyword VerifyOrderDetailsOnCheckout is Passed

2018-10-08 13:38:09 - [TEST_STEP][PASSED] - beautytap.ShopAction.checkoutViaAmazonPay: beautytap.ShopAction.checkoutViaAmazonPay is PASSED

2018-10-08 13:38:09 - [MESSAGE][PASSED] - Object 'Object Repository/Page_Checkout/chk_terms' is clickable

2018-10-08 13:38:09 - [MESSAGE][PASSED] - Object 'Object Repository/Page_Checkout/chk_terms' is checked

2018-10-08 13:38:09 - [MESSAGE][PASSED] - Object: 'Object Repository/Page_Checkout/btn_placeOrder' is clicked on

2018-10-08 13:38:21 - [MESSAGE][PASSED] - Object 'Object Repository/Page_Checkout/lbl_orderReceived' is present

2018-10-08 13:38:21 - [MESSAGE][PASSED] - beautytap.ShopAction.checkoutViaAmazonPay is PASSED

2018-10-08 13:38:21 - [TEST_STEP][PASSED] - beautytap.ShopAction.VerifyOrderReceivedDetails: Keyword VerifyOrderReceivedDetails is Passed

2018-10-08 13:38:21 - [MESSAGE][PASSED] - Object '' is present

2018-10-08 13:38:21 - [MESSAGE][PASSED] - Text of object '' is: '$10.80'

2018-10-08 13:38:21 - [MESSAGE][PASSED] - Text of object '' is: '$12.50 via ($12.50) Pantos (est. 14-25 working days including processing)'

2018-10-08 13:38:21 - [MESSAGE][PASSED] - Object '' is present

2018-10-08 13:38:21 - [MESSAGE][PASSED] - Text of object '' is: '$12.50'

2018-10-08 13:38:21 - [MESSAGE][PASSED] - Text of object '' is: 'Amazon Pay'

2018-10-08 13:38:21 - [MESSAGE][PASSED] - Text of object '' is: '$23.30'

2018-10-08 13:38:21 - [MESSAGE][PASSED] - Keyword VerifyOrderReceivedDetails is Passed

2018-10-08 13:38:21 - [TEST_STEP][PASSED] - beautytap.ShopAction.waitForSchedule: beautytap.ShopAction.waitForSchedule is PASSED

2018-10-08 13:38:51 - [MESSAGE][PASSED] - Delayed 30 second(s)

2018-10-08 13:39:21 - [MESSAGE][PASSED] - Delayed 30 second(s)

2018-10-08 13:39:51 - [MESSAGE][PASSED] - Delayed 30 second(s)

2018-10-08 13:40:21 - [MESSAGE][PASSED] - Delayed 30 second(s)

2018-10-08 13:40:21 - [MESSAGE][PASSED] - beautytap.ShopAction.waitForSchedule is PASSED

2018-10-08 13:40:21 - [TEST_STEP][PASSED] - beautytap.GeneralAction.openBeautytap: beautytap.GeneralAction.openBeautytap is PASSED

2018-10-08 13:40:21 - [MESSAGE][WARNING] - A browser is already opened. Closing browser and opening a new one

2018-10-08 13:40:36 - [MESSAGE][PASSED] - Browser is opened with url: 'https://stage.beautytap.com'

2018-10-08 13:40:37 - [MESSAGE][PASSED] - Current window maximized

2018-10-08 13:40:43 - [MESSAGE][PASSED] - Refresh successfully

2018-10-08 13:40:43 - [MESSAGE][PASSED] - Wait for page load successfully

2018-10-08 13:40:43 - [MESSAGE][PASSED] - beautytap.GeneralAction.openBeautytap is PASSED

2018-10-08 13:40:43 - [TEST_STEP][PASSED] - beautytap.ShopAction.globalSearch: beautytap.ShopAction.globalSearch is PASSED

2018-10-08 13:40:43 - [MESSAGE][PASSED] - Object: 'Object Repository/Page_General/icon_search' is clicked on

2018-10-08 13:40:48 - [MESSAGE][PASSED] - Delayed 5 second(s)

2018-10-08 13:40:48 - [MESSAGE][PASSED] - Text of object 'Object Repository/Page_General/txt_search' is cleared

2018-10-08 13:40:48 - [MESSAGE][PASSED] - Keys 'CONTROL + v' sent to object: 'Object Repository/Page_General/txt_search'

2018-10-08 13:40:53 - [MESSAGE][PASSED] - Delayed 5 second(s)

2018-10-08 13:40:53 - [MESSAGE][PASSED] - beautytap.ShopAction.globalSearch is PASSED

2018-10-08 13:40:53 - [TEST_STEP][PASSED] - beautytap.ShopAction.VerifyProductOnSearchResult: beautytap.ShopAction.VerifyProductOnSearchResult is PASSED

2018-10-08 13:40:53 - [MESSAGE][PASSED] - beautytap.ShopAction.VerifyProductOnSearchResult is PASSED

2018-10-08 13:40:53 - [TEST_STEP][PASSED] - beautytap.ShopAction.selectSearchResult: beautytap.ShopAction.selectSearchResult is PASSED

2018-10-08 13:40:53 - [MESSAGE][PASSED] - Text of object '' is: 'PURITO Defence Barrier pH Cleanser 150ml'

2018-10-08 13:40:53 - [MESSAGE][PASSED] - Object '' is present

2018-10-08 13:41:00 - [MESSAGE][PASSED] - Object: '' is clicked on

2018-10-08 13:41:00 - [MESSAGE][PASSED] - Wait for page load successfully

2018-10-08 13:41:00 - [MESSAGE][PASSED] - beautytap.ShopAction.selectSearchResult is PASSED

2018-10-08 13:41:00 - [TEST_STEP][PASSED] - beautytap.ShopAction.VerifyProductDetails: Keyword VerifyProductDetails is Passed

2018-10-08 13:41:00 - [MESSAGE][PASSED] - Text of object '' is: 'PURITO Defence Barrier pH Cleanser 150ml'

2018-10-08 13:41:00 - [MESSAGE][PASSED] - Text of object '' is: '$12.80'

2018-10-08 13:41:00 - [MESSAGE][PASSED] - Get CSS 'color' value on '' successfully: 'rgba(255, 35, 134, 1)'.

2018-10-08 13:41:00 - [MESSAGE][PASSED] - Keyword VerifyProductDetails is Passed

2018-10-08 13:41:00 - [TEST_STEP][PASSED] - beautytap.ShopAction.selectCategory: beautytap.ShopAction.selectCategory is PASSED

2018-10-08 13:41:06 - [MESSAGE][PASSED] - Object: '' is clicked on

2018-10-08 13:41:06 - [MESSAGE][PASSED] - Wait for page load successfully

2018-10-08 13:41:06 - [MESSAGE][PASSED] - beautytap.ShopAction.selectCategory is PASSED

2018-10-08 13:41:06 - [TEST_STEP][PASSED] - beautytap.ShopAction.findProductOnProductList: beautytap.ShopAction.findProductOnProductList is PASSED

2018-10-08 13:41:06 - [MESSAGE][PASSED] - Text of object '' is: '77'

2018-10-08 13:41:12 - [MESSAGE][WARNING] - com.kms.katalon.core.webui.exception.WebElementNotFoundException: Web element with id: '' located by 'By.xpath: //a[text()='PURITO Defence Barrier pH Cleanser 150ml']' not found
[[ATTACHMENT|E:\\BeautytapAutomation\\beautytapAuto\\Beautytap\\Reports\\Regression\\20181008_133113\\1538980871775.png]]

2018-10-08 13:41:20 - [MESSAGE][PASSED] - Object: '' is clicked on

2018-10-08 13:41:20 - [MESSAGE][PASSED] - Wait for page load successfully

2018-10-08 13:41:20 - [MESSAGE][PASSED] - Object '' is present

2018-10-08 13:41:20 - [MESSAGE][PASSED] - beautytap.ShopAction.findProductOnProductList is PASSED

2018-10-08 13:41:20 - [TEST_STEP][PASSED] - beautytap.ShopAction.VerifyProductOnProductList: Keyword VerifyProductOnProductList is Passed

2018-10-08 13:41:20 - [MESSAGE][PASSED] - Object '' is present

2018-10-08 13:41:21 - [MESSAGE][PASSED] - Text of object '' is: '$12.80'

2018-10-08 13:41:21 - [MESSAGE][PASSED] - Get CSS 'color' value on '' successfully: 'rgba(255, 35, 134, 1)'.

2018-10-08 13:41:21 - [MESSAGE][PASSED] - Get CSS 'color' value on '' successfully: 'rgba(255, 35, 134, 1)'.

2018-10-08 13:41:21 - [MESSAGE][PASSED] - Keyword VerifyProductOnProductList is Passed

2018-10-08 13:41:21 - [TEST_STEP][PASSED] - beautytap.ShopAction.selectProductOnProductList: beautytap.ShopAction.selectProductOnProductList is PASSED

2018-10-08 13:41:25 - [MESSAGE][PASSED] - Object: '' is clicked on

2018-10-08 13:41:25 - [MESSAGE][PASSED] - Wait for page load successfully

2018-10-08 13:41:25 - [MESSAGE][PASSED] - beautytap.ShopAction.selectProductOnProductList is PASSED

2018-10-08 13:41:25 - [TEST_STEP][PASSED] - beautytap.ShopAction.addProductToCart: beautytap.ShopAction.addProductToCart is PASSED

2018-10-08 13:41:26 - [MESSAGE][PASSED] - Text of object 'Object Repository/Page_Shop/txt_quantity' is cleared

2018-10-08 13:41:26 - [MESSAGE][PASSED] - Keys '6' sent to object: 'Object Repository/Page_Shop/txt_quantity'

2018-10-08 13:41:26 - [MESSAGE][PASSED] - Object: 'Object Repository/Page_Shop/btn_addToCart' is clicked on

2018-10-08 13:41:26 - [MESSAGE][PASSED] - Wait for page load successfully

2018-10-08 13:41:31 - [MESSAGE][PASSED] - Object 'Object Repository/Page_Shop/lbl_message' is present

2018-10-08 13:41:31 - [MESSAGE][PASSED] - beautytap.ShopAction.addProductToCart is PASSED

2018-10-08 13:41:31 - [TEST_STEP][PASSED] - beautytap.ShopAction.goToCart: beautytap.ShopAction.goToCart is PASSED

2018-10-08 13:41:31 - [MESSAGE][PASSED] - Object 'Object Repository/Page_General/icon_cart' is present

2018-10-08 13:41:37 - [MESSAGE][PASSED] - Object: 'Object Repository/Page_General/icon_cart' is clicked on

2018-10-08 13:41:37 - [MESSAGE][PASSED] - Wait for page load successfully

2018-10-08 13:41:37 - [MESSAGE][PASSED] - beautytap.ShopAction.goToCart is PASSED

2018-10-08 13:41:37 - [TEST_STEP][PASSED] - beautytap.ShopAction.VerifyProductInCart: Keyword VerifyProductInCart is Passed

2018-10-08 13:41:37 - [MESSAGE][PASSED] - Object '' is present

2018-10-08 13:41:37 - [MESSAGE][PASSED] - Object '' is present

2018-10-08 13:41:37 - [MESSAGE][PASSED] - Text of object '' is: '$12.80'

2018-10-08 13:41:37 - [MESSAGE][PASSED] - Attribute 'value' of object '' is: '6'

2018-10-08 13:41:37 - [MESSAGE][PASSED] - Text of object '' is: '$76.80'

2018-10-08 13:41:37 - [MESSAGE][PASSED] - Keyword VerifyProductInCart is Passed

2018-10-08 13:41:37 - [TEST_STEP][PASSED] - beautytap.ShopAction.loginAmazonPay: beautytap.ShopAction.loginAmazonPay is PASSED

2018-10-08 13:41:37 - [MESSAGE][PASSED] - Object: 'Object Repository/Page_Cart/btn_payWithAmazon' is clicked on

2018-10-08 13:41:37 - [MESSAGE][PASSED] - Switched to window with index: '1'

2018-10-08 13:41:39 - [MESSAGE][PASSED] - Object 'Object Repository/Popup_Amazon/txt_email' is present

2018-10-08 13:41:39 - [MESSAGE][PASSED] - Text of object 'Object Repository/Popup_Amazon/txt_email' is cleared

2018-10-08 13:41:40 - [MESSAGE][PASSED] - Keys 'amazontest1503@yopmail.com' sent to object: 'Object Repository/Popup_Amazon/txt_email'

2018-10-08 13:41:40 - [MESSAGE][PASSED] - Text of object 'Object Repository/Popup_Amazon/txt_password' is cleared

2018-10-08 13:41:40 - [MESSAGE][PASSED] - Keys '123456' sent to object: 'Object Repository/Popup_Amazon/txt_password'

2018-10-08 13:41:43 - [MESSAGE][PASSED] - Object: 'Object Repository/Popup_Amazon/btn_signin' is clicked on

2018-10-08 13:41:43 - [MESSAGE][PASSED] - Switched to window with index: '0'

2018-10-08 13:42:13 - [MESSAGE][PASSED] - Delayed 30 second(s)

2018-10-08 13:42:13 - [MESSAGE][PASSED] - beautytap.ShopAction.loginAmazonPay is PASSED

2018-10-08 13:42:13 - [TEST_STEP][PASSED] - Statement - productArrayAfter = "[{"productname":"" + productName + "","variation":"","quantity":"" + quantity + "","price":"" + regularPrice + ""}]": null

2018-10-08 13:42:13 - [TEST_STEP][PASSED] - Statement - productsAfter = new org.json.JSONArray(productArrayAfter): null

2018-10-08 13:42:13 - [TEST_STEP][PASSED] - beautytap.ShopAction.VerifyOrderDetailsOnCheckout: Keyword VerifyOrderDetailsOnCheckout is Passed

2018-10-08 13:42:13 - [MESSAGE][PASSED] - Object '' is present

2018-10-08 13:42:13 - [MESSAGE][PASSED] - Text of object '' is: '$76.80'

2018-10-08 13:42:13 - [MESSAGE][PASSED] - Text of object '' is: 'Free shipping for orders over $60
Why does shipping take this long?'

2018-10-08 13:42:13 - [MESSAGE][PASSED] - Text of object '' is: '$76.80'

2018-10-08 13:42:13 - [MESSAGE][PASSED] - Keyword VerifyOrderDetailsOnCheckout is Passed

2018-10-08 13:42:13 - [TEST_STEP][PASSED] - beautytap.ShopAction.checkoutViaAmazonPay: beautytap.ShopAction.checkoutViaAmazonPay is PASSED

2018-10-08 13:42:13 - [MESSAGE][PASSED] - Object 'Object Repository/Page_Checkout/chk_terms' is clickable

2018-10-08 13:42:13 - [MESSAGE][PASSED] - Object 'Object Repository/Page_Checkout/chk_terms' is checked

2018-10-08 13:42:14 - [MESSAGE][PASSED] - Object: 'Object Repository/Page_Checkout/btn_placeOrder' is clicked on

2018-10-08 13:42:28 - [MESSAGE][PASSED] - Object 'Object Repository/Page_Checkout/lbl_orderReceived' is present

2018-10-08 13:42:28 - [MESSAGE][PASSED] - beautytap.ShopAction.checkoutViaAmazonPay is PASSED

2018-10-08 13:42:28 - [TEST_STEP][PASSED] - beautytap.ShopAction.VerifyOrderReceivedDetails: Keyword VerifyOrderReceivedDetails is Passed

2018-10-08 13:42:28 - [MESSAGE][PASSED] - Object '' is present

2018-10-08 13:42:28 - [MESSAGE][PASSED] - Text of object '' is: '$76.80'

2018-10-08 13:42:28 - [MESSAGE][PASSED] - Text of object '' is: 'Free shipping for orders over $60'

2018-10-08 13:42:33 - [MESSAGE][WARNING] - com.kms.katalon.core.webui.exception.WebElementNotFoundException: Web element with id: '' located by 'By.xpath: //th[text()='Shipping:']/parent::tr/td/span' not found
[[ATTACHMENT|E:\\BeautytapAutomation\\beautytapAuto\\Beautytap\\Reports\\Regression\\20181008_133113\\1538980953610.png]]

2018-10-08 13:42:33 - [MESSAGE][PASSED] - Text of object '' is: 'Amazon Pay'

2018-10-08 13:42:34 - [MESSAGE][PASSED] - Text of object '' is: '$76.80'

2018-10-08 13:42:34 - [MESSAGE][PASSED] - Keyword VerifyOrderReceivedDetails is Passed

2018-10-08 13:42:34 - [TEST_STEP][PASSED] - closeBrowser: Browser is closed

2018-10-08 13:42:35 - [MESSAGE][PASSED] - Browser is closed]]></system-out>
         <system-err><![CDATA[]]></system-err>
      </testcase>
      <testcase name="Test Cases/SignUp_Login_ResetPass/TC01_SignUp_Login_ResetPassword_Via_Email" classname="Test Cases/SignUp_Login_ResetPass/TC01_SignUp_Login_ResetPassword_Via_Email" status="PASSED">
         <system-out><![CDATA[2018-10-08 13:42:37 - [TEST_CASE][PASSED] - Test Cases/SignUp_Login_ResetPass/TC01_SignUp_Login_ResetPassword_Via_Email: Test Cases/SignUp_Login_ResetPass/TC01_SignUp_Login_ResetPassword_Via_Email

2018-10-08 13:42:38 - [TEST_STEP][PASSED] - Statement - r_string = new java.lang.Math().random().toString().substring(2, 8): null

2018-10-08 13:42:38 - [TEST_STEP][PASSED] - Statement - username = "auto" + r_string: null

2018-10-08 13:42:38 - [TEST_STEP][PASSED] - Statement - email = username + "@mailinator.com": null

2018-10-08 13:42:38 - [TEST_STEP][PASSED] - Statement - password = "123456": null

2018-10-08 13:42:38 - [TEST_STEP][PASSED] - Statement - newpassword = "test123": null

2018-10-08 13:42:38 - [TEST_STEP][PASSED] - Statement - name = "Auto User " + r_string: null

2018-10-08 13:42:38 - [TEST_STEP][PASSED] - Statement - birthday = "01/01/1990": null

2018-10-08 13:42:38 - [TEST_STEP][PASSED] - Statement - activation_subject = SITE_TITLE + " Activate your account": null

2018-10-08 13:42:38 - [TEST_STEP][PASSED] - Statement - resetpass_subject = SITE_TITLE + " Password Reset": null

2018-10-08 13:42:38 - [TEST_STEP][PASSED] - beautytap.GeneralAction.openBeautytap: beautytap.GeneralAction.openBeautytap is PASSED

2018-10-08 13:42:53 - [MESSAGE][PASSED] - Browser is opened with url: 'https://stage.beautytap.com'

2018-10-08 13:42:54 - [MESSAGE][PASSED] - Current window maximized

2018-10-08 13:43:00 - [MESSAGE][PASSED] - Refresh successfully

2018-10-08 13:43:00 - [MESSAGE][PASSED] - Wait for page load successfully

2018-10-08 13:43:00 - [MESSAGE][PASSED] - beautytap.GeneralAction.openBeautytap is PASSED

2018-10-08 13:43:00 - [TEST_STEP][PASSED] - beautytap.GeneralAction.clickNavigationMenu: beautytap.GeneralAction.clickNavigationMenu is PASSED

2018-10-08 13:43:02 - [MESSAGE][PASSED] - Object: 'Object Repository/Page_General/link_signup' is clicked on

2018-10-08 13:43:02 - [MESSAGE][PASSED] - Wait for page load successfully

2018-10-08 13:43:02 - [MESSAGE][PASSED] - beautytap.GeneralAction.clickNavigationMenu is PASSED

2018-10-08 13:43:02 - [TEST_STEP][PASSED] - beautytap.GeneralAction.signup: beautytap.GeneralAction.signup is PASSED

2018-10-08 13:43:03 - [MESSAGE][PASSED] - Keys 'auto983255' sent to object: 'Object Repository/Page_Signup/txt_username'

2018-10-08 13:43:03 - [MESSAGE][PASSED] - Keys 'auto983255@mailinator.com' sent to object: 'Object Repository/Page_Signup/txt_email'

2018-10-08 13:43:04 - [MESSAGE][PASSED] - Keys '123456' sent to object: 'Object Repository/Page_Signup/txt_password'

2018-10-08 13:43:04 - [MESSAGE][PASSED] - Keys 'Auto User 983255' sent to object: 'Object Repository/Page_Signup/txt_name'

2018-10-08 13:43:05 - [MESSAGE][PASSED] - Keys '01/01/1990' sent to object: 'Object Repository/Page_Signup/txt_birthday'

2018-10-08 13:43:05 - [MESSAGE][PASSED] - Object: 'Object Repository/Page_Signup/btn_signup' is clicked on

2018-10-08 13:43:05 - [MESSAGE][PASSED] - Wait for page load successfully

2018-10-08 13:43:05 - [MESSAGE][PASSED] - beautytap.GeneralAction.signup is PASSED

2018-10-08 13:43:05 - [TEST_STEP][PASSED] - verifyElementPresent: Object 'Object Repository/Page_Signup/lbl_sucessMessage' is present

2018-10-08 13:43:11 - [MESSAGE][PASSED] - Object 'Object Repository/Page_Signup/lbl_sucessMessage' is present

2018-10-08 13:43:11 - [TEST_STEP][PASSED] - beautytap.GeneralAction.openMailBox: beautytap.GeneralAction.openMailBox is PASSED

2018-10-08 13:43:13 - [MESSAGE][PASSED] - Navigate to 'https://www.mailinator.com' successfully

2018-10-08 13:43:13 - [MESSAGE][PASSED] - Wait for page load successfully

2018-10-08 13:43:13 - [MESSAGE][PASSED] - Keys 'auto983255' sent to object: 'Object Repository/Page_mailinator/txt_email'

2018-10-08 13:43:18 - [MESSAGE][PASSED] - Object: 'Object Repository/Page_mailinator/btn_go' is clicked on

2018-10-08 13:43:18 - [MESSAGE][PASSED] - Wait for page load successfully

2018-10-08 13:43:23 - [MESSAGE][PASSED] - Delayed 5 second(s)

2018-10-08 13:43:23 - [MESSAGE][PASSED] - beautytap.GeneralAction.openMailBox is PASSED

2018-10-08 13:43:23 - [TEST_STEP][PASSED] - beautytap.GeneralAction.verifyEmailExist: beautytap.GeneralAction.verifyEmailExist is PASSED

2018-10-08 13:43:23 - [MESSAGE][PASSED] - Object '' is present

2018-10-08 13:43:23 - [MESSAGE][PASSED] - beautytap.GeneralAction.verifyEmailExist is PASSED

2018-10-08 13:43:23 - [TEST_STEP][PASSED] - beautytap.GeneralAction.openEmail: beautytap.GeneralAction.openEmail is PASSED

2018-10-08 13:43:24 - [MESSAGE][PASSED] - Object: '' is clicked on

2018-10-08 13:43:24 - [MESSAGE][PASSED] - beautytap.GeneralAction.openEmail is PASSED

2018-10-08 13:43:24 - [TEST_STEP][PASSED] - beautytap.GeneralAction.clickEmailLink: beautytap.GeneralAction.clickEmailLink is PASSED

2018-10-08 13:43:24 - [MESSAGE][PASSED] - Text of object '' is: 'https://stage.beautytap.com/activate/k7vVQ5gsIQFpj7bvbPFXnc48dvA9R8Lq/'

2018-10-08 13:43:38 - [MESSAGE][PASSED] - Navigate to 'https://stage.beautytap.com/activate/k7vVQ5gsIQFpj7bvbPFXnc48dvA9R8Lq/' successfully

2018-10-08 13:43:38 - [MESSAGE][PASSED] - beautytap.GeneralAction.clickEmailLink is PASSED

2018-10-08 13:43:38 - [TEST_STEP][PASSED] - waitForPageLoad: Wait for page load successfully

2018-10-08 13:43:38 - [MESSAGE][PASSED] - Wait for page load successfully

2018-10-08 13:43:38 - [TEST_STEP][PASSED] - verifyElementPresent: Object 'Object Repository/Page_General/lbl_activeSuccessMessage' is present

2018-10-08 13:43:39 - [MESSAGE][PASSED] - Object 'Object Repository/Page_General/lbl_activeSuccessMessage' is present

2018-10-08 13:43:39 - [TEST_STEP][PASSED] - beautytap.GeneralAction.clickNavigationMenu: beautytap.GeneralAction.clickNavigationMenu is PASSED

2018-10-08 13:43:41 - [MESSAGE][PASSED] - Object: 'Object Repository/Page_General/link_login' is clicked on

2018-10-08 13:43:41 - [MESSAGE][PASSED] - Wait for page load successfully

2018-10-08 13:43:41 - [MESSAGE][PASSED] - beautytap.GeneralAction.clickNavigationMenu is PASSED

2018-10-08 13:43:41 - [TEST_STEP][PASSED] - beautytap.GeneralAction.login: beautytap.GeneralAction.login is PASSED

2018-10-08 13:43:41 - [MESSAGE][PASSED] - Text of object 'Object Repository/Page_login/txt_username' is cleared

2018-10-08 13:43:42 - [MESSAGE][PASSED] - Keys 'auto983255' sent to object: 'Object Repository/Page_login/txt_username'

2018-10-08 13:43:42 - [MESSAGE][PASSED] - Text of object 'Object Repository/Page_login/txt_password' is cleared

2018-10-08 13:43:42 - [MESSAGE][PASSED] - Keys '123456' sent to object: 'Object Repository/Page_login/txt_password'

2018-10-08 13:43:42 - [MESSAGE][PASSED] - Object: 'Object Repository/Page_login/btn_login' is clicked on

2018-10-08 13:43:42 - [MESSAGE][PASSED] - Wait for page load successfully

2018-10-08 13:43:42 - [MESSAGE][PASSED] - beautytap.GeneralAction.login is PASSED

2018-10-08 13:43:42 - [TEST_STEP][PASSED] - verifyElementPresent: Object 'Object Repository/Page_General/link_avatar' is present

2018-10-08 13:43:52 - [MESSAGE][PASSED] - Object 'Object Repository/Page_General/link_avatar' is present

2018-10-08 13:43:52 - [TEST_STEP][PASSED] - beautytap.GeneralAction.logout: beautytap.GeneralAction.logout is PASSED

2018-10-08 13:43:52 - [MESSAGE][PASSED] - Object: 'Object Repository/Page_General/link_avatar' is clicked on

2018-10-08 13:43:53 - [MESSAGE][PASSED] - Object 'Object Repository/Page_General/menu_logout' is present

2018-10-08 13:43:53 - [MESSAGE][PASSED] - Object: 'Object Repository/Page_General/menu_logout' is clicked on

2018-10-08 13:43:53 - [MESSAGE][PASSED] - Wait for page load successfully

2018-10-08 13:43:53 - [MESSAGE][PASSED] - beautytap.GeneralAction.logout is PASSED

2018-10-08 13:43:53 - [TEST_STEP][PASSED] - beautytap.GeneralAction.clickNavigationMenu: beautytap.GeneralAction.clickNavigationMenu is PASSED

2018-10-08 13:44:01 - [MESSAGE][PASSED] - Object: 'Object Repository/Page_General/link_login' is clicked on

2018-10-08 13:44:01 - [MESSAGE][PASSED] - Wait for page load successfully

2018-10-08 13:44:01 - [MESSAGE][PASSED] - beautytap.GeneralAction.clickNavigationMenu is PASSED

2018-10-08 13:44:01 - [TEST_STEP][PASSED] - beautytap.GeneralAction.login: beautytap.GeneralAction.login is PASSED

2018-10-08 13:44:01 - [MESSAGE][PASSED] - Text of object 'Object Repository/Page_login/txt_username' is cleared

2018-10-08 13:44:02 - [MESSAGE][PASSED] - Keys 'auto983255@mailinator.com' sent to object: 'Object Repository/Page_login/txt_username'

2018-10-08 13:44:02 - [MESSAGE][PASSED] - Text of object 'Object Repository/Page_login/txt_password' is cleared

2018-10-08 13:44:02 - [MESSAGE][PASSED] - Keys '123456' sent to object: 'Object Repository/Page_login/txt_password'

2018-10-08 13:44:02 - [MESSAGE][PASSED] - Object: 'Object Repository/Page_login/btn_login' is clicked on

2018-10-08 13:44:02 - [MESSAGE][PASSED] - Wait for page load successfully

2018-10-08 13:44:02 - [MESSAGE][PASSED] - beautytap.GeneralAction.login is PASSED

2018-10-08 13:44:02 - [TEST_STEP][PASSED] - verifyElementPresent: Object 'Object Repository/Page_General/link_avatar' is present

2018-10-08 13:44:11 - [MESSAGE][PASSED] - Object 'Object Repository/Page_General/link_avatar' is present

2018-10-08 13:44:11 - [TEST_STEP][PASSED] - beautytap.GeneralAction.logout: beautytap.GeneralAction.logout is PASSED

2018-10-08 13:44:11 - [MESSAGE][PASSED] - Object: 'Object Repository/Page_General/link_avatar' is clicked on

2018-10-08 13:44:11 - [MESSAGE][PASSED] - Object 'Object Repository/Page_General/menu_logout' is present

2018-10-08 13:44:12 - [MESSAGE][PASSED] - Object: 'Object Repository/Page_General/menu_logout' is clicked on

2018-10-08 13:44:12 - [MESSAGE][PASSED] - Wait for page load successfully

2018-10-08 13:44:12 - [MESSAGE][PASSED] - beautytap.GeneralAction.logout is PASSED

2018-10-08 13:44:12 - [TEST_STEP][PASSED] - beautytap.GeneralAction.clickNavigationMenu: beautytap.GeneralAction.clickNavigationMenu is PASSED

2018-10-08 13:44:19 - [MESSAGE][PASSED] - Object: 'Object Repository/Page_General/link_login' is clicked on

2018-10-08 13:44:19 - [MESSAGE][PASSED] - Wait for page load successfully

2018-10-08 13:44:19 - [MESSAGE][PASSED] - beautytap.GeneralAction.clickNavigationMenu is PASSED

2018-10-08 13:44:19 - [TEST_STEP][PASSED] - click: Object: 'Object Repository/Page_Login/link_forgotPassword' is clicked on

2018-10-08 13:44:22 - [MESSAGE][PASSED] - Object: 'Object Repository/Page_Login/link_forgotPassword' is clicked on

2018-10-08 13:44:22 - [TEST_STEP][PASSED] - sendKeys: Keys 'auto983255' sent to object: 'Object Repository/Page_ForgotPassword/txt_usernameOrEmail'

2018-10-08 13:44:22 - [MESSAGE][PASSED] - Keys 'auto983255' sent to object: 'Object Repository/Page_ForgotPassword/txt_usernameOrEmail'

2018-10-08 13:44:22 - [TEST_STEP][PASSED] - click: Object: 'Object Repository/Page_ForgotPassword/btn_forgotPassword' is clicked on

2018-10-08 13:44:23 - [MESSAGE][PASSED] - Object: 'Object Repository/Page_ForgotPassword/btn_forgotPassword' is clicked on

2018-10-08 13:44:23 - [TEST_STEP][PASSED] - verifyElementPresent: Object 'Object Repository/Page_ForgotPassword/lbl_sucessMessage' is present

2018-10-08 13:44:26 - [MESSAGE][PASSED] - Object 'Object Repository/Page_ForgotPassword/lbl_sucessMessage' is present

2018-10-08 13:44:26 - [TEST_STEP][PASSED] - beautytap.GeneralAction.openMailBox: beautytap.GeneralAction.openMailBox is PASSED

2018-10-08 13:44:30 - [MESSAGE][PASSED] - Navigate to 'https://www.mailinator.com' successfully

2018-10-08 13:44:30 - [MESSAGE][PASSED] - Wait for page load successfully

2018-10-08 13:44:30 - [MESSAGE][PASSED] - Keys 'auto983255' sent to object: 'Object Repository/Page_mailinator/txt_email'

2018-10-08 13:44:35 - [MESSAGE][PASSED] - Object: 'Object Repository/Page_mailinator/btn_go' is clicked on

2018-10-08 13:44:35 - [MESSAGE][PASSED] - Wait for page load successfully

2018-10-08 13:44:40 - [MESSAGE][PASSED] - Delayed 5 second(s)

2018-10-08 13:44:40 - [MESSAGE][PASSED] - beautytap.GeneralAction.openMailBox is PASSED

2018-10-08 13:44:40 - [TEST_STEP][PASSED] - beautytap.GeneralAction.verifyEmailExist: beautytap.GeneralAction.verifyEmailExist is PASSED

2018-10-08 13:44:40 - [MESSAGE][PASSED] - Object '' is present

2018-10-08 13:44:40 - [MESSAGE][PASSED] - beautytap.GeneralAction.verifyEmailExist is PASSED

2018-10-08 13:44:40 - [TEST_STEP][PASSED] - beautytap.GeneralAction.openEmail: beautytap.GeneralAction.openEmail is PASSED

2018-10-08 13:44:40 - [MESSAGE][PASSED] - Object: '' is clicked on

2018-10-08 13:44:40 - [MESSAGE][PASSED] - beautytap.GeneralAction.openEmail is PASSED

2018-10-08 13:44:40 - [TEST_STEP][PASSED] - beautytap.GeneralAction.clickEmailLink: beautytap.GeneralAction.clickEmailLink is PASSED

2018-10-08 13:44:41 - [MESSAGE][PASSED] - Text of object '' is: 'https://stage.beautytap.com/wp-login.php?action=rp&key=rGnv4dP941tg1zxgLMqk&login=auto983255'

2018-10-08 13:44:45 - [MESSAGE][PASSED] - Navigate to 'https://stage.beautytap.com/wp-login.php?action=rp&key=rGnv4dP941tg1zxgLMqk&login=auto983255' successfully

2018-10-08 13:44:45 - [MESSAGE][PASSED] - beautytap.GeneralAction.clickEmailLink is PASSED

2018-10-08 13:44:45 - [TEST_STEP][PASSED] - delay: Delayed 20 second(s)

2018-10-08 13:45:05 - [MESSAGE][PASSED] - Delayed 20 second(s)

2018-10-08 13:45:05 - [TEST_STEP][PASSED] - clearText: Text of object 'Object Repository/Page_ForgotPassword/txt_newPassword' is cleared

2018-10-08 13:45:06 - [MESSAGE][PASSED] - Text of object 'Object Repository/Page_ForgotPassword/txt_newPassword' is cleared

2018-10-08 13:45:06 - [TEST_STEP][PASSED] - sendKeys: Keys 'test123' sent to object: 'Object Repository/Page_ForgotPassword/txt_newPassword'

2018-10-08 13:45:06 - [MESSAGE][PASSED] - Keys 'test123' sent to object: 'Object Repository/Page_ForgotPassword/txt_newPassword'

2018-10-08 13:45:06 - [TEST_STEP][PASSED] - click: Object: 'Object Repository/Page_ForgotPassword/btn_resetPassword' is clicked on

2018-10-08 13:45:12 - [MESSAGE][PASSED] - Object: 'Object Repository/Page_ForgotPassword/btn_resetPassword' is clicked on

2018-10-08 13:45:12 - [TEST_STEP][PASSED] - verifyElementPresent: Object 'Object Repository/Page_ForgotPassword/lbl_resetPasswordMessage' is present

2018-10-08 13:45:12 - [MESSAGE][PASSED] - Object 'Object Repository/Page_ForgotPassword/lbl_resetPasswordMessage' is present

2018-10-08 13:45:12 - [TEST_STEP][PASSED] - beautytap.GeneralAction.clickNavigationMenu: beautytap.GeneralAction.clickNavigationMenu is PASSED

2018-10-08 13:45:15 - [MESSAGE][PASSED] - Object: 'Object Repository/Page_General/link_login' is clicked on

2018-10-08 13:45:15 - [MESSAGE][PASSED] - Wait for page load successfully

2018-10-08 13:45:15 - [MESSAGE][PASSED] - beautytap.GeneralAction.clickNavigationMenu is PASSED

2018-10-08 13:45:15 - [TEST_STEP][PASSED] - beautytap.GeneralAction.login: beautytap.GeneralAction.login is PASSED

2018-10-08 13:45:15 - [MESSAGE][PASSED] - Text of object 'Object Repository/Page_login/txt_username' is cleared

2018-10-08 13:45:15 - [MESSAGE][PASSED] - Keys 'auto983255' sent to object: 'Object Repository/Page_login/txt_username'

2018-10-08 13:45:16 - [MESSAGE][PASSED] - Text of object 'Object Repository/Page_login/txt_password' is cleared

2018-10-08 13:45:16 - [MESSAGE][PASSED] - Keys '123456' sent to object: 'Object Repository/Page_login/txt_password'

2018-10-08 13:45:16 - [MESSAGE][PASSED] - Object: 'Object Repository/Page_login/btn_login' is clicked on

2018-10-08 13:45:16 - [MESSAGE][PASSED] - Wait for page load successfully

2018-10-08 13:45:16 - [MESSAGE][PASSED] - beautytap.GeneralAction.login is PASSED

2018-10-08 13:45:16 - [TEST_STEP][PASSED] - verifyElementText: Actual text and expected text of test object 'Object Repository/Page_Login/lbl_errorMessage' are matched.

2018-10-08 13:45:17 - [MESSAGE][PASSED] - Actual text and expected text of test object 'Object Repository/Page_Login/lbl_errorMessage' are matched.

2018-10-08 13:45:17 - [TEST_STEP][PASSED] - beautytap.GeneralAction.login: beautytap.GeneralAction.login is PASSED

2018-10-08 13:45:17 - [MESSAGE][PASSED] - Text of object 'Object Repository/Page_login/txt_username' is cleared

2018-10-08 13:45:17 - [MESSAGE][PASSED] - Keys 'auto983255' sent to object: 'Object Repository/Page_login/txt_username'

2018-10-08 13:45:17 - [MESSAGE][PASSED] - Text of object 'Object Repository/Page_login/txt_password' is cleared

2018-10-08 13:45:18 - [MESSAGE][PASSED] - Keys 'test123' sent to object: 'Object Repository/Page_login/txt_password'

2018-10-08 13:45:18 - [MESSAGE][PASSED] - Object: 'Object Repository/Page_login/btn_login' is clicked on

2018-10-08 13:45:18 - [MESSAGE][PASSED] - Wait for page load successfully

2018-10-08 13:45:18 - [MESSAGE][PASSED] - beautytap.GeneralAction.login is PASSED

2018-10-08 13:45:18 - [TEST_STEP][PASSED] - verifyElementPresent: Object 'Object Repository/Page_General/link_avatar' is present

2018-10-08 13:45:27 - [MESSAGE][PASSED] - Object 'Object Repository/Page_General/link_avatar' is present

2018-10-08 13:45:27 - [TEST_STEP][PASSED] - beautytap.GeneralAction.logout: beautytap.GeneralAction.logout is PASSED

2018-10-08 13:45:27 - [MESSAGE][PASSED] - Object: 'Object Repository/Page_General/link_avatar' is clicked on

2018-10-08 13:45:27 - [MESSAGE][PASSED] - Object 'Object Repository/Page_General/menu_logout' is present

2018-10-08 13:45:28 - [MESSAGE][PASSED] - Object: 'Object Repository/Page_General/menu_logout' is clicked on

2018-10-08 13:45:28 - [MESSAGE][PASSED] - Wait for page load successfully

2018-10-08 13:45:28 - [MESSAGE][PASSED] - beautytap.GeneralAction.logout is PASSED

2018-10-08 13:45:28 - [TEST_STEP][PASSED] - beautytap.GeneralAction.clickNavigationMenu: beautytap.GeneralAction.clickNavigationMenu is PASSED

2018-10-08 13:45:37 - [MESSAGE][PASSED] - Object: 'Object Repository/Page_General/link_login' is clicked on

2018-10-08 13:45:37 - [MESSAGE][PASSED] - Wait for page load successfully

2018-10-08 13:45:37 - [MESSAGE][PASSED] - beautytap.GeneralAction.clickNavigationMenu is PASSED

2018-10-08 13:45:37 - [TEST_STEP][PASSED] - beautytap.GeneralAction.login: beautytap.GeneralAction.login is PASSED

2018-10-08 13:45:37 - [MESSAGE][PASSED] - Text of object 'Object Repository/Page_login/txt_username' is cleared

2018-10-08 13:45:37 - [MESSAGE][PASSED] - Keys 'auto983255@mailinator.com' sent to object: 'Object Repository/Page_login/txt_username'

2018-10-08 13:45:38 - [MESSAGE][PASSED] - Text of object 'Object Repository/Page_login/txt_password' is cleared

2018-10-08 13:45:38 - [MESSAGE][PASSED] - Keys 'test123' sent to object: 'Object Repository/Page_login/txt_password'

2018-10-08 13:45:38 - [MESSAGE][PASSED] - Object: 'Object Repository/Page_login/btn_login' is clicked on

2018-10-08 13:45:38 - [MESSAGE][PASSED] - Wait for page load successfully

2018-10-08 13:45:38 - [MESSAGE][PASSED] - beautytap.GeneralAction.login is PASSED

2018-10-08 13:45:38 - [TEST_STEP][PASSED] - verifyElementPresent: Object 'Object Repository/Page_General/link_avatar' is present

2018-10-08 13:45:48 - [MESSAGE][PASSED] - Object 'Object Repository/Page_General/link_avatar' is present

2018-10-08 13:45:48 - [TEST_STEP][PASSED] - beautytap.GeneralAction.logout: beautytap.GeneralAction.logout is PASSED

2018-10-08 13:45:48 - [MESSAGE][PASSED] - Object: 'Object Repository/Page_General/link_avatar' is clicked on

2018-10-08 13:45:48 - [MESSAGE][PASSED] - Object 'Object Repository/Page_General/menu_logout' is present

2018-10-08 13:45:48 - [MESSAGE][PASSED] - Object: 'Object Repository/Page_General/menu_logout' is clicked on

2018-10-08 13:45:48 - [MESSAGE][PASSED] - Wait for page load successfully

2018-10-08 13:45:49 - [MESSAGE][PASSED] - Browser is closed

2018-10-08 13:45:49 - [MESSAGE][PASSED] - beautytap.GeneralAction.logout is PASSED]]></system-out>
         <system-err><![CDATA[]]></system-err>
      </testcase>
      <testcase name="Test Cases/SignUp_Login_ResetPass/TC02_SignUp_Login_ViaFacebookEmail_NewUser_OldUser" classname="Test Cases/SignUp_Login_ResetPass/TC02_SignUp_Login_ViaFacebookEmail_NewUser_OldUser" status="PASSED">
         <system-out><![CDATA[2018-10-08 13:45:51 - [TEST_CASE][PASSED] - Test Cases/SignUp_Login_ResetPass/TC02_SignUp_Login_ViaFacebookEmail_NewUser_OldUser: Test Cases/SignUp_Login_ResetPass/TC02_SignUp_Login_ViaFacebookEmail_NewUser_OldUser

2018-10-08 13:45:52 - [TEST_STEP][PASSED] - beautytap.AdminAction.deleteUser: beautytap.AdminAction.deleteUser is PASSED

2018-10-08 13:46:00 - [MESSAGE][PASSED] - Browser is opened with url: 'https://stage.beautytap.com/login'

2018-10-08 13:46:02 - [MESSAGE][PASSED] - Current window maximized

2018-10-08 13:46:02 - [MESSAGE][PASSED] - Text of object 'Object Repository/Page_login/txt_username' is cleared

2018-10-08 13:46:02 - [MESSAGE][PASSED] - Keys 'mrwhite' sent to object: 'Object Repository/Page_login/txt_username'

2018-10-08 13:46:02 - [MESSAGE][PASSED] - Text of object 'Object Repository/Page_login/txt_password' is cleared

2018-10-08 13:46:03 - [MESSAGE][PASSED] - Keys 'kgySM$Im' sent to object: 'Object Repository/Page_login/txt_password'

2018-10-08 13:46:03 - [MESSAGE][PASSED] - Object: 'Object Repository/Page_login/btn_login' is clicked on

2018-10-08 13:46:03 - [MESSAGE][PASSED] - Wait for page load successfully

2018-10-08 13:46:03 - [MESSAGE][PASSED] - Wait for page load successfully

2018-10-08 13:46:12 - [MESSAGE][PASSED] - Navigate to 'https://stage.beautytap.com/admin' successfully

2018-10-08 13:46:12 - [MESSAGE][PASSED] - Wait for page load successfully

2018-10-08 13:46:19 - [MESSAGE][PASSED] - Object: 'Object Repository/Page_Admin/menu_users' is clicked on

2018-10-08 13:46:19 - [MESSAGE][PASSED] - Wait for page load successfully

2018-10-08 13:46:19 - [MESSAGE][PASSED] - Text of object 'Object Repository/Page_Admin/txt_searchUser' is cleared

2018-10-08 13:46:20 - [MESSAGE][PASSED] - Keys 'g5.posiba@gmail.com' sent to object: 'Object Repository/Page_Admin/txt_searchUser'

2018-10-08 13:46:23 - [MESSAGE][PASSED] - Object: 'Object Repository/Page_Admin/btn_searchUser' is clicked on

2018-10-08 13:46:23 - [MESSAGE][PASSED] - Wait for page load successfully

2018-10-08 13:46:23 - [MESSAGE][PASSED] - Text of object '' is: 'g5.posiba@gmail.com'

2018-10-08 13:46:23 - [MESSAGE][PASSED] - Attribute 'id' of object '' is: 'user-64405'

2018-10-08 13:46:23 - [MESSAGE][PASSED] - Object: '' is hovered

2018-10-08 13:46:28 - [MESSAGE][PASSED] - Delayed 5 second(s)

2018-10-08 13:46:30 - [MESSAGE][PASSED] - Object: '' is clicked on

2018-10-08 13:46:31 - [MESSAGE][FAILED] - No alert found
[[ATTACHMENT|E:\\BeautytapAutomation\\beautytapAuto\\Beautytap\\Reports\\Regression\\20181008_133113\\1538981190940.png]]

2018-10-08 13:46:31 - [MESSAGE][FAILED] - Unable to accept alert (Root cause: No alert found)
[[ATTACHMENT|E:\\BeautytapAutomation\\beautytapAuto\\Beautytap\\Reports\\Regression\\20181008_133113\\1538981191262.png]]

2018-10-08 13:46:32 - [MESSAGE][PASSED] - Browser is closed

2018-10-08 13:46:32 - [MESSAGE][PASSED] - beautytap.AdminAction.deleteUser is PASSED

2018-10-08 13:46:32 - [TEST_STEP][PASSED] - beautytap.GeneralAction.openBeautytap: beautytap.GeneralAction.openBeautytap is PASSED

2018-10-08 13:47:02 - [MESSAGE][PASSED] - Browser is opened with url: 'https://stage.beautytap.com'

2018-10-08 13:47:04 - [MESSAGE][PASSED] - Current window maximized

2018-10-08 13:47:09 - [MESSAGE][PASSED] - Refresh successfully

2018-10-08 13:47:09 - [MESSAGE][PASSED] - Wait for page load successfully

2018-10-08 13:47:09 - [MESSAGE][PASSED] - beautytap.GeneralAction.openBeautytap is PASSED

2018-10-08 13:47:09 - [TEST_STEP][PASSED] - beautytap.GeneralAction.clickNavigationMenu: beautytap.GeneralAction.clickNavigationMenu is PASSED

2018-10-08 13:47:12 - [MESSAGE][PASSED] - Object: 'Object Repository/Page_General/link_signup' is clicked on

2018-10-08 13:47:12 - [MESSAGE][PASSED] - Wait for page load successfully

2018-10-08 13:47:12 - [MESSAGE][PASSED] - beautytap.GeneralAction.clickNavigationMenu is PASSED

2018-10-08 13:47:12 - [TEST_STEP][PASSED] - beautytap.GeneralAction.signupViaFacebook: beautytap.GeneralAction.signupViaFacebook is PASSED

2018-10-08 13:47:12 - [MESSAGE][PASSED] - Object: 'Object Repository/Page_Signup/btn_signupFB' is clicked on

2018-10-08 13:47:12 - [MESSAGE][PASSED] - Switched to window with index: '1'

2018-10-08 13:47:14 - [MESSAGE][PASSED] - Keys 'g5.posiba@gmail.com' sent to object: 'Object Repository/Popup_FacebookLogin/txt_email'

2018-10-08 13:47:15 - [MESSAGE][PASSED] - Keys 'posiba123' sent to object: 'Object Repository/Popup_FacebookLogin/txt_password'

2018-10-08 13:47:16 - [MESSAGE][PASSED] - Object: 'Object Repository/Popup_FacebookLogin/btn_login' is clicked on

2018-10-08 13:47:18 - [MESSAGE][WARNING] - Cannot take screenshot

2018-10-08 13:47:18 - [MESSAGE][FAILED] - Unable to get text of object 'Object Repository/Popup_FacebookLogin/btn_confirmPermission' (Root cause: org.openqa.selenium.NoSuchWindowException: no such window: window was already closed
  (Session info: chrome=69.0.3497.100)
  (Driver info: chromedriver=2.35.528161 (5b82f2d2aae0ca24b877009200ced9065a772e73),platform=Windows NT 10.0.17134 x86_64) (WARNING: The server did not provide any stacktrace information)
Command duration or timeout: 0 milliseconds
Build info: version: '3.7.1', revision: '8a0099a', time: '2017-11-06T21:07:36.161Z'
System info: host: 'DESKTOP-G1UHP65', ip: '10.0.0.227', os.name: 'Windows 10', os.arch: 'amd64', os.version: '10.0', java.version: '1.8.0_102'
Driver info: com.kms.katalon.selenium.driver.CChromeDriver
Capabilities {acceptInsecureCerts: false, acceptSslCerts: false, applicationCacheEnabled: false, browserConnectionEnabled: false, browserName: chrome, chrome: {chromedriverVersion: 2.35.528161 (5b82f2d2aae0ca..., userDataDir: C:\Users\TRANGN~1\AppData\L...}, cssSelectorsEnabled: true, databaseEnabled: false, handlesAlerts: true, hasTouchScreen: false, javascriptEnabled: true, locationContextEnabled: true, mobileEmulationEnabled: false, nativeEvents: true, networkConnectionEnabled: false, pageLoadStrategy: normal, platform: XP, platformName: XP, rotatable: false, setWindowRect: true, takesHeapSnapshot: true, takesScreenshot: true, unexpectedAlertBehaviour: , unhandledPromptBehavior: , version: 69.0.3497.100, webStorageEnabled: true}
Session ID: ac48665f9fb4b7da63b6bd1b0204f867
*** Element info: {Using=xpath, value=//button[contains(@class,'layerConfirm') and contains(@name,'CONFIRM')]})

2018-10-08 13:47:18 - [MESSAGE][PASSED] - Switched to window with index: '0'

2018-10-08 13:47:33 - [MESSAGE][PASSED] - Delayed 15 second(s)

2018-10-08 13:47:33 - [MESSAGE][PASSED] - Wait for page load successfully

2018-10-08 13:47:33 - [MESSAGE][PASSED] - beautytap.GeneralAction.signupViaFacebook is PASSED

2018-10-08 13:47:33 - [TEST_STEP][PASSED] - verifyElementPresent: Object 'Object Repository/Page_General/link_avatar' is present

2018-10-08 13:47:33 - [MESSAGE][PASSED] - Object 'Object Repository/Page_General/link_avatar' is present

2018-10-08 13:47:33 - [TEST_STEP][PASSED] - beautytap.GeneralAction.logout: beautytap.GeneralAction.logout is PASSED

2018-10-08 13:47:33 - [MESSAGE][PASSED] - Object: 'Object Repository/Page_General/link_avatar' is clicked on

2018-10-08 13:47:34 - [MESSAGE][PASSED] - Object 'Object Repository/Page_General/menu_logout' is present

2018-10-08 13:47:34 - [MESSAGE][PASSED] - Object: 'Object Repository/Page_General/menu_logout' is clicked on

2018-10-08 13:47:34 - [MESSAGE][PASSED] - Wait for page load successfully

2018-10-08 13:47:35 - [MESSAGE][PASSED] - Browser is closed

2018-10-08 13:47:35 - [MESSAGE][PASSED] - beautytap.GeneralAction.logout is PASSED

2018-10-08 13:47:35 - [TEST_STEP][PASSED] - beautytap.AdminAction.deleteUser: beautytap.AdminAction.deleteUser is PASSED

2018-10-08 13:47:45 - [MESSAGE][PASSED] - Browser is opened with url: 'https://stage.beautytap.com/login'

2018-10-08 13:47:46 - [MESSAGE][PASSED] - Current window maximized

2018-10-08 13:47:46 - [MESSAGE][PASSED] - Text of object 'Object Repository/Page_login/txt_username' is cleared

2018-10-08 13:47:46 - [MESSAGE][PASSED] - Keys 'mrwhite' sent to object: 'Object Repository/Page_login/txt_username'

2018-10-08 13:47:47 - [MESSAGE][PASSED] - Text of object 'Object Repository/Page_login/txt_password' is cleared

2018-10-08 13:47:47 - [MESSAGE][PASSED] - Keys 'kgySM$Im' sent to object: 'Object Repository/Page_login/txt_password'

2018-10-08 13:47:47 - [MESSAGE][PASSED] - Object: 'Object Repository/Page_login/btn_login' is clicked on

2018-10-08 13:47:47 - [MESSAGE][PASSED] - Wait for page load successfully

2018-10-08 13:47:47 - [MESSAGE][PASSED] - Wait for page load successfully

2018-10-08 13:47:55 - [MESSAGE][PASSED] - Navigate to 'https://stage.beautytap.com/admin' successfully

2018-10-08 13:47:55 - [MESSAGE][PASSED] - Wait for page load successfully

2018-10-08 13:48:03 - [MESSAGE][PASSED] - Object: 'Object Repository/Page_Admin/menu_users' is clicked on

2018-10-08 13:48:03 - [MESSAGE][PASSED] - Wait for page load successfully

2018-10-08 13:48:03 - [MESSAGE][PASSED] - Text of object 'Object Repository/Page_Admin/txt_searchUser' is cleared

2018-10-08 13:48:03 - [MESSAGE][PASSED] - Keys 'g5.posiba@gmail.com' sent to object: 'Object Repository/Page_Admin/txt_searchUser'

2018-10-08 13:48:07 - [MESSAGE][PASSED] - Object: 'Object Repository/Page_Admin/btn_searchUser' is clicked on

2018-10-08 13:48:07 - [MESSAGE][PASSED] - Wait for page load successfully

2018-10-08 13:48:07 - [MESSAGE][PASSED] - Text of object '' is: 'g5.posiba@gmail.com'

2018-10-08 13:48:07 - [MESSAGE][PASSED] - Attribute 'id' of object '' is: 'user-64405'

2018-10-08 13:48:07 - [MESSAGE][PASSED] - Object: '' is hovered

2018-10-08 13:48:12 - [MESSAGE][PASSED] - Delayed 5 second(s)

2018-10-08 13:48:14 - [MESSAGE][PASSED] - Object: '' is clicked on

2018-10-08 13:48:15 - [MESSAGE][FAILED] - No alert found
[[ATTACHMENT|E:\\BeautytapAutomation\\beautytapAuto\\Beautytap\\Reports\\Regression\\20181008_133113\\1538981294717.png]]

2018-10-08 13:48:15 - [MESSAGE][FAILED] - Unable to accept alert (Root cause: No alert found)
[[ATTACHMENT|E:\\BeautytapAutomation\\beautytapAuto\\Beautytap\\Reports\\Regression\\20181008_133113\\1538981295019.png]]

2018-10-08 13:48:16 - [MESSAGE][PASSED] - Browser is closed

2018-10-08 13:48:16 - [MESSAGE][PASSED] - beautytap.AdminAction.deleteUser is PASSED

2018-10-08 13:48:16 - [TEST_STEP][PASSED] - beautytap.GeneralAction.openBeautytap: beautytap.GeneralAction.openBeautytap is PASSED

2018-10-08 13:48:41 - [MESSAGE][PASSED] - Browser is opened with url: 'https://stage.beautytap.com'

2018-10-08 13:48:42 - [MESSAGE][PASSED] - Current window maximized

2018-10-08 13:48:47 - [MESSAGE][PASSED] - Refresh successfully

2018-10-08 13:48:47 - [MESSAGE][PASSED] - Wait for page load successfully

2018-10-08 13:48:47 - [MESSAGE][PASSED] - beautytap.GeneralAction.openBeautytap is PASSED

2018-10-08 13:48:47 - [TEST_STEP][PASSED] - beautytap.GeneralAction.clickNavigationMenu: beautytap.GeneralAction.clickNavigationMenu is PASSED

2018-10-08 13:48:50 - [MESSAGE][PASSED] - Object: 'Object Repository/Page_General/link_login' is clicked on

2018-10-08 13:48:50 - [MESSAGE][PASSED] - Wait for page load successfully

2018-10-08 13:48:50 - [MESSAGE][PASSED] - beautytap.GeneralAction.clickNavigationMenu is PASSED

2018-10-08 13:48:50 - [TEST_STEP][PASSED] - beautytap.GeneralAction.login: beautytap.GeneralAction.login is PASSED

2018-10-08 13:48:51 - [MESSAGE][PASSED] - Object: 'Object Repository/Page_Login/btn_loginFB' is clicked on

2018-10-08 13:48:51 - [MESSAGE][PASSED] - Switched to window with index: '1'

2018-10-08 13:48:52 - [MESSAGE][PASSED] - Object 'Object Repository/Popup_FacebookLogin/txt_email' is visible

2018-10-08 13:48:53 - [MESSAGE][PASSED] - Keys 'g5.posiba@gmail.com' sent to object: 'Object Repository/Popup_FacebookLogin/txt_email'

2018-10-08 13:48:53 - [MESSAGE][PASSED] - Keys 'posiba123' sent to object: 'Object Repository/Popup_FacebookLogin/txt_password'

2018-10-08 13:48:55 - [MESSAGE][PASSED] - Object: 'Object Repository/Popup_FacebookLogin/btn_login' is clicked on

2018-10-08 13:48:55 - [MESSAGE][PASSED] - Switched to window with index: '0'

2018-10-08 13:48:55 - [MESSAGE][PASSED] - Wait for page load successfully

2018-10-08 13:48:55 - [MESSAGE][PASSED] - beautytap.GeneralAction.login is PASSED

2018-10-08 13:48:55 - [TEST_STEP][PASSED] - verifyElementPresent: Object 'Object Repository/Page_General/link_avatar' is present

2018-10-08 13:49:05 - [MESSAGE][PASSED] - Object 'Object Repository/Page_General/link_avatar' is present

2018-10-08 13:49:05 - [TEST_STEP][PASSED] - beautytap.GeneralAction.logout: beautytap.GeneralAction.logout is PASSED

2018-10-08 13:49:05 - [MESSAGE][PASSED] - Object: 'Object Repository/Page_General/link_avatar' is clicked on

2018-10-08 13:49:05 - [MESSAGE][PASSED] - Object 'Object Repository/Page_General/menu_logout' is present

2018-10-08 13:49:06 - [MESSAGE][PASSED] - Object: 'Object Repository/Page_General/menu_logout' is clicked on

2018-10-08 13:49:06 - [MESSAGE][PASSED] - Wait for page load successfully

2018-10-08 13:49:07 - [MESSAGE][PASSED] - Browser is closed

2018-10-08 13:49:07 - [MESSAGE][PASSED] - beautytap.GeneralAction.logout is PASSED

2018-10-08 13:49:07 - [TEST_STEP][PASSED] - beautytap.GeneralAction.openBeautytap: beautytap.GeneralAction.openBeautytap is PASSED

2018-10-08 13:49:33 - [MESSAGE][PASSED] - Browser is opened with url: 'https://stage.beautytap.com'

2018-10-08 13:49:35 - [MESSAGE][PASSED] - Current window maximized

2018-10-08 13:49:39 - [MESSAGE][PASSED] - Refresh successfully

2018-10-08 13:49:39 - [MESSAGE][PASSED] - Wait for page load successfully

2018-10-08 13:49:39 - [MESSAGE][PASSED] - beautytap.GeneralAction.openBeautytap is PASSED

2018-10-08 13:49:39 - [TEST_STEP][PASSED] - beautytap.GeneralAction.clickNavigationMenu: beautytap.GeneralAction.clickNavigationMenu is PASSED

2018-10-08 13:49:43 - [MESSAGE][PASSED] - Object: 'Object Repository/Page_General/link_signup' is clicked on

2018-10-08 13:49:43 - [MESSAGE][PASSED] - Wait for page load successfully

2018-10-08 13:49:43 - [MESSAGE][PASSED] - beautytap.GeneralAction.clickNavigationMenu is PASSED

2018-10-08 13:49:43 - [TEST_STEP][PASSED] - beautytap.GeneralAction.signupViaFacebook: beautytap.GeneralAction.signupViaFacebook is PASSED

2018-10-08 13:49:44 - [MESSAGE][PASSED] - Object: 'Object Repository/Page_Signup/btn_signupFB' is clicked on

2018-10-08 13:49:44 - [MESSAGE][PASSED] - Switched to window with index: '1'

2018-10-08 13:49:46 - [MESSAGE][PASSED] - Keys 'g5.posiba@gmail.com' sent to object: 'Object Repository/Popup_FacebookLogin/txt_email'

2018-10-08 13:49:46 - [MESSAGE][PASSED] - Keys 'posiba123' sent to object: 'Object Repository/Popup_FacebookLogin/txt_password'

2018-10-08 13:49:47 - [MESSAGE][PASSED] - Object: 'Object Repository/Popup_FacebookLogin/btn_login' is clicked on

2018-10-08 13:49:49 - [MESSAGE][WARNING] - Cannot take screenshot

2018-10-08 13:49:49 - [MESSAGE][FAILED] - Unable to get text of object 'Object Repository/Popup_FacebookLogin/btn_confirmPermission' (Root cause: org.openqa.selenium.NoSuchWindowException: no such window: window was already closed
  (Session info: chrome=69.0.3497.100)
  (Driver info: chromedriver=2.35.528161 (5b82f2d2aae0ca24b877009200ced9065a772e73),platform=Windows NT 10.0.17134 x86_64) (WARNING: The server did not provide any stacktrace information)
Command duration or timeout: 0 milliseconds
Build info: version: '3.7.1', revision: '8a0099a', time: '2017-11-06T21:07:36.161Z'
System info: host: 'DESKTOP-G1UHP65', ip: '10.0.0.227', os.name: 'Windows 10', os.arch: 'amd64', os.version: '10.0', java.version: '1.8.0_102'
Driver info: com.kms.katalon.selenium.driver.CChromeDriver
Capabilities {acceptInsecureCerts: false, acceptSslCerts: false, applicationCacheEnabled: false, browserConnectionEnabled: false, browserName: chrome, chrome: {chromedriverVersion: 2.35.528161 (5b82f2d2aae0ca..., userDataDir: C:\Users\TRANGN~1\AppData\L...}, cssSelectorsEnabled: true, databaseEnabled: false, handlesAlerts: true, hasTouchScreen: false, javascriptEnabled: true, locationContextEnabled: true, mobileEmulationEnabled: false, nativeEvents: true, networkConnectionEnabled: false, pageLoadStrategy: normal, platform: XP, platformName: XP, rotatable: false, setWindowRect: true, takesHeapSnapshot: true, takesScreenshot: true, unexpectedAlertBehaviour: , unhandledPromptBehavior: , version: 69.0.3497.100, webStorageEnabled: true}
Session ID: 9bdc3374423a405974b555edb367a084
*** Element info: {Using=xpath, value=//button[contains(@class,'layerConfirm') and contains(@name,'CONFIRM')]})

2018-10-08 13:49:49 - [MESSAGE][PASSED] - Switched to window with index: '0'

2018-10-08 13:50:04 - [MESSAGE][PASSED] - Delayed 15 second(s)

2018-10-08 13:50:04 - [MESSAGE][PASSED] - Wait for page load successfully

2018-10-08 13:50:04 - [MESSAGE][PASSED] - beautytap.GeneralAction.signupViaFacebook is PASSED

2018-10-08 13:50:04 - [TEST_STEP][PASSED] - verifyElementPresent: Object 'Object Repository/Page_General/link_avatar' is present

2018-10-08 13:50:04 - [MESSAGE][PASSED] - Object 'Object Repository/Page_General/link_avatar' is present

2018-10-08 13:50:04 - [TEST_STEP][PASSED] - beautytap.GeneralAction.logout: beautytap.GeneralAction.logout is PASSED

2018-10-08 13:50:05 - [MESSAGE][PASSED] - Object: 'Object Repository/Page_General/link_avatar' is clicked on

2018-10-08 13:50:05 - [MESSAGE][PASSED] - Object 'Object Repository/Page_General/menu_logout' is present

2018-10-08 13:50:05 - [MESSAGE][PASSED] - Object: 'Object Repository/Page_General/menu_logout' is clicked on

2018-10-08 13:50:05 - [MESSAGE][PASSED] - Wait for page load successfully

2018-10-08 13:50:06 - [MESSAGE][PASSED] - Browser is closed

2018-10-08 13:50:06 - [MESSAGE][PASSED] - beautytap.GeneralAction.logout is PASSED

2018-10-08 13:50:06 - [TEST_STEP][PASSED] - beautytap.GeneralAction.openBeautytap: beautytap.GeneralAction.openBeautytap is PASSED

2018-10-08 13:50:32 - [MESSAGE][PASSED] - Browser is opened with url: 'https://stage.beautytap.com'

2018-10-08 13:50:33 - [MESSAGE][PASSED] - Current window maximized

2018-10-08 13:50:38 - [MESSAGE][PASSED] - Refresh successfully

2018-10-08 13:50:38 - [MESSAGE][PASSED] - Wait for page load successfully

2018-10-08 13:50:38 - [MESSAGE][PASSED] - beautytap.GeneralAction.openBeautytap is PASSED

2018-10-08 13:50:38 - [TEST_STEP][PASSED] - beautytap.GeneralAction.clickNavigationMenu: beautytap.GeneralAction.clickNavigationMenu is PASSED

2018-10-08 13:50:41 - [MESSAGE][PASSED] - Object: 'Object Repository/Page_General/link_login' is clicked on

2018-10-08 13:50:41 - [MESSAGE][PASSED] - Wait for page load successfully

2018-10-08 13:50:41 - [MESSAGE][PASSED] - beautytap.GeneralAction.clickNavigationMenu is PASSED

2018-10-08 13:50:41 - [TEST_STEP][PASSED] - beautytap.GeneralAction.login: beautytap.GeneralAction.login is PASSED

2018-10-08 13:50:42 - [MESSAGE][PASSED] - Object: 'Object Repository/Page_Login/btn_loginFB' is clicked on

2018-10-08 13:50:42 - [MESSAGE][PASSED] - Switched to window with index: '1'

2018-10-08 13:50:43 - [MESSAGE][PASSED] - Object 'Object Repository/Popup_FacebookLogin/txt_email' is visible

2018-10-08 13:50:44 - [MESSAGE][PASSED] - Keys 'g5.posiba@gmail.com' sent to object: 'Object Repository/Popup_FacebookLogin/txt_email'

2018-10-08 13:50:44 - [MESSAGE][PASSED] - Keys 'posiba123' sent to object: 'Object Repository/Popup_FacebookLogin/txt_password'

2018-10-08 13:50:46 - [MESSAGE][PASSED] - Object: 'Object Repository/Popup_FacebookLogin/btn_login' is clicked on

2018-10-08 13:50:46 - [MESSAGE][PASSED] - Switched to window with index: '0'

2018-10-08 13:50:46 - [MESSAGE][PASSED] - Wait for page load successfully

2018-10-08 13:50:46 - [MESSAGE][PASSED] - beautytap.GeneralAction.login is PASSED

2018-10-08 13:50:46 - [TEST_STEP][PASSED] - verifyElementPresent: Object 'Object Repository/Page_General/link_avatar' is present

2018-10-08 13:50:56 - [MESSAGE][PASSED] - Object 'Object Repository/Page_General/link_avatar' is present

2018-10-08 13:50:56 - [TEST_STEP][PASSED] - beautytap.GeneralAction.logout: beautytap.GeneralAction.logout is PASSED

2018-10-08 13:50:56 - [MESSAGE][PASSED] - Object: 'Object Repository/Page_General/link_avatar' is clicked on

2018-10-08 13:50:56 - [MESSAGE][PASSED] - Object 'Object Repository/Page_General/menu_logout' is present

2018-10-08 13:50:57 - [MESSAGE][PASSED] - Object: 'Object Repository/Page_General/menu_logout' is clicked on

2018-10-08 13:50:57 - [MESSAGE][PASSED] - Wait for page load successfully

2018-10-08 13:50:57 - [MESSAGE][PASSED] - Browser is closed

2018-10-08 13:50:57 - [MESSAGE][PASSED] - beautytap.GeneralAction.logout is PASSED]]></system-out>
         <system-err><![CDATA[]]></system-err>
      </testcase>
      <testcase name="Test Cases/Shop/TC07_BuyProduct_EarnPendingPoint_EarnRedeemablePoint" classname="Test Cases/Shop/TC07_BuyProduct_EarnPendingPoint_EarnRedeemablePoint" status="PASSED">
         <system-out><![CDATA[2018-10-08 13:51:00 - [TEST_CASE][PASSED] - Test Cases/Shop/TC07_BuyProduct_EarnPendingPoint_EarnRedeemablePoint: Test Cases/Shop/TC07_BuyProduct_EarnPendingPoint_EarnRedeemablePoint

2018-10-08 13:51:00 - [TEST_STEP][PASSED] - Statement - username = USER_EMAIL: null

2018-10-08 13:51:00 - [TEST_STEP][PASSED] - Statement - password = USER_PASSWORD: null

2018-10-08 13:51:00 - [TEST_STEP][PASSED] - Statement - productName = SIMPLE_PRODUCT: null

2018-10-08 13:51:00 - [TEST_STEP][PASSED] - Statement - price = SIMPLE_PRODUCT_PRICE: null

2018-10-08 13:51:00 - [TEST_STEP][PASSED] - Statement - quantity = 3: null

2018-10-08 13:51:00 - [TEST_STEP][PASSED] - Statement - shippingLabel = FREE_SHIPPING_LABEL: null

2018-10-08 13:51:00 - [TEST_STEP][PASSED] - Statement - shippingPrice = 0: null

2018-10-08 13:51:00 - [TEST_STEP][PASSED] - Statement - subtotal = CustomKeywords.beautytap.ShopAction.calculateTotal(quantity, price): beautytap.ShopAction.calculateTotal is PASSED

2018-10-08 13:51:00 - [MESSAGE][PASSED] - beautytap.ShopAction.calculateTotal is PASSED

2018-10-08 13:51:00 - [TEST_STEP][PASSED] - Statement - total = subtotal + shippingPrice: null

2018-10-08 13:51:00 - [TEST_STEP][PASSED] - Statement - products = new org.json.JSONArray((((((([{"productname":" + productName) + ","variation":"","quantity":") + quantity) + ","price":") + price) + "}])): null

2018-10-08 13:51:00 - [TEST_STEP][PASSED] - Statement - billingInformation = new org.json.JSONObject((({"firstname":"Test","lastname":"Automation","country":"United States (US)","address":"123 Testing","city":"New York","state":"New York","zip":"90012","email":" + username) + "})): null

2018-10-08 13:51:00 - [TEST_STEP][PASSED] - Statement - paymentMethod = "PayPal": null

2018-10-08 13:51:00 - [TEST_STEP][PASSED] - beautytap.GeneralAction.openBeautytap: beautytap.GeneralAction.openBeautytap is PASSED

2018-10-08 13:51:15 - [MESSAGE][PASSED] - Browser is opened with url: 'https://stage.beautytap.com'

2018-10-08 13:51:16 - [MESSAGE][PASSED] - Current window maximized

2018-10-08 13:51:22 - [MESSAGE][PASSED] - Refresh successfully

2018-10-08 13:51:22 - [MESSAGE][PASSED] - Wait for page load successfully

2018-10-08 13:51:22 - [MESSAGE][PASSED] - beautytap.GeneralAction.openBeautytap is PASSED

2018-10-08 13:51:22 - [TEST_STEP][PASSED] - beautytap.GeneralAction.clickNavigationMenu: beautytap.GeneralAction.clickNavigationMenu is PASSED

2018-10-08 13:51:25 - [MESSAGE][PASSED] - Object: 'Object Repository/Page_General/link_login' is clicked on

2018-10-08 13:51:25 - [MESSAGE][PASSED] - Wait for page load successfully

2018-10-08 13:51:25 - [MESSAGE][PASSED] - beautytap.GeneralAction.clickNavigationMenu is PASSED

2018-10-08 13:51:25 - [TEST_STEP][PASSED] - beautytap.GeneralAction.login: beautytap.GeneralAction.login is PASSED

2018-10-08 13:51:25 - [MESSAGE][PASSED] - Text of object 'Object Repository/Page_login/txt_username' is cleared

2018-10-08 13:51:26 - [MESSAGE][PASSED] - Keys 'trang2408@mailinator.com' sent to object: 'Object Repository/Page_login/txt_username'

2018-10-08 13:51:26 - [MESSAGE][PASSED] - Text of object 'Object Repository/Page_login/txt_password' is cleared

2018-10-08 13:51:26 - [MESSAGE][PASSED] - Keys '123456' sent to object: 'Object Repository/Page_login/txt_password'

2018-10-08 13:51:26 - [MESSAGE][PASSED] - Object: 'Object Repository/Page_login/btn_login' is clicked on

2018-10-08 13:51:26 - [MESSAGE][PASSED] - Wait for page load successfully

2018-10-08 13:51:26 - [MESSAGE][PASSED] - beautytap.GeneralAction.login is PASSED

2018-10-08 13:51:26 - [TEST_STEP][PASSED] - beautytap.GeneralAction.selectProfileMenu: beautytap.GeneralAction.selectProfileMenu is PASSED

2018-10-08 13:51:35 - [MESSAGE][PASSED] - Object: 'Object Repository/Page_General/link_avatar' is clicked on

2018-10-08 13:51:37 - [MESSAGE][PASSED] - Delayed 2 second(s)

2018-10-08 13:51:41 - [MESSAGE][PASSED] - Object: '' is clicked on

2018-10-08 13:51:41 - [MESSAGE][PASSED] - Wait for page load successfully

2018-10-08 13:51:41 - [MESSAGE][PASSED] - beautytap.GeneralAction.selectProfileMenu is PASSED

2018-10-08 13:51:41 - [TEST_STEP][PASSED] - Statement - objReward = CustomKeywords.beautytap.ShopAction.getRewardDetails(): beautytap.ShopAction.getRewardDetails is PASSED

2018-10-08 13:51:41 - [MESSAGE][PASSED] - Text of object '' is: '1.1 x Rewards Multiplier!'

2018-10-08 13:51:41 - [MESSAGE][PASSED] - Text of object '' is: '1.1 x Rewards Multiplier!'

2018-10-08 13:51:41 - [MESSAGE][PASSED] - Text of object '' is: '10814.77'

2018-10-08 13:51:41 - [MESSAGE][PASSED] - Text of object '' is: '3162.38'

2018-10-08 13:51:41 - [MESSAGE][PASSED] - Text of object '' is: '7544.77'

2018-10-08 13:51:42 - [MESSAGE][PASSED] - Text of object '' is: '$405.00'

2018-10-08 13:51:42 - [MESSAGE][PASSED] - Text of object '' is: 'Beauty Bae'

2018-10-08 13:51:42 - [MESSAGE][PASSED] - beautytap.ShopAction.getRewardDetails is PASSED

2018-10-08 13:51:42 - [TEST_STEP][PASSED] - Statement - multiplier = java.lang.Float.parseFloat(objReward.get("multiplier")): null

2018-10-08 13:51:42 - [TEST_STEP][PASSED] - Statement - currentlevel = objReward.get("currentlevel"): null

2018-10-08 13:51:42 - [TEST_STEP][PASSED] - Statement - lifetime = java.lang.Float.parseFloat(objReward.get("lifetime")): null

2018-10-08 13:51:42 - [TEST_STEP][PASSED] - Statement - pending = java.lang.Float.parseFloat(objReward.get("pending")): null

2018-10-08 13:51:42 - [TEST_STEP][PASSED] - Statement - redeemable = java.lang.Float.parseFloat(objReward.get("redeemable")): null

2018-10-08 13:51:42 - [TEST_STEP][PASSED] - Statement - pointvalue = java.lang.Float.parseFloat(objReward.get("pointvalue")): null

2018-10-08 13:51:42 - [TEST_STEP][PASSED] - Statement - rewardEarned = java.lang.Float.parseFloat(java.lang.String.format("%.2f", multiplier * subtotal)): null

2018-10-08 13:51:42 - [TEST_STEP][PASSED] - Statement - notificationMessage = "You received " + rewardEarned + " redeemable points": null

2018-10-08 13:51:42 - [TEST_STEP][PASSED] - beautytap.ShopAction.globalSearch: beautytap.ShopAction.globalSearch is PASSED

2018-10-08 13:51:42 - [MESSAGE][PASSED] - Object: 'Object Repository/Page_General/icon_search' is clicked on

2018-10-08 13:51:47 - [MESSAGE][PASSED] - Delayed 5 second(s)

2018-10-08 13:51:47 - [MESSAGE][PASSED] - Text of object 'Object Repository/Page_General/txt_search' is cleared

2018-10-08 13:51:47 - [MESSAGE][PASSED] - Keys 'CONTROL + v' sent to object: 'Object Repository/Page_General/txt_search'

2018-10-08 13:51:52 - [MESSAGE][PASSED] - Delayed 5 second(s)

2018-10-08 13:51:52 - [MESSAGE][PASSED] - beautytap.ShopAction.globalSearch is PASSED

2018-10-08 13:51:52 - [TEST_STEP][PASSED] - beautytap.ShopAction.selectSearchResult: beautytap.ShopAction.selectSearchResult is PASSED

2018-10-08 13:51:52 - [MESSAGE][PASSED] - Text of object '' is: 'La Muse Correct Care Complete Cushion SPF50+'

2018-10-08 13:51:52 - [MESSAGE][PASSED] - Object '' is present

2018-10-08 13:52:00 - [MESSAGE][PASSED] - Object: '' is clicked on

2018-10-08 13:52:00 - [MESSAGE][PASSED] - Wait for page load successfully

2018-10-08 13:52:00 - [MESSAGE][PASSED] - beautytap.ShopAction.selectSearchResult is PASSED

2018-10-08 13:52:00 - [TEST_STEP][PASSED] - beautytap.ShopAction.addProductToCart: beautytap.ShopAction.addProductToCart is PASSED

2018-10-08 13:52:00 - [MESSAGE][PASSED] - Text of object 'Object Repository/Page_Shop/txt_quantity' is cleared

2018-10-08 13:52:00 - [MESSAGE][PASSED] - Keys '3' sent to object: 'Object Repository/Page_Shop/txt_quantity'

2018-10-08 13:52:00 - [MESSAGE][PASSED] - Object: 'Object Repository/Page_Shop/btn_addToCart' is clicked on

2018-10-08 13:52:01 - [MESSAGE][PASSED] - Wait for page load successfully

2018-10-08 13:52:06 - [MESSAGE][PASSED] - Object 'Object Repository/Page_Shop/lbl_message' is present

2018-10-08 13:52:06 - [MESSAGE][PASSED] - beautytap.ShopAction.addProductToCart is PASSED

2018-10-08 13:52:06 - [TEST_STEP][PASSED] - beautytap.ShopAction.goToCart: beautytap.ShopAction.goToCart is PASSED

2018-10-08 13:52:06 - [MESSAGE][PASSED] - Object 'Object Repository/Page_General/icon_cart' is present

2018-10-08 13:52:11 - [MESSAGE][PASSED] - Object: 'Object Repository/Page_General/icon_cart' is clicked on

2018-10-08 13:52:11 - [MESSAGE][PASSED] - Wait for page load successfully

2018-10-08 13:52:11 - [MESSAGE][PASSED] - beautytap.ShopAction.goToCart is PASSED

2018-10-08 13:52:11 - [TEST_STEP][PASSED] - beautytap.ShopAction.processToCheckout: beautytap.ShopAction.processToCheckout is PASSED

2018-10-08 13:52:17 - [MESSAGE][PASSED] - Object: 'Object Repository/Page_Cart/btn_checkout' is clicked on

2018-10-08 13:52:17 - [MESSAGE][PASSED] - Wait for page load successfully

2018-10-08 13:52:17 - [MESSAGE][PASSED] - beautytap.ShopAction.processToCheckout is PASSED

2018-10-08 13:52:17 - [TEST_STEP][PASSED] - beautytap.ShopAction.fillCustomerInformation: beautytap.ShopAction.fillCustomerInformation is PASSED

2018-10-08 13:52:17 - [MESSAGE][PASSED] - Text of object 'Object Repository/Page_Checkout/txt_billingFirstName' is cleared

2018-10-08 13:52:17 - [MESSAGE][PASSED] - Keys 'Test' sent to object: 'Object Repository/Page_Checkout/txt_billingFirstName'

2018-10-08 13:52:17 - [MESSAGE][PASSED] - Text of object 'Object Repository/Page_Checkout/txt_billingLastName' is cleared

2018-10-08 13:52:18 - [MESSAGE][PASSED] - Keys 'Automation' sent to object: 'Object Repository/Page_Checkout/txt_billingLastName'

2018-10-08 13:52:18 - [MESSAGE][PASSED] - All options with label 'United States (US)' are selected in object 'Object Repository/Page_Checkout/drop_billingCountry' 

2018-10-08 13:52:23 - [MESSAGE][PASSED] - Delayed 5 second(s)

2018-10-08 13:52:23 - [MESSAGE][PASSED] - Text of object 'Object Repository/Page_Checkout/txt_billingAddress' is cleared

2018-10-08 13:52:24 - [MESSAGE][PASSED] - Keys '123 Testing' sent to object: 'Object Repository/Page_Checkout/txt_billingAddress'

2018-10-08 13:52:24 - [MESSAGE][PASSED] - Text of object 'Object Repository/Page_Checkout/txt_billingCity' is cleared

2018-10-08 13:52:24 - [MESSAGE][PASSED] - Keys 'New York' sent to object: 'Object Repository/Page_Checkout/txt_billingCity'

2018-10-08 13:52:24 - [MESSAGE][PASSED] - All options with label 'New York' are selected in object 'Object Repository/Page_Checkout/drop_billingState' 

2018-10-08 13:52:24 - [MESSAGE][PASSED] - Text of object 'Object Repository/Page_Checkout/txt_billingZip' is cleared

2018-10-08 13:52:25 - [MESSAGE][PASSED] - Keys '90012' sent to object: 'Object Repository/Page_Checkout/txt_billingZip'

2018-10-08 13:52:25 - [MESSAGE][PASSED] - Text of object 'Object Repository/Page_Checkout/txt_billingEmail' is cleared

2018-10-08 13:52:26 - [MESSAGE][PASSED] - Keys 'trang2408@mailinator.com' sent to object: 'Object Repository/Page_Checkout/txt_billingEmail'

2018-10-08 13:52:26 - [MESSAGE][PASSED] - Object 'Object Repository/Page_Checkout/chk_shipToDifferentAddress' is un-checked

2018-10-08 13:52:26 - [MESSAGE][PASSED] - Text of object 'Object Repository/Page_Checkout/txt_orderNote' is cleared

2018-10-08 13:52:26 - [MESSAGE][PASSED] - Keys 'TC07' sent to object: 'Object Repository/Page_Checkout/txt_orderNote'

2018-10-08 13:52:26 - [MESSAGE][PASSED] - Object 'Object Repository/Page_Checkout/radio_creditCard' is checked

2018-10-08 13:52:31 - [MESSAGE][PASSED] - Delayed 5 second(s)

2018-10-08 13:52:31 - [MESSAGE][PASSED] - beautytap.ShopAction.fillCustomerInformation is PASSED

2018-10-08 13:52:31 - [TEST_STEP][PASSED] - beautytap.ShopAction.VerifyOrderDetailsOnCheckout: Keyword VerifyOrderDetailsOnCheckout is Passed

2018-10-08 13:52:31 - [MESSAGE][PASSED] - Object '' is present

2018-10-08 13:52:32 - [MESSAGE][PASSED] - Text of object '' is: '$95.40'

2018-10-08 13:52:32 - [MESSAGE][PASSED] - Text of object '' is: 'Free shipping for orders over $60
Why does shipping take this long?'

2018-10-08 13:52:32 - [MESSAGE][PASSED] - Text of object '' is: '$95.40'

2018-10-08 13:52:32 - [MESSAGE][PASSED] - Keyword VerifyOrderDetailsOnCheckout is Passed

2018-10-08 13:52:32 - [TEST_STEP][PASSED] - beautytap.ShopAction.VerifyRewardEarned: Keyword VerifyRewardEarned is Passed

2018-10-08 13:52:32 - [MESSAGE][PASSED] - Text of object '' is: 'Status: Beauty Bae ( $95.4 x Rewards Multiplier )'

2018-10-08 13:52:32 - [MESSAGE][PASSED] - Text of object '' is: 'Status: Beauty Bae ( $95.4 x Rewards Multiplier )'

2018-10-08 13:52:32 - [MESSAGE][PASSED] - Text of object '' is: 'Status: Beauty Bae ( $95.4 x Rewards Multiplier )'

2018-10-08 13:52:32 - [MESSAGE][PASSED] - Text of object '' is: 'Multiplier: $95.4 x 1.1'

2018-10-08 13:52:32 - [MESSAGE][PASSED] - Text of object '' is: 'Multiplier: $95.4 x 1.1'

2018-10-08 13:52:32 - [MESSAGE][PASSED] - Text of object '' is: '104.9 Points!'

2018-10-08 13:52:32 - [MESSAGE][PASSED] - Text of object '' is: '104.9 Points!'

2018-10-08 13:52:32 - [MESSAGE][PASSED] - Text of object '' is: 'Multiplier: $95.4 x 1.1'

2018-10-08 13:52:32 - [MESSAGE][PASSED] - Text of object '' is: 'Multiplier: $95.4 x 1.1'

2018-10-08 13:52:32 - [MESSAGE][PASSED] - Text of object '' is: 'Multiplier: $95.4 x 1.1'

2018-10-08 13:52:32 - [MESSAGE][PASSED] - Keyword VerifyRewardEarned is Passed

2018-10-08 13:52:32 - [TEST_STEP][PASSED] - beautytap.ShopAction.checkoutViaPaypal: beautytap.ShopAction.checkoutViaPaypal is PASSED

2018-10-08 13:52:33 - [MESSAGE][PASSED] - Object 'Object Repository/Page_Checkout/radio_paypal' is checked

2018-10-08 13:52:38 - [MESSAGE][PASSED] - Delayed 5 second(s)

2018-10-08 13:52:38 - [MESSAGE][PASSED] - Object 'Object Repository/Page_Checkout/chk_terms' is checked

2018-10-08 13:52:38 - [MESSAGE][PASSED] - Object: 'Object Repository/Page_Checkout/btn_placeOrder' is clicked on

2018-10-08 13:52:45 - [MESSAGE][PASSED] - Object 'Object Repository/Page_Paypal/txt_email' is present

2018-10-08 13:52:45 - [MESSAGE][PASSED] - Text of object 'Object Repository/Page_Paypal/txt_email' is cleared

2018-10-08 13:52:46 - [MESSAGE][PASSED] - Keys 'g1.posiba@gmail.com' sent to object: 'Object Repository/Page_Paypal/txt_email'

2018-10-08 13:52:46 - [MESSAGE][PASSED] - Text of object 'Object Repository/Page_Paypal/txt_password' is cleared

2018-10-08 13:52:46 - [MESSAGE][PASSED] - Keys 'Tr@ng99%' sent to object: 'Object Repository/Page_Paypal/txt_password'

2018-10-08 13:52:58 - [MESSAGE][PASSED] - Object: 'Object Repository/Page_Paypal/btn_login' is clicked on

2018-10-08 13:53:01 - [MESSAGE][PASSED] - Object 'Object Repository/Page_Paypal/btn_payNow' is present

2018-10-08 13:53:06 - [MESSAGE][PASSED] - Delayed 5 second(s)

2018-10-08 13:53:06 - [MESSAGE][PASSED] - Object: 'Object Repository/Page_Paypal/btn_payNow' is clicked on

2018-10-08 13:53:25 - [MESSAGE][PASSED] - Object 'Object Repository/Page_Checkout/lbl_orderReceived' is present

2018-10-08 13:53:25 - [MESSAGE][PASSED] - beautytap.ShopAction.checkoutViaPaypal is PASSED

2018-10-08 13:53:25 - [TEST_STEP][PASSED] - beautytap.ShopAction.VerifyOrderReceivedDetails: Keyword VerifyOrderReceivedDetails is Passed

2018-10-08 13:53:25 - [MESSAGE][PASSED] - Object '' is present

2018-10-08 13:53:25 - [MESSAGE][PASSED] - Text of object '' is: '$95.40'

2018-10-08 13:53:25 - [MESSAGE][PASSED] - Text of object '' is: 'Free shipping for orders over $60'

2018-10-08 13:53:31 - [MESSAGE][WARNING] - com.kms.katalon.core.webui.exception.WebElementNotFoundException: Web element with id: '' located by 'By.xpath: //th[text()='Shipping:']/parent::tr/td/span' not found
[[ATTACHMENT|E:\\BeautytapAutomation\\beautytapAuto\\Beautytap\\Reports\\Regression\\20181008_133113\\1538981610724.png]]

2018-10-08 13:53:31 - [MESSAGE][PASSED] - Text of object '' is: 'PayPal'

2018-10-08 13:53:31 - [MESSAGE][PASSED] - Text of object '' is: '$95.40'

2018-10-08 13:53:31 - [MESSAGE][PASSED] - Keyword VerifyOrderReceivedDetails is Passed

2018-10-08 13:53:31 - [TEST_STEP][PASSED] - beautytap.ShopAction.VerifyRewardEarned: Keyword VerifyRewardEarned is Passed

2018-10-08 13:53:31 - [MESSAGE][PASSED] - Text of object '' is: 'Status: Beauty Bae ( $95.40 x Rewards Multiplier )'

2018-10-08 13:53:31 - [MESSAGE][PASSED] - Text of object '' is: 'Status: Beauty Bae ( $95.40 x Rewards Multiplier )'

2018-10-08 13:53:31 - [MESSAGE][PASSED] - Text of object '' is: 'Status: Beauty Bae ( $95.40 x Rewards Multiplier )'

2018-10-08 13:53:31 - [MESSAGE][PASSED] - Text of object '' is: 'Multiplier: $95.40 x 1.1'

2018-10-08 13:53:31 - [MESSAGE][PASSED] - Text of object '' is: 'Multiplier: $95.40 x 1.1'

2018-10-08 13:53:31 - [MESSAGE][PASSED] - Text of object '' is: '104.9 Points!'

2018-10-08 13:53:31 - [MESSAGE][PASSED] - Text of object '' is: '104.9 Points!'

2018-10-08 13:53:31 - [MESSAGE][PASSED] - Text of object '' is: 'Multiplier: $95.40 x 1.1'

2018-10-08 13:53:31 - [MESSAGE][PASSED] - Text of object '' is: 'Multiplier: $95.40 x 1.1'

2018-10-08 13:53:31 - [MESSAGE][PASSED] - Text of object '' is: 'Multiplier: $95.40 x 1.1'

2018-10-08 13:53:31 - [MESSAGE][PASSED] - Keyword VerifyRewardEarned is Passed

2018-10-08 13:53:31 - [TEST_STEP][PASSED] - Statement - orderInfo = CustomKeywords.beautytap.ShopAction.getOrderInfoOnOrderReceived(): beautytap.ShopAction.getOrderInfoOnOrderReceived is PASSED

2018-10-08 13:53:31 - [MESSAGE][PASSED] - Text of object '' is: '137462'

2018-10-08 13:53:31 - [MESSAGE][PASSED] - Text of object '' is: 'October 7, 2018'

2018-10-08 13:53:31 - [MESSAGE][PASSED] - beautytap.ShopAction.getOrderInfoOnOrderReceived is PASSED

2018-10-08 13:53:31 - [TEST_STEP][PASSED] - Statement - orderNumber = orderInfo.get("ordernumber"): null

2018-10-08 13:53:31 - [TEST_STEP][PASSED] - Statement - orderDate = orderInfo.get("date"): null

2018-10-08 13:53:31 - [TEST_STEP][PASSED] - Statement - completeOrderSubject = "Your " + SITE_TITLE + " order from " + orderDate + " is complete": null

2018-10-08 13:53:31 - [TEST_STEP][PASSED] - Statement - completeOrderSubject = completeOrderSubject.replace("[", "").replace("]", ""): null

2018-10-08 13:53:31 - [TEST_STEP][PASSED] - beautytap.GeneralAction.selectProfileMenu: beautytap.GeneralAction.selectProfileMenu is PASSED

2018-10-08 13:53:32 - [MESSAGE][PASSED] - Object: 'Object Repository/Page_General/link_avatar' is clicked on

2018-10-08 13:53:34 - [MESSAGE][PASSED] - Delayed 2 second(s)

2018-10-08 13:53:37 - [MESSAGE][PASSED] - Object: '' is clicked on

2018-10-08 13:53:37 - [MESSAGE][PASSED] - Wait for page load successfully

2018-10-08 13:53:37 - [MESSAGE][PASSED] - beautytap.GeneralAction.selectProfileMenu is PASSED

2018-10-08 13:53:37 - [TEST_STEP][PASSED] - Statement - newPending = java.lang.Float.parseFloat(java.lang.String.format("%.2f", pending + rewardEarned)): null

2018-10-08 13:53:37 - [TEST_STEP][PASSED] - beautytap.ShopAction.VerifyRewardPointsDetails: Keyword VerifyRewardPoints is Passed

2018-10-08 13:53:38 - [MESSAGE][PASSED] - Text of object '' is: '10814.77'

2018-10-08 13:53:38 - [MESSAGE][PASSED] - Text of object '' is: '3267.32'

2018-10-08 13:53:38 - [MESSAGE][PASSED] - Text of object '' is: '7544.77'

2018-10-08 13:53:38 - [MESSAGE][PASSED] - Text of object '' is: '$405.00'

2018-10-08 13:53:38 - [MESSAGE][PASSED] - Keyword VerifyRewardPoints is Passed

2018-10-08 13:53:38 - [TEST_STEP][PASSED] - beautytap.ShopAction.VerifyRewardHistory: Keyword VerifyRewardHistory is Passed

2018-10-08 13:53:38 - [MESSAGE][PASSED] - Object '' is present

2018-10-08 13:53:38 - [MESSAGE][PASSED] - Text of object '' is: ''

2018-10-08 13:53:38 - [MESSAGE][PASSED] - Text of object '' is: '$95.40'

2018-10-08 13:53:38 - [MESSAGE][PASSED] - Text of object '' is: '1.1'

2018-10-08 13:53:38 - [MESSAGE][PASSED] - Text of object '' is: '0.00'

2018-10-08 13:53:38 - [MESSAGE][PASSED] - Text of object '' is: '7544.77'

2018-10-08 13:53:38 - [MESSAGE][PASSED] - Keyword VerifyRewardHistory is Passed

2018-10-08 13:53:38 - [TEST_STEP][PASSED] - beautytap.ShopAction.VerifyRewardHistory: Keyword VerifyRewardHistory is Passed

2018-10-08 13:53:38 - [MESSAGE][PASSED] - Object '' is present

2018-10-08 13:53:38 - [MESSAGE][PASSED] - Text of object '' is: ''

2018-10-08 13:53:38 - [MESSAGE][PASSED] - Text of object '' is: '$95.40'

2018-10-08 13:53:38 - [MESSAGE][PASSED] - Text of object '' is: '1.1'

2018-10-08 13:53:38 - [MESSAGE][PASSED] - Text of object '' is: '0.00'

2018-10-08 13:53:39 - [MESSAGE][PASSED] - Text of object '' is: '7544.77'

2018-10-08 13:53:39 - [MESSAGE][PASSED] - Keyword VerifyRewardHistory is Passed

2018-10-08 13:53:39 - [TEST_STEP][PASSED] - beautytap.GeneralAction.logout: beautytap.GeneralAction.logout is PASSED

2018-10-08 13:53:39 - [MESSAGE][PASSED] - Object: 'Object Repository/Page_General/link_avatar' is clicked on

2018-10-08 13:53:40 - [MESSAGE][PASSED] - Object 'Object Repository/Page_General/menu_logout' is present

2018-10-08 13:53:40 - [MESSAGE][PASSED] - Object: 'Object Repository/Page_General/menu_logout' is clicked on

2018-10-08 13:53:40 - [MESSAGE][PASSED] - Wait for page load successfully

2018-10-08 13:53:40 - [MESSAGE][PASSED] - beautytap.GeneralAction.logout is PASSED

2018-10-08 13:53:40 - [TEST_STEP][PASSED] - beautytap.GeneralAction.clickNavigationMenu: beautytap.GeneralAction.clickNavigationMenu is PASSED

2018-10-08 13:53:51 - [MESSAGE][PASSED] - Object: 'Object Repository/Page_General/link_login' is clicked on

2018-10-08 13:53:51 - [MESSAGE][PASSED] - Wait for page load successfully

2018-10-08 13:53:51 - [MESSAGE][PASSED] - beautytap.GeneralAction.clickNavigationMenu is PASSED

2018-10-08 13:53:51 - [TEST_STEP][PASSED] - beautytap.GeneralAction.login: beautytap.GeneralAction.login is PASSED

2018-10-08 13:53:51 - [MESSAGE][PASSED] - Text of object 'Object Repository/Page_login/txt_username' is cleared

2018-10-08 13:53:51 - [MESSAGE][PASSED] - Keys 'mrwhite' sent to object: 'Object Repository/Page_login/txt_username'

2018-10-08 13:53:51 - [MESSAGE][PASSED] - Text of object 'Object Repository/Page_login/txt_password' is cleared

2018-10-08 13:53:51 - [MESSAGE][PASSED] - Keys 'kgySM$Im' sent to object: 'Object Repository/Page_login/txt_password'

2018-10-08 13:53:51 - [MESSAGE][PASSED] - Object: 'Object Repository/Page_login/btn_login' is clicked on

2018-10-08 13:53:51 - [MESSAGE][PASSED] - Wait for page load successfully

2018-10-08 13:53:51 - [MESSAGE][PASSED] - beautytap.GeneralAction.login is PASSED

2018-10-08 13:53:51 - [TEST_STEP][PASSED] - navigateToUrl: Navigate to 'https://stage.beautytap.com/admin' successfully

2018-10-08 13:53:58 - [MESSAGE][PASSED] - Navigate to 'https://stage.beautytap.com/admin' successfully

2018-10-08 13:53:58 - [TEST_STEP][PASSED] - beautytap.AdminAction.changeOrderStatus: beautytap.AdminAction.changeOrderStatus is PASSED

2018-10-08 13:54:06 - [MESSAGE][PASSED] - Object: '' is clicked on

2018-10-08 13:54:06 - [MESSAGE][PASSED] - Wait for page load successfully

2018-10-08 13:54:12 - [MESSAGE][PASSED] - Object: '' is clicked on

2018-10-08 13:54:12 - [MESSAGE][PASSED] - Wait for page load successfully

2018-10-08 13:54:12 - [MESSAGE][PASSED] - Text of object 'Object Repository/Page_Admin/txt_searchOrder' is cleared

2018-10-08 13:54:12 - [MESSAGE][PASSED] - Keys '137462' sent to object: 'Object Repository/Page_Admin/txt_searchOrder'

2018-10-08 13:54:16 - [MESSAGE][PASSED] - Object: 'Object Repository/Page_Admin/btn_searchOrder' is clicked on

2018-10-08 13:54:16 - [MESSAGE][PASSED] - Wait for page load successfully

2018-10-08 13:54:26 - [MESSAGE][PASSED] - Object: '' is clicked on

2018-10-08 13:54:26 - [MESSAGE][PASSED] - Wait for page load successfully

2018-10-08 13:54:26 - [MESSAGE][PASSED] - All options with label 'Completed' are selected in object 'Object Repository/Page_Admin/drop_orderStatus' 

2018-10-08 13:54:26 - [MESSAGE][PASSED] - Object: 'Object Repository/Page_Admin/btn_saveOrder' is clicked on

2018-10-08 13:54:38 - [MESSAGE][PASSED] - Object 'Object Repository/Page_Admin/lbl_orderUpdatedMessage' is present

2018-10-08 13:54:38 - [MESSAGE][PASSED] - beautytap.AdminAction.changeOrderStatus is PASSED

2018-10-08 13:54:38 - [TEST_STEP][PASSED] - beautytap.GeneralAction.openMailBox: beautytap.GeneralAction.openMailBox is PASSED

2018-10-08 13:54:40 - [MESSAGE][PASSED] - Navigate to 'https://www.mailinator.com' successfully

2018-10-08 13:54:40 - [MESSAGE][PASSED] - Wait for page load successfully

2018-10-08 13:54:40 - [MESSAGE][PASSED] - Keys 'trang2408@mailinator.com' sent to object: 'Object Repository/Page_mailinator/txt_email'

2018-10-08 13:54:46 - [MESSAGE][PASSED] - Object: 'Object Repository/Page_mailinator/btn_go' is clicked on

2018-10-08 13:54:46 - [MESSAGE][PASSED] - Wait for page load successfully

2018-10-08 13:54:51 - [MESSAGE][PASSED] - Delayed 5 second(s)

2018-10-08 13:54:51 - [MESSAGE][PASSED] - beautytap.GeneralAction.openMailBox is PASSED

2018-10-08 13:54:51 - [TEST_STEP][PASSED] - beautytap.GeneralAction.verifyEmailExist: beautytap.GeneralAction.verifyEmailExist is PASSED

2018-10-08 13:54:51 - [MESSAGE][PASSED] - Object '' is present

2018-10-08 13:54:51 - [MESSAGE][PASSED] - beautytap.GeneralAction.verifyEmailExist is PASSED

2018-10-08 13:54:51 - [TEST_STEP][PASSED] - beautytap.GeneralAction.openEmail: beautytap.GeneralAction.openEmail is PASSED

2018-10-08 13:54:51 - [MESSAGE][PASSED] - Object: '' is clicked on

2018-10-08 13:54:51 - [MESSAGE][PASSED] - beautytap.GeneralAction.openEmail is PASSED

2018-10-08 13:54:51 - [TEST_STEP][PASSED] - beautytap.ShopAction.VerifyOrderCompleteEmail: Keyword VerifyOrderCompleteEmail is Passed

2018-10-08 13:54:52 - [MESSAGE][PASSED] - Object '' is present

2018-10-08 13:54:52 - [MESSAGE][PASSED] - Text of object '' is: 'La Muse Correct Care Complete Cushion SPF50+'

2018-10-08 13:54:52 - [MESSAGE][PASSED] - Text of object '' is: '3'

2018-10-08 13:54:52 - [MESSAGE][PASSED] - Text of object '' is: '$95.40'

2018-10-08 13:54:52 - [MESSAGE][PASSED] - Text of object '' is: '$95.40'

2018-10-08 13:54:52 - [MESSAGE][PASSED] - Text of object '' is: 'Free shipping for orders over $60'

2018-10-08 13:54:58 - [MESSAGE][WARNING] - com.kms.katalon.core.webui.exception.WebElementNotFoundException: Web element with id: '' located by 'By.xpath: //th[text()='Shipping:']/parent::tr/td/span' not found
[[ATTACHMENT|E:\\BeautytapAutomation\\beautytapAuto\\Beautytap\\Reports\\Regression\\20181008_133113\\1538981698023.png]]

2018-10-08 13:54:58 - [MESSAGE][PASSED] - Text of object '' is: 'PayPal'

2018-10-08 13:54:58 - [MESSAGE][PASSED] - Text of object '' is: '104.94'

2018-10-08 13:54:58 - [MESSAGE][PASSED] - Text of object '' is: '$95.40'

2018-10-08 13:54:58 - [MESSAGE][PASSED] - Keyword VerifyOrderCompleteEmail is Passed

2018-10-08 13:54:58 - [TEST_STEP][PASSED] - closeBrowser: Browser is closed

2018-10-08 13:54:59 - [MESSAGE][PASSED] - Browser is closed

2018-10-08 13:54:59 - [TEST_STEP][PASSED] - beautytap.GeneralAction.openBeautytap: beautytap.GeneralAction.openBeautytap is PASSED

2018-10-08 13:55:17 - [MESSAGE][PASSED] - Browser is opened with url: 'https://stage.beautytap.com'

2018-10-08 13:55:18 - [MESSAGE][PASSED] - Current window maximized

2018-10-08 13:55:23 - [MESSAGE][PASSED] - Refresh successfully

2018-10-08 13:55:23 - [MESSAGE][PASSED] - Wait for page load successfully

2018-10-08 13:55:23 - [MESSAGE][PASSED] - beautytap.GeneralAction.openBeautytap is PASSED

2018-10-08 13:55:23 - [TEST_STEP][PASSED] - beautytap.GeneralAction.clickNavigationMenu: beautytap.GeneralAction.clickNavigationMenu is PASSED

2018-10-08 13:55:25 - [MESSAGE][PASSED] - Object: 'Object Repository/Page_General/link_login' is clicked on

2018-10-08 13:55:25 - [MESSAGE][PASSED] - Wait for page load successfully

2018-10-08 13:55:25 - [MESSAGE][PASSED] - beautytap.GeneralAction.clickNavigationMenu is PASSED

2018-10-08 13:55:25 - [TEST_STEP][PASSED] - beautytap.GeneralAction.login: beautytap.GeneralAction.login is PASSED

2018-10-08 13:55:26 - [MESSAGE][PASSED] - Text of object 'Object Repository/Page_login/txt_username' is cleared

2018-10-08 13:55:26 - [MESSAGE][PASSED] - Keys 'trang2408@mailinator.com' sent to object: 'Object Repository/Page_login/txt_username'

2018-10-08 13:55:26 - [MESSAGE][PASSED] - Text of object 'Object Repository/Page_login/txt_password' is cleared

2018-10-08 13:55:26 - [MESSAGE][PASSED] - Keys '123456' sent to object: 'Object Repository/Page_login/txt_password'

2018-10-08 13:55:27 - [MESSAGE][PASSED] - Object: 'Object Repository/Page_login/btn_login' is clicked on

2018-10-08 13:55:27 - [MESSAGE][PASSED] - Wait for page load successfully

2018-10-08 13:55:27 - [MESSAGE][PASSED] - beautytap.GeneralAction.login is PASSED

2018-10-08 13:55:27 - [TEST_STEP][PASSED] - beautytap.GeneralAction.VerifyNotificationText: Keyword VerifyNotificationText is Passed

2018-10-08 13:55:36 - [MESSAGE][PASSED] - Object: 'Object Repository/Page_General/link_notificationIcon' is clicked on

2018-10-08 13:55:41 - [MESSAGE][PASSED] - Delayed 5 second(s)

2018-10-08 13:55:41 - [MESSAGE][PASSED] - Text of object '' is: 'You received 104.94 redeemable points'

2018-10-08 13:55:41 - [MESSAGE][PASSED] - Keyword VerifyNotificationText is Passed

2018-10-08 13:55:41 - [TEST_STEP][PASSED] - beautytap.GeneralAction.selectProfileMenu: beautytap.GeneralAction.selectProfileMenu is PASSED

2018-10-08 13:55:41 - [MESSAGE][PASSED] - Object: 'Object Repository/Page_General/link_avatar' is clicked on

2018-10-08 13:55:43 - [MESSAGE][PASSED] - Delayed 2 second(s)

2018-10-08 13:55:47 - [MESSAGE][PASSED] - Object: '' is clicked on

2018-10-08 13:55:47 - [MESSAGE][PASSED] - Wait for page load successfully

2018-10-08 13:55:47 - [MESSAGE][PASSED] - beautytap.GeneralAction.selectProfileMenu is PASSED

2018-10-08 13:55:47 - [TEST_STEP][PASSED] - Statement - newLifetime = java.lang.Float.parseFloat(java.lang.String.format("%.2f", lifetime + rewardEarned)): null

2018-10-08 13:55:47 - [TEST_STEP][PASSED] - Statement - newRedeemable = java.lang.Float.parseFloat(java.lang.String.format("%.2f", redeemable + rewardEarned)): null

2018-10-08 13:55:47 - [TEST_STEP][PASSED] - Statement - newPointValue = CustomKeywords.beautytap.ShopAction.calculateLoyaltyPointValue(newRedeemable): beautytap.ShopAction.calculateLoyaltyPointValue is PASSED

2018-10-08 13:55:47 - [MESSAGE][PASSED] - beautytap.ShopAction.calculateLoyaltyPointValue is PASSED

2018-10-08 13:55:47 - [TEST_STEP][PASSED] - beautytap.ShopAction.VerifyRewardPointsDetails: Keyword VerifyRewardPoints is Passed

2018-10-08 13:55:47 - [MESSAGE][PASSED] - Text of object '' is: '10919.71'

2018-10-08 13:55:47 - [MESSAGE][PASSED] - Text of object '' is: '3162.38'

2018-10-08 13:55:47 - [MESSAGE][PASSED] - Text of object '' is: '7649.71'

2018-10-08 13:55:47 - [MESSAGE][PASSED] - Text of object '' is: '$409.00'

2018-10-08 13:55:47 - [MESSAGE][PASSED] - Keyword VerifyRewardPoints is Passed

2018-10-08 13:55:47 - [TEST_STEP][PASSED] - beautytap.ShopAction.VerifyRewardHistory: Keyword VerifyRewardHistory is Passed

2018-10-08 13:55:47 - [MESSAGE][PASSED] - Object '' is present

2018-10-08 13:55:47 - [MESSAGE][PASSED] - Text of object '' is: ''

2018-10-08 13:55:47 - [MESSAGE][PASSED] - Text of object '' is: '$95.40'

2018-10-08 13:55:47 - [MESSAGE][PASSED] - Text of object '' is: '1.1'

2018-10-08 13:55:47 - [MESSAGE][PASSED] - Text of object '' is: '104.94'

2018-10-08 13:55:47 - [MESSAGE][PASSED] - Text of object '' is: '7649.71'

2018-10-08 13:55:47 - [MESSAGE][PASSED] - Keyword VerifyRewardHistory is Passed

2018-10-08 13:55:47 - [TEST_STEP][PASSED] - beautytap.GeneralAction.logout: beautytap.GeneralAction.logout is PASSED

2018-10-08 13:55:48 - [MESSAGE][PASSED] - Object: 'Object Repository/Page_General/link_avatar' is clicked on

2018-10-08 13:55:48 - [MESSAGE][PASSED] - Object 'Object Repository/Page_General/menu_logout' is present

2018-10-08 13:55:48 - [MESSAGE][PASSED] - Object: 'Object Repository/Page_General/menu_logout' is clicked on

2018-10-08 13:55:48 - [MESSAGE][PASSED] - Wait for page load successfully

2018-10-08 13:55:50 - [MESSAGE][PASSED] - Browser is closed

2018-10-08 13:55:50 - [MESSAGE][PASSED] - beautytap.GeneralAction.logout is PASSED]]></system-out>
         <system-err><![CDATA[]]></system-err>
      </testcase>
      <testcase name="Test Cases/Shop/TC08_BuyProduct_UsingRewardPoint" classname="Test Cases/Shop/TC08_BuyProduct_UsingRewardPoint" status="PASSED">
         <system-out><![CDATA[2018-10-08 13:55:52 - [TEST_CASE][PASSED] - Test Cases/Shop/TC08_BuyProduct_UsingRewardPoint: Test Cases/Shop/TC08_BuyProduct_UsingRewardPoint

2018-10-08 13:55:52 - [TEST_STEP][PASSED] - Statement - username = USER_EMAIL: null

2018-10-08 13:55:52 - [TEST_STEP][PASSED] - Statement - password = USER_PASSWORD: null

2018-10-08 13:55:52 - [TEST_STEP][PASSED] - Statement - productName = SIMPLE_PRODUCT: null

2018-10-08 13:55:52 - [TEST_STEP][PASSED] - Statement - price = SIMPLE_PRODUCT_PRICE: null

2018-10-08 13:55:52 - [TEST_STEP][PASSED] - Statement - quantity = 3: null

2018-10-08 13:55:52 - [TEST_STEP][PASSED] - Statement - shippingLabel = FREE_SHIPPING_LABEL: null

2018-10-08 13:55:53 - [TEST_STEP][PASSED] - Statement - shippingPrice = 0: null

2018-10-08 13:55:53 - [TEST_STEP][PASSED] - Statement - pointUsed = 60: null

2018-10-08 13:55:53 - [TEST_STEP][PASSED] - Statement - pointValueUsed = 2: null

2018-10-08 13:55:53 - [TEST_STEP][PASSED] - Statement - subtotal = CustomKeywords.beautytap.ShopAction.calculateTotal(quantity, price): beautytap.ShopAction.calculateTotal is PASSED

2018-10-08 13:55:53 - [MESSAGE][PASSED] - beautytap.ShopAction.calculateTotal is PASSED

2018-10-08 13:55:53 - [TEST_STEP][PASSED] - Statement - subtotalApplyReward = java.lang.Float.parseFloat(java.lang.String.format("%.2f", subtotal - pointValueUsed)): null

2018-10-08 13:55:53 - [TEST_STEP][PASSED] - Statement - total = java.lang.Float.parseFloat(java.lang.String.format("%.2f", subtotal - pointValueUsed + shippingPrice)): null

2018-10-08 13:55:53 - [TEST_STEP][PASSED] - Statement - products = new org.json.JSONArray((((((([{"productname":" + productName) + ","variation":"","quantity":") + quantity) + ","price":") + price) + "}])): null

2018-10-08 13:55:53 - [TEST_STEP][PASSED] - Statement - billingInformation = new org.json.JSONObject((({"firstname":"Test","lastname":"Automation","country":"United States (US)","address":"123 Testing","city":"New York","state":"New York","zip":"90012","email":" + username) + "})): null

2018-10-08 13:55:53 - [TEST_STEP][PASSED] - Statement - paymentMethod = "PayPal": null

2018-10-08 13:55:53 - [TEST_STEP][PASSED] - beautytap.GeneralAction.openBeautytap: beautytap.GeneralAction.openBeautytap is PASSED

2018-10-08 13:56:14 - [MESSAGE][PASSED] - Browser is opened with url: 'https://stage.beautytap.com'

2018-10-08 13:56:16 - [MESSAGE][PASSED] - Current window maximized

2018-10-08 13:56:22 - [MESSAGE][PASSED] - Refresh successfully

2018-10-08 13:56:22 - [MESSAGE][PASSED] - Wait for page load successfully

2018-10-08 13:56:22 - [MESSAGE][PASSED] - beautytap.GeneralAction.openBeautytap is PASSED

2018-10-08 13:56:22 - [TEST_STEP][PASSED] - beautytap.GeneralAction.clickNavigationMenu: beautytap.GeneralAction.clickNavigationMenu is PASSED

2018-10-08 13:56:25 - [MESSAGE][PASSED] - Object: 'Object Repository/Page_General/link_login' is clicked on

2018-10-08 13:56:25 - [MESSAGE][PASSED] - Wait for page load successfully

2018-10-08 13:56:25 - [MESSAGE][PASSED] - beautytap.GeneralAction.clickNavigationMenu is PASSED

2018-10-08 13:56:25 - [TEST_STEP][PASSED] - beautytap.GeneralAction.login: beautytap.GeneralAction.login is PASSED

2018-10-08 13:56:25 - [MESSAGE][PASSED] - Text of object 'Object Repository/Page_login/txt_username' is cleared

2018-10-08 13:56:26 - [MESSAGE][PASSED] - Keys 'trang2408@mailinator.com' sent to object: 'Object Repository/Page_login/txt_username'

2018-10-08 13:56:26 - [MESSAGE][PASSED] - Text of object 'Object Repository/Page_login/txt_password' is cleared

2018-10-08 13:56:26 - [MESSAGE][PASSED] - Keys '123456' sent to object: 'Object Repository/Page_login/txt_password'

2018-10-08 13:56:27 - [MESSAGE][PASSED] - Object: 'Object Repository/Page_login/btn_login' is clicked on

2018-10-08 13:56:27 - [MESSAGE][PASSED] - Wait for page load successfully

2018-10-08 13:56:27 - [MESSAGE][PASSED] - beautytap.GeneralAction.login is PASSED

2018-10-08 13:56:27 - [TEST_STEP][PASSED] - beautytap.GeneralAction.selectProfileMenu: beautytap.GeneralAction.selectProfileMenu is PASSED

2018-10-08 13:56:36 - [MESSAGE][PASSED] - Object: 'Object Repository/Page_General/link_avatar' is clicked on

2018-10-08 13:56:38 - [MESSAGE][PASSED] - Delayed 2 second(s)

2018-10-08 13:56:42 - [MESSAGE][PASSED] - Object: '' is clicked on

2018-10-08 13:56:42 - [MESSAGE][PASSED] - Wait for page load successfully

2018-10-08 13:56:42 - [MESSAGE][PASSED] - beautytap.GeneralAction.selectProfileMenu is PASSED

2018-10-08 13:56:42 - [TEST_STEP][PASSED] - Statement - objReward = CustomKeywords.beautytap.ShopAction.getRewardDetails(): beautytap.ShopAction.getRewardDetails is PASSED

2018-10-08 13:56:42 - [MESSAGE][PASSED] - Text of object '' is: '1.1 x Rewards Multiplier!'

2018-10-08 13:56:42 - [MESSAGE][PASSED] - Text of object '' is: '1.1 x Rewards Multiplier!'

2018-10-08 13:56:42 - [MESSAGE][PASSED] - Text of object '' is: '10919.71'

2018-10-08 13:56:42 - [MESSAGE][PASSED] - Text of object '' is: '3162.38'

2018-10-08 13:56:42 - [MESSAGE][PASSED] - Text of object '' is: '7649.71'

2018-10-08 13:56:42 - [MESSAGE][PASSED] - Text of object '' is: '$409.00'

2018-10-08 13:56:42 - [MESSAGE][PASSED] - Text of object '' is: 'Beauty Bae'

2018-10-08 13:56:42 - [MESSAGE][PASSED] - beautytap.ShopAction.getRewardDetails is PASSED

2018-10-08 13:56:42 - [TEST_STEP][PASSED] - Statement - multiplier = java.lang.Float.parseFloat(objReward.get("multiplier")): null

2018-10-08 13:56:42 - [TEST_STEP][PASSED] - Statement - currentlevel = objReward.get("currentlevel"): null

2018-10-08 13:56:42 - [TEST_STEP][PASSED] - Statement - lifetime = java.lang.Float.parseFloat(objReward.get("lifetime")): null

2018-10-08 13:56:42 - [TEST_STEP][PASSED] - Statement - pending = java.lang.Float.parseFloat(objReward.get("pending")): null

2018-10-08 13:56:42 - [TEST_STEP][PASSED] - Statement - redeemable = java.lang.Float.parseFloat(objReward.get("redeemable")): null

2018-10-08 13:56:42 - [TEST_STEP][PASSED] - Statement - pointvalue = java.lang.Float.parseFloat(objReward.get("pointvalue")): null

2018-10-08 13:56:42 - [TEST_STEP][PASSED] - Statement - rewardEarned = java.lang.Float.parseFloat(java.lang.String.format("%.2f", multiplier * subtotal - pointValueUsed)): null

2018-10-08 13:56:42 - [TEST_STEP][PASSED] - beautytap.ShopAction.globalSearch: beautytap.ShopAction.globalSearch is PASSED

2018-10-08 13:56:42 - [MESSAGE][PASSED] - Object: 'Object Repository/Page_General/icon_search' is clicked on

2018-10-08 13:56:47 - [MESSAGE][PASSED] - Delayed 5 second(s)

2018-10-08 13:56:48 - [MESSAGE][PASSED] - Text of object 'Object Repository/Page_General/txt_search' is cleared

2018-10-08 13:56:48 - [MESSAGE][PASSED] - Keys 'CONTROL + v' sent to object: 'Object Repository/Page_General/txt_search'

2018-10-08 13:56:53 - [MESSAGE][PASSED] - Delayed 5 second(s)

2018-10-08 13:56:53 - [MESSAGE][PASSED] - beautytap.ShopAction.globalSearch is PASSED

2018-10-08 13:56:53 - [TEST_STEP][PASSED] - beautytap.ShopAction.selectSearchResult: beautytap.ShopAction.selectSearchResult is PASSED

2018-10-08 13:56:53 - [MESSAGE][PASSED] - Text of object '' is: 'La Muse Correct Care Complete Cushion SPF50+'

2018-10-08 13:56:53 - [MESSAGE][PASSED] - Object '' is present

2018-10-08 13:56:58 - [MESSAGE][PASSED] - Object: '' is clicked on

2018-10-08 13:56:59 - [MESSAGE][PASSED] - Wait for page load successfully

2018-10-08 13:56:59 - [MESSAGE][PASSED] - beautytap.ShopAction.selectSearchResult is PASSED

2018-10-08 13:56:59 - [TEST_STEP][PASSED] - beautytap.ShopAction.addProductToCart: beautytap.ShopAction.addProductToCart is PASSED

2018-10-08 13:56:59 - [MESSAGE][PASSED] - Text of object 'Object Repository/Page_Shop/txt_quantity' is cleared

2018-10-08 13:56:59 - [MESSAGE][PASSED] - Keys '3' sent to object: 'Object Repository/Page_Shop/txt_quantity'

2018-10-08 13:56:59 - [MESSAGE][PASSED] - Object: 'Object Repository/Page_Shop/btn_addToCart' is clicked on

2018-10-08 13:56:59 - [MESSAGE][PASSED] - Wait for page load successfully

2018-10-08 13:57:04 - [MESSAGE][PASSED] - Object 'Object Repository/Page_Shop/lbl_message' is present

2018-10-08 13:57:04 - [MESSAGE][PASSED] - beautytap.ShopAction.addProductToCart is PASSED

2018-10-08 13:57:04 - [TEST_STEP][PASSED] - beautytap.ShopAction.goToCart: beautytap.ShopAction.goToCart is PASSED

2018-10-08 13:57:04 - [MESSAGE][PASSED] - Object 'Object Repository/Page_General/icon_cart' is present

2018-10-08 13:57:10 - [MESSAGE][PASSED] - Object: 'Object Repository/Page_General/icon_cart' is clicked on

2018-10-08 13:57:10 - [MESSAGE][PASSED] - Wait for page load successfully

2018-10-08 13:57:10 - [MESSAGE][PASSED] - beautytap.ShopAction.goToCart is PASSED

2018-10-08 13:57:10 - [TEST_STEP][PASSED] - beautytap.ShopAction.processToCheckout: beautytap.ShopAction.processToCheckout is PASSED

2018-10-08 13:57:16 - [MESSAGE][PASSED] - Object: 'Object Repository/Page_Cart/btn_checkout' is clicked on

2018-10-08 13:57:16 - [MESSAGE][PASSED] - Wait for page load successfully

2018-10-08 13:57:16 - [MESSAGE][PASSED] - beautytap.ShopAction.processToCheckout is PASSED

2018-10-08 13:57:16 - [TEST_STEP][PASSED] - beautytap.ShopAction.applyLoyaltyRewardPoint: beautytap.ShopAction.applyLoyaltyRewardPoint is PASSED

2018-10-08 13:57:16 - [MESSAGE][PASSED] - Object: 'Object Repository/Page_Checkout/link_clickToRedeem' is clicked on

2018-10-08 13:57:16 - [MESSAGE][PASSED] - Object '' is checked

2018-10-08 13:57:17 - [MESSAGE][PASSED] - Object '' is present

2018-10-08 13:57:17 - [MESSAGE][PASSED] - beautytap.ShopAction.applyLoyaltyRewardPoint is PASSED

2018-10-08 13:57:17 - [TEST_STEP][PASSED] - beautytap.ShopAction.fillCustomerInformation: beautytap.ShopAction.fillCustomerInformation is PASSED

2018-10-08 13:57:17 - [MESSAGE][PASSED] - Text of object 'Object Repository/Page_Checkout/txt_billingFirstName' is cleared

2018-10-08 13:57:17 - [MESSAGE][PASSED] - Keys 'Test' sent to object: 'Object Repository/Page_Checkout/txt_billingFirstName'

2018-10-08 13:57:17 - [MESSAGE][PASSED] - Text of object 'Object Repository/Page_Checkout/txt_billingLastName' is cleared

2018-10-08 13:57:18 - [MESSAGE][PASSED] - Keys 'Automation' sent to object: 'Object Repository/Page_Checkout/txt_billingLastName'

2018-10-08 13:57:18 - [MESSAGE][PASSED] - All options with label 'United States (US)' are selected in object 'Object Repository/Page_Checkout/drop_billingCountry' 

2018-10-08 13:57:23 - [MESSAGE][PASSED] - Delayed 5 second(s)

2018-10-08 13:57:23 - [MESSAGE][PASSED] - Text of object 'Object Repository/Page_Checkout/txt_billingAddress' is cleared

2018-10-08 13:57:24 - [MESSAGE][PASSED] - Keys '123 Testing' sent to object: 'Object Repository/Page_Checkout/txt_billingAddress'

2018-10-08 13:57:24 - [MESSAGE][PASSED] - Text of object 'Object Repository/Page_Checkout/txt_billingCity' is cleared

2018-10-08 13:57:24 - [MESSAGE][PASSED] - Keys 'New York' sent to object: 'Object Repository/Page_Checkout/txt_billingCity'

2018-10-08 13:57:24 - [MESSAGE][PASSED] - All options with label 'New York' are selected in object 'Object Repository/Page_Checkout/drop_billingState' 

2018-10-08 13:57:24 - [MESSAGE][PASSED] - Text of object 'Object Repository/Page_Checkout/txt_billingZip' is cleared

2018-10-08 13:57:25 - [MESSAGE][PASSED] - Keys '90012' sent to object: 'Object Repository/Page_Checkout/txt_billingZip'

2018-10-08 13:57:25 - [MESSAGE][PASSED] - Text of object 'Object Repository/Page_Checkout/txt_billingEmail' is cleared

2018-10-08 13:57:26 - [MESSAGE][PASSED] - Keys 'trang2408@mailinator.com' sent to object: 'Object Repository/Page_Checkout/txt_billingEmail'

2018-10-08 13:57:26 - [MESSAGE][PASSED] - Object 'Object Repository/Page_Checkout/chk_shipToDifferentAddress' is un-checked

2018-10-08 13:57:26 - [MESSAGE][PASSED] - Text of object 'Object Repository/Page_Checkout/txt_orderNote' is cleared

2018-10-08 13:57:26 - [MESSAGE][PASSED] - Keys 'TC08_checkout with reward' sent to object: 'Object Repository/Page_Checkout/txt_orderNote'

2018-10-08 13:57:27 - [MESSAGE][PASSED] - Object 'Object Repository/Page_Checkout/radio_creditCard' is checked

2018-10-08 13:57:32 - [MESSAGE][PASSED] - Delayed 5 second(s)

2018-10-08 13:57:32 - [MESSAGE][PASSED] - beautytap.ShopAction.fillCustomerInformation is PASSED

2018-10-08 13:57:32 - [TEST_STEP][PASSED] - beautytap.ShopAction.VerifyOrderDetailsOnCheckout: Keyword VerifyOrderDetailsOnCheckout is Passed

2018-10-08 13:57:32 - [MESSAGE][PASSED] - Object '' is present

2018-10-08 13:57:32 - [MESSAGE][PASSED] - Text of object '' is: '$95.40'

2018-10-08 13:57:32 - [MESSAGE][PASSED] - Text of object '' is: '60 points used'

2018-10-08 13:57:32 - [MESSAGE][PASSED] - Text of object '' is: '60 points used'

2018-10-08 13:57:32 - [MESSAGE][PASSED] - Text of object '' is: '$2.00'

2018-10-08 13:57:32 - [MESSAGE][PASSED] - Text of object '' is: 'Free shipping for orders over $60
Why does shipping take this long?'

2018-10-08 13:57:32 - [MESSAGE][PASSED] - Text of object '' is: '$93.40'

2018-10-08 13:57:32 - [MESSAGE][PASSED] - Keyword VerifyOrderDetailsOnCheckout is Passed

2018-10-08 13:57:32 - [TEST_STEP][PASSED] - beautytap.ShopAction.VerifyRewardEarned: Keyword VerifyRewardEarned is Passed

2018-10-08 13:57:32 - [MESSAGE][PASSED] - Text of object '' is: 'Status: Beauty Bae ( $93.4 x Rewards Multiplier )'

2018-10-08 13:57:32 - [MESSAGE][PASSED] - Text of object '' is: 'Status: Beauty Bae ( $93.4 x Rewards Multiplier )'

2018-10-08 13:57:32 - [MESSAGE][PASSED] - Text of object '' is: 'Status: Beauty Bae ( $93.4 x Rewards Multiplier )'

2018-10-08 13:57:32 - [MESSAGE][PASSED] - Text of object '' is: 'Multiplier: $93.4 x 1.1'

2018-10-08 13:57:32 - [MESSAGE][PASSED] - Text of object '' is: 'Multiplier: $93.4 x 1.1'

2018-10-08 13:57:32 - [MESSAGE][PASSED] - Text of object '' is: '102.7 Points!'

2018-10-08 13:57:32 - [MESSAGE][PASSED] - Text of object '' is: '102.7 Points!'

2018-10-08 13:57:32 - [MESSAGE][PASSED] - Text of object '' is: 'Multiplier: $93.4 x 1.1'

2018-10-08 13:57:32 - [MESSAGE][PASSED] - Text of object '' is: 'Multiplier: $93.4 x 1.1'

2018-10-08 13:57:33 - [MESSAGE][PASSED] - Text of object '' is: 'Multiplier: $93.4 x 1.1'

2018-10-08 13:57:33 - [MESSAGE][PASSED] - Keyword VerifyRewardEarned is Passed

2018-10-08 13:57:33 - [TEST_STEP][PASSED] - beautytap.ShopAction.checkoutViaPaypal: beautytap.ShopAction.checkoutViaPaypal is PASSED

2018-10-08 13:57:33 - [MESSAGE][PASSED] - Object 'Object Repository/Page_Checkout/radio_paypal' is checked

2018-10-08 13:57:38 - [MESSAGE][PASSED] - Delayed 5 second(s)

2018-10-08 13:57:38 - [MESSAGE][PASSED] - Object 'Object Repository/Page_Checkout/chk_terms' is checked

2018-10-08 13:57:39 - [MESSAGE][PASSED] - Object: 'Object Repository/Page_Checkout/btn_placeOrder' is clicked on

2018-10-08 13:57:45 - [MESSAGE][PASSED] - Object 'Object Repository/Page_Paypal/txt_email' is present

2018-10-08 13:57:45 - [MESSAGE][PASSED] - Text of object 'Object Repository/Page_Paypal/txt_email' is cleared

2018-10-08 13:57:46 - [MESSAGE][PASSED] - Keys 'g1.posiba@gmail.com' sent to object: 'Object Repository/Page_Paypal/txt_email'

2018-10-08 13:57:46 - [MESSAGE][PASSED] - Text of object 'Object Repository/Page_Paypal/txt_password' is cleared

2018-10-08 13:57:46 - [MESSAGE][PASSED] - Keys 'Tr@ng99%' sent to object: 'Object Repository/Page_Paypal/txt_password'

2018-10-08 13:58:02 - [MESSAGE][PASSED] - Object: 'Object Repository/Page_Paypal/btn_login' is clicked on

2018-10-08 13:58:04 - [MESSAGE][PASSED] - Object 'Object Repository/Page_Paypal/btn_payNow' is present

2018-10-08 13:58:09 - [MESSAGE][PASSED] - Delayed 5 second(s)

2018-10-08 13:58:09 - [MESSAGE][PASSED] - Object: 'Object Repository/Page_Paypal/btn_payNow' is clicked on

2018-10-08 13:58:24 - [MESSAGE][PASSED] - Object 'Object Repository/Page_Checkout/lbl_orderReceived' is present

2018-10-08 13:58:24 - [MESSAGE][PASSED] - beautytap.ShopAction.checkoutViaPaypal is PASSED

2018-10-08 13:58:24 - [TEST_STEP][PASSED] - beautytap.ShopAction.VerifyOrderReceivedDetails: Keyword VerifyOrderReceivedDetails is Passed

2018-10-08 13:58:24 - [MESSAGE][PASSED] - Object '' is present

2018-10-08 13:58:24 - [MESSAGE][PASSED] - Text of object '' is: '$95.40'

2018-10-08 13:58:24 - [MESSAGE][PASSED] - Text of object '' is: '60 points used'

2018-10-08 13:58:24 - [MESSAGE][PASSED] - Text of object '' is: '60 points used'

2018-10-08 13:58:24 - [MESSAGE][PASSED] - Text of object '' is: '$2.00'

2018-10-08 13:58:24 - [MESSAGE][PASSED] - Text of object '' is: 'Free shipping for orders over $60'

2018-10-08 13:58:30 - [MESSAGE][WARNING] - com.kms.katalon.core.webui.exception.WebElementNotFoundException: Web element with id: '' located by 'By.xpath: //th[text()='Shipping:']/parent::tr/td/span' not found
[[ATTACHMENT|E:\\BeautytapAutomation\\beautytapAuto\\Beautytap\\Reports\\Regression\\20181008_133113\\1538981910020.png]]

2018-10-08 13:58:30 - [MESSAGE][PASSED] - Text of object '' is: 'PayPal'

2018-10-08 13:58:30 - [MESSAGE][PASSED] - Text of object '' is: '$93.40'

2018-10-08 13:58:30 - [MESSAGE][PASSED] - Keyword VerifyOrderReceivedDetails is Passed

2018-10-08 13:58:30 - [TEST_STEP][PASSED] - Statement - orderInfo = CustomKeywords.beautytap.ShopAction.getOrderInfoOnOrderReceived(): beautytap.ShopAction.getOrderInfoOnOrderReceived is PASSED

2018-10-08 13:58:30 - [MESSAGE][PASSED] - Text of object '' is: '137466'

2018-10-08 13:58:30 - [MESSAGE][PASSED] - Text of object '' is: 'October 7, 2018'

2018-10-08 13:58:30 - [MESSAGE][PASSED] - beautytap.ShopAction.getOrderInfoOnOrderReceived is PASSED

2018-10-08 13:58:30 - [TEST_STEP][PASSED] - Statement - orderNumber = orderInfo.get("ordernumber"): null

2018-10-08 13:58:30 - [TEST_STEP][PASSED] - beautytap.ShopAction.VerifyRewardEarned: Keyword VerifyRewardEarned is Passed

2018-10-08 13:58:30 - [MESSAGE][PASSED] - Text of object '' is: 'Status: Beauty Bae ( $93.40 x Rewards Multiplier )'

2018-10-08 13:58:30 - [MESSAGE][PASSED] - Text of object '' is: 'Status: Beauty Bae ( $93.40 x Rewards Multiplier )'

2018-10-08 13:58:30 - [MESSAGE][PASSED] - Text of object '' is: 'Status: Beauty Bae ( $93.40 x Rewards Multiplier )'

2018-10-08 13:58:30 - [MESSAGE][PASSED] - Text of object '' is: 'Multiplier: $93.40 x 1.1'

2018-10-08 13:58:30 - [MESSAGE][PASSED] - Text of object '' is: 'Multiplier: $93.40 x 1.1'

2018-10-08 13:58:30 - [MESSAGE][PASSED] - Text of object '' is: '102.7 Points!'

2018-10-08 13:58:30 - [MESSAGE][PASSED] - Text of object '' is: '102.7 Points!'

2018-10-08 13:58:31 - [MESSAGE][PASSED] - Text of object '' is: 'Multiplier: $93.40 x 1.1'

2018-10-08 13:58:31 - [MESSAGE][PASSED] - Text of object '' is: 'Multiplier: $93.40 x 1.1'

2018-10-08 13:58:31 - [MESSAGE][PASSED] - Text of object '' is: 'Multiplier: $93.40 x 1.1'

2018-10-08 13:58:31 - [MESSAGE][PASSED] - Keyword VerifyRewardEarned is Passed

2018-10-08 13:58:31 - [TEST_STEP][PASSED] - beautytap.GeneralAction.selectProfileMenu: beautytap.GeneralAction.selectProfileMenu is PASSED

2018-10-08 13:58:31 - [MESSAGE][PASSED] - Object: 'Object Repository/Page_General/link_avatar' is clicked on

2018-10-08 13:58:33 - [MESSAGE][PASSED] - Delayed 2 second(s)

2018-10-08 13:58:37 - [MESSAGE][PASSED] - Object: '' is clicked on

2018-10-08 13:58:37 - [MESSAGE][PASSED] - Wait for page load successfully

2018-10-08 13:58:37 - [MESSAGE][PASSED] - beautytap.GeneralAction.selectProfileMenu is PASSED

2018-10-08 13:58:37 - [TEST_STEP][PASSED] - Statement - newPending = java.lang.Float.parseFloat(java.lang.String.format("%.2f", pending + rewardEarned)): null

2018-10-08 13:58:37 - [TEST_STEP][PASSED] - Statement - newRedeemable = java.lang.Float.parseFloat(java.lang.String.format("%.2f", redeemable - pointUsed)): null

2018-10-08 13:58:37 - [TEST_STEP][PASSED] - Statement - newPointValue = CustomKeywords.beautytap.ShopAction.calculateLoyaltyPointValue(newRedeemable): beautytap.ShopAction.calculateLoyaltyPointValue is PASSED

2018-10-08 13:58:37 - [MESSAGE][PASSED] - beautytap.ShopAction.calculateLoyaltyPointValue is PASSED

2018-10-08 13:58:37 - [TEST_STEP][PASSED] - beautytap.ShopAction.VerifyRewardPointsDetails: Keyword VerifyRewardPoints is Passed

2018-10-08 13:58:37 - [MESSAGE][PASSED] - Text of object '' is: '10919.71'

2018-10-08 13:58:37 - [MESSAGE][PASSED] - Text of object '' is: '3265.12'

2018-10-08 13:58:37 - [MESSAGE][PASSED] - Text of object '' is: '7589.71'

2018-10-08 13:58:37 - [MESSAGE][PASSED] - Text of object '' is: '$407.00'

2018-10-08 13:58:37 - [MESSAGE][PASSED] - Keyword VerifyRewardPoints is Passed

2018-10-08 13:58:37 - [TEST_STEP][PASSED] - beautytap.ShopAction.VerifyRewardHistory: Keyword VerifyRewardHistory is Passed

2018-10-08 13:58:37 - [MESSAGE][PASSED] - Object '' is present

2018-10-08 13:58:37 - [MESSAGE][PASSED] - Text of object '' is: '60'

2018-10-08 13:58:37 - [MESSAGE][PASSED] - Text of object '' is: '60'

2018-10-08 13:58:37 - [MESSAGE][PASSED] - Text of object '' is: '$93.40'

2018-10-08 13:58:37 - [MESSAGE][PASSED] - Text of object '' is: '1.1'

2018-10-08 13:58:37 - [MESSAGE][PASSED] - Text of object '' is: '-60.00'

2018-10-08 13:58:38 - [MESSAGE][PASSED] - Text of object '' is: '7589.71'

2018-10-08 13:58:38 - [MESSAGE][PASSED] - Keyword VerifyRewardHistory is Passed

2018-10-08 13:58:38 - [TEST_STEP][PASSED] - beautytap.ShopAction.VerifyRewardHistory: Keyword VerifyRewardHistory is Passed

2018-10-08 13:58:38 - [MESSAGE][PASSED] - Object '' is present

2018-10-08 13:58:38 - [MESSAGE][PASSED] - Text of object '' is: '60'

2018-10-08 13:58:38 - [MESSAGE][PASSED] - Text of object '' is: '60'

2018-10-08 13:58:38 - [MESSAGE][PASSED] - Text of object '' is: '$93.40'

2018-10-08 13:58:38 - [MESSAGE][PASSED] - Text of object '' is: '1.1'

2018-10-08 13:58:38 - [MESSAGE][PASSED] - Text of object '' is: '0.00'

2018-10-08 13:58:38 - [MESSAGE][PASSED] - Text of object '' is: '7589.71'

2018-10-08 13:58:38 - [MESSAGE][PASSED] - Keyword VerifyRewardHistory is Passed

2018-10-08 13:58:38 - [TEST_STEP][PASSED] - beautytap.GeneralAction.logout: beautytap.GeneralAction.logout is PASSED

2018-10-08 13:58:38 - [MESSAGE][PASSED] - Object: 'Object Repository/Page_General/link_avatar' is clicked on

2018-10-08 13:58:39 - [MESSAGE][PASSED] - Object 'Object Repository/Page_General/menu_logout' is present

2018-10-08 13:58:39 - [MESSAGE][PASSED] - Object: 'Object Repository/Page_General/menu_logout' is clicked on

2018-10-08 13:58:39 - [MESSAGE][PASSED] - Wait for page load successfully

2018-10-08 13:58:39 - [MESSAGE][PASSED] - beautytap.GeneralAction.logout is PASSED

2018-10-08 13:58:39 - [TEST_STEP][PASSED] - beautytap.GeneralAction.clickNavigationMenu: beautytap.GeneralAction.clickNavigationMenu is PASSED

2018-10-08 13:58:50 - [MESSAGE][PASSED] - Object: 'Object Repository/Page_General/link_login' is clicked on

2018-10-08 13:58:50 - [MESSAGE][PASSED] - Wait for page load successfully

2018-10-08 13:58:50 - [MESSAGE][PASSED] - beautytap.GeneralAction.clickNavigationMenu is PASSED

2018-10-08 13:58:50 - [TEST_STEP][PASSED] - beautytap.GeneralAction.login: beautytap.GeneralAction.login is PASSED

2018-10-08 13:58:50 - [MESSAGE][PASSED] - Text of object 'Object Repository/Page_login/txt_username' is cleared

2018-10-08 13:58:50 - [MESSAGE][PASSED] - Keys 'mrwhite' sent to object: 'Object Repository/Page_login/txt_username'

2018-10-08 13:58:50 - [MESSAGE][PASSED] - Text of object 'Object Repository/Page_login/txt_password' is cleared

2018-10-08 13:58:50 - [MESSAGE][PASSED] - Keys 'kgySM$Im' sent to object: 'Object Repository/Page_login/txt_password'

2018-10-08 13:58:50 - [MESSAGE][PASSED] - Object: 'Object Repository/Page_login/btn_login' is clicked on

2018-10-08 13:58:50 - [MESSAGE][PASSED] - Wait for page load successfully

2018-10-08 13:58:50 - [MESSAGE][PASSED] - beautytap.GeneralAction.login is PASSED

2018-10-08 13:58:50 - [TEST_STEP][PASSED] - navigateToUrl: Navigate to 'https://stage.beautytap.com/admin' successfully

2018-10-08 13:58:58 - [MESSAGE][PASSED] - Navigate to 'https://stage.beautytap.com/admin' successfully

2018-10-08 13:58:58 - [TEST_STEP][PASSED] - beautytap.AdminAction.changeOrderStatus: beautytap.AdminAction.changeOrderStatus is PASSED

2018-10-08 13:59:06 - [MESSAGE][PASSED] - Object: '' is clicked on

2018-10-08 13:59:06 - [MESSAGE][PASSED] - Wait for page load successfully

2018-10-08 13:59:12 - [MESSAGE][PASSED] - Object: '' is clicked on

2018-10-08 13:59:12 - [MESSAGE][PASSED] - Wait for page load successfully

2018-10-08 13:59:12 - [MESSAGE][PASSED] - Text of object 'Object Repository/Page_Admin/txt_searchOrder' is cleared

2018-10-08 13:59:13 - [MESSAGE][PASSED] - Keys '137466' sent to object: 'Object Repository/Page_Admin/txt_searchOrder'

2018-10-08 13:59:17 - [MESSAGE][PASSED] - Object: 'Object Repository/Page_Admin/btn_searchOrder' is clicked on

2018-10-08 13:59:17 - [MESSAGE][PASSED] - Wait for page load successfully

2018-10-08 13:59:28 - [MESSAGE][PASSED] - Object: '' is clicked on

2018-10-08 13:59:28 - [MESSAGE][PASSED] - Wait for page load successfully

2018-10-08 13:59:28 - [MESSAGE][PASSED] - All options with label 'Completed' are selected in object 'Object Repository/Page_Admin/drop_orderStatus' 

2018-10-08 13:59:29 - [MESSAGE][PASSED] - Object: 'Object Repository/Page_Admin/btn_saveOrder' is clicked on

2018-10-08 13:59:42 - [MESSAGE][PASSED] - Object 'Object Repository/Page_Admin/lbl_orderUpdatedMessage' is present

2018-10-08 13:59:42 - [MESSAGE][PASSED] - beautytap.AdminAction.changeOrderStatus is PASSED

2018-10-08 13:59:42 - [TEST_STEP][PASSED] - closeBrowser: Browser is closed

2018-10-08 13:59:43 - [MESSAGE][PASSED] - Browser is closed

2018-10-08 13:59:43 - [TEST_STEP][PASSED] - beautytap.GeneralAction.openBeautytap: beautytap.GeneralAction.openBeautytap is PASSED

2018-10-08 14:00:12 - [MESSAGE][PASSED] - Browser is opened with url: 'https://stage.beautytap.com'

2018-10-08 14:00:13 - [MESSAGE][PASSED] - Current window maximized

2018-10-08 14:00:18 - [MESSAGE][PASSED] - Refresh successfully

2018-10-08 14:00:18 - [MESSAGE][PASSED] - Wait for page load successfully

2018-10-08 14:00:18 - [MESSAGE][PASSED] - beautytap.GeneralAction.openBeautytap is PASSED

2018-10-08 14:00:18 - [TEST_STEP][PASSED] - beautytap.GeneralAction.clickNavigationMenu: beautytap.GeneralAction.clickNavigationMenu is PASSED

2018-10-08 14:00:21 - [MESSAGE][PASSED] - Object: 'Object Repository/Page_General/link_login' is clicked on

2018-10-08 14:00:21 - [MESSAGE][PASSED] - Wait for page load successfully

2018-10-08 14:00:21 - [MESSAGE][PASSED] - beautytap.GeneralAction.clickNavigationMenu is PASSED

2018-10-08 14:00:21 - [TEST_STEP][PASSED] - beautytap.GeneralAction.login: beautytap.GeneralAction.login is PASSED

2018-10-08 14:00:22 - [MESSAGE][PASSED] - Text of object 'Object Repository/Page_login/txt_username' is cleared

2018-10-08 14:00:22 - [MESSAGE][PASSED] - Keys 'trang2408@mailinator.com' sent to object: 'Object Repository/Page_login/txt_username'

2018-10-08 14:00:22 - [MESSAGE][PASSED] - Text of object 'Object Repository/Page_login/txt_password' is cleared

2018-10-08 14:00:22 - [MESSAGE][PASSED] - Keys '123456' sent to object: 'Object Repository/Page_login/txt_password'

2018-10-08 14:00:23 - [MESSAGE][PASSED] - Object: 'Object Repository/Page_login/btn_login' is clicked on

2018-10-08 14:00:23 - [MESSAGE][PASSED] - Wait for page load successfully

2018-10-08 14:00:23 - [MESSAGE][PASSED] - beautytap.GeneralAction.login is PASSED

2018-10-08 14:00:23 - [TEST_STEP][PASSED] - beautytap.GeneralAction.selectProfileMenu: beautytap.GeneralAction.selectProfileMenu is PASSED

2018-10-08 14:00:33 - [MESSAGE][PASSED] - Object: 'Object Repository/Page_General/link_avatar' is clicked on

2018-10-08 14:00:35 - [MESSAGE][PASSED] - Delayed 2 second(s)

2018-10-08 14:00:38 - [MESSAGE][PASSED] - Object: '' is clicked on

2018-10-08 14:00:38 - [MESSAGE][PASSED] - Wait for page load successfully

2018-10-08 14:00:38 - [MESSAGE][PASSED] - beautytap.GeneralAction.selectProfileMenu is PASSED

2018-10-08 14:00:38 - [TEST_STEP][PASSED] - Statement - newLifetime = java.lang.Float.parseFloat(java.lang.String.format("%.2f", lifetime + rewardEarned)): null

2018-10-08 14:00:38 - [TEST_STEP][PASSED] - Statement - newRedeemable = java.lang.Float.parseFloat(java.lang.String.format("%.2f", newRedeemable + rewardEarned)): null

2018-10-08 14:00:38 - [TEST_STEP][PASSED] - Statement - newPointValue = CustomKeywords.beautytap.ShopAction.calculateLoyaltyPointValue(newRedeemable): beautytap.ShopAction.calculateLoyaltyPointValue is PASSED

2018-10-08 14:00:38 - [MESSAGE][PASSED] - beautytap.ShopAction.calculateLoyaltyPointValue is PASSED

2018-10-08 14:00:38 - [TEST_STEP][PASSED] - beautytap.ShopAction.VerifyRewardPointsDetails: Keyword VerifyRewardPoints is Passed

2018-10-08 14:00:38 - [MESSAGE][PASSED] - Text of object '' is: '11022.45'

2018-10-08 14:00:38 - [MESSAGE][PASSED] - Text of object '' is: '3162.38'

2018-10-08 14:00:38 - [MESSAGE][PASSED] - Text of object '' is: '7692.45'

2018-10-08 14:00:38 - [MESSAGE][PASSED] - Text of object '' is: '$410.00'

2018-10-08 14:00:38 - [MESSAGE][PASSED] - Keyword VerifyRewardPoints is Passed

2018-10-08 14:00:38 - [TEST_STEP][PASSED] - beautytap.ShopAction.VerifyRewardHistory: Keyword VerifyRewardHistory is Passed

2018-10-08 14:00:39 - [MESSAGE][PASSED] - Object '' is present

2018-10-08 14:00:39 - [MESSAGE][PASSED] - Text of object '' is: '60'

2018-10-08 14:00:39 - [MESSAGE][PASSED] - Text of object '' is: '60'

2018-10-08 14:00:39 - [MESSAGE][PASSED] - Text of object '' is: '$93.40'

2018-10-08 14:00:39 - [MESSAGE][PASSED] - Text of object '' is: '1.1'

2018-10-08 14:00:39 - [MESSAGE][PASSED] - Text of object '' is: '102.74'

2018-10-08 14:00:39 - [MESSAGE][PASSED] - Text of object '' is: '7692.45'

2018-10-08 14:00:39 - [MESSAGE][PASSED] - Keyword VerifyRewardHistory is Passed

2018-10-08 14:00:39 - [TEST_STEP][PASSED] - beautytap.GeneralAction.logout: beautytap.GeneralAction.logout is PASSED

2018-10-08 14:00:39 - [MESSAGE][PASSED] - Object: 'Object Repository/Page_General/link_avatar' is clicked on

2018-10-08 14:00:39 - [MESSAGE][PASSED] - Object 'Object Repository/Page_General/menu_logout' is present

2018-10-08 14:00:40 - [MESSAGE][PASSED] - Object: 'Object Repository/Page_General/menu_logout' is clicked on

2018-10-08 14:00:40 - [MESSAGE][PASSED] - Wait for page load successfully

2018-10-08 14:00:41 - [MESSAGE][PASSED] - Browser is closed

2018-10-08 14:00:41 - [MESSAGE][PASSED] - beautytap.GeneralAction.logout is PASSED]]></system-out>
         <system-err><![CDATA[]]></system-err>
      </testcase>
      <testcase name="Test Cases/Shop/TC03_Search_SimpleProduct_Sale_Creditcard_LessThan60_Normal" classname="Test Cases/Shop/TC03_Search_SimpleProduct_Sale_Creditcard_LessThan60_Normal" status="PASSED">
         <system-out><![CDATA[2018-10-08 14:00:43 - [TEST_CASE][PASSED] - Test Cases/Shop/TC03_Search_SimpleProduct_Sale_Creditcard_LessThan60_Normal: Test Cases/Shop/TC03_Search_SimpleProduct_Sale_Creditcard_LessThan60_Normal

2018-10-08 14:00:44 - [TEST_STEP][PASSED] - Statement - productName = SIMPLE_SALE_PRODUCT: null

2018-10-08 14:00:44 - [TEST_STEP][PASSED] - Statement - saleprice = SIMPLE_SALE_PRICE: null

2018-10-08 14:00:44 - [TEST_STEP][PASSED] - Statement - regularprice = SIMPLE_SALE_REGULAR_PRICE: null

2018-10-08 14:00:44 - [TEST_STEP][PASSED] - Statement - r_string = new java.lang.Math().random().toString().substring(2, 8): null

2018-10-08 14:00:44 - [TEST_STEP][PASSED] - Statement - email = "auto" + r_string + "@mailinator.com": null

2018-10-08 14:00:44 - [TEST_STEP][PASSED] - Statement - orderNote = "auto" + r_string + "Order": null

2018-10-08 14:00:44 - [TEST_STEP][PASSED] - Statement - currentNumberItemInCart = <not implemented yet for class: org.codehaus.groovy.ast.expr.EmptyExpression>: null

2018-10-08 14:00:44 - [TEST_STEP][PASSED] - Statement - quantity = 1: null

2018-10-08 14:00:44 - [TEST_STEP][PASSED] - Statement - subtotal = CustomKeywords.beautytap.ShopAction.calculateTotal(quantity, saleprice): beautytap.ShopAction.calculateTotal is PASSED

2018-10-08 14:00:44 - [MESSAGE][PASSED] - beautytap.ShopAction.calculateTotal is PASSED

2018-10-08 14:00:44 - [TEST_STEP][PASSED] - Statement - total = subtotal + SHIPPING_PRICE: null

2018-10-08 14:00:44 - [TEST_STEP][PASSED] - Statement - total = CustomKeywords.beautytap.ShopAction.calculateTotal(1, total): beautytap.ShopAction.calculateTotal is PASSED

2018-10-08 14:00:44 - [MESSAGE][PASSED] - beautytap.ShopAction.calculateTotal is PASSED

2018-10-08 14:00:44 - [TEST_STEP][PASSED] - Statement - products = new org.json.JSONArray((((((([{"productname":" + productName) + ","variation":"","quantity":") + quantity) + ","price":") + saleprice) + "}])): null

2018-10-08 14:00:44 - [TEST_STEP][PASSED] - Statement - billingInformation = new org.json.JSONObject((({"firstname":"Test","lastname":"Automation","country":"United States (US)","address":"123 Testing","city":"New York","state":"New York","zip":"90012","email":" + email) + "})): null

2018-10-08 14:00:44 - [TEST_STEP][PASSED] - Statement - shippingLabel = SHIPPING_LABEL: null

2018-10-08 14:00:44 - [TEST_STEP][PASSED] - Statement - shippingPrice = SHIPPING_PRICE: null

2018-10-08 14:00:44 - [TEST_STEP][PASSED] - Statement - shippingType = "normal": null

2018-10-08 14:00:44 - [TEST_STEP][PASSED] - Statement - paymentMethod = "Credit Card Payment": null

2018-10-08 14:00:44 - [TEST_STEP][PASSED] - beautytap.GeneralAction.openBeautytap: beautytap.GeneralAction.openBeautytap is PASSED

2018-10-08 14:00:56 - [MESSAGE][PASSED] - Browser is opened with url: 'https://stage.beautytap.com'

2018-10-08 14:00:57 - [MESSAGE][PASSED] - Current window maximized

2018-10-08 14:01:03 - [MESSAGE][PASSED] - Refresh successfully

2018-10-08 14:01:03 - [MESSAGE][PASSED] - Wait for page load successfully

2018-10-08 14:01:03 - [MESSAGE][PASSED] - beautytap.GeneralAction.openBeautytap is PASSED

2018-10-08 14:01:03 - [TEST_STEP][PASSED] - beautytap.ShopAction.globalSearch: beautytap.ShopAction.globalSearch is PASSED

2018-10-08 14:01:04 - [MESSAGE][PASSED] - Object: 'Object Repository/Page_General/icon_search' is clicked on

2018-10-08 14:01:09 - [MESSAGE][PASSED] - Delayed 5 second(s)

2018-10-08 14:01:09 - [MESSAGE][PASSED] - Text of object 'Object Repository/Page_General/txt_search' is cleared

2018-10-08 14:01:09 - [MESSAGE][PASSED] - Keys 'CONTROL + v' sent to object: 'Object Repository/Page_General/txt_search'

2018-10-08 14:01:14 - [MESSAGE][PASSED] - Delayed 5 second(s)

2018-10-08 14:01:14 - [MESSAGE][PASSED] - beautytap.ShopAction.globalSearch is PASSED

2018-10-08 14:01:14 - [TEST_STEP][PASSED] - beautytap.ShopAction.VerifyProductOnSearchResult: beautytap.ShopAction.VerifyProductOnSearchResult is PASSED

2018-10-08 14:01:14 - [MESSAGE][PASSED] - beautytap.ShopAction.VerifyProductOnSearchResult is PASSED

2018-10-08 14:01:14 - [TEST_STEP][PASSED] - beautytap.ShopAction.selectSearchResult: beautytap.ShopAction.selectSearchResult is PASSED

2018-10-08 14:01:14 - [MESSAGE][PASSED] - Text of object '' is: 'Innisfree Perfect UV Protection Cream SPF50+/PA+++ (Long-Lasting For Oily Skin) 50ml'

2018-10-08 14:01:14 - [MESSAGE][PASSED] - Object '' is present

2018-10-08 14:01:20 - [MESSAGE][PASSED] - Object: '' is clicked on

2018-10-08 14:01:20 - [MESSAGE][PASSED] - Wait for page load successfully

2018-10-08 14:01:20 - [MESSAGE][PASSED] - beautytap.ShopAction.selectSearchResult is PASSED

2018-10-08 14:01:20 - [TEST_STEP][PASSED] - beautytap.ShopAction.VerifyProductDetails: Keyword VerifyProductDetails is Passed

2018-10-08 14:01:20 - [MESSAGE][PASSED] - Text of object '' is: 'Innisfree Perfect UV Protection Cream SPF50+/PA+++ (Long-Lasting For Oily Skin) 50ml'

2018-10-08 14:01:20 - [MESSAGE][PASSED] - Text of object '' is: '$12.50'

2018-10-08 14:01:20 - [MESSAGE][PASSED] - Get CSS 'color' value on '' successfully: 'rgba(195, 195, 195, 1)'.

2018-10-08 14:01:20 - [MESSAGE][PASSED] - Text of object '' is: '$11.99'

2018-10-08 14:01:20 - [MESSAGE][PASSED] - Get CSS 'color' value on '' successfully: 'rgba(255, 35, 134, 1)'.

2018-10-08 14:01:20 - [MESSAGE][PASSED] - Keyword VerifyProductDetails is Passed

2018-10-08 14:01:20 - [TEST_STEP][PASSED] - Statement - currentNumberItemInCart = CustomKeywords.beautytap.ShopAction.getNumberItemInCart(): beautytap.ShopAction.getNumberItemInCart is PASSED

2018-10-08 14:01:26 - [MESSAGE][WARNING] - com.kms.katalon.core.webui.exception.WebElementNotFoundException: Web element with id: '' located by 'By.xpath: //div[@class='header-right-top pull-right']/a[@class='shop-cart']/span[@class='number-cart']' not found
[[ATTACHMENT|E:\\BeautytapAutomation\\beautytapAuto\\Beautytap\\Reports\\Regression\\20181008_133113\\1538982086162.png]]

2018-10-08 14:01:26 - [MESSAGE][PASSED] - beautytap.ShopAction.getNumberItemInCart is PASSED

2018-10-08 14:01:26 - [TEST_STEP][PASSED] - beautytap.ShopAction.addProductToCart: beautytap.ShopAction.addProductToCart is PASSED

2018-10-08 14:01:26 - [MESSAGE][PASSED] - Text of object 'Object Repository/Page_Shop/txt_quantity' is cleared

2018-10-08 14:01:26 - [MESSAGE][PASSED] - Keys '1' sent to object: 'Object Repository/Page_Shop/txt_quantity'

2018-10-08 14:01:27 - [MESSAGE][PASSED] - Object: 'Object Repository/Page_Shop/btn_addToCart' is clicked on

2018-10-08 14:01:27 - [MESSAGE][PASSED] - Wait for page load successfully

2018-10-08 14:01:32 - [MESSAGE][PASSED] - Object 'Object Repository/Page_Shop/lbl_message' is present

2018-10-08 14:01:32 - [MESSAGE][PASSED] - beautytap.ShopAction.addProductToCart is PASSED

2018-10-08 14:01:32 - [TEST_STEP][PASSED] - beautytap.ShopAction.VerifyNumberItemInCart: Keyword VerifyNumberItemInCart is Passed, Number item in cart is 1, expected is 1

2018-10-08 14:01:32 - [MESSAGE][PASSED] - Object '' is present

2018-10-08 14:01:32 - [MESSAGE][PASSED] - Text of object '' is: '1'

2018-10-08 14:01:32 - [MESSAGE][PASSED] - Keyword VerifyNumberItemInCart is Passed, Number item in cart is 1, expected is 1

2018-10-08 14:01:32 - [TEST_STEP][PASSED] - beautytap.ShopAction.VerifyProductIsAddedToCart: beautytap.ShopAction.VerifyProductIsAddedToCart is PASSED

2018-10-08 14:02:04 - [MESSAGE][WARNING] - com.kms.katalon.core.webui.exception.WebElementNotFoundException: Web element with id: '' located by 'By.xpath: //div[@class='woocommerce-message' and contains(text(),'Innisfree Perfect UV Protection Cream SPF50+/PA+++ (Long-Lasting For Oily Skin) 50ml” have been added to your cart.')]' not found
[[ATTACHMENT|E:\\BeautytapAutomation\\beautytapAuto\\Beautytap\\Reports\\Regression\\20181008_133113\\1538982123952.png]]

2018-10-08 14:02:04 - [MESSAGE][PASSED] - beautytap.ShopAction.VerifyProductIsAddedToCart is PASSED

2018-10-08 14:02:04 - [TEST_STEP][PASSED] - beautytap.ShopAction.goToCart: beautytap.ShopAction.goToCart is PASSED

2018-10-08 14:02:04 - [MESSAGE][PASSED] - Object 'Object Repository/Page_General/icon_cart' is present

2018-10-08 14:02:10 - [MESSAGE][PASSED] - Object: 'Object Repository/Page_General/icon_cart' is clicked on

2018-10-08 14:02:10 - [MESSAGE][PASSED] - Wait for page load successfully

2018-10-08 14:02:10 - [MESSAGE][PASSED] - beautytap.ShopAction.goToCart is PASSED

2018-10-08 14:02:10 - [TEST_STEP][PASSED] - beautytap.ShopAction.VerifyProductInCart: Keyword VerifyProductInCart is Passed

2018-10-08 14:02:10 - [MESSAGE][PASSED] - Object '' is present

2018-10-08 14:02:10 - [MESSAGE][PASSED] - Object '' is present

2018-10-08 14:02:10 - [MESSAGE][PASSED] - Text of object '' is: '$11.99'

2018-10-08 14:02:10 - [MESSAGE][PASSED] - Attribute 'value' of object '' is: '1'

2018-10-08 14:02:10 - [MESSAGE][PASSED] - Text of object '' is: '$11.99'

2018-10-08 14:02:10 - [MESSAGE][PASSED] - Keyword VerifyProductInCart is Passed

2018-10-08 14:02:10 - [TEST_STEP][PASSED] - beautytap.ShopAction.processToCheckout: beautytap.ShopAction.processToCheckout is PASSED

2018-10-08 14:02:23 - [MESSAGE][PASSED] - Object: 'Object Repository/Page_Cart/btn_checkout' is clicked on

2018-10-08 14:02:23 - [MESSAGE][PASSED] - Wait for page load successfully

2018-10-08 14:02:23 - [MESSAGE][PASSED] - beautytap.ShopAction.processToCheckout is PASSED

2018-10-08 14:02:23 - [TEST_STEP][PASSED] - beautytap.ShopAction.fillCustomerInformation: beautytap.ShopAction.fillCustomerInformation is PASSED

2018-10-08 14:02:23 - [MESSAGE][PASSED] - Text of object 'Object Repository/Page_Checkout/txt_billingFirstName' is cleared

2018-10-08 14:02:24 - [MESSAGE][PASSED] - Keys 'Test' sent to object: 'Object Repository/Page_Checkout/txt_billingFirstName'

2018-10-08 14:02:24 - [MESSAGE][PASSED] - Text of object 'Object Repository/Page_Checkout/txt_billingLastName' is cleared

2018-10-08 14:02:24 - [MESSAGE][PASSED] - Keys 'Automation' sent to object: 'Object Repository/Page_Checkout/txt_billingLastName'

2018-10-08 14:02:25 - [MESSAGE][PASSED] - All options with label 'United States (US)' are selected in object 'Object Repository/Page_Checkout/drop_billingCountry' 

2018-10-08 14:02:30 - [MESSAGE][PASSED] - Delayed 5 second(s)

2018-10-08 14:02:30 - [MESSAGE][PASSED] - Text of object 'Object Repository/Page_Checkout/txt_billingAddress' is cleared

2018-10-08 14:02:30 - [MESSAGE][PASSED] - Keys '123 Testing' sent to object: 'Object Repository/Page_Checkout/txt_billingAddress'

2018-10-08 14:02:31 - [MESSAGE][PASSED] - Text of object 'Object Repository/Page_Checkout/txt_billingCity' is cleared

2018-10-08 14:02:31 - [MESSAGE][PASSED] - Keys 'New York' sent to object: 'Object Repository/Page_Checkout/txt_billingCity'

2018-10-08 14:02:31 - [MESSAGE][PASSED] - All options with label 'New York' are selected in object 'Object Repository/Page_Checkout/drop_billingState' 

2018-10-08 14:02:31 - [MESSAGE][PASSED] - Text of object 'Object Repository/Page_Checkout/txt_billingZip' is cleared

2018-10-08 14:02:32 - [MESSAGE][PASSED] - Keys '90012' sent to object: 'Object Repository/Page_Checkout/txt_billingZip'

2018-10-08 14:02:32 - [MESSAGE][PASSED] - Text of object 'Object Repository/Page_Checkout/txt_billingEmail' is cleared

2018-10-08 14:02:32 - [MESSAGE][PASSED] - Keys 'auto881886@mailinator.com' sent to object: 'Object Repository/Page_Checkout/txt_billingEmail'

2018-10-08 14:02:33 - [MESSAGE][PASSED] - Object 'Object Repository/Page_Checkout/chk_shipToDifferentAddress' is un-checked

2018-10-08 14:02:33 - [MESSAGE][PASSED] - Text of object 'Object Repository/Page_Checkout/txt_orderNote' is cleared

2018-10-08 14:02:33 - [MESSAGE][PASSED] - Keys 'auto881886Order' sent to object: 'Object Repository/Page_Checkout/txt_orderNote'

2018-10-08 14:02:33 - [MESSAGE][PASSED] - Object 'Object Repository/Page_Checkout/radio_creditCard' is checked

2018-10-08 14:02:38 - [MESSAGE][PASSED] - Delayed 5 second(s)

2018-10-08 14:02:38 - [MESSAGE][PASSED] - beautytap.ShopAction.fillCustomerInformation is PASSED

2018-10-08 14:02:38 - [TEST_STEP][PASSED] - beautytap.ShopAction.VerifyOrderDetailsOnCheckout: Keyword VerifyOrderDetailsOnCheckout is Passed

2018-10-08 14:02:38 - [MESSAGE][PASSED] - Object '' is present

2018-10-08 14:02:38 - [MESSAGE][PASSED] - Text of object '' is: '$11.99'

2018-10-08 14:02:39 - [MESSAGE][PASSED] - Object '' has attribute 'checked'

2018-10-08 14:02:39 - [MESSAGE][PASSED] - Text of object '' is: '($12.50) Pantos (est. 14-25 working days including processing): $12.50'

2018-10-08 14:02:39 - [MESSAGE][PASSED] - Text of object '' is: '$12.50'

2018-10-08 14:02:39 - [MESSAGE][PASSED] - Text of object '' is: '$24.49'

2018-10-08 14:02:39 - [MESSAGE][PASSED] - Keyword VerifyOrderDetailsOnCheckout is Passed

2018-10-08 14:02:39 - [TEST_STEP][PASSED] - beautytap.ShopAction.checkoutViaCreditCard: beautytap.ShopAction.checkoutViaCreditCard is PASSED

2018-10-08 14:02:39 - [MESSAGE][PASSED] - Object 'Object Repository/Page_Checkout/radio_creditCard' is checked

2018-10-08 14:02:49 - [MESSAGE][PASSED] - Delayed 10 second(s)

2018-10-08 14:02:49 - [MESSAGE][PASSED] - Text of object 'Object Repository/Page_Checkout/txt_cardNumber' is cleared

2018-10-08 14:02:50 - [MESSAGE][PASSED] - Keys '4032036248443549' sent to object: 'Object Repository/Page_Checkout/txt_cardNumber'

2018-10-08 14:02:50 - [MESSAGE][PASSED] - All options with label 'Visa' are selected in object 'Object Repository/Page_Checkout/drop_cardType' 

2018-10-08 14:02:50 - [MESSAGE][PASSED] - All options with label '07' are selected in object 'Object Repository/Page_Checkout/drop_expirationMonth' 

2018-10-08 14:02:50 - [MESSAGE][PASSED] - All options with label '2023' are selected in object 'Object Repository/Page_Checkout/drop_expirationYear' 

2018-10-08 14:02:50 - [MESSAGE][PASSED] - Text of object 'Object Repository/Page_Checkout/txt_cardCVV' is cleared

2018-10-08 14:02:50 - [MESSAGE][PASSED] - Keys '123' sent to object: 'Object Repository/Page_Checkout/txt_cardCVV'

2018-10-08 14:02:51 - [MESSAGE][PASSED] - Object 'Object Repository/Page_Checkout/chk_terms' is checked

2018-10-08 14:02:51 - [MESSAGE][PASSED] - Object: 'Object Repository/Page_Checkout/btn_placeOrder' is clicked on

2018-10-08 14:03:06 - [MESSAGE][PASSED] - Object 'Object Repository/Page_Checkout/lbl_orderReceived' is present

2018-10-08 14:03:06 - [MESSAGE][PASSED] - beautytap.ShopAction.checkoutViaCreditCard is PASSED

2018-10-08 14:03:06 - [TEST_STEP][PASSED] - beautytap.ShopAction.VerifyOrderReceivedDetails: Keyword VerifyOrderReceivedDetails is Passed

2018-10-08 14:03:06 - [MESSAGE][PASSED] - Object '' is present

2018-10-08 14:03:06 - [MESSAGE][PASSED] - Text of object '' is: '$11.99'

2018-10-08 14:03:06 - [MESSAGE][PASSED] - Text of object '' is: '$12.50 via ($12.50) Pantos (est. 14-25 working days including processing)'

2018-10-08 14:03:06 - [MESSAGE][PASSED] - Object '' is present

2018-10-08 14:03:06 - [MESSAGE][PASSED] - Text of object '' is: '$12.50'

2018-10-08 14:03:06 - [MESSAGE][PASSED] - Text of object '' is: 'Credit Card Payment'

2018-10-08 14:03:06 - [MESSAGE][PASSED] - Text of object '' is: '$24.49'

2018-10-08 14:03:06 - [MESSAGE][PASSED] - Keyword VerifyOrderReceivedDetails is Passed

2018-10-08 14:03:06 - [TEST_STEP][PASSED] - closeBrowser: Browser is closed

2018-10-08 14:03:07 - [MESSAGE][PASSED] - Browser is closed]]></system-out>
         <system-err><![CDATA[]]></system-err>
      </testcase>
      <testcase name="Test Cases/Shop/TC04_Search_VariationProduct_NotSale_AmazonPay_GreaterThan200" classname="Test Cases/Shop/TC04_Search_VariationProduct_NotSale_AmazonPay_GreaterThan200" status="PASSED">
         <system-out><![CDATA[2018-10-08 14:03:09 - [TEST_CASE][PASSED] - Test Cases/Shop/TC04_Search_VariationProduct_NotSale_AmazonPay_GreaterThan200: Test Cases/Shop/TC04_Search_VariationProduct_NotSale_AmazonPay_GreaterThan200

2018-10-08 14:03:10 - [TEST_STEP][PASSED] - Statement - productName = VARIATION_PRODUCT: null

2018-10-08 14:03:10 - [TEST_STEP][PASSED] - Statement - price = VARIATION_PRICE1: null

2018-10-08 14:03:10 - [TEST_STEP][PASSED] - Statement - variation = VARIATION_NAME1: null

2018-10-08 14:03:10 - [TEST_STEP][PASSED] - Statement - r_string = new java.lang.Math().random().toString().substring(2, 8): null

2018-10-08 14:03:10 - [TEST_STEP][PASSED] - Statement - email = "auto" + r_string + "@mailinator.com": null

2018-10-08 14:03:10 - [TEST_STEP][PASSED] - Statement - orderNote = "auto" + r_string + "Order": null

2018-10-08 14:03:10 - [TEST_STEP][PASSED] - Statement - currentNumberItemInCart = <not implemented yet for class: org.codehaus.groovy.ast.expr.EmptyExpression>: null

2018-10-08 14:03:10 - [TEST_STEP][PASSED] - Statement - quantity = 8: null

2018-10-08 14:03:10 - [TEST_STEP][PASSED] - Statement - subtotal = CustomKeywords.beautytap.ShopAction.calculateTotal(quantity, price): beautytap.ShopAction.calculateTotal is PASSED

2018-10-08 14:03:10 - [MESSAGE][PASSED] - beautytap.ShopAction.calculateTotal is PASSED

2018-10-08 14:03:10 - [TEST_STEP][PASSED] - Statement - total = subtotal: null

2018-10-08 14:03:10 - [TEST_STEP][PASSED] - Statement - total = CustomKeywords.beautytap.ShopAction.calculateTotal(1, total): beautytap.ShopAction.calculateTotal is PASSED

2018-10-08 14:03:10 - [MESSAGE][PASSED] - beautytap.ShopAction.calculateTotal is PASSED

2018-10-08 14:03:10 - [TEST_STEP][PASSED] - Statement - products = new org.json.JSONArray((((((((([{"productname":" + productName) + ","variation":") + variation) + ","quantity":") + quantity) + ","price":") + price) + "}])): null

2018-10-08 14:03:10 - [TEST_STEP][PASSED] - Statement - billingInformation = new org.json.JSONObject((({"firstname":"Test","lastname":"Automation","country":"United States (US)","address":"123 Testing","city":"New York","state":"New York","zip":"90012","email":" + email) + "})): null

2018-10-08 14:03:10 - [TEST_STEP][PASSED] - Statement - shippingLabel = FREE_EMS_SHIPPING_LABEL: null

2018-10-08 14:03:10 - [TEST_STEP][PASSED] - Statement - shippingPrice = 0: null

2018-10-08 14:03:10 - [TEST_STEP][PASSED] - Statement - shippingType = "freeEMS": null

2018-10-08 14:03:10 - [TEST_STEP][PASSED] - Statement - paymentMethod = "Amazon Pay": null

2018-10-08 14:03:10 - [TEST_STEP][PASSED] - beautytap.GeneralAction.openBeautytap: beautytap.GeneralAction.openBeautytap is PASSED

2018-10-08 14:03:22 - [MESSAGE][PASSED] - Browser is opened with url: 'https://stage.beautytap.com'

2018-10-08 14:03:23 - [MESSAGE][PASSED] - Current window maximized

2018-10-08 14:03:29 - [MESSAGE][PASSED] - Refresh successfully

2018-10-08 14:03:29 - [MESSAGE][PASSED] - Wait for page load successfully

2018-10-08 14:03:29 - [MESSAGE][PASSED] - beautytap.GeneralAction.openBeautytap is PASSED

2018-10-08 14:03:29 - [TEST_STEP][PASSED] - beautytap.ShopAction.globalSearch: beautytap.ShopAction.globalSearch is PASSED

2018-10-08 14:03:29 - [MESSAGE][PASSED] - Object: 'Object Repository/Page_General/icon_search' is clicked on

2018-10-08 14:03:34 - [MESSAGE][PASSED] - Delayed 5 second(s)

2018-10-08 14:03:34 - [MESSAGE][PASSED] - Text of object 'Object Repository/Page_General/txt_search' is cleared

2018-10-08 14:03:34 - [MESSAGE][PASSED] - Keys 'CONTROL + v' sent to object: 'Object Repository/Page_General/txt_search'

2018-10-08 14:03:39 - [MESSAGE][PASSED] - Delayed 5 second(s)

2018-10-08 14:03:39 - [MESSAGE][PASSED] - beautytap.ShopAction.globalSearch is PASSED

2018-10-08 14:03:39 - [TEST_STEP][PASSED] - beautytap.ShopAction.VerifyProductOnSearchResult: beautytap.ShopAction.VerifyProductOnSearchResult is PASSED

2018-10-08 14:03:39 - [MESSAGE][PASSED] - beautytap.ShopAction.VerifyProductOnSearchResult is PASSED

2018-10-08 14:03:39 - [TEST_STEP][PASSED] - beautytap.ShopAction.selectSearchResult: beautytap.ShopAction.selectSearchResult is PASSED

2018-10-08 14:03:39 - [MESSAGE][PASSED] - Text of object '' is: 'MeloMELI Unicorn Heart Lake Cushion — 2 Choices'

2018-10-08 14:03:40 - [MESSAGE][PASSED] - Object '' is present

2018-10-08 14:03:48 - [MESSAGE][PASSED] - Object: '' is clicked on

2018-10-08 14:03:48 - [MESSAGE][PASSED] - Wait for page load successfully

2018-10-08 14:03:48 - [MESSAGE][PASSED] - beautytap.ShopAction.selectSearchResult is PASSED

2018-10-08 14:03:48 - [TEST_STEP][PASSED] - beautytap.ShopAction.selectProductVariation: beautytap.ShopAction.selectProductVariation is PASSED

2018-10-08 14:03:48 - [MESSAGE][PASSED] - Object: 'Object Repository/Page_Shop/drop_chooseOption' is clicked on

2018-10-08 14:03:49 - [MESSAGE][PASSED] - Delayed 1 second(s)

2018-10-08 14:03:49 - [MESSAGE][PASSED] - Object: '' is clicked on

2018-10-08 14:03:49 - [MESSAGE][PASSED] - beautytap.ShopAction.selectProductVariation is PASSED

2018-10-08 14:03:49 - [TEST_STEP][PASSED] - beautytap.ShopAction.VerifyProductDetails: Keyword VerifyProductDetails is Passed

2018-10-08 14:03:49 - [MESSAGE][PASSED] - Text of object '' is: 'MeloMELI Unicorn Heart Lake Cushion — 2 Choices'

2018-10-08 14:03:50 - [MESSAGE][PASSED] - All options with label 'Vanilla Beige' are selected in object 'Object Repository/Page_Shop/drop_chooseOption' 

2018-10-08 14:03:50 - [MESSAGE][PASSED] - Text of object '' is: '$26.70'

2018-10-08 14:03:50 - [MESSAGE][PASSED] - Get CSS 'color' value on '' successfully: 'rgba(255, 35, 134, 1)'.

2018-10-08 14:03:50 - [MESSAGE][PASSED] - Keyword VerifyProductDetails is Passed

2018-10-08 14:03:50 - [TEST_STEP][PASSED] - Statement - currentNumberItemInCart = CustomKeywords.beautytap.ShopAction.getNumberItemInCart(): beautytap.ShopAction.getNumberItemInCart is PASSED

2018-10-08 14:03:55 - [MESSAGE][WARNING] - com.kms.katalon.core.webui.exception.WebElementNotFoundException: Web element with id: '' located by 'By.xpath: //div[@class='header-right-top pull-right']/a[@class='shop-cart']/span[@class='number-cart']' not found
[[ATTACHMENT|E:\\BeautytapAutomation\\beautytapAuto\\Beautytap\\Reports\\Regression\\20181008_133113\\1538982235503.png]]

2018-10-08 14:03:55 - [MESSAGE][PASSED] - beautytap.ShopAction.getNumberItemInCart is PASSED

2018-10-08 14:03:55 - [TEST_STEP][PASSED] - beautytap.ShopAction.addProductToCart: beautytap.ShopAction.addProductToCart is PASSED

2018-10-08 14:03:55 - [MESSAGE][PASSED] - Text of object 'Object Repository/Page_Shop/txt_quantity' is cleared

2018-10-08 14:03:56 - [MESSAGE][PASSED] - Keys '8' sent to object: 'Object Repository/Page_Shop/txt_quantity'

2018-10-08 14:03:56 - [MESSAGE][PASSED] - Object: 'Object Repository/Page_Shop/btn_addToCart' is clicked on

2018-10-08 14:03:56 - [MESSAGE][PASSED] - Wait for page load successfully

2018-10-08 14:04:01 - [MESSAGE][PASSED] - Object 'Object Repository/Page_Shop/lbl_message' is present

2018-10-08 14:04:01 - [MESSAGE][PASSED] - beautytap.ShopAction.addProductToCart is PASSED

2018-10-08 14:04:01 - [TEST_STEP][PASSED] - beautytap.ShopAction.VerifyNumberItemInCart: Keyword VerifyNumberItemInCart is Passed, Number item in cart is 8, expected is 8

2018-10-08 14:04:01 - [MESSAGE][PASSED] - Object '' is present

2018-10-08 14:04:01 - [MESSAGE][PASSED] - Text of object '' is: '8'

2018-10-08 14:04:01 - [MESSAGE][PASSED] - Keyword VerifyNumberItemInCart is Passed, Number item in cart is 8, expected is 8

2018-10-08 14:04:01 - [TEST_STEP][PASSED] - beautytap.ShopAction.VerifyProductIsAddedToCart: beautytap.ShopAction.VerifyProductIsAddedToCart is PASSED

2018-10-08 14:04:01 - [MESSAGE][PASSED] - Object '' is present

2018-10-08 14:04:01 - [MESSAGE][PASSED] - beautytap.ShopAction.VerifyProductIsAddedToCart is PASSED

2018-10-08 14:04:01 - [TEST_STEP][PASSED] - beautytap.ShopAction.goToCart: beautytap.ShopAction.goToCart is PASSED

2018-10-08 14:04:01 - [MESSAGE][PASSED] - Object 'Object Repository/Page_General/icon_cart' is present

2018-10-08 14:04:06 - [MESSAGE][PASSED] - Object: 'Object Repository/Page_General/icon_cart' is clicked on

2018-10-08 14:04:06 - [MESSAGE][PASSED] - Wait for page load successfully

2018-10-08 14:04:06 - [MESSAGE][PASSED] - beautytap.ShopAction.goToCart is PASSED

2018-10-08 14:04:06 - [TEST_STEP][PASSED] - beautytap.ShopAction.VerifyProductInCart: Keyword VerifyProductInCart is Passed

2018-10-08 14:04:06 - [MESSAGE][PASSED] - Object '' is present

2018-10-08 14:04:06 - [MESSAGE][PASSED] - Object '' is present

2018-10-08 14:04:06 - [MESSAGE][PASSED] - Text of object '' is: '$26.70'

2018-10-08 14:04:06 - [MESSAGE][PASSED] - Attribute 'value' of object '' is: '8'

2018-10-08 14:04:07 - [MESSAGE][PASSED] - Text of object '' is: '$213.60'

2018-10-08 14:04:07 - [MESSAGE][PASSED] - Keyword VerifyProductInCart is Passed

2018-10-08 14:04:07 - [TEST_STEP][PASSED] - beautytap.ShopAction.processToCheckout: beautytap.ShopAction.processToCheckout is PASSED

2018-10-08 14:04:12 - [MESSAGE][PASSED] - Object: 'Object Repository/Page_Cart/btn_checkout' is clicked on

2018-10-08 14:04:12 - [MESSAGE][PASSED] - Wait for page load successfully

2018-10-08 14:04:12 - [MESSAGE][PASSED] - beautytap.ShopAction.processToCheckout is PASSED

2018-10-08 14:04:12 - [TEST_STEP][PASSED] - beautytap.ShopAction.loginAmazonPay: beautytap.ShopAction.loginAmazonPay is PASSED

2018-10-08 14:04:13 - [MESSAGE][PASSED] - Object: 'Object Repository/Page_Checkout/btn_amazonPay' is clicked on

2018-10-08 14:04:13 - [MESSAGE][PASSED] - Switched to window with index: '1'

2018-10-08 14:04:14 - [MESSAGE][PASSED] - Object 'Object Repository/Popup_Amazon/txt_email' is present

2018-10-08 14:04:14 - [MESSAGE][PASSED] - Text of object 'Object Repository/Popup_Amazon/txt_email' is cleared

2018-10-08 14:04:14 - [MESSAGE][PASSED] - Keys 'amazontest1503@yopmail.com' sent to object: 'Object Repository/Popup_Amazon/txt_email'

2018-10-08 14:04:15 - [MESSAGE][PASSED] - Text of object 'Object Repository/Popup_Amazon/txt_password' is cleared

2018-10-08 14:04:15 - [MESSAGE][PASSED] - Keys '123456' sent to object: 'Object Repository/Popup_Amazon/txt_password'

2018-10-08 14:04:18 - [MESSAGE][PASSED] - Object: 'Object Repository/Popup_Amazon/btn_signin' is clicked on

2018-10-08 14:04:18 - [MESSAGE][PASSED] - Switched to window with index: '0'

2018-10-08 14:04:48 - [MESSAGE][PASSED] - Delayed 30 second(s)

2018-10-08 14:04:48 - [MESSAGE][PASSED] - beautytap.ShopAction.loginAmazonPay is PASSED

2018-10-08 14:04:48 - [TEST_STEP][PASSED] - beautytap.ShopAction.VerifyOrderDetailsOnCheckout: Keyword VerifyOrderDetailsOnCheckout is Passed

2018-10-08 14:04:48 - [MESSAGE][PASSED] - Object '' is present

2018-10-08 14:04:48 - [MESSAGE][PASSED] - Text of object '' is: '$213.60'

2018-10-08 14:04:48 - [MESSAGE][PASSED] - Text of object '' is: 'Free EMS shipping (over $200)
Why does shipping take this long?'

2018-10-08 14:04:48 - [MESSAGE][PASSED] - Text of object '' is: '$213.60'

2018-10-08 14:04:48 - [MESSAGE][PASSED] - Keyword VerifyOrderDetailsOnCheckout is Passed

2018-10-08 14:04:48 - [TEST_STEP][PASSED] - beautytap.ShopAction.checkoutViaAmazonPay: beautytap.ShopAction.checkoutViaAmazonPay is PASSED

2018-10-08 14:04:48 - [MESSAGE][PASSED] - Object 'Object Repository/Page_Checkout/chk_terms' is clickable

2018-10-08 14:04:48 - [MESSAGE][PASSED] - Object 'Object Repository/Page_Checkout/chk_terms' is checked

2018-10-08 14:04:48 - [MESSAGE][PASSED] - Object: 'Object Repository/Page_Checkout/btn_placeOrder' is clicked on

2018-10-08 14:05:02 - [MESSAGE][PASSED] - Object 'Object Repository/Page_Checkout/lbl_orderReceived' is present

2018-10-08 14:05:02 - [MESSAGE][PASSED] - beautytap.ShopAction.checkoutViaAmazonPay is PASSED

2018-10-08 14:05:02 - [TEST_STEP][PASSED] - beautytap.ShopAction.VerifyOrderReceivedDetails: Keyword VerifyOrderReceivedDetails is Passed

2018-10-08 14:05:02 - [MESSAGE][PASSED] - Object '' is present

2018-10-08 14:05:02 - [MESSAGE][PASSED] - Text of object '' is: '$213.60'

2018-10-08 14:05:02 - [MESSAGE][PASSED] - Text of object '' is: 'Free EMS shipping (over $200)'

2018-10-08 14:05:08 - [MESSAGE][WARNING] - com.kms.katalon.core.webui.exception.WebElementNotFoundException: Web element with id: '' located by 'By.xpath: //th[text()='Shipping:']/parent::tr/td/span' not found
[[ATTACHMENT|E:\\BeautytapAutomation\\beautytapAuto\\Beautytap\\Reports\\Regression\\20181008_133113\\1538982308061.png]]

2018-10-08 14:05:08 - [MESSAGE][PASSED] - Text of object '' is: 'Amazon Pay'

2018-10-08 14:05:08 - [MESSAGE][PASSED] - Text of object '' is: '$213.60'

2018-10-08 14:05:08 - [MESSAGE][PASSED] - Keyword VerifyOrderReceivedDetails is Passed

2018-10-08 14:05:08 - [TEST_STEP][PASSED] - closeBrowser: Browser is closed

2018-10-08 14:05:09 - [MESSAGE][PASSED] - Browser is closed]]></system-out>
         <system-err><![CDATA[]]></system-err>
      </testcase>
      <testcase name="Test Cases/Shop/TC05_Browse_SimpleProduct_NotSale_PayPal_GreaterThan60LessThan200" classname="Test Cases/Shop/TC05_Browse_SimpleProduct_NotSale_PayPal_GreaterThan60LessThan200" status="PASSED">
         <system-out><![CDATA[2018-10-08 14:05:11 - [TEST_CASE][PASSED] - Test Cases/Shop/TC05_Browse_SimpleProduct_NotSale_PayPal_GreaterThan60LessThan200: Test Cases/Shop/TC05_Browse_SimpleProduct_NotSale_PayPal_GreaterThan60LessThan200

2018-10-08 14:05:12 - [TEST_STEP][PASSED] - Statement - productName = SIMPLE_PRODUCT: null

2018-10-08 14:05:12 - [TEST_STEP][PASSED] - Statement - price = SIMPLE_PRODUCT_PRICE: null

2018-10-08 14:05:12 - [TEST_STEP][PASSED] - Statement - r_string = new java.lang.Math().random().toString().substring(2, 8): null

2018-10-08 14:05:12 - [TEST_STEP][PASSED] - Statement - email = "auto" + r_string + "@mailinator.com": null

2018-10-08 14:05:12 - [TEST_STEP][PASSED] - Statement - orderNote = "auto" + r_string + "Order": null

2018-10-08 14:05:12 - [TEST_STEP][PASSED] - Statement - currentNumberItemInCart = <not implemented yet for class: org.codehaus.groovy.ast.expr.EmptyExpression>: null

2018-10-08 14:05:12 - [TEST_STEP][PASSED] - Statement - quantity = 3: null

2018-10-08 14:05:12 - [TEST_STEP][PASSED] - Statement - subtotal = CustomKeywords.beautytap.ShopAction.calculateTotal(quantity, price): beautytap.ShopAction.calculateTotal is PASSED

2018-10-08 14:05:12 - [MESSAGE][PASSED] - beautytap.ShopAction.calculateTotal is PASSED

2018-10-08 14:05:12 - [TEST_STEP][PASSED] - Statement - total = subtotal: null

2018-10-08 14:05:12 - [TEST_STEP][PASSED] - Statement - total = CustomKeywords.beautytap.ShopAction.calculateTotal(1, total): beautytap.ShopAction.calculateTotal is PASSED

2018-10-08 14:05:12 - [MESSAGE][PASSED] - beautytap.ShopAction.calculateTotal is PASSED

2018-10-08 14:05:12 - [TEST_STEP][PASSED] - Statement - products = new org.json.JSONArray((((((([{"productname":" + productName) + ","variation":"","quantity":") + quantity) + ","price":") + price) + "}])): null

2018-10-08 14:05:12 - [TEST_STEP][PASSED] - Statement - billingInformation = new org.json.JSONObject((({"firstname":"Test","lastname":"Automation","country":"United States (US)","address":"123 Testing","city":"New York","state":"New York","zip":"90012","email":" + email) + "})): null

2018-10-08 14:05:12 - [TEST_STEP][PASSED] - Statement - shippingLabel = FREE_SHIPPING_LABEL: null

2018-10-08 14:05:12 - [TEST_STEP][PASSED] - Statement - shippingPrice = 0: null

2018-10-08 14:05:12 - [TEST_STEP][PASSED] - Statement - shippingType = "free": null

2018-10-08 14:05:12 - [TEST_STEP][PASSED] - Statement - paymentMethod = "PayPal": null

2018-10-08 14:05:12 - [TEST_STEP][PASSED] - Statement - category = "What's New": null

2018-10-08 14:05:12 - [TEST_STEP][PASSED] - beautytap.GeneralAction.openBeautytap: beautytap.GeneralAction.openBeautytap is PASSED

2018-10-08 14:05:31 - [MESSAGE][PASSED] - Browser is opened with url: 'https://stage.beautytap.com'

2018-10-08 14:05:32 - [MESSAGE][PASSED] - Current window maximized

2018-10-08 14:05:37 - [MESSAGE][PASSED] - Refresh successfully

2018-10-08 14:05:37 - [MESSAGE][PASSED] - Wait for page load successfully

2018-10-08 14:05:37 - [MESSAGE][PASSED] - beautytap.GeneralAction.openBeautytap is PASSED

2018-10-08 14:05:37 - [TEST_STEP][PASSED] - beautytap.ShopAction.selectCategory: beautytap.ShopAction.selectCategory is PASSED

2018-10-08 14:05:44 - [MESSAGE][PASSED] - Object: '' is clicked on

2018-10-08 14:05:44 - [MESSAGE][PASSED] - Wait for page load successfully

2018-10-08 14:05:44 - [MESSAGE][PASSED] - beautytap.ShopAction.selectCategory is PASSED

2018-10-08 14:05:44 - [TEST_STEP][PASSED] - beautytap.ShopAction.findProductOnProductList: beautytap.ShopAction.findProductOnProductList is PASSED

2018-10-08 14:05:44 - [MESSAGE][PASSED] - Text of object '' is: '77'

2018-10-08 14:05:50 - [MESSAGE][WARNING] - com.kms.katalon.core.webui.exception.WebElementNotFoundException: Web element with id: '' located by 'By.xpath: //a[text()='La Muse Correct Care Complete Cushion SPF50+']' not found
[[ATTACHMENT|E:\\BeautytapAutomation\\beautytapAuto\\Beautytap\\Reports\\Regression\\20181008_133113\\1538982349868.png]]

2018-10-08 14:05:59 - [MESSAGE][PASSED] - Object: '' is clicked on

2018-10-08 14:05:59 - [MESSAGE][PASSED] - Wait for page load successfully

2018-10-08 14:06:04 - [MESSAGE][WARNING] - com.kms.katalon.core.webui.exception.WebElementNotFoundException: Web element with id: '' located by 'By.xpath: //a[text()='La Muse Correct Care Complete Cushion SPF50+']' not found
[[ATTACHMENT|E:\\BeautytapAutomation\\beautytapAuto\\Beautytap\\Reports\\Regression\\20181008_133113\\1538982364336.png]]

2018-10-08 14:06:13 - [MESSAGE][PASSED] - Object: '' is clicked on

2018-10-08 14:06:13 - [MESSAGE][PASSED] - Wait for page load successfully

2018-10-08 14:06:13 - [MESSAGE][PASSED] - Object '' is present

2018-10-08 14:06:13 - [MESSAGE][PASSED] - beautytap.ShopAction.findProductOnProductList is PASSED

2018-10-08 14:06:13 - [TEST_STEP][PASSED] - beautytap.ShopAction.VerifyProductOnProductList: Keyword VerifyProductOnProductList is Passed

2018-10-08 14:06:13 - [MESSAGE][PASSED] - Object '' is present

2018-10-08 14:06:13 - [MESSAGE][PASSED] - Text of object '' is: '$31.80'

2018-10-08 14:06:14 - [MESSAGE][PASSED] - Get CSS 'color' value on '' successfully: 'rgba(255, 35, 134, 1)'.

2018-10-08 14:06:14 - [MESSAGE][PASSED] - Get CSS 'color' value on '' successfully: 'rgba(255, 35, 134, 1)'.

2018-10-08 14:06:14 - [MESSAGE][PASSED] - Keyword VerifyProductOnProductList is Passed

2018-10-08 14:06:14 - [TEST_STEP][PASSED] - beautytap.ShopAction.selectProductOnProductList: beautytap.ShopAction.selectProductOnProductList is PASSED

2018-10-08 14:06:19 - [MESSAGE][PASSED] - Object: '' is clicked on

2018-10-08 14:06:19 - [MESSAGE][PASSED] - Wait for page load successfully

2018-10-08 14:06:19 - [MESSAGE][PASSED] - beautytap.ShopAction.selectProductOnProductList is PASSED

2018-10-08 14:06:19 - [TEST_STEP][PASSED] - beautytap.ShopAction.VerifyProductDetails: Keyword VerifyProductDetails is Passed

2018-10-08 14:06:19 - [MESSAGE][PASSED] - Text of object '' is: 'La Muse Correct Care Complete Cushion SPF50+'

2018-10-08 14:06:19 - [MESSAGE][PASSED] - Text of object '' is: '$31.80'

2018-10-08 14:06:19 - [MESSAGE][PASSED] - Get CSS 'color' value on '' successfully: 'rgba(255, 35, 134, 1)'.

2018-10-08 14:06:19 - [MESSAGE][PASSED] - Keyword VerifyProductDetails is Passed

2018-10-08 14:06:19 - [TEST_STEP][PASSED] - Statement - currentNumberItemInCart = CustomKeywords.beautytap.ShopAction.getNumberItemInCart(): beautytap.ShopAction.getNumberItemInCart is PASSED

2018-10-08 14:06:25 - [MESSAGE][WARNING] - com.kms.katalon.core.webui.exception.WebElementNotFoundException: Web element with id: '' located by 'By.xpath: //div[@class='header-right-top pull-right']/a[@class='shop-cart']/span[@class='number-cart']' not found
[[ATTACHMENT|E:\\BeautytapAutomation\\beautytapAuto\\Beautytap\\Reports\\Regression\\20181008_133113\\1538982385194.png]]

2018-10-08 14:06:25 - [MESSAGE][PASSED] - beautytap.ShopAction.getNumberItemInCart is PASSED

2018-10-08 14:06:25 - [TEST_STEP][PASSED] - beautytap.ShopAction.addProductToCart: beautytap.ShopAction.addProductToCart is PASSED

2018-10-08 14:06:25 - [MESSAGE][PASSED] - Text of object 'Object Repository/Page_Shop/txt_quantity' is cleared

2018-10-08 14:06:25 - [MESSAGE][PASSED] - Keys '3' sent to object: 'Object Repository/Page_Shop/txt_quantity'

2018-10-08 14:06:26 - [MESSAGE][PASSED] - Object: 'Object Repository/Page_Shop/btn_addToCart' is clicked on

2018-10-08 14:06:26 - [MESSAGE][PASSED] - Wait for page load successfully

2018-10-08 14:06:31 - [MESSAGE][PASSED] - Object 'Object Repository/Page_Shop/lbl_message' is present

2018-10-08 14:06:31 - [MESSAGE][PASSED] - beautytap.ShopAction.addProductToCart is PASSED

2018-10-08 14:06:31 - [TEST_STEP][PASSED] - beautytap.ShopAction.VerifyNumberItemInCart: Keyword VerifyNumberItemInCart is Passed, Number item in cart is 3, expected is 3

2018-10-08 14:06:31 - [MESSAGE][PASSED] - Object '' is present

2018-10-08 14:06:31 - [MESSAGE][PASSED] - Text of object '' is: '3'

2018-10-08 14:06:31 - [MESSAGE][PASSED] - Keyword VerifyNumberItemInCart is Passed, Number item in cart is 3, expected is 3

2018-10-08 14:06:31 - [TEST_STEP][PASSED] - beautytap.ShopAction.VerifyProductIsAddedToCart: beautytap.ShopAction.VerifyProductIsAddedToCart is PASSED

2018-10-08 14:06:31 - [MESSAGE][PASSED] - Object '' is present

2018-10-08 14:06:31 - [MESSAGE][PASSED] - beautytap.ShopAction.VerifyProductIsAddedToCart is PASSED

2018-10-08 14:06:31 - [TEST_STEP][PASSED] - beautytap.ShopAction.goToCart: beautytap.ShopAction.goToCart is PASSED

2018-10-08 14:06:31 - [MESSAGE][PASSED] - Object 'Object Repository/Page_General/icon_cart' is present

2018-10-08 14:06:37 - [MESSAGE][PASSED] - Object: 'Object Repository/Page_General/icon_cart' is clicked on

2018-10-08 14:06:37 - [MESSAGE][PASSED] - Wait for page load successfully

2018-10-08 14:06:37 - [MESSAGE][PASSED] - beautytap.ShopAction.goToCart is PASSED

2018-10-08 14:06:37 - [TEST_STEP][PASSED] - beautytap.ShopAction.VerifyProductInCart: Keyword VerifyProductInCart is Passed

2018-10-08 14:06:37 - [MESSAGE][PASSED] - Object '' is present

2018-10-08 14:06:37 - [MESSAGE][PASSED] - Object '' is present

2018-10-08 14:06:37 - [MESSAGE][PASSED] - Text of object '' is: '$31.80'

2018-10-08 14:06:37 - [MESSAGE][PASSED] - Attribute 'value' of object '' is: '3'

2018-10-08 14:06:37 - [MESSAGE][PASSED] - Text of object '' is: '$95.40'

2018-10-08 14:06:37 - [MESSAGE][PASSED] - Keyword VerifyProductInCart is Passed

2018-10-08 14:06:37 - [TEST_STEP][PASSED] - beautytap.ShopAction.processToCheckout: beautytap.ShopAction.processToCheckout is PASSED

2018-10-08 14:06:43 - [MESSAGE][PASSED] - Object: 'Object Repository/Page_Cart/btn_checkout' is clicked on

2018-10-08 14:06:43 - [MESSAGE][PASSED] - Wait for page load successfully

2018-10-08 14:06:43 - [MESSAGE][PASSED] - beautytap.ShopAction.processToCheckout is PASSED

2018-10-08 14:06:43 - [TEST_STEP][PASSED] - beautytap.ShopAction.fillCustomerInformation: beautytap.ShopAction.fillCustomerInformation is PASSED

2018-10-08 14:06:43 - [MESSAGE][PASSED] - Text of object 'Object Repository/Page_Checkout/txt_billingFirstName' is cleared

2018-10-08 14:06:43 - [MESSAGE][PASSED] - Keys 'Test' sent to object: 'Object Repository/Page_Checkout/txt_billingFirstName'

2018-10-08 14:06:43 - [MESSAGE][PASSED] - Text of object 'Object Repository/Page_Checkout/txt_billingLastName' is cleared

2018-10-08 14:06:44 - [MESSAGE][PASSED] - Keys 'Automation' sent to object: 'Object Repository/Page_Checkout/txt_billingLastName'

2018-10-08 14:06:45 - [MESSAGE][PASSED] - All options with label 'United States (US)' are selected in object 'Object Repository/Page_Checkout/drop_billingCountry' 

2018-10-08 14:06:50 - [MESSAGE][PASSED] - Delayed 5 second(s)

2018-10-08 14:06:50 - [MESSAGE][PASSED] - Text of object 'Object Repository/Page_Checkout/txt_billingAddress' is cleared

2018-10-08 14:06:50 - [MESSAGE][PASSED] - Keys '123 Testing' sent to object: 'Object Repository/Page_Checkout/txt_billingAddress'

2018-10-08 14:06:50 - [MESSAGE][PASSED] - Text of object 'Object Repository/Page_Checkout/txt_billingCity' is cleared

2018-10-08 14:06:51 - [MESSAGE][PASSED] - Keys 'New York' sent to object: 'Object Repository/Page_Checkout/txt_billingCity'

2018-10-08 14:06:51 - [MESSAGE][PASSED] - All options with label 'New York' are selected in object 'Object Repository/Page_Checkout/drop_billingState' 

2018-10-08 14:06:51 - [MESSAGE][PASSED] - Text of object 'Object Repository/Page_Checkout/txt_billingZip' is cleared

2018-10-08 14:06:51 - [MESSAGE][PASSED] - Keys '90012' sent to object: 'Object Repository/Page_Checkout/txt_billingZip'

2018-10-08 14:06:52 - [MESSAGE][PASSED] - Text of object 'Object Repository/Page_Checkout/txt_billingEmail' is cleared

2018-10-08 14:06:53 - [MESSAGE][PASSED] - Keys 'auto519030@mailinator.com' sent to object: 'Object Repository/Page_Checkout/txt_billingEmail'

2018-10-08 14:06:53 - [MESSAGE][PASSED] - Object 'Object Repository/Page_Checkout/chk_shipToDifferentAddress' is un-checked

2018-10-08 14:06:53 - [MESSAGE][PASSED] - Text of object 'Object Repository/Page_Checkout/txt_orderNote' is cleared

2018-10-08 14:06:53 - [MESSAGE][PASSED] - Keys 'auto519030Order' sent to object: 'Object Repository/Page_Checkout/txt_orderNote'

2018-10-08 14:06:54 - [MESSAGE][PASSED] - Object 'Object Repository/Page_Checkout/radio_creditCard' is checked

2018-10-08 14:06:59 - [MESSAGE][PASSED] - Delayed 5 second(s)

2018-10-08 14:06:59 - [MESSAGE][PASSED] - beautytap.ShopAction.fillCustomerInformation is PASSED

2018-10-08 14:06:59 - [TEST_STEP][PASSED] - beautytap.ShopAction.VerifyOrderDetailsOnCheckout: Keyword VerifyOrderDetailsOnCheckout is Passed

2018-10-08 14:06:59 - [MESSAGE][PASSED] - Object '' is present

2018-10-08 14:06:59 - [MESSAGE][PASSED] - Text of object '' is: '$95.40'

2018-10-08 14:06:59 - [MESSAGE][PASSED] - Text of object '' is: 'Free shipping for orders over $60
Why does shipping take this long?'

2018-10-08 14:06:59 - [MESSAGE][PASSED] - Text of object '' is: '$95.40'

2018-10-08 14:06:59 - [MESSAGE][PASSED] - Keyword VerifyOrderDetailsOnCheckout is Passed

2018-10-08 14:06:59 - [TEST_STEP][PASSED] - beautytap.ShopAction.checkoutViaPaypal: beautytap.ShopAction.checkoutViaPaypal is PASSED

2018-10-08 14:06:59 - [MESSAGE][PASSED] - Object 'Object Repository/Page_Checkout/radio_paypal' is checked

2018-10-08 14:07:04 - [MESSAGE][PASSED] - Delayed 5 second(s)

2018-10-08 14:07:04 - [MESSAGE][PASSED] - Object 'Object Repository/Page_Checkout/chk_terms' is checked

2018-10-08 14:07:05 - [MESSAGE][PASSED] - Object: 'Object Repository/Page_Checkout/btn_placeOrder' is clicked on

2018-10-08 14:07:11 - [MESSAGE][PASSED] - Object 'Object Repository/Page_Paypal/txt_email' is present

2018-10-08 14:07:11 - [MESSAGE][PASSED] - Text of object 'Object Repository/Page_Paypal/txt_email' is cleared

2018-10-08 14:07:11 - [MESSAGE][PASSED] - Keys 'g1.posiba@gmail.com' sent to object: 'Object Repository/Page_Paypal/txt_email'

2018-10-08 14:07:11 - [MESSAGE][PASSED] - Text of object 'Object Repository/Page_Paypal/txt_password' is cleared

2018-10-08 14:07:11 - [MESSAGE][PASSED] - Keys 'Tr@ng99%' sent to object: 'Object Repository/Page_Paypal/txt_password'

2018-10-08 14:07:25 - [MESSAGE][PASSED] - Object: 'Object Repository/Page_Paypal/btn_login' is clicked on

2018-10-08 14:07:28 - [MESSAGE][PASSED] - Object 'Object Repository/Page_Paypal/btn_payNow' is present

2018-10-08 14:07:33 - [MESSAGE][PASSED] - Delayed 5 second(s)

2018-10-08 14:07:33 - [MESSAGE][PASSED] - Object: 'Object Repository/Page_Paypal/btn_payNow' is clicked on

2018-10-08 14:07:52 - [MESSAGE][PASSED] - Object 'Object Repository/Page_Checkout/lbl_orderReceived' is present

2018-10-08 14:07:52 - [MESSAGE][PASSED] - beautytap.ShopAction.checkoutViaPaypal is PASSED

2018-10-08 14:07:52 - [TEST_STEP][PASSED] - beautytap.ShopAction.VerifyOrderReceivedDetails: Keyword VerifyOrderReceivedDetails is Passed

2018-10-08 14:07:52 - [MESSAGE][PASSED] - Object '' is present

2018-10-08 14:07:52 - [MESSAGE][PASSED] - Text of object '' is: '$95.40'

2018-10-08 14:07:52 - [MESSAGE][PASSED] - Text of object '' is: 'Free shipping for orders over $60'

2018-10-08 14:07:58 - [MESSAGE][WARNING] - com.kms.katalon.core.webui.exception.WebElementNotFoundException: Web element with id: '' located by 'By.xpath: //th[text()='Shipping:']/parent::tr/td/span' not found
[[ATTACHMENT|E:\\BeautytapAutomation\\beautytapAuto\\Beautytap\\Reports\\Regression\\20181008_133113\\1538982478150.png]]

2018-10-08 14:07:58 - [MESSAGE][PASSED] - Text of object '' is: 'PayPal'

2018-10-08 14:07:58 - [MESSAGE][PASSED] - Text of object '' is: '$95.40'

2018-10-08 14:07:58 - [MESSAGE][PASSED] - Keyword VerifyOrderReceivedDetails is Passed

2018-10-08 14:07:58 - [TEST_STEP][PASSED] - closeBrowser: Browser is closed

2018-10-08 14:07:59 - [MESSAGE][PASSED] - Browser is closed]]></system-out>
         <system-err><![CDATA[]]></system-err>
      </testcase>
      <testcase name="Test Cases/Shop/TC06_Browse_VariationProduct_Sale_AmazonPayAtCart_LessThan60_EMS" classname="Test Cases/Shop/TC06_Browse_VariationProduct_Sale_AmazonPayAtCart_LessThan60_EMS" status="PASSED">
         <system-out><![CDATA[2018-10-08 14:08:01 - [TEST_CASE][PASSED] - Test Cases/Shop/TC06_Browse_VariationProduct_Sale_AmazonPayAtCart_LessThan60_EMS: Test Cases/Shop/TC06_Browse_VariationProduct_Sale_AmazonPayAtCart_LessThan60_EMS

2018-10-08 14:08:02 - [TEST_STEP][PASSED] - Statement - productName = VARIATION_SALE_PRODUCT: null

2018-10-08 14:08:02 - [TEST_STEP][PASSED] - Statement - saleprice = VARIATION_SALE_PRICE1: null

2018-10-08 14:08:02 - [TEST_STEP][PASSED] - Statement - redularprice = VARIATION_SALE_REGULAR_PRICE1: null

2018-10-08 14:08:02 - [TEST_STEP][PASSED] - Statement - variation = VARIATION_SALE_NAME1: null

2018-10-08 14:08:02 - [TEST_STEP][PASSED] - Statement - r_string = new java.lang.Math().random().toString().substring(2, 8): null

2018-10-08 14:08:02 - [TEST_STEP][PASSED] - Statement - email = "auto" + r_string + "@mailinator.com": null

2018-10-08 14:08:02 - [TEST_STEP][PASSED] - Statement - orderNote = "auto" + r_string + "Order": null

2018-10-08 14:08:02 - [TEST_STEP][PASSED] - Statement - currentNumberItemInCart = <not implemented yet for class: org.codehaus.groovy.ast.expr.EmptyExpression>: null

2018-10-08 14:08:02 - [TEST_STEP][PASSED] - Statement - quantity = 5: null

2018-10-08 14:08:02 - [TEST_STEP][PASSED] - Statement - shippingLabel = EMS_SHIPPING_LABEL: null

2018-10-08 14:08:02 - [TEST_STEP][PASSED] - Statement - shippingPrice = EMS_SHIPPING_PRICE: null

2018-10-08 14:08:02 - [TEST_STEP][PASSED] - Statement - subtotal = CustomKeywords.beautytap.ShopAction.calculateTotal(quantity, saleprice): beautytap.ShopAction.calculateTotal is PASSED

2018-10-08 14:08:02 - [MESSAGE][PASSED] - beautytap.ShopAction.calculateTotal is PASSED

2018-10-08 14:08:02 - [TEST_STEP][PASSED] - Statement - total = subtotal + shippingPrice: null

2018-10-08 14:08:02 - [TEST_STEP][PASSED] - Statement - total = CustomKeywords.beautytap.ShopAction.calculateTotal(1, total): beautytap.ShopAction.calculateTotal is PASSED

2018-10-08 14:08:02 - [MESSAGE][PASSED] - beautytap.ShopAction.calculateTotal is PASSED

2018-10-08 14:08:02 - [TEST_STEP][PASSED] - Statement - products = new org.json.JSONArray((((((((([{"productname":" + productName) + ","variation":") + variation) + ","quantity":") + quantity) + ","price":") + saleprice) + "}])): null

2018-10-08 14:08:02 - [TEST_STEP][PASSED] - Statement - billingInformation = new org.json.JSONObject((({"firstname":"Test","lastname":"Automation","country":"United States (US)","address":"123 Testing","city":"New York","state":"New York","zip":"90012","email":" + email) + "})): null

2018-10-08 14:08:02 - [TEST_STEP][PASSED] - Statement - shippingType = "EMS": null

2018-10-08 14:08:02 - [TEST_STEP][PASSED] - Statement - paymentMethod = "Amazon Pay": null

2018-10-08 14:08:02 - [TEST_STEP][PASSED] - Statement - category = "Brands": null

2018-10-08 14:08:02 - [TEST_STEP][PASSED] - Statement - subcategory = "Innisfree": null

2018-10-08 14:08:02 - [TEST_STEP][PASSED] - beautytap.GeneralAction.openBeautytap: beautytap.GeneralAction.openBeautytap is PASSED

2018-10-08 14:08:18 - [MESSAGE][PASSED] - Browser is opened with url: 'https://stage.beautytap.com'

2018-10-08 14:08:19 - [MESSAGE][PASSED] - Current window maximized

2018-10-08 14:08:24 - [MESSAGE][PASSED] - Refresh successfully

2018-10-08 14:08:24 - [MESSAGE][PASSED] - Wait for page load successfully

2018-10-08 14:08:24 - [MESSAGE][PASSED] - beautytap.GeneralAction.openBeautytap is PASSED

2018-10-08 14:08:24 - [TEST_STEP][PASSED] - beautytap.ShopAction.selectCategory: beautytap.ShopAction.selectCategory is PASSED

2018-10-08 14:08:24 - [MESSAGE][PASSED] - Object: '' is clicked on

2018-10-08 14:08:26 - [MESSAGE][PASSED] - Delayed 2 second(s)

2018-10-08 14:08:35 - [MESSAGE][PASSED] - Object: '' is clicked on

2018-10-08 14:08:35 - [MESSAGE][PASSED] - Wait for page load successfully

2018-10-08 14:08:35 - [MESSAGE][PASSED] - beautytap.ShopAction.selectCategory is PASSED

2018-10-08 14:08:35 - [TEST_STEP][PASSED] - beautytap.ShopAction.findProductOnProductList: beautytap.ShopAction.findProductOnProductList is PASSED

2018-10-08 14:08:35 - [MESSAGE][PASSED] - Text of object '' is: '3'

2018-10-08 14:08:41 - [MESSAGE][WARNING] - com.kms.katalon.core.webui.exception.WebElementNotFoundException: Web element with id: '' located by 'By.xpath: //a[text()='Innisfree Eye Contouring Stick Round Shape 0.7g']' not found
[[ATTACHMENT|E:\\BeautytapAutomation\\beautytapAuto\\Beautytap\\Reports\\Regression\\20181008_133113\\1538982521115.png]]

2018-10-08 14:08:51 - [MESSAGE][PASSED] - Object: '' is clicked on

2018-10-08 14:08:51 - [MESSAGE][PASSED] - Wait for page load successfully

2018-10-08 14:08:51 - [MESSAGE][PASSED] - Object '' is present

2018-10-08 14:08:51 - [MESSAGE][PASSED] - beautytap.ShopAction.findProductOnProductList is PASSED

2018-10-08 14:08:51 - [TEST_STEP][PASSED] - beautytap.ShopAction.VerifyProductOnProductList: Keyword VerifyProductOnProductList is Passed

2018-10-08 14:08:51 - [MESSAGE][PASSED] - Object '' is present

2018-10-08 14:08:51 - [MESSAGE][PASSED] - Text of object '' is: '$4.95'

2018-10-08 14:08:51 - [MESSAGE][PASSED] - Get CSS 'color' value on '' successfully: 'rgba(255, 35, 134, 1)'.

2018-10-08 14:08:51 - [MESSAGE][PASSED] - Get CSS 'color' value on '' successfully: 'rgba(255, 35, 134, 1)'.

2018-10-08 14:08:51 - [MESSAGE][PASSED] - Text of object '' is: '$6.50'

2018-10-08 14:08:51 - [MESSAGE][PASSED] - Get CSS 'color' value on '' successfully: 'rgba(255, 35, 134, 1)'.

2018-10-08 14:08:51 - [MESSAGE][PASSED] - Get CSS 'color' value on '' successfully: 'rgba(255, 35, 134, 1)'.

2018-10-08 14:08:51 - [MESSAGE][PASSED] - Keyword VerifyProductOnProductList is Passed

2018-10-08 14:08:51 - [TEST_STEP][PASSED] - beautytap.ShopAction.selectProductOnProductList: beautytap.ShopAction.selectProductOnProductList is PASSED

2018-10-08 14:08:59 - [MESSAGE][PASSED] - Object: '' is clicked on

2018-10-08 14:08:59 - [MESSAGE][PASSED] - Wait for page load successfully

2018-10-08 14:08:59 - [MESSAGE][PASSED] - beautytap.ShopAction.selectProductOnProductList is PASSED

2018-10-08 14:08:59 - [TEST_STEP][PASSED] - beautytap.ShopAction.selectProductVariation: beautytap.ShopAction.selectProductVariation is PASSED

2018-10-08 14:08:59 - [MESSAGE][PASSED] - Object: 'Object Repository/Page_Shop/drop_chooseOption' is clicked on

2018-10-08 14:09:00 - [MESSAGE][PASSED] - Delayed 1 second(s)

2018-10-08 14:09:00 - [MESSAGE][PASSED] - Object: '' is clicked on

2018-10-08 14:09:00 - [MESSAGE][PASSED] - beautytap.ShopAction.selectProductVariation is PASSED

2018-10-08 14:09:00 - [TEST_STEP][PASSED] - beautytap.ShopAction.VerifyProductDetails: Keyword VerifyProductDetails is Passed

2018-10-08 14:09:00 - [MESSAGE][PASSED] - Text of object '' is: 'Innisfree Eye Contouring Stick Round Shape 0.7g'

2018-10-08 14:09:01 - [MESSAGE][PASSED] - All options with label '5' are selected in object 'Object Repository/Page_Shop/drop_chooseOption' 

2018-10-08 14:09:01 - [MESSAGE][PASSED] - Text of object '' is: '$6.50'

2018-10-08 14:09:01 - [MESSAGE][PASSED] - Get CSS 'color' value on '' successfully: 'rgba(195, 195, 195, 1)'.

2018-10-08 14:09:02 - [MESSAGE][PASSED] - Text of object '' is: '$4.95'

2018-10-08 14:09:02 - [MESSAGE][PASSED] - Get CSS 'color' value on '' successfully: 'rgba(255, 35, 134, 1)'.

2018-10-08 14:09:02 - [MESSAGE][PASSED] - Keyword VerifyProductDetails is Passed

2018-10-08 14:09:02 - [TEST_STEP][PASSED] - Statement - currentNumberItemInCart = CustomKeywords.beautytap.ShopAction.getNumberItemInCart(): beautytap.ShopAction.getNumberItemInCart is PASSED

2018-10-08 14:09:07 - [MESSAGE][WARNING] - com.kms.katalon.core.webui.exception.WebElementNotFoundException: Web element with id: '' located by 'By.xpath: //div[@class='header-right-top pull-right']/a[@class='shop-cart']/span[@class='number-cart']' not found
[[ATTACHMENT|E:\\BeautytapAutomation\\beautytapAuto\\Beautytap\\Reports\\Regression\\20181008_133113\\1538982547281.png]]

2018-10-08 14:09:07 - [MESSAGE][PASSED] - beautytap.ShopAction.getNumberItemInCart is PASSED

2018-10-08 14:09:07 - [TEST_STEP][PASSED] - beautytap.ShopAction.addProductToCart: beautytap.ShopAction.addProductToCart is PASSED

2018-10-08 14:09:07 - [MESSAGE][PASSED] - Text of object 'Object Repository/Page_Shop/txt_quantity' is cleared

2018-10-08 14:09:07 - [MESSAGE][PASSED] - Keys '5' sent to object: 'Object Repository/Page_Shop/txt_quantity'

2018-10-08 14:09:08 - [MESSAGE][PASSED] - Object: 'Object Repository/Page_Shop/btn_addToCart' is clicked on

2018-10-08 14:09:08 - [MESSAGE][PASSED] - Wait for page load successfully

2018-10-08 14:09:14 - [MESSAGE][PASSED] - Object 'Object Repository/Page_Shop/lbl_message' is present

2018-10-08 14:09:14 - [MESSAGE][PASSED] - beautytap.ShopAction.addProductToCart is PASSED

2018-10-08 14:09:14 - [TEST_STEP][PASSED] - beautytap.ShopAction.VerifyNumberItemInCart: Keyword VerifyNumberItemInCart is Passed, Number item in cart is 5, expected is 5

2018-10-08 14:09:14 - [MESSAGE][PASSED] - Object '' is present

2018-10-08 14:09:14 - [MESSAGE][PASSED] - Text of object '' is: '5'

2018-10-08 14:09:14 - [MESSAGE][PASSED] - Keyword VerifyNumberItemInCart is Passed, Number item in cart is 5, expected is 5

2018-10-08 14:09:14 - [TEST_STEP][PASSED] - beautytap.ShopAction.VerifyProductIsAddedToCart: beautytap.ShopAction.VerifyProductIsAddedToCart is PASSED

2018-10-08 14:09:14 - [MESSAGE][PASSED] - Object '' is present

2018-10-08 14:09:14 - [MESSAGE][PASSED] - beautytap.ShopAction.VerifyProductIsAddedToCart is PASSED

2018-10-08 14:09:14 - [TEST_STEP][PASSED] - beautytap.ShopAction.goToCart: beautytap.ShopAction.goToCart is PASSED

2018-10-08 14:09:14 - [MESSAGE][PASSED] - Object 'Object Repository/Page_General/icon_cart' is present

2018-10-08 14:09:19 - [MESSAGE][PASSED] - Object: 'Object Repository/Page_General/icon_cart' is clicked on

2018-10-08 14:09:19 - [MESSAGE][PASSED] - Wait for page load successfully

2018-10-08 14:09:19 - [MESSAGE][PASSED] - beautytap.ShopAction.goToCart is PASSED

2018-10-08 14:09:19 - [TEST_STEP][PASSED] - beautytap.ShopAction.VerifyProductInCart: Keyword VerifyProductInCart is Passed

2018-10-08 14:09:19 - [MESSAGE][PASSED] - Object '' is present

2018-10-08 14:09:19 - [MESSAGE][PASSED] - Object '' is present

2018-10-08 14:09:19 - [MESSAGE][PASSED] - Text of object '' is: '$4.95'

2018-10-08 14:09:19 - [MESSAGE][PASSED] - Attribute 'value' of object '' is: '5'

2018-10-08 14:09:19 - [MESSAGE][PASSED] - Text of object '' is: '$24.75'

2018-10-08 14:09:19 - [MESSAGE][PASSED] - Keyword VerifyProductInCart is Passed

2018-10-08 14:09:19 - [TEST_STEP][PASSED] - beautytap.ShopAction.loginAmazonPay: beautytap.ShopAction.loginAmazonPay is PASSED

2018-10-08 14:09:20 - [MESSAGE][PASSED] - Object: 'Object Repository/Page_Cart/btn_payWithAmazon' is clicked on

2018-10-08 14:09:20 - [MESSAGE][PASSED] - Switched to window with index: '1'

2018-10-08 14:09:21 - [MESSAGE][PASSED] - Object 'Object Repository/Popup_Amazon/txt_email' is present

2018-10-08 14:09:21 - [MESSAGE][PASSED] - Text of object 'Object Repository/Popup_Amazon/txt_email' is cleared

2018-10-08 14:09:21 - [MESSAGE][PASSED] - Keys 'amazontest1503@yopmail.com' sent to object: 'Object Repository/Popup_Amazon/txt_email'

2018-10-08 14:09:21 - [MESSAGE][PASSED] - Text of object 'Object Repository/Popup_Amazon/txt_password' is cleared

2018-10-08 14:09:22 - [MESSAGE][PASSED] - Keys '123456' sent to object: 'Object Repository/Popup_Amazon/txt_password'

2018-10-08 14:09:24 - [MESSAGE][PASSED] - Object: 'Object Repository/Popup_Amazon/btn_signin' is clicked on

2018-10-08 14:09:25 - [MESSAGE][PASSED] - Switched to window with index: '0'

2018-10-08 14:09:55 - [MESSAGE][PASSED] - Delayed 30 second(s)

2018-10-08 14:09:55 - [MESSAGE][PASSED] - beautytap.ShopAction.loginAmazonPay is PASSED

2018-10-08 14:09:55 - [TEST_STEP][PASSED] - beautytap.ShopAction.selectShipping: beautytap.ShopAction.selectShipping is PASSED

2018-10-08 14:09:55 - [MESSAGE][PASSED] - Object '' is checked

2018-10-08 14:10:00 - [MESSAGE][PASSED] - Delayed 5 second(s)

2018-10-08 14:10:00 - [MESSAGE][PASSED] - beautytap.ShopAction.selectShipping is PASSED

2018-10-08 14:10:00 - [TEST_STEP][PASSED] - beautytap.ShopAction.VerifyOrderDetailsOnCheckout: Keyword VerifyOrderDetailsOnCheckout is Passed

2018-10-08 14:10:00 - [MESSAGE][PASSED] - Object '' is present

2018-10-08 14:10:00 - [MESSAGE][PASSED] - Text of object '' is: '$24.75'

2018-10-08 14:10:00 - [MESSAGE][PASSED] - Object '' has attribute 'checked'

2018-10-08 14:10:00 - [MESSAGE][PASSED] - Text of object '' is: '($25) - EMS Express shipping (est. 10-14 working days delivery including processing): $25.00'

2018-10-08 14:10:00 - [MESSAGE][PASSED] - Text of object '' is: '$25.00'

2018-10-08 14:10:00 - [MESSAGE][PASSED] - Text of object '' is: '$49.75'

2018-10-08 14:10:00 - [MESSAGE][PASSED] - Keyword VerifyOrderDetailsOnCheckout is Passed

2018-10-08 14:10:00 - [TEST_STEP][PASSED] - beautytap.ShopAction.checkoutViaAmazonPay: beautytap.ShopAction.checkoutViaAmazonPay is PASSED

2018-10-08 14:10:00 - [MESSAGE][PASSED] - Object 'Object Repository/Page_Checkout/chk_terms' is clickable

2018-10-08 14:10:00 - [MESSAGE][PASSED] - Object 'Object Repository/Page_Checkout/chk_terms' is checked

2018-10-08 14:10:01 - [MESSAGE][PASSED] - Object: 'Object Repository/Page_Checkout/btn_placeOrder' is clicked on

2018-10-08 14:10:15 - [MESSAGE][PASSED] - Object 'Object Repository/Page_Checkout/lbl_orderReceived' is present

2018-10-08 14:10:15 - [MESSAGE][PASSED] - beautytap.ShopAction.checkoutViaAmazonPay is PASSED

2018-10-08 14:10:15 - [TEST_STEP][PASSED] - beautytap.ShopAction.VerifyOrderReceivedDetails: Keyword VerifyOrderReceivedDetails is Passed

2018-10-08 14:10:15 - [MESSAGE][PASSED] - Object '' is present

2018-10-08 14:10:15 - [MESSAGE][PASSED] - Text of object '' is: '$24.75'

2018-10-08 14:10:15 - [MESSAGE][PASSED] - Text of object '' is: '$25.00 via ($25) - EMS Express shipping (est. 10-14 working days delivery including processing)'

2018-10-08 14:10:15 - [MESSAGE][PASSED] - Object '' is present

2018-10-08 14:10:15 - [MESSAGE][PASSED] - Text of object '' is: '$25.00'

2018-10-08 14:10:15 - [MESSAGE][PASSED] - Text of object '' is: 'Amazon Pay'

2018-10-08 14:10:15 - [MESSAGE][PASSED] - Text of object '' is: '$49.75'

2018-10-08 14:10:15 - [MESSAGE][PASSED] - Keyword VerifyOrderReceivedDetails is Passed

2018-10-08 14:10:15 - [TEST_STEP][PASSED] - closeBrowser: Browser is closed

2018-10-08 14:10:16 - [MESSAGE][PASSED] - Browser is closed]]></system-out>
         <system-err><![CDATA[]]></system-err>
      </testcase>
      <testcase name="Test Cases/Shop/TC11_HTTPS_Redirect" classname="Test Cases/Shop/TC11_HTTPS_Redirect" status="PASSED">
         <system-out><![CDATA[2018-10-08 14:10:19 - [TEST_CASE][PASSED] - Test Cases/Shop/TC11_HTTPS_Redirect: Test Cases/Shop/TC11_HTTPS_Redirect

2018-10-08 14:10:19 - [TEST_STEP][PASSED] - Statement - httpLink = SITE_URL: null

2018-10-08 14:10:19 - [TEST_STEP][PASSED] - Statement - httpLink = httpLink.replace("https", "http"): null

2018-10-08 14:10:19 - [TEST_STEP][PASSED] - Statement - httpsLink = SITE_URL: null

2018-10-08 14:10:19 - [TEST_STEP][PASSED] - beautytap.GeneralAction.openBeautytap: beautytap.GeneralAction.openBeautytap is PASSED

2018-10-08 14:10:37 - [MESSAGE][PASSED] - Browser is opened with url: 'http://stage.beautytap.com'

2018-10-08 14:10:38 - [MESSAGE][PASSED] - Current window maximized

2018-10-08 14:10:44 - [MESSAGE][PASSED] - Refresh successfully

2018-10-08 14:10:44 - [MESSAGE][PASSED] - Wait for page load successfully

2018-10-08 14:10:44 - [MESSAGE][PASSED] - beautytap.GeneralAction.openBeautytap is PASSED

2018-10-08 14:10:44 - [TEST_STEP][PASSED] - delay: Delayed 10 second(s)

2018-10-08 14:10:54 - [MESSAGE][PASSED] - Delayed 10 second(s)

2018-10-08 14:10:54 - [TEST_STEP][PASSED] - Statement - currentURL = com.kms.katalon.core.webui.keyword.WebUiBuiltInKeywords.getUrl(): Current window's url is: 'https://stage.beautytap.com/'

2018-10-08 14:10:54 - [MESSAGE][PASSED] - Current window's url is: 'https://stage.beautytap.com/'

2018-10-08 14:10:54 - [TEST_STEP][PASSED] - verifyMatch: Actual text 'https://stage.beautytap.com/' and expected text 'https://stage.beautytap.com.*' are matched  using regular expression

2018-10-08 14:10:54 - [MESSAGE][PASSED] - Actual text 'https://stage.beautytap.com/' and expected text 'https://stage.beautytap.com.*' are matched  using regular expression

2018-10-08 14:10:54 - [TEST_STEP][PASSED] - closeBrowser: Browser is closed

2018-10-08 14:10:55 - [MESSAGE][PASSED] - Browser is closed]]></system-out>
         <system-err><![CDATA[]]></system-err>
      </testcase>
      <system-out><![CDATA[2018-10-08 13:31:17 - [TEST_SUITE][PASSED] - Regression: Test Cases/Shop/TC11_HTTPS_Redirect]]></system-out>
      <system-err><![CDATA[]]></system-err>
   </testsuite>
</testsuites>
