<?xml version="1.0" encoding="UTF-8"?>
<testsuites name="Regression" time="3492" tests="8" failures="1" errors="0">
   <testsuite name="Regression" tests="8" failures="1" errors="0" time="3492" timestamp="2018-09-28 18:31:06" hostname="Trang Nguyen - 192.168.1.8" id="Test Suites/Regression">
      <properties>
         <property name="deviceName" value=""/>
         <property name="devicePlatform" value=""/>
         <property name="logFolder" value="E:\\BeautytapAutomation\\beautytapAuto\\Beautytap\\Reports\\Regression\\20180928_183104"/>
         <property name="logFiles" value="E:\\BeautytapAutomation\\beautytapAuto\\Beautytap\\Reports\\Regression\\20180928_183104\\execution0.log"/>
         <property name="attachments" value="E:\\BeautytapAutomation\\beautytapAuto\\Beautytap\\Reports\\Regression\\20180928_183104\\1538134465903.png, E:\\BeautytapAutomation\\beautytapAuto\\Beautytap\\Reports\\Regression\\20180928_183104\\1538134466206.png, E:\\BeautytapAutomation\\beautytapAuto\\Beautytap\\Reports\\Regression\\20180928_183104\\1538134543459.png, E:\\BeautytapAutomation\\beautytapAuto\\Beautytap\\Reports\\Regression\\20180928_183104\\1538134543757.png, E:\\BeautytapAutomation\\beautytapAuto\\Beautytap\\Reports\\Regression\\20180928_183104\\1538134780912.png, E:\\BeautytapAutomation\\beautytapAuto\\Beautytap\\Reports\\Regression\\20180928_183104\\1538134854168.png, E:\\BeautytapAutomation\\beautytapAuto\\Beautytap\\Reports\\Regression\\20180928_183104\\1538135032044.png, E:\\BeautytapAutomation\\beautytapAuto\\Beautytap\\Reports\\Regression\\20180928_183104\\1538135163136.png, E:\\BeautytapAutomation\\beautytapAuto\\Beautytap\\Reports\\Regression\\20180928_183104\\1538135199173.png, E:\\BeautytapAutomation\\beautytapAuto\\Beautytap\\Reports\\Regression\\20180928_183104\\1538135286794.png, E:\\BeautytapAutomation\\beautytapAuto\\Beautytap\\Reports\\Regression\\20180928_183104\\1538135357957.png, E:\\BeautytapAutomation\\beautytapAuto\\Beautytap\\Reports\\Regression\\20180928_183104\\1538135388647.png, E:\\BeautytapAutomation\\beautytapAuto\\Beautytap\\Reports\\Regression\\20180928_183104\\1538135401932.png, E:\\BeautytapAutomation\\beautytapAuto\\Beautytap\\Reports\\Regression\\20180928_183104\\1538135420114.png, E:\\BeautytapAutomation\\beautytapAuto\\Beautytap\\Reports\\Regression\\20180928_183104\\1538135503398.png, E:\\BeautytapAutomation\\beautytapAuto\\Beautytap\\Reports\\Regression\\20180928_183104\\1538135540443.png, E:\\BeautytapAutomation\\beautytapAuto\\Beautytap\\Reports\\Regression\\20180928_183104\\1538135564576.png, E:\\BeautytapAutomation\\beautytapAuto\\Beautytap\\Reports\\Regression\\20180928_183104\\1538135686602.png, E:\\BeautytapAutomation\\beautytapAuto\\Beautytap\\Reports\\Regression\\20180928_183104\\1538135752119.png, E:\\BeautytapAutomation\\beautytapAuto\\Beautytap\\Reports\\Regression\\20180928_183104\\1538135827171.png, E:\\BeautytapAutomation\\beautytapAuto\\Beautytap\\Reports\\Regression\\20180928_183104\\1538135880063.png, E:\\BeautytapAutomation\\beautytapAuto\\Beautytap\\Reports\\Regression\\20180928_183104\\1538135905950.png, E:\\BeautytapAutomation\\beautytapAuto\\Beautytap\\Reports\\Regression\\20180928_183104\\1538136087452.png, E:\\BeautytapAutomation\\beautytapAuto\\Beautytap\\Reports\\Regression\\20180928_183104\\1538137755153.png"/>
         <property name="hostName" value="Trang Nguyen - 192.168.1.8"/>
         <property name="os" value="Windows 10 64bit"/>
         <property name="katalonVersion" value="5.5.0.1"/>
         <property name="browser" value="Chrome 69.0.3497.100"/>
         <property name="hostAddress" value="192.168.1.8"/>
         <property name="sessionId" value="d7b2ffb2167536c7044a32d83c962f82"/>
         <property name="seleniumVersion" value="3.7.1"/>
         <property name="proxyInformation" value="ProxyInformation{proxyOption=NO_PROXY, proxyServerType=HTTP, password=, proxyServerAddress=, proxyServerPort=0}"/>
         <property name="platform" value="Windows 10"/>
      </properties>
      <testcase name="Test Cases/SignUp_Login_ResetPass/TC01_SignUp_Login_ResetPassword_Via_Email" classname="Test Cases/SignUp_Login_ResetPass/TC01_SignUp_Login_ResetPassword_Via_Email" status="PASSED">
         <system-out><![CDATA[2018-09-28 18:31:07 - [TEST_CASE][PASSED] - Test Cases/SignUp_Login_ResetPass/TC01_SignUp_Login_ResetPassword_Via_Email: Test Cases/SignUp_Login_ResetPass/TC01_SignUp_Login_ResetPassword_Via_Email

2018-09-28 18:31:08 - [TEST_STEP][PASSED] - Statement - r_string = new java.lang.Math().random().toString().substring(2, 8): null

2018-09-28 18:31:08 - [TEST_STEP][PASSED] - Statement - username = "auto" + r_string: null

2018-09-28 18:31:08 - [TEST_STEP][PASSED] - Statement - email = username + "@mailinator.com": null

2018-09-28 18:31:08 - [TEST_STEP][PASSED] - Statement - password = "123456": null

2018-09-28 18:31:08 - [TEST_STEP][PASSED] - Statement - newpassword = "test123": null

2018-09-28 18:31:08 - [TEST_STEP][PASSED] - Statement - name = "Auto User " + r_string: null

2018-09-28 18:31:08 - [TEST_STEP][PASSED] - Statement - birthday = "01/01/1990": null

2018-09-28 18:31:08 - [TEST_STEP][PASSED] - Statement - activation_subject = SITE_TITLE + " Activate your account": null

2018-09-28 18:31:08 - [TEST_STEP][PASSED] - Statement - resetpass_subject = SITE_TITLE + " Password Reset": null

2018-09-28 18:31:08 - [TEST_STEP][PASSED] - beautytap.GeneralAction.openBeautytap: beautytap.GeneralAction.openBeautytap is PASSED

2018-09-28 18:31:24 - [MESSAGE][PASSED] - Browser is opened with url: 'https://stage.beautytap.com'

2018-09-28 18:31:25 - [MESSAGE][PASSED] - Current window maximized

2018-09-28 18:31:29 - [MESSAGE][PASSED] - Refresh successfully

2018-09-28 18:31:29 - [MESSAGE][PASSED] - Wait for page load successfully

2018-09-28 18:31:29 - [MESSAGE][PASSED] - beautytap.GeneralAction.openBeautytap is PASSED

2018-09-28 18:31:29 - [TEST_STEP][PASSED] - beautytap.GeneralAction.clickNavigationMenu: beautytap.GeneralAction.clickNavigationMenu is PASSED

2018-09-28 18:31:32 - [MESSAGE][PASSED] - Object: 'Object Repository/Page_General/link_signup' is clicked on

2018-09-28 18:31:32 - [MESSAGE][PASSED] - Wait for page load successfully

2018-09-28 18:31:32 - [MESSAGE][PASSED] - beautytap.GeneralAction.clickNavigationMenu is PASSED

2018-09-28 18:31:32 - [TEST_STEP][PASSED] - beautytap.GeneralAction.signup: beautytap.GeneralAction.signup is PASSED

2018-09-28 18:31:32 - [MESSAGE][PASSED] - Keys 'auto606094' sent to object: 'Object Repository/Page_Signup/txt_username'

2018-09-28 18:31:32 - [MESSAGE][PASSED] - Keys 'auto606094@mailinator.com' sent to object: 'Object Repository/Page_Signup/txt_email'

2018-09-28 18:31:33 - [MESSAGE][PASSED] - Keys '123456' sent to object: 'Object Repository/Page_Signup/txt_password'

2018-09-28 18:31:33 - [MESSAGE][PASSED] - Keys 'Auto User 606094' sent to object: 'Object Repository/Page_Signup/txt_name'

2018-09-28 18:31:33 - [MESSAGE][PASSED] - Keys '01/01/1990' sent to object: 'Object Repository/Page_Signup/txt_birthday'

2018-09-28 18:31:34 - [MESSAGE][PASSED] - Object: 'Object Repository/Page_Signup/btn_signup' is clicked on

2018-09-28 18:31:34 - [MESSAGE][PASSED] - Wait for page load successfully

2018-09-28 18:31:34 - [MESSAGE][PASSED] - beautytap.GeneralAction.signup is PASSED

2018-09-28 18:31:34 - [TEST_STEP][PASSED] - verifyElementPresent: Object 'Object Repository/Page_Signup/lbl_sucessMessage' is present

2018-09-28 18:31:39 - [MESSAGE][PASSED] - Object 'Object Repository/Page_Signup/lbl_sucessMessage' is present

2018-09-28 18:31:39 - [TEST_STEP][PASSED] - beautytap.GeneralAction.openMailBox: beautytap.GeneralAction.openMailBox is PASSED

2018-09-28 18:31:42 - [MESSAGE][PASSED] - Navigate to 'https://www.mailinator.com' successfully

2018-09-28 18:31:42 - [MESSAGE][PASSED] - Wait for page load successfully

2018-09-28 18:31:42 - [MESSAGE][PASSED] - Keys 'auto606094' sent to object: 'Object Repository/Page_mailinator/txt_email'

2018-09-28 18:31:46 - [MESSAGE][PASSED] - Object: 'Object Repository/Page_mailinator/btn_go' is clicked on

2018-09-28 18:31:46 - [MESSAGE][PASSED] - Wait for page load successfully

2018-09-28 18:31:51 - [MESSAGE][PASSED] - Delayed 5 second(s)

2018-09-28 18:31:51 - [MESSAGE][PASSED] - beautytap.GeneralAction.openMailBox is PASSED

2018-09-28 18:31:51 - [TEST_STEP][PASSED] - beautytap.GeneralAction.verifyEmailExist: beautytap.GeneralAction.verifyEmailExist is PASSED

2018-09-28 18:31:51 - [MESSAGE][PASSED] - Object '' is present

2018-09-28 18:31:51 - [MESSAGE][PASSED] - beautytap.GeneralAction.verifyEmailExist is PASSED

2018-09-28 18:31:51 - [TEST_STEP][PASSED] - beautytap.GeneralAction.openEmail: beautytap.GeneralAction.openEmail is PASSED

2018-09-28 18:31:51 - [MESSAGE][PASSED] - Object: '' is clicked on

2018-09-28 18:31:51 - [MESSAGE][PASSED] - beautytap.GeneralAction.openEmail is PASSED

2018-09-28 18:31:51 - [TEST_STEP][PASSED] - beautytap.GeneralAction.clickEmailLink: beautytap.GeneralAction.clickEmailLink is PASSED

2018-09-28 18:31:52 - [MESSAGE][PASSED] - Text of object '' is: 'https://stage.beautytap.com/activate/bT1qjjNLetXviXpeuReE60jYYCAdNcSs/'

2018-09-28 18:32:05 - [MESSAGE][PASSED] - Navigate to 'https://stage.beautytap.com/activate/bT1qjjNLetXviXpeuReE60jYYCAdNcSs/' successfully

2018-09-28 18:32:05 - [MESSAGE][PASSED] - beautytap.GeneralAction.clickEmailLink is PASSED

2018-09-28 18:32:05 - [TEST_STEP][PASSED] - waitForPageLoad: Wait for page load successfully

2018-09-28 18:32:05 - [MESSAGE][PASSED] - Wait for page load successfully

2018-09-28 18:32:05 - [TEST_STEP][PASSED] - verifyElementPresent: Object 'Object Repository/Page_General/lbl_activeSuccessMessage' is present

2018-09-28 18:32:05 - [MESSAGE][PASSED] - Object 'Object Repository/Page_General/lbl_activeSuccessMessage' is present

2018-09-28 18:32:05 - [TEST_STEP][PASSED] - beautytap.GeneralAction.clickNavigationMenu: beautytap.GeneralAction.clickNavigationMenu is PASSED

2018-09-28 18:32:07 - [MESSAGE][PASSED] - Object: 'Object Repository/Page_General/link_login' is clicked on

2018-09-28 18:32:07 - [MESSAGE][PASSED] - Wait for page load successfully

2018-09-28 18:32:07 - [MESSAGE][PASSED] - beautytap.GeneralAction.clickNavigationMenu is PASSED

2018-09-28 18:32:07 - [TEST_STEP][PASSED] - beautytap.GeneralAction.login: beautytap.GeneralAction.login is PASSED

2018-09-28 18:32:07 - [MESSAGE][PASSED] - Text of object 'Object Repository/Page_login/txt_username' is cleared

2018-09-28 18:32:07 - [MESSAGE][PASSED] - Keys 'auto606094' sent to object: 'Object Repository/Page_login/txt_username'

2018-09-28 18:32:07 - [MESSAGE][PASSED] - Text of object 'Object Repository/Page_login/txt_password' is cleared

2018-09-28 18:32:08 - [MESSAGE][PASSED] - Keys '123456' sent to object: 'Object Repository/Page_login/txt_password'

2018-09-28 18:32:08 - [MESSAGE][PASSED] - Object: 'Object Repository/Page_login/btn_login' is clicked on

2018-09-28 18:32:08 - [MESSAGE][PASSED] - Wait for page load successfully

2018-09-28 18:32:08 - [MESSAGE][PASSED] - beautytap.GeneralAction.login is PASSED

2018-09-28 18:32:08 - [TEST_STEP][PASSED] - verifyElementPresent: Object 'Object Repository/Page_General/link_avatar' is present

2018-09-28 18:32:16 - [MESSAGE][PASSED] - Object 'Object Repository/Page_General/link_avatar' is present

2018-09-28 18:32:16 - [TEST_STEP][PASSED] - beautytap.GeneralAction.logout: beautytap.GeneralAction.logout is PASSED

2018-09-28 18:32:16 - [MESSAGE][PASSED] - Object: 'Object Repository/Page_General/link_avatar' is clicked on

2018-09-28 18:32:16 - [MESSAGE][PASSED] - Object 'Object Repository/Page_General/menu_logout' is present

2018-09-28 18:32:16 - [MESSAGE][PASSED] - Object: 'Object Repository/Page_General/menu_logout' is clicked on

2018-09-28 18:32:16 - [MESSAGE][PASSED] - Wait for page load successfully

2018-09-28 18:32:16 - [MESSAGE][PASSED] - beautytap.GeneralAction.logout is PASSED

2018-09-28 18:32:16 - [TEST_STEP][PASSED] - beautytap.GeneralAction.clickNavigationMenu: beautytap.GeneralAction.clickNavigationMenu is PASSED

2018-09-28 18:32:22 - [MESSAGE][PASSED] - Object: 'Object Repository/Page_General/link_login' is clicked on

2018-09-28 18:32:22 - [MESSAGE][PASSED] - Wait for page load successfully

2018-09-28 18:32:22 - [MESSAGE][PASSED] - beautytap.GeneralAction.clickNavigationMenu is PASSED

2018-09-28 18:32:22 - [TEST_STEP][PASSED] - beautytap.GeneralAction.login: beautytap.GeneralAction.login is PASSED

2018-09-28 18:32:22 - [MESSAGE][PASSED] - Text of object 'Object Repository/Page_login/txt_username' is cleared

2018-09-28 18:32:23 - [MESSAGE][PASSED] - Keys 'auto606094@mailinator.com' sent to object: 'Object Repository/Page_login/txt_username'

2018-09-28 18:32:23 - [MESSAGE][PASSED] - Text of object 'Object Repository/Page_login/txt_password' is cleared

2018-09-28 18:32:23 - [MESSAGE][PASSED] - Keys '123456' sent to object: 'Object Repository/Page_login/txt_password'

2018-09-28 18:32:23 - [MESSAGE][PASSED] - Object: 'Object Repository/Page_login/btn_login' is clicked on

2018-09-28 18:32:23 - [MESSAGE][PASSED] - Wait for page load successfully

2018-09-28 18:32:23 - [MESSAGE][PASSED] - beautytap.GeneralAction.login is PASSED

2018-09-28 18:32:23 - [TEST_STEP][PASSED] - verifyElementPresent: Object 'Object Repository/Page_General/link_avatar' is present

2018-09-28 18:32:31 - [MESSAGE][PASSED] - Object 'Object Repository/Page_General/link_avatar' is present

2018-09-28 18:32:31 - [TEST_STEP][PASSED] - beautytap.GeneralAction.logout: beautytap.GeneralAction.logout is PASSED

2018-09-28 18:32:31 - [MESSAGE][PASSED] - Object: 'Object Repository/Page_General/link_avatar' is clicked on

2018-09-28 18:32:31 - [MESSAGE][PASSED] - Object 'Object Repository/Page_General/menu_logout' is present

2018-09-28 18:32:32 - [MESSAGE][PASSED] - Object: 'Object Repository/Page_General/menu_logout' is clicked on

2018-09-28 18:32:32 - [MESSAGE][PASSED] - Wait for page load successfully

2018-09-28 18:32:32 - [MESSAGE][PASSED] - beautytap.GeneralAction.logout is PASSED

2018-09-28 18:32:32 - [TEST_STEP][PASSED] - beautytap.GeneralAction.clickNavigationMenu: beautytap.GeneralAction.clickNavigationMenu is PASSED

2018-09-28 18:32:38 - [MESSAGE][PASSED] - Object: 'Object Repository/Page_General/link_login' is clicked on

2018-09-28 18:32:38 - [MESSAGE][PASSED] - Wait for page load successfully

2018-09-28 18:32:38 - [MESSAGE][PASSED] - beautytap.GeneralAction.clickNavigationMenu is PASSED

2018-09-28 18:32:38 - [TEST_STEP][PASSED] - click: Object: 'Object Repository/Page_Login/link_forgotPassword' is clicked on

2018-09-28 18:32:40 - [MESSAGE][PASSED] - Object: 'Object Repository/Page_Login/link_forgotPassword' is clicked on

2018-09-28 18:32:40 - [TEST_STEP][PASSED] - sendKeys: Keys 'auto606094' sent to object: 'Object Repository/Page_ForgotPassword/txt_usernameOrEmail'

2018-09-28 18:32:40 - [MESSAGE][PASSED] - Keys 'auto606094' sent to object: 'Object Repository/Page_ForgotPassword/txt_usernameOrEmail'

2018-09-28 18:32:40 - [TEST_STEP][PASSED] - click: Object: 'Object Repository/Page_ForgotPassword/btn_forgotPassword' is clicked on

2018-09-28 18:32:40 - [MESSAGE][PASSED] - Object: 'Object Repository/Page_ForgotPassword/btn_forgotPassword' is clicked on

2018-09-28 18:32:40 - [TEST_STEP][PASSED] - verifyElementPresent: Object 'Object Repository/Page_ForgotPassword/lbl_sucessMessage' is present

2018-09-28 18:32:44 - [MESSAGE][PASSED] - Object 'Object Repository/Page_ForgotPassword/lbl_sucessMessage' is present

2018-09-28 18:32:44 - [TEST_STEP][PASSED] - beautytap.GeneralAction.openMailBox: beautytap.GeneralAction.openMailBox is PASSED

2018-09-28 18:32:45 - [MESSAGE][PASSED] - Navigate to 'https://www.mailinator.com' successfully

2018-09-28 18:32:45 - [MESSAGE][PASSED] - Wait for page load successfully

2018-09-28 18:32:45 - [MESSAGE][PASSED] - Keys 'auto606094' sent to object: 'Object Repository/Page_mailinator/txt_email'

2018-09-28 18:32:47 - [MESSAGE][PASSED] - Object: 'Object Repository/Page_mailinator/btn_go' is clicked on

2018-09-28 18:32:47 - [MESSAGE][PASSED] - Wait for page load successfully

2018-09-28 18:32:52 - [MESSAGE][PASSED] - Delayed 5 second(s)

2018-09-28 18:32:52 - [MESSAGE][PASSED] - beautytap.GeneralAction.openMailBox is PASSED

2018-09-28 18:32:52 - [TEST_STEP][PASSED] - beautytap.GeneralAction.verifyEmailExist: beautytap.GeneralAction.verifyEmailExist is PASSED

2018-09-28 18:32:52 - [MESSAGE][PASSED] - Object '' is present

2018-09-28 18:32:52 - [MESSAGE][PASSED] - beautytap.GeneralAction.verifyEmailExist is PASSED

2018-09-28 18:32:52 - [TEST_STEP][PASSED] - beautytap.GeneralAction.openEmail: beautytap.GeneralAction.openEmail is PASSED

2018-09-28 18:32:52 - [MESSAGE][PASSED] - Object: '' is clicked on

2018-09-28 18:32:52 - [MESSAGE][PASSED] - beautytap.GeneralAction.openEmail is PASSED

2018-09-28 18:32:52 - [TEST_STEP][PASSED] - beautytap.GeneralAction.clickEmailLink: beautytap.GeneralAction.clickEmailLink is PASSED

2018-09-28 18:32:53 - [MESSAGE][PASSED] - Text of object '' is: 'https://stage.beautytap.com/wp-login.php?action=rp&key=QwOZRLUClZyWL7vUXRd5&login=auto606094'

2018-09-28 18:32:56 - [MESSAGE][PASSED] - Navigate to 'https://stage.beautytap.com/wp-login.php?action=rp&key=QwOZRLUClZyWL7vUXRd5&login=auto606094' successfully

2018-09-28 18:32:56 - [MESSAGE][PASSED] - beautytap.GeneralAction.clickEmailLink is PASSED

2018-09-28 18:32:56 - [TEST_STEP][PASSED] - delay: Delayed 20 second(s)

2018-09-28 18:33:16 - [MESSAGE][PASSED] - Delayed 20 second(s)

2018-09-28 18:33:16 - [TEST_STEP][PASSED] - clearText: Text of object 'Object Repository/Page_ForgotPassword/txt_newPassword' is cleared

2018-09-28 18:33:16 - [MESSAGE][PASSED] - Text of object 'Object Repository/Page_ForgotPassword/txt_newPassword' is cleared

2018-09-28 18:33:16 - [TEST_STEP][PASSED] - sendKeys: Keys 'test123' sent to object: 'Object Repository/Page_ForgotPassword/txt_newPassword'

2018-09-28 18:33:16 - [MESSAGE][PASSED] - Keys 'test123' sent to object: 'Object Repository/Page_ForgotPassword/txt_newPassword'

2018-09-28 18:33:16 - [TEST_STEP][PASSED] - click: Object: 'Object Repository/Page_ForgotPassword/btn_resetPassword' is clicked on

2018-09-28 18:33:21 - [MESSAGE][PASSED] - Object: 'Object Repository/Page_ForgotPassword/btn_resetPassword' is clicked on

2018-09-28 18:33:21 - [TEST_STEP][PASSED] - verifyElementPresent: Object 'Object Repository/Page_ForgotPassword/lbl_resetPasswordMessage' is present

2018-09-28 18:33:21 - [MESSAGE][PASSED] - Object 'Object Repository/Page_ForgotPassword/lbl_resetPasswordMessage' is present

2018-09-28 18:33:21 - [TEST_STEP][PASSED] - beautytap.GeneralAction.clickNavigationMenu: beautytap.GeneralAction.clickNavigationMenu is PASSED

2018-09-28 18:33:23 - [MESSAGE][PASSED] - Object: 'Object Repository/Page_General/link_login' is clicked on

2018-09-28 18:33:23 - [MESSAGE][PASSED] - Wait for page load successfully

2018-09-28 18:33:23 - [MESSAGE][PASSED] - beautytap.GeneralAction.clickNavigationMenu is PASSED

2018-09-28 18:33:23 - [TEST_STEP][PASSED] - beautytap.GeneralAction.login: beautytap.GeneralAction.login is PASSED

2018-09-28 18:33:24 - [MESSAGE][PASSED] - Text of object 'Object Repository/Page_login/txt_username' is cleared

2018-09-28 18:33:24 - [MESSAGE][PASSED] - Keys 'auto606094' sent to object: 'Object Repository/Page_login/txt_username'

2018-09-28 18:33:24 - [MESSAGE][PASSED] - Text of object 'Object Repository/Page_login/txt_password' is cleared

2018-09-28 18:33:24 - [MESSAGE][PASSED] - Keys '123456' sent to object: 'Object Repository/Page_login/txt_password'

2018-09-28 18:33:24 - [MESSAGE][PASSED] - Object: 'Object Repository/Page_login/btn_login' is clicked on

2018-09-28 18:33:24 - [MESSAGE][PASSED] - Wait for page load successfully

2018-09-28 18:33:24 - [MESSAGE][PASSED] - beautytap.GeneralAction.login is PASSED

2018-09-28 18:33:24 - [TEST_STEP][PASSED] - verifyElementText: Actual text and expected text of test object 'Object Repository/Page_Login/lbl_errorMessage' are matched.

2018-09-28 18:33:25 - [MESSAGE][PASSED] - Actual text and expected text of test object 'Object Repository/Page_Login/lbl_errorMessage' are matched.

2018-09-28 18:33:25 - [TEST_STEP][PASSED] - beautytap.GeneralAction.login: beautytap.GeneralAction.login is PASSED

2018-09-28 18:33:25 - [MESSAGE][PASSED] - Text of object 'Object Repository/Page_login/txt_username' is cleared

2018-09-28 18:33:25 - [MESSAGE][PASSED] - Keys 'auto606094' sent to object: 'Object Repository/Page_login/txt_username'

2018-09-28 18:33:25 - [MESSAGE][PASSED] - Text of object 'Object Repository/Page_login/txt_password' is cleared

2018-09-28 18:33:25 - [MESSAGE][PASSED] - Keys 'test123' sent to object: 'Object Repository/Page_login/txt_password'

2018-09-28 18:33:25 - [MESSAGE][PASSED] - Object: 'Object Repository/Page_login/btn_login' is clicked on

2018-09-28 18:33:25 - [MESSAGE][PASSED] - Wait for page load successfully

2018-09-28 18:33:25 - [MESSAGE][PASSED] - beautytap.GeneralAction.login is PASSED

2018-09-28 18:33:25 - [TEST_STEP][PASSED] - verifyElementPresent: Object 'Object Repository/Page_General/link_avatar' is present

2018-09-28 18:33:33 - [MESSAGE][PASSED] - Object 'Object Repository/Page_General/link_avatar' is present

2018-09-28 18:33:33 - [TEST_STEP][PASSED] - beautytap.GeneralAction.logout: beautytap.GeneralAction.logout is PASSED

2018-09-28 18:33:33 - [MESSAGE][PASSED] - Object: 'Object Repository/Page_General/link_avatar' is clicked on

2018-09-28 18:33:33 - [MESSAGE][PASSED] - Object 'Object Repository/Page_General/menu_logout' is present

2018-09-28 18:33:34 - [MESSAGE][PASSED] - Object: 'Object Repository/Page_General/menu_logout' is clicked on

2018-09-28 18:33:34 - [MESSAGE][PASSED] - Wait for page load successfully

2018-09-28 18:33:34 - [MESSAGE][PASSED] - beautytap.GeneralAction.logout is PASSED

2018-09-28 18:33:34 - [TEST_STEP][PASSED] - beautytap.GeneralAction.clickNavigationMenu: beautytap.GeneralAction.clickNavigationMenu is PASSED

2018-09-28 18:33:40 - [MESSAGE][PASSED] - Object: 'Object Repository/Page_General/link_login' is clicked on

2018-09-28 18:33:40 - [MESSAGE][PASSED] - Wait for page load successfully

2018-09-28 18:33:40 - [MESSAGE][PASSED] - beautytap.GeneralAction.clickNavigationMenu is PASSED

2018-09-28 18:33:40 - [TEST_STEP][PASSED] - beautytap.GeneralAction.login: beautytap.GeneralAction.login is PASSED

2018-09-28 18:33:40 - [MESSAGE][PASSED] - Text of object 'Object Repository/Page_login/txt_username' is cleared

2018-09-28 18:33:40 - [MESSAGE][PASSED] - Keys 'auto606094@mailinator.com' sent to object: 'Object Repository/Page_login/txt_username'

2018-09-28 18:33:40 - [MESSAGE][PASSED] - Text of object 'Object Repository/Page_login/txt_password' is cleared

2018-09-28 18:33:41 - [MESSAGE][PASSED] - Keys 'test123' sent to object: 'Object Repository/Page_login/txt_password'

2018-09-28 18:33:41 - [MESSAGE][PASSED] - Object: 'Object Repository/Page_login/btn_login' is clicked on

2018-09-28 18:33:41 - [MESSAGE][PASSED] - Wait for page load successfully

2018-09-28 18:33:41 - [MESSAGE][PASSED] - beautytap.GeneralAction.login is PASSED

2018-09-28 18:33:41 - [TEST_STEP][PASSED] - verifyElementPresent: Object 'Object Repository/Page_General/link_avatar' is present

2018-09-28 18:33:48 - [MESSAGE][PASSED] - Object 'Object Repository/Page_General/link_avatar' is present

2018-09-28 18:33:48 - [TEST_STEP][PASSED] - beautytap.GeneralAction.logout: beautytap.GeneralAction.logout is PASSED

2018-09-28 18:33:49 - [MESSAGE][PASSED] - Object: 'Object Repository/Page_General/link_avatar' is clicked on

2018-09-28 18:33:49 - [MESSAGE][PASSED] - Object 'Object Repository/Page_General/menu_logout' is present

2018-09-28 18:33:49 - [MESSAGE][PASSED] - Object: 'Object Repository/Page_General/menu_logout' is clicked on

2018-09-28 18:33:49 - [MESSAGE][PASSED] - Wait for page load successfully

2018-09-28 18:33:50 - [MESSAGE][PASSED] - Browser is closed

2018-09-28 18:33:50 - [MESSAGE][PASSED] - beautytap.GeneralAction.logout is PASSED]]></system-out>
         <system-err><![CDATA[]]></system-err>
      </testcase>
      <testcase name="Test Cases/SignUp_Login_ResetPass/TC02_SignUp_Login_ViaFacebookEmail_NewUser_OldUser" classname="Test Cases/SignUp_Login_ResetPass/TC02_SignUp_Login_ViaFacebookEmail_NewUser_OldUser" status="PASSED">
         <system-out><![CDATA[2018-09-28 18:33:52 - [TEST_CASE][PASSED] - Test Cases/SignUp_Login_ResetPass/TC02_SignUp_Login_ViaFacebookEmail_NewUser_OldUser: Test Cases/SignUp_Login_ResetPass/TC02_SignUp_Login_ViaFacebookEmail_NewUser_OldUser

2018-09-28 18:33:53 - [TEST_STEP][PASSED] - beautytap.AdminAction.deleteUser: beautytap.AdminAction.deleteUser is PASSED

2018-09-28 18:33:59 - [MESSAGE][PASSED] - Browser is opened with url: 'https://stage.beautytap.com/login'

2018-09-28 18:34:00 - [MESSAGE][PASSED] - Current window maximized

2018-09-28 18:34:01 - [MESSAGE][PASSED] - Text of object 'Object Repository/Page_login/txt_username' is cleared

2018-09-28 18:34:01 - [MESSAGE][PASSED] - Keys 'mrwhite' sent to object: 'Object Repository/Page_login/txt_username'

2018-09-28 18:34:01 - [MESSAGE][PASSED] - Text of object 'Object Repository/Page_login/txt_password' is cleared

2018-09-28 18:34:01 - [MESSAGE][PASSED] - Keys 'kgySM$Im' sent to object: 'Object Repository/Page_login/txt_password'

2018-09-28 18:34:01 - [MESSAGE][PASSED] - Object: 'Object Repository/Page_login/btn_login' is clicked on

2018-09-28 18:34:01 - [MESSAGE][PASSED] - Wait for page load successfully

2018-09-28 18:34:01 - [MESSAGE][PASSED] - Wait for page load successfully

2018-09-28 18:34:08 - [MESSAGE][PASSED] - Navigate to 'https://stage.beautytap.com/admin' successfully

2018-09-28 18:34:08 - [MESSAGE][PASSED] - Wait for page load successfully

2018-09-28 18:34:15 - [MESSAGE][PASSED] - Object: 'Object Repository/Page_Admin/menu_users' is clicked on

2018-09-28 18:34:15 - [MESSAGE][PASSED] - Wait for page load successfully

2018-09-28 18:34:15 - [MESSAGE][PASSED] - Text of object 'Object Repository/Page_Admin/txt_searchUser' is cleared

2018-09-28 18:34:15 - [MESSAGE][PASSED] - Keys 'g5.posiba@gmail.com' sent to object: 'Object Repository/Page_Admin/txt_searchUser'

2018-09-28 18:34:18 - [MESSAGE][PASSED] - Object: 'Object Repository/Page_Admin/btn_searchUser' is clicked on

2018-09-28 18:34:18 - [MESSAGE][PASSED] - Wait for page load successfully

2018-09-28 18:34:18 - [MESSAGE][PASSED] - Text of object '' is: 'g5.posiba@gmail.com'

2018-09-28 18:34:18 - [MESSAGE][PASSED] - Attribute 'id' of object '' is: 'user-64405'

2018-09-28 18:34:18 - [MESSAGE][PASSED] - Object: '' is hovered

2018-09-28 18:34:23 - [MESSAGE][PASSED] - Delayed 5 second(s)

2018-09-28 18:34:25 - [MESSAGE][PASSED] - Object: '' is clicked on

2018-09-28 18:34:26 - [MESSAGE][FAILED] - No alert found
[[ATTACHMENT|E:\\BeautytapAutomation\\beautytapAuto\\Beautytap\\Reports\\Regression\\20180928_183104\\1538134465903.png]]

2018-09-28 18:34:26 - [MESSAGE][FAILED] - Unable to accept alert (Root cause: No alert found)
[[ATTACHMENT|E:\\BeautytapAutomation\\beautytapAuto\\Beautytap\\Reports\\Regression\\20180928_183104\\1538134466206.png]]

2018-09-28 18:34:27 - [MESSAGE][PASSED] - Browser is closed

2018-09-28 18:34:27 - [MESSAGE][PASSED] - beautytap.AdminAction.deleteUser is PASSED

2018-09-28 18:34:27 - [TEST_STEP][PASSED] - beautytap.GeneralAction.openBeautytap: beautytap.GeneralAction.openBeautytap is PASSED

2018-09-28 18:34:40 - [MESSAGE][PASSED] - Browser is opened with url: 'https://stage.beautytap.com'

2018-09-28 18:34:41 - [MESSAGE][PASSED] - Current window maximized

2018-09-28 18:34:45 - [MESSAGE][PASSED] - Refresh successfully

2018-09-28 18:34:45 - [MESSAGE][PASSED] - Wait for page load successfully

2018-09-28 18:34:45 - [MESSAGE][PASSED] - beautytap.GeneralAction.openBeautytap is PASSED

2018-09-28 18:34:45 - [TEST_STEP][PASSED] - beautytap.GeneralAction.clickNavigationMenu: beautytap.GeneralAction.clickNavigationMenu is PASSED

2018-09-28 18:34:47 - [MESSAGE][PASSED] - Object: 'Object Repository/Page_General/link_signup' is clicked on

2018-09-28 18:34:47 - [MESSAGE][PASSED] - Wait for page load successfully

2018-09-28 18:34:47 - [MESSAGE][PASSED] - beautytap.GeneralAction.clickNavigationMenu is PASSED

2018-09-28 18:34:47 - [TEST_STEP][PASSED] - beautytap.GeneralAction.signupViaFacebook: beautytap.GeneralAction.signupViaFacebook is PASSED

2018-09-28 18:34:47 - [MESSAGE][PASSED] - Object: 'Object Repository/Page_Signup/btn_signupFB' is clicked on

2018-09-28 18:34:47 - [MESSAGE][PASSED] - Switched to window with index: '1'

2018-09-28 18:34:49 - [MESSAGE][PASSED] - Keys 'g5.posiba@gmail.com' sent to object: 'Object Repository/Popup_FacebookLogin/txt_email'

2018-09-28 18:34:49 - [MESSAGE][PASSED] - Keys 'posiba123' sent to object: 'Object Repository/Popup_FacebookLogin/txt_password'

2018-09-28 18:34:50 - [MESSAGE][PASSED] - Object: 'Object Repository/Popup_FacebookLogin/btn_login' is clicked on

2018-09-28 18:34:52 - [MESSAGE][WARNING] - Cannot take screenshot

2018-09-28 18:34:52 - [MESSAGE][FAILED] - Unable to get text of object 'Object Repository/Popup_FacebookLogin/btn_confirmPermission' (Root cause: org.openqa.selenium.NoSuchWindowException: no such window: window was already closed
  (Session info: chrome=69.0.3497.100)
  (Driver info: chromedriver=2.35.528161 (5b82f2d2aae0ca24b877009200ced9065a772e73),platform=Windows NT 10.0.17134 x86_64) (WARNING: The server did not provide any stacktrace information)
Command duration or timeout: 0 milliseconds
Build info: version: '3.7.1', revision: '8a0099a', time: '2017-11-06T21:07:36.161Z'
System info: host: 'DESKTOP-G1UHP65', ip: '192.168.1.8', os.name: 'Windows 10', os.arch: 'amd64', os.version: '10.0', java.version: '1.8.0_102'
Driver info: com.kms.katalon.selenium.driver.CChromeDriver
Capabilities {acceptInsecureCerts: false, acceptSslCerts: false, applicationCacheEnabled: false, browserConnectionEnabled: false, browserName: chrome, chrome: {chromedriverVersion: 2.35.528161 (5b82f2d2aae0ca..., userDataDir: C:\Users\TRANGN~1\AppData\L...}, cssSelectorsEnabled: true, databaseEnabled: false, handlesAlerts: true, hasTouchScreen: false, javascriptEnabled: true, locationContextEnabled: true, mobileEmulationEnabled: false, nativeEvents: true, networkConnectionEnabled: false, pageLoadStrategy: normal, platform: XP, platformName: XP, rotatable: false, setWindowRect: true, takesHeapSnapshot: true, takesScreenshot: true, unexpectedAlertBehaviour: , unhandledPromptBehavior: , version: 69.0.3497.100, webStorageEnabled: true}
Session ID: fc6c27c2d9a2b87c636063b714fbe7a3
*** Element info: {Using=xpath, value=//button[contains(@class,'layerConfirm') and contains(@name,'CONFIRM')]})

2018-09-28 18:34:52 - [MESSAGE][PASSED] - Switched to window with index: '0'

2018-09-28 18:35:07 - [MESSAGE][PASSED] - Delayed 15 second(s)

2018-09-28 18:35:07 - [MESSAGE][PASSED] - Wait for page load successfully

2018-09-28 18:35:07 - [MESSAGE][PASSED] - beautytap.GeneralAction.signupViaFacebook is PASSED

2018-09-28 18:35:07 - [TEST_STEP][PASSED] - verifyElementPresent: Object 'Object Repository/Page_General/link_avatar' is present

2018-09-28 18:35:08 - [MESSAGE][PASSED] - Object 'Object Repository/Page_General/link_avatar' is present

2018-09-28 18:35:08 - [TEST_STEP][PASSED] - beautytap.GeneralAction.logout: beautytap.GeneralAction.logout is PASSED

2018-09-28 18:35:08 - [MESSAGE][PASSED] - Object: 'Object Repository/Page_General/link_avatar' is clicked on

2018-09-28 18:35:08 - [MESSAGE][PASSED] - Object 'Object Repository/Page_General/menu_logout' is present

2018-09-28 18:35:08 - [MESSAGE][PASSED] - Object: 'Object Repository/Page_General/menu_logout' is clicked on

2018-09-28 18:35:08 - [MESSAGE][PASSED] - Wait for page load successfully

2018-09-28 18:35:09 - [MESSAGE][PASSED] - Browser is closed

2018-09-28 18:35:09 - [MESSAGE][PASSED] - beautytap.GeneralAction.logout is PASSED

2018-09-28 18:35:09 - [TEST_STEP][PASSED] - beautytap.AdminAction.deleteUser: beautytap.AdminAction.deleteUser is PASSED

2018-09-28 18:35:17 - [MESSAGE][PASSED] - Browser is opened with url: 'https://stage.beautytap.com/login'

2018-09-28 18:35:19 - [MESSAGE][PASSED] - Current window maximized

2018-09-28 18:35:19 - [MESSAGE][PASSED] - Text of object 'Object Repository/Page_login/txt_username' is cleared

2018-09-28 18:35:19 - [MESSAGE][PASSED] - Keys 'mrwhite' sent to object: 'Object Repository/Page_login/txt_username'

2018-09-28 18:35:19 - [MESSAGE][PASSED] - Text of object 'Object Repository/Page_login/txt_password' is cleared

2018-09-28 18:35:19 - [MESSAGE][PASSED] - Keys 'kgySM$Im' sent to object: 'Object Repository/Page_login/txt_password'

2018-09-28 18:35:19 - [MESSAGE][PASSED] - Object: 'Object Repository/Page_login/btn_login' is clicked on

2018-09-28 18:35:19 - [MESSAGE][PASSED] - Wait for page load successfully

2018-09-28 18:35:19 - [MESSAGE][PASSED] - Wait for page load successfully

2018-09-28 18:35:26 - [MESSAGE][PASSED] - Navigate to 'https://stage.beautytap.com/admin' successfully

2018-09-28 18:35:26 - [MESSAGE][PASSED] - Wait for page load successfully

2018-09-28 18:35:32 - [MESSAGE][PASSED] - Object: 'Object Repository/Page_Admin/menu_users' is clicked on

2018-09-28 18:35:32 - [MESSAGE][PASSED] - Wait for page load successfully

2018-09-28 18:35:32 - [MESSAGE][PASSED] - Text of object 'Object Repository/Page_Admin/txt_searchUser' is cleared

2018-09-28 18:35:33 - [MESSAGE][PASSED] - Keys 'g5.posiba@gmail.com' sent to object: 'Object Repository/Page_Admin/txt_searchUser'

2018-09-28 18:35:36 - [MESSAGE][PASSED] - Object: 'Object Repository/Page_Admin/btn_searchUser' is clicked on

2018-09-28 18:35:36 - [MESSAGE][PASSED] - Wait for page load successfully

2018-09-28 18:35:36 - [MESSAGE][PASSED] - Text of object '' is: 'g5.posiba@gmail.com'

2018-09-28 18:35:36 - [MESSAGE][PASSED] - Attribute 'id' of object '' is: 'user-64405'

2018-09-28 18:35:36 - [MESSAGE][PASSED] - Object: '' is hovered

2018-09-28 18:35:41 - [MESSAGE][PASSED] - Delayed 5 second(s)

2018-09-28 18:35:43 - [MESSAGE][PASSED] - Object: '' is clicked on

2018-09-28 18:35:43 - [MESSAGE][FAILED] - No alert found
[[ATTACHMENT|E:\\BeautytapAutomation\\beautytapAuto\\Beautytap\\Reports\\Regression\\20180928_183104\\1538134543459.png]]

2018-09-28 18:35:44 - [MESSAGE][FAILED] - Unable to accept alert (Root cause: No alert found)
[[ATTACHMENT|E:\\BeautytapAutomation\\beautytapAuto\\Beautytap\\Reports\\Regression\\20180928_183104\\1538134543757.png]]

2018-09-28 18:35:44 - [MESSAGE][PASSED] - Browser is closed

2018-09-28 18:35:44 - [MESSAGE][PASSED] - beautytap.AdminAction.deleteUser is PASSED

2018-09-28 18:35:44 - [TEST_STEP][PASSED] - beautytap.GeneralAction.openBeautytap: beautytap.GeneralAction.openBeautytap is PASSED

2018-09-28 18:35:57 - [MESSAGE][PASSED] - Browser is opened with url: 'https://stage.beautytap.com'

2018-09-28 18:35:58 - [MESSAGE][PASSED] - Current window maximized

2018-09-28 18:36:02 - [MESSAGE][PASSED] - Refresh successfully

2018-09-28 18:36:02 - [MESSAGE][PASSED] - Wait for page load successfully

2018-09-28 18:36:02 - [MESSAGE][PASSED] - beautytap.GeneralAction.openBeautytap is PASSED

2018-09-28 18:36:02 - [TEST_STEP][PASSED] - beautytap.GeneralAction.clickNavigationMenu: beautytap.GeneralAction.clickNavigationMenu is PASSED

2018-09-28 18:36:04 - [MESSAGE][PASSED] - Object: 'Object Repository/Page_General/link_login' is clicked on

2018-09-28 18:36:04 - [MESSAGE][PASSED] - Wait for page load successfully

2018-09-28 18:36:04 - [MESSAGE][PASSED] - beautytap.GeneralAction.clickNavigationMenu is PASSED

2018-09-28 18:36:04 - [TEST_STEP][PASSED] - beautytap.GeneralAction.login: beautytap.GeneralAction.login is PASSED

2018-09-28 18:36:04 - [MESSAGE][PASSED] - Object: 'Object Repository/Page_Login/btn_loginFB' is clicked on

2018-09-28 18:36:04 - [MESSAGE][PASSED] - Switched to window with index: '1'

2018-09-28 18:36:06 - [MESSAGE][PASSED] - Object 'Object Repository/Popup_FacebookLogin/txt_email' is visible

2018-09-28 18:36:06 - [MESSAGE][PASSED] - Keys 'g5.posiba@gmail.com' sent to object: 'Object Repository/Popup_FacebookLogin/txt_email'

2018-09-28 18:36:06 - [MESSAGE][PASSED] - Keys 'posiba123' sent to object: 'Object Repository/Popup_FacebookLogin/txt_password'

2018-09-28 18:36:08 - [MESSAGE][PASSED] - Object: 'Object Repository/Popup_FacebookLogin/btn_login' is clicked on

2018-09-28 18:36:08 - [MESSAGE][PASSED] - Switched to window with index: '0'

2018-09-28 18:36:08 - [MESSAGE][PASSED] - Wait for page load successfully

2018-09-28 18:36:08 - [MESSAGE][PASSED] - beautytap.GeneralAction.login is PASSED

2018-09-28 18:36:08 - [TEST_STEP][PASSED] - verifyElementPresent: Object 'Object Repository/Page_General/link_avatar' is present

2018-09-28 18:36:17 - [MESSAGE][PASSED] - Object 'Object Repository/Page_General/link_avatar' is present

2018-09-28 18:36:17 - [TEST_STEP][PASSED] - beautytap.GeneralAction.logout: beautytap.GeneralAction.logout is PASSED

2018-09-28 18:36:17 - [MESSAGE][PASSED] - Object: 'Object Repository/Page_General/link_avatar' is clicked on

2018-09-28 18:36:17 - [MESSAGE][PASSED] - Object 'Object Repository/Page_General/menu_logout' is present

2018-09-28 18:36:17 - [MESSAGE][PASSED] - Object: 'Object Repository/Page_General/menu_logout' is clicked on

2018-09-28 18:36:17 - [MESSAGE][PASSED] - Wait for page load successfully

2018-09-28 18:36:18 - [MESSAGE][PASSED] - Browser is closed

2018-09-28 18:36:18 - [MESSAGE][PASSED] - beautytap.GeneralAction.logout is PASSED

2018-09-28 18:36:18 - [TEST_STEP][PASSED] - beautytap.GeneralAction.openBeautytap: beautytap.GeneralAction.openBeautytap is PASSED

2018-09-28 18:36:27 - [MESSAGE][PASSED] - Browser is opened with url: 'https://stage.beautytap.com'

2018-09-28 18:36:29 - [MESSAGE][PASSED] - Current window maximized

2018-09-28 18:36:33 - [MESSAGE][PASSED] - Refresh successfully

2018-09-28 18:36:33 - [MESSAGE][PASSED] - Wait for page load successfully

2018-09-28 18:36:33 - [MESSAGE][PASSED] - beautytap.GeneralAction.openBeautytap is PASSED

2018-09-28 18:36:33 - [TEST_STEP][PASSED] - beautytap.GeneralAction.clickNavigationMenu: beautytap.GeneralAction.clickNavigationMenu is PASSED

2018-09-28 18:36:35 - [MESSAGE][PASSED] - Object: 'Object Repository/Page_General/link_signup' is clicked on

2018-09-28 18:36:35 - [MESSAGE][PASSED] - Wait for page load successfully

2018-09-28 18:36:35 - [MESSAGE][PASSED] - beautytap.GeneralAction.clickNavigationMenu is PASSED

2018-09-28 18:36:35 - [TEST_STEP][PASSED] - beautytap.GeneralAction.signupViaFacebook: beautytap.GeneralAction.signupViaFacebook is PASSED

2018-09-28 18:36:35 - [MESSAGE][PASSED] - Object: 'Object Repository/Page_Signup/btn_signupFB' is clicked on

2018-09-28 18:36:35 - [MESSAGE][PASSED] - Switched to window with index: '1'

2018-09-28 18:36:37 - [MESSAGE][PASSED] - Keys 'g5.posiba@gmail.com' sent to object: 'Object Repository/Popup_FacebookLogin/txt_email'

2018-09-28 18:36:37 - [MESSAGE][PASSED] - Keys 'posiba123' sent to object: 'Object Repository/Popup_FacebookLogin/txt_password'

2018-09-28 18:36:39 - [MESSAGE][PASSED] - Object: 'Object Repository/Popup_FacebookLogin/btn_login' is clicked on

2018-09-28 18:36:41 - [MESSAGE][WARNING] - Cannot take screenshot

2018-09-28 18:36:41 - [MESSAGE][FAILED] - Unable to get text of object 'Object Repository/Popup_FacebookLogin/btn_confirmPermission' (Root cause: org.openqa.selenium.NoSuchWindowException: no such window: window was already closed
  (Session info: chrome=69.0.3497.100)
  (Driver info: chromedriver=2.35.528161 (5b82f2d2aae0ca24b877009200ced9065a772e73),platform=Windows NT 10.0.17134 x86_64) (WARNING: The server did not provide any stacktrace information)
Command duration or timeout: 0 milliseconds
Build info: version: '3.7.1', revision: '8a0099a', time: '2017-11-06T21:07:36.161Z'
System info: host: 'DESKTOP-G1UHP65', ip: '192.168.1.8', os.name: 'Windows 10', os.arch: 'amd64', os.version: '10.0', java.version: '1.8.0_102'
Driver info: com.kms.katalon.selenium.driver.CChromeDriver
Capabilities {acceptInsecureCerts: false, acceptSslCerts: false, applicationCacheEnabled: false, browserConnectionEnabled: false, browserName: chrome, chrome: {chromedriverVersion: 2.35.528161 (5b82f2d2aae0ca..., userDataDir: C:\Users\TRANGN~1\AppData\L...}, cssSelectorsEnabled: true, databaseEnabled: false, handlesAlerts: true, hasTouchScreen: false, javascriptEnabled: true, locationContextEnabled: true, mobileEmulationEnabled: false, nativeEvents: true, networkConnectionEnabled: false, pageLoadStrategy: normal, platform: XP, platformName: XP, rotatable: false, setWindowRect: true, takesHeapSnapshot: true, takesScreenshot: true, unexpectedAlertBehaviour: , unhandledPromptBehavior: , version: 69.0.3497.100, webStorageEnabled: true}
Session ID: f16c63108a1bab5ed63d2c03bb5d598d
*** Element info: {Using=xpath, value=//button[contains(@class,'layerConfirm') and contains(@name,'CONFIRM')]})

2018-09-28 18:36:41 - [MESSAGE][PASSED] - Switched to window with index: '0'

2018-09-28 18:36:56 - [MESSAGE][PASSED] - Delayed 15 second(s)

2018-09-28 18:36:56 - [MESSAGE][PASSED] - Wait for page load successfully

2018-09-28 18:36:56 - [MESSAGE][PASSED] - beautytap.GeneralAction.signupViaFacebook is PASSED

2018-09-28 18:36:56 - [TEST_STEP][PASSED] - verifyElementPresent: Object 'Object Repository/Page_General/link_avatar' is present

2018-09-28 18:36:56 - [MESSAGE][PASSED] - Object 'Object Repository/Page_General/link_avatar' is present

2018-09-28 18:36:56 - [TEST_STEP][PASSED] - beautytap.GeneralAction.logout: beautytap.GeneralAction.logout is PASSED

2018-09-28 18:36:56 - [MESSAGE][PASSED] - Object: 'Object Repository/Page_General/link_avatar' is clicked on

2018-09-28 18:36:56 - [MESSAGE][PASSED] - Object 'Object Repository/Page_General/menu_logout' is present

2018-09-28 18:36:56 - [MESSAGE][PASSED] - Object: 'Object Repository/Page_General/menu_logout' is clicked on

2018-09-28 18:36:56 - [MESSAGE][PASSED] - Wait for page load successfully

2018-09-28 18:36:57 - [MESSAGE][PASSED] - Browser is closed

2018-09-28 18:36:57 - [MESSAGE][PASSED] - beautytap.GeneralAction.logout is PASSED

2018-09-28 18:36:57 - [TEST_STEP][PASSED] - beautytap.GeneralAction.openBeautytap: beautytap.GeneralAction.openBeautytap is PASSED

2018-09-28 18:37:07 - [MESSAGE][PASSED] - Browser is opened with url: 'https://stage.beautytap.com'

2018-09-28 18:37:08 - [MESSAGE][PASSED] - Current window maximized

2018-09-28 18:37:12 - [MESSAGE][PASSED] - Refresh successfully

2018-09-28 18:37:12 - [MESSAGE][PASSED] - Wait for page load successfully

2018-09-28 18:37:12 - [MESSAGE][PASSED] - beautytap.GeneralAction.openBeautytap is PASSED

2018-09-28 18:37:12 - [TEST_STEP][PASSED] - beautytap.GeneralAction.clickNavigationMenu: beautytap.GeneralAction.clickNavigationMenu is PASSED

2018-09-28 18:37:14 - [MESSAGE][PASSED] - Object: 'Object Repository/Page_General/link_login' is clicked on

2018-09-28 18:37:14 - [MESSAGE][PASSED] - Wait for page load successfully

2018-09-28 18:37:14 - [MESSAGE][PASSED] - beautytap.GeneralAction.clickNavigationMenu is PASSED

2018-09-28 18:37:14 - [TEST_STEP][PASSED] - beautytap.GeneralAction.login: beautytap.GeneralAction.login is PASSED

2018-09-28 18:37:15 - [MESSAGE][PASSED] - Object: 'Object Repository/Page_Login/btn_loginFB' is clicked on

2018-09-28 18:37:15 - [MESSAGE][PASSED] - Switched to window with index: '1'

2018-09-28 18:37:16 - [MESSAGE][PASSED] - Object 'Object Repository/Popup_FacebookLogin/txt_email' is visible

2018-09-28 18:37:17 - [MESSAGE][PASSED] - Keys 'g5.posiba@gmail.com' sent to object: 'Object Repository/Popup_FacebookLogin/txt_email'

2018-09-28 18:37:17 - [MESSAGE][PASSED] - Keys 'posiba123' sent to object: 'Object Repository/Popup_FacebookLogin/txt_password'

2018-09-28 18:37:18 - [MESSAGE][PASSED] - Object: 'Object Repository/Popup_FacebookLogin/btn_login' is clicked on

2018-09-28 18:37:18 - [MESSAGE][PASSED] - Switched to window with index: '0'

2018-09-28 18:37:18 - [MESSAGE][PASSED] - Wait for page load successfully

2018-09-28 18:37:18 - [MESSAGE][PASSED] - beautytap.GeneralAction.login is PASSED

2018-09-28 18:37:18 - [TEST_STEP][PASSED] - verifyElementPresent: Object 'Object Repository/Page_General/link_avatar' is present

2018-09-28 18:37:27 - [MESSAGE][PASSED] - Object 'Object Repository/Page_General/link_avatar' is present

2018-09-28 18:37:27 - [TEST_STEP][PASSED] - beautytap.GeneralAction.logout: beautytap.GeneralAction.logout is PASSED

2018-09-28 18:37:27 - [MESSAGE][PASSED] - Object: 'Object Repository/Page_General/link_avatar' is clicked on

2018-09-28 18:37:27 - [MESSAGE][PASSED] - Object 'Object Repository/Page_General/menu_logout' is present

2018-09-28 18:37:28 - [MESSAGE][PASSED] - Object: 'Object Repository/Page_General/menu_logout' is clicked on

2018-09-28 18:37:28 - [MESSAGE][PASSED] - Wait for page load successfully

2018-09-28 18:37:28 - [MESSAGE][PASSED] - Browser is closed

2018-09-28 18:37:28 - [MESSAGE][PASSED] - beautytap.GeneralAction.logout is PASSED]]></system-out>
         <system-err><![CDATA[]]></system-err>
      </testcase>
      <testcase name="Test Cases/Shop/TC07_BuyProduct_EarnPendingPoint_EarnRedeemablePoint" classname="Test Cases/Shop/TC07_BuyProduct_EarnPendingPoint_EarnRedeemablePoint" status="PASSED">
         <system-out><![CDATA[2018-09-28 18:37:31 - [TEST_CASE][PASSED] - Test Cases/Shop/TC07_BuyProduct_EarnPendingPoint_EarnRedeemablePoint: Test Cases/Shop/TC07_BuyProduct_EarnPendingPoint_EarnRedeemablePoint

2018-09-28 18:37:31 - [TEST_STEP][PASSED] - Statement - username = USER_EMAIL: null

2018-09-28 18:37:31 - [TEST_STEP][PASSED] - Statement - password = USER_PASSWORD: null

2018-09-28 18:37:31 - [TEST_STEP][PASSED] - Statement - productName = SIMPLE_PRODUCT: null

2018-09-28 18:37:31 - [TEST_STEP][PASSED] - Statement - price = SIMPLE_PRODUCT_PRICE: null

2018-09-28 18:37:31 - [TEST_STEP][PASSED] - Statement - quantity = 3: null

2018-09-28 18:37:31 - [TEST_STEP][PASSED] - Statement - shippingLabel = FREE_SHIPPING_LABEL: null

2018-09-28 18:37:31 - [TEST_STEP][PASSED] - Statement - shippingPrice = 0: null

2018-09-28 18:37:31 - [TEST_STEP][PASSED] - Statement - subtotal = CustomKeywords.beautytap.ShopAction.calculateTotal(quantity, price): beautytap.ShopAction.calculateTotal is PASSED

2018-09-28 18:37:31 - [MESSAGE][PASSED] - beautytap.ShopAction.calculateTotal is PASSED

2018-09-28 18:37:31 - [TEST_STEP][PASSED] - Statement - total = subtotal + shippingPrice: null

2018-09-28 18:37:31 - [TEST_STEP][PASSED] - Statement - products = new org.json.JSONArray((((((([{"productname":" + productName) + ","variation":"","quantity":") + quantity) + ","price":") + price) + "}])): null

2018-09-28 18:37:31 - [TEST_STEP][PASSED] - Statement - billingInformation = new org.json.JSONObject((({"firstname":"Test","lastname":"Automation","country":"United States (US)","address":"123 Testing","city":"New York","state":"New York","zip":"90012","email":" + username) + "})): null

2018-09-28 18:37:31 - [TEST_STEP][PASSED] - Statement - paymentMethod = "PayPal": null

2018-09-28 18:37:31 - [TEST_STEP][PASSED] - beautytap.GeneralAction.openBeautytap: beautytap.GeneralAction.openBeautytap is PASSED

2018-09-28 18:37:40 - [MESSAGE][PASSED] - Browser is opened with url: 'https://stage.beautytap.com'

2018-09-28 18:37:42 - [MESSAGE][PASSED] - Current window maximized

2018-09-28 18:37:45 - [MESSAGE][PASSED] - Refresh successfully

2018-09-28 18:37:45 - [MESSAGE][PASSED] - Wait for page load successfully

2018-09-28 18:37:45 - [MESSAGE][PASSED] - beautytap.GeneralAction.openBeautytap is PASSED

2018-09-28 18:37:45 - [TEST_STEP][PASSED] - beautytap.GeneralAction.clickNavigationMenu: beautytap.GeneralAction.clickNavigationMenu is PASSED

2018-09-28 18:37:48 - [MESSAGE][PASSED] - Object: 'Object Repository/Page_General/link_login' is clicked on

2018-09-28 18:37:48 - [MESSAGE][PASSED] - Wait for page load successfully

2018-09-28 18:37:48 - [MESSAGE][PASSED] - beautytap.GeneralAction.clickNavigationMenu is PASSED

2018-09-28 18:37:48 - [TEST_STEP][PASSED] - beautytap.GeneralAction.login: beautytap.GeneralAction.login is PASSED

2018-09-28 18:37:48 - [MESSAGE][PASSED] - Text of object 'Object Repository/Page_login/txt_username' is cleared

2018-09-28 18:37:48 - [MESSAGE][PASSED] - Keys 'trang2408@mailinator.com' sent to object: 'Object Repository/Page_login/txt_username'

2018-09-28 18:37:48 - [MESSAGE][PASSED] - Text of object 'Object Repository/Page_login/txt_password' is cleared

2018-09-28 18:37:48 - [MESSAGE][PASSED] - Keys '123456' sent to object: 'Object Repository/Page_login/txt_password'

2018-09-28 18:37:48 - [MESSAGE][PASSED] - Object: 'Object Repository/Page_login/btn_login' is clicked on

2018-09-28 18:37:48 - [MESSAGE][PASSED] - Wait for page load successfully

2018-09-28 18:37:48 - [MESSAGE][PASSED] - beautytap.GeneralAction.login is PASSED

2018-09-28 18:37:48 - [TEST_STEP][PASSED] - beautytap.GeneralAction.selectProfileMenu: beautytap.GeneralAction.selectProfileMenu is PASSED

2018-09-28 18:37:56 - [MESSAGE][PASSED] - Object: 'Object Repository/Page_General/link_avatar' is clicked on

2018-09-28 18:37:58 - [MESSAGE][PASSED] - Delayed 2 second(s)

2018-09-28 18:38:02 - [MESSAGE][PASSED] - Object: '' is clicked on

2018-09-28 18:38:02 - [MESSAGE][PASSED] - Wait for page load successfully

2018-09-28 18:38:02 - [MESSAGE][PASSED] - beautytap.GeneralAction.selectProfileMenu is PASSED

2018-09-28 18:38:02 - [TEST_STEP][PASSED] - Statement - objReward = CustomKeywords.beautytap.ShopAction.getRewardDetails(): beautytap.ShopAction.getRewardDetails is PASSED

2018-09-28 18:38:02 - [MESSAGE][PASSED] - Text of object '' is: '1.1 x Rewards Multiplier!'

2018-09-28 18:38:02 - [MESSAGE][PASSED] - Text of object '' is: '1.1 x Rewards Multiplier!'

2018-09-28 18:38:02 - [MESSAGE][PASSED] - Text of object '' is: '7371.55'

2018-09-28 18:38:02 - [MESSAGE][PASSED] - Text of object '' is: '3162.38'

2018-09-28 18:38:02 - [MESSAGE][PASSED] - Text of object '' is: '4641.55'

2018-09-28 18:38:02 - [MESSAGE][PASSED] - Text of object '' is: '$244.00'

2018-09-28 18:38:02 - [MESSAGE][PASSED] - Text of object '' is: 'Beauty Bae'

2018-09-28 18:38:02 - [MESSAGE][PASSED] - beautytap.ShopAction.getRewardDetails is PASSED

2018-09-28 18:38:02 - [TEST_STEP][PASSED] - Statement - multiplier = java.lang.Float.parseFloat(objReward.get("multiplier")): null

2018-09-28 18:38:02 - [TEST_STEP][PASSED] - Statement - currentlevel = objReward.get("currentlevel"): null

2018-09-28 18:38:02 - [TEST_STEP][PASSED] - Statement - lifetime = java.lang.Float.parseFloat(objReward.get("lifetime")): null

2018-09-28 18:38:02 - [TEST_STEP][PASSED] - Statement - pending = java.lang.Float.parseFloat(objReward.get("pending")): null

2018-09-28 18:38:02 - [TEST_STEP][PASSED] - Statement - redeemable = java.lang.Float.parseFloat(objReward.get("redeemable")): null

2018-09-28 18:38:02 - [TEST_STEP][PASSED] - Statement - pointvalue = java.lang.Float.parseFloat(objReward.get("pointvalue")): null

2018-09-28 18:38:02 - [TEST_STEP][PASSED] - Statement - rewardEarned = java.lang.Float.parseFloat(java.lang.String.format("%.2f", multiplier * subtotal)): null

2018-09-28 18:38:02 - [TEST_STEP][PASSED] - Statement - notificationMessage = "You received " + rewardEarned + " redeemable points": null

2018-09-28 18:38:02 - [TEST_STEP][PASSED] - beautytap.ShopAction.globalSearch: beautytap.ShopAction.globalSearch is PASSED

2018-09-28 18:38:03 - [MESSAGE][PASSED] - Object: 'Object Repository/Page_General/icon_search' is clicked on

2018-09-28 18:38:08 - [MESSAGE][PASSED] - Delayed 5 second(s)

2018-09-28 18:38:08 - [MESSAGE][PASSED] - Text of object 'Object Repository/Page_General/txt_search' is cleared

2018-09-28 18:38:08 - [MESSAGE][PASSED] - Keys 'CONTROL + v' sent to object: 'Object Repository/Page_General/txt_search'

2018-09-28 18:38:10 - [MESSAGE][PASSED] - Object 'Object Repository/Page_General/div_searchResult' is present

2018-09-28 18:38:10 - [MESSAGE][PASSED] - beautytap.ShopAction.globalSearch is PASSED

2018-09-28 18:38:10 - [TEST_STEP][PASSED] - beautytap.ShopAction.selectProductOnSearchResult: beautytap.ShopAction.selectProductOnSearchResult is PASSED

2018-09-28 18:38:15 - [MESSAGE][PASSED] - Object: '' is clicked on

2018-09-28 18:38:15 - [MESSAGE][PASSED] - Wait for page load successfully

2018-09-28 18:38:15 - [MESSAGE][PASSED] - beautytap.ShopAction.selectProductOnSearchResult is PASSED

2018-09-28 18:38:15 - [TEST_STEP][PASSED] - beautytap.ShopAction.addProductToCart: beautytap.ShopAction.addProductToCart is PASSED

2018-09-28 18:38:15 - [MESSAGE][PASSED] - Text of object 'Object Repository/Page_Shop/txt_quantity' is cleared

2018-09-28 18:38:15 - [MESSAGE][PASSED] - Keys '3' sent to object: 'Object Repository/Page_Shop/txt_quantity'

2018-09-28 18:38:15 - [MESSAGE][PASSED] - Object: 'Object Repository/Page_Shop/btn_addToCart' is clicked on

2018-09-28 18:38:15 - [MESSAGE][PASSED] - Wait for page load successfully

2018-09-28 18:38:20 - [MESSAGE][PASSED] - Object 'Object Repository/Page_Shop/lbl_message' is present

2018-09-28 18:38:20 - [MESSAGE][PASSED] - beautytap.ShopAction.addProductToCart is PASSED

2018-09-28 18:38:20 - [TEST_STEP][PASSED] - beautytap.ShopAction.goToCart: beautytap.ShopAction.goToCart is PASSED

2018-09-28 18:38:20 - [MESSAGE][PASSED] - Object 'Object Repository/Page_General/icon_cart' is present

2018-09-28 18:38:25 - [MESSAGE][PASSED] - Object: 'Object Repository/Page_General/icon_cart' is clicked on

2018-09-28 18:38:25 - [MESSAGE][PASSED] - Wait for page load successfully

2018-09-28 18:38:25 - [MESSAGE][PASSED] - beautytap.ShopAction.goToCart is PASSED

2018-09-28 18:38:25 - [TEST_STEP][PASSED] - beautytap.ShopAction.processToCheckout: beautytap.ShopAction.processToCheckout is PASSED

2018-09-28 18:38:29 - [MESSAGE][PASSED] - Object: 'Object Repository/Page_Cart/btn_checkout' is clicked on

2018-09-28 18:38:29 - [MESSAGE][PASSED] - Wait for page load successfully

2018-09-28 18:38:29 - [MESSAGE][PASSED] - beautytap.ShopAction.processToCheckout is PASSED

2018-09-28 18:38:29 - [TEST_STEP][PASSED] - beautytap.ShopAction.fillCustomerInformation: beautytap.ShopAction.fillCustomerInformation is PASSED

2018-09-28 18:38:29 - [MESSAGE][PASSED] - Text of object 'Object Repository/Page_Checkout/txt_billingFirstName' is cleared

2018-09-28 18:38:30 - [MESSAGE][PASSED] - Keys 'Test' sent to object: 'Object Repository/Page_Checkout/txt_billingFirstName'

2018-09-28 18:38:30 - [MESSAGE][PASSED] - Text of object 'Object Repository/Page_Checkout/txt_billingLastName' is cleared

2018-09-28 18:38:30 - [MESSAGE][PASSED] - Keys 'Automation' sent to object: 'Object Repository/Page_Checkout/txt_billingLastName'

2018-09-28 18:38:30 - [MESSAGE][PASSED] - All options with label 'United States (US)' are selected in object 'Object Repository/Page_Checkout/drop_billingCountry' 

2018-09-28 18:38:35 - [MESSAGE][PASSED] - Delayed 5 second(s)

2018-09-28 18:38:35 - [MESSAGE][PASSED] - Text of object 'Object Repository/Page_Checkout/txt_billingAddress' is cleared

2018-09-28 18:38:36 - [MESSAGE][PASSED] - Keys '123 Testing' sent to object: 'Object Repository/Page_Checkout/txt_billingAddress'

2018-09-28 18:38:36 - [MESSAGE][PASSED] - Text of object 'Object Repository/Page_Checkout/txt_billingCity' is cleared

2018-09-28 18:38:36 - [MESSAGE][PASSED] - Keys 'New York' sent to object: 'Object Repository/Page_Checkout/txt_billingCity'

2018-09-28 18:38:36 - [MESSAGE][PASSED] - All options with label 'New York' are selected in object 'Object Repository/Page_Checkout/drop_billingState' 

2018-09-28 18:38:36 - [MESSAGE][PASSED] - Text of object 'Object Repository/Page_Checkout/txt_billingZip' is cleared

2018-09-28 18:38:36 - [MESSAGE][PASSED] - Keys '90012' sent to object: 'Object Repository/Page_Checkout/txt_billingZip'

2018-09-28 18:38:36 - [MESSAGE][PASSED] - Text of object 'Object Repository/Page_Checkout/txt_billingEmail' is cleared

2018-09-28 18:38:37 - [MESSAGE][PASSED] - Keys 'trang2408@mailinator.com' sent to object: 'Object Repository/Page_Checkout/txt_billingEmail'

2018-09-28 18:38:37 - [MESSAGE][PASSED] - Object 'Object Repository/Page_Checkout/chk_shipToDifferentAddress' is un-checked

2018-09-28 18:38:37 - [MESSAGE][PASSED] - Text of object 'Object Repository/Page_Checkout/txt_orderNote' is cleared

2018-09-28 18:38:37 - [MESSAGE][PASSED] - Keys 'TC07' sent to object: 'Object Repository/Page_Checkout/txt_orderNote'

2018-09-28 18:38:37 - [MESSAGE][PASSED] - Object 'Object Repository/Page_Checkout/radio_creditCard' is checked

2018-09-28 18:38:42 - [MESSAGE][PASSED] - Delayed 5 second(s)

2018-09-28 18:38:42 - [MESSAGE][PASSED] - beautytap.ShopAction.fillCustomerInformation is PASSED

2018-09-28 18:38:43 - [TEST_STEP][PASSED] - beautytap.ShopAction.VerifyOrderDetailsOnCheckout: Keyword VerifyOrderDetailsOnCheckout is Passed

2018-09-28 18:38:43 - [MESSAGE][PASSED] - Object '' is present

2018-09-28 18:38:43 - [MESSAGE][PASSED] - Text of object '' is: '$95.40'

2018-09-28 18:38:43 - [MESSAGE][PASSED] - Text of object '' is: 'Free shipping for orders over $60
Why does shipping take this long?'

2018-09-28 18:38:43 - [MESSAGE][PASSED] - Text of object '' is: '$95.40'

2018-09-28 18:38:43 - [MESSAGE][PASSED] - Keyword VerifyOrderDetailsOnCheckout is Passed

2018-09-28 18:38:43 - [TEST_STEP][PASSED] - beautytap.ShopAction.VerifyRewardEarned: Keyword VerifyRewardEarned is Passed

2018-09-28 18:38:43 - [MESSAGE][PASSED] - Text of object '' is: 'Status: Beauty Bae ( $95.4 x Rewards Multiplier )'

2018-09-28 18:38:43 - [MESSAGE][PASSED] - Text of object '' is: 'Status: Beauty Bae ( $95.4 x Rewards Multiplier )'

2018-09-28 18:38:43 - [MESSAGE][PASSED] - Text of object '' is: 'Status: Beauty Bae ( $95.4 x Rewards Multiplier )'

2018-09-28 18:38:43 - [MESSAGE][PASSED] - Text of object '' is: 'Multiplier: $95.4 x 1.1'

2018-09-28 18:38:43 - [MESSAGE][PASSED] - Text of object '' is: 'Multiplier: $95.4 x 1.1'

2018-09-28 18:38:43 - [MESSAGE][PASSED] - Text of object '' is: '104.9 Points!'

2018-09-28 18:38:43 - [MESSAGE][PASSED] - Text of object '' is: '104.9 Points!'

2018-09-28 18:38:43 - [MESSAGE][PASSED] - Text of object '' is: 'Multiplier: $95.4 x 1.1'

2018-09-28 18:38:43 - [MESSAGE][PASSED] - Text of object '' is: 'Multiplier: $95.4 x 1.1'

2018-09-28 18:38:43 - [MESSAGE][PASSED] - Text of object '' is: 'Multiplier: $95.4 x 1.1'

2018-09-28 18:38:43 - [MESSAGE][PASSED] - Keyword VerifyRewardEarned is Passed

2018-09-28 18:38:43 - [TEST_STEP][PASSED] - beautytap.ShopAction.checkoutViaPaypal: beautytap.ShopAction.checkoutViaPaypal is PASSED

2018-09-28 18:38:43 - [MESSAGE][PASSED] - Object 'Object Repository/Page_Checkout/radio_paypal' is checked

2018-09-28 18:38:48 - [MESSAGE][PASSED] - Delayed 5 second(s)

2018-09-28 18:38:49 - [MESSAGE][PASSED] - Object 'Object Repository/Page_Checkout/chk_terms' is checked

2018-09-28 18:38:49 - [MESSAGE][PASSED] - Object: 'Object Repository/Page_Checkout/btn_placeOrder' is clicked on

2018-09-28 18:38:55 - [MESSAGE][PASSED] - Object 'Object Repository/Page_Paypal/txt_email' is present

2018-09-28 18:38:56 - [MESSAGE][PASSED] - Text of object 'Object Repository/Page_Paypal/txt_email' is cleared

2018-09-28 18:38:56 - [MESSAGE][PASSED] - Keys 'g1.posiba@gmail.com' sent to object: 'Object Repository/Page_Paypal/txt_email'

2018-09-28 18:38:56 - [MESSAGE][PASSED] - Text of object 'Object Repository/Page_Paypal/txt_password' is cleared

2018-09-28 18:38:56 - [MESSAGE][PASSED] - Keys 'Tr@ng99%' sent to object: 'Object Repository/Page_Paypal/txt_password'

2018-09-28 18:39:09 - [MESSAGE][PASSED] - Object: 'Object Repository/Page_Paypal/btn_login' is clicked on

2018-09-28 18:39:14 - [MESSAGE][PASSED] - Object 'Object Repository/Page_Paypal/btn_payNow' is present

2018-09-28 18:39:19 - [MESSAGE][PASSED] - Delayed 5 second(s)

2018-09-28 18:39:19 - [MESSAGE][PASSED] - Object: 'Object Repository/Page_Paypal/btn_payNow' is clicked on

2018-09-28 18:39:35 - [MESSAGE][PASSED] - Object 'Object Repository/Page_Checkout/lbl_orderReceived' is present

2018-09-28 18:39:35 - [MESSAGE][PASSED] - beautytap.ShopAction.checkoutViaPaypal is PASSED

2018-09-28 18:39:35 - [TEST_STEP][PASSED] - beautytap.ShopAction.VerifyOrderReceivedDetails: Keyword VerifyOrderReceivedDetails is Passed

2018-09-28 18:39:35 - [MESSAGE][PASSED] - Object '' is present

2018-09-28 18:39:35 - [MESSAGE][PASSED] - Text of object '' is: '$95.40'

2018-09-28 18:39:35 - [MESSAGE][PASSED] - Text of object '' is: 'Free shipping for orders over $60'

2018-09-28 18:39:41 - [MESSAGE][WARNING] - com.kms.katalon.core.webui.exception.WebElementNotFoundException: Web element with id: '' located by 'By.xpath: //th[text()='Shipping:']/parent::tr/td/span' not found
[[ATTACHMENT|E:\\BeautytapAutomation\\beautytapAuto\\Beautytap\\Reports\\Regression\\20180928_183104\\1538134780912.png]]

2018-09-28 18:39:41 - [MESSAGE][PASSED] - Text of object '' is: 'PayPal'

2018-09-28 18:39:41 - [MESSAGE][PASSED] - Text of object '' is: '$95.40'

2018-09-28 18:39:41 - [MESSAGE][PASSED] - Keyword VerifyOrderReceivedDetails is Passed

2018-09-28 18:39:41 - [TEST_STEP][PASSED] - beautytap.ShopAction.VerifyRewardEarned: Keyword VerifyRewardEarned is Passed

2018-09-28 18:39:41 - [MESSAGE][PASSED] - Text of object '' is: 'Status: Beauty Bae ( $95.40 x Rewards Multiplier )'

2018-09-28 18:39:41 - [MESSAGE][PASSED] - Text of object '' is: 'Status: Beauty Bae ( $95.40 x Rewards Multiplier )'

2018-09-28 18:39:41 - [MESSAGE][PASSED] - Text of object '' is: 'Status: Beauty Bae ( $95.40 x Rewards Multiplier )'

2018-09-28 18:39:41 - [MESSAGE][PASSED] - Text of object '' is: 'Multiplier: $95.40 x 1.1'

2018-09-28 18:39:41 - [MESSAGE][PASSED] - Text of object '' is: 'Multiplier: $95.40 x 1.1'

2018-09-28 18:39:41 - [MESSAGE][PASSED] - Text of object '' is: '104.9 Points!'

2018-09-28 18:39:41 - [MESSAGE][PASSED] - Text of object '' is: '104.9 Points!'

2018-09-28 18:39:41 - [MESSAGE][PASSED] - Text of object '' is: 'Multiplier: $95.40 x 1.1'

2018-09-28 18:39:41 - [MESSAGE][PASSED] - Text of object '' is: 'Multiplier: $95.40 x 1.1'

2018-09-28 18:39:41 - [MESSAGE][PASSED] - Text of object '' is: 'Multiplier: $95.40 x 1.1'

2018-09-28 18:39:41 - [MESSAGE][PASSED] - Keyword VerifyRewardEarned is Passed

2018-09-28 18:39:41 - [TEST_STEP][PASSED] - Statement - orderInfo = CustomKeywords.beautytap.ShopAction.getOrderInfoOnOrderReceived(): beautytap.ShopAction.getOrderInfoOnOrderReceived is PASSED

2018-09-28 18:39:41 - [MESSAGE][PASSED] - Text of object '' is: '137061'

2018-09-28 18:39:41 - [MESSAGE][PASSED] - Text of object '' is: 'September 28, 2018'

2018-09-28 18:39:41 - [MESSAGE][PASSED] - beautytap.ShopAction.getOrderInfoOnOrderReceived is PASSED

2018-09-28 18:39:41 - [TEST_STEP][PASSED] - Statement - orderNumber = orderInfo.get("ordernumber"): null

2018-09-28 18:39:41 - [TEST_STEP][PASSED] - Statement - orderDate = orderInfo.get("date"): null

2018-09-28 18:39:41 - [TEST_STEP][PASSED] - Statement - completeOrderSubject = "Your " + SITE_TITLE + " order from " + orderDate + " is complete": null

2018-09-28 18:39:41 - [TEST_STEP][PASSED] - Statement - completeOrderSubject = completeOrderSubject.replace("[", "").replace("]", ""): null

2018-09-28 18:39:41 - [TEST_STEP][PASSED] - beautytap.GeneralAction.selectProfileMenu: beautytap.GeneralAction.selectProfileMenu is PASSED

2018-09-28 18:39:42 - [MESSAGE][PASSED] - Object: 'Object Repository/Page_General/link_avatar' is clicked on

2018-09-28 18:39:44 - [MESSAGE][PASSED] - Delayed 2 second(s)

2018-09-28 18:39:47 - [MESSAGE][PASSED] - Object: '' is clicked on

2018-09-28 18:39:47 - [MESSAGE][PASSED] - Wait for page load successfully

2018-09-28 18:39:47 - [MESSAGE][PASSED] - beautytap.GeneralAction.selectProfileMenu is PASSED

2018-09-28 18:39:47 - [TEST_STEP][PASSED] - Statement - newPending = java.lang.Float.parseFloat(java.lang.String.format("%.2f", pending + rewardEarned)): null

2018-09-28 18:39:47 - [TEST_STEP][PASSED] - beautytap.ShopAction.VerifyRewardPointsDetails: Keyword VerifyRewardPoints is Passed

2018-09-28 18:39:47 - [MESSAGE][PASSED] - Text of object '' is: '7371.55'

2018-09-28 18:39:47 - [MESSAGE][PASSED] - Text of object '' is: '3267.32'

2018-09-28 18:39:47 - [MESSAGE][PASSED] - Text of object '' is: '4641.55'

2018-09-28 18:39:47 - [MESSAGE][PASSED] - Text of object '' is: '$244.00'

2018-09-28 18:39:47 - [MESSAGE][PASSED] - Keyword VerifyRewardPoints is Passed

2018-09-28 18:39:47 - [TEST_STEP][PASSED] - beautytap.ShopAction.VerifyRewardHistory: Keyword VerifyRewardHistory is Passed

2018-09-28 18:39:47 - [MESSAGE][PASSED] - Object '' is present

2018-09-28 18:39:47 - [MESSAGE][PASSED] - Text of object '' is: ''

2018-09-28 18:39:47 - [MESSAGE][PASSED] - Text of object '' is: '$95.40'

2018-09-28 18:39:47 - [MESSAGE][PASSED] - Text of object '' is: '1.1'

2018-09-28 18:39:47 - [MESSAGE][PASSED] - Text of object '' is: '0.00'

2018-09-28 18:39:48 - [MESSAGE][PASSED] - Text of object '' is: '4641.55'

2018-09-28 18:39:48 - [MESSAGE][PASSED] - Keyword VerifyRewardHistory is Passed

2018-09-28 18:39:48 - [TEST_STEP][PASSED] - beautytap.ShopAction.VerifyRewardHistory: Keyword VerifyRewardHistory is Passed

2018-09-28 18:39:48 - [MESSAGE][PASSED] - Object '' is present

2018-09-28 18:39:48 - [MESSAGE][PASSED] - Text of object '' is: ''

2018-09-28 18:39:48 - [MESSAGE][PASSED] - Text of object '' is: '$95.40'

2018-09-28 18:39:48 - [MESSAGE][PASSED] - Text of object '' is: '1.1'

2018-09-28 18:39:48 - [MESSAGE][PASSED] - Text of object '' is: '0.00'

2018-09-28 18:39:48 - [MESSAGE][PASSED] - Text of object '' is: '4641.55'

2018-09-28 18:39:48 - [MESSAGE][PASSED] - Keyword VerifyRewardHistory is Passed

2018-09-28 18:39:48 - [TEST_STEP][PASSED] - beautytap.GeneralAction.logout: beautytap.GeneralAction.logout is PASSED

2018-09-28 18:39:48 - [MESSAGE][PASSED] - Object: 'Object Repository/Page_General/link_avatar' is clicked on

2018-09-28 18:39:48 - [MESSAGE][PASSED] - Object 'Object Repository/Page_General/menu_logout' is present

2018-09-28 18:39:49 - [MESSAGE][PASSED] - Object: 'Object Repository/Page_General/menu_logout' is clicked on

2018-09-28 18:39:49 - [MESSAGE][PASSED] - Wait for page load successfully

2018-09-28 18:39:49 - [MESSAGE][PASSED] - beautytap.GeneralAction.logout is PASSED

2018-09-28 18:39:49 - [TEST_STEP][PASSED] - beautytap.GeneralAction.clickNavigationMenu: beautytap.GeneralAction.clickNavigationMenu is PASSED

2018-09-28 18:39:55 - [MESSAGE][PASSED] - Object: 'Object Repository/Page_General/link_login' is clicked on

2018-09-28 18:39:55 - [MESSAGE][PASSED] - Wait for page load successfully

2018-09-28 18:39:55 - [MESSAGE][PASSED] - beautytap.GeneralAction.clickNavigationMenu is PASSED

2018-09-28 18:39:55 - [TEST_STEP][PASSED] - beautytap.GeneralAction.login: beautytap.GeneralAction.login is PASSED

2018-09-28 18:39:55 - [MESSAGE][PASSED] - Text of object 'Object Repository/Page_login/txt_username' is cleared

2018-09-28 18:39:55 - [MESSAGE][PASSED] - Keys 'mrwhite' sent to object: 'Object Repository/Page_login/txt_username'

2018-09-28 18:39:55 - [MESSAGE][PASSED] - Text of object 'Object Repository/Page_login/txt_password' is cleared

2018-09-28 18:39:56 - [MESSAGE][PASSED] - Keys 'kgySM$Im' sent to object: 'Object Repository/Page_login/txt_password'

2018-09-28 18:39:56 - [MESSAGE][PASSED] - Object: 'Object Repository/Page_login/btn_login' is clicked on

2018-09-28 18:39:56 - [MESSAGE][PASSED] - Wait for page load successfully

2018-09-28 18:39:56 - [MESSAGE][PASSED] - beautytap.GeneralAction.login is PASSED

2018-09-28 18:39:56 - [TEST_STEP][PASSED] - navigateToUrl: Navigate to 'https://stage.beautytap.com/admin' successfully

2018-09-28 18:40:03 - [MESSAGE][PASSED] - Navigate to 'https://stage.beautytap.com/admin' successfully

2018-09-28 18:40:03 - [TEST_STEP][PASSED] - beautytap.AdminAction.changeOrderStatus: beautytap.AdminAction.changeOrderStatus is PASSED

2018-09-28 18:40:11 - [MESSAGE][PASSED] - Object: '' is clicked on

2018-09-28 18:40:11 - [MESSAGE][PASSED] - Wait for page load successfully

2018-09-28 18:40:16 - [MESSAGE][PASSED] - Object: '' is clicked on

2018-09-28 18:40:16 - [MESSAGE][PASSED] - Wait for page load successfully

2018-09-28 18:40:16 - [MESSAGE][PASSED] - Text of object 'Object Repository/Page_Admin/txt_searchOrder' is cleared

2018-09-28 18:40:16 - [MESSAGE][PASSED] - Keys '137061' sent to object: 'Object Repository/Page_Admin/txt_searchOrder'

2018-09-28 18:40:20 - [MESSAGE][PASSED] - Object: 'Object Repository/Page_Admin/btn_searchOrder' is clicked on

2018-09-28 18:40:20 - [MESSAGE][PASSED] - Wait for page load successfully

2018-09-28 18:40:26 - [MESSAGE][PASSED] - Object: '' is clicked on

2018-09-28 18:40:26 - [MESSAGE][PASSED] - Wait for page load successfully

2018-09-28 18:40:26 - [MESSAGE][PASSED] - All options with label 'Completed' are selected in object 'Object Repository/Page_Admin/drop_orderStatus' 

2018-09-28 18:40:26 - [MESSAGE][PASSED] - Object: 'Object Repository/Page_Admin/btn_saveOrder' is clicked on

2018-09-28 18:40:37 - [MESSAGE][PASSED] - Object 'Object Repository/Page_Admin/lbl_orderUpdatedMessage' is present

2018-09-28 18:40:37 - [MESSAGE][PASSED] - beautytap.AdminAction.changeOrderStatus is PASSED

2018-09-28 18:40:37 - [TEST_STEP][PASSED] - beautytap.GeneralAction.openMailBox: beautytap.GeneralAction.openMailBox is PASSED

2018-09-28 18:40:41 - [MESSAGE][PASSED] - Navigate to 'https://www.mailinator.com' successfully

2018-09-28 18:40:41 - [MESSAGE][PASSED] - Wait for page load successfully

2018-09-28 18:40:41 - [MESSAGE][PASSED] - Keys 'trang2408@mailinator.com' sent to object: 'Object Repository/Page_mailinator/txt_email'

2018-09-28 18:40:42 - [MESSAGE][PASSED] - Object: 'Object Repository/Page_mailinator/btn_go' is clicked on

2018-09-28 18:40:42 - [MESSAGE][PASSED] - Wait for page load successfully

2018-09-28 18:40:47 - [MESSAGE][PASSED] - Delayed 5 second(s)

2018-09-28 18:40:47 - [MESSAGE][PASSED] - beautytap.GeneralAction.openMailBox is PASSED

2018-09-28 18:40:47 - [TEST_STEP][PASSED] - beautytap.GeneralAction.verifyEmailExist: beautytap.GeneralAction.verifyEmailExist is PASSED

2018-09-28 18:40:47 - [MESSAGE][PASSED] - Object '' is present

2018-09-28 18:40:47 - [MESSAGE][PASSED] - beautytap.GeneralAction.verifyEmailExist is PASSED

2018-09-28 18:40:47 - [TEST_STEP][PASSED] - beautytap.GeneralAction.openEmail: beautytap.GeneralAction.openEmail is PASSED

2018-09-28 18:40:48 - [MESSAGE][PASSED] - Object: '' is clicked on

2018-09-28 18:40:48 - [MESSAGE][PASSED] - beautytap.GeneralAction.openEmail is PASSED

2018-09-28 18:40:48 - [TEST_STEP][PASSED] - beautytap.ShopAction.VerifyOrderCompleteEmail: Keyword VerifyOrderCompleteEmail is Passed

2018-09-28 18:40:48 - [MESSAGE][PASSED] - Object '' is present

2018-09-28 18:40:48 - [MESSAGE][PASSED] - Text of object '' is: 'La Muse Correct Care Complete Cushion SPF50+'

2018-09-28 18:40:48 - [MESSAGE][PASSED] - Text of object '' is: '3'

2018-09-28 18:40:48 - [MESSAGE][PASSED] - Text of object '' is: '$95.40'

2018-09-28 18:40:48 - [MESSAGE][PASSED] - Text of object '' is: '$95.40'

2018-09-28 18:40:49 - [MESSAGE][PASSED] - Text of object '' is: 'Free shipping for orders over $60'

2018-09-28 18:40:54 - [MESSAGE][WARNING] - com.kms.katalon.core.webui.exception.WebElementNotFoundException: Web element with id: '' located by 'By.xpath: //th[text()='Shipping:']/parent::tr/td/span' not found
[[ATTACHMENT|E:\\BeautytapAutomation\\beautytapAuto\\Beautytap\\Reports\\Regression\\20180928_183104\\1538134854168.png]]

2018-09-28 18:40:54 - [MESSAGE][PASSED] - Text of object '' is: 'PayPal'

2018-09-28 18:40:54 - [MESSAGE][PASSED] - Text of object '' is: '104.94'

2018-09-28 18:40:54 - [MESSAGE][PASSED] - Text of object '' is: '$95.40'

2018-09-28 18:40:54 - [MESSAGE][PASSED] - Keyword VerifyOrderCompleteEmail is Passed

2018-09-28 18:40:54 - [TEST_STEP][PASSED] - closeBrowser: Browser is closed

2018-09-28 18:40:55 - [MESSAGE][PASSED] - Browser is closed

2018-09-28 18:40:55 - [TEST_STEP][PASSED] - beautytap.GeneralAction.openBeautytap: beautytap.GeneralAction.openBeautytap is PASSED

2018-09-28 18:41:10 - [MESSAGE][PASSED] - Browser is opened with url: 'https://stage.beautytap.com'

2018-09-28 18:41:11 - [MESSAGE][PASSED] - Current window maximized

2018-09-28 18:41:14 - [MESSAGE][PASSED] - Refresh successfully

2018-09-28 18:41:14 - [MESSAGE][PASSED] - Wait for page load successfully

2018-09-28 18:41:14 - [MESSAGE][PASSED] - beautytap.GeneralAction.openBeautytap is PASSED

2018-09-28 18:41:14 - [TEST_STEP][PASSED] - beautytap.GeneralAction.clickNavigationMenu: beautytap.GeneralAction.clickNavigationMenu is PASSED

2018-09-28 18:41:17 - [MESSAGE][PASSED] - Object: 'Object Repository/Page_General/link_login' is clicked on

2018-09-28 18:41:17 - [MESSAGE][PASSED] - Wait for page load successfully

2018-09-28 18:41:17 - [MESSAGE][PASSED] - beautytap.GeneralAction.clickNavigationMenu is PASSED

2018-09-28 18:41:17 - [TEST_STEP][PASSED] - beautytap.GeneralAction.login: beautytap.GeneralAction.login is PASSED

2018-09-28 18:41:17 - [MESSAGE][PASSED] - Text of object 'Object Repository/Page_login/txt_username' is cleared

2018-09-28 18:41:17 - [MESSAGE][PASSED] - Keys 'trang2408@mailinator.com' sent to object: 'Object Repository/Page_login/txt_username'

2018-09-28 18:41:17 - [MESSAGE][PASSED] - Text of object 'Object Repository/Page_login/txt_password' is cleared

2018-09-28 18:41:17 - [MESSAGE][PASSED] - Keys '123456' sent to object: 'Object Repository/Page_login/txt_password'

2018-09-28 18:41:17 - [MESSAGE][PASSED] - Object: 'Object Repository/Page_login/btn_login' is clicked on

2018-09-28 18:41:17 - [MESSAGE][PASSED] - Wait for page load successfully

2018-09-28 18:41:17 - [MESSAGE][PASSED] - beautytap.GeneralAction.login is PASSED

2018-09-28 18:41:17 - [TEST_STEP][PASSED] - beautytap.GeneralAction.VerifyNotificationText: Keyword VerifyNotificationText is Passed

2018-09-28 18:41:26 - [MESSAGE][PASSED] - Object: 'Object Repository/Page_General/link_notificationIcon' is clicked on

2018-09-28 18:41:31 - [MESSAGE][PASSED] - Delayed 5 second(s)

2018-09-28 18:41:31 - [MESSAGE][PASSED] - Text of object '' is: 'You received 104.94 redeemable points'

2018-09-28 18:41:31 - [MESSAGE][PASSED] - Keyword VerifyNotificationText is Passed

2018-09-28 18:41:31 - [TEST_STEP][PASSED] - beautytap.GeneralAction.selectProfileMenu: beautytap.GeneralAction.selectProfileMenu is PASSED

2018-09-28 18:41:31 - [MESSAGE][PASSED] - Object: 'Object Repository/Page_General/link_avatar' is clicked on

2018-09-28 18:41:33 - [MESSAGE][PASSED] - Delayed 2 second(s)

2018-09-28 18:41:36 - [MESSAGE][PASSED] - Object: '' is clicked on

2018-09-28 18:41:36 - [MESSAGE][PASSED] - Wait for page load successfully

2018-09-28 18:41:36 - [MESSAGE][PASSED] - beautytap.GeneralAction.selectProfileMenu is PASSED

2018-09-28 18:41:36 - [TEST_STEP][PASSED] - Statement - newLifetime = java.lang.Float.parseFloat(java.lang.String.format("%.2f", lifetime + rewardEarned)): null

2018-09-28 18:41:36 - [TEST_STEP][PASSED] - Statement - newRedeemable = java.lang.Float.parseFloat(java.lang.String.format("%.2f", redeemable + rewardEarned)): null

2018-09-28 18:41:36 - [TEST_STEP][PASSED] - Statement - newPointValue = CustomKeywords.beautytap.ShopAction.calculateLoyaltyPointValue(newRedeemable): beautytap.ShopAction.calculateLoyaltyPointValue is PASSED

2018-09-28 18:41:36 - [MESSAGE][PASSED] - beautytap.ShopAction.calculateLoyaltyPointValue is PASSED

2018-09-28 18:41:36 - [TEST_STEP][PASSED] - beautytap.ShopAction.VerifyRewardPointsDetails: Keyword VerifyRewardPoints is Passed

2018-09-28 18:41:37 - [MESSAGE][PASSED] - Text of object '' is: '7476.49'

2018-09-28 18:41:37 - [MESSAGE][PASSED] - Text of object '' is: '3162.38'

2018-09-28 18:41:37 - [MESSAGE][PASSED] - Text of object '' is: '4746.49'

2018-09-28 18:41:37 - [MESSAGE][PASSED] - Text of object '' is: '$247.00'

2018-09-28 18:41:37 - [MESSAGE][PASSED] - Keyword VerifyRewardPoints is Passed

2018-09-28 18:41:37 - [TEST_STEP][PASSED] - beautytap.ShopAction.VerifyRewardHistory: Keyword VerifyRewardHistory is Passed

2018-09-28 18:41:37 - [MESSAGE][PASSED] - Object '' is present

2018-09-28 18:41:37 - [MESSAGE][PASSED] - Text of object '' is: ''

2018-09-28 18:41:37 - [MESSAGE][PASSED] - Text of object '' is: '$95.40'

2018-09-28 18:41:37 - [MESSAGE][PASSED] - Text of object '' is: '1.1'

2018-09-28 18:41:37 - [MESSAGE][PASSED] - Text of object '' is: '104.94'

2018-09-28 18:41:37 - [MESSAGE][PASSED] - Text of object '' is: '4746.49'

2018-09-28 18:41:37 - [MESSAGE][PASSED] - Keyword VerifyRewardHistory is Passed

2018-09-28 18:41:37 - [TEST_STEP][PASSED] - beautytap.GeneralAction.logout: beautytap.GeneralAction.logout is PASSED

2018-09-28 18:41:37 - [MESSAGE][PASSED] - Object: 'Object Repository/Page_General/link_avatar' is clicked on

2018-09-28 18:41:38 - [MESSAGE][PASSED] - Object 'Object Repository/Page_General/menu_logout' is present

2018-09-28 18:41:38 - [MESSAGE][PASSED] - Object: 'Object Repository/Page_General/menu_logout' is clicked on

2018-09-28 18:41:38 - [MESSAGE][PASSED] - Wait for page load successfully

2018-09-28 18:41:39 - [MESSAGE][PASSED] - Browser is closed

2018-09-28 18:41:39 - [MESSAGE][PASSED] - beautytap.GeneralAction.logout is PASSED]]></system-out>
         <system-err><![CDATA[]]></system-err>
      </testcase>
      <testcase name="Test Cases/Shop/TC08_BuyProduct_UsingRewardPoint" classname="Test Cases/Shop/TC08_BuyProduct_UsingRewardPoint" status="PASSED">
         <system-out><![CDATA[2018-09-28 18:41:41 - [TEST_CASE][PASSED] - Test Cases/Shop/TC08_BuyProduct_UsingRewardPoint: Test Cases/Shop/TC08_BuyProduct_UsingRewardPoint

2018-09-28 18:41:41 - [TEST_STEP][PASSED] - Statement - username = USER_EMAIL: null

2018-09-28 18:41:41 - [TEST_STEP][PASSED] - Statement - password = USER_PASSWORD: null

2018-09-28 18:41:41 - [TEST_STEP][PASSED] - Statement - productName = SIMPLE_PRODUCT: null

2018-09-28 18:41:41 - [TEST_STEP][PASSED] - Statement - price = SIMPLE_PRODUCT_PRICE: null

2018-09-28 18:41:41 - [TEST_STEP][PASSED] - Statement - quantity = 3: null

2018-09-28 18:41:41 - [TEST_STEP][PASSED] - Statement - shippingLabel = FREE_SHIPPING_LABEL: null

2018-09-28 18:41:41 - [TEST_STEP][PASSED] - Statement - shippingPrice = 0: null

2018-09-28 18:41:41 - [TEST_STEP][PASSED] - Statement - pointUsed = 60: null

2018-09-28 18:41:41 - [TEST_STEP][PASSED] - Statement - pointValueUsed = 2: null

2018-09-28 18:41:41 - [TEST_STEP][PASSED] - Statement - subtotal = CustomKeywords.beautytap.ShopAction.calculateTotal(quantity, price): beautytap.ShopAction.calculateTotal is PASSED

2018-09-28 18:41:41 - [MESSAGE][PASSED] - beautytap.ShopAction.calculateTotal is PASSED

2018-09-28 18:41:41 - [TEST_STEP][PASSED] - Statement - subtotalApplyReward = java.lang.Float.parseFloat(java.lang.String.format("%.2f", subtotal - pointValueUsed)): null

2018-09-28 18:41:41 - [TEST_STEP][PASSED] - Statement - total = java.lang.Float.parseFloat(java.lang.String.format("%.2f", subtotal - pointValueUsed + shippingPrice)): null

2018-09-28 18:41:41 - [TEST_STEP][PASSED] - Statement - products = new org.json.JSONArray((((((([{"productname":" + productName) + ","variation":"","quantity":") + quantity) + ","price":") + price) + "}])): null

2018-09-28 18:41:41 - [TEST_STEP][PASSED] - Statement - billingInformation = new org.json.JSONObject((({"firstname":"Test","lastname":"Automation","country":"United States (US)","address":"123 Testing","city":"New York","state":"New York","zip":"90012","email":" + username) + "})): null

2018-09-28 18:41:41 - [TEST_STEP][PASSED] - Statement - paymentMethod = "PayPal": null

2018-09-28 18:41:41 - [TEST_STEP][PASSED] - beautytap.GeneralAction.openBeautytap: beautytap.GeneralAction.openBeautytap is PASSED

2018-09-28 18:41:50 - [MESSAGE][PASSED] - Browser is opened with url: 'https://stage.beautytap.com'

2018-09-28 18:41:51 - [MESSAGE][PASSED] - Current window maximized

2018-09-28 18:41:55 - [MESSAGE][PASSED] - Refresh successfully

2018-09-28 18:41:55 - [MESSAGE][PASSED] - Wait for page load successfully

2018-09-28 18:41:55 - [MESSAGE][PASSED] - beautytap.GeneralAction.openBeautytap is PASSED

2018-09-28 18:41:55 - [TEST_STEP][PASSED] - beautytap.GeneralAction.clickNavigationMenu: beautytap.GeneralAction.clickNavigationMenu is PASSED

2018-09-28 18:41:57 - [MESSAGE][PASSED] - Object: 'Object Repository/Page_General/link_login' is clicked on

2018-09-28 18:41:57 - [MESSAGE][PASSED] - Wait for page load successfully

2018-09-28 18:41:57 - [MESSAGE][PASSED] - beautytap.GeneralAction.clickNavigationMenu is PASSED

2018-09-28 18:41:57 - [TEST_STEP][PASSED] - beautytap.GeneralAction.login: beautytap.GeneralAction.login is PASSED

2018-09-28 18:41:57 - [MESSAGE][PASSED] - Text of object 'Object Repository/Page_login/txt_username' is cleared

2018-09-28 18:41:58 - [MESSAGE][PASSED] - Keys 'trang2408@mailinator.com' sent to object: 'Object Repository/Page_login/txt_username'

2018-09-28 18:41:58 - [MESSAGE][PASSED] - Text of object 'Object Repository/Page_login/txt_password' is cleared

2018-09-28 18:41:58 - [MESSAGE][PASSED] - Keys '123456' sent to object: 'Object Repository/Page_login/txt_password'

2018-09-28 18:41:58 - [MESSAGE][PASSED] - Object: 'Object Repository/Page_login/btn_login' is clicked on

2018-09-28 18:41:58 - [MESSAGE][PASSED] - Wait for page load successfully

2018-09-28 18:41:58 - [MESSAGE][PASSED] - beautytap.GeneralAction.login is PASSED

2018-09-28 18:41:58 - [TEST_STEP][PASSED] - beautytap.GeneralAction.selectProfileMenu: beautytap.GeneralAction.selectProfileMenu is PASSED

2018-09-28 18:42:07 - [MESSAGE][PASSED] - Object: 'Object Repository/Page_General/link_avatar' is clicked on

2018-09-28 18:42:09 - [MESSAGE][PASSED] - Delayed 2 second(s)

2018-09-28 18:42:12 - [MESSAGE][PASSED] - Object: '' is clicked on

2018-09-28 18:42:12 - [MESSAGE][PASSED] - Wait for page load successfully

2018-09-28 18:42:12 - [MESSAGE][PASSED] - beautytap.GeneralAction.selectProfileMenu is PASSED

2018-09-28 18:42:12 - [TEST_STEP][PASSED] - Statement - objReward = CustomKeywords.beautytap.ShopAction.getRewardDetails(): beautytap.ShopAction.getRewardDetails is PASSED

2018-09-28 18:42:12 - [MESSAGE][PASSED] - Text of object '' is: '1.1 x Rewards Multiplier!'

2018-09-28 18:42:12 - [MESSAGE][PASSED] - Text of object '' is: '1.1 x Rewards Multiplier!'

2018-09-28 18:42:12 - [MESSAGE][PASSED] - Text of object '' is: '7476.49'

2018-09-28 18:42:12 - [MESSAGE][PASSED] - Text of object '' is: '3162.38'

2018-09-28 18:42:12 - [MESSAGE][PASSED] - Text of object '' is: '4746.49'

2018-09-28 18:42:12 - [MESSAGE][PASSED] - Text of object '' is: '$247.00'

2018-09-28 18:42:12 - [MESSAGE][PASSED] - Text of object '' is: 'Beauty Bae'

2018-09-28 18:42:12 - [MESSAGE][PASSED] - beautytap.ShopAction.getRewardDetails is PASSED

2018-09-28 18:42:12 - [TEST_STEP][PASSED] - Statement - multiplier = java.lang.Float.parseFloat(objReward.get("multiplier")): null

2018-09-28 18:42:12 - [TEST_STEP][PASSED] - Statement - currentlevel = objReward.get("currentlevel"): null

2018-09-28 18:42:12 - [TEST_STEP][PASSED] - Statement - lifetime = java.lang.Float.parseFloat(objReward.get("lifetime")): null

2018-09-28 18:42:12 - [TEST_STEP][PASSED] - Statement - pending = java.lang.Float.parseFloat(objReward.get("pending")): null

2018-09-28 18:42:12 - [TEST_STEP][PASSED] - Statement - redeemable = java.lang.Float.parseFloat(objReward.get("redeemable")): null

2018-09-28 18:42:12 - [TEST_STEP][PASSED] - Statement - pointvalue = java.lang.Float.parseFloat(objReward.get("pointvalue")): null

2018-09-28 18:42:12 - [TEST_STEP][PASSED] - Statement - rewardEarned = java.lang.Float.parseFloat(java.lang.String.format("%.2f", multiplier * subtotal - pointValueUsed)): null

2018-09-28 18:42:12 - [TEST_STEP][PASSED] - beautytap.ShopAction.globalSearch: beautytap.ShopAction.globalSearch is PASSED

2018-09-28 18:42:13 - [MESSAGE][PASSED] - Object: 'Object Repository/Page_General/icon_search' is clicked on

2018-09-28 18:42:18 - [MESSAGE][PASSED] - Delayed 5 second(s)

2018-09-28 18:42:18 - [MESSAGE][PASSED] - Text of object 'Object Repository/Page_General/txt_search' is cleared

2018-09-28 18:42:18 - [MESSAGE][PASSED] - Keys 'CONTROL + v' sent to object: 'Object Repository/Page_General/txt_search'

2018-09-28 18:42:19 - [MESSAGE][PASSED] - Object 'Object Repository/Page_General/div_searchResult' is present

2018-09-28 18:42:19 - [MESSAGE][PASSED] - beautytap.ShopAction.globalSearch is PASSED

2018-09-28 18:42:19 - [TEST_STEP][PASSED] - beautytap.ShopAction.selectProductOnSearchResult: beautytap.ShopAction.selectProductOnSearchResult is PASSED

2018-09-28 18:42:26 - [MESSAGE][PASSED] - Object: '' is clicked on

2018-09-28 18:42:26 - [MESSAGE][PASSED] - Wait for page load successfully

2018-09-28 18:42:26 - [MESSAGE][PASSED] - beautytap.ShopAction.selectProductOnSearchResult is PASSED

2018-09-28 18:42:26 - [TEST_STEP][PASSED] - beautytap.ShopAction.addProductToCart: beautytap.ShopAction.addProductToCart is PASSED

2018-09-28 18:42:26 - [MESSAGE][PASSED] - Text of object 'Object Repository/Page_Shop/txt_quantity' is cleared

2018-09-28 18:42:26 - [MESSAGE][PASSED] - Keys '3' sent to object: 'Object Repository/Page_Shop/txt_quantity'

2018-09-28 18:42:26 - [MESSAGE][PASSED] - Object: 'Object Repository/Page_Shop/btn_addToCart' is clicked on

2018-09-28 18:42:26 - [MESSAGE][PASSED] - Wait for page load successfully

2018-09-28 18:42:31 - [MESSAGE][PASSED] - Object 'Object Repository/Page_Shop/lbl_message' is present

2018-09-28 18:42:31 - [MESSAGE][PASSED] - beautytap.ShopAction.addProductToCart is PASSED

2018-09-28 18:42:31 - [TEST_STEP][PASSED] - beautytap.ShopAction.goToCart: beautytap.ShopAction.goToCart is PASSED

2018-09-28 18:42:31 - [MESSAGE][PASSED] - Object 'Object Repository/Page_General/icon_cart' is present

2018-09-28 18:42:36 - [MESSAGE][PASSED] - Object: 'Object Repository/Page_General/icon_cart' is clicked on

2018-09-28 18:42:36 - [MESSAGE][PASSED] - Wait for page load successfully

2018-09-28 18:42:36 - [MESSAGE][PASSED] - beautytap.ShopAction.goToCart is PASSED

2018-09-28 18:42:36 - [TEST_STEP][PASSED] - beautytap.ShopAction.processToCheckout: beautytap.ShopAction.processToCheckout is PASSED

2018-09-28 18:42:40 - [MESSAGE][PASSED] - Object: 'Object Repository/Page_Cart/btn_checkout' is clicked on

2018-09-28 18:42:40 - [MESSAGE][PASSED] - Wait for page load successfully

2018-09-28 18:42:40 - [MESSAGE][PASSED] - beautytap.ShopAction.processToCheckout is PASSED

2018-09-28 18:42:40 - [TEST_STEP][PASSED] - beautytap.ShopAction.applyLoyaltyRewardPoint: beautytap.ShopAction.applyLoyaltyRewardPoint is PASSED

2018-09-28 18:42:40 - [MESSAGE][PASSED] - Object: 'Object Repository/Page_Checkout/link_clickToRedeem' is clicked on

2018-09-28 18:42:40 - [MESSAGE][PASSED] - Object '' is checked

2018-09-28 18:42:40 - [MESSAGE][PASSED] - Object: 'Object Repository/Page_Checkout/btn_applyReward' is clicked on

2018-09-28 18:42:41 - [MESSAGE][PASSED] - Object '' is present

2018-09-28 18:42:41 - [MESSAGE][PASSED] - beautytap.ShopAction.applyLoyaltyRewardPoint is PASSED

2018-09-28 18:42:41 - [TEST_STEP][PASSED] - beautytap.ShopAction.fillCustomerInformation: beautytap.ShopAction.fillCustomerInformation is PASSED

2018-09-28 18:42:41 - [MESSAGE][PASSED] - Text of object 'Object Repository/Page_Checkout/txt_billingFirstName' is cleared

2018-09-28 18:42:41 - [MESSAGE][PASSED] - Keys 'Test' sent to object: 'Object Repository/Page_Checkout/txt_billingFirstName'

2018-09-28 18:42:41 - [MESSAGE][PASSED] - Text of object 'Object Repository/Page_Checkout/txt_billingLastName' is cleared

2018-09-28 18:42:42 - [MESSAGE][PASSED] - Keys 'Automation' sent to object: 'Object Repository/Page_Checkout/txt_billingLastName'

2018-09-28 18:42:42 - [MESSAGE][PASSED] - All options with label 'United States (US)' are selected in object 'Object Repository/Page_Checkout/drop_billingCountry' 

2018-09-28 18:42:47 - [MESSAGE][PASSED] - Delayed 5 second(s)

2018-09-28 18:42:47 - [MESSAGE][PASSED] - Text of object 'Object Repository/Page_Checkout/txt_billingAddress' is cleared

2018-09-28 18:42:47 - [MESSAGE][PASSED] - Keys '123 Testing' sent to object: 'Object Repository/Page_Checkout/txt_billingAddress'

2018-09-28 18:42:47 - [MESSAGE][PASSED] - Text of object 'Object Repository/Page_Checkout/txt_billingCity' is cleared

2018-09-28 18:42:48 - [MESSAGE][PASSED] - Keys 'New York' sent to object: 'Object Repository/Page_Checkout/txt_billingCity'

2018-09-28 18:42:48 - [MESSAGE][PASSED] - All options with label 'New York' are selected in object 'Object Repository/Page_Checkout/drop_billingState' 

2018-09-28 18:42:48 - [MESSAGE][PASSED] - Text of object 'Object Repository/Page_Checkout/txt_billingZip' is cleared

2018-09-28 18:42:48 - [MESSAGE][PASSED] - Keys '90012' sent to object: 'Object Repository/Page_Checkout/txt_billingZip'

2018-09-28 18:42:48 - [MESSAGE][PASSED] - Text of object 'Object Repository/Page_Checkout/txt_billingEmail' is cleared

2018-09-28 18:42:49 - [MESSAGE][PASSED] - Keys 'trang2408@mailinator.com' sent to object: 'Object Repository/Page_Checkout/txt_billingEmail'

2018-09-28 18:42:49 - [MESSAGE][PASSED] - Object 'Object Repository/Page_Checkout/chk_shipToDifferentAddress' is un-checked

2018-09-28 18:42:49 - [MESSAGE][PASSED] - Text of object 'Object Repository/Page_Checkout/txt_orderNote' is cleared

2018-09-28 18:42:49 - [MESSAGE][PASSED] - Keys 'TC08_checkout with reward' sent to object: 'Object Repository/Page_Checkout/txt_orderNote'

2018-09-28 18:42:49 - [MESSAGE][PASSED] - Object 'Object Repository/Page_Checkout/radio_creditCard' is checked

2018-09-28 18:42:54 - [MESSAGE][PASSED] - Delayed 5 second(s)

2018-09-28 18:42:54 - [MESSAGE][PASSED] - beautytap.ShopAction.fillCustomerInformation is PASSED

2018-09-28 18:42:54 - [TEST_STEP][PASSED] - beautytap.ShopAction.VerifyOrderDetailsOnCheckout: Keyword VerifyOrderDetailsOnCheckout is Passed

2018-09-28 18:42:54 - [MESSAGE][PASSED] - Object '' is present

2018-09-28 18:42:54 - [MESSAGE][PASSED] - Text of object '' is: '$95.40'

2018-09-28 18:42:54 - [MESSAGE][PASSED] - Text of object '' is: '60 points used'

2018-09-28 18:42:54 - [MESSAGE][PASSED] - Text of object '' is: '60 points used'

2018-09-28 18:42:55 - [MESSAGE][PASSED] - Text of object '' is: '$2.00'

2018-09-28 18:42:55 - [MESSAGE][PASSED] - Text of object '' is: 'Free shipping for orders over $60
Why does shipping take this long?'

2018-09-28 18:42:55 - [MESSAGE][PASSED] - Text of object '' is: '$93.40'

2018-09-28 18:42:55 - [MESSAGE][PASSED] - Keyword VerifyOrderDetailsOnCheckout is Passed

2018-09-28 18:42:55 - [TEST_STEP][PASSED] - beautytap.ShopAction.VerifyRewardEarned: Keyword VerifyRewardEarned is Passed

2018-09-28 18:42:55 - [MESSAGE][PASSED] - Text of object '' is: 'Status: Beauty Bae ( $93.4 x Rewards Multiplier )'

2018-09-28 18:42:55 - [MESSAGE][PASSED] - Text of object '' is: 'Status: Beauty Bae ( $93.4 x Rewards Multiplier )'

2018-09-28 18:42:55 - [MESSAGE][PASSED] - Text of object '' is: 'Status: Beauty Bae ( $93.4 x Rewards Multiplier )'

2018-09-28 18:42:55 - [MESSAGE][PASSED] - Text of object '' is: 'Multiplier: $93.4 x 1.1'

2018-09-28 18:42:55 - [MESSAGE][PASSED] - Text of object '' is: 'Multiplier: $93.4 x 1.1'

2018-09-28 18:42:55 - [MESSAGE][PASSED] - Text of object '' is: '102.7 Points!'

2018-09-28 18:42:55 - [MESSAGE][PASSED] - Text of object '' is: '102.7 Points!'

2018-09-28 18:42:55 - [MESSAGE][PASSED] - Text of object '' is: 'Multiplier: $93.4 x 1.1'

2018-09-28 18:42:55 - [MESSAGE][PASSED] - Text of object '' is: 'Multiplier: $93.4 x 1.1'

2018-09-28 18:42:55 - [MESSAGE][PASSED] - Text of object '' is: 'Multiplier: $93.4 x 1.1'

2018-09-28 18:42:55 - [MESSAGE][PASSED] - Keyword VerifyRewardEarned is Passed

2018-09-28 18:42:55 - [TEST_STEP][PASSED] - beautytap.ShopAction.checkoutViaPaypal: beautytap.ShopAction.checkoutViaPaypal is PASSED

2018-09-28 18:42:55 - [MESSAGE][PASSED] - Object 'Object Repository/Page_Checkout/radio_paypal' is checked

2018-09-28 18:43:00 - [MESSAGE][PASSED] - Delayed 5 second(s)

2018-09-28 18:43:01 - [MESSAGE][PASSED] - Object 'Object Repository/Page_Checkout/chk_terms' is checked

2018-09-28 18:43:01 - [MESSAGE][PASSED] - Object: 'Object Repository/Page_Checkout/btn_placeOrder' is clicked on

2018-09-28 18:43:08 - [MESSAGE][PASSED] - Object 'Object Repository/Page_Paypal/txt_email' is present

2018-09-28 18:43:08 - [MESSAGE][PASSED] - Text of object 'Object Repository/Page_Paypal/txt_email' is cleared

2018-09-28 18:43:08 - [MESSAGE][PASSED] - Keys 'g1.posiba@gmail.com' sent to object: 'Object Repository/Page_Paypal/txt_email'

2018-09-28 18:43:08 - [MESSAGE][PASSED] - Text of object 'Object Repository/Page_Paypal/txt_password' is cleared

2018-09-28 18:43:09 - [MESSAGE][PASSED] - Keys 'Tr@ng99%' sent to object: 'Object Repository/Page_Paypal/txt_password'

2018-09-28 18:43:20 - [MESSAGE][PASSED] - Object: 'Object Repository/Page_Paypal/btn_login' is clicked on

2018-09-28 18:43:22 - [MESSAGE][PASSED] - Object 'Object Repository/Page_Paypal/btn_payNow' is present

2018-09-28 18:43:27 - [MESSAGE][PASSED] - Delayed 5 second(s)

2018-09-28 18:43:27 - [MESSAGE][PASSED] - Object: 'Object Repository/Page_Paypal/btn_payNow' is clicked on

2018-09-28 18:43:46 - [MESSAGE][PASSED] - Object 'Object Repository/Page_Checkout/lbl_orderReceived' is present

2018-09-28 18:43:46 - [MESSAGE][PASSED] - beautytap.ShopAction.checkoutViaPaypal is PASSED

2018-09-28 18:43:46 - [TEST_STEP][PASSED] - beautytap.ShopAction.VerifyOrderReceivedDetails: Keyword VerifyOrderReceivedDetails is Passed

2018-09-28 18:43:46 - [MESSAGE][PASSED] - Object '' is present

2018-09-28 18:43:46 - [MESSAGE][PASSED] - Text of object '' is: '$95.40'

2018-09-28 18:43:46 - [MESSAGE][PASSED] - Text of object '' is: '60 points used'

2018-09-28 18:43:46 - [MESSAGE][PASSED] - Text of object '' is: '60 points used'

2018-09-28 18:43:46 - [MESSAGE][PASSED] - Text of object '' is: '$2.00'

2018-09-28 18:43:46 - [MESSAGE][PASSED] - Text of object '' is: 'Free shipping for orders over $60'

2018-09-28 18:43:52 - [MESSAGE][WARNING] - com.kms.katalon.core.webui.exception.WebElementNotFoundException: Web element with id: '' located by 'By.xpath: //th[text()='Shipping:']/parent::tr/td/span' not found
[[ATTACHMENT|E:\\BeautytapAutomation\\beautytapAuto\\Beautytap\\Reports\\Regression\\20180928_183104\\1538135032044.png]]

2018-09-28 18:43:52 - [MESSAGE][PASSED] - Text of object '' is: 'PayPal'

2018-09-28 18:43:52 - [MESSAGE][PASSED] - Text of object '' is: '$93.40'

2018-09-28 18:43:52 - [MESSAGE][PASSED] - Keyword VerifyOrderReceivedDetails is Passed

2018-09-28 18:43:52 - [TEST_STEP][PASSED] - Statement - orderInfo = CustomKeywords.beautytap.ShopAction.getOrderInfoOnOrderReceived(): beautytap.ShopAction.getOrderInfoOnOrderReceived is PASSED

2018-09-28 18:43:52 - [MESSAGE][PASSED] - Text of object '' is: '137065'

2018-09-28 18:43:52 - [MESSAGE][PASSED] - Text of object '' is: 'September 28, 2018'

2018-09-28 18:43:52 - [MESSAGE][PASSED] - beautytap.ShopAction.getOrderInfoOnOrderReceived is PASSED

2018-09-28 18:43:52 - [TEST_STEP][PASSED] - Statement - orderNumber = orderInfo.get("ordernumber"): null

2018-09-28 18:43:52 - [TEST_STEP][PASSED] - beautytap.ShopAction.VerifyRewardEarned: Keyword VerifyRewardEarned is Passed

2018-09-28 18:43:52 - [MESSAGE][PASSED] - Text of object '' is: 'Status: Beauty Bae ( $93.40 x Rewards Multiplier )'

2018-09-28 18:43:52 - [MESSAGE][PASSED] - Text of object '' is: 'Status: Beauty Bae ( $93.40 x Rewards Multiplier )'

2018-09-28 18:43:52 - [MESSAGE][PASSED] - Text of object '' is: 'Status: Beauty Bae ( $93.40 x Rewards Multiplier )'

2018-09-28 18:43:52 - [MESSAGE][PASSED] - Text of object '' is: 'Multiplier: $93.40 x 1.1'

2018-09-28 18:43:52 - [MESSAGE][PASSED] - Text of object '' is: 'Multiplier: $93.40 x 1.1'

2018-09-28 18:43:52 - [MESSAGE][PASSED] - Text of object '' is: '102.7 Points!'

2018-09-28 18:43:52 - [MESSAGE][PASSED] - Text of object '' is: '102.7 Points!'

2018-09-28 18:43:52 - [MESSAGE][PASSED] - Text of object '' is: 'Multiplier: $93.40 x 1.1'

2018-09-28 18:43:52 - [MESSAGE][PASSED] - Text of object '' is: 'Multiplier: $93.40 x 1.1'

2018-09-28 18:43:52 - [MESSAGE][PASSED] - Text of object '' is: 'Multiplier: $93.40 x 1.1'

2018-09-28 18:43:52 - [MESSAGE][PASSED] - Keyword VerifyRewardEarned is Passed

2018-09-28 18:43:52 - [TEST_STEP][PASSED] - beautytap.GeneralAction.selectProfileMenu: beautytap.GeneralAction.selectProfileMenu is PASSED

2018-09-28 18:43:53 - [MESSAGE][PASSED] - Object: 'Object Repository/Page_General/link_avatar' is clicked on

2018-09-28 18:43:55 - [MESSAGE][PASSED] - Delayed 2 second(s)

2018-09-28 18:43:58 - [MESSAGE][PASSED] - Object: '' is clicked on

2018-09-28 18:43:58 - [MESSAGE][PASSED] - Wait for page load successfully

2018-09-28 18:43:58 - [MESSAGE][PASSED] - beautytap.GeneralAction.selectProfileMenu is PASSED

2018-09-28 18:43:58 - [TEST_STEP][PASSED] - Statement - newPending = java.lang.Float.parseFloat(java.lang.String.format("%.2f", pending + rewardEarned)): null

2018-09-28 18:43:58 - [TEST_STEP][PASSED] - Statement - newRedeemable = java.lang.Float.parseFloat(java.lang.String.format("%.2f", redeemable - pointUsed)): null

2018-09-28 18:43:58 - [TEST_STEP][PASSED] - Statement - newPointValue = CustomKeywords.beautytap.ShopAction.calculateLoyaltyPointValue(newRedeemable): beautytap.ShopAction.calculateLoyaltyPointValue is PASSED

2018-09-28 18:43:58 - [MESSAGE][PASSED] - beautytap.ShopAction.calculateLoyaltyPointValue is PASSED

2018-09-28 18:43:58 - [TEST_STEP][PASSED] - beautytap.ShopAction.VerifyRewardPointsDetails: Keyword VerifyRewardPoints is Passed

2018-09-28 18:43:58 - [MESSAGE][PASSED] - Text of object '' is: '7476.49'

2018-09-28 18:43:58 - [MESSAGE][PASSED] - Text of object '' is: '3265.12'

2018-09-28 18:43:58 - [MESSAGE][PASSED] - Text of object '' is: '4686.49'

2018-09-28 18:43:58 - [MESSAGE][PASSED] - Text of object '' is: '$245.00'

2018-09-28 18:43:58 - [MESSAGE][PASSED] - Keyword VerifyRewardPoints is Passed

2018-09-28 18:43:58 - [TEST_STEP][PASSED] - beautytap.ShopAction.VerifyRewardHistory: Keyword VerifyRewardHistory is Passed

2018-09-28 18:43:58 - [MESSAGE][PASSED] - Object '' is present

2018-09-28 18:43:58 - [MESSAGE][PASSED] - Text of object '' is: '60'

2018-09-28 18:43:58 - [MESSAGE][PASSED] - Text of object '' is: '60'

2018-09-28 18:43:58 - [MESSAGE][PASSED] - Text of object '' is: '$93.40'

2018-09-28 18:43:58 - [MESSAGE][PASSED] - Text of object '' is: '1.1'

2018-09-28 18:43:58 - [MESSAGE][PASSED] - Text of object '' is: '-60.00'

2018-09-28 18:43:59 - [MESSAGE][PASSED] - Text of object '' is: '4686.49'

2018-09-28 18:43:59 - [MESSAGE][PASSED] - Keyword VerifyRewardHistory is Passed

2018-09-28 18:43:59 - [TEST_STEP][PASSED] - beautytap.ShopAction.VerifyRewardHistory: Keyword VerifyRewardHistory is Passed

2018-09-28 18:43:59 - [MESSAGE][PASSED] - Object '' is present

2018-09-28 18:43:59 - [MESSAGE][PASSED] - Text of object '' is: '60'

2018-09-28 18:43:59 - [MESSAGE][PASSED] - Text of object '' is: '60'

2018-09-28 18:43:59 - [MESSAGE][PASSED] - Text of object '' is: '$93.40'

2018-09-28 18:43:59 - [MESSAGE][PASSED] - Text of object '' is: '1.1'

2018-09-28 18:43:59 - [MESSAGE][PASSED] - Text of object '' is: '0.00'

2018-09-28 18:43:59 - [MESSAGE][PASSED] - Text of object '' is: '4686.49'

2018-09-28 18:43:59 - [MESSAGE][PASSED] - Keyword VerifyRewardHistory is Passed

2018-09-28 18:43:59 - [TEST_STEP][PASSED] - beautytap.GeneralAction.logout: beautytap.GeneralAction.logout is PASSED

2018-09-28 18:43:59 - [MESSAGE][PASSED] - Object: 'Object Repository/Page_General/link_avatar' is clicked on

2018-09-28 18:44:00 - [MESSAGE][PASSED] - Object 'Object Repository/Page_General/menu_logout' is present

2018-09-28 18:44:00 - [MESSAGE][PASSED] - Object: 'Object Repository/Page_General/menu_logout' is clicked on

2018-09-28 18:44:00 - [MESSAGE][PASSED] - Wait for page load successfully

2018-09-28 18:44:00 - [MESSAGE][PASSED] - beautytap.GeneralAction.logout is PASSED

2018-09-28 18:44:00 - [TEST_STEP][PASSED] - beautytap.GeneralAction.clickNavigationMenu: beautytap.GeneralAction.clickNavigationMenu is PASSED

2018-09-28 18:44:07 - [MESSAGE][PASSED] - Object: 'Object Repository/Page_General/link_login' is clicked on

2018-09-28 18:44:07 - [MESSAGE][PASSED] - Wait for page load successfully

2018-09-28 18:44:07 - [MESSAGE][PASSED] - beautytap.GeneralAction.clickNavigationMenu is PASSED

2018-09-28 18:44:07 - [TEST_STEP][PASSED] - beautytap.GeneralAction.login: beautytap.GeneralAction.login is PASSED

2018-09-28 18:44:07 - [MESSAGE][PASSED] - Text of object 'Object Repository/Page_login/txt_username' is cleared

2018-09-28 18:44:07 - [MESSAGE][PASSED] - Keys 'mrwhite' sent to object: 'Object Repository/Page_login/txt_username'

2018-09-28 18:44:07 - [MESSAGE][PASSED] - Text of object 'Object Repository/Page_login/txt_password' is cleared

2018-09-28 18:44:07 - [MESSAGE][PASSED] - Keys 'kgySM$Im' sent to object: 'Object Repository/Page_login/txt_password'

2018-09-28 18:44:07 - [MESSAGE][PASSED] - Object: 'Object Repository/Page_login/btn_login' is clicked on

2018-09-28 18:44:07 - [MESSAGE][PASSED] - Wait for page load successfully

2018-09-28 18:44:07 - [MESSAGE][PASSED] - beautytap.GeneralAction.login is PASSED

2018-09-28 18:44:07 - [TEST_STEP][PASSED] - navigateToUrl: Navigate to 'https://stage.beautytap.com/admin' successfully

2018-09-28 18:44:14 - [MESSAGE][PASSED] - Navigate to 'https://stage.beautytap.com/admin' successfully

2018-09-28 18:44:14 - [TEST_STEP][PASSED] - beautytap.AdminAction.changeOrderStatus: beautytap.AdminAction.changeOrderStatus is PASSED

2018-09-28 18:44:22 - [MESSAGE][PASSED] - Object: '' is clicked on

2018-09-28 18:44:22 - [MESSAGE][PASSED] - Wait for page load successfully

2018-09-28 18:44:27 - [MESSAGE][PASSED] - Object: '' is clicked on

2018-09-28 18:44:27 - [MESSAGE][PASSED] - Wait for page load successfully

2018-09-28 18:44:27 - [MESSAGE][PASSED] - Text of object 'Object Repository/Page_Admin/txt_searchOrder' is cleared

2018-09-28 18:44:27 - [MESSAGE][PASSED] - Keys '137065' sent to object: 'Object Repository/Page_Admin/txt_searchOrder'

2018-09-28 18:44:31 - [MESSAGE][PASSED] - Object: 'Object Repository/Page_Admin/btn_searchOrder' is clicked on

2018-09-28 18:44:31 - [MESSAGE][PASSED] - Wait for page load successfully

2018-09-28 18:44:37 - [MESSAGE][PASSED] - Object: '' is clicked on

2018-09-28 18:44:37 - [MESSAGE][PASSED] - Wait for page load successfully

2018-09-28 18:44:37 - [MESSAGE][PASSED] - All options with label 'Completed' are selected in object 'Object Repository/Page_Admin/drop_orderStatus' 

2018-09-28 18:44:37 - [MESSAGE][PASSED] - Object: 'Object Repository/Page_Admin/btn_saveOrder' is clicked on

2018-09-28 18:44:48 - [MESSAGE][PASSED] - Object 'Object Repository/Page_Admin/lbl_orderUpdatedMessage' is present

2018-09-28 18:44:48 - [MESSAGE][PASSED] - beautytap.AdminAction.changeOrderStatus is PASSED

2018-09-28 18:44:48 - [TEST_STEP][PASSED] - closeBrowser: Browser is closed

2018-09-28 18:44:49 - [MESSAGE][PASSED] - Browser is closed

2018-09-28 18:44:49 - [TEST_STEP][PASSED] - beautytap.GeneralAction.openBeautytap: beautytap.GeneralAction.openBeautytap is PASSED

2018-09-28 18:45:01 - [MESSAGE][PASSED] - Browser is opened with url: 'https://stage.beautytap.com'

2018-09-28 18:45:02 - [MESSAGE][PASSED] - Current window maximized

2018-09-28 18:45:05 - [MESSAGE][PASSED] - Refresh successfully

2018-09-28 18:45:05 - [MESSAGE][PASSED] - Wait for page load successfully

2018-09-28 18:45:05 - [MESSAGE][PASSED] - beautytap.GeneralAction.openBeautytap is PASSED

2018-09-28 18:45:05 - [TEST_STEP][PASSED] - beautytap.GeneralAction.clickNavigationMenu: beautytap.GeneralAction.clickNavigationMenu is PASSED

2018-09-28 18:45:08 - [MESSAGE][PASSED] - Object: 'Object Repository/Page_General/link_login' is clicked on

2018-09-28 18:45:08 - [MESSAGE][PASSED] - Wait for page load successfully

2018-09-28 18:45:08 - [MESSAGE][PASSED] - beautytap.GeneralAction.clickNavigationMenu is PASSED

2018-09-28 18:45:08 - [TEST_STEP][PASSED] - beautytap.GeneralAction.login: beautytap.GeneralAction.login is PASSED

2018-09-28 18:45:08 - [MESSAGE][PASSED] - Text of object 'Object Repository/Page_login/txt_username' is cleared

2018-09-28 18:45:08 - [MESSAGE][PASSED] - Keys 'trang2408@mailinator.com' sent to object: 'Object Repository/Page_login/txt_username'

2018-09-28 18:45:08 - [MESSAGE][PASSED] - Text of object 'Object Repository/Page_login/txt_password' is cleared

2018-09-28 18:45:08 - [MESSAGE][PASSED] - Keys '123456' sent to object: 'Object Repository/Page_login/txt_password'

2018-09-28 18:45:08 - [MESSAGE][PASSED] - Object: 'Object Repository/Page_login/btn_login' is clicked on

2018-09-28 18:45:08 - [MESSAGE][PASSED] - Wait for page load successfully

2018-09-28 18:45:08 - [MESSAGE][PASSED] - beautytap.GeneralAction.login is PASSED

2018-09-28 18:45:08 - [TEST_STEP][PASSED] - beautytap.GeneralAction.selectProfileMenu: beautytap.GeneralAction.selectProfileMenu is PASSED

2018-09-28 18:45:16 - [MESSAGE][PASSED] - Object: 'Object Repository/Page_General/link_avatar' is clicked on

2018-09-28 18:45:18 - [MESSAGE][PASSED] - Delayed 2 second(s)

2018-09-28 18:45:23 - [MESSAGE][PASSED] - Object: '' is clicked on

2018-09-28 18:45:24 - [MESSAGE][PASSED] - Wait for page load successfully

2018-09-28 18:45:24 - [MESSAGE][PASSED] - beautytap.GeneralAction.selectProfileMenu is PASSED

2018-09-28 18:45:24 - [TEST_STEP][PASSED] - Statement - newLifetime = java.lang.Float.parseFloat(java.lang.String.format("%.2f", lifetime + rewardEarned)): null

2018-09-28 18:45:24 - [TEST_STEP][PASSED] - Statement - newRedeemable = java.lang.Float.parseFloat(java.lang.String.format("%.2f", newRedeemable + rewardEarned)): null

2018-09-28 18:45:24 - [TEST_STEP][PASSED] - Statement - newPointValue = CustomKeywords.beautytap.ShopAction.calculateLoyaltyPointValue(newRedeemable): beautytap.ShopAction.calculateLoyaltyPointValue is PASSED

2018-09-28 18:45:24 - [MESSAGE][PASSED] - beautytap.ShopAction.calculateLoyaltyPointValue is PASSED

2018-09-28 18:45:24 - [TEST_STEP][PASSED] - beautytap.ShopAction.VerifyRewardPointsDetails: Keyword VerifyRewardPoints is Passed

2018-09-28 18:45:24 - [MESSAGE][PASSED] - Text of object '' is: '7579.23'

2018-09-28 18:45:24 - [MESSAGE][PASSED] - Text of object '' is: '3162.38'

2018-09-28 18:45:24 - [MESSAGE][PASSED] - Text of object '' is: '4789.23'

2018-09-28 18:45:24 - [MESSAGE][PASSED] - Text of object '' is: '$255.00'

2018-09-28 18:45:24 - [MESSAGE][PASSED] - Keyword VerifyRewardPoints is Passed

2018-09-28 18:45:24 - [TEST_STEP][PASSED] - beautytap.ShopAction.VerifyRewardHistory: Keyword VerifyRewardHistory is Passed

2018-09-28 18:45:24 - [MESSAGE][PASSED] - Object '' is present

2018-09-28 18:45:24 - [MESSAGE][PASSED] - Text of object '' is: '60'

2018-09-28 18:45:24 - [MESSAGE][PASSED] - Text of object '' is: '60'

2018-09-28 18:45:24 - [MESSAGE][PASSED] - Text of object '' is: '$93.40'

2018-09-28 18:45:24 - [MESSAGE][PASSED] - Text of object '' is: '1.1'

2018-09-28 18:45:24 - [MESSAGE][PASSED] - Text of object '' is: '102.74'

2018-09-28 18:45:24 - [MESSAGE][PASSED] - Text of object '' is: '4789.23'

2018-09-28 18:45:24 - [MESSAGE][PASSED] - Keyword VerifyRewardHistory is Passed

2018-09-28 18:45:24 - [TEST_STEP][PASSED] - beautytap.GeneralAction.logout: beautytap.GeneralAction.logout is PASSED

2018-09-28 18:45:24 - [MESSAGE][PASSED] - Object: 'Object Repository/Page_General/link_avatar' is clicked on

2018-09-28 18:45:25 - [MESSAGE][PASSED] - Object 'Object Repository/Page_General/menu_logout' is present

2018-09-28 18:45:25 - [MESSAGE][PASSED] - Object: 'Object Repository/Page_General/menu_logout' is clicked on

2018-09-28 18:45:25 - [MESSAGE][PASSED] - Wait for page load successfully

2018-09-28 18:45:26 - [MESSAGE][PASSED] - Browser is closed

2018-09-28 18:45:26 - [MESSAGE][PASSED] - beautytap.GeneralAction.logout is PASSED]]></system-out>
         <system-err><![CDATA[]]></system-err>
      </testcase>
      <testcase name="Test Cases/Shop/TC03_Search_SimpleProduct_Sale_Creditcard_LessThan60_Normal" classname="Test Cases/Shop/TC03_Search_SimpleProduct_Sale_Creditcard_LessThan60_Normal" status="PASSED">
         <system-out><![CDATA[2018-09-28 18:45:28 - [TEST_CASE][PASSED] - Test Cases/Shop/TC03_Search_SimpleProduct_Sale_Creditcard_LessThan60_Normal: Test Cases/Shop/TC03_Search_SimpleProduct_Sale_Creditcard_LessThan60_Normal

2018-09-28 18:45:28 - [TEST_STEP][PASSED] - Statement - productName = SIMPLE_SALE_PRODUCT: null

2018-09-28 18:45:28 - [TEST_STEP][PASSED] - Statement - searchName = productName.substring(0, productName.indexOf("/")): null

2018-09-28 18:45:28 - [TEST_STEP][PASSED] - Statement - saleprice = SIMPLE_SALE_PRICE: null

2018-09-28 18:45:28 - [TEST_STEP][PASSED] - Statement - regularprice = SIMPLE_SALE_REGULAR_PRICE: null

2018-09-28 18:45:28 - [TEST_STEP][PASSED] - Statement - r_string = new java.lang.Math().random().toString().substring(2, 8): null

2018-09-28 18:45:28 - [TEST_STEP][PASSED] - Statement - email = "auto" + r_string + "@mailinator.com": null

2018-09-28 18:45:28 - [TEST_STEP][PASSED] - Statement - orderNote = "auto" + r_string + "Order": null

2018-09-28 18:45:28 - [TEST_STEP][PASSED] - Statement - currentNumberItemInCart = <not implemented yet for class: org.codehaus.groovy.ast.expr.EmptyExpression>: null

2018-09-28 18:45:28 - [TEST_STEP][PASSED] - Statement - quantity = 1: null

2018-09-28 18:45:28 - [TEST_STEP][PASSED] - Statement - subtotal = CustomKeywords.beautytap.ShopAction.calculateTotal(quantity, saleprice): beautytap.ShopAction.calculateTotal is PASSED

2018-09-28 18:45:28 - [MESSAGE][PASSED] - beautytap.ShopAction.calculateTotal is PASSED

2018-09-28 18:45:28 - [TEST_STEP][PASSED] - Statement - total = subtotal + SHIPPING_PRICE: null

2018-09-28 18:45:28 - [TEST_STEP][PASSED] - Statement - total = CustomKeywords.beautytap.ShopAction.calculateTotal(1, total): beautytap.ShopAction.calculateTotal is PASSED

2018-09-28 18:45:28 - [MESSAGE][PASSED] - beautytap.ShopAction.calculateTotal is PASSED

2018-09-28 18:45:28 - [TEST_STEP][PASSED] - Statement - products = new org.json.JSONArray((((((([{"productname":" + productName) + ","variation":"","quantity":") + quantity) + ","price":") + saleprice) + "}])): null

2018-09-28 18:45:28 - [TEST_STEP][PASSED] - Statement - billingInformation = new org.json.JSONObject((({"firstname":"Test","lastname":"Automation","country":"United States (US)","address":"123 Testing","city":"New York","state":"New York","zip":"90012","email":" + email) + "})): null

2018-09-28 18:45:28 - [TEST_STEP][PASSED] - Statement - shippingLabel = SHIPPING_LABEL: null

2018-09-28 18:45:28 - [TEST_STEP][PASSED] - Statement - shippingPrice = SHIPPING_PRICE: null

2018-09-28 18:45:28 - [TEST_STEP][PASSED] - Statement - shippingType = "normal": null

2018-09-28 18:45:28 - [TEST_STEP][PASSED] - Statement - paymentMethod = "Credit Card Payment": null

2018-09-28 18:45:28 - [TEST_STEP][PASSED] - beautytap.GeneralAction.openBeautytap: beautytap.GeneralAction.openBeautytap is PASSED

2018-09-28 18:45:39 - [MESSAGE][PASSED] - Browser is opened with url: 'https://stage.beautytap.com'

2018-09-28 18:45:41 - [MESSAGE][PASSED] - Current window maximized

2018-09-28 18:45:44 - [MESSAGE][PASSED] - Refresh successfully

2018-09-28 18:45:44 - [MESSAGE][PASSED] - Wait for page load successfully

2018-09-28 18:45:44 - [MESSAGE][PASSED] - beautytap.GeneralAction.openBeautytap is PASSED

2018-09-28 18:45:44 - [TEST_STEP][PASSED] - beautytap.ShopAction.globalSearch: beautytap.ShopAction.globalSearch is PASSED

2018-09-28 18:45:44 - [MESSAGE][PASSED] - Object: 'Object Repository/Page_General/icon_search' is clicked on

2018-09-28 18:45:49 - [MESSAGE][PASSED] - Delayed 5 second(s)

2018-09-28 18:45:49 - [MESSAGE][PASSED] - Text of object 'Object Repository/Page_General/txt_search' is cleared

2018-09-28 18:45:49 - [MESSAGE][PASSED] - Keys 'CONTROL + v' sent to object: 'Object Repository/Page_General/txt_search'

2018-09-28 18:45:51 - [MESSAGE][PASSED] - Object 'Object Repository/Page_General/div_searchResult' is present

2018-09-28 18:45:51 - [MESSAGE][PASSED] - beautytap.ShopAction.globalSearch is PASSED

2018-09-28 18:45:51 - [TEST_STEP][PASSED] - beautytap.ShopAction.VerifyProductOnSearchResult: Keyword VerifyProductOnSearchResult is Passed

2018-09-28 18:45:51 - [MESSAGE][PASSED] - Object '' is present

2018-09-28 18:45:51 - [MESSAGE][PASSED] - Text of object '' is: '$12.50'

2018-09-28 18:45:51 - [MESSAGE][PASSED] - Get CSS 'color' value on '' successfully: 'rgba(195, 195, 195, 1)'.

2018-09-28 18:45:52 - [MESSAGE][PASSED] - Get CSS 'color' value on '' successfully: 'rgba(195, 195, 195, 1)'.

2018-09-28 18:45:52 - [MESSAGE][PASSED] - Text of object '' is: '$11.99'

2018-09-28 18:45:52 - [MESSAGE][PASSED] - Get CSS 'color' value on '' successfully: 'rgba(255, 35, 134, 1)'.

2018-09-28 18:45:52 - [MESSAGE][PASSED] - Get CSS 'color' value on '' successfully: 'rgba(255, 35, 134, 1)'.

2018-09-28 18:45:52 - [MESSAGE][PASSED] - Keyword VerifyProductOnSearchResult is Passed

2018-09-28 18:45:52 - [TEST_STEP][PASSED] - beautytap.ShopAction.selectProductOnSearchResult: beautytap.ShopAction.selectProductOnSearchResult is PASSED

2018-09-28 18:45:57 - [MESSAGE][PASSED] - Object: '' is clicked on

2018-09-28 18:45:57 - [MESSAGE][PASSED] - Wait for page load successfully

2018-09-28 18:45:57 - [MESSAGE][PASSED] - beautytap.ShopAction.selectProductOnSearchResult is PASSED

2018-09-28 18:45:57 - [TEST_STEP][PASSED] - beautytap.ShopAction.VerifyProductDetails: Keyword VerifyProductDetails is Passed

2018-09-28 18:45:57 - [MESSAGE][PASSED] - Text of object '' is: 'Innisfree Perfect UV Protection Cream SPF50+/PA+++ (Long-Lasting For Oily Skin) 50ml'

2018-09-28 18:45:57 - [MESSAGE][PASSED] - Text of object '' is: '$12.50'

2018-09-28 18:45:57 - [MESSAGE][PASSED] - Get CSS 'color' value on '' successfully: 'rgba(195, 195, 195, 1)'.

2018-09-28 18:45:57 - [MESSAGE][PASSED] - Text of object '' is: '$11.99'

2018-09-28 18:45:57 - [MESSAGE][PASSED] - Get CSS 'color' value on '' successfully: 'rgba(255, 35, 134, 1)'.

2018-09-28 18:45:57 - [MESSAGE][PASSED] - Keyword VerifyProductDetails is Passed

2018-09-28 18:45:57 - [TEST_STEP][PASSED] - Statement - currentNumberItemInCart = CustomKeywords.beautytap.ShopAction.getNumberItemInCart(): beautytap.ShopAction.getNumberItemInCart is PASSED

2018-09-28 18:46:03 - [MESSAGE][WARNING] - com.kms.katalon.core.webui.exception.WebElementNotFoundException: Web element with id: '' located by 'By.xpath: //div[@class='header-right-top pull-right']/a[@class='shop-cart']/span[@class='number-cart']' not found
[[ATTACHMENT|E:\\BeautytapAutomation\\beautytapAuto\\Beautytap\\Reports\\Regression\\20180928_183104\\1538135163136.png]]

2018-09-28 18:46:03 - [MESSAGE][PASSED] - beautytap.ShopAction.getNumberItemInCart is PASSED

2018-09-28 18:46:03 - [TEST_STEP][PASSED] - beautytap.ShopAction.addProductToCart: beautytap.ShopAction.addProductToCart is PASSED

2018-09-28 18:46:03 - [MESSAGE][PASSED] - Text of object 'Object Repository/Page_Shop/txt_quantity' is cleared

2018-09-28 18:46:03 - [MESSAGE][PASSED] - Keys '1' sent to object: 'Object Repository/Page_Shop/txt_quantity'

2018-09-28 18:46:03 - [MESSAGE][PASSED] - Object: 'Object Repository/Page_Shop/btn_addToCart' is clicked on

2018-09-28 18:46:03 - [MESSAGE][PASSED] - Wait for page load successfully

2018-09-28 18:46:07 - [MESSAGE][PASSED] - Object 'Object Repository/Page_Shop/lbl_message' is present

2018-09-28 18:46:07 - [MESSAGE][PASSED] - beautytap.ShopAction.addProductToCart is PASSED

2018-09-28 18:46:07 - [TEST_STEP][PASSED] - beautytap.ShopAction.VerifyNumberItemInCart: Keyword VerifyNumberItemInCart is Passed, Number item in cart is 1, expected is 1

2018-09-28 18:46:07 - [MESSAGE][PASSED] - Object '' is present

2018-09-28 18:46:07 - [MESSAGE][PASSED] - Text of object '' is: '1'

2018-09-28 18:46:07 - [MESSAGE][PASSED] - Keyword VerifyNumberItemInCart is Passed, Number item in cart is 1, expected is 1

2018-09-28 18:46:07 - [TEST_STEP][PASSED] - beautytap.ShopAction.VerifyProductIsAddedToCart: beautytap.ShopAction.VerifyProductIsAddedToCart is PASSED

2018-09-28 18:46:39 - [MESSAGE][WARNING] - com.kms.katalon.core.webui.exception.WebElementNotFoundException: Web element with id: '' located by 'By.xpath: //div[@class='woocommerce-message' and contains(text(),'Innisfree Perfect UV Protection Cream SPF50+/PA+++ (Long-Lasting For Oily Skin) 50ml” have been added to your cart.')]' not found
[[ATTACHMENT|E:\\BeautytapAutomation\\beautytapAuto\\Beautytap\\Reports\\Regression\\20180928_183104\\1538135199173.png]]

2018-09-28 18:46:39 - [MESSAGE][PASSED] - beautytap.ShopAction.VerifyProductIsAddedToCart is PASSED

2018-09-28 18:46:39 - [TEST_STEP][PASSED] - beautytap.ShopAction.goToCart: beautytap.ShopAction.goToCart is PASSED

2018-09-28 18:46:39 - [MESSAGE][PASSED] - Object 'Object Repository/Page_General/icon_cart' is present

2018-09-28 18:46:44 - [MESSAGE][PASSED] - Object: 'Object Repository/Page_General/icon_cart' is clicked on

2018-09-28 18:46:44 - [MESSAGE][PASSED] - Wait for page load successfully

2018-09-28 18:46:44 - [MESSAGE][PASSED] - beautytap.ShopAction.goToCart is PASSED

2018-09-28 18:46:44 - [TEST_STEP][PASSED] - beautytap.ShopAction.VerifyProductInCart: Keyword VerifyProductInCart is Passed

2018-09-28 18:46:44 - [MESSAGE][PASSED] - Object '' is present

2018-09-28 18:46:44 - [MESSAGE][PASSED] - Object '' is present

2018-09-28 18:46:44 - [MESSAGE][PASSED] - Text of object '' is: '$11.99'

2018-09-28 18:46:44 - [MESSAGE][PASSED] - Attribute 'value' of object '' is: '1'

2018-09-28 18:46:44 - [MESSAGE][PASSED] - Text of object '' is: '$11.99'

2018-09-28 18:46:44 - [MESSAGE][PASSED] - Keyword VerifyProductInCart is Passed

2018-09-28 18:46:44 - [TEST_STEP][PASSED] - beautytap.ShopAction.processToCheckout: beautytap.ShopAction.processToCheckout is PASSED

2018-09-28 18:46:47 - [MESSAGE][PASSED] - Object: 'Object Repository/Page_Cart/btn_checkout' is clicked on

2018-09-28 18:46:47 - [MESSAGE][PASSED] - Wait for page load successfully

2018-09-28 18:46:47 - [MESSAGE][PASSED] - beautytap.ShopAction.processToCheckout is PASSED

2018-09-28 18:46:47 - [TEST_STEP][PASSED] - beautytap.ShopAction.fillCustomerInformation: beautytap.ShopAction.fillCustomerInformation is PASSED

2018-09-28 18:46:47 - [MESSAGE][PASSED] - Text of object 'Object Repository/Page_Checkout/txt_billingFirstName' is cleared

2018-09-28 18:46:47 - [MESSAGE][PASSED] - Keys 'Test' sent to object: 'Object Repository/Page_Checkout/txt_billingFirstName'

2018-09-28 18:46:48 - [MESSAGE][PASSED] - Text of object 'Object Repository/Page_Checkout/txt_billingLastName' is cleared

2018-09-28 18:46:48 - [MESSAGE][PASSED] - Keys 'Automation' sent to object: 'Object Repository/Page_Checkout/txt_billingLastName'

2018-09-28 18:46:48 - [MESSAGE][PASSED] - All options with label 'United States (US)' are selected in object 'Object Repository/Page_Checkout/drop_billingCountry' 

2018-09-28 18:46:53 - [MESSAGE][PASSED] - Delayed 5 second(s)

2018-09-28 18:46:53 - [MESSAGE][PASSED] - Text of object 'Object Repository/Page_Checkout/txt_billingAddress' is cleared

2018-09-28 18:46:54 - [MESSAGE][PASSED] - Keys '123 Testing' sent to object: 'Object Repository/Page_Checkout/txt_billingAddress'

2018-09-28 18:46:54 - [MESSAGE][PASSED] - Text of object 'Object Repository/Page_Checkout/txt_billingCity' is cleared

2018-09-28 18:46:54 - [MESSAGE][PASSED] - Keys 'New York' sent to object: 'Object Repository/Page_Checkout/txt_billingCity'

2018-09-28 18:46:54 - [MESSAGE][PASSED] - All options with label 'New York' are selected in object 'Object Repository/Page_Checkout/drop_billingState' 

2018-09-28 18:46:54 - [MESSAGE][PASSED] - Text of object 'Object Repository/Page_Checkout/txt_billingZip' is cleared

2018-09-28 18:46:54 - [MESSAGE][PASSED] - Keys '90012' sent to object: 'Object Repository/Page_Checkout/txt_billingZip'

2018-09-28 18:46:54 - [MESSAGE][PASSED] - Text of object 'Object Repository/Page_Checkout/txt_billingEmail' is cleared

2018-09-28 18:46:55 - [MESSAGE][PASSED] - Keys 'auto417375@mailinator.com' sent to object: 'Object Repository/Page_Checkout/txt_billingEmail'

2018-09-28 18:46:55 - [MESSAGE][PASSED] - Object 'Object Repository/Page_Checkout/chk_shipToDifferentAddress' is un-checked

2018-09-28 18:46:55 - [MESSAGE][PASSED] - Text of object 'Object Repository/Page_Checkout/txt_orderNote' is cleared

2018-09-28 18:46:56 - [MESSAGE][PASSED] - Keys 'auto417375Order' sent to object: 'Object Repository/Page_Checkout/txt_orderNote'

2018-09-28 18:46:56 - [MESSAGE][PASSED] - Object 'Object Repository/Page_Checkout/radio_creditCard' is checked

2018-09-28 18:47:01 - [MESSAGE][PASSED] - Delayed 5 second(s)

2018-09-28 18:47:01 - [MESSAGE][PASSED] - beautytap.ShopAction.fillCustomerInformation is PASSED

2018-09-28 18:47:01 - [TEST_STEP][PASSED] - beautytap.ShopAction.VerifyOrderDetailsOnCheckout: Keyword VerifyOrderDetailsOnCheckout is Passed

2018-09-28 18:47:01 - [MESSAGE][PASSED] - Object '' is present

2018-09-28 18:47:01 - [MESSAGE][PASSED] - Text of object '' is: '$11.99'

2018-09-28 18:47:01 - [MESSAGE][PASSED] - Object '' has attribute 'checked'

2018-09-28 18:47:01 - [MESSAGE][PASSED] - Text of object '' is: '($12.50) Pantos (est. 14-25 working days including processing): $12.50'

2018-09-28 18:47:01 - [MESSAGE][PASSED] - Text of object '' is: '$12.50'

2018-09-28 18:47:01 - [MESSAGE][PASSED] - Text of object '' is: '$24.49'

2018-09-28 18:47:01 - [MESSAGE][PASSED] - Keyword VerifyOrderDetailsOnCheckout is Passed

2018-09-28 18:47:01 - [TEST_STEP][PASSED] - beautytap.ShopAction.checkoutViaCreditCard: beautytap.ShopAction.checkoutViaCreditCard is PASSED

2018-09-28 18:47:01 - [MESSAGE][PASSED] - Object 'Object Repository/Page_Checkout/radio_creditCard' is checked

2018-09-28 18:47:11 - [MESSAGE][PASSED] - Delayed 10 second(s)

2018-09-28 18:47:11 - [MESSAGE][PASSED] - Text of object 'Object Repository/Page_Checkout/txt_cardNumber' is cleared

2018-09-28 18:47:11 - [MESSAGE][PASSED] - Keys '4032036248443549' sent to object: 'Object Repository/Page_Checkout/txt_cardNumber'

2018-09-28 18:47:12 - [MESSAGE][PASSED] - All options with label 'Visa' are selected in object 'Object Repository/Page_Checkout/drop_cardType' 

2018-09-28 18:47:12 - [MESSAGE][PASSED] - All options with label '07' are selected in object 'Object Repository/Page_Checkout/drop_expirationMonth' 

2018-09-28 18:47:12 - [MESSAGE][PASSED] - All options with label '2023' are selected in object 'Object Repository/Page_Checkout/drop_expirationYear' 

2018-09-28 18:47:12 - [MESSAGE][PASSED] - Text of object 'Object Repository/Page_Checkout/txt_cardCVV' is cleared

2018-09-28 18:47:12 - [MESSAGE][PASSED] - Keys '123' sent to object: 'Object Repository/Page_Checkout/txt_cardCVV'

2018-09-28 18:47:12 - [MESSAGE][PASSED] - Object 'Object Repository/Page_Checkout/chk_terms' is checked

2018-09-28 18:47:12 - [MESSAGE][PASSED] - Object: 'Object Repository/Page_Checkout/btn_placeOrder' is clicked on

2018-09-28 18:47:26 - [MESSAGE][PASSED] - Object 'Object Repository/Page_Checkout/lbl_orderReceived' is present

2018-09-28 18:47:26 - [MESSAGE][PASSED] - beautytap.ShopAction.checkoutViaCreditCard is PASSED

2018-09-28 18:47:26 - [TEST_STEP][PASSED] - beautytap.ShopAction.VerifyOrderReceivedDetails: Keyword VerifyOrderReceivedDetails is Passed

2018-09-28 18:47:26 - [MESSAGE][PASSED] - Object '' is present

2018-09-28 18:47:26 - [MESSAGE][PASSED] - Text of object '' is: '$11.99'

2018-09-28 18:47:26 - [MESSAGE][PASSED] - Text of object '' is: '$12.50 via ($12.50) Pantos (est. 14-25 working days including processing)'

2018-09-28 18:47:26 - [MESSAGE][PASSED] - Object '' is present

2018-09-28 18:47:26 - [MESSAGE][PASSED] - Text of object '' is: '$12.50'

2018-09-28 18:47:26 - [MESSAGE][PASSED] - Text of object '' is: 'Credit Card Payment'

2018-09-28 18:47:26 - [MESSAGE][PASSED] - Text of object '' is: '$24.49'

2018-09-28 18:47:26 - [MESSAGE][PASSED] - Keyword VerifyOrderReceivedDetails is Passed

2018-09-28 18:47:26 - [TEST_STEP][PASSED] - closeBrowser: Browser is closed

2018-09-28 18:47:27 - [MESSAGE][PASSED] - Browser is closed]]></system-out>
         <system-err><![CDATA[]]></system-err>
      </testcase>
      <testcase name="Test Cases/Shop/TC04_Search_VariationProduct_NotSale_AmazonPay_GreaterThan200" classname="Test Cases/Shop/TC04_Search_VariationProduct_NotSale_AmazonPay_GreaterThan200" status="PASSED">
         <system-out><![CDATA[2018-09-28 18:47:29 - [TEST_CASE][PASSED] - Test Cases/Shop/TC04_Search_VariationProduct_NotSale_AmazonPay_GreaterThan200: Test Cases/Shop/TC04_Search_VariationProduct_NotSale_AmazonPay_GreaterThan200

2018-09-28 18:47:29 - [TEST_STEP][PASSED] - Statement - productName = VARIATION_PRODUCT: null

2018-09-28 18:47:29 - [TEST_STEP][PASSED] - Statement - price = VARIATION_PRICE1: null

2018-09-28 18:47:29 - [TEST_STEP][PASSED] - Statement - variation = VARIATION_NAME1: null

2018-09-28 18:47:29 - [TEST_STEP][PASSED] - Statement - r_string = new java.lang.Math().random().toString().substring(2, 8): null

2018-09-28 18:47:29 - [TEST_STEP][PASSED] - Statement - email = "auto" + r_string + "@mailinator.com": null

2018-09-28 18:47:29 - [TEST_STEP][PASSED] - Statement - orderNote = "auto" + r_string + "Order": null

2018-09-28 18:47:29 - [TEST_STEP][PASSED] - Statement - currentNumberItemInCart = <not implemented yet for class: org.codehaus.groovy.ast.expr.EmptyExpression>: null

2018-09-28 18:47:29 - [TEST_STEP][PASSED] - Statement - quantity = 8: null

2018-09-28 18:47:29 - [TEST_STEP][PASSED] - Statement - subtotal = CustomKeywords.beautytap.ShopAction.calculateTotal(quantity, price): beautytap.ShopAction.calculateTotal is PASSED

2018-09-28 18:47:29 - [MESSAGE][PASSED] - beautytap.ShopAction.calculateTotal is PASSED

2018-09-28 18:47:29 - [TEST_STEP][PASSED] - Statement - total = subtotal: null

2018-09-28 18:47:29 - [TEST_STEP][PASSED] - Statement - total = CustomKeywords.beautytap.ShopAction.calculateTotal(1, total): beautytap.ShopAction.calculateTotal is PASSED

2018-09-28 18:47:29 - [MESSAGE][PASSED] - beautytap.ShopAction.calculateTotal is PASSED

2018-09-28 18:47:29 - [TEST_STEP][PASSED] - Statement - products = new org.json.JSONArray((((((((([{"productname":" + productName) + ","variation":") + variation) + ","quantity":") + quantity) + ","price":") + price) + "}])): null

2018-09-28 18:47:29 - [TEST_STEP][PASSED] - Statement - billingInformation = new org.json.JSONObject((({"firstname":"Test","lastname":"Automation","country":"United States (US)","address":"123 Testing","city":"New York","state":"New York","zip":"90012","email":" + email) + "})): null

2018-09-28 18:47:29 - [TEST_STEP][PASSED] - Statement - shippingLabel = FREE_EMS_SHIPPING_LABEL: null

2018-09-28 18:47:29 - [TEST_STEP][PASSED] - Statement - shippingPrice = 0: null

2018-09-28 18:47:29 - [TEST_STEP][PASSED] - Statement - shippingType = "freeEMS": null

2018-09-28 18:47:29 - [TEST_STEP][PASSED] - Statement - paymentMethod = "Amazon Pay": null

2018-09-28 18:47:29 - [TEST_STEP][PASSED] - beautytap.GeneralAction.openBeautytap: beautytap.GeneralAction.openBeautytap is PASSED

2018-09-28 18:47:41 - [MESSAGE][PASSED] - Browser is opened with url: 'https://stage.beautytap.com'

2018-09-28 18:47:42 - [MESSAGE][PASSED] - Current window maximized

2018-09-28 18:47:46 - [MESSAGE][PASSED] - Refresh successfully

2018-09-28 18:47:46 - [MESSAGE][PASSED] - Wait for page load successfully

2018-09-28 18:47:46 - [MESSAGE][PASSED] - beautytap.GeneralAction.openBeautytap is PASSED

2018-09-28 18:47:46 - [TEST_STEP][PASSED] - beautytap.ShopAction.globalSearch: beautytap.ShopAction.globalSearch is PASSED

2018-09-28 18:47:46 - [MESSAGE][PASSED] - Object: 'Object Repository/Page_General/icon_search' is clicked on

2018-09-28 18:47:51 - [MESSAGE][PASSED] - Delayed 5 second(s)

2018-09-28 18:47:51 - [MESSAGE][PASSED] - Text of object 'Object Repository/Page_General/txt_search' is cleared

2018-09-28 18:47:51 - [MESSAGE][PASSED] - Keys 'CONTROL + v' sent to object: 'Object Repository/Page_General/txt_search'

2018-09-28 18:47:53 - [MESSAGE][PASSED] - Object 'Object Repository/Page_General/div_searchResult' is present

2018-09-28 18:47:53 - [MESSAGE][PASSED] - beautytap.ShopAction.globalSearch is PASSED

2018-09-28 18:47:53 - [TEST_STEP][PASSED] - beautytap.ShopAction.VerifyProductOnSearchResult: Keyword VerifyProductOnSearchResult is Passed

2018-09-28 18:47:53 - [MESSAGE][PASSED] - Object '' is present

2018-09-28 18:47:53 - [MESSAGE][PASSED] - Text of object '' is: '$26.70'

2018-09-28 18:47:53 - [MESSAGE][PASSED] - Get CSS 'color' value on '' successfully: 'rgba(255, 35, 134, 1)'.

2018-09-28 18:47:53 - [MESSAGE][PASSED] - Get CSS 'color' value on '' successfully: 'rgba(255, 35, 134, 1)'.

2018-09-28 18:47:53 - [MESSAGE][PASSED] - Keyword VerifyProductOnSearchResult is Passed

2018-09-28 18:47:53 - [TEST_STEP][PASSED] - beautytap.ShopAction.selectProductOnSearchResult: beautytap.ShopAction.selectProductOnSearchResult is PASSED

2018-09-28 18:47:59 - [MESSAGE][PASSED] - Object: '' is clicked on

2018-09-28 18:47:59 - [MESSAGE][PASSED] - Wait for page load successfully

2018-09-28 18:47:59 - [MESSAGE][PASSED] - beautytap.ShopAction.selectProductOnSearchResult is PASSED

2018-09-28 18:47:59 - [TEST_STEP][PASSED] - beautytap.ShopAction.selectProductVariation: beautytap.ShopAction.selectProductVariation is PASSED

2018-09-28 18:47:59 - [MESSAGE][PASSED] - Object: 'Object Repository/Page_Shop/drop_chooseOption' is clicked on

2018-09-28 18:48:00 - [MESSAGE][PASSED] - Delayed 1 second(s)

2018-09-28 18:48:00 - [MESSAGE][PASSED] - Object: '' is clicked on

2018-09-28 18:48:00 - [MESSAGE][PASSED] - beautytap.ShopAction.selectProductVariation is PASSED

2018-09-28 18:48:00 - [TEST_STEP][PASSED] - beautytap.ShopAction.VerifyProductDetails: Keyword VerifyProductDetails is Passed

2018-09-28 18:48:01 - [MESSAGE][PASSED] - Text of object '' is: 'MeloMELI Unicorn Heart Lake Cushion — 2 Choices'

2018-09-28 18:48:01 - [MESSAGE][PASSED] - All options with label 'Vanilla Beige' are selected in object 'Object Repository/Page_Shop/drop_chooseOption' 

2018-09-28 18:48:01 - [MESSAGE][PASSED] - Text of object '' is: '$26.70'

2018-09-28 18:48:01 - [MESSAGE][PASSED] - Get CSS 'color' value on '' successfully: 'rgba(255, 35, 134, 1)'.

2018-09-28 18:48:01 - [MESSAGE][PASSED] - Keyword VerifyProductDetails is Passed

2018-09-28 18:48:01 - [TEST_STEP][PASSED] - Statement - currentNumberItemInCart = CustomKeywords.beautytap.ShopAction.getNumberItemInCart(): beautytap.ShopAction.getNumberItemInCart is PASSED

2018-09-28 18:48:07 - [MESSAGE][WARNING] - com.kms.katalon.core.webui.exception.WebElementNotFoundException: Web element with id: '' located by 'By.xpath: //div[@class='header-right-top pull-right']/a[@class='shop-cart']/span[@class='number-cart']' not found
[[ATTACHMENT|E:\\BeautytapAutomation\\beautytapAuto\\Beautytap\\Reports\\Regression\\20180928_183104\\1538135286794.png]]

2018-09-28 18:48:07 - [MESSAGE][PASSED] - beautytap.ShopAction.getNumberItemInCart is PASSED

2018-09-28 18:48:07 - [TEST_STEP][PASSED] - beautytap.ShopAction.addProductToCart: beautytap.ShopAction.addProductToCart is PASSED

2018-09-28 18:48:07 - [MESSAGE][PASSED] - Text of object 'Object Repository/Page_Shop/txt_quantity' is cleared

2018-09-28 18:48:07 - [MESSAGE][PASSED] - Keys '8' sent to object: 'Object Repository/Page_Shop/txt_quantity'

2018-09-28 18:48:07 - [MESSAGE][PASSED] - Object: 'Object Repository/Page_Shop/btn_addToCart' is clicked on

2018-09-28 18:48:07 - [MESSAGE][PASSED] - Wait for page load successfully

2018-09-28 18:48:11 - [MESSAGE][PASSED] - Object 'Object Repository/Page_Shop/lbl_message' is present

2018-09-28 18:48:11 - [MESSAGE][PASSED] - beautytap.ShopAction.addProductToCart is PASSED

2018-09-28 18:48:11 - [TEST_STEP][PASSED] - beautytap.ShopAction.VerifyNumberItemInCart: Keyword VerifyNumberItemInCart is Passed, Number item in cart is 8, expected is 8

2018-09-28 18:48:11 - [MESSAGE][PASSED] - Object '' is present

2018-09-28 18:48:11 - [MESSAGE][PASSED] - Text of object '' is: '8'

2018-09-28 18:48:11 - [MESSAGE][PASSED] - Keyword VerifyNumberItemInCart is Passed, Number item in cart is 8, expected is 8

2018-09-28 18:48:11 - [TEST_STEP][PASSED] - beautytap.ShopAction.VerifyProductIsAddedToCart: beautytap.ShopAction.VerifyProductIsAddedToCart is PASSED

2018-09-28 18:48:11 - [MESSAGE][PASSED] - Object '' is present

2018-09-28 18:48:11 - [MESSAGE][PASSED] - beautytap.ShopAction.VerifyProductIsAddedToCart is PASSED

2018-09-28 18:48:11 - [TEST_STEP][PASSED] - beautytap.ShopAction.goToCart: beautytap.ShopAction.goToCart is PASSED

2018-09-28 18:48:11 - [MESSAGE][PASSED] - Object 'Object Repository/Page_General/icon_cart' is present

2018-09-28 18:48:17 - [MESSAGE][PASSED] - Object: 'Object Repository/Page_General/icon_cart' is clicked on

2018-09-28 18:48:17 - [MESSAGE][PASSED] - Wait for page load successfully

2018-09-28 18:48:17 - [MESSAGE][PASSED] - beautytap.ShopAction.goToCart is PASSED

2018-09-28 18:48:17 - [TEST_STEP][PASSED] - beautytap.ShopAction.VerifyProductInCart: Keyword VerifyProductInCart is Passed

2018-09-28 18:48:17 - [MESSAGE][PASSED] - Object '' is present

2018-09-28 18:48:17 - [MESSAGE][PASSED] - Object '' is present

2018-09-28 18:48:17 - [MESSAGE][PASSED] - Text of object '' is: '$26.70'

2018-09-28 18:48:17 - [MESSAGE][PASSED] - Attribute 'value' of object '' is: '8'

2018-09-28 18:48:17 - [MESSAGE][PASSED] - Text of object '' is: '$213.60'

2018-09-28 18:48:17 - [MESSAGE][PASSED] - Keyword VerifyProductInCart is Passed

2018-09-28 18:48:17 - [TEST_STEP][PASSED] - beautytap.ShopAction.processToCheckout: beautytap.ShopAction.processToCheckout is PASSED

2018-09-28 18:48:23 - [MESSAGE][PASSED] - Object: 'Object Repository/Page_Cart/btn_checkout' is clicked on

2018-09-28 18:48:23 - [MESSAGE][PASSED] - Wait for page load successfully

2018-09-28 18:48:23 - [MESSAGE][PASSED] - beautytap.ShopAction.processToCheckout is PASSED

2018-09-28 18:48:23 - [TEST_STEP][PASSED] - beautytap.ShopAction.loginAmazonPay: beautytap.ShopAction.loginAmazonPay is PASSED

2018-09-28 18:48:24 - [MESSAGE][PASSED] - Object: 'Object Repository/Page_Checkout/btn_amazonPay' is clicked on

2018-09-28 18:48:24 - [MESSAGE][PASSED] - Switched to window with index: '1'

2018-09-28 18:48:25 - [MESSAGE][PASSED] - Object 'Object Repository/Popup_Amazon/txt_email' is present

2018-09-28 18:48:25 - [MESSAGE][PASSED] - Text of object 'Object Repository/Popup_Amazon/txt_email' is cleared

2018-09-28 18:48:25 - [MESSAGE][PASSED] - Keys 'amazontest1503@yopmail.com' sent to object: 'Object Repository/Popup_Amazon/txt_email'

2018-09-28 18:48:25 - [MESSAGE][PASSED] - Text of object 'Object Repository/Popup_Amazon/txt_password' is cleared

2018-09-28 18:48:25 - [MESSAGE][PASSED] - Keys '123456' sent to object: 'Object Repository/Popup_Amazon/txt_password'

2018-09-28 18:48:28 - [MESSAGE][PASSED] - Object: 'Object Repository/Popup_Amazon/btn_signin' is clicked on

2018-09-28 18:48:28 - [MESSAGE][PASSED] - Switched to window with index: '0'

2018-09-28 18:48:58 - [MESSAGE][PASSED] - Delayed 30 second(s)

2018-09-28 18:48:58 - [MESSAGE][PASSED] - beautytap.ShopAction.loginAmazonPay is PASSED

2018-09-28 18:48:58 - [TEST_STEP][PASSED] - beautytap.ShopAction.VerifyOrderDetailsOnCheckout: Keyword VerifyOrderDetailsOnCheckout is Passed

2018-09-28 18:48:58 - [MESSAGE][PASSED] - Object '' is present

2018-09-28 18:48:59 - [MESSAGE][PASSED] - Text of object '' is: '$213.60'

2018-09-28 18:48:59 - [MESSAGE][PASSED] - Text of object '' is: 'Free EMS shipping (over $200)
Why does shipping take this long?'

2018-09-28 18:48:59 - [MESSAGE][PASSED] - Text of object '' is: '$213.60'

2018-09-28 18:48:59 - [MESSAGE][PASSED] - Keyword VerifyOrderDetailsOnCheckout is Passed

2018-09-28 18:48:59 - [TEST_STEP][PASSED] - beautytap.ShopAction.checkoutViaAmazonPay: beautytap.ShopAction.checkoutViaAmazonPay is PASSED

2018-09-28 18:48:59 - [MESSAGE][PASSED] - Object 'Object Repository/Page_Checkout/chk_terms' is clickable

2018-09-28 18:48:59 - [MESSAGE][PASSED] - Object 'Object Repository/Page_Checkout/chk_terms' is checked

2018-09-28 18:48:59 - [MESSAGE][PASSED] - Object: 'Object Repository/Page_Checkout/btn_placeOrder' is clicked on

2018-09-28 18:49:12 - [MESSAGE][PASSED] - Object 'Object Repository/Page_Checkout/lbl_orderReceived' is present

2018-09-28 18:49:12 - [MESSAGE][PASSED] - beautytap.ShopAction.checkoutViaAmazonPay is PASSED

2018-09-28 18:49:12 - [TEST_STEP][PASSED] - beautytap.ShopAction.VerifyOrderReceivedDetails: Keyword VerifyOrderReceivedDetails is Passed

2018-09-28 18:49:12 - [MESSAGE][PASSED] - Object '' is present

2018-09-28 18:49:12 - [MESSAGE][PASSED] - Text of object '' is: '$213.60'

2018-09-28 18:49:12 - [MESSAGE][PASSED] - Text of object '' is: 'Free EMS shipping (over $200)'

2018-09-28 18:49:18 - [MESSAGE][WARNING] - com.kms.katalon.core.webui.exception.WebElementNotFoundException: Web element with id: '' located by 'By.xpath: //th[text()='Shipping:']/parent::tr/td/span' not found
[[ATTACHMENT|E:\\BeautytapAutomation\\beautytapAuto\\Beautytap\\Reports\\Regression\\20180928_183104\\1538135357957.png]]

2018-09-28 18:49:18 - [MESSAGE][PASSED] - Text of object '' is: 'Amazon Pay'

2018-09-28 18:49:18 - [MESSAGE][PASSED] - Text of object '' is: '$213.60'

2018-09-28 18:49:18 - [MESSAGE][PASSED] - Keyword VerifyOrderReceivedDetails is Passed

2018-09-28 18:49:18 - [TEST_STEP][PASSED] - closeBrowser: Browser is closed

2018-09-28 18:49:19 - [MESSAGE][PASSED] - Browser is closed]]></system-out>
         <system-err><![CDATA[]]></system-err>
      </testcase>
      <testcase name="Test Cases/Shop/TC05_Browse_SimpleProduct_NotSale_PayPal_GreaterThan60LessThan200" classname="Test Cases/Shop/TC05_Browse_SimpleProduct_NotSale_PayPal_GreaterThan60LessThan200" status="PASSED">
         <system-out><![CDATA[2018-09-28 18:49:21 - [TEST_CASE][PASSED] - Test Cases/Shop/TC05_Browse_SimpleProduct_NotSale_PayPal_GreaterThan60LessThan200: Test Cases/Shop/TC05_Browse_SimpleProduct_NotSale_PayPal_GreaterThan60LessThan200

2018-09-28 18:49:21 - [TEST_STEP][PASSED] - Statement - productName = SIMPLE_PRODUCT: null

2018-09-28 18:49:21 - [TEST_STEP][PASSED] - Statement - price = SIMPLE_PRODUCT_PRICE: null

2018-09-28 18:49:21 - [TEST_STEP][PASSED] - Statement - r_string = new java.lang.Math().random().toString().substring(2, 8): null

2018-09-28 18:49:21 - [TEST_STEP][PASSED] - Statement - email = "auto" + r_string + "@mailinator.com": null

2018-09-28 18:49:21 - [TEST_STEP][PASSED] - Statement - orderNote = "auto" + r_string + "Order": null

2018-09-28 18:49:21 - [TEST_STEP][PASSED] - Statement - currentNumberItemInCart = <not implemented yet for class: org.codehaus.groovy.ast.expr.EmptyExpression>: null

2018-09-28 18:49:21 - [TEST_STEP][PASSED] - Statement - quantity = 3: null

2018-09-28 18:49:21 - [TEST_STEP][PASSED] - Statement - subtotal = CustomKeywords.beautytap.ShopAction.calculateTotal(quantity, price): beautytap.ShopAction.calculateTotal is PASSED

2018-09-28 18:49:21 - [MESSAGE][PASSED] - beautytap.ShopAction.calculateTotal is PASSED

2018-09-28 18:49:21 - [TEST_STEP][PASSED] - Statement - total = subtotal: null

2018-09-28 18:49:21 - [TEST_STEP][PASSED] - Statement - total = CustomKeywords.beautytap.ShopAction.calculateTotal(1, total): beautytap.ShopAction.calculateTotal is PASSED

2018-09-28 18:49:21 - [MESSAGE][PASSED] - beautytap.ShopAction.calculateTotal is PASSED

2018-09-28 18:49:21 - [TEST_STEP][PASSED] - Statement - products = new org.json.JSONArray((((((([{"productname":" + productName) + ","variation":"","quantity":") + quantity) + ","price":") + price) + "}])): null

2018-09-28 18:49:21 - [TEST_STEP][PASSED] - Statement - billingInformation = new org.json.JSONObject((({"firstname":"Test","lastname":"Automation","country":"United States (US)","address":"123 Testing","city":"New York","state":"New York","zip":"90012","email":" + email) + "})): null

2018-09-28 18:49:21 - [TEST_STEP][PASSED] - Statement - shippingLabel = FREE_SHIPPING_LABEL: null

2018-09-28 18:49:21 - [TEST_STEP][PASSED] - Statement - shippingPrice = 0: null

2018-09-28 18:49:21 - [TEST_STEP][PASSED] - Statement - shippingType = "free": null

2018-09-28 18:49:21 - [TEST_STEP][PASSED] - Statement - paymentMethod = "PayPal": null

2018-09-28 18:49:21 - [TEST_STEP][PASSED] - Statement - category = "What's New": null

2018-09-28 18:49:21 - [TEST_STEP][PASSED] - beautytap.GeneralAction.openBeautytap: beautytap.GeneralAction.openBeautytap is PASSED

2018-09-28 18:49:31 - [MESSAGE][PASSED] - Browser is opened with url: 'https://stage.beautytap.com'

2018-09-28 18:49:32 - [MESSAGE][PASSED] - Current window maximized

2018-09-28 18:49:36 - [MESSAGE][PASSED] - Refresh successfully

2018-09-28 18:49:36 - [MESSAGE][PASSED] - Wait for page load successfully

2018-09-28 18:49:36 - [MESSAGE][PASSED] - beautytap.GeneralAction.openBeautytap is PASSED

2018-09-28 18:49:36 - [TEST_STEP][PASSED] - beautytap.ShopAction.selectCategory: beautytap.ShopAction.selectCategory is PASSED

2018-09-28 18:49:43 - [MESSAGE][PASSED] - Object: '' is clicked on

2018-09-28 18:49:43 - [MESSAGE][PASSED] - Wait for page load successfully

2018-09-28 18:49:43 - [MESSAGE][PASSED] - beautytap.ShopAction.selectCategory is PASSED

2018-09-28 18:49:43 - [TEST_STEP][PASSED] - beautytap.ShopAction.findProductOnProductList: beautytap.ShopAction.findProductOnProductList is PASSED

2018-09-28 18:49:43 - [MESSAGE][PASSED] - Text of object '' is: '77'

2018-09-28 18:49:48 - [MESSAGE][WARNING] - com.kms.katalon.core.webui.exception.WebElementNotFoundException: Web element with id: '' located by 'By.xpath: //a[text()='La Muse Correct Care Complete Cushion SPF50+']' not found
[[ATTACHMENT|E:\\BeautytapAutomation\\beautytapAuto\\Beautytap\\Reports\\Regression\\20180928_183104\\1538135388647.png]]

2018-09-28 18:49:56 - [MESSAGE][PASSED] - Object: '' is clicked on

2018-09-28 18:49:56 - [MESSAGE][PASSED] - Wait for page load successfully

2018-09-28 18:50:02 - [MESSAGE][WARNING] - com.kms.katalon.core.webui.exception.WebElementNotFoundException: Web element with id: '' located by 'By.xpath: //a[text()='La Muse Correct Care Complete Cushion SPF50+']' not found
[[ATTACHMENT|E:\\BeautytapAutomation\\beautytapAuto\\Beautytap\\Reports\\Regression\\20180928_183104\\1538135401932.png]]

2018-09-28 18:50:10 - [MESSAGE][PASSED] - Object: '' is clicked on

2018-09-28 18:50:10 - [MESSAGE][PASSED] - Wait for page load successfully

2018-09-28 18:50:10 - [MESSAGE][PASSED] - Object '' is present

2018-09-28 18:50:10 - [MESSAGE][PASSED] - beautytap.ShopAction.findProductOnProductList is PASSED

2018-09-28 18:50:10 - [TEST_STEP][PASSED] - beautytap.ShopAction.VerifyProductOnProductList: Keyword VerifyProductOnProductList is Passed

2018-09-28 18:50:10 - [MESSAGE][PASSED] - Object '' is present

2018-09-28 18:50:10 - [MESSAGE][PASSED] - Text of object '' is: '$31.80'

2018-09-28 18:50:10 - [MESSAGE][PASSED] - Get CSS 'color' value on '' successfully: 'rgba(255, 35, 134, 1)'.

2018-09-28 18:50:10 - [MESSAGE][PASSED] - Get CSS 'color' value on '' successfully: 'rgba(255, 35, 134, 1)'.

2018-09-28 18:50:10 - [MESSAGE][PASSED] - Keyword VerifyProductOnProductList is Passed

2018-09-28 18:50:10 - [TEST_STEP][PASSED] - beautytap.ShopAction.selectProductOnProductList: beautytap.ShopAction.selectProductOnProductList is PASSED

2018-09-28 18:50:14 - [MESSAGE][PASSED] - Object: '' is clicked on

2018-09-28 18:50:14 - [MESSAGE][PASSED] - Wait for page load successfully

2018-09-28 18:50:14 - [MESSAGE][PASSED] - beautytap.ShopAction.selectProductOnProductList is PASSED

2018-09-28 18:50:14 - [TEST_STEP][PASSED] - beautytap.ShopAction.VerifyProductDetails: Keyword VerifyProductDetails is Passed

2018-09-28 18:50:14 - [MESSAGE][PASSED] - Text of object '' is: 'La Muse Correct Care Complete Cushion SPF50+'

2018-09-28 18:50:14 - [MESSAGE][PASSED] - Text of object '' is: '$31.80'

2018-09-28 18:50:14 - [MESSAGE][PASSED] - Get CSS 'color' value on '' successfully: 'rgba(255, 35, 134, 1)'.

2018-09-28 18:50:14 - [MESSAGE][PASSED] - Keyword VerifyProductDetails is Passed

2018-09-28 18:50:14 - [TEST_STEP][PASSED] - Statement - currentNumberItemInCart = CustomKeywords.beautytap.ShopAction.getNumberItemInCart(): beautytap.ShopAction.getNumberItemInCart is PASSED

2018-09-28 18:50:20 - [MESSAGE][WARNING] - com.kms.katalon.core.webui.exception.WebElementNotFoundException: Web element with id: '' located by 'By.xpath: //div[@class='header-right-top pull-right']/a[@class='shop-cart']/span[@class='number-cart']' not found
[[ATTACHMENT|E:\\BeautytapAutomation\\beautytapAuto\\Beautytap\\Reports\\Regression\\20180928_183104\\1538135420114.png]]

2018-09-28 18:50:20 - [MESSAGE][PASSED] - beautytap.ShopAction.getNumberItemInCart is PASSED

2018-09-28 18:50:20 - [TEST_STEP][PASSED] - beautytap.ShopAction.addProductToCart: beautytap.ShopAction.addProductToCart is PASSED

2018-09-28 18:50:20 - [MESSAGE][PASSED] - Text of object 'Object Repository/Page_Shop/txt_quantity' is cleared

2018-09-28 18:50:20 - [MESSAGE][PASSED] - Keys '3' sent to object: 'Object Repository/Page_Shop/txt_quantity'

2018-09-28 18:50:20 - [MESSAGE][PASSED] - Object: 'Object Repository/Page_Shop/btn_addToCart' is clicked on

2018-09-28 18:50:20 - [MESSAGE][PASSED] - Wait for page load successfully

2018-09-28 18:50:25 - [MESSAGE][PASSED] - Object 'Object Repository/Page_Shop/lbl_message' is present

2018-09-28 18:50:25 - [MESSAGE][PASSED] - beautytap.ShopAction.addProductToCart is PASSED

2018-09-28 18:50:25 - [TEST_STEP][PASSED] - beautytap.ShopAction.VerifyNumberItemInCart: Keyword VerifyNumberItemInCart is Passed, Number item in cart is 3, expected is 3

2018-09-28 18:50:25 - [MESSAGE][PASSED] - Object '' is present

2018-09-28 18:50:25 - [MESSAGE][PASSED] - Text of object '' is: '3'

2018-09-28 18:50:25 - [MESSAGE][PASSED] - Keyword VerifyNumberItemInCart is Passed, Number item in cart is 3, expected is 3

2018-09-28 18:50:25 - [TEST_STEP][PASSED] - beautytap.ShopAction.VerifyProductIsAddedToCart: beautytap.ShopAction.VerifyProductIsAddedToCart is PASSED

2018-09-28 18:50:25 - [MESSAGE][PASSED] - Object '' is present

2018-09-28 18:50:25 - [MESSAGE][PASSED] - beautytap.ShopAction.VerifyProductIsAddedToCart is PASSED

2018-09-28 18:50:25 - [TEST_STEP][PASSED] - beautytap.ShopAction.goToCart: beautytap.ShopAction.goToCart is PASSED

2018-09-28 18:50:25 - [MESSAGE][PASSED] - Object 'Object Repository/Page_General/icon_cart' is present

2018-09-28 18:50:29 - [MESSAGE][PASSED] - Object: 'Object Repository/Page_General/icon_cart' is clicked on

2018-09-28 18:50:29 - [MESSAGE][PASSED] - Wait for page load successfully

2018-09-28 18:50:29 - [MESSAGE][PASSED] - beautytap.ShopAction.goToCart is PASSED

2018-09-28 18:50:29 - [TEST_STEP][PASSED] - beautytap.ShopAction.VerifyProductInCart: Keyword VerifyProductInCart is Passed

2018-09-28 18:50:29 - [MESSAGE][PASSED] - Object '' is present

2018-09-28 18:50:29 - [MESSAGE][PASSED] - Object '' is present

2018-09-28 18:50:30 - [MESSAGE][PASSED] - Text of object '' is: '$31.80'

2018-09-28 18:50:30 - [MESSAGE][PASSED] - Attribute 'value' of object '' is: '3'

2018-09-28 18:50:30 - [MESSAGE][PASSED] - Text of object '' is: '$95.40'

2018-09-28 18:50:30 - [MESSAGE][PASSED] - Keyword VerifyProductInCart is Passed

2018-09-28 18:50:30 - [TEST_STEP][PASSED] - beautytap.ShopAction.processToCheckout: beautytap.ShopAction.processToCheckout is PASSED

2018-09-28 18:50:33 - [MESSAGE][PASSED] - Object: 'Object Repository/Page_Cart/btn_checkout' is clicked on

2018-09-28 18:50:33 - [MESSAGE][PASSED] - Wait for page load successfully

2018-09-28 18:50:33 - [MESSAGE][PASSED] - beautytap.ShopAction.processToCheckout is PASSED

2018-09-28 18:50:33 - [TEST_STEP][PASSED] - beautytap.ShopAction.fillCustomerInformation: beautytap.ShopAction.fillCustomerInformation is PASSED

2018-09-28 18:50:33 - [MESSAGE][PASSED] - Text of object 'Object Repository/Page_Checkout/txt_billingFirstName' is cleared

2018-09-28 18:50:33 - [MESSAGE][PASSED] - Keys 'Test' sent to object: 'Object Repository/Page_Checkout/txt_billingFirstName'

2018-09-28 18:50:33 - [MESSAGE][PASSED] - Text of object 'Object Repository/Page_Checkout/txt_billingLastName' is cleared

2018-09-28 18:50:34 - [MESSAGE][PASSED] - Keys 'Automation' sent to object: 'Object Repository/Page_Checkout/txt_billingLastName'

2018-09-28 18:50:34 - [MESSAGE][PASSED] - All options with label 'United States (US)' are selected in object 'Object Repository/Page_Checkout/drop_billingCountry' 

2018-09-28 18:50:39 - [MESSAGE][PASSED] - Delayed 5 second(s)

2018-09-28 18:50:39 - [MESSAGE][PASSED] - Text of object 'Object Repository/Page_Checkout/txt_billingAddress' is cleared

2018-09-28 18:50:39 - [MESSAGE][PASSED] - Keys '123 Testing' sent to object: 'Object Repository/Page_Checkout/txt_billingAddress'

2018-09-28 18:50:39 - [MESSAGE][PASSED] - Text of object 'Object Repository/Page_Checkout/txt_billingCity' is cleared

2018-09-28 18:50:40 - [MESSAGE][PASSED] - Keys 'New York' sent to object: 'Object Repository/Page_Checkout/txt_billingCity'

2018-09-28 18:50:40 - [MESSAGE][PASSED] - All options with label 'New York' are selected in object 'Object Repository/Page_Checkout/drop_billingState' 

2018-09-28 18:50:40 - [MESSAGE][PASSED] - Text of object 'Object Repository/Page_Checkout/txt_billingZip' is cleared

2018-09-28 18:50:40 - [MESSAGE][PASSED] - Keys '90012' sent to object: 'Object Repository/Page_Checkout/txt_billingZip'

2018-09-28 18:50:40 - [MESSAGE][PASSED] - Text of object 'Object Repository/Page_Checkout/txt_billingEmail' is cleared

2018-09-28 18:50:41 - [MESSAGE][PASSED] - Keys 'auto833038@mailinator.com' sent to object: 'Object Repository/Page_Checkout/txt_billingEmail'

2018-09-28 18:50:41 - [MESSAGE][PASSED] - Object 'Object Repository/Page_Checkout/chk_shipToDifferentAddress' is un-checked

2018-09-28 18:50:41 - [MESSAGE][PASSED] - Text of object 'Object Repository/Page_Checkout/txt_orderNote' is cleared

2018-09-28 18:50:41 - [MESSAGE][PASSED] - Keys 'auto833038Order' sent to object: 'Object Repository/Page_Checkout/txt_orderNote'

2018-09-28 18:50:41 - [MESSAGE][PASSED] - Object 'Object Repository/Page_Checkout/radio_creditCard' is checked

2018-09-28 18:50:46 - [MESSAGE][PASSED] - Delayed 5 second(s)

2018-09-28 18:50:46 - [MESSAGE][PASSED] - beautytap.ShopAction.fillCustomerInformation is PASSED

2018-09-28 18:50:46 - [TEST_STEP][PASSED] - beautytap.ShopAction.VerifyOrderDetailsOnCheckout: Keyword VerifyOrderDetailsOnCheckout is Passed

2018-09-28 18:50:46 - [MESSAGE][PASSED] - Object '' is present

2018-09-28 18:50:46 - [MESSAGE][PASSED] - Text of object '' is: '$95.40'

2018-09-28 18:50:46 - [MESSAGE][PASSED] - Text of object '' is: 'Free shipping for orders over $60
Why does shipping take this long?'

2018-09-28 18:50:46 - [MESSAGE][PASSED] - Text of object '' is: '$95.40'

2018-09-28 18:50:46 - [MESSAGE][PASSED] - Keyword VerifyOrderDetailsOnCheckout is Passed

2018-09-28 18:50:46 - [TEST_STEP][PASSED] - beautytap.ShopAction.checkoutViaPaypal: beautytap.ShopAction.checkoutViaPaypal is PASSED

2018-09-28 18:50:47 - [MESSAGE][PASSED] - Object 'Object Repository/Page_Checkout/radio_paypal' is checked

2018-09-28 18:50:52 - [MESSAGE][PASSED] - Delayed 5 second(s)

2018-09-28 18:50:52 - [MESSAGE][PASSED] - Object 'Object Repository/Page_Checkout/chk_terms' is checked

2018-09-28 18:50:52 - [MESSAGE][PASSED] - Object: 'Object Repository/Page_Checkout/btn_placeOrder' is clicked on

2018-09-28 18:50:58 - [MESSAGE][PASSED] - Object 'Object Repository/Page_Paypal/txt_email' is present

2018-09-28 18:50:58 - [MESSAGE][PASSED] - Text of object 'Object Repository/Page_Paypal/txt_email' is cleared

2018-09-28 18:50:59 - [MESSAGE][PASSED] - Keys 'g1.posiba@gmail.com' sent to object: 'Object Repository/Page_Paypal/txt_email'

2018-09-28 18:50:59 - [MESSAGE][PASSED] - Text of object 'Object Repository/Page_Paypal/txt_password' is cleared

2018-09-28 18:50:59 - [MESSAGE][PASSED] - Keys 'Tr@ng99%' sent to object: 'Object Repository/Page_Paypal/txt_password'

2018-09-28 18:51:12 - [MESSAGE][PASSED] - Object: 'Object Repository/Page_Paypal/btn_login' is clicked on

2018-09-28 18:51:15 - [MESSAGE][PASSED] - Object 'Object Repository/Page_Paypal/btn_payNow' is present

2018-09-28 18:51:20 - [MESSAGE][PASSED] - Delayed 5 second(s)

2018-09-28 18:51:20 - [MESSAGE][PASSED] - Object: 'Object Repository/Page_Paypal/btn_payNow' is clicked on

2018-09-28 18:51:38 - [MESSAGE][PASSED] - Object 'Object Repository/Page_Checkout/lbl_orderReceived' is present

2018-09-28 18:51:38 - [MESSAGE][PASSED] - beautytap.ShopAction.checkoutViaPaypal is PASSED

2018-09-28 18:51:38 - [TEST_STEP][PASSED] - beautytap.ShopAction.VerifyOrderReceivedDetails: Keyword VerifyOrderReceivedDetails is Passed

2018-09-28 18:51:38 - [MESSAGE][PASSED] - Object '' is present

2018-09-28 18:51:38 - [MESSAGE][PASSED] - Text of object '' is: '$95.40'

2018-09-28 18:51:38 - [MESSAGE][PASSED] - Text of object '' is: 'Free shipping for orders over $60'

2018-09-28 18:51:43 - [MESSAGE][WARNING] - com.kms.katalon.core.webui.exception.WebElementNotFoundException: Web element with id: '' located by 'By.xpath: //th[text()='Shipping:']/parent::tr/td/span' not found
[[ATTACHMENT|E:\\BeautytapAutomation\\beautytapAuto\\Beautytap\\Reports\\Regression\\20180928_183104\\1538135503398.png]]

2018-09-28 18:51:43 - [MESSAGE][PASSED] - Text of object '' is: 'PayPal'

2018-09-28 18:51:43 - [MESSAGE][PASSED] - Text of object '' is: '$95.40'

2018-09-28 18:51:43 - [MESSAGE][PASSED] - Keyword VerifyOrderReceivedDetails is Passed

2018-09-28 18:51:43 - [TEST_STEP][PASSED] - closeBrowser: Browser is closed

2018-09-28 18:51:44 - [MESSAGE][PASSED] - Browser is closed]]></system-out>
         <system-err><![CDATA[]]></system-err>
      </testcase>
      <testcase name="Test Cases/Shop/TC06_Browse_VariationProduct_Sale_AmazonPayAtCart_LessThan60_EMS" classname="Test Cases/Shop/TC06_Browse_VariationProduct_Sale_AmazonPayAtCart_LessThan60_EMS" status="PASSED">
         <system-out><![CDATA[2018-09-28 18:51:46 - [TEST_CASE][PASSED] - Test Cases/Shop/TC06_Browse_VariationProduct_Sale_AmazonPayAtCart_LessThan60_EMS: Test Cases/Shop/TC06_Browse_VariationProduct_Sale_AmazonPayAtCart_LessThan60_EMS

2018-09-28 18:51:47 - [TEST_STEP][PASSED] - Statement - productName = VARIATION_SALE_PRODUCT: null

2018-09-28 18:51:47 - [TEST_STEP][PASSED] - Statement - saleprice = VARIATION_SALE_PRICE1: null

2018-09-28 18:51:47 - [TEST_STEP][PASSED] - Statement - redularprice = VARIATION_SALE_REGULAR_PRICE1: null

2018-09-28 18:51:47 - [TEST_STEP][PASSED] - Statement - variation = VARIATION_SALE_NAME1: null

2018-09-28 18:51:47 - [TEST_STEP][PASSED] - Statement - r_string = new java.lang.Math().random().toString().substring(2, 8): null

2018-09-28 18:51:47 - [TEST_STEP][PASSED] - Statement - email = "auto" + r_string + "@mailinator.com": null

2018-09-28 18:51:47 - [TEST_STEP][PASSED] - Statement - orderNote = "auto" + r_string + "Order": null

2018-09-28 18:51:47 - [TEST_STEP][PASSED] - Statement - currentNumberItemInCart = <not implemented yet for class: org.codehaus.groovy.ast.expr.EmptyExpression>: null

2018-09-28 18:51:47 - [TEST_STEP][PASSED] - Statement - quantity = 5: null

2018-09-28 18:51:47 - [TEST_STEP][PASSED] - Statement - shippingLabel = EMS_SHIPPING_LABEL: null

2018-09-28 18:51:47 - [TEST_STEP][PASSED] - Statement - shippingPrice = EMS_SHIPPING_PRICE: null

2018-09-28 18:51:47 - [TEST_STEP][PASSED] - Statement - subtotal = CustomKeywords.beautytap.ShopAction.calculateTotal(quantity, saleprice): beautytap.ShopAction.calculateTotal is PASSED

2018-09-28 18:51:47 - [MESSAGE][PASSED] - beautytap.ShopAction.calculateTotal is PASSED

2018-09-28 18:51:47 - [TEST_STEP][PASSED] - Statement - total = subtotal + shippingPrice: null

2018-09-28 18:51:47 - [TEST_STEP][PASSED] - Statement - total = CustomKeywords.beautytap.ShopAction.calculateTotal(1, total): beautytap.ShopAction.calculateTotal is PASSED

2018-09-28 18:51:47 - [MESSAGE][PASSED] - beautytap.ShopAction.calculateTotal is PASSED

2018-09-28 18:51:47 - [TEST_STEP][PASSED] - Statement - products = new org.json.JSONArray((((((((([{"productname":" + productName) + ","variation":") + variation) + ","quantity":") + quantity) + ","price":") + saleprice) + "}])): null

2018-09-28 18:51:47 - [TEST_STEP][PASSED] - Statement - billingInformation = new org.json.JSONObject((({"firstname":"Test","lastname":"Automation","country":"United States (US)","address":"123 Testing","city":"New York","state":"New York","zip":"90012","email":" + email) + "})): null

2018-09-28 18:51:47 - [TEST_STEP][PASSED] - Statement - shippingType = "EMS": null

2018-09-28 18:51:47 - [TEST_STEP][PASSED] - Statement - paymentMethod = "Amazon Pay": null

2018-09-28 18:51:47 - [TEST_STEP][PASSED] - Statement - category = "Brands": null

2018-09-28 18:51:47 - [TEST_STEP][PASSED] - Statement - subcategory = "Innisfree": null

2018-09-28 18:51:47 - [TEST_STEP][PASSED] - beautytap.GeneralAction.openBeautytap: beautytap.GeneralAction.openBeautytap is PASSED

2018-09-28 18:52:00 - [MESSAGE][PASSED] - Browser is opened with url: 'https://stage.beautytap.com'

2018-09-28 18:52:01 - [MESSAGE][PASSED] - Current window maximized

2018-09-28 18:52:05 - [MESSAGE][PASSED] - Refresh successfully

2018-09-28 18:52:05 - [MESSAGE][PASSED] - Wait for page load successfully

2018-09-28 18:52:05 - [MESSAGE][PASSED] - beautytap.GeneralAction.openBeautytap is PASSED

2018-09-28 18:52:05 - [TEST_STEP][PASSED] - beautytap.ShopAction.selectCategory: beautytap.ShopAction.selectCategory is PASSED

2018-09-28 18:52:05 - [MESSAGE][PASSED] - Object: '' is clicked on

2018-09-28 18:52:07 - [MESSAGE][PASSED] - Delayed 2 second(s)

2018-09-28 18:52:15 - [MESSAGE][PASSED] - Object: '' is clicked on

2018-09-28 18:52:15 - [MESSAGE][PASSED] - Wait for page load successfully

2018-09-28 18:52:15 - [MESSAGE][PASSED] - beautytap.ShopAction.selectCategory is PASSED

2018-09-28 18:52:15 - [TEST_STEP][PASSED] - beautytap.ShopAction.findProductOnProductList: beautytap.ShopAction.findProductOnProductList is PASSED

2018-09-28 18:52:15 - [MESSAGE][PASSED] - Text of object '' is: '3'

2018-09-28 18:52:20 - [MESSAGE][WARNING] - com.kms.katalon.core.webui.exception.WebElementNotFoundException: Web element with id: '' located by 'By.xpath: //a[text()='Innisfree Eye Contouring Stick Round Shape 0.7g']' not found
[[ATTACHMENT|E:\\BeautytapAutomation\\beautytapAuto\\Beautytap\\Reports\\Regression\\20180928_183104\\1538135540443.png]]

2018-09-28 18:52:29 - [MESSAGE][PASSED] - Object: '' is clicked on

2018-09-28 18:52:29 - [MESSAGE][PASSED] - Wait for page load successfully

2018-09-28 18:52:29 - [MESSAGE][PASSED] - Object '' is present

2018-09-28 18:52:29 - [MESSAGE][PASSED] - beautytap.ShopAction.findProductOnProductList is PASSED

2018-09-28 18:52:29 - [TEST_STEP][PASSED] - beautytap.ShopAction.VerifyProductOnProductList: Keyword VerifyProductOnProductList is Passed

2018-09-28 18:52:29 - [MESSAGE][PASSED] - Object '' is present

2018-09-28 18:52:29 - [MESSAGE][PASSED] - Text of object '' is: '$4.95'

2018-09-28 18:52:29 - [MESSAGE][PASSED] - Get CSS 'color' value on '' successfully: 'rgba(255, 35, 134, 1)'.

2018-09-28 18:52:29 - [MESSAGE][PASSED] - Get CSS 'color' value on '' successfully: 'rgba(255, 35, 134, 1)'.

2018-09-28 18:52:29 - [MESSAGE][PASSED] - Text of object '' is: '$6.50'

2018-09-28 18:52:29 - [MESSAGE][PASSED] - Get CSS 'color' value on '' successfully: 'rgba(255, 35, 134, 1)'.

2018-09-28 18:52:29 - [MESSAGE][PASSED] - Get CSS 'color' value on '' successfully: 'rgba(255, 35, 134, 1)'.

2018-09-28 18:52:29 - [MESSAGE][PASSED] - Keyword VerifyProductOnProductList is Passed

2018-09-28 18:52:29 - [TEST_STEP][PASSED] - beautytap.ShopAction.selectProductOnProductList: beautytap.ShopAction.selectProductOnProductList is PASSED

2018-09-28 18:52:36 - [MESSAGE][PASSED] - Object: '' is clicked on

2018-09-28 18:52:36 - [MESSAGE][PASSED] - Wait for page load successfully

2018-09-28 18:52:36 - [MESSAGE][PASSED] - beautytap.ShopAction.selectProductOnProductList is PASSED

2018-09-28 18:52:36 - [TEST_STEP][PASSED] - beautytap.ShopAction.selectProductVariation: beautytap.ShopAction.selectProductVariation is PASSED

2018-09-28 18:52:37 - [MESSAGE][PASSED] - Object: 'Object Repository/Page_Shop/drop_chooseOption' is clicked on

2018-09-28 18:52:38 - [MESSAGE][PASSED] - Delayed 1 second(s)

2018-09-28 18:52:38 - [MESSAGE][PASSED] - Object: '' is clicked on

2018-09-28 18:52:38 - [MESSAGE][PASSED] - beautytap.ShopAction.selectProductVariation is PASSED

2018-09-28 18:52:38 - [TEST_STEP][PASSED] - beautytap.ShopAction.VerifyProductDetails: Keyword VerifyProductDetails is Passed

2018-09-28 18:52:38 - [MESSAGE][PASSED] - Text of object '' is: 'Innisfree Eye Contouring Stick Round Shape 0.7g'

2018-09-28 18:52:39 - [MESSAGE][PASSED] - All options with label '5' are selected in object 'Object Repository/Page_Shop/drop_chooseOption' 

2018-09-28 18:52:39 - [MESSAGE][PASSED] - Text of object '' is: '$6.50'

2018-09-28 18:52:39 - [MESSAGE][PASSED] - Get CSS 'color' value on '' successfully: 'rgba(195, 195, 195, 1)'.

2018-09-28 18:52:39 - [MESSAGE][PASSED] - Text of object '' is: '$4.95'

2018-09-28 18:52:39 - [MESSAGE][PASSED] - Get CSS 'color' value on '' successfully: 'rgba(255, 35, 134, 1)'.

2018-09-28 18:52:39 - [MESSAGE][PASSED] - Keyword VerifyProductDetails is Passed

2018-09-28 18:52:39 - [TEST_STEP][PASSED] - Statement - currentNumberItemInCart = CustomKeywords.beautytap.ShopAction.getNumberItemInCart(): beautytap.ShopAction.getNumberItemInCart is PASSED

2018-09-28 18:52:44 - [MESSAGE][WARNING] - com.kms.katalon.core.webui.exception.WebElementNotFoundException: Web element with id: '' located by 'By.xpath: //div[@class='header-right-top pull-right']/a[@class='shop-cart']/span[@class='number-cart']' not found
[[ATTACHMENT|E:\\BeautytapAutomation\\beautytapAuto\\Beautytap\\Reports\\Regression\\20180928_183104\\1538135564576.png]]

2018-09-28 18:52:44 - [MESSAGE][PASSED] - beautytap.ShopAction.getNumberItemInCart is PASSED

2018-09-28 18:52:44 - [TEST_STEP][PASSED] - beautytap.ShopAction.addProductToCart: beautytap.ShopAction.addProductToCart is PASSED

2018-09-28 18:52:44 - [MESSAGE][PASSED] - Text of object 'Object Repository/Page_Shop/txt_quantity' is cleared

2018-09-28 18:52:45 - [MESSAGE][PASSED] - Keys '5' sent to object: 'Object Repository/Page_Shop/txt_quantity'

2018-09-28 18:52:45 - [MESSAGE][PASSED] - Object: 'Object Repository/Page_Shop/btn_addToCart' is clicked on

2018-09-28 18:52:45 - [MESSAGE][PASSED] - Wait for page load successfully

2018-09-28 18:52:50 - [MESSAGE][PASSED] - Object 'Object Repository/Page_Shop/lbl_message' is present

2018-09-28 18:52:50 - [MESSAGE][PASSED] - beautytap.ShopAction.addProductToCart is PASSED

2018-09-28 18:52:50 - [TEST_STEP][PASSED] - beautytap.ShopAction.VerifyNumberItemInCart: Keyword VerifyNumberItemInCart is Passed, Number item in cart is 5, expected is 5

2018-09-28 18:52:50 - [MESSAGE][PASSED] - Object '' is present

2018-09-28 18:52:50 - [MESSAGE][PASSED] - Text of object '' is: '5'

2018-09-28 18:52:50 - [MESSAGE][PASSED] - Keyword VerifyNumberItemInCart is Passed, Number item in cart is 5, expected is 5

2018-09-28 18:52:50 - [TEST_STEP][PASSED] - beautytap.ShopAction.VerifyProductIsAddedToCart: beautytap.ShopAction.VerifyProductIsAddedToCart is PASSED

2018-09-28 18:52:50 - [MESSAGE][PASSED] - Object '' is present

2018-09-28 18:52:50 - [MESSAGE][PASSED] - beautytap.ShopAction.VerifyProductIsAddedToCart is PASSED

2018-09-28 18:52:50 - [TEST_STEP][PASSED] - beautytap.ShopAction.goToCart: beautytap.ShopAction.goToCart is PASSED

2018-09-28 18:52:50 - [MESSAGE][PASSED] - Object 'Object Repository/Page_General/icon_cart' is present

2018-09-28 18:52:55 - [MESSAGE][PASSED] - Object: 'Object Repository/Page_General/icon_cart' is clicked on

2018-09-28 18:52:55 - [MESSAGE][PASSED] - Wait for page load successfully

2018-09-28 18:52:55 - [MESSAGE][PASSED] - beautytap.ShopAction.goToCart is PASSED

2018-09-28 18:52:55 - [TEST_STEP][PASSED] - beautytap.ShopAction.VerifyProductInCart: Keyword VerifyProductInCart is Passed

2018-09-28 18:52:55 - [MESSAGE][PASSED] - Object '' is present

2018-09-28 18:52:55 - [MESSAGE][PASSED] - Object '' is present

2018-09-28 18:52:56 - [MESSAGE][PASSED] - Text of object '' is: '$4.95'

2018-09-28 18:52:56 - [MESSAGE][PASSED] - Attribute 'value' of object '' is: '5'

2018-09-28 18:52:56 - [MESSAGE][PASSED] - Text of object '' is: '$24.75'

2018-09-28 18:52:56 - [MESSAGE][PASSED] - Keyword VerifyProductInCart is Passed

2018-09-28 18:52:56 - [TEST_STEP][PASSED] - beautytap.ShopAction.loginAmazonPay: beautytap.ShopAction.loginAmazonPay is PASSED

2018-09-28 18:52:56 - [MESSAGE][PASSED] - Object: 'Object Repository/Page_Cart/btn_payWithAmazon' is clicked on

2018-09-28 18:52:56 - [MESSAGE][PASSED] - Switched to window with index: '1'

2018-09-28 18:52:57 - [MESSAGE][PASSED] - Object 'Object Repository/Popup_Amazon/txt_email' is present

2018-09-28 18:52:57 - [MESSAGE][PASSED] - Text of object 'Object Repository/Popup_Amazon/txt_email' is cleared

2018-09-28 18:52:58 - [MESSAGE][PASSED] - Keys 'amazontest1503@yopmail.com' sent to object: 'Object Repository/Popup_Amazon/txt_email'

2018-09-28 18:52:58 - [MESSAGE][PASSED] - Text of object 'Object Repository/Popup_Amazon/txt_password' is cleared

2018-09-28 18:52:58 - [MESSAGE][PASSED] - Keys '123456' sent to object: 'Object Repository/Popup_Amazon/txt_password'

2018-09-28 18:53:01 - [MESSAGE][PASSED] - Object: 'Object Repository/Popup_Amazon/btn_signin' is clicked on

2018-09-28 18:53:01 - [MESSAGE][PASSED] - Switched to window with index: '0'

2018-09-28 18:53:31 - [MESSAGE][PASSED] - Delayed 30 second(s)

2018-09-28 18:53:31 - [MESSAGE][PASSED] - beautytap.ShopAction.loginAmazonPay is PASSED

2018-09-28 18:53:31 - [TEST_STEP][PASSED] - beautytap.ShopAction.selectShipping: beautytap.ShopAction.selectShipping is PASSED

2018-09-28 18:53:31 - [MESSAGE][PASSED] - Object '' is checked

2018-09-28 18:53:36 - [MESSAGE][PASSED] - Delayed 5 second(s)

2018-09-28 18:53:36 - [MESSAGE][PASSED] - beautytap.ShopAction.selectShipping is PASSED

2018-09-28 18:53:36 - [TEST_STEP][PASSED] - beautytap.ShopAction.VerifyOrderDetailsOnCheckout: Keyword VerifyOrderDetailsOnCheckout is Passed

2018-09-28 18:53:36 - [MESSAGE][PASSED] - Object '' is present

2018-09-28 18:53:36 - [MESSAGE][PASSED] - Text of object '' is: '$24.75'

2018-09-28 18:53:36 - [MESSAGE][PASSED] - Object '' has attribute 'checked'

2018-09-28 18:53:36 - [MESSAGE][PASSED] - Text of object '' is: '($25) - EMS Express shipping (est. 10-14 working days delivery including processing): $25.00'

2018-09-28 18:53:36 - [MESSAGE][PASSED] - Text of object '' is: '$25.00'

2018-09-28 18:53:36 - [MESSAGE][PASSED] - Text of object '' is: '$49.75'

2018-09-28 18:53:36 - [MESSAGE][PASSED] - Keyword VerifyOrderDetailsOnCheckout is Passed

2018-09-28 18:53:36 - [TEST_STEP][PASSED] - beautytap.ShopAction.checkoutViaAmazonPay: beautytap.ShopAction.checkoutViaAmazonPay is PASSED

2018-09-28 18:53:36 - [MESSAGE][PASSED] - Object 'Object Repository/Page_Checkout/chk_terms' is clickable

2018-09-28 18:53:36 - [MESSAGE][PASSED] - Object 'Object Repository/Page_Checkout/chk_terms' is checked

2018-09-28 18:53:37 - [MESSAGE][PASSED] - Object: 'Object Repository/Page_Checkout/btn_placeOrder' is clicked on

2018-09-28 18:53:49 - [MESSAGE][PASSED] - Object 'Object Repository/Page_Checkout/lbl_orderReceived' is present

2018-09-28 18:53:49 - [MESSAGE][PASSED] - beautytap.ShopAction.checkoutViaAmazonPay is PASSED

2018-09-28 18:53:49 - [TEST_STEP][PASSED] - beautytap.ShopAction.VerifyOrderReceivedDetails: Keyword VerifyOrderReceivedDetails is Passed

2018-09-28 18:53:49 - [MESSAGE][PASSED] - Object '' is present

2018-09-28 18:53:49 - [MESSAGE][PASSED] - Text of object '' is: '$24.75'

2018-09-28 18:53:49 - [MESSAGE][PASSED] - Text of object '' is: '$25.00 via ($25) - EMS Express shipping (est. 10-14 working days delivery including processing)'

2018-09-28 18:53:49 - [MESSAGE][PASSED] - Object '' is present

2018-09-28 18:53:49 - [MESSAGE][PASSED] - Text of object '' is: '$25.00'

2018-09-28 18:53:50 - [MESSAGE][PASSED] - Text of object '' is: 'Amazon Pay'

2018-09-28 18:53:50 - [MESSAGE][PASSED] - Text of object '' is: '$49.75'

2018-09-28 18:53:50 - [MESSAGE][PASSED] - Keyword VerifyOrderReceivedDetails is Passed

2018-09-28 18:53:50 - [TEST_STEP][PASSED] - closeBrowser: Browser is closed

2018-09-28 18:53:50 - [MESSAGE][PASSED] - Browser is closed]]></system-out>
         <system-err><![CDATA[]]></system-err>
      </testcase>
      <testcase name="Test Cases/Shop/TC09_ScheduleSale_LimitStock_SimpleProduct" classname="Test Cases/Shop/TC09_ScheduleSale_LimitStock_SimpleProduct" status="FAILED">
         <failure type="FAILED" message="Unable to clear text of object 'Object Repository/Page_Shop/txt_quantity' (Root cause: com.kms.katalon.core.webui.exception.WebElementNotFoundException: Web element with id: 'Object Repository/Page_Shop/txt_quantity' located by 'By.xpath: //input[@name='quantity']' not found)"/>
         <system-out><![CDATA[2018-09-28 18:53:53 - [TEST_CASE][FAILED] - Test Cases/Shop/TC09_ScheduleSale_LimitStock_SimpleProduct: Test Cases/Shop/TC09_ScheduleSale_LimitStock_SimpleProduct FAILED because (of) Unable to clear text of object 'Object Repository/Page_Shop/txt_quantity' (Root cause: com.kms.katalon.core.webui.exception.WebElementNotFoundException: Web element with id: 'Object Repository/Page_Shop/txt_quantity' located by 'By.xpath: //input[@name='quantity']' not found)

2018-09-28 18:53:53 - [TEST_STEP][PASSED] - Statement - productName = SCHEDULE_SIMPLE_PRODUCT: null

2018-09-28 18:53:53 - [TEST_STEP][PASSED] - Statement - regularPrice = SCHEDULE_REGULAR_PRICE: null

2018-09-28 18:53:53 - [TEST_STEP][PASSED] - Statement - salePrice = SCHEDULE_SALE_PRICE: null

2018-09-28 18:53:53 - [TEST_STEP][PASSED] - Statement - quantity = 6: null

2018-09-28 18:53:53 - [TEST_STEP][PASSED] - Statement - subtotalRegular = CustomKeywords.beautytap.ShopAction.calculateTotal(quantity, regularPrice): beautytap.ShopAction.calculateTotal is PASSED

2018-09-28 18:53:53 - [MESSAGE][PASSED] - beautytap.ShopAction.calculateTotal is PASSED

2018-09-28 18:53:53 - [TEST_STEP][PASSED] - Statement - subtotalSale = CustomKeywords.beautytap.ShopAction.calculateTotal(1, salePrice): beautytap.ShopAction.calculateTotal is PASSED

2018-09-28 18:53:53 - [MESSAGE][PASSED] - beautytap.ShopAction.calculateTotal is PASSED

2018-09-28 18:53:53 - [TEST_STEP][PASSED] - Statement - shippingType = "free": null

2018-09-28 18:53:53 - [TEST_STEP][PASSED] - Statement - shippingLabel = FREE_SHIPPING_LABEL: null

2018-09-28 18:53:53 - [TEST_STEP][PASSED] - Statement - shippingTypeSale = "normal": null

2018-09-28 18:53:53 - [TEST_STEP][PASSED] - Statement - shippingLabelSale = SHIPPING_LABEL: null

2018-09-28 18:53:53 - [TEST_STEP][PASSED] - Statement - shippingPriceSale = SHIPPING_PRICE: null

2018-09-28 18:53:53 - [TEST_STEP][PASSED] - Statement - totalSale = java.lang.Float.parseFloat(java.lang.String.format("%.2f", subtotalSale + shippingPriceSale)): null

2018-09-28 18:53:53 - [TEST_STEP][PASSED] - Statement - schedulTimeout = 300: null

2018-09-28 18:53:53 - [TEST_STEP][PASSED] - Statement - limitStockSchedule = "yes": null

2018-09-28 18:53:53 - [TEST_STEP][PASSED] - Statement - variation = new org.json.JSONArray(): null

2018-09-28 18:53:53 - [TEST_STEP][PASSED] - Statement - scheduleDelay = 3: null

2018-09-28 18:53:53 - [TEST_STEP][PASSED] - Statement - scheduleDuration = 3: null

2018-09-28 18:53:53 - [TEST_STEP][PASSED] - Statement - paymentMethod = "Amazon Pay": null

2018-09-28 18:53:53 - [TEST_STEP][PASSED] - beautytap.GeneralAction.openBeautytap: beautytap.GeneralAction.openBeautytap is PASSED

2018-09-28 18:54:02 - [MESSAGE][PASSED] - Browser is opened with url: 'https://stage.beautytap.com/wp-admin'

2018-09-28 18:54:03 - [MESSAGE][PASSED] - Current window maximized

2018-09-28 18:54:05 - [MESSAGE][PASSED] - Refresh successfully

2018-09-28 18:54:05 - [MESSAGE][PASSED] - Wait for page load successfully

2018-09-28 18:54:05 - [MESSAGE][PASSED] - beautytap.GeneralAction.openBeautytap is PASSED

2018-09-28 18:54:05 - [TEST_STEP][PASSED] - beautytap.GeneralAction.login: beautytap.GeneralAction.login is PASSED

2018-09-28 18:54:05 - [MESSAGE][PASSED] - Text of object 'Object Repository/Page_login/txt_username' is cleared

2018-09-28 18:54:05 - [MESSAGE][PASSED] - Keys 'mrwhite' sent to object: 'Object Repository/Page_login/txt_username'

2018-09-28 18:54:06 - [MESSAGE][PASSED] - Text of object 'Object Repository/Page_login/txt_password' is cleared

2018-09-28 18:54:06 - [MESSAGE][PASSED] - Keys 'kgySM$Im' sent to object: 'Object Repository/Page_login/txt_password'

2018-09-28 18:54:12 - [MESSAGE][PASSED] - Object: 'Object Repository/Page_login/btn_login' is clicked on

2018-09-28 18:54:12 - [MESSAGE][PASSED] - Wait for page load successfully

2018-09-28 18:54:12 - [MESSAGE][PASSED] - beautytap.GeneralAction.login is PASSED

2018-09-28 18:54:12 - [TEST_STEP][PASSED] - beautytap.AdminAction.selectAdminMenu: beautytap.AdminAction.selectAdminMenu is PASSED

2018-09-28 18:54:19 - [MESSAGE][PASSED] - Object: '' is clicked on

2018-09-28 18:54:19 - [MESSAGE][PASSED] - Wait for page load successfully

2018-09-28 18:54:19 - [MESSAGE][PASSED] - beautytap.AdminAction.selectAdminMenu is PASSED

2018-09-28 18:54:19 - [TEST_STEP][PASSED] - Statement - datetime = CustomKeywords.beautytap.ShopAction.generateScheduleDateTime(TIMEZONE, scheduleDelay, scheduleDuration): beautytap.ShopAction.generateScheduleDateTime is PASSED

2018-09-28 18:54:19 - [MESSAGE][PASSED] - beautytap.ShopAction.generateScheduleDateTime is PASSED

2018-09-28 18:54:19 - [TEST_STEP][PASSED] - Statement - startDate = datetime.get("startdate"): null

2018-09-28 18:54:19 - [TEST_STEP][PASSED] - Statement - endDate = datetime.get("enddate"): null

2018-09-28 18:54:19 - [TEST_STEP][PASSED] - beautytap.AdminAction.scheduleSaleProduct: beautytap.AdminAction.scheduleSaleProduct is PASSED

2018-09-28 18:54:19 - [MESSAGE][PASSED] - Text of object 'Object Repository/Page_Admin/txt_searchProduct' is cleared

2018-09-28 18:54:20 - [MESSAGE][PASSED] - Keys 'PURITO Defence Barrier pH Cleanser 150ml' sent to object: 'Object Repository/Page_Admin/txt_searchProduct'

2018-09-28 18:54:23 - [MESSAGE][PASSED] - Object: 'Object Repository/Page_Admin/btn_searchProduct' is clicked on

2018-09-28 18:54:31 - [MESSAGE][PASSED] - Object: '' is clicked on

2018-09-28 18:54:41 - [MESSAGE][PASSED] - Delayed 10 second(s)

2018-09-28 18:54:46 - [MESSAGE][WARNING] - com.kms.katalon.core.webui.exception.WebElementNotFoundException: Web element with id: 'Object Repository/Page_Admin/link_schedule' located by 'By.xpath: //a[@class='sale_schedule' and text()='Schedule' and not(@style='display: none;')]' not found
[[ATTACHMENT|E:\\BeautytapAutomation\\beautytapAuto\\Beautytap\\Reports\\Regression\\20180928_183104\\1538135686602.png]]

2018-09-28 18:54:46 - [MESSAGE][PASSED] - Text of object 'Object Repository/Page_Admin/txt_salePrice' is cleared

2018-09-28 18:54:47 - [MESSAGE][PASSED] - Keys '10.8' sent to object: 'Object Repository/Page_Admin/txt_salePrice'

2018-09-28 18:54:47 - [MESSAGE][PASSED] - Text of object 'Object Repository/Page_Admin/txt_salePriceDateFrom' is cleared

2018-09-28 18:54:47 - [MESSAGE][PASSED] - Keys '2018-09-28 11:57:19' sent to object: 'Object Repository/Page_Admin/txt_salePriceDateFrom'

2018-09-28 18:54:47 - [MESSAGE][PASSED] - Text of object 'Object Repository/Page_Admin/txt_salePriceDateTo' is cleared

2018-09-28 18:54:48 - [MESSAGE][PASSED] - Keys '2018-09-28 12:00:19' sent to object: 'Object Repository/Page_Admin/txt_salePriceDateTo'

2018-09-28 18:54:48 - [MESSAGE][PASSED] - Object 'Object Repository/Page_Admin/chk_soldIndividualScheduled' is checked

2018-09-28 18:54:48 - [MESSAGE][PASSED] - Object: 'Object Repository/Page_Admin/txt_productName' is focused

2018-09-28 18:54:58 - [MESSAGE][PASSED] - Delayed 10 second(s)

2018-09-28 18:54:58 - [MESSAGE][PASSED] - Object: 'Object Repository/Page_Admin/btn_updateProduct' is clicked on

2018-09-28 18:55:09 - [MESSAGE][PASSED] - Object 'Object Repository/Page_Admin/lbl_productUpdatedMessage' is present

2018-09-28 18:55:09 - [MESSAGE][PASSED] - Wait for page load successfully

2018-09-28 18:55:09 - [MESSAGE][PASSED] - beautytap.AdminAction.scheduleSaleProduct is PASSED

2018-09-28 18:55:09 - [TEST_STEP][PASSED] - closeBrowser: Browser is closed

2018-09-28 18:55:10 - [MESSAGE][PASSED] - Browser is closed

2018-09-28 18:55:10 - [TEST_STEP][PASSED] - beautytap.GeneralAction.openBeautytap: beautytap.GeneralAction.openBeautytap is PASSED

2018-09-28 18:55:23 - [MESSAGE][PASSED] - Browser is opened with url: 'https://stage.beautytap.com'

2018-09-28 18:55:24 - [MESSAGE][PASSED] - Current window maximized

2018-09-28 18:55:28 - [MESSAGE][PASSED] - Refresh successfully

2018-09-28 18:55:28 - [MESSAGE][PASSED] - Wait for page load successfully

2018-09-28 18:55:28 - [MESSAGE][PASSED] - beautytap.GeneralAction.openBeautytap is PASSED

2018-09-28 18:55:28 - [TEST_STEP][PASSED] - beautytap.ShopAction.globalSearch: beautytap.ShopAction.globalSearch is PASSED

2018-09-28 18:55:28 - [MESSAGE][PASSED] - Object: 'Object Repository/Page_General/icon_search' is clicked on

2018-09-28 18:55:33 - [MESSAGE][PASSED] - Delayed 5 second(s)

2018-09-28 18:55:33 - [MESSAGE][PASSED] - Text of object 'Object Repository/Page_General/txt_search' is cleared

2018-09-28 18:55:33 - [MESSAGE][PASSED] - Keys 'CONTROL + v' sent to object: 'Object Repository/Page_General/txt_search'

2018-09-28 18:55:35 - [MESSAGE][PASSED] - Object 'Object Repository/Page_General/div_searchResult' is present

2018-09-28 18:55:35 - [MESSAGE][PASSED] - beautytap.ShopAction.globalSearch is PASSED

2018-09-28 18:55:35 - [TEST_STEP][PASSED] - beautytap.ShopAction.VerifyProductOnSearchResult: Keyword VerifyProductOnSearchResult is Passed

2018-09-28 18:55:35 - [MESSAGE][PASSED] - Object '' is present

2018-09-28 18:55:35 - [MESSAGE][PASSED] - Text of object '' is: '$12.80'

2018-09-28 18:55:35 - [MESSAGE][PASSED] - Get CSS 'color' value on '' successfully: 'rgba(255, 35, 134, 1)'.

2018-09-28 18:55:35 - [MESSAGE][PASSED] - Get CSS 'color' value on '' successfully: 'rgba(255, 35, 134, 1)'.

2018-09-28 18:55:35 - [MESSAGE][PASSED] - Keyword VerifyProductOnSearchResult is Passed

2018-09-28 18:55:35 - [TEST_STEP][PASSED] - beautytap.ShopAction.selectProductOnSearchResult: beautytap.ShopAction.selectProductOnSearchResult is PASSED

2018-09-28 18:55:40 - [MESSAGE][PASSED] - Object: '' is clicked on

2018-09-28 18:55:40 - [MESSAGE][PASSED] - Wait for page load successfully

2018-09-28 18:55:40 - [MESSAGE][PASSED] - beautytap.ShopAction.selectProductOnSearchResult is PASSED

2018-09-28 18:55:40 - [TEST_STEP][PASSED] - beautytap.ShopAction.VerifyProductDetails: Keyword VerifyProductDetails is Passed

2018-09-28 18:55:40 - [MESSAGE][PASSED] - Text of object '' is: 'PURITO Defence Barrier pH Cleanser 150ml'

2018-09-28 18:55:40 - [MESSAGE][PASSED] - Text of object '' is: '$12.80'

2018-09-28 18:55:40 - [MESSAGE][PASSED] - Get CSS 'color' value on '' successfully: 'rgba(255, 35, 134, 1)'.

2018-09-28 18:55:40 - [MESSAGE][PASSED] - Keyword VerifyProductDetails is Passed

2018-09-28 18:55:40 - [TEST_STEP][PASSED] - beautytap.ShopAction.selectCategory: beautytap.ShopAction.selectCategory is PASSED

2018-09-28 18:55:46 - [MESSAGE][PASSED] - Object: '' is clicked on

2018-09-28 18:55:46 - [MESSAGE][PASSED] - Wait for page load successfully

2018-09-28 18:55:46 - [MESSAGE][PASSED] - beautytap.ShopAction.selectCategory is PASSED

2018-09-28 18:55:46 - [TEST_STEP][PASSED] - beautytap.ShopAction.findProductOnProductList: beautytap.ShopAction.findProductOnProductList is PASSED

2018-09-28 18:55:46 - [MESSAGE][PASSED] - Text of object '' is: '77'

2018-09-28 18:55:52 - [MESSAGE][WARNING] - com.kms.katalon.core.webui.exception.WebElementNotFoundException: Web element with id: '' located by 'By.xpath: //a[text()='PURITO Defence Barrier pH Cleanser 150ml']' not found
[[ATTACHMENT|E:\\BeautytapAutomation\\beautytapAuto\\Beautytap\\Reports\\Regression\\20180928_183104\\1538135752119.png]]

2018-09-28 18:56:00 - [MESSAGE][PASSED] - Object: '' is clicked on

2018-09-28 18:56:00 - [MESSAGE][PASSED] - Wait for page load successfully

2018-09-28 18:56:00 - [MESSAGE][PASSED] - Object '' is present

2018-09-28 18:56:00 - [MESSAGE][PASSED] - beautytap.ShopAction.findProductOnProductList is PASSED

2018-09-28 18:56:00 - [TEST_STEP][PASSED] - beautytap.ShopAction.VerifyProductOnProductList: Keyword VerifyProductOnProductList is Passed

2018-09-28 18:56:00 - [MESSAGE][PASSED] - Object '' is present

2018-09-28 18:56:00 - [MESSAGE][PASSED] - Text of object '' is: '$12.80'

2018-09-28 18:56:00 - [MESSAGE][PASSED] - Get CSS 'color' value on '' successfully: 'rgba(255, 35, 134, 1)'.

2018-09-28 18:56:00 - [MESSAGE][PASSED] - Get CSS 'color' value on '' successfully: 'rgba(255, 35, 134, 1)'.

2018-09-28 18:56:00 - [MESSAGE][PASSED] - Keyword VerifyProductOnProductList is Passed

2018-09-28 18:56:00 - [TEST_STEP][PASSED] - beautytap.ShopAction.selectProductOnProductList: beautytap.ShopAction.selectProductOnProductList is PASSED

2018-09-28 18:56:03 - [MESSAGE][PASSED] - Object: '' is clicked on

2018-09-28 18:56:03 - [MESSAGE][PASSED] - Wait for page load successfully

2018-09-28 18:56:03 - [MESSAGE][PASSED] - beautytap.ShopAction.selectProductOnProductList is PASSED

2018-09-28 18:56:03 - [TEST_STEP][PASSED] - beautytap.ShopAction.addProductToCart: beautytap.ShopAction.addProductToCart is PASSED

2018-09-28 18:56:04 - [MESSAGE][PASSED] - Text of object 'Object Repository/Page_Shop/txt_quantity' is cleared

2018-09-28 18:56:04 - [MESSAGE][PASSED] - Keys '6' sent to object: 'Object Repository/Page_Shop/txt_quantity'

2018-09-28 18:56:04 - [MESSAGE][PASSED] - Object: 'Object Repository/Page_Shop/btn_addToCart' is clicked on

2018-09-28 18:56:04 - [MESSAGE][PASSED] - Wait for page load successfully

2018-09-28 18:56:08 - [MESSAGE][PASSED] - Object 'Object Repository/Page_Shop/lbl_message' is present

2018-09-28 18:56:08 - [MESSAGE][PASSED] - beautytap.ShopAction.addProductToCart is PASSED

2018-09-28 18:56:08 - [TEST_STEP][PASSED] - beautytap.ShopAction.goToCart: beautytap.ShopAction.goToCart is PASSED

2018-09-28 18:56:08 - [MESSAGE][PASSED] - Object 'Object Repository/Page_General/icon_cart' is present

2018-09-28 18:56:13 - [MESSAGE][PASSED] - Object: 'Object Repository/Page_General/icon_cart' is clicked on

2018-09-28 18:56:13 - [MESSAGE][PASSED] - Wait for page load successfully

2018-09-28 18:56:13 - [MESSAGE][PASSED] - beautytap.ShopAction.goToCart is PASSED

2018-09-28 18:56:13 - [TEST_STEP][PASSED] - beautytap.ShopAction.VerifyProductInCart: Keyword VerifyProductInCart is Passed

2018-09-28 18:56:13 - [MESSAGE][PASSED] - Object '' is present

2018-09-28 18:56:13 - [MESSAGE][PASSED] - Object '' is present

2018-09-28 18:56:13 - [MESSAGE][PASSED] - Text of object '' is: '$12.80'

2018-09-28 18:56:13 - [MESSAGE][PASSED] - Attribute 'value' of object '' is: '6'

2018-09-28 18:56:13 - [MESSAGE][PASSED] - Text of object '' is: '$76.80'

2018-09-28 18:56:13 - [MESSAGE][PASSED] - Keyword VerifyProductInCart is Passed

2018-09-28 18:56:13 - [TEST_STEP][PASSED] - beautytap.ShopAction.loginAmazonPay: beautytap.ShopAction.loginAmazonPay is PASSED

2018-09-28 18:56:13 - [MESSAGE][PASSED] - Object: 'Object Repository/Page_Cart/btn_payWithAmazon' is clicked on

2018-09-28 18:56:13 - [MESSAGE][PASSED] - Switched to window with index: '1'

2018-09-28 18:56:15 - [MESSAGE][PASSED] - Object 'Object Repository/Popup_Amazon/txt_email' is present

2018-09-28 18:56:15 - [MESSAGE][PASSED] - Text of object 'Object Repository/Popup_Amazon/txt_email' is cleared

2018-09-28 18:56:16 - [MESSAGE][PASSED] - Keys 'amazontest1503@yopmail.com' sent to object: 'Object Repository/Popup_Amazon/txt_email'

2018-09-28 18:56:16 - [MESSAGE][PASSED] - Text of object 'Object Repository/Popup_Amazon/txt_password' is cleared

2018-09-28 18:56:16 - [MESSAGE][PASSED] - Keys '123456' sent to object: 'Object Repository/Popup_Amazon/txt_password'

2018-09-28 18:56:19 - [MESSAGE][PASSED] - Object: 'Object Repository/Popup_Amazon/btn_signin' is clicked on

2018-09-28 18:56:19 - [MESSAGE][PASSED] - Switched to window with index: '0'

2018-09-28 18:56:49 - [MESSAGE][PASSED] - Delayed 30 second(s)

2018-09-28 18:56:49 - [MESSAGE][PASSED] - beautytap.ShopAction.loginAmazonPay is PASSED

2018-09-28 18:56:49 - [TEST_STEP][PASSED] - Statement - productArray = "[{"productname":"" + productName + "","variation":"","quantity":"" + quantity + "","price":"" + regularPrice + ""}]": null

2018-09-28 18:56:49 - [TEST_STEP][PASSED] - Statement - products = new org.json.JSONArray(productArray): null

2018-09-28 18:56:49 - [TEST_STEP][PASSED] - beautytap.ShopAction.VerifyOrderDetailsOnCheckout: Keyword VerifyOrderDetailsOnCheckout is Passed

2018-09-28 18:56:49 - [MESSAGE][PASSED] - Object '' is present

2018-09-28 18:56:49 - [MESSAGE][PASSED] - Text of object '' is: '$76.80'

2018-09-28 18:56:49 - [MESSAGE][PASSED] - Text of object '' is: 'Free shipping for orders over $60
Why does shipping take this long?'

2018-09-28 18:56:49 - [MESSAGE][PASSED] - Text of object '' is: '$76.80'

2018-09-28 18:56:49 - [MESSAGE][PASSED] - Keyword VerifyOrderDetailsOnCheckout is Passed

2018-09-28 18:56:49 - [TEST_STEP][PASSED] - beautytap.ShopAction.checkoutViaAmazonPay: beautytap.ShopAction.checkoutViaAmazonPay is PASSED

2018-09-28 18:56:49 - [MESSAGE][PASSED] - Object 'Object Repository/Page_Checkout/chk_terms' is clickable

2018-09-28 18:56:49 - [MESSAGE][PASSED] - Object 'Object Repository/Page_Checkout/chk_terms' is checked

2018-09-28 18:56:49 - [MESSAGE][PASSED] - Object: 'Object Repository/Page_Checkout/btn_placeOrder' is clicked on

2018-09-28 18:57:01 - [MESSAGE][PASSED] - Object 'Object Repository/Page_Checkout/lbl_orderReceived' is present

2018-09-28 18:57:01 - [MESSAGE][PASSED] - beautytap.ShopAction.checkoutViaAmazonPay is PASSED

2018-09-28 18:57:01 - [TEST_STEP][PASSED] - beautytap.ShopAction.VerifyOrderReceivedDetails: Keyword VerifyOrderReceivedDetails is Passed

2018-09-28 18:57:01 - [MESSAGE][PASSED] - Object '' is present

2018-09-28 18:57:01 - [MESSAGE][PASSED] - Text of object '' is: '$76.80'

2018-09-28 18:57:02 - [MESSAGE][PASSED] - Text of object '' is: 'Free shipping for orders over $60'

2018-09-28 18:57:07 - [MESSAGE][WARNING] - com.kms.katalon.core.webui.exception.WebElementNotFoundException: Web element with id: '' located by 'By.xpath: //th[text()='Shipping:']/parent::tr/td/span' not found
[[ATTACHMENT|E:\\BeautytapAutomation\\beautytapAuto\\Beautytap\\Reports\\Regression\\20180928_183104\\1538135827171.png]]

2018-09-28 18:57:07 - [MESSAGE][PASSED] - Text of object '' is: 'Amazon Pay'

2018-09-28 18:57:07 - [MESSAGE][PASSED] - Text of object '' is: '$76.80'

2018-09-28 18:57:07 - [MESSAGE][PASSED] - Keyword VerifyOrderReceivedDetails is Passed

2018-09-28 18:57:07 - [TEST_STEP][PASSED] - beautytap.ShopAction.waitForSchedule: beautytap.ShopAction.waitForSchedule is PASSED

2018-09-28 18:57:37 - [MESSAGE][PASSED] - Delayed 30 second(s)

2018-09-28 18:57:37 - [MESSAGE][PASSED] - beautytap.ShopAction.waitForSchedule is PASSED

2018-09-28 18:57:37 - [TEST_STEP][PASSED] - beautytap.ShopAction.globalSearch: beautytap.ShopAction.globalSearch is PASSED

2018-09-28 18:57:37 - [MESSAGE][PASSED] - Object: 'Object Repository/Page_General/icon_search' is clicked on

2018-09-28 18:57:42 - [MESSAGE][PASSED] - Delayed 5 second(s)

2018-09-28 18:57:42 - [MESSAGE][PASSED] - Text of object 'Object Repository/Page_General/txt_search' is cleared

2018-09-28 18:57:42 - [MESSAGE][PASSED] - Keys 'CONTROL + v' sent to object: 'Object Repository/Page_General/txt_search'

2018-09-28 18:57:44 - [MESSAGE][PASSED] - Object 'Object Repository/Page_General/div_searchResult' is present

2018-09-28 18:57:44 - [MESSAGE][PASSED] - beautytap.ShopAction.globalSearch is PASSED

2018-09-28 18:57:44 - [TEST_STEP][PASSED] - beautytap.ShopAction.VerifyProductOnSearchResult: Keyword VerifyProductOnSearchResult is Passed

2018-09-28 18:57:44 - [MESSAGE][PASSED] - Object '' is present

2018-09-28 18:57:44 - [MESSAGE][PASSED] - Text of object '' is: '$12.80'

2018-09-28 18:57:44 - [MESSAGE][PASSED] - Get CSS 'color' value on '' successfully: 'rgba(195, 195, 195, 1)'.

2018-09-28 18:57:44 - [MESSAGE][PASSED] - Get CSS 'color' value on '' successfully: 'rgba(195, 195, 195, 1)'.

2018-09-28 18:57:44 - [MESSAGE][PASSED] - Text of object '' is: '$10.80'

2018-09-28 18:57:44 - [MESSAGE][PASSED] - Get CSS 'color' value on '' successfully: 'rgba(255, 35, 134, 1)'.

2018-09-28 18:57:44 - [MESSAGE][PASSED] - Get CSS 'color' value on '' successfully: 'rgba(255, 35, 134, 1)'.

2018-09-28 18:57:44 - [MESSAGE][PASSED] - Keyword VerifyProductOnSearchResult is Passed

2018-09-28 18:57:44 - [TEST_STEP][PASSED] - beautytap.ShopAction.selectProductOnSearchResult: beautytap.ShopAction.selectProductOnSearchResult is PASSED

2018-09-28 18:57:48 - [MESSAGE][PASSED] - Object: '' is clicked on

2018-09-28 18:57:49 - [MESSAGE][PASSED] - Wait for page load successfully

2018-09-28 18:57:49 - [MESSAGE][PASSED] - beautytap.ShopAction.selectProductOnSearchResult is PASSED

2018-09-28 18:57:49 - [TEST_STEP][PASSED] - beautytap.ShopAction.VerifyProductDetails: Keyword VerifyProductDetails is Passed

2018-09-28 18:57:49 - [MESSAGE][PASSED] - Text of object '' is: 'PURITO Defence Barrier pH Cleanser 150ml'

2018-09-28 18:57:49 - [MESSAGE][PASSED] - Text of object '' is: '$12.80'

2018-09-28 18:57:49 - [MESSAGE][PASSED] - Get CSS 'color' value on '' successfully: 'rgba(195, 195, 195, 1)'.

2018-09-28 18:57:49 - [MESSAGE][PASSED] - Text of object '' is: '$10.80'

2018-09-28 18:57:49 - [MESSAGE][PASSED] - Get CSS 'color' value on '' successfully: 'rgba(255, 35, 134, 1)'.

2018-09-28 18:57:49 - [MESSAGE][PASSED] - Keyword VerifyProductDetails is Passed

2018-09-28 18:57:49 - [TEST_STEP][PASSED] - beautytap.ShopAction.selectCategory: beautytap.ShopAction.selectCategory is PASSED

2018-09-28 18:57:54 - [MESSAGE][PASSED] - Object: '' is clicked on

2018-09-28 18:57:54 - [MESSAGE][PASSED] - Wait for page load successfully

2018-09-28 18:57:54 - [MESSAGE][PASSED] - beautytap.ShopAction.selectCategory is PASSED

2018-09-28 18:57:54 - [TEST_STEP][PASSED] - beautytap.ShopAction.findProductOnProductList: beautytap.ShopAction.findProductOnProductList is PASSED

2018-09-28 18:57:54 - [MESSAGE][PASSED] - Text of object '' is: '77'

2018-09-28 18:58:00 - [MESSAGE][WARNING] - com.kms.katalon.core.webui.exception.WebElementNotFoundException: Web element with id: '' located by 'By.xpath: //a[text()='PURITO Defence Barrier pH Cleanser 150ml']' not found
[[ATTACHMENT|E:\\BeautytapAutomation\\beautytapAuto\\Beautytap\\Reports\\Regression\\20180928_183104\\1538135880063.png]]

2018-09-28 18:58:08 - [MESSAGE][PASSED] - Object: '' is clicked on

2018-09-28 18:58:08 - [MESSAGE][PASSED] - Wait for page load successfully

2018-09-28 18:58:08 - [MESSAGE][PASSED] - Object '' is present

2018-09-28 18:58:08 - [MESSAGE][PASSED] - beautytap.ShopAction.findProductOnProductList is PASSED

2018-09-28 18:58:08 - [TEST_STEP][PASSED] - beautytap.ShopAction.VerifyProductOnProductList: Keyword VerifyProductOnProductList is Passed

2018-09-28 18:58:08 - [MESSAGE][PASSED] - Object '' is present

2018-09-28 18:58:08 - [MESSAGE][PASSED] - Text of object '' is: '$12.80'

2018-09-28 18:58:08 - [MESSAGE][PASSED] - Get CSS 'color' value on '' successfully: 'rgba(195, 195, 195, 1)'.

2018-09-28 18:58:08 - [MESSAGE][PASSED] - Get CSS 'color' value on '' successfully: 'rgba(195, 195, 195, 1)'.

2018-09-28 18:58:08 - [MESSAGE][PASSED] - Text of object '' is: '$10.80'

2018-09-28 18:58:08 - [MESSAGE][PASSED] - Get CSS 'color' value on '' successfully: 'rgba(255, 35, 134, 1)'.

2018-09-28 18:58:08 - [MESSAGE][PASSED] - Get CSS 'color' value on '' successfully: 'rgba(255, 35, 134, 1)'.

2018-09-28 18:58:08 - [MESSAGE][PASSED] - Keyword VerifyProductOnProductList is Passed

2018-09-28 18:58:08 - [TEST_STEP][PASSED] - verifyElementNotPresent: Web element with id: 'Object Repository/Page_Shop/txt_quantity' located by 'By.xpath: //input[@name='quantity']' is not present after '5' second(s)

2018-09-28 18:58:08 - [MESSAGE][PASSED] - Web element with id: 'Object Repository/Page_Shop/txt_quantity' located by 'By.xpath: //input[@name='quantity']' is not present after '5' second(s)

2018-09-28 18:58:08 - [TEST_STEP][PASSED] - beautytap.ShopAction.selectProductOnProductList: beautytap.ShopAction.selectProductOnProductList is PASSED

2018-09-28 18:58:12 - [MESSAGE][PASSED] - Object: '' is clicked on

2018-09-28 18:58:12 - [MESSAGE][PASSED] - Wait for page load successfully

2018-09-28 18:58:12 - [MESSAGE][PASSED] - beautytap.ShopAction.selectProductOnProductList is PASSED

2018-09-28 18:58:12 - [TEST_STEP][PASSED] - beautytap.ShopAction.addProductToCart: beautytap.ShopAction.addProductToCart is PASSED

2018-09-28 18:58:12 - [MESSAGE][PASSED] - Object: 'Object Repository/Page_Shop/btn_addToCart' is clicked on

2018-09-28 18:58:12 - [MESSAGE][PASSED] - Wait for page load successfully

2018-09-28 18:58:17 - [MESSAGE][PASSED] - Object 'Object Repository/Page_Shop/lbl_message' is present

2018-09-28 18:58:17 - [MESSAGE][PASSED] - beautytap.ShopAction.addProductToCart is PASSED

2018-09-28 18:58:17 - [TEST_STEP][PASSED] - beautytap.ShopAction.goToCart: beautytap.ShopAction.goToCart is PASSED

2018-09-28 18:58:17 - [MESSAGE][PASSED] - Object 'Object Repository/Page_General/icon_cart' is present

2018-09-28 18:58:20 - [MESSAGE][PASSED] - Object: 'Object Repository/Page_General/icon_cart' is clicked on

2018-09-28 18:58:20 - [MESSAGE][PASSED] - Wait for page load successfully

2018-09-28 18:58:20 - [MESSAGE][PASSED] - beautytap.ShopAction.goToCart is PASSED

2018-09-28 18:58:20 - [TEST_STEP][PASSED] - beautytap.ShopAction.VerifyProductInCart: Keyword VerifyProductInCart is Passed

2018-09-28 18:58:26 - [MESSAGE][WARNING] - com.kms.katalon.core.webui.exception.WebElementNotFoundException: Web element with id: '' located by 'By.xpath: //a[text()='PURITO Defence Barrier pH Cleanser 150ml']/ancestor::tr/td[5]/div/input' not found
[[ATTACHMENT|E:\\BeautytapAutomation\\beautytapAuto\\Beautytap\\Reports\\Regression\\20180928_183104\\1538135905950.png]]

2018-09-28 18:58:26 - [MESSAGE][PASSED] - Object '' is present

2018-09-28 18:58:26 - [MESSAGE][PASSED] - Text of object '' is: '$10.80'

2018-09-28 18:58:26 - [MESSAGE][PASSED] - Text of object '' is: '1'

2018-09-28 18:58:26 - [MESSAGE][PASSED] - Text of object '' is: '$10.80'

2018-09-28 18:58:26 - [MESSAGE][PASSED] - Keyword VerifyProductInCart is Passed

2018-09-28 18:58:26 - [TEST_STEP][PASSED] - beautytap.ShopAction.processToCheckout: beautytap.ShopAction.processToCheckout is PASSED

2018-09-28 18:58:30 - [MESSAGE][PASSED] - Object: 'Object Repository/Page_Cart/btn_checkout' is clicked on

2018-09-28 18:58:30 - [MESSAGE][PASSED] - Wait for page load successfully

2018-09-28 18:58:30 - [MESSAGE][PASSED] - beautytap.ShopAction.processToCheckout is PASSED

2018-09-28 18:58:30 - [TEST_STEP][PASSED] - beautytap.ShopAction.loginAmazonPay: beautytap.ShopAction.loginAmazonPay is PASSED

2018-09-28 18:58:30 - [MESSAGE][PASSED] - Object: 'Object Repository/Page_Checkout/btn_amazonPay' is clicked on

2018-09-28 18:58:30 - [MESSAGE][PASSED] - Switched to window with index: '1'

2018-09-28 18:58:32 - [MESSAGE][PASSED] - Object 'Object Repository/Popup_Amazon/txt_email' is present

2018-09-28 18:58:32 - [MESSAGE][PASSED] - Text of object 'Object Repository/Popup_Amazon/txt_email' is cleared

2018-09-28 18:58:32 - [MESSAGE][PASSED] - Keys 'amazontest1503@yopmail.com' sent to object: 'Object Repository/Popup_Amazon/txt_email'

2018-09-28 18:58:32 - [MESSAGE][PASSED] - Text of object 'Object Repository/Popup_Amazon/txt_password' is cleared

2018-09-28 18:58:32 - [MESSAGE][PASSED] - Keys '123456' sent to object: 'Object Repository/Popup_Amazon/txt_password'

2018-09-28 18:58:35 - [MESSAGE][PASSED] - Object: 'Object Repository/Popup_Amazon/btn_signin' is clicked on

2018-09-28 18:58:35 - [MESSAGE][PASSED] - Switched to window with index: '0'

2018-09-28 18:59:05 - [MESSAGE][PASSED] - Delayed 30 second(s)

2018-09-28 18:59:05 - [MESSAGE][PASSED] - beautytap.ShopAction.loginAmazonPay is PASSED

2018-09-28 18:59:05 - [TEST_STEP][PASSED] - Statement - productArraySale = "[{"productname":"" + productName + "","variation":"","quantity":"1","price":"" + salePrice + ""}]": null

2018-09-28 18:59:05 - [TEST_STEP][PASSED] - Statement - productSale = new org.json.JSONArray(productArraySale): null

2018-09-28 18:59:05 - [TEST_STEP][PASSED] - beautytap.ShopAction.VerifyOrderDetailsOnCheckout: Keyword VerifyOrderDetailsOnCheckout is Passed

2018-09-28 18:59:05 - [MESSAGE][PASSED] - Object '' is present

2018-09-28 18:59:05 - [MESSAGE][PASSED] - Text of object '' is: '$10.80'

2018-09-28 18:59:05 - [MESSAGE][PASSED] - Object '' has attribute 'checked'

2018-09-28 18:59:05 - [MESSAGE][PASSED] - Text of object '' is: '($12.50) Pantos (est. 14-25 working days including processing): $12.50'

2018-09-28 18:59:05 - [MESSAGE][PASSED] - Text of object '' is: '$12.50'

2018-09-28 18:59:05 - [MESSAGE][PASSED] - Text of object '' is: '$23.30'

2018-09-28 18:59:05 - [MESSAGE][PASSED] - Keyword VerifyOrderDetailsOnCheckout is Passed

2018-09-28 18:59:05 - [TEST_STEP][PASSED] - beautytap.ShopAction.checkoutViaAmazonPay: beautytap.ShopAction.checkoutViaAmazonPay is PASSED

2018-09-28 18:59:05 - [MESSAGE][PASSED] - Object 'Object Repository/Page_Checkout/chk_terms' is clickable

2018-09-28 18:59:05 - [MESSAGE][PASSED] - Object 'Object Repository/Page_Checkout/chk_terms' is checked

2018-09-28 18:59:05 - [MESSAGE][PASSED] - Object: 'Object Repository/Page_Checkout/btn_placeOrder' is clicked on

2018-09-28 18:59:16 - [MESSAGE][PASSED] - Object 'Object Repository/Page_Checkout/lbl_orderReceived' is present

2018-09-28 18:59:16 - [MESSAGE][PASSED] - beautytap.ShopAction.checkoutViaAmazonPay is PASSED

2018-09-28 18:59:16 - [TEST_STEP][PASSED] - beautytap.ShopAction.VerifyOrderReceivedDetails: Keyword VerifyOrderReceivedDetails is Passed

2018-09-28 18:59:16 - [MESSAGE][PASSED] - Object '' is present

2018-09-28 18:59:16 - [MESSAGE][PASSED] - Text of object '' is: '$10.80'

2018-09-28 18:59:16 - [MESSAGE][PASSED] - Text of object '' is: '$12.50 via ($12.50) Pantos (est. 14-25 working days including processing)'

2018-09-28 18:59:16 - [MESSAGE][PASSED] - Object '' is present

2018-09-28 18:59:16 - [MESSAGE][PASSED] - Text of object '' is: '$12.50'

2018-09-28 18:59:16 - [MESSAGE][PASSED] - Text of object '' is: 'Amazon Pay'

2018-09-28 18:59:16 - [MESSAGE][PASSED] - Text of object '' is: '$23.30'

2018-09-28 18:59:16 - [MESSAGE][PASSED] - Keyword VerifyOrderReceivedDetails is Passed

2018-09-28 18:59:16 - [TEST_STEP][PASSED] - beautytap.ShopAction.waitForSchedule: beautytap.ShopAction.waitForSchedule is PASSED

2018-09-28 18:59:46 - [MESSAGE][PASSED] - Delayed 30 second(s)

2018-09-28 19:00:16 - [MESSAGE][PASSED] - Delayed 30 second(s)

2018-09-28 19:00:46 - [MESSAGE][PASSED] - Delayed 30 second(s)

2018-09-28 19:00:46 - [MESSAGE][PASSED] - beautytap.ShopAction.waitForSchedule is PASSED

2018-09-28 19:00:46 - [TEST_STEP][PASSED] - beautytap.GeneralAction.openBeautytap: beautytap.GeneralAction.openBeautytap is PASSED

2018-09-28 19:00:46 - [MESSAGE][WARNING] - A browser is already opened. Closing browser and opening a new one

2018-09-28 19:00:57 - [MESSAGE][PASSED] - Browser is opened with url: 'https://stage.beautytap.com'

2018-09-28 19:00:58 - [MESSAGE][PASSED] - Current window maximized

2018-09-28 19:01:01 - [MESSAGE][PASSED] - Refresh successfully

2018-09-28 19:01:01 - [MESSAGE][PASSED] - Wait for page load successfully

2018-09-28 19:01:01 - [MESSAGE][PASSED] - beautytap.GeneralAction.openBeautytap is PASSED

2018-09-28 19:01:01 - [TEST_STEP][PASSED] - beautytap.ShopAction.globalSearch: beautytap.ShopAction.globalSearch is PASSED

2018-09-28 19:01:01 - [MESSAGE][PASSED] - Object: 'Object Repository/Page_General/icon_search' is clicked on

2018-09-28 19:01:06 - [MESSAGE][PASSED] - Delayed 5 second(s)

2018-09-28 19:01:07 - [MESSAGE][PASSED] - Text of object 'Object Repository/Page_General/txt_search' is cleared

2018-09-28 19:01:07 - [MESSAGE][PASSED] - Keys 'CONTROL + v' sent to object: 'Object Repository/Page_General/txt_search'

2018-09-28 19:01:09 - [MESSAGE][PASSED] - Object 'Object Repository/Page_General/div_searchResult' is present

2018-09-28 19:01:09 - [MESSAGE][PASSED] - beautytap.ShopAction.globalSearch is PASSED

2018-09-28 19:01:09 - [TEST_STEP][PASSED] - beautytap.ShopAction.VerifyProductOnSearchResult: Keyword VerifyProductOnSearchResult is Passed

2018-09-28 19:01:09 - [MESSAGE][PASSED] - Object '' is present

2018-09-28 19:01:09 - [MESSAGE][PASSED] - Text of object '' is: '$12.80'

2018-09-28 19:01:09 - [MESSAGE][PASSED] - Get CSS 'color' value on '' successfully: 'rgba(255, 35, 134, 1)'.

2018-09-28 19:01:09 - [MESSAGE][PASSED] - Get CSS 'color' value on '' successfully: 'rgba(255, 35, 134, 1)'.

2018-09-28 19:01:09 - [MESSAGE][PASSED] - Keyword VerifyProductOnSearchResult is Passed

2018-09-28 19:01:09 - [TEST_STEP][PASSED] - beautytap.ShopAction.selectProductOnSearchResult: beautytap.ShopAction.selectProductOnSearchResult is PASSED

2018-09-28 19:01:14 - [MESSAGE][PASSED] - Object: '' is clicked on

2018-09-28 19:01:14 - [MESSAGE][PASSED] - Wait for page load successfully

2018-09-28 19:01:14 - [MESSAGE][PASSED] - beautytap.ShopAction.selectProductOnSearchResult is PASSED

2018-09-28 19:01:14 - [TEST_STEP][PASSED] - beautytap.ShopAction.VerifyProductDetails: Keyword VerifyProductDetails is Passed

2018-09-28 19:01:14 - [MESSAGE][PASSED] - Text of object '' is: 'PURITO Defence Barrier pH Cleanser 150ml'

2018-09-28 19:01:14 - [MESSAGE][PASSED] - Text of object '' is: '$12.80'

2018-09-28 19:01:14 - [MESSAGE][PASSED] - Get CSS 'color' value on '' successfully: 'rgba(255, 35, 134, 1)'.

2018-09-28 19:01:14 - [MESSAGE][PASSED] - Keyword VerifyProductDetails is Passed

2018-09-28 19:01:14 - [TEST_STEP][PASSED] - beautytap.ShopAction.selectCategory: beautytap.ShopAction.selectCategory is PASSED

2018-09-28 19:01:21 - [MESSAGE][PASSED] - Object: '' is clicked on

2018-09-28 19:01:21 - [MESSAGE][PASSED] - Wait for page load successfully

2018-09-28 19:01:21 - [MESSAGE][PASSED] - beautytap.ShopAction.selectCategory is PASSED

2018-09-28 19:01:21 - [TEST_STEP][PASSED] - beautytap.ShopAction.findProductOnProductList: beautytap.ShopAction.findProductOnProductList is PASSED

2018-09-28 19:01:21 - [MESSAGE][PASSED] - Text of object '' is: '77'

2018-09-28 19:01:27 - [MESSAGE][WARNING] - com.kms.katalon.core.webui.exception.WebElementNotFoundException: Web element with id: '' located by 'By.xpath: //a[text()='PURITO Defence Barrier pH Cleanser 150ml']' not found
[[ATTACHMENT|E:\\BeautytapAutomation\\beautytapAuto\\Beautytap\\Reports\\Regression\\20180928_183104\\1538136087452.png]]

2018-09-28 19:01:32 - [MESSAGE][PASSED] - Object: '' is clicked on

2018-09-28 19:01:32 - [MESSAGE][PASSED] - Wait for page load successfully

2018-09-28 19:01:32 - [MESSAGE][PASSED] - Object '' is present

2018-09-28 19:01:32 - [MESSAGE][PASSED] - beautytap.ShopAction.findProductOnProductList is PASSED

2018-09-28 19:01:32 - [TEST_STEP][PASSED] - beautytap.ShopAction.VerifyProductOnProductList: Keyword VerifyProductOnProductList is Passed

2018-09-28 19:01:32 - [MESSAGE][PASSED] - Object '' is present

2018-09-28 19:01:32 - [MESSAGE][PASSED] - Text of object '' is: '$12.80'

2018-09-28 19:01:32 - [MESSAGE][PASSED] - Get CSS 'color' value on '' successfully: 'rgba(255, 35, 134, 1)'.

2018-09-28 19:01:32 - [MESSAGE][PASSED] - Get CSS 'color' value on '' successfully: 'rgba(255, 35, 134, 1)'.

2018-09-28 19:01:32 - [MESSAGE][PASSED] - Keyword VerifyProductOnProductList is Passed

2018-09-28 19:01:32 - [TEST_STEP][PASSED] - beautytap.ShopAction.selectProductOnProductList: beautytap.ShopAction.selectProductOnProductList is PASSED

2018-09-28 19:01:33 - [MESSAGE][PASSED] - Object: '' is clicked on

2018-09-28 19:01:33 - [MESSAGE][PASSED] - Wait for page load successfully

2018-09-28 19:01:33 - [MESSAGE][PASSED] - beautytap.ShopAction.selectProductOnProductList is PASSED

2018-09-28 19:01:33 - [TEST_STEP][FAILED] - beautytap.ShopAction.addProductToCart: Unable to clear text of object 'Object Repository/Page_Shop/txt_quantity' (Root cause: com.kms.katalon.core.webui.exception.WebElementNotFoundException: Web element with id: 'Object Repository/Page_Shop/txt_quantity' located by 'By.xpath: //input[@name='quantity']' not found)

2018-09-28 19:29:15 - [MESSAGE][FAILED] - Unable to clear text of object 'Object Repository/Page_Shop/txt_quantity' (Root cause: com.kms.katalon.core.webui.exception.WebElementNotFoundException: Web element with id: 'Object Repository/Page_Shop/txt_quantity' located by 'By.xpath: //input[@name='quantity']' not found)
[[ATTACHMENT|E:\\BeautytapAutomation\\beautytapAuto\\Beautytap\\Reports\\Regression\\20180928_183104\\1538137755153.png]]

2018-09-28 19:29:15 - [MESSAGE][FAILED] - Unable to clear text of object 'Object Repository/Page_Shop/txt_quantity' (Root cause: com.kms.katalon.core.webui.exception.WebElementNotFoundException: Web element with id: 'Object Repository/Page_Shop/txt_quantity' located by 'By.xpath: //input[@name='quantity']' not found)]]></system-out>
         <system-err><![CDATA[2018-09-28 18:53:53 - [TEST_CASE][FAILED] - Test Cases/Shop/TC09_ScheduleSale_LimitStock_SimpleProduct: Test Cases/Shop/TC09_ScheduleSale_LimitStock_SimpleProduct FAILED because (of) Unable to clear text of object 'Object Repository/Page_Shop/txt_quantity' (Root cause: com.kms.katalon.core.webui.exception.WebElementNotFoundException: Web element with id: 'Object Repository/Page_Shop/txt_quantity' located by 'By.xpath: //input[@name='quantity']' not found)]]></system-err>
      </testcase>
      <system-out><![CDATA[2018-09-28 18:31:06 - [TEST_SUITE][FAILED] - Regression: Test Cases/Shop/TC09_ScheduleSale_LimitStock_SimpleProduct FAILED because (of) Unable to clear text of object 'Object Repository/Page_Shop/txt_quantity' (Root cause: com.kms.katalon.core.webui.exception.WebElementNotFoundException: Web element with id: 'Object Repository/Page_Shop/txt_quantity' located by 'By.xpath: //input[@name='quantity']' not found)]]></system-out>
      <system-err><![CDATA[2018-09-28 18:31:06 - [TEST_SUITE][FAILED] - Regression: Test Cases/Shop/TC09_ScheduleSale_LimitStock_SimpleProduct FAILED because (of) Unable to clear text of object 'Object Repository/Page_Shop/txt_quantity' (Root cause: com.kms.katalon.core.webui.exception.WebElementNotFoundException: Web element with id: 'Object Repository/Page_Shop/txt_quantity' located by 'By.xpath: //input[@name='quantity']' not found)]]></system-err>
   </testsuite>
</testsuites>
