<?xml version="1.0" encoding="UTF-8"?>
<testsuites name="Demo" time="243" tests="1" failures="0" errors="0">
   <testsuite name="Demo" tests="1" failures="0" errors="0" time="243" timestamp="2018-10-01 18:14:36" hostname="Trang Nguyen - DESKTOP-G1UHP65" id="Test Suites/Demo">
      <properties>
         <property name="deviceName" value=""/>
         <property name="devicePlatform" value=""/>
         <property name="logFolder" value="E:\\BeautytapAutomation\\beautytapAuto\\Beautytap\\Reports\\Demo\\20181001_181434"/>
         <property name="logFiles" value="E:\\BeautytapAutomation\\beautytapAuto\\Beautytap\\Reports\\Demo\\20181001_181434\\execution0.log"/>
         <property name="attachments" value="E:\\BeautytapAutomation\\beautytapAuto\\Beautytap\\Reports\\Demo\\20181001_181434\\1538392547242.png, E:\\BeautytapAutomation\\beautytapAuto\\Beautytap\\Reports\\Demo\\20181001_181434\\1538392655086.png"/>
         <property name="hostName" value="Trang Nguyen - DESKTOP-G1UHP65"/>
         <property name="os" value="Windows 10 64bit"/>
         <property name="katalonVersion" value="5.5.0.1"/>
         <property name="browser" value="Chrome 69.0.3497.100"/>
         <property name="hostAddress" value="10.0.0.146"/>
         <property name="sessionId" value="3ac90b131d69c9ade8b8f6c5b853d54d"/>
         <property name="seleniumVersion" value="3.7.1"/>
         <property name="proxyInformation" value="ProxyInformation{proxyOption=NO_PROXY, proxyServerType=HTTP, password=, proxyServerAddress=, proxyServerPort=0}"/>
         <property name="platform" value="Windows 10"/>
      </properties>
      <testcase name="Test Cases/SignUp_Login_ResetPass/TC01_SignUp_Login_ResetPassword_Via_Email" classname="Test Cases/SignUp_Login_ResetPass/TC01_SignUp_Login_ResetPassword_Via_Email" status="PASSED">
         <system-out><![CDATA[2018-10-01 18:14:37 - [TEST_CASE][PASSED] - Test Cases/SignUp_Login_ResetPass/TC01_SignUp_Login_ResetPassword_Via_Email: Test Cases/SignUp_Login_ResetPass/TC01_SignUp_Login_ResetPassword_Via_Email

2018-10-01 18:14:38 - [TEST_STEP][PASSED] - Statement - r_string = new java.lang.Math().random().toString().substring(2, 8): null

2018-10-01 18:14:38 - [TEST_STEP][PASSED] - Statement - username = "auto" + r_string: null

2018-10-01 18:14:38 - [TEST_STEP][PASSED] - Statement - email = username + "@mailinator.com": null

2018-10-01 18:14:38 - [TEST_STEP][PASSED] - Statement - password = "123456": null

2018-10-01 18:14:38 - [TEST_STEP][PASSED] - Statement - newpassword = "test123": null

2018-10-01 18:14:38 - [TEST_STEP][PASSED] - Statement - name = "Auto User " + r_string: null

2018-10-01 18:14:38 - [TEST_STEP][PASSED] - Statement - birthday = "01/01/1990": null

2018-10-01 18:14:38 - [TEST_STEP][PASSED] - Statement - activation_subject = SITE_TITLE + " Activate your account": null

2018-10-01 18:14:38 - [TEST_STEP][PASSED] - Statement - resetpass_subject = SITE_TITLE + " Password Reset": null

2018-10-01 18:14:38 - [TEST_STEP][PASSED] - beautytap.GeneralAction.openBeautytap: beautytap.GeneralAction.openBeautytap is PASSED

2018-10-01 18:14:48 - [MESSAGE][PASSED] - Browser is opened with url: 'https://stage.beautytap.com'

2018-10-01 18:14:48 - [MESSAGE][PASSED] - Current window maximized

2018-10-01 18:14:50 - [MESSAGE][PASSED] - Refresh successfully

2018-10-01 18:14:51 - [MESSAGE][PASSED] - Wait for page load successfully

2018-10-01 18:14:51 - [MESSAGE][PASSED] - beautytap.GeneralAction.openBeautytap is PASSED

2018-10-01 18:14:51 - [TEST_STEP][PASSED] - beautytap.GeneralAction.clickNavigationMenu: beautytap.GeneralAction.clickNavigationMenu is PASSED

2018-10-01 18:14:53 - [MESSAGE][PASSED] - Object: 'Object Repository/Page_General/link_signup' is clicked on

2018-10-01 18:14:53 - [MESSAGE][PASSED] - Wait for page load successfully

2018-10-01 18:14:53 - [MESSAGE][PASSED] - beautytap.GeneralAction.clickNavigationMenu is PASSED

2018-10-01 18:14:53 - [TEST_STEP][PASSED] - beautytap.GeneralAction.signup: beautytap.GeneralAction.signup is PASSED

2018-10-01 18:14:54 - [MESSAGE][PASSED] - Keys 'auto388865' sent to object: 'Object Repository/Page_Signup/txt_username'

2018-10-01 18:14:54 - [MESSAGE][PASSED] - Keys 'auto388865@mailinator.com' sent to object: 'Object Repository/Page_Signup/txt_email'

2018-10-01 18:14:55 - [MESSAGE][PASSED] - Keys '123456' sent to object: 'Object Repository/Page_Signup/txt_password'

2018-10-01 18:14:55 - [MESSAGE][PASSED] - Keys 'Auto User 388865' sent to object: 'Object Repository/Page_Signup/txt_name'

2018-10-01 18:14:56 - [MESSAGE][PASSED] - Keys '01/01/1990' sent to object: 'Object Repository/Page_Signup/txt_birthday'

2018-10-01 18:14:56 - [MESSAGE][PASSED] - Object: 'Object Repository/Page_Signup/btn_signup' is clicked on

2018-10-01 18:14:56 - [MESSAGE][PASSED] - Wait for page load successfully

2018-10-01 18:14:56 - [MESSAGE][PASSED] - beautytap.GeneralAction.signup is PASSED

2018-10-01 18:14:56 - [TEST_STEP][PASSED] - verifyElementPresent: Object 'Object Repository/Page_Signup/lbl_sucessMessage' is present

2018-10-01 18:15:02 - [MESSAGE][PASSED] - Object 'Object Repository/Page_Signup/lbl_sucessMessage' is present

2018-10-01 18:15:02 - [TEST_STEP][PASSED] - beautytap.GeneralAction.openMailBox: beautytap.GeneralAction.openMailBox is PASSED

2018-10-01 18:15:03 - [MESSAGE][PASSED] - Navigate to 'https://www.mailinator.com' successfully

2018-10-01 18:15:03 - [MESSAGE][PASSED] - Wait for page load successfully

2018-10-01 18:15:04 - [MESSAGE][PASSED] - Keys 'auto388865' sent to object: 'Object Repository/Page_mailinator/txt_email'

2018-10-01 18:15:10 - [MESSAGE][PASSED] - Object: 'Object Repository/Page_mailinator/btn_go' is clicked on

2018-10-01 18:15:11 - [MESSAGE][PASSED] - Wait for page load successfully

2018-10-01 18:15:16 - [MESSAGE][PASSED] - Delayed 5 second(s)

2018-10-01 18:15:16 - [MESSAGE][PASSED] - beautytap.GeneralAction.openMailBox is PASSED

2018-10-01 18:15:16 - [TEST_STEP][PASSED] - beautytap.GeneralAction.verifyEmailExist: beautytap.GeneralAction.verifyEmailExist is PASSED

2018-10-01 18:15:47 - [MESSAGE][WARNING] - com.kms.katalon.core.webui.exception.WebElementNotFoundException: Web element with id: '' located by 'By.xpath: //div[starts-with(@class,'all_message-min_text') and text()='[Korean Beauty Products: Shop Korean Skin Care, Makeup + Cosmetics] Activate your account']' not found
[[ATTACHMENT|E:\\BeautytapAutomation\\beautytapAuto\\Beautytap\\Reports\\Demo\\20181001_181434\\1538392547242.png]]

2018-10-01 18:15:47 - [MESSAGE][PASSED] - beautytap.GeneralAction.verifyEmailExist is PASSED

2018-10-01 18:15:47 - [TEST_STEP][PASSED] - beautytap.GeneralAction.openEmail: beautytap.GeneralAction.openEmail is PASSED

2018-10-01 18:15:47 - [MESSAGE][PASSED] - Object: '' is clicked on

2018-10-01 18:15:47 - [MESSAGE][PASSED] - beautytap.GeneralAction.openEmail is PASSED

2018-10-01 18:15:47 - [TEST_STEP][PASSED] - beautytap.GeneralAction.clickEmailLink: beautytap.GeneralAction.clickEmailLink is PASSED

2018-10-01 18:15:48 - [MESSAGE][PASSED] - Text of object '' is: 'https://stage.beautytap.com/activate/NYoam6MdVwRl8qtgxoPIaxRF4p5Xkgwm/'

2018-10-01 18:16:02 - [MESSAGE][PASSED] - Navigate to 'https://stage.beautytap.com/activate/NYoam6MdVwRl8qtgxoPIaxRF4p5Xkgwm/' successfully

2018-10-01 18:16:02 - [MESSAGE][PASSED] - beautytap.GeneralAction.clickEmailLink is PASSED

2018-10-01 18:16:02 - [TEST_STEP][PASSED] - waitForPageLoad: Wait for page load successfully

2018-10-01 18:16:02 - [MESSAGE][PASSED] - Wait for page load successfully

2018-10-01 18:16:02 - [TEST_STEP][PASSED] - verifyElementPresent: Object 'Object Repository/Page_General/lbl_activeSuccessMessage' is present

2018-10-01 18:16:02 - [MESSAGE][PASSED] - Object 'Object Repository/Page_General/lbl_activeSuccessMessage' is present

2018-10-01 18:16:02 - [TEST_STEP][PASSED] - beautytap.GeneralAction.clickNavigationMenu: beautytap.GeneralAction.clickNavigationMenu is PASSED

2018-10-01 18:16:04 - [MESSAGE][PASSED] - Object: 'Object Repository/Page_General/link_login' is clicked on

2018-10-01 18:16:05 - [MESSAGE][PASSED] - Wait for page load successfully

2018-10-01 18:16:05 - [MESSAGE][PASSED] - beautytap.GeneralAction.clickNavigationMenu is PASSED

2018-10-01 18:16:05 - [TEST_STEP][PASSED] - beautytap.GeneralAction.login: beautytap.GeneralAction.login is PASSED

2018-10-01 18:16:05 - [MESSAGE][PASSED] - Text of object 'Object Repository/Page_login/txt_username' is cleared

2018-10-01 18:16:05 - [MESSAGE][PASSED] - Keys 'auto388865' sent to object: 'Object Repository/Page_login/txt_username'

2018-10-01 18:16:05 - [MESSAGE][PASSED] - Text of object 'Object Repository/Page_login/txt_password' is cleared

2018-10-01 18:16:05 - [MESSAGE][PASSED] - Keys '123456' sent to object: 'Object Repository/Page_login/txt_password'

2018-10-01 18:16:06 - [MESSAGE][PASSED] - Object: 'Object Repository/Page_login/btn_login' is clicked on

2018-10-01 18:16:06 - [MESSAGE][PASSED] - Wait for page load successfully

2018-10-01 18:16:06 - [MESSAGE][PASSED] - beautytap.GeneralAction.login is PASSED

2018-10-01 18:16:06 - [TEST_STEP][PASSED] - verifyElementPresent: Object 'Object Repository/Page_General/link_avatar' is present

2018-10-01 18:16:16 - [MESSAGE][PASSED] - Object 'Object Repository/Page_General/link_avatar' is present

2018-10-01 18:16:16 - [TEST_STEP][PASSED] - beautytap.GeneralAction.logout: beautytap.GeneralAction.logout is PASSED

2018-10-01 18:16:16 - [MESSAGE][PASSED] - Object: 'Object Repository/Page_General/link_avatar' is clicked on

2018-10-01 18:16:16 - [MESSAGE][PASSED] - Object 'Object Repository/Page_General/menu_logout' is present

2018-10-01 18:16:17 - [MESSAGE][PASSED] - Object: 'Object Repository/Page_General/menu_logout' is clicked on

2018-10-01 18:16:17 - [MESSAGE][PASSED] - Wait for page load successfully

2018-10-01 18:16:17 - [MESSAGE][PASSED] - beautytap.GeneralAction.logout is PASSED

2018-10-01 18:16:17 - [TEST_STEP][PASSED] - beautytap.GeneralAction.clickNavigationMenu: beautytap.GeneralAction.clickNavigationMenu is PASSED

2018-10-01 18:16:25 - [MESSAGE][PASSED] - Object: 'Object Repository/Page_General/link_login' is clicked on

2018-10-01 18:16:25 - [MESSAGE][PASSED] - Wait for page load successfully

2018-10-01 18:16:25 - [MESSAGE][PASSED] - beautytap.GeneralAction.clickNavigationMenu is PASSED

2018-10-01 18:16:25 - [TEST_STEP][PASSED] - beautytap.GeneralAction.login: beautytap.GeneralAction.login is PASSED

2018-10-01 18:16:25 - [MESSAGE][PASSED] - Text of object 'Object Repository/Page_login/txt_username' is cleared

2018-10-01 18:16:25 - [MESSAGE][PASSED] - Keys 'auto388865@mailinator.com' sent to object: 'Object Repository/Page_login/txt_username'

2018-10-01 18:16:25 - [MESSAGE][PASSED] - Text of object 'Object Repository/Page_login/txt_password' is cleared

2018-10-01 18:16:26 - [MESSAGE][PASSED] - Keys '123456' sent to object: 'Object Repository/Page_login/txt_password'

2018-10-01 18:16:26 - [MESSAGE][PASSED] - Object: 'Object Repository/Page_login/btn_login' is clicked on

2018-10-01 18:16:26 - [MESSAGE][PASSED] - Wait for page load successfully

2018-10-01 18:16:26 - [MESSAGE][PASSED] - beautytap.GeneralAction.login is PASSED

2018-10-01 18:16:26 - [TEST_STEP][PASSED] - verifyElementPresent: Object 'Object Repository/Page_General/link_avatar' is present

2018-10-01 18:16:35 - [MESSAGE][PASSED] - Object 'Object Repository/Page_General/link_avatar' is present

2018-10-01 18:16:35 - [TEST_STEP][PASSED] - beautytap.GeneralAction.logout: beautytap.GeneralAction.logout is PASSED

2018-10-01 18:16:35 - [MESSAGE][PASSED] - Object: 'Object Repository/Page_General/link_avatar' is clicked on

2018-10-01 18:16:35 - [MESSAGE][PASSED] - Object 'Object Repository/Page_General/menu_logout' is present

2018-10-01 18:16:36 - [MESSAGE][PASSED] - Object: 'Object Repository/Page_General/menu_logout' is clicked on

2018-10-01 18:16:36 - [MESSAGE][PASSED] - Wait for page load successfully

2018-10-01 18:16:36 - [MESSAGE][PASSED] - beautytap.GeneralAction.logout is PASSED

2018-10-01 18:16:36 - [TEST_STEP][PASSED] - beautytap.GeneralAction.clickNavigationMenu: beautytap.GeneralAction.clickNavigationMenu is PASSED

2018-10-01 18:16:43 - [MESSAGE][PASSED] - Object: 'Object Repository/Page_General/link_login' is clicked on

2018-10-01 18:16:43 - [MESSAGE][PASSED] - Wait for page load successfully

2018-10-01 18:16:43 - [MESSAGE][PASSED] - beautytap.GeneralAction.clickNavigationMenu is PASSED

2018-10-01 18:16:43 - [TEST_STEP][PASSED] - click: Object: 'Object Repository/Page_Login/link_forgotPassword' is clicked on

2018-10-01 18:16:47 - [MESSAGE][PASSED] - Object: 'Object Repository/Page_Login/link_forgotPassword' is clicked on

2018-10-01 18:16:47 - [TEST_STEP][PASSED] - sendKeys: Keys 'auto388865' sent to object: 'Object Repository/Page_ForgotPassword/txt_usernameOrEmail'

2018-10-01 18:16:47 - [MESSAGE][PASSED] - Keys 'auto388865' sent to object: 'Object Repository/Page_ForgotPassword/txt_usernameOrEmail'

2018-10-01 18:16:47 - [TEST_STEP][PASSED] - click: Object: 'Object Repository/Page_ForgotPassword/btn_forgotPassword' is clicked on

2018-10-01 18:16:47 - [MESSAGE][PASSED] - Object: 'Object Repository/Page_ForgotPassword/btn_forgotPassword' is clicked on

2018-10-01 18:16:47 - [TEST_STEP][PASSED] - verifyElementPresent: Object 'Object Repository/Page_ForgotPassword/lbl_sucessMessage' is present

2018-10-01 18:16:51 - [MESSAGE][PASSED] - Object 'Object Repository/Page_ForgotPassword/lbl_sucessMessage' is present

2018-10-01 18:16:51 - [TEST_STEP][PASSED] - beautytap.GeneralAction.openMailBox: beautytap.GeneralAction.openMailBox is PASSED

2018-10-01 18:16:52 - [MESSAGE][PASSED] - Navigate to 'https://www.mailinator.com' successfully

2018-10-01 18:16:52 - [MESSAGE][PASSED] - Wait for page load successfully

2018-10-01 18:16:52 - [MESSAGE][PASSED] - Keys 'auto388865' sent to object: 'Object Repository/Page_mailinator/txt_email'

2018-10-01 18:16:59 - [MESSAGE][PASSED] - Object: 'Object Repository/Page_mailinator/btn_go' is clicked on

2018-10-01 18:16:59 - [MESSAGE][PASSED] - Wait for page load successfully

2018-10-01 18:17:04 - [MESSAGE][PASSED] - Delayed 5 second(s)

2018-10-01 18:17:04 - [MESSAGE][PASSED] - beautytap.GeneralAction.openMailBox is PASSED

2018-10-01 18:17:04 - [TEST_STEP][PASSED] - beautytap.GeneralAction.verifyEmailExist: beautytap.GeneralAction.verifyEmailExist is PASSED

2018-10-01 18:17:35 - [MESSAGE][WARNING] - com.kms.katalon.core.webui.exception.WebElementNotFoundException: Web element with id: '' located by 'By.xpath: //div[starts-with(@class,'all_message-min_text') and text()='[Korean Beauty Products: Shop Korean Skin Care, Makeup + Cosmetics] Password Reset']' not found
[[ATTACHMENT|E:\\BeautytapAutomation\\beautytapAuto\\Beautytap\\Reports\\Demo\\20181001_181434\\1538392655086.png]]

2018-10-01 18:17:35 - [MESSAGE][PASSED] - beautytap.GeneralAction.verifyEmailExist is PASSED

2018-10-01 18:17:35 - [TEST_STEP][PASSED] - beautytap.GeneralAction.openEmail: beautytap.GeneralAction.openEmail is PASSED

2018-10-01 18:17:35 - [MESSAGE][PASSED] - Object: '' is clicked on

2018-10-01 18:17:35 - [MESSAGE][PASSED] - beautytap.GeneralAction.openEmail is PASSED

2018-10-01 18:17:35 - [TEST_STEP][PASSED] - beautytap.GeneralAction.clickEmailLink: beautytap.GeneralAction.clickEmailLink is PASSED

2018-10-01 18:17:36 - [MESSAGE][PASSED] - Text of object '' is: 'https://stage.beautytap.com/wp-login.php?action=rp&key=sxYulFW6MIRbuYRWXyaY&login=auto388865'

2018-10-01 18:17:40 - [MESSAGE][PASSED] - Navigate to 'https://stage.beautytap.com/wp-login.php?action=rp&key=sxYulFW6MIRbuYRWXyaY&login=auto388865' successfully

2018-10-01 18:17:40 - [MESSAGE][PASSED] - beautytap.GeneralAction.clickEmailLink is PASSED

2018-10-01 18:17:40 - [TEST_STEP][PASSED] - delay: Delayed 20 second(s)

2018-10-01 18:18:00 - [MESSAGE][PASSED] - Delayed 20 second(s)

2018-10-01 18:18:00 - [TEST_STEP][PASSED] - clearText: Text of object 'Object Repository/Page_ForgotPassword/txt_newPassword' is cleared

2018-10-01 18:18:00 - [MESSAGE][PASSED] - Text of object 'Object Repository/Page_ForgotPassword/txt_newPassword' is cleared

2018-10-01 18:18:00 - [TEST_STEP][PASSED] - sendKeys: Keys 'test123' sent to object: 'Object Repository/Page_ForgotPassword/txt_newPassword'

2018-10-01 18:18:00 - [MESSAGE][PASSED] - Keys 'test123' sent to object: 'Object Repository/Page_ForgotPassword/txt_newPassword'

2018-10-01 18:18:00 - [TEST_STEP][PASSED] - click: Object: 'Object Repository/Page_ForgotPassword/btn_resetPassword' is clicked on

2018-10-01 18:18:05 - [MESSAGE][PASSED] - Object: 'Object Repository/Page_ForgotPassword/btn_resetPassword' is clicked on

2018-10-01 18:18:05 - [TEST_STEP][PASSED] - verifyElementPresent: Object 'Object Repository/Page_ForgotPassword/lbl_resetPasswordMessage' is present

2018-10-01 18:18:05 - [MESSAGE][PASSED] - Object 'Object Repository/Page_ForgotPassword/lbl_resetPasswordMessage' is present

2018-10-01 18:18:05 - [TEST_STEP][PASSED] - beautytap.GeneralAction.clickNavigationMenu: beautytap.GeneralAction.clickNavigationMenu is PASSED

2018-10-01 18:18:08 - [MESSAGE][PASSED] - Object: 'Object Repository/Page_General/link_login' is clicked on

2018-10-01 18:18:08 - [MESSAGE][PASSED] - Wait for page load successfully

2018-10-01 18:18:08 - [MESSAGE][PASSED] - beautytap.GeneralAction.clickNavigationMenu is PASSED

2018-10-01 18:18:08 - [TEST_STEP][PASSED] - beautytap.GeneralAction.login: beautytap.GeneralAction.login is PASSED

2018-10-01 18:18:08 - [MESSAGE][PASSED] - Text of object 'Object Repository/Page_login/txt_username' is cleared

2018-10-01 18:18:09 - [MESSAGE][PASSED] - Keys 'auto388865' sent to object: 'Object Repository/Page_login/txt_username'

2018-10-01 18:18:09 - [MESSAGE][PASSED] - Text of object 'Object Repository/Page_login/txt_password' is cleared

2018-10-01 18:18:09 - [MESSAGE][PASSED] - Keys '123456' sent to object: 'Object Repository/Page_login/txt_password'

2018-10-01 18:18:09 - [MESSAGE][PASSED] - Object: 'Object Repository/Page_login/btn_login' is clicked on

2018-10-01 18:18:09 - [MESSAGE][PASSED] - Wait for page load successfully

2018-10-01 18:18:09 - [MESSAGE][PASSED] - beautytap.GeneralAction.login is PASSED

2018-10-01 18:18:09 - [TEST_STEP][PASSED] - verifyElementText: Actual text and expected text of test object 'Object Repository/Page_Login/lbl_errorMessage' are matched.

2018-10-01 18:18:10 - [MESSAGE][PASSED] - Actual text and expected text of test object 'Object Repository/Page_Login/lbl_errorMessage' are matched.

2018-10-01 18:18:10 - [TEST_STEP][PASSED] - beautytap.GeneralAction.login: beautytap.GeneralAction.login is PASSED

2018-10-01 18:18:10 - [MESSAGE][PASSED] - Text of object 'Object Repository/Page_login/txt_username' is cleared

2018-10-01 18:18:10 - [MESSAGE][PASSED] - Keys 'auto388865' sent to object: 'Object Repository/Page_login/txt_username'

2018-10-01 18:18:10 - [MESSAGE][PASSED] - Text of object 'Object Repository/Page_login/txt_password' is cleared

2018-10-01 18:18:10 - [MESSAGE][PASSED] - Keys 'test123' sent to object: 'Object Repository/Page_login/txt_password'

2018-10-01 18:18:10 - [MESSAGE][PASSED] - Object: 'Object Repository/Page_login/btn_login' is clicked on

2018-10-01 18:18:10 - [MESSAGE][PASSED] - Wait for page load successfully

2018-10-01 18:18:10 - [MESSAGE][PASSED] - beautytap.GeneralAction.login is PASSED

2018-10-01 18:18:10 - [TEST_STEP][PASSED] - verifyElementPresent: Object 'Object Repository/Page_General/link_avatar' is present

2018-10-01 18:18:19 - [MESSAGE][PASSED] - Object 'Object Repository/Page_General/link_avatar' is present

2018-10-01 18:18:19 - [TEST_STEP][PASSED] - beautytap.GeneralAction.logout: beautytap.GeneralAction.logout is PASSED

2018-10-01 18:18:19 - [MESSAGE][PASSED] - Object: 'Object Repository/Page_General/link_avatar' is clicked on

2018-10-01 18:18:20 - [MESSAGE][PASSED] - Object 'Object Repository/Page_General/menu_logout' is present

2018-10-01 18:18:20 - [MESSAGE][PASSED] - Object: 'Object Repository/Page_General/menu_logout' is clicked on

2018-10-01 18:18:20 - [MESSAGE][PASSED] - Wait for page load successfully

2018-10-01 18:18:20 - [MESSAGE][PASSED] - beautytap.GeneralAction.logout is PASSED

2018-10-01 18:18:20 - [TEST_STEP][PASSED] - beautytap.GeneralAction.clickNavigationMenu: beautytap.GeneralAction.clickNavigationMenu is PASSED

2018-10-01 18:18:27 - [MESSAGE][PASSED] - Object: 'Object Repository/Page_General/link_login' is clicked on

2018-10-01 18:18:27 - [MESSAGE][PASSED] - Wait for page load successfully

2018-10-01 18:18:27 - [MESSAGE][PASSED] - beautytap.GeneralAction.clickNavigationMenu is PASSED

2018-10-01 18:18:27 - [TEST_STEP][PASSED] - beautytap.GeneralAction.login: beautytap.GeneralAction.login is PASSED

2018-10-01 18:18:27 - [MESSAGE][PASSED] - Text of object 'Object Repository/Page_login/txt_username' is cleared

2018-10-01 18:18:28 - [MESSAGE][PASSED] - Keys 'auto388865@mailinator.com' sent to object: 'Object Repository/Page_login/txt_username'

2018-10-01 18:18:28 - [MESSAGE][PASSED] - Text of object 'Object Repository/Page_login/txt_password' is cleared

2018-10-01 18:18:28 - [MESSAGE][PASSED] - Keys 'test123' sent to object: 'Object Repository/Page_login/txt_password'

2018-10-01 18:18:28 - [MESSAGE][PASSED] - Object: 'Object Repository/Page_login/btn_login' is clicked on

2018-10-01 18:18:28 - [MESSAGE][PASSED] - Wait for page load successfully

2018-10-01 18:18:28 - [MESSAGE][PASSED] - beautytap.GeneralAction.login is PASSED

2018-10-01 18:18:28 - [TEST_STEP][PASSED] - verifyElementPresent: Object 'Object Repository/Page_General/link_avatar' is present

2018-10-01 18:18:37 - [MESSAGE][PASSED] - Object 'Object Repository/Page_General/link_avatar' is present

2018-10-01 18:18:37 - [TEST_STEP][PASSED] - beautytap.GeneralAction.logout: beautytap.GeneralAction.logout is PASSED

2018-10-01 18:18:37 - [MESSAGE][PASSED] - Object: 'Object Repository/Page_General/link_avatar' is clicked on

2018-10-01 18:18:37 - [MESSAGE][PASSED] - Object 'Object Repository/Page_General/menu_logout' is present

2018-10-01 18:18:37 - [MESSAGE][PASSED] - Object: 'Object Repository/Page_General/menu_logout' is clicked on

2018-10-01 18:18:37 - [MESSAGE][PASSED] - Wait for page load successfully

2018-10-01 18:18:38 - [MESSAGE][PASSED] - Browser is closed

2018-10-01 18:18:38 - [MESSAGE][PASSED] - beautytap.GeneralAction.logout is PASSED]]></system-out>
         <system-err><![CDATA[]]></system-err>
      </testcase>
      <system-out><![CDATA[2018-10-01 18:14:36 - [TEST_SUITE][INCOMPLETE] - Demo: null]]></system-out>
      <system-err><![CDATA[2018-10-01 18:14:36 - [TEST_SUITE][INCOMPLETE] - Demo: null]]></system-err>
   </testsuite>
</testsuites>
